THREADS: 1
COUNT PER THREAD: 1000000
SLOOPY VALUE: 1
TIME: 0.090447
SUM: 1000000
THREADS: 1
COUNT PER THREAD: 1000000
SLOOPY VALUE: 2
TIME: 0.036762
SUM: 1000000
THREADS: 1
COUNT PER THREAD: 1000000
SLOOPY VALUE: 4
TIME: 0.059055
SUM: 1000000
THREADS: 1
COUNT PER THREAD: 1000000
SLOOPY VALUE: 8
TIME: 0.047547
SUM: 1000000
THREADS: 1
COUNT PER THREAD: 1000000
SLOOPY VALUE: 16
TIME: 0.029563
SUM: 1000000
THREADS: 1
COUNT PER THREAD: 1000000
SLOOPY VALUE: 32
TIME: 0.028097
SUM: 1000000
THREADS: 1
COUNT PER THREAD: 1000000
SLOOPY VALUE: 64
TIME: 0.045595
SUM: 1000000
THREADS: 1
COUNT PER THREAD: 1000000
SLOOPY VALUE: 128
TIME: 0.025598
SUM: 999936
THREADS: 1
COUNT PER THREAD: 1000000
SLOOPY VALUE: 256
TIME: 0.026192
SUM: 999936
THREADS: 1
COUNT PER THREAD: 1000000
SLOOPY VALUE: 512
TIME: 0.035389
SUM: 999936
THREADS: 1
COUNT PER THREAD: 1000000
SLOOPY VALUE: 1024
TIME: 0.041593
SUM: 999424
THREADS: 1
COUNT PER THREAD: 1000000
SLOOPY VALUE: 2048
TIME: 0.027865
SUM: 999424
THREADS: 1
COUNT PER THREAD: 1000000
SLOOPY VALUE: 4096
TIME: 0.025775
SUM: 999424
THREADS: 1
COUNT PER THREAD: 1000000
SLOOPY VALUE: 8192
TIME: 0.025975
SUM: 999424
THREADS: 2
COUNT PER THREAD: 1000000
SLOOPY VALUE: 1
TIME: 0.114494
SUM: 2000000
THREADS: 2
COUNT PER THREAD: 1000000
SLOOPY VALUE: 2
TIME: 0.070554
SUM: 2000000
THREADS: 2
COUNT PER THREAD: 1000000
SLOOPY VALUE: 4
TIME: 0.072582
SUM: 2000000
THREADS: 2
COUNT PER THREAD: 1000000
SLOOPY VALUE: 8
TIME: 0.059567
SUM: 2000000
THREADS: 2
COUNT PER THREAD: 1000000
SLOOPY VALUE: 16
TIME: 0.078319
SUM: 2000000
THREADS: 2
COUNT PER THREAD: 1000000
SLOOPY VALUE: 32
TIME: 0.054022
SUM: 2000000
THREADS: 2
COUNT PER THREAD: 1000000
SLOOPY VALUE: 64
TIME: 0.072124
SUM: 2000000
THREADS: 2
COUNT PER THREAD: 1000000
SLOOPY VALUE: 128
TIME: 0.051276
SUM: 2000000
THREADS: 2
COUNT PER THREAD: 1000000
SLOOPY VALUE: 256
TIME: 0.064647
SUM: 1999872
THREADS: 2
COUNT PER THREAD: 1000000
SLOOPY VALUE: 512
TIME: 0.048399
SUM: 1999872
THREADS: 2
COUNT PER THREAD: 1000000
SLOOPY VALUE: 1024
TIME: 0.071088
SUM: 1999872
THREADS: 2
COUNT PER THREAD: 1000000
SLOOPY VALUE: 2048
TIME: 0.053207
SUM: 1998848
THREADS: 2
COUNT PER THREAD: 1000000
SLOOPY VALUE: 4096
TIME: 0.056160
SUM: 1998848
THREADS: 2
COUNT PER THREAD: 1000000
SLOOPY VALUE: 8192
TIME: 0.052391
SUM: 1998848
THREADS: 3
COUNT PER THREAD: 1000000
SLOOPY VALUE: 1
TIME: 0.158236
SUM: 3000000
THREADS: 3
COUNT PER THREAD: 1000000
SLOOPY VALUE: 2
TIME: 0.126656
SUM: 3000000
THREADS: 3
COUNT PER THREAD: 1000000
SLOOPY VALUE: 4
TIME: 0.114875
SUM: 3000000
THREADS: 3
COUNT PER THREAD: 1000000
SLOOPY VALUE: 8
TIME: 0.191071
SUM: 3000000
THREADS: 3
COUNT PER THREAD: 1000000
SLOOPY VALUE: 16
TIME: 0.078618
SUM: 3000000
THREADS: 3
COUNT PER THREAD: 1000000
SLOOPY VALUE: 32
TIME: 0.103662
SUM: 3000000
THREADS: 3
COUNT PER THREAD: 1000000
SLOOPY VALUE: 64
TIME: 0.084685
SUM: 3000000
THREADS: 3
COUNT PER THREAD: 1000000
SLOOPY VALUE: 128
TIME: 0.100787
SUM: 2999936
THREADS: 3
COUNT PER THREAD: 1000000
SLOOPY VALUE: 256
TIME: 0.083940
SUM: 2999808
THREADS: 3
COUNT PER THREAD: 1000000
SLOOPY VALUE: 512
TIME: 0.101733
SUM: 2999808
THREADS: 3
COUNT PER THREAD: 1000000
SLOOPY VALUE: 1024
TIME: 0.077391
SUM: 2999296
THREADS: 3
COUNT PER THREAD: 1000000
SLOOPY VALUE: 2048
TIME: 0.087156
SUM: 2998272
THREADS: 3
COUNT PER THREAD: 1000000
SLOOPY VALUE: 4096
TIME: 0.069380
SUM: 2998272
THREADS: 3
COUNT PER THREAD: 1000000
SLOOPY VALUE: 8192
TIME: 0.094008
SUM: 2998272
THREADS: 4
COUNT PER THREAD: 1000000
SLOOPY VALUE: 1
TIME: 0.201814
SUM: 4000000
THREADS: 4
COUNT PER THREAD: 1000000
SLOOPY VALUE: 2
TIME: 0.169432
SUM: 4000000
THREADS: 4
COUNT PER THREAD: 1000000
SLOOPY VALUE: 4
TIME: 0.144158
SUM: 4000000
THREADS: 4
COUNT PER THREAD: 1000000
SLOOPY VALUE: 8
TIME: 0.139653
SUM: 4000000
THREADS: 4
COUNT PER THREAD: 1000000
SLOOPY VALUE: 16
TIME: 0.112819
SUM: 4000000
THREADS: 4
COUNT PER THREAD: 1000000
SLOOPY VALUE: 32
TIME: 0.127357
SUM: 4000000
THREADS: 4
COUNT PER THREAD: 1000000
SLOOPY VALUE: 64
TIME: 0.113704
SUM: 4000000
THREADS: 4
COUNT PER THREAD: 1000000
SLOOPY VALUE: 128
TIME: 0.155214
SUM: 4000000
THREADS: 4
COUNT PER THREAD: 1000000
SLOOPY VALUE: 256
TIME: 0.116850
SUM: 4000000
THREADS: 4
COUNT PER THREAD: 1000000
SLOOPY VALUE: 512
TIME: 0.139174
SUM: 3999744
THREADS: 4
COUNT PER THREAD: 1000000
SLOOPY VALUE: 1024
TIME: 0.125880
SUM: 3999744
THREADS: 4
COUNT PER THREAD: 1000000
SLOOPY VALUE: 2048
TIME: 0.127855
SUM: 3999744
THREADS: 4
COUNT PER THREAD: 1000000
SLOOPY VALUE: 4096
TIME: 0.136851
SUM: 3997696
THREADS: 4
COUNT PER THREAD: 1000000
SLOOPY VALUE: 8192
TIME: 0.184779
SUM: 3997696
THREADS: 5
COUNT PER THREAD: 1000000
SLOOPY VALUE: 1
TIME: 0.284082
SUM: 5000000
THREADS: 5
COUNT PER THREAD: 1000000
SLOOPY VALUE: 2
TIME: 0.220925
SUM: 5000000
THREADS: 5
COUNT PER THREAD: 1000000
SLOOPY VALUE: 4
TIME: 0.173670
SUM: 5000000
THREADS: 5
COUNT PER THREAD: 1000000
SLOOPY VALUE: 8
TIME: 0.163198
SUM: 5000000
THREADS: 5
COUNT PER THREAD: 1000000
SLOOPY VALUE: 16
TIME: 0.159508
SUM: 5000000
THREADS: 5
COUNT PER THREAD: 1000000
SLOOPY VALUE: 32
TIME: 0.140048
SUM: 5000000
THREADS: 5
COUNT PER THREAD: 1000000
SLOOPY VALUE: 64
TIME: 0.148787
SUM: 5000000
THREADS: 5
COUNT PER THREAD: 1000000
SLOOPY VALUE: 128
TIME: 0.164062
SUM: 4999936
THREADS: 5
COUNT PER THREAD: 1000000
SLOOPY VALUE: 256
TIME: 0.152846
SUM: 4999936
THREADS: 5
COUNT PER THREAD: 1000000
SLOOPY VALUE: 512
TIME: 0.151627
SUM: 4999680
THREADS: 5
COUNT PER THREAD: 1000000
SLOOPY VALUE: 1024
TIME: 0.147228
SUM: 4999168
THREADS: 5
COUNT PER THREAD: 1000000
SLOOPY VALUE: 2048
TIME: 0.181777
SUM: 4999168
THREADS: 5
COUNT PER THREAD: 1000000
SLOOPY VALUE: 4096
TIME: 0.149412
SUM: 4997120
THREADS: 5
COUNT PER THREAD: 1000000
SLOOPY VALUE: 8192
TIME: 0.146571
SUM: 4997120
THREADS: 6
COUNT PER THREAD: 1000000
SLOOPY VALUE: 1
TIME: 0.325414
SUM: 6000000
THREADS: 6
COUNT PER THREAD: 1000000
SLOOPY VALUE: 2
TIME: 0.242368
SUM: 6000000
THREADS: 6
COUNT PER THREAD: 1000000
SLOOPY VALUE: 4
TIME: 0.195523
SUM: 6000000
THREADS: 6
COUNT PER THREAD: 1000000
SLOOPY VALUE: 8
TIME: 0.172274
SUM: 6000000
THREADS: 6
COUNT PER THREAD: 1000000
SLOOPY VALUE: 16
TIME: 0.171010
SUM: 6000000
THREADS: 6
COUNT PER THREAD: 1000000
SLOOPY VALUE: 32
TIME: 0.159263
SUM: 6000000
THREADS: 6
COUNT PER THREAD: 1000000
SLOOPY VALUE: 64
TIME: 0.164883
SUM: 6000000
THREADS: 6
COUNT PER THREAD: 1000000
SLOOPY VALUE: 128
TIME: 0.191412
SUM: 6000000
THREADS: 6
COUNT PER THREAD: 1000000
SLOOPY VALUE: 256
TIME: 0.164123
SUM: 5999872
THREADS: 6
COUNT PER THREAD: 1000000
SLOOPY VALUE: 512
TIME: 0.173482
SUM: 5999616
THREADS: 6
COUNT PER THREAD: 1000000
SLOOPY VALUE: 1024
TIME: 0.163374
SUM: 5999616
THREADS: 6
COUNT PER THREAD: 1000000
SLOOPY VALUE: 2048
TIME: 0.162465
SUM: 5998592
THREADS: 6
COUNT PER THREAD: 1000000
SLOOPY VALUE: 4096
TIME: 0.164583
SUM: 5996544
THREADS: 6
COUNT PER THREAD: 1000000
SLOOPY VALUE: 8192
TIME: 0.161025
SUM: 5996544
THREADS: 7
COUNT PER THREAD: 1000000
SLOOPY VALUE: 1
TIME: 0.354403
SUM: 7000000
THREADS: 7
COUNT PER THREAD: 1000000
SLOOPY VALUE: 2
TIME: 0.284420
SUM: 7000000
THREADS: 7
COUNT PER THREAD: 1000000
SLOOPY VALUE: 4
TIME: 0.265295
SUM: 7000000
THREADS: 7
COUNT PER THREAD: 1000000
SLOOPY VALUE: 8
TIME: 0.220093
SUM: 7000000
THREADS: 7
COUNT PER THREAD: 1000000
SLOOPY VALUE: 16
TIME: 0.196489
SUM: 7000000
THREADS: 7
COUNT PER THREAD: 1000000
SLOOPY VALUE: 32
TIME: 0.218945
SUM: 7000000
THREADS: 7
COUNT PER THREAD: 1000000
SLOOPY VALUE: 64
TIME: 0.214177
SUM: 7000000
THREADS: 7
COUNT PER THREAD: 1000000
SLOOPY VALUE: 128
TIME: 0.185709
SUM: 6999936
THREADS: 7
COUNT PER THREAD: 1000000
SLOOPY VALUE: 256
TIME: 0.188551
SUM: 6999808
THREADS: 7
COUNT PER THREAD: 1000000
SLOOPY VALUE: 512
TIME: 0.184651
SUM: 6999552
THREADS: 7
COUNT PER THREAD: 1000000
SLOOPY VALUE: 1024
TIME: 0.180290
SUM: 6999040
THREADS: 7
COUNT PER THREAD: 1000000
SLOOPY VALUE: 2048
TIME: 0.186264
SUM: 6998016
THREADS: 7
COUNT PER THREAD: 1000000
SLOOPY VALUE: 4096
TIME: 0.210639
SUM: 6995968
THREADS: 7
COUNT PER THREAD: 1000000
SLOOPY VALUE: 8192
TIME: 0.178743
SUM: 6995968
THREADS: 8
COUNT PER THREAD: 1000000
SLOOPY VALUE: 1
TIME: 0.397642
SUM: 8000000
THREADS: 8
COUNT PER THREAD: 1000000
SLOOPY VALUE: 2
TIME: 0.342576
SUM: 8000000
THREADS: 8
COUNT PER THREAD: 1000000
SLOOPY VALUE: 4
TIME: 0.268578
SUM: 8000000
THREADS: 8
COUNT PER THREAD: 1000000
SLOOPY VALUE: 8
TIME: 0.260276
SUM: 8000000
THREADS: 8
COUNT PER THREAD: 1000000
SLOOPY VALUE: 16
TIME: 0.227228
SUM: 8000000
THREADS: 8
COUNT PER THREAD: 1000000
SLOOPY VALUE: 32
TIME: 0.299748
SUM: 8000000
THREADS: 8
COUNT PER THREAD: 1000000
SLOOPY VALUE: 64
TIME: 0.227298
SUM: 8000000
THREADS: 8
COUNT PER THREAD: 1000000
SLOOPY VALUE: 128
TIME: 0.228879
SUM: 8000000
THREADS: 8
COUNT PER THREAD: 1000000
SLOOPY VALUE: 256
TIME: 0.233590
SUM: 8000000
THREADS: 8
COUNT PER THREAD: 1000000
SLOOPY VALUE: 512
TIME: 0.222454
SUM: 8000000
THREADS: 8
COUNT PER THREAD: 1000000
SLOOPY VALUE: 1024
TIME: 0.230011
SUM: 7999488
THREADS: 8
COUNT PER THREAD: 1000000
SLOOPY VALUE: 2048
TIME: 0.234502
SUM: 7999488
THREADS: 8
COUNT PER THREAD: 1000000
SLOOPY VALUE: 4096
TIME: 0.598604
SUM: 7999488
THREADS: 8
COUNT PER THREAD: 1000000
SLOOPY VALUE: 8192
TIME: 0.227894
SUM: 7995392
THREADS: 9
COUNT PER THREAD: 1000000
SLOOPY VALUE: 1
TIME: 0.557055
SUM: 9000000
THREADS: 9
COUNT PER THREAD: 1000000
SLOOPY VALUE: 2
TIME: 0.536489
SUM: 9000000
THREADS: 9
COUNT PER THREAD: 1000000
SLOOPY VALUE: 4
TIME: 0.427950
SUM: 9000000
THREADS: 9
COUNT PER THREAD: 1000000
SLOOPY VALUE: 8
TIME: 0.323615
SUM: 9000000
THREADS: 9
COUNT PER THREAD: 1000000
SLOOPY VALUE: 16
TIME: 0.387869
SUM: 9000000
THREADS: 9
COUNT PER THREAD: 1000000
SLOOPY VALUE: 32
TIME: 0.288326
SUM: 9000000
THREADS: 9
COUNT PER THREAD: 1000000
SLOOPY VALUE: 64
TIME: 0.263162
SUM: 9000000
THREADS: 9
COUNT PER THREAD: 1000000
SLOOPY VALUE: 128
TIME: 0.240721
SUM: 8999936
THREADS: 9
COUNT PER THREAD: 1000000
SLOOPY VALUE: 256
TIME: 0.251628
SUM: 8999936
THREADS: 9
COUNT PER THREAD: 1000000
SLOOPY VALUE: 512
TIME: 0.248450
SUM: 8999936
THREADS: 9
COUNT PER THREAD: 1000000
SLOOPY VALUE: 1024
TIME: 0.274191
SUM: 8999936
THREADS: 9
COUNT PER THREAD: 1000000
SLOOPY VALUE: 2048
TIME: 0.276319
SUM: 8998912
THREADS: 9
COUNT PER THREAD: 1000000
SLOOPY VALUE: 4096
TIME: 0.261544
SUM: 8998912
THREADS: 9
COUNT PER THREAD: 1000000
SLOOPY VALUE: 8192
TIME: 0.271719
SUM: 8994816
THREADS: 10
COUNT PER THREAD: 1000000
SLOOPY VALUE: 1
TIME: 0.681897
SUM: 10000000
THREADS: 10
COUNT PER THREAD: 1000000
SLOOPY VALUE: 2
TIME: 0.418039
SUM: 10000000
THREADS: 10
COUNT PER THREAD: 1000000
SLOOPY VALUE: 4
TIME: 0.334856
SUM: 10000000
THREADS: 10
COUNT PER THREAD: 1000000
SLOOPY VALUE: 8
TIME: 0.290946
SUM: 10000000
THREADS: 10
COUNT PER THREAD: 1000000
SLOOPY VALUE: 16
TIME: 0.288653
SUM: 10000000
THREADS: 10
COUNT PER THREAD: 1000000
SLOOPY VALUE: 32
TIME: 0.273545
SUM: 10000000
THREADS: 10
COUNT PER THREAD: 1000000
SLOOPY VALUE: 64
TIME: 0.302771
SUM: 10000000
THREADS: 10
COUNT PER THREAD: 1000000
SLOOPY VALUE: 128
TIME: 0.289647
SUM: 10000000
THREADS: 10
COUNT PER THREAD: 1000000
SLOOPY VALUE: 256
TIME: 0.300573
SUM: 9999872
THREADS: 10
COUNT PER THREAD: 1000000
SLOOPY VALUE: 512
TIME: 0.278561
SUM: 9999872
THREADS: 10
COUNT PER THREAD: 1000000
SLOOPY VALUE: 1024
TIME: 0.276016
SUM: 9999360
THREADS: 10
COUNT PER THREAD: 1000000
SLOOPY VALUE: 2048
TIME: 0.272597
SUM: 9998336
THREADS: 10
COUNT PER THREAD: 1000000
SLOOPY VALUE: 4096
TIME: 0.269375
SUM: 9998336
THREADS: 10
COUNT PER THREAD: 1000000
SLOOPY VALUE: 8192
TIME: 0.265565
SUM: 9994240
THREADS: 11
COUNT PER THREAD: 1000000
SLOOPY VALUE: 1
TIME: 0.601690
SUM: 11000000
THREADS: 11
COUNT PER THREAD: 1000000
SLOOPY VALUE: 2
TIME: 0.451838
SUM: 11000000
THREADS: 11
COUNT PER THREAD: 1000000
SLOOPY VALUE: 4
TIME: 0.372903
SUM: 11000000
THREADS: 11
COUNT PER THREAD: 1000000
SLOOPY VALUE: 8
TIME: 0.317283
SUM: 11000000
THREADS: 11
COUNT PER THREAD: 1000000
SLOOPY VALUE: 16
TIME: 0.317826
SUM: 11000000
THREADS: 11
COUNT PER THREAD: 1000000
SLOOPY VALUE: 32
TIME: 0.322647
SUM: 11000000
THREADS: 11
COUNT PER THREAD: 1000000
SLOOPY VALUE: 64
TIME: 0.316187
SUM: 11000000
THREADS: 11
COUNT PER THREAD: 1000000
SLOOPY VALUE: 128
TIME: 0.286050
SUM: 10999936
THREADS: 11
COUNT PER THREAD: 1000000
SLOOPY VALUE: 256
TIME: 0.296798
SUM: 10999808
THREADS: 11
COUNT PER THREAD: 1000000
SLOOPY VALUE: 512
TIME: 0.286518
SUM: 10999808
THREADS: 11
COUNT PER THREAD: 1000000
SLOOPY VALUE: 1024
TIME: 0.281419
SUM: 10999808
THREADS: 11
COUNT PER THREAD: 1000000
SLOOPY VALUE: 2048
TIME: 0.287967
SUM: 10999808
THREADS: 11
COUNT PER THREAD: 1000000
SLOOPY VALUE: 4096
TIME: 0.301264
SUM: 10997760
THREADS: 11
COUNT PER THREAD: 1000000
SLOOPY VALUE: 8192
TIME: 0.317598
SUM: 10993664
THREADS: 12
COUNT PER THREAD: 1000000
SLOOPY VALUE: 1
TIME: 0.597933
SUM: 12000000
THREADS: 12
COUNT PER THREAD: 1000000
SLOOPY VALUE: 2
TIME: 0.471418
SUM: 12000000
THREADS: 12
COUNT PER THREAD: 1000000
SLOOPY VALUE: 4
TIME: 0.409324
SUM: 12000000
THREADS: 12
COUNT PER THREAD: 1000000
SLOOPY VALUE: 8
TIME: 0.417231
SUM: 12000000
THREADS: 12
COUNT PER THREAD: 1000000
SLOOPY VALUE: 16
TIME: 0.366802
SUM: 12000000
THREADS: 12
COUNT PER THREAD: 1000000
SLOOPY VALUE: 32
TIME: 0.340493
SUM: 12000000
THREADS: 12
COUNT PER THREAD: 1000000
SLOOPY VALUE: 64
TIME: 0.330442
SUM: 12000000
THREADS: 12
COUNT PER THREAD: 1000000
SLOOPY VALUE: 128
TIME: 0.334102
SUM: 12000000
THREADS: 12
COUNT PER THREAD: 1000000
SLOOPY VALUE: 256
TIME: 0.345265
SUM: 12000000
THREADS: 12
COUNT PER THREAD: 1000000
SLOOPY VALUE: 512
TIME: 0.360469
SUM: 11999744
THREADS: 12
COUNT PER THREAD: 1000000
SLOOPY VALUE: 1024
TIME: 0.329946
SUM: 11999232
THREADS: 12
COUNT PER THREAD: 1000000
SLOOPY VALUE: 2048
TIME: 0.305435
SUM: 11999232
THREADS: 12
COUNT PER THREAD: 1000000
SLOOPY VALUE: 4096
TIME: 0.343147
SUM: 11997184
THREADS: 12
COUNT PER THREAD: 1000000
SLOOPY VALUE: 8192
TIME: 0.318538
SUM: 11993088
THREADS: 13
COUNT PER THREAD: 1000000
SLOOPY VALUE: 1
TIME: 0.690381
SUM: 13000000
THREADS: 13
COUNT PER THREAD: 1000000
SLOOPY VALUE: 2
TIME: 0.505260
SUM: 13000000
THREADS: 13
COUNT PER THREAD: 1000000
SLOOPY VALUE: 4
TIME: 0.434209
SUM: 13000000
THREADS: 13
COUNT PER THREAD: 1000000
SLOOPY VALUE: 8
TIME: 0.375194
SUM: 13000000
THREADS: 13
COUNT PER THREAD: 1000000
SLOOPY VALUE: 16
TIME: 0.363930
SUM: 13000000
THREADS: 13
COUNT PER THREAD: 1000000
SLOOPY VALUE: 32
TIME: 0.379701
SUM: 13000000
THREADS: 13
COUNT PER THREAD: 1000000
SLOOPY VALUE: 64
TIME: 0.372922
SUM: 13000000
THREADS: 13
COUNT PER THREAD: 1000000
SLOOPY VALUE: 128
TIME: 0.373898
SUM: 12999936
THREADS: 13
COUNT PER THREAD: 1000000
SLOOPY VALUE: 256
TIME: 0.357303
SUM: 12999936
THREADS: 13
COUNT PER THREAD: 1000000
SLOOPY VALUE: 512
TIME: 0.351226
SUM: 12999680
THREADS: 13
COUNT PER THREAD: 1000000
SLOOPY VALUE: 1024
TIME: 0.345069
SUM: 12999680
THREADS: 13
COUNT PER THREAD: 1000000
SLOOPY VALUE: 2048
TIME: 0.363347
SUM: 12998656
THREADS: 13
COUNT PER THREAD: 1000000
SLOOPY VALUE: 4096
TIME: 0.338047
SUM: 12996608
THREADS: 13
COUNT PER THREAD: 1000000
SLOOPY VALUE: 8192
TIME: 0.320332
SUM: 12992512
THREADS: 14
COUNT PER THREAD: 1000000
SLOOPY VALUE: 1
TIME: 0.689625
SUM: 14000000
THREADS: 14
COUNT PER THREAD: 1000000
SLOOPY VALUE: 2
TIME: 0.558039
SUM: 14000000
THREADS: 14
COUNT PER THREAD: 1000000
SLOOPY VALUE: 4
TIME: 0.507062
SUM: 14000000
THREADS: 14
COUNT PER THREAD: 1000000
SLOOPY VALUE: 8
TIME: 0.466927
SUM: 14000000
THREADS: 14
COUNT PER THREAD: 1000000
SLOOPY VALUE: 16
TIME: 0.405344
SUM: 14000000
THREADS: 14
COUNT PER THREAD: 1000000
SLOOPY VALUE: 32
TIME: 0.397810
SUM: 14000000
THREADS: 14
COUNT PER THREAD: 1000000
SLOOPY VALUE: 64
TIME: 0.409899
SUM: 14000000
THREADS: 14
COUNT PER THREAD: 1000000
SLOOPY VALUE: 128
TIME: 0.358774
SUM: 14000000
THREADS: 14
COUNT PER THREAD: 1000000
SLOOPY VALUE: 256
TIME: 0.386169
SUM: 13999872
THREADS: 14
COUNT PER THREAD: 1000000
SLOOPY VALUE: 512
TIME: 0.361118
SUM: 13999616
THREADS: 14
COUNT PER THREAD: 1000000
SLOOPY VALUE: 1024
TIME: 0.375357
SUM: 13999104
THREADS: 14
COUNT PER THREAD: 1000000
SLOOPY VALUE: 2048
TIME: 0.360135
SUM: 13998080
THREADS: 14
COUNT PER THREAD: 1000000
SLOOPY VALUE: 4096
TIME: 0.370042
SUM: 13996032
THREADS: 14
COUNT PER THREAD: 1000000
SLOOPY VALUE: 8192
TIME: 0.383046
SUM: 13991936
THREADS: 15
COUNT PER THREAD: 1000000
SLOOPY VALUE: 1
TIME: 0.829521
SUM: 15000000
THREADS: 15
COUNT PER THREAD: 1000000
SLOOPY VALUE: 2
TIME: 0.594611
SUM: 15000000
THREADS: 15
COUNT PER THREAD: 1000000
SLOOPY VALUE: 4
TIME: 0.504024
SUM: 15000000
THREADS: 15
COUNT PER THREAD: 1000000
SLOOPY VALUE: 8
TIME: 0.476764
SUM: 15000000
THREADS: 15
COUNT PER THREAD: 1000000
SLOOPY VALUE: 16
TIME: 0.442484
SUM: 15000000
THREADS: 15
COUNT PER THREAD: 1000000
SLOOPY VALUE: 32
TIME: 0.435161
SUM: 15000000
THREADS: 15
COUNT PER THREAD: 1000000
SLOOPY VALUE: 64
TIME: 0.439378
SUM: 15000000
THREADS: 15
COUNT PER THREAD: 1000000
SLOOPY VALUE: 128
TIME: 0.424988
SUM: 14999936
THREADS: 15
COUNT PER THREAD: 1000000
SLOOPY VALUE: 256
TIME: 0.402454
SUM: 14999808
THREADS: 15
COUNT PER THREAD: 1000000
SLOOPY VALUE: 512
TIME: 0.406148
SUM: 14999552
THREADS: 15
COUNT PER THREAD: 1000000
SLOOPY VALUE: 1024
TIME: 0.367283
SUM: 14999552
THREADS: 15
COUNT PER THREAD: 1000000
SLOOPY VALUE: 2048
TIME: 0.375508
SUM: 14999552
THREADS: 15
COUNT PER THREAD: 1000000
SLOOPY VALUE: 4096
TIME: 0.375491
SUM: 14999552
THREADS: 15
COUNT PER THREAD: 1000000
SLOOPY VALUE: 8192
TIME: 0.370872
SUM: 14999552
THREADS: 16
COUNT PER THREAD: 1000000
SLOOPY VALUE: 1
TIME: 0.767628
SUM: 16000000
THREADS: 16
COUNT PER THREAD: 1000000
SLOOPY VALUE: 2
TIME: 0.603182
SUM: 16000000
THREADS: 16
COUNT PER THREAD: 1000000
SLOOPY VALUE: 4
TIME: 0.524236
SUM: 16000000
THREADS: 16
COUNT PER THREAD: 1000000
SLOOPY VALUE: 8
TIME: 0.474048
SUM: 16000000
THREADS: 16
COUNT PER THREAD: 1000000
SLOOPY VALUE: 16
TIME: 0.441860
SUM: 16000000
THREADS: 16
COUNT PER THREAD: 1000000
SLOOPY VALUE: 32
TIME: 0.459042
SUM: 16000000
THREADS: 16
COUNT PER THREAD: 1000000
SLOOPY VALUE: 64
TIME: 0.453175
SUM: 16000000
THREADS: 16
COUNT PER THREAD: 1000000
SLOOPY VALUE: 128
TIME: 0.420601
SUM: 16000000
THREADS: 16
COUNT PER THREAD: 1000000
SLOOPY VALUE: 256
TIME: 0.483460
SUM: 16000000
THREADS: 16
COUNT PER THREAD: 1000000
SLOOPY VALUE: 512
TIME: 0.435275
SUM: 16000000
THREADS: 16
COUNT PER THREAD: 1000000
SLOOPY VALUE: 1024
TIME: 0.417734
SUM: 16000000
THREADS: 16
COUNT PER THREAD: 1000000
SLOOPY VALUE: 2048
TIME: 0.428431
SUM: 15998976
THREADS: 16
COUNT PER THREAD: 1000000
SLOOPY VALUE: 4096
TIME: 0.425215
SUM: 15998976
THREADS: 16
COUNT PER THREAD: 1000000
SLOOPY VALUE: 8192
TIME: 0.422655
SUM: 15998976
THREADS: 17
COUNT PER THREAD: 1000000
SLOOPY VALUE: 1
TIME: 0.866877
SUM: 17000000
THREADS: 17
COUNT PER THREAD: 1000000
SLOOPY VALUE: 2
TIME: 0.668321
SUM: 17000000
THREADS: 17
COUNT PER THREAD: 1000000
SLOOPY VALUE: 4
TIME: 0.590086
SUM: 17000000
THREADS: 17
COUNT PER THREAD: 1000000
SLOOPY VALUE: 8
TIME: 0.518318
SUM: 17000000
THREADS: 17
COUNT PER THREAD: 1000000
SLOOPY VALUE: 16
TIME: 0.482901
SUM: 17000000
THREADS: 17
COUNT PER THREAD: 1000000
SLOOPY VALUE: 32
TIME: 0.487668
SUM: 17000000
THREADS: 17
COUNT PER THREAD: 1000000
SLOOPY VALUE: 64
TIME: 0.450915
SUM: 17000000
THREADS: 17
COUNT PER THREAD: 1000000
SLOOPY VALUE: 128
TIME: 0.467347
SUM: 16999936
THREADS: 17
COUNT PER THREAD: 1000000
SLOOPY VALUE: 256
TIME: 0.462872
SUM: 16999936
THREADS: 17
COUNT PER THREAD: 1000000
SLOOPY VALUE: 512
TIME: 0.453588
SUM: 16999936
THREADS: 17
COUNT PER THREAD: 1000000
SLOOPY VALUE: 1024
TIME: 0.436451
SUM: 16999424
THREADS: 17
COUNT PER THREAD: 1000000
SLOOPY VALUE: 2048
TIME: 0.441549
SUM: 16998400
THREADS: 17
COUNT PER THREAD: 1000000
SLOOPY VALUE: 4096
TIME: 0.430242
SUM: 16998400
THREADS: 17
COUNT PER THREAD: 1000000
SLOOPY VALUE: 8192
TIME: 0.441302
SUM: 16998400
THREADS: 18
COUNT PER THREAD: 1000000
SLOOPY VALUE: 1
TIME: 0.878113
SUM: 18000000
THREADS: 18
COUNT PER THREAD: 1000000
SLOOPY VALUE: 2
TIME: 0.707644
SUM: 18000000
THREADS: 18
COUNT PER THREAD: 1000000
SLOOPY VALUE: 4
TIME: 0.614530
SUM: 18000000
THREADS: 18
COUNT PER THREAD: 1000000
SLOOPY VALUE: 8
TIME: 0.537931
SUM: 18000000
THREADS: 18
COUNT PER THREAD: 1000000
SLOOPY VALUE: 16
TIME: 0.470771
SUM: 18000000
THREADS: 18
COUNT PER THREAD: 1000000
SLOOPY VALUE: 32
TIME: 0.461460
SUM: 18000000
THREADS: 18
COUNT PER THREAD: 1000000
SLOOPY VALUE: 64
TIME: 0.474032
SUM: 18000000
THREADS: 18
COUNT PER THREAD: 1000000
SLOOPY VALUE: 128
TIME: 0.449899
SUM: 18000000
THREADS: 18
COUNT PER THREAD: 1000000
SLOOPY VALUE: 256
TIME: 0.465748
SUM: 17999872
THREADS: 18
COUNT PER THREAD: 1000000
SLOOPY VALUE: 512
TIME: 0.456005
SUM: 17999872
THREADS: 18
COUNT PER THREAD: 1000000
SLOOPY VALUE: 1024
TIME: 0.463171
SUM: 17999872
THREADS: 18
COUNT PER THREAD: 1000000
SLOOPY VALUE: 2048
TIME: 0.489266
SUM: 17999872
THREADS: 18
COUNT PER THREAD: 1000000
SLOOPY VALUE: 4096
TIME: 0.466135
SUM: 17997824
THREADS: 18
COUNT PER THREAD: 1000000
SLOOPY VALUE: 8192
TIME: 0.471695
SUM: 17997824
THREADS: 19
COUNT PER THREAD: 1000000
SLOOPY VALUE: 1
TIME: 0.959199
SUM: 19000000
THREADS: 19
COUNT PER THREAD: 1000000
SLOOPY VALUE: 2
TIME: 0.752216
SUM: 19000000
THREADS: 19
COUNT PER THREAD: 1000000
SLOOPY VALUE: 4
TIME: 0.634610
SUM: 19000000
THREADS: 19
COUNT PER THREAD: 1000000
SLOOPY VALUE: 8
TIME: 0.561350
SUM: 19000000
THREADS: 19
COUNT PER THREAD: 1000000
SLOOPY VALUE: 16
TIME: 0.525155
SUM: 19000000
THREADS: 19
COUNT PER THREAD: 1000000
SLOOPY VALUE: 32
TIME: 0.501478
SUM: 19000000
THREADS: 19
COUNT PER THREAD: 1000000
SLOOPY VALUE: 64
TIME: 0.479989
SUM: 19000000
THREADS: 19
COUNT PER THREAD: 1000000
SLOOPY VALUE: 128
TIME: 0.459621
SUM: 18999936
THREADS: 19
COUNT PER THREAD: 1000000
SLOOPY VALUE: 256
TIME: 0.462258
SUM: 18999808
THREADS: 19
COUNT PER THREAD: 1000000
SLOOPY VALUE: 512
TIME: 0.463773
SUM: 18999808
THREADS: 19
COUNT PER THREAD: 1000000
SLOOPY VALUE: 1024
TIME: 0.460566
SUM: 18999296
THREADS: 19
COUNT PER THREAD: 1000000
SLOOPY VALUE: 2048
TIME: 0.461727
SUM: 18999296
THREADS: 19
COUNT PER THREAD: 1000000
SLOOPY VALUE: 4096
TIME: 0.463941
SUM: 18997248
THREADS: 19
COUNT PER THREAD: 1000000
SLOOPY VALUE: 8192
TIME: 0.474657
SUM: 18997248
THREADS: 20
COUNT PER THREAD: 1000000
SLOOPY VALUE: 1
TIME: 0.957208
SUM: 20000000
THREADS: 20
COUNT PER THREAD: 1000000
SLOOPY VALUE: 2
TIME: 0.719933
SUM: 20000000
THREADS: 20
COUNT PER THREAD: 1000000
SLOOPY VALUE: 4
TIME: 0.627957
SUM: 20000000
THREADS: 20
COUNT PER THREAD: 1000000
SLOOPY VALUE: 8
TIME: 0.536863
SUM: 20000000
THREADS: 20
COUNT PER THREAD: 1000000
SLOOPY VALUE: 16
TIME: 0.506557
SUM: 20000000
THREADS: 20
COUNT PER THREAD: 1000000
SLOOPY VALUE: 32
TIME: 0.504309
SUM: 20000000
THREADS: 20
COUNT PER THREAD: 1000000
SLOOPY VALUE: 64
TIME: 0.499371
SUM: 20000000
THREADS: 20
COUNT PER THREAD: 1000000
SLOOPY VALUE: 128
TIME: 0.486826
SUM: 20000000
THREADS: 20
COUNT PER THREAD: 1000000
SLOOPY VALUE: 256
TIME: 0.505381
SUM: 20000000
THREADS: 20
COUNT PER THREAD: 1000000
SLOOPY VALUE: 512
TIME: 0.556433
SUM: 19999744
THREADS: 20
COUNT PER THREAD: 1000000
SLOOPY VALUE: 1024
TIME: 0.520372
SUM: 19999744
THREADS: 20
COUNT PER THREAD: 1000000
SLOOPY VALUE: 2048
TIME: 0.549051
SUM: 19998720
THREADS: 20
COUNT PER THREAD: 1000000
SLOOPY VALUE: 4096
TIME: 0.540287
SUM: 19996672
THREADS: 20
COUNT PER THREAD: 1000000
SLOOPY VALUE: 8192
TIME: 0.567781
SUM: 19996672
THREADS: 21
COUNT PER THREAD: 1000000
SLOOPY VALUE: 1
TIME: 1.112435
SUM: 21000000
THREADS: 21
COUNT PER THREAD: 1000000
SLOOPY VALUE: 2
TIME: 0.847332
SUM: 21000000
THREADS: 21
COUNT PER THREAD: 1000000
SLOOPY VALUE: 4
TIME: 0.757628
SUM: 21000000
THREADS: 21
COUNT PER THREAD: 1000000
SLOOPY VALUE: 8
TIME: 0.586194
SUM: 21000000
THREADS: 21
COUNT PER THREAD: 1000000
SLOOPY VALUE: 16
TIME: 0.582417
SUM: 21000000
THREADS: 21
COUNT PER THREAD: 1000000
SLOOPY VALUE: 32
TIME: 0.542188
SUM: 21000000
THREADS: 21
COUNT PER THREAD: 1000000
SLOOPY VALUE: 64
TIME: 0.541494
SUM: 21000000
THREADS: 21
COUNT PER THREAD: 1000000
SLOOPY VALUE: 128
TIME: 0.580083
SUM: 20999936
THREADS: 21
COUNT PER THREAD: 1000000
SLOOPY VALUE: 256
TIME: 0.543450
SUM: 20999936
THREADS: 21
COUNT PER THREAD: 1000000
SLOOPY VALUE: 512
TIME: 0.514163
SUM: 20999680
THREADS: 21
COUNT PER THREAD: 1000000
SLOOPY VALUE: 1024
TIME: 0.575495
SUM: 20999168
THREADS: 21
COUNT PER THREAD: 1000000
SLOOPY VALUE: 2048
TIME: 0.586019
SUM: 20998144
THREADS: 21
COUNT PER THREAD: 1000000
SLOOPY VALUE: 4096
TIME: 0.559882
SUM: 20996096
THREADS: 21
COUNT PER THREAD: 1000000
SLOOPY VALUE: 8192
TIME: 0.555287
SUM: 20996096
THREADS: 22
COUNT PER THREAD: 1000000
SLOOPY VALUE: 1
TIME: 1.146864
SUM: 22000000
THREADS: 22
COUNT PER THREAD: 1000000
SLOOPY VALUE: 2
TIME: 0.885200
SUM: 22000000
THREADS: 22
COUNT PER THREAD: 1000000
SLOOPY VALUE: 4
TIME: 0.716039
SUM: 22000000
THREADS: 22
COUNT PER THREAD: 1000000
SLOOPY VALUE: 8
TIME: 0.645880
SUM: 22000000
THREADS: 22
COUNT PER THREAD: 1000000
SLOOPY VALUE: 16
TIME: 0.587717
SUM: 22000000
THREADS: 22
COUNT PER THREAD: 1000000
SLOOPY VALUE: 32
TIME: 0.567426
SUM: 22000000
THREADS: 22
COUNT PER THREAD: 1000000
SLOOPY VALUE: 64
TIME: 0.558968
SUM: 22000000
THREADS: 22
COUNT PER THREAD: 1000000
SLOOPY VALUE: 128
TIME: 0.557025
SUM: 22000000
THREADS: 22
COUNT PER THREAD: 1000000
SLOOPY VALUE: 256
TIME: 0.553302
SUM: 21999872
THREADS: 22
COUNT PER THREAD: 1000000
SLOOPY VALUE: 512
TIME: 0.555040
SUM: 21999616
THREADS: 22
COUNT PER THREAD: 1000000
SLOOPY VALUE: 1024
TIME: 0.612788
SUM: 21999616
THREADS: 22
COUNT PER THREAD: 1000000
SLOOPY VALUE: 2048
TIME: 0.612479
SUM: 21999616
THREADS: 22
COUNT PER THREAD: 1000000
SLOOPY VALUE: 4096
TIME: 0.554349
SUM: 21999616
THREADS: 22
COUNT PER THREAD: 1000000
SLOOPY VALUE: 8192
TIME: 0.571748
SUM: 21995520
THREADS: 23
COUNT PER THREAD: 1000000
SLOOPY VALUE: 1
TIME: 1.088577
SUM: 23000000
THREADS: 23
COUNT PER THREAD: 1000000
SLOOPY VALUE: 2
TIME: 0.851727
SUM: 23000000
THREADS: 23
COUNT PER THREAD: 1000000
SLOOPY VALUE: 4
TIME: 0.740913
SUM: 23000000
THREADS: 23
COUNT PER THREAD: 1000000
SLOOPY VALUE: 8
TIME: 0.678145
SUM: 23000000
THREADS: 23
COUNT PER THREAD: 1000000
SLOOPY VALUE: 16
TIME: 0.623720
SUM: 23000000
THREADS: 23
COUNT PER THREAD: 1000000
SLOOPY VALUE: 32
TIME: 0.586479
SUM: 23000000
THREADS: 23
COUNT PER THREAD: 1000000
SLOOPY VALUE: 64
TIME: 0.574902
SUM: 23000000
THREADS: 23
COUNT PER THREAD: 1000000
SLOOPY VALUE: 128
TIME: 0.573393
SUM: 22999936
THREADS: 23
COUNT PER THREAD: 1000000
SLOOPY VALUE: 256
TIME: 0.578982
SUM: 22999808
THREADS: 23
COUNT PER THREAD: 1000000
SLOOPY VALUE: 512
TIME: 0.584703
SUM: 22999552
THREADS: 23
COUNT PER THREAD: 1000000
SLOOPY VALUE: 1024
TIME: 0.567170
SUM: 22999040
THREADS: 23
COUNT PER THREAD: 1000000
SLOOPY VALUE: 2048
TIME: 0.620538
SUM: 22999040
THREADS: 23
COUNT PER THREAD: 1000000
SLOOPY VALUE: 4096
TIME: 0.572745
SUM: 22999040
THREADS: 23
COUNT PER THREAD: 1000000
SLOOPY VALUE: 8192
TIME: 0.579421
SUM: 22994944
THREADS: 24
COUNT PER THREAD: 1000000
SLOOPY VALUE: 1
TIME: 1.156679
SUM: 24000000
THREADS: 24
COUNT PER THREAD: 1000000
SLOOPY VALUE: 2
TIME: 0.879453
SUM: 24000000
THREADS: 24
COUNT PER THREAD: 1000000
SLOOPY VALUE: 4
TIME: 0.764178
SUM: 24000000
THREADS: 24
COUNT PER THREAD: 1000000
SLOOPY VALUE: 8
TIME: 0.696207
SUM: 24000000
THREADS: 24
COUNT PER THREAD: 1000000
SLOOPY VALUE: 16
TIME: 0.659376
SUM: 24000000
THREADS: 24
COUNT PER THREAD: 1000000
SLOOPY VALUE: 32
TIME: 0.654694
SUM: 24000000
THREADS: 24
COUNT PER THREAD: 1000000
SLOOPY VALUE: 64
TIME: 0.608742
SUM: 24000000
THREADS: 24
COUNT PER THREAD: 1000000
SLOOPY VALUE: 128
TIME: 0.586885
SUM: 24000000
THREADS: 24
COUNT PER THREAD: 1000000
SLOOPY VALUE: 256
TIME: 0.606398
SUM: 24000000
THREADS: 24
COUNT PER THREAD: 1000000
SLOOPY VALUE: 512
TIME: 0.626679
SUM: 24000000
THREADS: 24
COUNT PER THREAD: 1000000
SLOOPY VALUE: 1024
TIME: 0.647413
SUM: 23999488
THREADS: 24
COUNT PER THREAD: 1000000
SLOOPY VALUE: 2048
TIME: 0.634854
SUM: 23998464
THREADS: 24
COUNT PER THREAD: 1000000
SLOOPY VALUE: 4096
TIME: 0.628215
SUM: 23998464
THREADS: 24
COUNT PER THREAD: 1000000
SLOOPY VALUE: 8192
TIME: 0.588429
SUM: 23994368
THREADS: 25
COUNT PER THREAD: 1000000
SLOOPY VALUE: 1
TIME: 1.222527
SUM: 25000000
THREADS: 25
COUNT PER THREAD: 1000000
SLOOPY VALUE: 2
TIME: 0.946517
SUM: 25000000
THREADS: 25
COUNT PER THREAD: 1000000
SLOOPY VALUE: 4
TIME: 0.776365
SUM: 25000000
THREADS: 25
COUNT PER THREAD: 1000000
SLOOPY VALUE: 8
TIME: 0.719670
SUM: 25000000
THREADS: 25
COUNT PER THREAD: 1000000
SLOOPY VALUE: 16
TIME: 0.725072
SUM: 25000000
THREADS: 25
COUNT PER THREAD: 1000000
SLOOPY VALUE: 32
TIME: 0.667606
SUM: 25000000
THREADS: 25
COUNT PER THREAD: 1000000
SLOOPY VALUE: 64
TIME: 0.670443
SUM: 25000000
THREADS: 25
COUNT PER THREAD: 1000000
SLOOPY VALUE: 128
TIME: 0.634892
SUM: 24999936
THREADS: 25
COUNT PER THREAD: 1000000
SLOOPY VALUE: 256
TIME: 0.617082
SUM: 24999936
THREADS: 25
COUNT PER THREAD: 1000000
SLOOPY VALUE: 512
TIME: 0.632719
SUM: 24999936
THREADS: 25
COUNT PER THREAD: 1000000
SLOOPY VALUE: 1024
TIME: 0.679467
SUM: 24999936
THREADS: 25
COUNT PER THREAD: 1000000
SLOOPY VALUE: 2048
TIME: 0.647834
SUM: 24999936
THREADS: 25
COUNT PER THREAD: 1000000
SLOOPY VALUE: 4096
TIME: 0.613364
SUM: 24997888
THREADS: 25
COUNT PER THREAD: 1000000
SLOOPY VALUE: 8192
TIME: 0.609868
SUM: 24993792
THREADS: 26
COUNT PER THREAD: 1000000
SLOOPY VALUE: 1
TIME: 1.313217
SUM: 26000000
THREADS: 26
COUNT PER THREAD: 1000000
SLOOPY VALUE: 2
TIME: 0.979171
SUM: 26000000
THREADS: 26
COUNT PER THREAD: 1000000
SLOOPY VALUE: 4
TIME: 0.833312
SUM: 26000000
THREADS: 26
COUNT PER THREAD: 1000000
SLOOPY VALUE: 8
TIME: 0.736760
SUM: 26000000
THREADS: 26
COUNT PER THREAD: 1000000
SLOOPY VALUE: 16
TIME: 0.701783
SUM: 26000000
THREADS: 26
COUNT PER THREAD: 1000000
SLOOPY VALUE: 32
TIME: 0.684891
SUM: 26000000
THREADS: 26
COUNT PER THREAD: 1000000
SLOOPY VALUE: 64
TIME: 0.664034
SUM: 26000000
THREADS: 26
COUNT PER THREAD: 1000000
SLOOPY VALUE: 128
TIME: 0.667507
SUM: 26000000
THREADS: 26
COUNT PER THREAD: 1000000
SLOOPY VALUE: 256
TIME: 0.668615
SUM: 25999872
THREADS: 26
COUNT PER THREAD: 1000000
SLOOPY VALUE: 512
TIME: 0.668995
SUM: 25999872
THREADS: 26
COUNT PER THREAD: 1000000
SLOOPY VALUE: 1024
TIME: 0.670028
SUM: 25999360
THREADS: 26
COUNT PER THREAD: 1000000
SLOOPY VALUE: 2048
TIME: 0.655413
SUM: 25999360
THREADS: 26
COUNT PER THREAD: 1000000
SLOOPY VALUE: 4096
TIME: 0.710651
SUM: 25997312
THREADS: 26
COUNT PER THREAD: 1000000
SLOOPY VALUE: 8192
TIME: 0.666245
SUM: 25993216
THREADS: 27
COUNT PER THREAD: 1000000
SLOOPY VALUE: 1
TIME: 1.311948
SUM: 27000000
THREADS: 27
COUNT PER THREAD: 1000000
SLOOPY VALUE: 2
TIME: 0.979505
SUM: 27000000
THREADS: 27
COUNT PER THREAD: 1000000
SLOOPY VALUE: 4
TIME: 0.853261
SUM: 27000000
THREADS: 27
COUNT PER THREAD: 1000000
SLOOPY VALUE: 8
TIME: 0.807636
SUM: 27000000
THREADS: 27
COUNT PER THREAD: 1000000
SLOOPY VALUE: 16
TIME: 0.743070
SUM: 27000000
THREADS: 27
COUNT PER THREAD: 1000000
SLOOPY VALUE: 32
TIME: 0.801753
SUM: 27000000
THREADS: 27
COUNT PER THREAD: 1000000
SLOOPY VALUE: 64
TIME: 0.727705
SUM: 27000000
THREADS: 27
COUNT PER THREAD: 1000000
SLOOPY VALUE: 128
TIME: 0.679587
SUM: 26999936
THREADS: 27
COUNT PER THREAD: 1000000
SLOOPY VALUE: 256
TIME: 0.681017
SUM: 26999808
THREADS: 27
COUNT PER THREAD: 1000000
SLOOPY VALUE: 512
TIME: 0.742613
SUM: 26999808
THREADS: 27
COUNT PER THREAD: 1000000
SLOOPY VALUE: 1024
TIME: 0.711905
SUM: 26999808
THREADS: 27
COUNT PER THREAD: 1000000
SLOOPY VALUE: 2048
TIME: 0.728838
SUM: 26998784
THREADS: 27
COUNT PER THREAD: 1000000
SLOOPY VALUE: 4096
TIME: 0.768187
SUM: 26996736
THREADS: 27
COUNT PER THREAD: 1000000
SLOOPY VALUE: 8192
TIME: 0.701992
SUM: 26992640
THREADS: 28
COUNT PER THREAD: 1000000
SLOOPY VALUE: 1
TIME: 1.431773
SUM: 28000000
THREADS: 28
COUNT PER THREAD: 1000000
SLOOPY VALUE: 2
TIME: 1.062484
SUM: 28000000
THREADS: 28
COUNT PER THREAD: 1000000
SLOOPY VALUE: 4
TIME: 0.872183
SUM: 28000000
THREADS: 28
COUNT PER THREAD: 1000000
SLOOPY VALUE: 8
TIME: 0.816947
SUM: 28000000
THREADS: 28
COUNT PER THREAD: 1000000
SLOOPY VALUE: 16
TIME: 0.783480
SUM: 28000000
THREADS: 28
COUNT PER THREAD: 1000000
SLOOPY VALUE: 32
TIME: 0.745932
SUM: 28000000
THREADS: 28
COUNT PER THREAD: 1000000
SLOOPY VALUE: 64
TIME: 0.786778
SUM: 28000000
THREADS: 28
COUNT PER THREAD: 1000000
SLOOPY VALUE: 128
TIME: 0.769001
SUM: 28000000
THREADS: 28
COUNT PER THREAD: 1000000
SLOOPY VALUE: 256
TIME: 0.775721
SUM: 28000000
THREADS: 28
COUNT PER THREAD: 1000000
SLOOPY VALUE: 512
TIME: 0.787585
SUM: 27999744
THREADS: 28
COUNT PER THREAD: 1000000
SLOOPY VALUE: 1024
TIME: 0.737096
SUM: 27999232
THREADS: 28
COUNT PER THREAD: 1000000
SLOOPY VALUE: 2048
TIME: 0.741383
SUM: 27998208
THREADS: 28
COUNT PER THREAD: 1000000
SLOOPY VALUE: 4096
TIME: 0.757593
SUM: 27996160
THREADS: 28
COUNT PER THREAD: 1000000
SLOOPY VALUE: 8192
TIME: 0.725640
SUM: 27992064
THREADS: 29
COUNT PER THREAD: 1000000
SLOOPY VALUE: 1
TIME: 1.525764
SUM: 29000000
THREADS: 29
COUNT PER THREAD: 1000000
SLOOPY VALUE: 2
TIME: 1.137251
SUM: 29000000
THREADS: 29
COUNT PER THREAD: 1000000
SLOOPY VALUE: 4
TIME: 0.954842
SUM: 29000000
THREADS: 29
COUNT PER THREAD: 1000000
SLOOPY VALUE: 8
TIME: 0.823538
SUM: 29000000
THREADS: 29
COUNT PER THREAD: 1000000
SLOOPY VALUE: 16
TIME: 0.796138
SUM: 29000000
THREADS: 29
COUNT PER THREAD: 1000000
SLOOPY VALUE: 32
TIME: 0.738798
SUM: 29000000
THREADS: 29
COUNT PER THREAD: 1000000
SLOOPY VALUE: 64
TIME: 0.769770
SUM: 29000000
THREADS: 29
COUNT PER THREAD: 1000000
SLOOPY VALUE: 128
TIME: 0.792727
SUM: 28999936
THREADS: 29
COUNT PER THREAD: 1000000
SLOOPY VALUE: 256
TIME: 0.791982
SUM: 28999936
THREADS: 29
COUNT PER THREAD: 1000000
SLOOPY VALUE: 512
TIME: 0.782494
SUM: 28999680
THREADS: 29
COUNT PER THREAD: 1000000
SLOOPY VALUE: 1024
TIME: 0.789706
SUM: 28999680
THREADS: 29
COUNT PER THREAD: 1000000
SLOOPY VALUE: 2048
TIME: 0.726752
SUM: 28999680
THREADS: 29
COUNT PER THREAD: 1000000
SLOOPY VALUE: 4096
TIME: 0.786096
SUM: 28999680
THREADS: 29
COUNT PER THREAD: 1000000
SLOOPY VALUE: 8192
TIME: 0.736376
SUM: 28999680
THREADS: 30
COUNT PER THREAD: 1000000
SLOOPY VALUE: 1
TIME: 1.517487
SUM: 30000000
THREADS: 30
COUNT PER THREAD: 1000000
SLOOPY VALUE: 2
TIME: 1.139432
SUM: 30000000
THREADS: 30
COUNT PER THREAD: 1000000
SLOOPY VALUE: 4
TIME: 1.052286
SUM: 30000000
THREADS: 30
COUNT PER THREAD: 1000000
SLOOPY VALUE: 8
TIME: 0.909520
SUM: 30000000
THREADS: 30
COUNT PER THREAD: 1000000
SLOOPY VALUE: 16
TIME: 0.782271
SUM: 30000000
THREADS: 30
COUNT PER THREAD: 1000000
SLOOPY VALUE: 32
TIME: 0.764522
SUM: 30000000
THREADS: 30
COUNT PER THREAD: 1000000
SLOOPY VALUE: 64
TIME: 0.764924
SUM: 30000000
THREADS: 30
COUNT PER THREAD: 1000000
SLOOPY VALUE: 128
TIME: 0.815827
SUM: 30000000
THREADS: 30
COUNT PER THREAD: 1000000
SLOOPY VALUE: 256
TIME: 0.819802
SUM: 29999872
THREADS: 30
COUNT PER THREAD: 1000000
SLOOPY VALUE: 512
TIME: 0.784949
SUM: 29999616
THREADS: 30
COUNT PER THREAD: 1000000
SLOOPY VALUE: 1024
TIME: 0.749027
SUM: 29999104
THREADS: 30
COUNT PER THREAD: 1000000
SLOOPY VALUE: 2048
TIME: 0.821780
SUM: 29999104
THREADS: 30
COUNT PER THREAD: 1000000
SLOOPY VALUE: 4096
TIME: 0.805430
SUM: 29999104
THREADS: 30
COUNT PER THREAD: 1000000
SLOOPY VALUE: 8192
TIME: 0.763832
SUM: 29999104
THREADS: 31
COUNT PER THREAD: 1000000
SLOOPY VALUE: 1
TIME: 1.830236
SUM: 31000000
THREADS: 31
COUNT PER THREAD: 1000000
SLOOPY VALUE: 2
TIME: 1.222737
SUM: 31000000
THREADS: 31
COUNT PER THREAD: 1000000
SLOOPY VALUE: 4
TIME: 0.943598
SUM: 31000000
THREADS: 31
COUNT PER THREAD: 1000000
SLOOPY VALUE: 8
TIME: 0.860540
SUM: 31000000
THREADS: 31
COUNT PER THREAD: 1000000
SLOOPY VALUE: 16
TIME: 0.771632
SUM: 31000000
THREADS: 31
COUNT PER THREAD: 1000000
SLOOPY VALUE: 32
TIME: 0.761820
SUM: 31000000
THREADS: 31
COUNT PER THREAD: 1000000
SLOOPY VALUE: 64
TIME: 0.753161
SUM: 31000000
THREADS: 31
COUNT PER THREAD: 1000000
SLOOPY VALUE: 128
TIME: 0.737921
SUM: 30999936
THREADS: 31
COUNT PER THREAD: 1000000
SLOOPY VALUE: 256
TIME: 0.755216
SUM: 30999808
THREADS: 31
COUNT PER THREAD: 1000000
SLOOPY VALUE: 512
TIME: 0.747807
SUM: 30999552
THREADS: 31
COUNT PER THREAD: 1000000
SLOOPY VALUE: 1024
TIME: 0.742705
SUM: 30999552
THREADS: 31
COUNT PER THREAD: 1000000
SLOOPY VALUE: 2048
TIME: 0.743677
SUM: 30998528
THREADS: 31
COUNT PER THREAD: 1000000
SLOOPY VALUE: 4096
TIME: 0.768976
SUM: 30998528
THREADS: 31
COUNT PER THREAD: 1000000
SLOOPY VALUE: 8192
TIME: 0.811412
SUM: 30998528
THREADS: 32
COUNT PER THREAD: 1000000
SLOOPY VALUE: 1
TIME: 1.599846
SUM: 32000000
THREADS: 32
COUNT PER THREAD: 1000000
SLOOPY VALUE: 2
TIME: 1.206842
SUM: 32000000
THREADS: 32
COUNT PER THREAD: 1000000
SLOOPY VALUE: 4
TIME: 1.069786
SUM: 32000000
THREADS: 32
COUNT PER THREAD: 1000000
SLOOPY VALUE: 8
TIME: 0.916960
SUM: 32000000
THREADS: 32
COUNT PER THREAD: 1000000
SLOOPY VALUE: 16
TIME: 0.856712
SUM: 32000000
THREADS: 32
COUNT PER THREAD: 1000000
SLOOPY VALUE: 32
TIME: 0.790152
SUM: 32000000
THREADS: 32
COUNT PER THREAD: 1000000
SLOOPY VALUE: 64
TIME: 0.783477
SUM: 32000000
THREADS: 32
COUNT PER THREAD: 1000000
SLOOPY VALUE: 128
TIME: 0.798685
SUM: 32000000
THREADS: 32
COUNT PER THREAD: 1000000
SLOOPY VALUE: 256
TIME: 0.781786
SUM: 32000000
THREADS: 32
COUNT PER THREAD: 1000000
SLOOPY VALUE: 512
TIME: 0.763015
SUM: 32000000
THREADS: 32
COUNT PER THREAD: 1000000
SLOOPY VALUE: 1024
TIME: 0.750741
SUM: 32000000
THREADS: 32
COUNT PER THREAD: 1000000
SLOOPY VALUE: 2048
TIME: 0.826760
SUM: 32000000
THREADS: 32
COUNT PER THREAD: 1000000
SLOOPY VALUE: 4096
TIME: 0.836716
SUM: 31997952
THREADS: 32
COUNT PER THREAD: 1000000
SLOOPY VALUE: 8192
TIME: 0.967407
SUM: 31997952
THREADS: 33
COUNT PER THREAD: 1000000
SLOOPY VALUE: 1
TIME: 1.633862
SUM: 33000000
THREADS: 33
COUNT PER THREAD: 1000000
SLOOPY VALUE: 2
TIME: 1.215126
SUM: 33000000
THREADS: 33
COUNT PER THREAD: 1000000
SLOOPY VALUE: 4
TIME: 0.992323
SUM: 33000000
THREADS: 33
COUNT PER THREAD: 1000000
SLOOPY VALUE: 8
TIME: 0.859185
SUM: 33000000
THREADS: 33
COUNT PER THREAD: 1000000
SLOOPY VALUE: 16
TIME: 0.829029
SUM: 33000000
THREADS: 33
COUNT PER THREAD: 1000000
SLOOPY VALUE: 32
TIME: 0.811684
SUM: 33000000
THREADS: 33
COUNT PER THREAD: 1000000
SLOOPY VALUE: 64
TIME: 0.793405
SUM: 33000000
THREADS: 33
COUNT PER THREAD: 1000000
SLOOPY VALUE: 128
TIME: 0.818648
SUM: 32999936
THREADS: 33
COUNT PER THREAD: 1000000
SLOOPY VALUE: 256
TIME: 0.778921
SUM: 32999936
THREADS: 33
COUNT PER THREAD: 1000000
SLOOPY VALUE: 512
TIME: 0.775693
SUM: 32999936
THREADS: 33
COUNT PER THREAD: 1000000
SLOOPY VALUE: 1024
TIME: 0.799822
SUM: 32999424
THREADS: 33
COUNT PER THREAD: 1000000
SLOOPY VALUE: 2048
TIME: 0.801585
SUM: 32999424
THREADS: 33
COUNT PER THREAD: 1000000
SLOOPY VALUE: 4096
TIME: 0.816501
SUM: 32997376
THREADS: 33
COUNT PER THREAD: 1000000
SLOOPY VALUE: 8192
TIME: 0.889907
SUM: 32997376
THREADS: 34
COUNT PER THREAD: 1000000
SLOOPY VALUE: 1
TIME: 1.727587
SUM: 34000000
THREADS: 34
COUNT PER THREAD: 1000000
SLOOPY VALUE: 2
TIME: 1.268126
SUM: 34000000
THREADS: 34
COUNT PER THREAD: 1000000
SLOOPY VALUE: 4
TIME: 1.040179
SUM: 34000000
THREADS: 34
COUNT PER THREAD: 1000000
SLOOPY VALUE: 8
TIME: 0.965368
SUM: 34000000
THREADS: 34
COUNT PER THREAD: 1000000
SLOOPY VALUE: 16
TIME: 0.939422
SUM: 34000000
THREADS: 34
COUNT PER THREAD: 1000000
SLOOPY VALUE: 32
TIME: 0.896031
SUM: 34000000
THREADS: 34
COUNT PER THREAD: 1000000
SLOOPY VALUE: 64
TIME: 0.827388
SUM: 34000000
THREADS: 34
COUNT PER THREAD: 1000000
SLOOPY VALUE: 128
TIME: 0.807736
SUM: 34000000
THREADS: 34
COUNT PER THREAD: 1000000
SLOOPY VALUE: 256
TIME: 0.805246
SUM: 33999872
THREADS: 34
COUNT PER THREAD: 1000000
SLOOPY VALUE: 512
TIME: 1.012852
SUM: 33999872
THREADS: 34
COUNT PER THREAD: 1000000
SLOOPY VALUE: 1024
TIME: 1.388794
SUM: 33999872
THREADS: 34
COUNT PER THREAD: 1000000
SLOOPY VALUE: 2048
TIME: 1.191168
SUM: 33998848
THREADS: 34
COUNT PER THREAD: 1000000
SLOOPY VALUE: 4096
TIME: 0.813018
SUM: 33996800
THREADS: 34
COUNT PER THREAD: 1000000
SLOOPY VALUE: 8192
TIME: 0.831437
SUM: 33996800
THREADS: 35
COUNT PER THREAD: 1000000
SLOOPY VALUE: 1
TIME: 1.805844
SUM: 35000000
THREADS: 35
COUNT PER THREAD: 1000000
SLOOPY VALUE: 2
TIME: 1.386613
SUM: 35000000
THREADS: 35
COUNT PER THREAD: 1000000
SLOOPY VALUE: 4
TIME: 1.103220
SUM: 35000000
THREADS: 35
COUNT PER THREAD: 1000000
SLOOPY VALUE: 8
TIME: 0.987106
SUM: 35000000
THREADS: 35
COUNT PER THREAD: 1000000
SLOOPY VALUE: 16
TIME: 1.256581
SUM: 35000000
THREADS: 35
COUNT PER THREAD: 1000000
SLOOPY VALUE: 32
TIME: 0.884097
SUM: 35000000
THREADS: 35
COUNT PER THREAD: 1000000
SLOOPY VALUE: 64
TIME: 1.000157
SUM: 35000000
THREADS: 35
COUNT PER THREAD: 1000000
SLOOPY VALUE: 128
TIME: 0.896040
SUM: 34999936
THREADS: 35
COUNT PER THREAD: 1000000
SLOOPY VALUE: 256
TIME: 0.917219
SUM: 34999808
THREADS: 35
COUNT PER THREAD: 1000000
SLOOPY VALUE: 512
TIME: 0.992631
SUM: 34999808
THREADS: 35
COUNT PER THREAD: 1000000
SLOOPY VALUE: 1024
TIME: 0.943002
SUM: 34999296
THREADS: 35
COUNT PER THREAD: 1000000
SLOOPY VALUE: 2048
TIME: 0.984833
SUM: 34998272
THREADS: 35
COUNT PER THREAD: 1000000
SLOOPY VALUE: 4096
TIME: 0.872376
SUM: 34996224
THREADS: 35
COUNT PER THREAD: 1000000
SLOOPY VALUE: 8192
TIME: 0.983345
SUM: 34996224
THREADS: 36
COUNT PER THREAD: 1000000
SLOOPY VALUE: 1
TIME: 2.060761
SUM: 36000000
THREADS: 36
COUNT PER THREAD: 1000000
SLOOPY VALUE: 2
TIME: 1.416583
SUM: 36000000
THREADS: 36
COUNT PER THREAD: 1000000
SLOOPY VALUE: 4
TIME: 1.536119
SUM: 36000000
THREADS: 36
COUNT PER THREAD: 1000000
SLOOPY VALUE: 8
TIME: 1.245250
SUM: 36000000
THREADS: 36
COUNT PER THREAD: 1000000
SLOOPY VALUE: 16
TIME: 1.124545
SUM: 36000000
THREADS: 36
COUNT PER THREAD: 1000000
SLOOPY VALUE: 32
TIME: 0.946753
SUM: 36000000
THREADS: 36
COUNT PER THREAD: 1000000
SLOOPY VALUE: 64
TIME: 0.974247
SUM: 36000000
THREADS: 36
COUNT PER THREAD: 1000000
SLOOPY VALUE: 128
TIME: 1.078222
SUM: 36000000
THREADS: 36
COUNT PER THREAD: 1000000
SLOOPY VALUE: 256
TIME: 1.122100
SUM: 36000000
THREADS: 36
COUNT PER THREAD: 1000000
SLOOPY VALUE: 512
TIME: 1.000956
SUM: 35999744
THREADS: 36
COUNT PER THREAD: 1000000
SLOOPY VALUE: 1024
TIME: 1.086493
SUM: 35999744
THREADS: 36
COUNT PER THREAD: 1000000
SLOOPY VALUE: 2048
TIME: 1.027769
SUM: 35999744
THREADS: 36
COUNT PER THREAD: 1000000
SLOOPY VALUE: 4096
TIME: 1.033998
SUM: 35999744
THREADS: 36
COUNT PER THREAD: 1000000
SLOOPY VALUE: 8192
TIME: 1.215402
SUM: 35995648
THREADS: 37
COUNT PER THREAD: 1000000
SLOOPY VALUE: 1
TIME: 1.932442
SUM: 37000000
THREADS: 37
COUNT PER THREAD: 1000000
SLOOPY VALUE: 2
TIME: 1.365719
SUM: 37000000
THREADS: 37
COUNT PER THREAD: 1000000
SLOOPY VALUE: 4
TIME: 1.114319
SUM: 37000000
THREADS: 37
COUNT PER THREAD: 1000000
SLOOPY VALUE: 8
TIME: 0.981034
SUM: 37000000
THREADS: 37
COUNT PER THREAD: 1000000
SLOOPY VALUE: 16
TIME: 0.936899
SUM: 37000000
THREADS: 37
COUNT PER THREAD: 1000000
SLOOPY VALUE: 32
TIME: 0.903686
SUM: 37000000
THREADS: 37
COUNT PER THREAD: 1000000
SLOOPY VALUE: 64
TIME: 0.890191
SUM: 37000000
THREADS: 37
COUNT PER THREAD: 1000000
SLOOPY VALUE: 128
TIME: 0.890559
SUM: 36999936
THREADS: 37
COUNT PER THREAD: 1000000
SLOOPY VALUE: 256
TIME: 0.895302
SUM: 36999936
THREADS: 37
COUNT PER THREAD: 1000000
SLOOPY VALUE: 512
TIME: 0.898215
SUM: 36999680
THREADS: 37
COUNT PER THREAD: 1000000
SLOOPY VALUE: 1024
TIME: 0.885278
SUM: 36999168
THREADS: 37
COUNT PER THREAD: 1000000
SLOOPY VALUE: 2048
TIME: 0.874320
SUM: 36999168
THREADS: 37
COUNT PER THREAD: 1000000
SLOOPY VALUE: 4096
TIME: 0.876459
SUM: 36999168
THREADS: 37
COUNT PER THREAD: 1000000
SLOOPY VALUE: 8192
TIME: 0.873120
SUM: 36995072
THREADS: 38
COUNT PER THREAD: 1000000
SLOOPY VALUE: 1
TIME: 1.810826
SUM: 38000000
THREADS: 38
COUNT PER THREAD: 1000000
SLOOPY VALUE: 2
TIME: 1.490736
SUM: 38000000
THREADS: 38
COUNT PER THREAD: 1000000
SLOOPY VALUE: 4
TIME: 1.137710
SUM: 38000000
THREADS: 38
COUNT PER THREAD: 1000000
SLOOPY VALUE: 8
TIME: 0.995090
SUM: 38000000
THREADS: 38
COUNT PER THREAD: 1000000
SLOOPY VALUE: 16
TIME: 0.972294
SUM: 38000000
THREADS: 38
COUNT PER THREAD: 1000000
SLOOPY VALUE: 32
TIME: 1.007306
SUM: 38000000
THREADS: 38
COUNT PER THREAD: 1000000
SLOOPY VALUE: 64
TIME: 1.044417
SUM: 38000000
THREADS: 38
COUNT PER THREAD: 1000000
SLOOPY VALUE: 128
TIME: 1.032318
SUM: 38000000
THREADS: 38
COUNT PER THREAD: 1000000
SLOOPY VALUE: 256
TIME: 0.996885
SUM: 37999872
THREADS: 38
COUNT PER THREAD: 1000000
SLOOPY VALUE: 512
TIME: 0.947941
SUM: 37999616
THREADS: 38
COUNT PER THREAD: 1000000
SLOOPY VALUE: 1024
TIME: 0.972151
SUM: 37999616
THREADS: 38
COUNT PER THREAD: 1000000
SLOOPY VALUE: 2048
TIME: 0.958348
SUM: 37998592
THREADS: 38
COUNT PER THREAD: 1000000
SLOOPY VALUE: 4096
TIME: 0.950753
SUM: 37998592
THREADS: 38
COUNT PER THREAD: 1000000
SLOOPY VALUE: 8192
TIME: 0.942463
SUM: 37994496
THREADS: 39
COUNT PER THREAD: 1000000
SLOOPY VALUE: 1
TIME: 1.870185
SUM: 39000000
THREADS: 39
COUNT PER THREAD: 1000000
SLOOPY VALUE: 2
TIME: 1.436173
SUM: 39000000
THREADS: 39
COUNT PER THREAD: 1000000
SLOOPY VALUE: 4
TIME: 1.257291
SUM: 39000000
THREADS: 39
COUNT PER THREAD: 1000000
SLOOPY VALUE: 8
TIME: 1.147183
SUM: 39000000
THREADS: 39
COUNT PER THREAD: 1000000
SLOOPY VALUE: 16
TIME: 1.072180
SUM: 39000000
THREADS: 39
COUNT PER THREAD: 1000000
SLOOPY VALUE: 32
TIME: 1.079950
SUM: 39000000
THREADS: 39
COUNT PER THREAD: 1000000
SLOOPY VALUE: 64
TIME: 0.960615
SUM: 39000000
THREADS: 39
COUNT PER THREAD: 1000000
SLOOPY VALUE: 128
TIME: 1.014346
SUM: 38999936
THREADS: 39
COUNT PER THREAD: 1000000
SLOOPY VALUE: 256
TIME: 0.946147
SUM: 38999808
THREADS: 39
COUNT PER THREAD: 1000000
SLOOPY VALUE: 512
TIME: 0.936990
SUM: 38999552
THREADS: 39
COUNT PER THREAD: 1000000
SLOOPY VALUE: 1024
TIME: 0.926093
SUM: 38999040
THREADS: 39
COUNT PER THREAD: 1000000
SLOOPY VALUE: 2048
TIME: 0.930807
SUM: 38998016
THREADS: 39
COUNT PER THREAD: 1000000
SLOOPY VALUE: 4096
TIME: 0.948001
SUM: 38998016
THREADS: 39
COUNT PER THREAD: 1000000
SLOOPY VALUE: 8192
TIME: 1.000063
SUM: 38993920
THREADS: 40
COUNT PER THREAD: 1000000
SLOOPY VALUE: 1
TIME: 1.913382
SUM: 40000000
THREADS: 40
COUNT PER THREAD: 1000000
SLOOPY VALUE: 2
TIME: 1.434086
SUM: 40000000
THREADS: 40
COUNT PER THREAD: 1000000
SLOOPY VALUE: 4
TIME: 1.198863
SUM: 40000000
THREADS: 40
COUNT PER THREAD: 1000000
SLOOPY VALUE: 8
TIME: 1.079668
SUM: 40000000
THREADS: 40
COUNT PER THREAD: 1000000
SLOOPY VALUE: 16
TIME: 0.997795
SUM: 40000000
THREADS: 40
COUNT PER THREAD: 1000000
SLOOPY VALUE: 32
TIME: 0.987259
SUM: 40000000
THREADS: 40
COUNT PER THREAD: 1000000
SLOOPY VALUE: 64
TIME: 0.962384
SUM: 40000000
THREADS: 40
COUNT PER THREAD: 1000000
SLOOPY VALUE: 128
TIME: 0.977454
SUM: 40000000
THREADS: 40
COUNT PER THREAD: 1000000
SLOOPY VALUE: 256
TIME: 0.967126
SUM: 40000000
THREADS: 40
COUNT PER THREAD: 1000000
SLOOPY VALUE: 512
TIME: 0.946328
SUM: 40000000
THREADS: 40
COUNT PER THREAD: 1000000
SLOOPY VALUE: 1024
TIME: 0.944116
SUM: 39999488
THREADS: 40
COUNT PER THREAD: 1000000
SLOOPY VALUE: 2048
TIME: 0.939864
SUM: 39999488
THREADS: 40
COUNT PER THREAD: 1000000
SLOOPY VALUE: 4096
TIME: 0.979105
SUM: 39997440
THREADS: 40
COUNT PER THREAD: 1000000
SLOOPY VALUE: 8192
TIME: 1.024502
SUM: 39993344
THREADS: 41
COUNT PER THREAD: 1000000
SLOOPY VALUE: 1
TIME: 2.138995
SUM: 41000000
THREADS: 41
COUNT PER THREAD: 1000000
SLOOPY VALUE: 2
TIME: 1.484162
SUM: 41000000
THREADS: 41
COUNT PER THREAD: 1000000
SLOOPY VALUE: 4
TIME: 1.268725
SUM: 41000000
THREADS: 41
COUNT PER THREAD: 1000000
SLOOPY VALUE: 8
TIME: 1.134420
SUM: 41000000
THREADS: 41
COUNT PER THREAD: 1000000
SLOOPY VALUE: 16
TIME: 1.060606
SUM: 41000000
THREADS: 41
COUNT PER THREAD: 1000000
SLOOPY VALUE: 32
TIME: 1.022436
SUM: 41000000
THREADS: 41
COUNT PER THREAD: 1000000
SLOOPY VALUE: 64
TIME: 0.993903
SUM: 41000000
THREADS: 41
COUNT PER THREAD: 1000000
SLOOPY VALUE: 128
TIME: 0.981435
SUM: 40999936
THREADS: 41
COUNT PER THREAD: 1000000
SLOOPY VALUE: 256
TIME: 1.010258
SUM: 40999936
THREADS: 41
COUNT PER THREAD: 1000000
SLOOPY VALUE: 512
TIME: 1.066019
SUM: 40999936
THREADS: 41
COUNT PER THREAD: 1000000
SLOOPY VALUE: 1024
TIME: 1.302413
SUM: 40999936
THREADS: 41
COUNT PER THREAD: 1000000
SLOOPY VALUE: 2048
TIME: 1.705471
SUM: 40998912
THREADS: 41
COUNT PER THREAD: 1000000
SLOOPY VALUE: 4096
TIME: 1.234640
SUM: 40996864
THREADS: 41
COUNT PER THREAD: 1000000
SLOOPY VALUE: 8192
TIME: 1.256738
SUM: 40992768
THREADS: 42
COUNT PER THREAD: 1000000
SLOOPY VALUE: 1
TIME: 2.102268
SUM: 42000000
THREADS: 42
COUNT PER THREAD: 1000000
SLOOPY VALUE: 2
TIME: 1.754716
SUM: 42000000
THREADS: 42
COUNT PER THREAD: 1000000
SLOOPY VALUE: 4
TIME: 1.382967
SUM: 42000000
THREADS: 42
COUNT PER THREAD: 1000000
SLOOPY VALUE: 8
TIME: 1.206410
SUM: 42000000
THREADS: 42
COUNT PER THREAD: 1000000
SLOOPY VALUE: 16
TIME: 1.324822
SUM: 42000000
THREADS: 42
COUNT PER THREAD: 1000000
SLOOPY VALUE: 32
TIME: 1.174789
SUM: 42000000
THREADS: 42
COUNT PER THREAD: 1000000
SLOOPY VALUE: 64
TIME: 1.110186
SUM: 42000000
THREADS: 42
COUNT PER THREAD: 1000000
SLOOPY VALUE: 128
TIME: 1.106358
SUM: 42000000
THREADS: 42
COUNT PER THREAD: 1000000
SLOOPY VALUE: 256
TIME: 1.202678
SUM: 41999872
THREADS: 42
COUNT PER THREAD: 1000000
SLOOPY VALUE: 512
TIME: 1.112619
SUM: 41999872
THREADS: 42
COUNT PER THREAD: 1000000
SLOOPY VALUE: 1024
TIME: 1.156374
SUM: 41999360
THREADS: 42
COUNT PER THREAD: 1000000
SLOOPY VALUE: 2048
TIME: 1.068589
SUM: 41998336
THREADS: 42
COUNT PER THREAD: 1000000
SLOOPY VALUE: 4096
TIME: 1.060433
SUM: 41996288
THREADS: 42
COUNT PER THREAD: 1000000
SLOOPY VALUE: 8192
TIME: 1.239363
SUM: 41992192
THREADS: 43
COUNT PER THREAD: 1000000
SLOOPY VALUE: 1
TIME: 2.351884
SUM: 43000000
THREADS: 43
COUNT PER THREAD: 1000000
SLOOPY VALUE: 2
TIME: 1.708492
SUM: 43000000
THREADS: 43
COUNT PER THREAD: 1000000
SLOOPY VALUE: 4
TIME: 1.504286
SUM: 43000000
THREADS: 43
COUNT PER THREAD: 1000000
SLOOPY VALUE: 8
TIME: 1.136724
SUM: 43000000
THREADS: 43
COUNT PER THREAD: 1000000
SLOOPY VALUE: 16
TIME: 1.070036
SUM: 43000000
THREADS: 43
COUNT PER THREAD: 1000000
SLOOPY VALUE: 32
TIME: 1.139860
SUM: 43000000
THREADS: 43
COUNT PER THREAD: 1000000
SLOOPY VALUE: 64
TIME: 1.030945
SUM: 43000000
THREADS: 43
COUNT PER THREAD: 1000000
SLOOPY VALUE: 128
TIME: 1.029533
SUM: 42999936
THREADS: 43
COUNT PER THREAD: 1000000
SLOOPY VALUE: 256
TIME: 1.219987
SUM: 42999808
THREADS: 43
COUNT PER THREAD: 1000000
SLOOPY VALUE: 512
TIME: 1.096284
SUM: 42999808
THREADS: 43
COUNT PER THREAD: 1000000
SLOOPY VALUE: 1024
TIME: 1.338256
SUM: 42999808
THREADS: 43
COUNT PER THREAD: 1000000
SLOOPY VALUE: 2048
TIME: 1.108942
SUM: 42999808
THREADS: 43
COUNT PER THREAD: 1000000
SLOOPY VALUE: 4096
TIME: 1.132627
SUM: 42999808
THREADS: 43
COUNT PER THREAD: 1000000
SLOOPY VALUE: 8192
TIME: 1.015300
SUM: 42999808
THREADS: 44
COUNT PER THREAD: 1000000
SLOOPY VALUE: 1
TIME: 2.232543
SUM: 44000000
THREADS: 44
COUNT PER THREAD: 1000000
SLOOPY VALUE: 2
TIME: 1.603901
SUM: 44000000
THREADS: 44
COUNT PER THREAD: 1000000
SLOOPY VALUE: 4
TIME: 1.428507
SUM: 44000000
THREADS: 44
COUNT PER THREAD: 1000000
SLOOPY VALUE: 8
TIME: 1.165021
SUM: 44000000
THREADS: 44
COUNT PER THREAD: 1000000
SLOOPY VALUE: 16
TIME: 1.384609
SUM: 44000000
THREADS: 44
COUNT PER THREAD: 1000000
SLOOPY VALUE: 32
TIME: 1.492206
SUM: 44000000
THREADS: 44
COUNT PER THREAD: 1000000
SLOOPY VALUE: 64
TIME: 1.099597
SUM: 44000000
THREADS: 44
COUNT PER THREAD: 1000000
SLOOPY VALUE: 128
TIME: 1.176226
SUM: 44000000
THREADS: 44
COUNT PER THREAD: 1000000
SLOOPY VALUE: 256
TIME: 1.050859
SUM: 44000000
THREADS: 44
COUNT PER THREAD: 1000000
SLOOPY VALUE: 512
TIME: 1.049377
SUM: 43999744
THREADS: 44
COUNT PER THREAD: 1000000
SLOOPY VALUE: 1024
TIME: 1.052305
SUM: 43999232
THREADS: 44
COUNT PER THREAD: 1000000
SLOOPY VALUE: 2048
TIME: 1.049351
SUM: 43999232
THREADS: 44
COUNT PER THREAD: 1000000
SLOOPY VALUE: 4096
TIME: 1.138640
SUM: 43999232
THREADS: 44
COUNT PER THREAD: 1000000
SLOOPY VALUE: 8192
TIME: 1.044315
SUM: 43999232
THREADS: 45
COUNT PER THREAD: 1000000
SLOOPY VALUE: 1
TIME: 2.273029
SUM: 45000000
THREADS: 45
COUNT PER THREAD: 1000000
SLOOPY VALUE: 2
TIME: 1.635750
SUM: 45000000
THREADS: 45
COUNT PER THREAD: 1000000
SLOOPY VALUE: 4
TIME: 1.346051
SUM: 45000000
THREADS: 45
COUNT PER THREAD: 1000000
SLOOPY VALUE: 8
TIME: 1.171084
SUM: 45000000
THREADS: 45
COUNT PER THREAD: 1000000
SLOOPY VALUE: 16
TIME: 1.120855
SUM: 45000000
THREADS: 45
COUNT PER THREAD: 1000000
SLOOPY VALUE: 32
TIME: 1.094739
SUM: 45000000
THREADS: 45
COUNT PER THREAD: 1000000
SLOOPY VALUE: 64
TIME: 1.081633
SUM: 45000000
THREADS: 45
COUNT PER THREAD: 1000000
SLOOPY VALUE: 128
TIME: 1.064611
SUM: 44999936
THREADS: 45
COUNT PER THREAD: 1000000
SLOOPY VALUE: 256
TIME: 1.061699
SUM: 44999936
THREADS: 45
COUNT PER THREAD: 1000000
SLOOPY VALUE: 512
TIME: 1.061134
SUM: 44999680
THREADS: 45
COUNT PER THREAD: 1000000
SLOOPY VALUE: 1024
TIME: 1.073312
SUM: 44999680
THREADS: 45
COUNT PER THREAD: 1000000
SLOOPY VALUE: 2048
TIME: 1.063117
SUM: 44998656
THREADS: 45
COUNT PER THREAD: 1000000
SLOOPY VALUE: 4096
TIME: 1.162692
SUM: 44998656
THREADS: 45
COUNT PER THREAD: 1000000
SLOOPY VALUE: 8192
TIME: 1.344147
SUM: 44998656
THREADS: 46
COUNT PER THREAD: 1000000
SLOOPY VALUE: 1
TIME: 2.551091
SUM: 46000000
THREADS: 46
COUNT PER THREAD: 1000000
SLOOPY VALUE: 2
TIME: 1.761379
SUM: 46000000
THREADS: 46
COUNT PER THREAD: 1000000
SLOOPY VALUE: 4
TIME: 1.515010
SUM: 46000000
THREADS: 46
COUNT PER THREAD: 1000000
SLOOPY VALUE: 8
TIME: 1.320600
SUM: 46000000
THREADS: 46
COUNT PER THREAD: 1000000
SLOOPY VALUE: 16
TIME: 1.264775
SUM: 46000000
THREADS: 46
COUNT PER THREAD: 1000000
SLOOPY VALUE: 32
TIME: 1.224946
SUM: 46000000
THREADS: 46
COUNT PER THREAD: 1000000
SLOOPY VALUE: 64
TIME: 1.196010
SUM: 46000000
THREADS: 46
COUNT PER THREAD: 1000000
SLOOPY VALUE: 128
TIME: 1.243127
SUM: 46000000
THREADS: 46
COUNT PER THREAD: 1000000
SLOOPY VALUE: 256
TIME: 1.233449
SUM: 45999872
THREADS: 46
COUNT PER THREAD: 1000000
SLOOPY VALUE: 512
TIME: 1.282456
SUM: 45999616
THREADS: 46
COUNT PER THREAD: 1000000
SLOOPY VALUE: 1024
TIME: 1.161902
SUM: 45999104
THREADS: 46
COUNT PER THREAD: 1000000
SLOOPY VALUE: 2048
TIME: 1.109546
SUM: 45998080
THREADS: 46
COUNT PER THREAD: 1000000
SLOOPY VALUE: 4096
TIME: 1.115712
SUM: 45998080
THREADS: 46
COUNT PER THREAD: 1000000
SLOOPY VALUE: 8192
TIME: 1.197591
SUM: 45998080
THREADS: 47
COUNT PER THREAD: 1000000
SLOOPY VALUE: 1
TIME: 2.415932
SUM: 47000000
THREADS: 47
COUNT PER THREAD: 1000000
SLOOPY VALUE: 2
TIME: 1.785277
SUM: 47000000
THREADS: 47
COUNT PER THREAD: 1000000
SLOOPY VALUE: 4
TIME: 1.529177
SUM: 47000000
THREADS: 47
COUNT PER THREAD: 1000000
SLOOPY VALUE: 8
TIME: 1.282199
SUM: 47000000
THREADS: 47
COUNT PER THREAD: 1000000
SLOOPY VALUE: 16
TIME: 1.223253
SUM: 47000000
THREADS: 47
COUNT PER THREAD: 1000000
SLOOPY VALUE: 32
TIME: 1.242456
SUM: 47000000
THREADS: 47
COUNT PER THREAD: 1000000
SLOOPY VALUE: 64
TIME: 1.250482
SUM: 47000000
THREADS: 47
COUNT PER THREAD: 1000000
SLOOPY VALUE: 128
TIME: 1.295025
SUM: 46999936
THREADS: 47
COUNT PER THREAD: 1000000
SLOOPY VALUE: 256
TIME: 1.188129
SUM: 46999808
THREADS: 47
COUNT PER THREAD: 1000000
SLOOPY VALUE: 512
TIME: 1.203439
SUM: 46999552
THREADS: 47
COUNT PER THREAD: 1000000
SLOOPY VALUE: 1024
TIME: 1.121367
SUM: 46999552
THREADS: 47
COUNT PER THREAD: 1000000
SLOOPY VALUE: 2048
TIME: 1.229812
SUM: 46999552
THREADS: 47
COUNT PER THREAD: 1000000
SLOOPY VALUE: 4096
TIME: 1.284894
SUM: 46997504
THREADS: 47
COUNT PER THREAD: 1000000
SLOOPY VALUE: 8192
TIME: 1.287959
SUM: 46997504
THREADS: 48
COUNT PER THREAD: 1000000
SLOOPY VALUE: 1
TIME: 2.777804
SUM: 48000000
THREADS: 48
COUNT PER THREAD: 1000000
SLOOPY VALUE: 2
TIME: 1.861674
SUM: 48000000
THREADS: 48
COUNT PER THREAD: 1000000
SLOOPY VALUE: 4
TIME: 1.590771
SUM: 48000000
THREADS: 48
COUNT PER THREAD: 1000000
SLOOPY VALUE: 8
TIME: 1.470712
SUM: 48000000
THREADS: 48
COUNT PER THREAD: 1000000
SLOOPY VALUE: 16
TIME: 1.353106
SUM: 48000000
THREADS: 48
COUNT PER THREAD: 1000000
SLOOPY VALUE: 32
TIME: 1.205252
SUM: 48000000
THREADS: 48
COUNT PER THREAD: 1000000
SLOOPY VALUE: 64
TIME: 1.149581
SUM: 48000000
THREADS: 48
COUNT PER THREAD: 1000000
SLOOPY VALUE: 128
TIME: 1.181757
SUM: 48000000
THREADS: 48
COUNT PER THREAD: 1000000
SLOOPY VALUE: 256
TIME: 1.152123
SUM: 48000000
THREADS: 48
COUNT PER THREAD: 1000000
SLOOPY VALUE: 512
TIME: 1.136631
SUM: 48000000
THREADS: 48
COUNT PER THREAD: 1000000
SLOOPY VALUE: 1024
TIME: 1.139519
SUM: 48000000
THREADS: 48
COUNT PER THREAD: 1000000
SLOOPY VALUE: 2048
TIME: 1.130643
SUM: 47998976
THREADS: 48
COUNT PER THREAD: 1000000
SLOOPY VALUE: 4096
TIME: 1.176781
SUM: 47996928
THREADS: 48
COUNT PER THREAD: 1000000
SLOOPY VALUE: 8192
TIME: 1.201933
SUM: 47996928
THREADS: 49
COUNT PER THREAD: 1000000
SLOOPY VALUE: 1
TIME: 2.338951
SUM: 49000000
THREADS: 49
COUNT PER THREAD: 1000000
SLOOPY VALUE: 2
TIME: 1.857015
SUM: 49000000
THREADS: 49
COUNT PER THREAD: 1000000
SLOOPY VALUE: 4
TIME: 1.513744
SUM: 49000000
THREADS: 49
COUNT PER THREAD: 1000000
SLOOPY VALUE: 8
TIME: 1.343662
SUM: 49000000
THREADS: 49
COUNT PER THREAD: 1000000
SLOOPY VALUE: 16
TIME: 1.356933
SUM: 49000000
THREADS: 49
COUNT PER THREAD: 1000000
SLOOPY VALUE: 32
TIME: 1.380755
SUM: 49000000
THREADS: 49
COUNT PER THREAD: 1000000
SLOOPY VALUE: 64
TIME: 1.359116
SUM: 49000000
THREADS: 49
COUNT PER THREAD: 1000000
SLOOPY VALUE: 128
TIME: 1.281124
SUM: 48999936
THREADS: 49
COUNT PER THREAD: 1000000
SLOOPY VALUE: 256
TIME: 1.270585
SUM: 48999936
THREADS: 49
COUNT PER THREAD: 1000000
SLOOPY VALUE: 512
TIME: 1.271659
SUM: 48999936
THREADS: 49
COUNT PER THREAD: 1000000
SLOOPY VALUE: 1024
TIME: 1.304582
SUM: 48999424
THREADS: 49
COUNT PER THREAD: 1000000
SLOOPY VALUE: 2048
TIME: 1.344660
SUM: 48998400
THREADS: 49
COUNT PER THREAD: 1000000
SLOOPY VALUE: 4096
TIME: 1.316429
SUM: 48996352
THREADS: 49
COUNT PER THREAD: 1000000
SLOOPY VALUE: 8192
TIME: 1.324205
SUM: 48996352
THREADS: 50
COUNT PER THREAD: 1000000
SLOOPY VALUE: 1
TIME: 2.580247
SUM: 50000000
THREADS: 50
COUNT PER THREAD: 1000000
SLOOPY VALUE: 2
TIME: 1.990416
SUM: 50000000
THREADS: 50
COUNT PER THREAD: 1000000
SLOOPY VALUE: 4
TIME: 1.640073
SUM: 50000000
THREADS: 50
COUNT PER THREAD: 1000000
SLOOPY VALUE: 8
TIME: 1.528259
SUM: 50000000
THREADS: 50
COUNT PER THREAD: 1000000
SLOOPY VALUE: 16
TIME: 1.423984
SUM: 50000000
THREADS: 50
COUNT PER THREAD: 1000000
SLOOPY VALUE: 32
TIME: 1.392773
SUM: 50000000
THREADS: 50
COUNT PER THREAD: 1000000
SLOOPY VALUE: 64
TIME: 1.356576
SUM: 50000000
THREADS: 50
COUNT PER THREAD: 1000000
SLOOPY VALUE: 128
TIME: 1.380784
SUM: 50000000
THREADS: 50
COUNT PER THREAD: 1000000
SLOOPY VALUE: 256
TIME: 1.340848
SUM: 49999872
THREADS: 50
COUNT PER THREAD: 1000000
SLOOPY VALUE: 512
TIME: 1.353591
SUM: 49999872
THREADS: 50
COUNT PER THREAD: 1000000
SLOOPY VALUE: 1024
TIME: 1.434331
SUM: 49999872
THREADS: 50
COUNT PER THREAD: 1000000
SLOOPY VALUE: 2048
TIME: 1.333011
SUM: 49999872
THREADS: 50
COUNT PER THREAD: 1000000
SLOOPY VALUE: 4096
TIME: 1.302345
SUM: 49999872
THREADS: 50
COUNT PER THREAD: 1000000
SLOOPY VALUE: 8192
TIME: 1.370006
SUM: 49995776
THREADS: 51
COUNT PER THREAD: 1000000
SLOOPY VALUE: 1
TIME: 2.764093
SUM: 51000000
THREADS: 51
COUNT PER THREAD: 1000000
SLOOPY VALUE: 2
TIME: 2.051643
SUM: 51000000
THREADS: 51
COUNT PER THREAD: 1000000
SLOOPY VALUE: 4
TIME: 1.700207
SUM: 51000000
THREADS: 51
COUNT PER THREAD: 1000000
SLOOPY VALUE: 8
TIME: 1.572946
SUM: 51000000
THREADS: 51
COUNT PER THREAD: 1000000
SLOOPY VALUE: 16
TIME: 1.498450
SUM: 51000000
THREADS: 51
COUNT PER THREAD: 1000000
SLOOPY VALUE: 32
TIME: 1.420515
SUM: 51000000
THREADS: 51
COUNT PER THREAD: 1000000
SLOOPY VALUE: 64
TIME: 1.355632
SUM: 51000000
THREADS: 51
COUNT PER THREAD: 1000000
SLOOPY VALUE: 128
TIME: 1.410998
SUM: 50999936
THREADS: 51
COUNT PER THREAD: 1000000
SLOOPY VALUE: 256
TIME: 1.388856
SUM: 50999808
THREADS: 51
COUNT PER THREAD: 1000000
SLOOPY VALUE: 512
TIME: 1.391879
SUM: 50999808
THREADS: 51
COUNT PER THREAD: 1000000
SLOOPY VALUE: 1024
TIME: 1.420425
SUM: 50999296
THREADS: 51
COUNT PER THREAD: 1000000
SLOOPY VALUE: 2048
TIME: 1.410428
SUM: 50999296
THREADS: 51
COUNT PER THREAD: 1000000
SLOOPY VALUE: 4096
TIME: 1.341038
SUM: 50999296
THREADS: 51
COUNT PER THREAD: 1000000
SLOOPY VALUE: 8192
TIME: 1.336861
SUM: 50995200
THREADS: 52
COUNT PER THREAD: 1000000
SLOOPY VALUE: 1
TIME: 2.746217
SUM: 52000000
THREADS: 52
COUNT PER THREAD: 1000000
SLOOPY VALUE: 2
TIME: 2.141980
SUM: 52000000
THREADS: 52
COUNT PER THREAD: 1000000
SLOOPY VALUE: 4
TIME: 1.734789
SUM: 52000000
THREADS: 52
COUNT PER THREAD: 1000000
SLOOPY VALUE: 8
TIME: 1.601539
SUM: 52000000
THREADS: 52
COUNT PER THREAD: 1000000
SLOOPY VALUE: 16
TIME: 1.462586
SUM: 52000000
THREADS: 52
COUNT PER THREAD: 1000000
SLOOPY VALUE: 32
TIME: 1.561274
SUM: 52000000
THREADS: 52
COUNT PER THREAD: 1000000
SLOOPY VALUE: 64
TIME: 1.524057
SUM: 52000000
THREADS: 52
COUNT PER THREAD: 1000000
SLOOPY VALUE: 128
TIME: 1.486986
SUM: 52000000
THREADS: 52
COUNT PER THREAD: 1000000
SLOOPY VALUE: 256
TIME: 1.473454
SUM: 52000000
THREADS: 52
COUNT PER THREAD: 1000000
SLOOPY VALUE: 512
TIME: 1.434447
SUM: 51999744
THREADS: 52
COUNT PER THREAD: 1000000
SLOOPY VALUE: 1024
TIME: 1.407704
SUM: 51999744
THREADS: 52
COUNT PER THREAD: 1000000
SLOOPY VALUE: 2048
TIME: 1.559826
SUM: 51998720
THREADS: 52
COUNT PER THREAD: 1000000
SLOOPY VALUE: 4096
TIME: 1.460522
SUM: 51998720
THREADS: 52
COUNT PER THREAD: 1000000
SLOOPY VALUE: 8192
TIME: 1.388990
SUM: 51994624
THREADS: 53
COUNT PER THREAD: 1000000
SLOOPY VALUE: 1
TIME: 2.776546
SUM: 53000000
THREADS: 53
COUNT PER THREAD: 1000000
SLOOPY VALUE: 2
TIME: 2.246326
SUM: 53000000
THREADS: 53
COUNT PER THREAD: 1000000
SLOOPY VALUE: 4
TIME: 2.300352
SUM: 53000000
THREADS: 53
COUNT PER THREAD: 1000000
SLOOPY VALUE: 8
TIME: 1.676998
SUM: 53000000
THREADS: 53
COUNT PER THREAD: 1000000
SLOOPY VALUE: 16
TIME: 1.827781
SUM: 53000000
THREADS: 53
COUNT PER THREAD: 1000000
SLOOPY VALUE: 32
TIME: 1.507343
SUM: 53000000
THREADS: 53
COUNT PER THREAD: 1000000
SLOOPY VALUE: 64
TIME: 1.466378
SUM: 53000000
THREADS: 53
COUNT PER THREAD: 1000000
SLOOPY VALUE: 128
TIME: 1.517238
SUM: 52999936
THREADS: 53
COUNT PER THREAD: 1000000
SLOOPY VALUE: 256
TIME: 1.483233
SUM: 52999936
THREADS: 53
COUNT PER THREAD: 1000000
SLOOPY VALUE: 512
TIME: 1.495187
SUM: 52999680
THREADS: 53
COUNT PER THREAD: 1000000
SLOOPY VALUE: 1024
TIME: 1.495523
SUM: 52999168
THREADS: 53
COUNT PER THREAD: 1000000
SLOOPY VALUE: 2048
TIME: 1.968623
SUM: 52998144
THREADS: 53
COUNT PER THREAD: 1000000
SLOOPY VALUE: 4096
TIME: 3.438652
SUM: 52998144
THREADS: 53
COUNT PER THREAD: 1000000
SLOOPY VALUE: 8192
TIME: 1.471968
SUM: 52994048
THREADS: 54
COUNT PER THREAD: 1000000
SLOOPY VALUE: 1
TIME: 2.998384
SUM: 54000000
THREADS: 54
COUNT PER THREAD: 1000000
SLOOPY VALUE: 2
TIME: 2.065330
SUM: 54000000
THREADS: 54
COUNT PER THREAD: 1000000
SLOOPY VALUE: 4
TIME: 1.829296
SUM: 54000000
THREADS: 54
COUNT PER THREAD: 1000000
SLOOPY VALUE: 8
TIME: 1.584947
SUM: 54000000
THREADS: 54
COUNT PER THREAD: 1000000
SLOOPY VALUE: 16
TIME: 1.612637
SUM: 54000000
THREADS: 54
COUNT PER THREAD: 1000000
SLOOPY VALUE: 32
TIME: 1.408261
SUM: 54000000
THREADS: 54
COUNT PER THREAD: 1000000
SLOOPY VALUE: 64
TIME: 1.446834
SUM: 54000000
THREADS: 54
COUNT PER THREAD: 1000000
SLOOPY VALUE: 128
TIME: 1.552065
SUM: 54000000
THREADS: 54
COUNT PER THREAD: 1000000
SLOOPY VALUE: 256
TIME: 1.311025
SUM: 53999872
THREADS: 54
COUNT PER THREAD: 1000000
SLOOPY VALUE: 512
TIME: 2.099060
SUM: 53999616
THREADS: 54
COUNT PER THREAD: 1000000
SLOOPY VALUE: 1024
TIME: 2.227482
SUM: 53999616
THREADS: 54
COUNT PER THREAD: 1000000
SLOOPY VALUE: 2048
TIME: 1.345029
SUM: 53999616
THREADS: 54
COUNT PER THREAD: 1000000
SLOOPY VALUE: 4096
TIME: 1.379567
SUM: 53997568
THREADS: 54
COUNT PER THREAD: 1000000
SLOOPY VALUE: 8192
TIME: 1.462880
SUM: 53993472
THREADS: 55
COUNT PER THREAD: 1000000
SLOOPY VALUE: 1
TIME: 4.321440
SUM: 55000000
THREADS: 55
COUNT PER THREAD: 1000000
SLOOPY VALUE: 2
TIME: 2.201512
SUM: 55000000
THREADS: 55
COUNT PER THREAD: 1000000
SLOOPY VALUE: 4
TIME: 1.851855
SUM: 55000000
THREADS: 55
COUNT PER THREAD: 1000000
SLOOPY VALUE: 8
TIME: 1.568590
SUM: 55000000
THREADS: 55
COUNT PER THREAD: 1000000
SLOOPY VALUE: 16
TIME: 1.617766
SUM: 55000000
THREADS: 55
COUNT PER THREAD: 1000000
SLOOPY VALUE: 32
TIME: 1.653495
SUM: 55000000
THREADS: 55
COUNT PER THREAD: 1000000
SLOOPY VALUE: 64
TIME: 1.537158
SUM: 55000000
THREADS: 55
COUNT PER THREAD: 1000000
SLOOPY VALUE: 128
TIME: 1.599221
SUM: 54999936
THREADS: 55
COUNT PER THREAD: 1000000
SLOOPY VALUE: 256
TIME: 1.582154
SUM: 54999808
THREADS: 55
COUNT PER THREAD: 1000000
SLOOPY VALUE: 512
TIME: 1.603056
SUM: 54999552
THREADS: 55
COUNT PER THREAD: 1000000
SLOOPY VALUE: 1024
TIME: 1.589491
SUM: 54999040
THREADS: 55
COUNT PER THREAD: 1000000
SLOOPY VALUE: 2048
TIME: 1.595764
SUM: 54999040
THREADS: 55
COUNT PER THREAD: 1000000
SLOOPY VALUE: 4096
TIME: 1.590572
SUM: 54996992
THREADS: 55
COUNT PER THREAD: 1000000
SLOOPY VALUE: 8192
TIME: 1.512200
SUM: 54992896
THREADS: 56
COUNT PER THREAD: 1000000
SLOOPY VALUE: 1
TIME: 3.077520
SUM: 56000000
THREADS: 56
COUNT PER THREAD: 1000000
SLOOPY VALUE: 2
TIME: 2.345974
SUM: 56000000
THREADS: 56
COUNT PER THREAD: 1000000
SLOOPY VALUE: 4
TIME: 1.991481
SUM: 56000000
THREADS: 56
COUNT PER THREAD: 1000000
SLOOPY VALUE: 8
TIME: 1.762921
SUM: 56000000
THREADS: 56
COUNT PER THREAD: 1000000
SLOOPY VALUE: 16
TIME: 1.704794
SUM: 56000000
THREADS: 56
COUNT PER THREAD: 1000000
SLOOPY VALUE: 32
TIME: 1.678241
SUM: 56000000
THREADS: 56
COUNT PER THREAD: 1000000
SLOOPY VALUE: 64
TIME: 1.651623
SUM: 56000000
THREADS: 56
COUNT PER THREAD: 1000000
SLOOPY VALUE: 128
TIME: 1.597192
SUM: 56000000
THREADS: 56
COUNT PER THREAD: 1000000
SLOOPY VALUE: 256
TIME: 1.592254
SUM: 56000000
THREADS: 56
COUNT PER THREAD: 1000000
SLOOPY VALUE: 512
TIME: 1.619230
SUM: 56000000
THREADS: 56
COUNT PER THREAD: 1000000
SLOOPY VALUE: 1024
TIME: 1.624106
SUM: 55999488
THREADS: 56
COUNT PER THREAD: 1000000
SLOOPY VALUE: 2048
TIME: 1.589433
SUM: 55998464
THREADS: 56
COUNT PER THREAD: 1000000
SLOOPY VALUE: 4096
TIME: 1.525893
SUM: 55996416
THREADS: 56
COUNT PER THREAD: 1000000
SLOOPY VALUE: 8192
TIME: 1.583643
SUM: 55992320
THREADS: 57
COUNT PER THREAD: 1000000
SLOOPY VALUE: 1
TIME: 3.127661
SUM: 57000000
THREADS: 57
COUNT PER THREAD: 1000000
SLOOPY VALUE: 2
TIME: 2.351899
SUM: 57000000
THREADS: 57
COUNT PER THREAD: 1000000
SLOOPY VALUE: 4
TIME: 1.918130
SUM: 57000000
THREADS: 57
COUNT PER THREAD: 1000000
SLOOPY VALUE: 8
TIME: 1.750325
SUM: 57000000
THREADS: 57
COUNT PER THREAD: 1000000
SLOOPY VALUE: 16
TIME: 1.650886
SUM: 57000000
THREADS: 57
COUNT PER THREAD: 1000000
SLOOPY VALUE: 32
TIME: 1.657608
SUM: 57000000
THREADS: 57
COUNT PER THREAD: 1000000
SLOOPY VALUE: 64
TIME: 1.619356
SUM: 57000000
THREADS: 57
COUNT PER THREAD: 1000000
SLOOPY VALUE: 128
TIME: 1.635804
SUM: 56999936
THREADS: 57
COUNT PER THREAD: 1000000
SLOOPY VALUE: 256
TIME: 1.676107
SUM: 56999936
THREADS: 57
COUNT PER THREAD: 1000000
SLOOPY VALUE: 512
TIME: 1.667633
SUM: 56999936
THREADS: 57
COUNT PER THREAD: 1000000
SLOOPY VALUE: 1024
TIME: 1.712032
SUM: 56999936
THREADS: 57
COUNT PER THREAD: 1000000
SLOOPY VALUE: 2048
TIME: 1.639667
SUM: 56999936
THREADS: 57
COUNT PER THREAD: 1000000
SLOOPY VALUE: 4096
TIME: 1.556000
SUM: 56999936
THREADS: 57
COUNT PER THREAD: 1000000
SLOOPY VALUE: 8192
TIME: 1.676206
SUM: 56999936
THREADS: 58
COUNT PER THREAD: 1000000
SLOOPY VALUE: 1
TIME: 3.309318
SUM: 58000000
THREADS: 58
COUNT PER THREAD: 1000000
SLOOPY VALUE: 2
TIME: 2.420848
SUM: 58000000
THREADS: 58
COUNT PER THREAD: 1000000
SLOOPY VALUE: 4
TIME: 1.950619
SUM: 58000000
THREADS: 58
COUNT PER THREAD: 1000000
SLOOPY VALUE: 8
TIME: 1.644580
SUM: 58000000
THREADS: 58
COUNT PER THREAD: 1000000
SLOOPY VALUE: 16
TIME: 1.611792
SUM: 58000000
THREADS: 58
COUNT PER THREAD: 1000000
SLOOPY VALUE: 32
TIME: 1.574587
SUM: 58000000
THREADS: 58
COUNT PER THREAD: 1000000
SLOOPY VALUE: 64
TIME: 1.525202
SUM: 58000000
THREADS: 58
COUNT PER THREAD: 1000000
SLOOPY VALUE: 128
TIME: 1.503723
SUM: 58000000
THREADS: 58
COUNT PER THREAD: 1000000
SLOOPY VALUE: 256
TIME: 1.495059
SUM: 57999872
THREADS: 58
COUNT PER THREAD: 1000000
SLOOPY VALUE: 512
TIME: 1.424270
SUM: 57999872
THREADS: 58
COUNT PER THREAD: 1000000
SLOOPY VALUE: 1024
TIME: 1.423594
SUM: 57999360
THREADS: 58
COUNT PER THREAD: 1000000
SLOOPY VALUE: 2048
TIME: 1.397980
SUM: 57999360
THREADS: 58
COUNT PER THREAD: 1000000
SLOOPY VALUE: 4096
TIME: 1.431269
SUM: 57999360
THREADS: 58
COUNT PER THREAD: 1000000
SLOOPY VALUE: 8192
TIME: 1.569380
SUM: 57999360
THREADS: 59
COUNT PER THREAD: 1000000
SLOOPY VALUE: 1
TIME: 3.154370
SUM: 59000000
THREADS: 59
COUNT PER THREAD: 1000000
SLOOPY VALUE: 2
TIME: 2.290829
SUM: 59000000
THREADS: 59
COUNT PER THREAD: 1000000
SLOOPY VALUE: 4
TIME: 1.965324
SUM: 59000000
THREADS: 59
COUNT PER THREAD: 1000000
SLOOPY VALUE: 8
TIME: 1.670325
SUM: 59000000
THREADS: 59
COUNT PER THREAD: 1000000
SLOOPY VALUE: 16
TIME: 1.802041
SUM: 59000000
THREADS: 59
COUNT PER THREAD: 1000000
SLOOPY VALUE: 32
TIME: 1.768491
SUM: 59000000
THREADS: 59
COUNT PER THREAD: 1000000
SLOOPY VALUE: 64
TIME: 1.649011
SUM: 59000000
THREADS: 59
COUNT PER THREAD: 1000000
SLOOPY VALUE: 128
TIME: 1.611844
SUM: 58999936
THREADS: 59
COUNT PER THREAD: 1000000
SLOOPY VALUE: 256
TIME: 1.525806
SUM: 58999808
THREADS: 59
COUNT PER THREAD: 1000000
SLOOPY VALUE: 512
TIME: 1.720479
SUM: 58999808
THREADS: 59
COUNT PER THREAD: 1000000
SLOOPY VALUE: 1024
TIME: 1.578045
SUM: 58999808
THREADS: 59
COUNT PER THREAD: 1000000
SLOOPY VALUE: 2048
TIME: 1.668442
SUM: 58998784
THREADS: 59
COUNT PER THREAD: 1000000
SLOOPY VALUE: 4096
TIME: 1.711979
SUM: 58998784
THREADS: 59
COUNT PER THREAD: 1000000
SLOOPY VALUE: 8192
TIME: 1.581901
SUM: 58998784
THREADS: 60
COUNT PER THREAD: 1000000
SLOOPY VALUE: 1
TIME: 3.119843
SUM: 60000000
THREADS: 60
COUNT PER THREAD: 1000000
SLOOPY VALUE: 2
TIME: 2.280094
SUM: 60000000
THREADS: 60
COUNT PER THREAD: 1000000
SLOOPY VALUE: 4
TIME: 1.880275
SUM: 60000000
THREADS: 60
COUNT PER THREAD: 1000000
SLOOPY VALUE: 8
TIME: 1.680207
SUM: 60000000
THREADS: 60
COUNT PER THREAD: 1000000
SLOOPY VALUE: 16
TIME: 1.578367
SUM: 60000000
THREADS: 60
COUNT PER THREAD: 1000000
SLOOPY VALUE: 32
TIME: 1.570446
SUM: 60000000
THREADS: 60
COUNT PER THREAD: 1000000
SLOOPY VALUE: 64
TIME: 1.562849
SUM: 60000000
THREADS: 60
COUNT PER THREAD: 1000000
SLOOPY VALUE: 128
TIME: 1.518232
SUM: 60000000
THREADS: 60
COUNT PER THREAD: 1000000
SLOOPY VALUE: 256
TIME: 1.731493
SUM: 60000000
THREADS: 60
COUNT PER THREAD: 1000000
SLOOPY VALUE: 512
TIME: 1.661268
SUM: 59999744
THREADS: 60
COUNT PER THREAD: 1000000
SLOOPY VALUE: 1024
TIME: 1.730494
SUM: 59999232
THREADS: 60
COUNT PER THREAD: 1000000
SLOOPY VALUE: 2048
TIME: 1.612548
SUM: 59998208
THREADS: 60
COUNT PER THREAD: 1000000
SLOOPY VALUE: 4096
TIME: 1.690255
SUM: 59998208
THREADS: 60
COUNT PER THREAD: 1000000
SLOOPY VALUE: 8192
TIME: 1.697547
SUM: 59998208
THREADS: 61
COUNT PER THREAD: 1000000
SLOOPY VALUE: 1
TIME: 3.285618
SUM: 61000000
THREADS: 61
COUNT PER THREAD: 1000000
SLOOPY VALUE: 2
TIME: 2.598872
SUM: 61000000
THREADS: 61
COUNT PER THREAD: 1000000
SLOOPY VALUE: 4
TIME: 2.162020
SUM: 61000000
THREADS: 61
COUNT PER THREAD: 1000000
SLOOPY VALUE: 8
TIME: 1.831436
SUM: 61000000
THREADS: 61
COUNT PER THREAD: 1000000
SLOOPY VALUE: 16
TIME: 1.775322
SUM: 61000000
THREADS: 61
COUNT PER THREAD: 1000000
SLOOPY VALUE: 32
TIME: 1.730829
SUM: 61000000
THREADS: 61
COUNT PER THREAD: 1000000
SLOOPY VALUE: 64
TIME: 1.661052
SUM: 61000000
THREADS: 61
COUNT PER THREAD: 1000000
SLOOPY VALUE: 128
TIME: 1.610970
SUM: 60999936
THREADS: 61
COUNT PER THREAD: 1000000
SLOOPY VALUE: 256
TIME: 1.743954
SUM: 60999936
THREADS: 61
COUNT PER THREAD: 1000000
SLOOPY VALUE: 512
TIME: 1.729312
SUM: 60999680
THREADS: 61
COUNT PER THREAD: 1000000
SLOOPY VALUE: 1024
TIME: 1.707888
SUM: 60999680
THREADS: 61
COUNT PER THREAD: 1000000
SLOOPY VALUE: 2048
TIME: 1.719724
SUM: 60999680
THREADS: 61
COUNT PER THREAD: 1000000
SLOOPY VALUE: 4096
TIME: 1.802898
SUM: 60997632
THREADS: 61
COUNT PER THREAD: 1000000
SLOOPY VALUE: 8192
TIME: 1.677212
SUM: 60997632
THREADS: 62
COUNT PER THREAD: 1000000
SLOOPY VALUE: 1
TIME: 3.388005
SUM: 62000000
THREADS: 62
COUNT PER THREAD: 1000000
SLOOPY VALUE: 2
TIME: 2.677735
SUM: 62000000
THREADS: 62
COUNT PER THREAD: 1000000
SLOOPY VALUE: 4
TIME: 2.214862
SUM: 62000000
THREADS: 62
COUNT PER THREAD: 1000000
SLOOPY VALUE: 8
TIME: 1.958507
SUM: 62000000
THREADS: 62
COUNT PER THREAD: 1000000
SLOOPY VALUE: 16
TIME: 1.859403
SUM: 62000000
THREADS: 62
COUNT PER THREAD: 1000000
SLOOPY VALUE: 32
TIME: 1.724754
SUM: 62000000
THREADS: 62
COUNT PER THREAD: 1000000
SLOOPY VALUE: 64
TIME: 1.760255
SUM: 62000000
THREADS: 62
COUNT PER THREAD: 1000000
SLOOPY VALUE: 128
TIME: 1.751666
SUM: 62000000
THREADS: 62
COUNT PER THREAD: 1000000
SLOOPY VALUE: 256
TIME: 1.709152
SUM: 61999872
THREADS: 62
COUNT PER THREAD: 1000000
SLOOPY VALUE: 512
TIME: 1.715781
SUM: 61999616
THREADS: 62
COUNT PER THREAD: 1000000
SLOOPY VALUE: 1024
TIME: 1.715166
SUM: 61999104
THREADS: 62
COUNT PER THREAD: 1000000
SLOOPY VALUE: 2048
TIME: 1.770371
SUM: 61999104
THREADS: 62
COUNT PER THREAD: 1000000
SLOOPY VALUE: 4096
TIME: 1.782025
SUM: 61997056
THREADS: 62
COUNT PER THREAD: 1000000
SLOOPY VALUE: 8192
TIME: 1.790262
SUM: 61997056
THREADS: 63
COUNT PER THREAD: 1000000
SLOOPY VALUE: 1
TIME: 3.427826
SUM: 63000000
THREADS: 63
COUNT PER THREAD: 1000000
SLOOPY VALUE: 2
TIME: 2.631904
SUM: 63000000
THREADS: 63
COUNT PER THREAD: 1000000
SLOOPY VALUE: 4
TIME: 2.158988
SUM: 63000000
THREADS: 63
COUNT PER THREAD: 1000000
SLOOPY VALUE: 8
TIME: 1.929660
SUM: 63000000
THREADS: 63
COUNT PER THREAD: 1000000
SLOOPY VALUE: 16
TIME: 1.857601
SUM: 63000000
THREADS: 63
COUNT PER THREAD: 1000000
SLOOPY VALUE: 32
TIME: 1.760320
SUM: 63000000
THREADS: 63
COUNT PER THREAD: 1000000
SLOOPY VALUE: 64
TIME: 1.776142
SUM: 63000000
THREADS: 63
COUNT PER THREAD: 1000000
SLOOPY VALUE: 128
TIME: 1.833741
SUM: 62999936
THREADS: 63
COUNT PER THREAD: 1000000
SLOOPY VALUE: 256
TIME: 1.804373
SUM: 62999808
THREADS: 63
COUNT PER THREAD: 1000000
SLOOPY VALUE: 512
TIME: 1.758221
SUM: 62999552
THREADS: 63
COUNT PER THREAD: 1000000
SLOOPY VALUE: 1024
TIME: 1.739213
SUM: 62999552
THREADS: 63
COUNT PER THREAD: 1000000
SLOOPY VALUE: 2048
TIME: 1.845873
SUM: 62998528
THREADS: 63
COUNT PER THREAD: 1000000
SLOOPY VALUE: 4096
TIME: 1.706299
SUM: 62996480
THREADS: 63
COUNT PER THREAD: 1000000
SLOOPY VALUE: 8192
TIME: 1.634756
SUM: 62996480
THREADS: 64
COUNT PER THREAD: 1000000
SLOOPY VALUE: 1
TIME: 3.395055
SUM: 64000000
THREADS: 64
COUNT PER THREAD: 1000000
SLOOPY VALUE: 2
TIME: 2.828825
SUM: 64000000
THREADS: 64
COUNT PER THREAD: 1000000
SLOOPY VALUE: 4
TIME: 2.244174
SUM: 64000000
THREADS: 64
COUNT PER THREAD: 1000000
SLOOPY VALUE: 8
TIME: 2.042739
SUM: 64000000
THREADS: 64
COUNT PER THREAD: 1000000
SLOOPY VALUE: 16
TIME: 1.909601
SUM: 64000000
THREADS: 64
COUNT PER THREAD: 1000000
SLOOPY VALUE: 32
TIME: 1.895399
SUM: 64000000
THREADS: 64
COUNT PER THREAD: 1000000
SLOOPY VALUE: 64
TIME: 1.879200
SUM: 64000000
THREADS: 64
COUNT PER THREAD: 1000000
SLOOPY VALUE: 128
TIME: 1.789790
SUM: 64000000
THREADS: 64
COUNT PER THREAD: 1000000
SLOOPY VALUE: 256
TIME: 1.848955
SUM: 64000000
THREADS: 64
COUNT PER THREAD: 1000000
SLOOPY VALUE: 512
TIME: 1.860738
SUM: 64000000
THREADS: 64
COUNT PER THREAD: 1000000
SLOOPY VALUE: 1024
TIME: 1.841604
SUM: 64000000
THREADS: 64
COUNT PER THREAD: 1000000
SLOOPY VALUE: 2048
TIME: 1.784731
SUM: 64000000
THREADS: 64
COUNT PER THREAD: 1000000
SLOOPY VALUE: 4096
TIME: 1.777765
SUM: 64000000
THREADS: 64
COUNT PER THREAD: 1000000
SLOOPY VALUE: 8192
TIME: 1.751590
SUM: 63995904
THREADS: 65
COUNT PER THREAD: 1000000
SLOOPY VALUE: 1
TIME: 3.369163
SUM: 65000000
THREADS: 65
COUNT PER THREAD: 1000000
SLOOPY VALUE: 2
TIME: 2.571554
SUM: 65000000
THREADS: 65
COUNT PER THREAD: 1000000
SLOOPY VALUE: 4
TIME: 2.173618
SUM: 65000000
THREADS: 65
COUNT PER THREAD: 1000000
SLOOPY VALUE: 8
TIME: 1.947584
SUM: 65000000
THREADS: 65
COUNT PER THREAD: 1000000
SLOOPY VALUE: 16
TIME: 1.845246
SUM: 65000000
THREADS: 65
COUNT PER THREAD: 1000000
SLOOPY VALUE: 32
TIME: 1.793220
SUM: 65000000
THREADS: 65
COUNT PER THREAD: 1000000
SLOOPY VALUE: 64
TIME: 1.815987
SUM: 65000000
THREADS: 65
COUNT PER THREAD: 1000000
SLOOPY VALUE: 128
TIME: 1.789132
SUM: 64999936
THREADS: 65
COUNT PER THREAD: 1000000
SLOOPY VALUE: 256
TIME: 1.759907
SUM: 64999936
THREADS: 65
COUNT PER THREAD: 1000000
SLOOPY VALUE: 512
TIME: 1.788222
SUM: 64999936
THREADS: 65
COUNT PER THREAD: 1000000
SLOOPY VALUE: 1024
TIME: 1.863885
SUM: 64999424
THREADS: 65
COUNT PER THREAD: 1000000
SLOOPY VALUE: 2048
TIME: 1.835782
SUM: 64999424
THREADS: 65
COUNT PER THREAD: 1000000
SLOOPY VALUE: 4096
TIME: 1.808926
SUM: 64999424
THREADS: 65
COUNT PER THREAD: 1000000
SLOOPY VALUE: 8192
TIME: 1.842296
SUM: 64995328
THREADS: 66
COUNT PER THREAD: 1000000
SLOOPY VALUE: 1
TIME: 3.548663
SUM: 66000000
THREADS: 66
COUNT PER THREAD: 1000000
SLOOPY VALUE: 2
TIME: 2.698179
SUM: 66000000
THREADS: 66
COUNT PER THREAD: 1000000
SLOOPY VALUE: 4
TIME: 2.100866
SUM: 66000000
THREADS: 66
COUNT PER THREAD: 1000000
SLOOPY VALUE: 8
TIME: 1.891280
SUM: 66000000
THREADS: 66
COUNT PER THREAD: 1000000
SLOOPY VALUE: 16
TIME: 1.925480
SUM: 66000000
THREADS: 66
COUNT PER THREAD: 1000000
SLOOPY VALUE: 32
TIME: 1.921736
SUM: 66000000
THREADS: 66
COUNT PER THREAD: 1000000
SLOOPY VALUE: 64
TIME: 1.821358
SUM: 66000000
THREADS: 66
COUNT PER THREAD: 1000000
SLOOPY VALUE: 128
TIME: 1.744788
SUM: 66000000
THREADS: 66
COUNT PER THREAD: 1000000
SLOOPY VALUE: 256
TIME: 1.698369
SUM: 65999872
THREADS: 66
COUNT PER THREAD: 1000000
SLOOPY VALUE: 512
TIME: 1.662803
SUM: 65999872
THREADS: 66
COUNT PER THREAD: 1000000
SLOOPY VALUE: 1024
TIME: 1.665570
SUM: 65999872
THREADS: 66
COUNT PER THREAD: 1000000
SLOOPY VALUE: 2048
TIME: 1.707671
SUM: 65998848
THREADS: 66
COUNT PER THREAD: 1000000
SLOOPY VALUE: 4096
TIME: 1.834788
SUM: 65998848
THREADS: 66
COUNT PER THREAD: 1000000
SLOOPY VALUE: 8192
TIME: 1.816898
SUM: 65994752
THREADS: 67
COUNT PER THREAD: 1000000
SLOOPY VALUE: 1
TIME: 3.872313
SUM: 67000000
THREADS: 67
COUNT PER THREAD: 1000000
SLOOPY VALUE: 2
TIME: 2.768729
SUM: 67000000
THREADS: 67
COUNT PER THREAD: 1000000
SLOOPY VALUE: 4
TIME: 2.300098
SUM: 67000000
THREADS: 67
COUNT PER THREAD: 1000000
SLOOPY VALUE: 8
TIME: 2.006284
SUM: 67000000
THREADS: 67
COUNT PER THREAD: 1000000
SLOOPY VALUE: 16
TIME: 1.832885
SUM: 67000000
THREADS: 67
COUNT PER THREAD: 1000000
SLOOPY VALUE: 32
TIME: 1.812081
SUM: 67000000
