THREADS: 1
COUNT PER THREAD: 10000
SLOOPY VALUE: 256
TIME: 0.000259
SUM: 10000
THREADS: 1
COUNT PER THREAD: 10000
SLOOPY VALUE: 256
TIME: 0.000259
SUM: 10000
THREADS: 1
COUNT PER THREAD: 10000
SLOOPY VALUE: 256
TIME: 0.000267
SUM: 10000
THREADS: 1
COUNT PER THREAD: 10000
SLOOPY VALUE: 256
TIME: 0.000278
SUM: 10000
THREADS: 1
COUNT PER THREAD: 10000
SLOOPY VALUE: 256
TIME: 0.000300
SUM: 10000
THREADS: 1
COUNT PER THREAD: 10000
SLOOPY VALUE: 256
TIME: 0.000259
SUM: 10000
THREADS: 1
COUNT PER THREAD: 10000
SLOOPY VALUE: 256
TIME: 0.001087
SUM: 10000
THREADS: 1
COUNT PER THREAD: 10000
SLOOPY VALUE: 256
TIME: 0.000311
SUM: 10000
THREADS: 1
COUNT PER THREAD: 10000
SLOOPY VALUE: 256
TIME: 0.000294
SUM: 10000
THREADS: 1
COUNT PER THREAD: 10000
SLOOPY VALUE: 256
TIME: 0.000260
SUM: 10000
THREADS: 2
COUNT PER THREAD: 10000
SLOOPY VALUE: 256
TIME: 0.000523
SUM: 20000
THREADS: 2
COUNT PER THREAD: 10000
SLOOPY VALUE: 256
TIME: 0.000563
SUM: 20000
THREADS: 2
COUNT PER THREAD: 10000
SLOOPY VALUE: 256
TIME: 0.000581
SUM: 20000
THREADS: 2
COUNT PER THREAD: 10000
SLOOPY VALUE: 256
TIME: 0.000537
SUM: 20000
THREADS: 2
COUNT PER THREAD: 10000
SLOOPY VALUE: 256
TIME: 0.000661
SUM: 20000
THREADS: 2
COUNT PER THREAD: 10000
SLOOPY VALUE: 256
TIME: 0.000507
SUM: 20000
THREADS: 2
COUNT PER THREAD: 10000
SLOOPY VALUE: 256
TIME: 0.000642
SUM: 20000
THREADS: 2
COUNT PER THREAD: 10000
SLOOPY VALUE: 256
TIME: 0.000545
SUM: 20000
THREADS: 2
COUNT PER THREAD: 10000
SLOOPY VALUE: 256
TIME: 0.000563
SUM: 20000
THREADS: 2
COUNT PER THREAD: 10000
SLOOPY VALUE: 256
TIME: 0.000525
SUM: 20000
THREADS: 3
COUNT PER THREAD: 10000
SLOOPY VALUE: 256
TIME: 0.000742
SUM: 30000
THREADS: 3
COUNT PER THREAD: 10000
SLOOPY VALUE: 256
TIME: 0.000743
SUM: 30000
THREADS: 3
COUNT PER THREAD: 10000
SLOOPY VALUE: 256
TIME: 0.000743
SUM: 30000
THREADS: 3
COUNT PER THREAD: 10000
SLOOPY VALUE: 256
TIME: 0.000761
SUM: 30000
THREADS: 3
COUNT PER THREAD: 10000
SLOOPY VALUE: 256
TIME: 0.000773
SUM: 30000
THREADS: 3
COUNT PER THREAD: 10000
SLOOPY VALUE: 256
TIME: 0.000762
SUM: 30000
THREADS: 3
COUNT PER THREAD: 10000
SLOOPY VALUE: 256
TIME: 0.000741
SUM: 30000
THREADS: 3
COUNT PER THREAD: 10000
SLOOPY VALUE: 256
TIME: 0.000743
SUM: 30000
THREADS: 3
COUNT PER THREAD: 10000
SLOOPY VALUE: 256
TIME: 0.000741
SUM: 30000
THREADS: 3
COUNT PER THREAD: 10000
SLOOPY VALUE: 256
TIME: 0.000801
SUM: 30000
THREADS: 4
COUNT PER THREAD: 10000
SLOOPY VALUE: 256
TIME: 0.000984
SUM: 40000
THREADS: 4
COUNT PER THREAD: 10000
SLOOPY VALUE: 256
TIME: 0.001161
SUM: 40000
THREADS: 4
COUNT PER THREAD: 10000
SLOOPY VALUE: 256
TIME: 0.000983
SUM: 40000
THREADS: 4
COUNT PER THREAD: 10000
SLOOPY VALUE: 256
TIME: 0.001260
SUM: 40000
THREADS: 4
COUNT PER THREAD: 10000
SLOOPY VALUE: 256
TIME: 0.000985
SUM: 40000
THREADS: 4
COUNT PER THREAD: 10000
SLOOPY VALUE: 256
TIME: 0.000984
SUM: 40000
THREADS: 4
COUNT PER THREAD: 10000
SLOOPY VALUE: 256
TIME: 0.001005
SUM: 40000
THREADS: 4
COUNT PER THREAD: 10000
SLOOPY VALUE: 256
TIME: 0.000983
SUM: 40000
THREADS: 4
COUNT PER THREAD: 10000
SLOOPY VALUE: 256
TIME: 0.000983
SUM: 40000
THREADS: 4
COUNT PER THREAD: 10000
SLOOPY VALUE: 256
TIME: 0.000983
SUM: 40000
THREADS: 5
COUNT PER THREAD: 10000
SLOOPY VALUE: 256
TIME: 0.001236
SUM: 50000
THREADS: 5
COUNT PER THREAD: 10000
SLOOPY VALUE: 256
TIME: 0.002433
SUM: 50000
THREADS: 5
COUNT PER THREAD: 10000
SLOOPY VALUE: 256
TIME: 0.002669
SUM: 50000
THREADS: 5
COUNT PER THREAD: 10000
SLOOPY VALUE: 256
TIME: 0.001578
SUM: 50000
THREADS: 5
COUNT PER THREAD: 10000
SLOOPY VALUE: 256
TIME: 0.001407
SUM: 50000
THREADS: 5
COUNT PER THREAD: 10000
SLOOPY VALUE: 256
TIME: 0.001578
SUM: 50000
THREADS: 5
COUNT PER THREAD: 10000
SLOOPY VALUE: 256
TIME: 0.001295
SUM: 50000
THREADS: 5
COUNT PER THREAD: 10000
SLOOPY VALUE: 256
TIME: 0.001463
SUM: 50000
THREADS: 5
COUNT PER THREAD: 10000
SLOOPY VALUE: 256
TIME: 0.001399
SUM: 50000
THREADS: 5
COUNT PER THREAD: 10000
SLOOPY VALUE: 256
TIME: 0.001292
SUM: 50000
THREADS: 6
COUNT PER THREAD: 10000
SLOOPY VALUE: 256
TIME: 0.001495
SUM: 60000
THREADS: 6
COUNT PER THREAD: 10000
SLOOPY VALUE: 256
TIME: 0.001474
SUM: 60000
THREADS: 6
COUNT PER THREAD: 10000
SLOOPY VALUE: 256
TIME: 0.001494
SUM: 60000
THREADS: 6
COUNT PER THREAD: 10000
SLOOPY VALUE: 256
TIME: 0.001499
SUM: 60000
THREADS: 6
COUNT PER THREAD: 10000
SLOOPY VALUE: 256
TIME: 0.001538
SUM: 60000
THREADS: 6
COUNT PER THREAD: 10000
SLOOPY VALUE: 256
TIME: 0.001503
SUM: 60000
THREADS: 6
COUNT PER THREAD: 10000
SLOOPY VALUE: 256
TIME: 0.001491
SUM: 60000
THREADS: 6
COUNT PER THREAD: 10000
SLOOPY VALUE: 256
TIME: 0.001573
SUM: 60000
THREADS: 6
COUNT PER THREAD: 10000
SLOOPY VALUE: 256
TIME: 0.001507
SUM: 60000
THREADS: 6
COUNT PER THREAD: 10000
SLOOPY VALUE: 256
TIME: 0.001475
SUM: 60000
THREADS: 7
COUNT PER THREAD: 10000
SLOOPY VALUE: 256
TIME: 0.001739
SUM: 70000
THREADS: 7
COUNT PER THREAD: 10000
SLOOPY VALUE: 256
TIME: 0.001712
SUM: 70000
THREADS: 7
COUNT PER THREAD: 10000
SLOOPY VALUE: 256
TIME: 0.001714
SUM: 70000
THREADS: 7
COUNT PER THREAD: 10000
SLOOPY VALUE: 256
TIME: 0.001753
SUM: 70000
THREADS: 7
COUNT PER THREAD: 10000
SLOOPY VALUE: 256
TIME: 0.001712
SUM: 70000
THREADS: 7
COUNT PER THREAD: 10000
SLOOPY VALUE: 256
TIME: 0.001735
SUM: 70000
THREADS: 7
COUNT PER THREAD: 10000
SLOOPY VALUE: 256
TIME: 0.001740
SUM: 70000
THREADS: 7
COUNT PER THREAD: 10000
SLOOPY VALUE: 256
TIME: 0.001733
SUM: 70000
THREADS: 7
COUNT PER THREAD: 10000
SLOOPY VALUE: 256
TIME: 0.001714
SUM: 70000
THREADS: 7
COUNT PER THREAD: 10000
SLOOPY VALUE: 256
TIME: 0.001729
SUM: 70000
THREADS: 8
COUNT PER THREAD: 10000
SLOOPY VALUE: 256
TIME: 0.001981
SUM: 80000
THREADS: 8
COUNT PER THREAD: 10000
SLOOPY VALUE: 256
TIME: 0.002045
SUM: 80000
THREADS: 8
COUNT PER THREAD: 10000
SLOOPY VALUE: 256
TIME: 0.001956
SUM: 80000
THREADS: 8
COUNT PER THREAD: 10000
SLOOPY VALUE: 256
TIME: 0.001987
SUM: 80000
THREADS: 8
COUNT PER THREAD: 10000
SLOOPY VALUE: 256
TIME: 0.001958
SUM: 80000
THREADS: 8
COUNT PER THREAD: 10000
SLOOPY VALUE: 256
TIME: 0.001958
SUM: 80000
THREADS: 8
COUNT PER THREAD: 10000
SLOOPY VALUE: 256
TIME: 0.002046
SUM: 80000
THREADS: 8
COUNT PER THREAD: 10000
SLOOPY VALUE: 256
TIME: 0.001997
SUM: 80000
THREADS: 8
COUNT PER THREAD: 10000
SLOOPY VALUE: 256
TIME: 0.001963
SUM: 80000
THREADS: 8
COUNT PER THREAD: 10000
SLOOPY VALUE: 256
TIME: 0.002029
SUM: 80000
THREADS: 9
COUNT PER THREAD: 10000
SLOOPY VALUE: 256
TIME: 0.002277
SUM: 90000
THREADS: 9
COUNT PER THREAD: 10000
SLOOPY VALUE: 256
TIME: 0.002311
SUM: 90000
THREADS: 9
COUNT PER THREAD: 10000
SLOOPY VALUE: 256
TIME: 0.002300
SUM: 90000
THREADS: 9
COUNT PER THREAD: 10000
SLOOPY VALUE: 256
TIME: 0.002306
SUM: 90000
THREADS: 9
COUNT PER THREAD: 10000
SLOOPY VALUE: 256
TIME: 0.002541
SUM: 90000
THREADS: 9
COUNT PER THREAD: 10000
SLOOPY VALUE: 256
TIME: 0.002511
SUM: 90000
THREADS: 9
COUNT PER THREAD: 10000
SLOOPY VALUE: 256
TIME: 0.003115
SUM: 90000
THREADS: 9
COUNT PER THREAD: 10000
SLOOPY VALUE: 256
TIME: 0.002307
SUM: 90000
THREADS: 9
COUNT PER THREAD: 10000
SLOOPY VALUE: 256
TIME: 0.003154
SUM: 90000
THREADS: 9
COUNT PER THREAD: 10000
SLOOPY VALUE: 256
TIME: 0.018815
SUM: 90000
THREADS: 10
COUNT PER THREAD: 10000
SLOOPY VALUE: 256
TIME: 0.002695
SUM: 100000
THREADS: 10
COUNT PER THREAD: 10000
SLOOPY VALUE: 256
TIME: 0.002637
SUM: 100000
THREADS: 10
COUNT PER THREAD: 10000
SLOOPY VALUE: 256
TIME: 0.005013
SUM: 100000
THREADS: 10
COUNT PER THREAD: 10000
SLOOPY VALUE: 256
TIME: 0.003080
SUM: 100000
THREADS: 10
COUNT PER THREAD: 10000
SLOOPY VALUE: 256
TIME: 0.002572
SUM: 100000
THREADS: 10
COUNT PER THREAD: 10000
SLOOPY VALUE: 256
TIME: 0.003876
SUM: 100000
THREADS: 10
COUNT PER THREAD: 10000
SLOOPY VALUE: 256
TIME: 0.002663
SUM: 100000
THREADS: 10
COUNT PER THREAD: 10000
SLOOPY VALUE: 256
TIME: 0.019672
SUM: 100000
THREADS: 10
COUNT PER THREAD: 10000
SLOOPY VALUE: 256
TIME: 0.007032
SUM: 100000
THREADS: 10
COUNT PER THREAD: 10000
SLOOPY VALUE: 256
TIME: 0.006073
SUM: 100000
THREADS: 11
COUNT PER THREAD: 10000
SLOOPY VALUE: 256
TIME: 0.002856
SUM: 110000
THREADS: 11
COUNT PER THREAD: 10000
SLOOPY VALUE: 256
TIME: 0.002737
SUM: 110000
THREADS: 11
COUNT PER THREAD: 10000
SLOOPY VALUE: 256
TIME: 0.002793
SUM: 110000
THREADS: 11
COUNT PER THREAD: 10000
SLOOPY VALUE: 256
TIME: 0.002924
SUM: 110000
THREADS: 11
COUNT PER THREAD: 10000
SLOOPY VALUE: 256
TIME: 0.002872
SUM: 110000
THREADS: 11
COUNT PER THREAD: 10000
SLOOPY VALUE: 256
TIME: 0.002894
SUM: 110000
THREADS: 11
COUNT PER THREAD: 10000
SLOOPY VALUE: 256
TIME: 0.002965
SUM: 110000
THREADS: 11
COUNT PER THREAD: 10000
SLOOPY VALUE: 256
TIME: 0.013865
SUM: 110000
THREADS: 11
COUNT PER THREAD: 10000
SLOOPY VALUE: 256
TIME: 0.007903
SUM: 110000
THREADS: 11
COUNT PER THREAD: 10000
SLOOPY VALUE: 256
TIME: 0.007895
SUM: 110000
THREADS: 12
COUNT PER THREAD: 10000
SLOOPY VALUE: 256
TIME: 0.003199
SUM: 120000
THREADS: 12
COUNT PER THREAD: 10000
SLOOPY VALUE: 256
TIME: 0.003165
SUM: 120000
THREADS: 12
COUNT PER THREAD: 10000
SLOOPY VALUE: 256
TIME: 0.003347
SUM: 120000
THREADS: 12
COUNT PER THREAD: 10000
SLOOPY VALUE: 256
TIME: 0.018559
SUM: 120000
THREADS: 12
COUNT PER THREAD: 10000
SLOOPY VALUE: 256
TIME: 0.011639
SUM: 120000
THREADS: 12
COUNT PER THREAD: 10000
SLOOPY VALUE: 256
TIME: 0.008812
SUM: 120000
THREADS: 12
COUNT PER THREAD: 10000
SLOOPY VALUE: 256
TIME: 0.011225
SUM: 120000
THREADS: 12
COUNT PER THREAD: 10000
SLOOPY VALUE: 256
TIME: 0.003079
SUM: 120000
THREADS: 12
COUNT PER THREAD: 10000
SLOOPY VALUE: 256
TIME: 0.003245
SUM: 120000
THREADS: 12
COUNT PER THREAD: 10000
SLOOPY VALUE: 256
TIME: 0.003191
SUM: 120000
THREADS: 13
COUNT PER THREAD: 10000
SLOOPY VALUE: 256
TIME: 0.003546
SUM: 130000
THREADS: 13
COUNT PER THREAD: 10000
SLOOPY VALUE: 256
TIME: 0.003531
SUM: 130000
THREADS: 13
COUNT PER THREAD: 10000
SLOOPY VALUE: 256
TIME: 0.014358
SUM: 130000
THREADS: 13
COUNT PER THREAD: 10000
SLOOPY VALUE: 256
TIME: 0.005265
SUM: 130000
THREADS: 13
COUNT PER THREAD: 10000
SLOOPY VALUE: 256
TIME: 0.007663
SUM: 130000
THREADS: 13
COUNT PER THREAD: 10000
SLOOPY VALUE: 256
TIME: 0.008074
SUM: 130000
THREADS: 13
COUNT PER THREAD: 10000
SLOOPY VALUE: 256
TIME: 0.008440
SUM: 130000
THREADS: 13
COUNT PER THREAD: 10000
SLOOPY VALUE: 256
TIME: 0.003495
SUM: 130000
THREADS: 13
COUNT PER THREAD: 10000
SLOOPY VALUE: 256
TIME: 0.003635
SUM: 130000
THREADS: 13
COUNT PER THREAD: 10000
SLOOPY VALUE: 256
TIME: 0.003613
SUM: 130000
THREADS: 14
COUNT PER THREAD: 10000
SLOOPY VALUE: 256
TIME: 0.003603
SUM: 140000
THREADS: 14
COUNT PER THREAD: 10000
SLOOPY VALUE: 256
TIME: 0.004365
SUM: 140000
THREADS: 14
COUNT PER THREAD: 10000
SLOOPY VALUE: 256
TIME: 0.019158
SUM: 140000
THREADS: 14
COUNT PER THREAD: 10000
SLOOPY VALUE: 256
TIME: 0.007918
SUM: 140000
THREADS: 14
COUNT PER THREAD: 10000
SLOOPY VALUE: 256
TIME: 0.010560
SUM: 140000
THREADS: 14
COUNT PER THREAD: 10000
SLOOPY VALUE: 256
TIME: 0.014336
SUM: 140000
THREADS: 14
COUNT PER THREAD: 10000
SLOOPY VALUE: 256
TIME: 0.003496
SUM: 140000
THREADS: 14
COUNT PER THREAD: 10000
SLOOPY VALUE: 256
TIME: 0.004275
SUM: 140000
THREADS: 14
COUNT PER THREAD: 10000
SLOOPY VALUE: 256
TIME: 0.003580
SUM: 140000
THREADS: 14
COUNT PER THREAD: 10000
SLOOPY VALUE: 256
TIME: 0.003566
SUM: 140000
THREADS: 15
COUNT PER THREAD: 10000
SLOOPY VALUE: 256
TIME: 0.020273
SUM: 150000
THREADS: 15
COUNT PER THREAD: 10000
SLOOPY VALUE: 256
TIME: 0.007704
SUM: 150000
THREADS: 15
COUNT PER THREAD: 10000
SLOOPY VALUE: 256
TIME: 0.008584
SUM: 150000
THREADS: 15
COUNT PER THREAD: 10000
SLOOPY VALUE: 256
TIME: 0.009133
SUM: 150000
THREADS: 15
COUNT PER THREAD: 10000
SLOOPY VALUE: 256
TIME: 0.004015
SUM: 150000
THREADS: 15
COUNT PER THREAD: 10000
SLOOPY VALUE: 256
TIME: 0.006701
SUM: 150000
THREADS: 15
COUNT PER THREAD: 10000
SLOOPY VALUE: 256
TIME: 0.004573
SUM: 150000
THREADS: 15
COUNT PER THREAD: 10000
SLOOPY VALUE: 256
TIME: 0.005443
SUM: 150000
THREADS: 15
COUNT PER THREAD: 10000
SLOOPY VALUE: 256
TIME: 0.004867
SUM: 150000
THREADS: 15
COUNT PER THREAD: 10000
SLOOPY VALUE: 256
TIME: 0.003967
SUM: 150000
THREADS: 16
COUNT PER THREAD: 10000
SLOOPY VALUE: 256
TIME: 0.015231
SUM: 160000
THREADS: 16
COUNT PER THREAD: 10000
SLOOPY VALUE: 256
TIME: 0.010401
SUM: 160000
THREADS: 16
COUNT PER THREAD: 10000
SLOOPY VALUE: 256
TIME: 0.007274
SUM: 160000
THREADS: 16
COUNT PER THREAD: 10000
SLOOPY VALUE: 256
TIME: 0.004331
SUM: 160000
THREADS: 16
COUNT PER THREAD: 10000
SLOOPY VALUE: 256
TIME: 0.003934
SUM: 160000
THREADS: 16
COUNT PER THREAD: 10000
SLOOPY VALUE: 256
TIME: 0.004055
SUM: 160000
THREADS: 16
COUNT PER THREAD: 10000
SLOOPY VALUE: 256
TIME: 0.004599
SUM: 160000
THREADS: 16
COUNT PER THREAD: 10000
SLOOPY VALUE: 256
TIME: 0.004267
SUM: 160000
THREADS: 16
COUNT PER THREAD: 10000
SLOOPY VALUE: 256
TIME: 0.004922
SUM: 160000
THREADS: 16
COUNT PER THREAD: 10000
SLOOPY VALUE: 256
TIME: 0.004301
SUM: 160000
THREADS: 17
COUNT PER THREAD: 10000
SLOOPY VALUE: 256
TIME: 0.016895
SUM: 170000
THREADS: 17
COUNT PER THREAD: 10000
SLOOPY VALUE: 256
TIME: 0.011107
SUM: 170000
THREADS: 17
COUNT PER THREAD: 10000
SLOOPY VALUE: 256
TIME: 0.017178
SUM: 170000
THREADS: 17
COUNT PER THREAD: 10000
SLOOPY VALUE: 256
TIME: 0.005240
SUM: 170000
THREADS: 17
COUNT PER THREAD: 10000
SLOOPY VALUE: 256
TIME: 0.004619
SUM: 170000
THREADS: 17
COUNT PER THREAD: 10000
SLOOPY VALUE: 256
TIME: 0.004306
SUM: 170000
THREADS: 17
COUNT PER THREAD: 10000
SLOOPY VALUE: 256
TIME: 0.004577
SUM: 170000
THREADS: 17
COUNT PER THREAD: 10000
SLOOPY VALUE: 256
TIME: 0.004465
SUM: 170000
THREADS: 17
COUNT PER THREAD: 10000
SLOOPY VALUE: 256
TIME: 0.004244
SUM: 170000
THREADS: 17
COUNT PER THREAD: 10000
SLOOPY VALUE: 256
TIME: 0.004344
SUM: 170000
THREADS: 18
COUNT PER THREAD: 10000
SLOOPY VALUE: 256
TIME: 0.010220
SUM: 180000
THREADS: 18
COUNT PER THREAD: 10000
SLOOPY VALUE: 256
TIME: 0.013265
SUM: 180000
THREADS: 18
COUNT PER THREAD: 10000
SLOOPY VALUE: 256
TIME: 0.004989
SUM: 180000
THREADS: 18
COUNT PER THREAD: 10000
SLOOPY VALUE: 256
TIME: 0.004814
SUM: 180000
THREADS: 18
COUNT PER THREAD: 10000
SLOOPY VALUE: 256
TIME: 0.005058
SUM: 180000
THREADS: 18
COUNT PER THREAD: 10000
SLOOPY VALUE: 256
TIME: 0.006216
SUM: 180000
THREADS: 18
COUNT PER THREAD: 10000
SLOOPY VALUE: 256
TIME: 0.005993
SUM: 180000
THREADS: 18
COUNT PER THREAD: 10000
SLOOPY VALUE: 256
TIME: 0.005242
SUM: 180000
THREADS: 18
COUNT PER THREAD: 10000
SLOOPY VALUE: 256
TIME: 0.004823
SUM: 180000
THREADS: 18
COUNT PER THREAD: 10000
SLOOPY VALUE: 256
TIME: 0.005303
SUM: 180000
THREADS: 19
COUNT PER THREAD: 10000
SLOOPY VALUE: 256
TIME: 0.004902
SUM: 190000
THREADS: 19
COUNT PER THREAD: 10000
SLOOPY VALUE: 256
TIME: 0.005306
SUM: 190000
THREADS: 19
COUNT PER THREAD: 10000
SLOOPY VALUE: 256
TIME: 0.005691
SUM: 190000
THREADS: 19
COUNT PER THREAD: 10000
SLOOPY VALUE: 256
TIME: 0.005238
SUM: 190000
THREADS: 19
COUNT PER THREAD: 10000
SLOOPY VALUE: 256
TIME: 0.005495
SUM: 190000
THREADS: 19
COUNT PER THREAD: 10000
SLOOPY VALUE: 256
TIME: 0.004849
SUM: 190000
THREADS: 19
COUNT PER THREAD: 10000
SLOOPY VALUE: 256
TIME: 0.005459
SUM: 190000
THREADS: 19
COUNT PER THREAD: 10000
SLOOPY VALUE: 256
TIME: 0.007626
SUM: 190000
THREADS: 19
COUNT PER THREAD: 10000
SLOOPY VALUE: 256
TIME: 0.006374
SUM: 190000
THREADS: 19
COUNT PER THREAD: 10000
SLOOPY VALUE: 256
TIME: 0.006855
SUM: 190000
THREADS: 20
COUNT PER THREAD: 10000
SLOOPY VALUE: 256
TIME: 0.008513
SUM: 200000
THREADS: 20
COUNT PER THREAD: 10000
SLOOPY VALUE: 256
TIME: 0.005192
SUM: 200000
THREADS: 20
COUNT PER THREAD: 10000
SLOOPY VALUE: 256
TIME: 0.005151
SUM: 200000
THREADS: 20
COUNT PER THREAD: 10000
SLOOPY VALUE: 256
TIME: 0.005167
SUM: 200000
THREADS: 20
COUNT PER THREAD: 10000
SLOOPY VALUE: 256
TIME: 0.005052
SUM: 200000
THREADS: 20
COUNT PER THREAD: 10000
SLOOPY VALUE: 256
TIME: 0.006458
SUM: 200000
THREADS: 20
COUNT PER THREAD: 10000
SLOOPY VALUE: 256
TIME: 0.006887
SUM: 200000
THREADS: 20
COUNT PER THREAD: 10000
SLOOPY VALUE: 256
TIME: 0.007946
SUM: 200000
THREADS: 20
COUNT PER THREAD: 10000
SLOOPY VALUE: 256
TIME: 0.006331
SUM: 200000
THREADS: 20
COUNT PER THREAD: 10000
SLOOPY VALUE: 256
TIME: 0.005575
SUM: 200000
THREADS: 21
COUNT PER THREAD: 10000
SLOOPY VALUE: 256
TIME: 0.005751
SUM: 210000
THREADS: 21
COUNT PER THREAD: 10000
SLOOPY VALUE: 256
TIME: 0.005663
SUM: 210000
THREADS: 21
COUNT PER THREAD: 10000
SLOOPY VALUE: 256
TIME: 0.005541
SUM: 210000
THREADS: 21
COUNT PER THREAD: 10000
SLOOPY VALUE: 256
TIME: 0.005900
SUM: 210000
THREADS: 21
COUNT PER THREAD: 10000
SLOOPY VALUE: 256
TIME: 0.005389
SUM: 210000
THREADS: 21
COUNT PER THREAD: 10000
SLOOPY VALUE: 256
TIME: 0.005716
SUM: 210000
THREADS: 21
COUNT PER THREAD: 10000
SLOOPY VALUE: 256
TIME: 0.005570
SUM: 210000
THREADS: 21
COUNT PER THREAD: 10000
SLOOPY VALUE: 256
TIME: 0.005975
SUM: 210000
THREADS: 21
COUNT PER THREAD: 10000
SLOOPY VALUE: 256
TIME: 0.005926
SUM: 210000
THREADS: 21
COUNT PER THREAD: 10000
SLOOPY VALUE: 256
TIME: 0.005558
SUM: 210000
THREADS: 22
COUNT PER THREAD: 10000
SLOOPY VALUE: 256
TIME: 0.005513
SUM: 220000
THREADS: 22
COUNT PER THREAD: 10000
SLOOPY VALUE: 256
TIME: 0.005480
SUM: 220000
THREADS: 22
COUNT PER THREAD: 10000
SLOOPY VALUE: 256
TIME: 0.005716
SUM: 220000
THREADS: 22
COUNT PER THREAD: 10000
SLOOPY VALUE: 256
TIME: 0.008794
SUM: 220000
THREADS: 22
COUNT PER THREAD: 10000
SLOOPY VALUE: 256
TIME: 0.005967
SUM: 220000
THREADS: 22
COUNT PER THREAD: 10000
SLOOPY VALUE: 256
TIME: 0.005436
SUM: 220000
THREADS: 22
COUNT PER THREAD: 10000
SLOOPY VALUE: 256
TIME: 0.005676
SUM: 220000
THREADS: 22
COUNT PER THREAD: 10000
SLOOPY VALUE: 256
TIME: 0.007970
SUM: 220000
THREADS: 22
COUNT PER THREAD: 10000
SLOOPY VALUE: 256
TIME: 0.007252
SUM: 220000
THREADS: 22
COUNT PER THREAD: 10000
SLOOPY VALUE: 256
TIME: 0.005575
SUM: 220000
THREADS: 23
COUNT PER THREAD: 10000
SLOOPY VALUE: 256
TIME: 0.005653
SUM: 230000
THREADS: 23
COUNT PER THREAD: 10000
SLOOPY VALUE: 256
TIME: 0.006883
SUM: 230000
THREADS: 23
COUNT PER THREAD: 10000
SLOOPY VALUE: 256
TIME: 0.005861
SUM: 230000
THREADS: 23
COUNT PER THREAD: 10000
SLOOPY VALUE: 256
TIME: 0.005666
SUM: 230000
THREADS: 23
COUNT PER THREAD: 10000
SLOOPY VALUE: 256
TIME: 0.005674
SUM: 230000
THREADS: 23
COUNT PER THREAD: 10000
SLOOPY VALUE: 256
TIME: 0.005707
SUM: 230000
THREADS: 23
COUNT PER THREAD: 10000
SLOOPY VALUE: 256
TIME: 0.005870
SUM: 230000
THREADS: 23
COUNT PER THREAD: 10000
SLOOPY VALUE: 256
TIME: 0.005622
SUM: 230000
THREADS: 23
COUNT PER THREAD: 10000
SLOOPY VALUE: 256
TIME: 0.006021
SUM: 230000
THREADS: 23
COUNT PER THREAD: 10000
SLOOPY VALUE: 256
TIME: 0.005633
SUM: 230000
THREADS: 24
COUNT PER THREAD: 10000
SLOOPY VALUE: 256
TIME: 0.006595
SUM: 240000
THREADS: 24
COUNT PER THREAD: 10000
SLOOPY VALUE: 256
TIME: 0.007770
SUM: 240000
THREADS: 24
COUNT PER THREAD: 10000
SLOOPY VALUE: 256
TIME: 0.007244
SUM: 240000
THREADS: 24
COUNT PER THREAD: 10000
SLOOPY VALUE: 256
TIME: 0.008943
SUM: 240000
THREADS: 24
COUNT PER THREAD: 10000
SLOOPY VALUE: 256
TIME: 0.006219
SUM: 240000
THREADS: 24
COUNT PER THREAD: 10000
SLOOPY VALUE: 256
TIME: 0.007884
SUM: 240000
THREADS: 24
COUNT PER THREAD: 10000
SLOOPY VALUE: 256
TIME: 0.005989
SUM: 240000
THREADS: 24
COUNT PER THREAD: 10000
SLOOPY VALUE: 256
TIME: 0.007885
SUM: 240000
THREADS: 24
COUNT PER THREAD: 10000
SLOOPY VALUE: 256
TIME: 0.022237
SUM: 240000
THREADS: 24
COUNT PER THREAD: 10000
SLOOPY VALUE: 256
TIME: 0.015163
SUM: 240000
THREADS: 25
COUNT PER THREAD: 10000
SLOOPY VALUE: 256
TIME: 0.006245
SUM: 250000
THREADS: 25
COUNT PER THREAD: 10000
SLOOPY VALUE: 256
TIME: 0.006185
SUM: 250000
THREADS: 25
COUNT PER THREAD: 10000
SLOOPY VALUE: 256
TIME: 0.006171
SUM: 250000
THREADS: 25
COUNT PER THREAD: 10000
SLOOPY VALUE: 256
TIME: 0.006159
SUM: 250000
THREADS: 25
COUNT PER THREAD: 10000
SLOOPY VALUE: 256
TIME: 0.006170
SUM: 250000
THREADS: 25
COUNT PER THREAD: 10000
SLOOPY VALUE: 256
TIME: 0.006168
SUM: 250000
THREADS: 25
COUNT PER THREAD: 10000
SLOOPY VALUE: 256
TIME: 0.006140
SUM: 250000
THREADS: 25
COUNT PER THREAD: 10000
SLOOPY VALUE: 256
TIME: 0.006313
SUM: 250000
THREADS: 25
COUNT PER THREAD: 10000
SLOOPY VALUE: 256
TIME: 0.006174
SUM: 250000
THREADS: 25
COUNT PER THREAD: 10000
SLOOPY VALUE: 256
TIME: 0.020614
SUM: 250000
THREADS: 26
COUNT PER THREAD: 10000
SLOOPY VALUE: 256
TIME: 0.006720
SUM: 260000
THREADS: 26
COUNT PER THREAD: 10000
SLOOPY VALUE: 256
TIME: 0.006416
SUM: 260000
THREADS: 26
COUNT PER THREAD: 10000
SLOOPY VALUE: 256
TIME: 0.006732
SUM: 260000
THREADS: 26
COUNT PER THREAD: 10000
SLOOPY VALUE: 256
TIME: 0.006557
SUM: 260000
THREADS: 26
COUNT PER THREAD: 10000
SLOOPY VALUE: 256
TIME: 0.006526
SUM: 260000
THREADS: 26
COUNT PER THREAD: 10000
SLOOPY VALUE: 256
TIME: 0.006531
SUM: 260000
THREADS: 26
COUNT PER THREAD: 10000
SLOOPY VALUE: 256
TIME: 0.006740
SUM: 260000
THREADS: 26
COUNT PER THREAD: 10000
SLOOPY VALUE: 256
TIME: 0.006588
SUM: 260000
THREADS: 26
COUNT PER THREAD: 10000
SLOOPY VALUE: 256
TIME: 0.022698
SUM: 260000
THREADS: 26
COUNT PER THREAD: 10000
SLOOPY VALUE: 256
TIME: 0.013899
SUM: 260000
THREADS: 27
COUNT PER THREAD: 10000
SLOOPY VALUE: 256
TIME: 0.008133
SUM: 270000
THREADS: 27
COUNT PER THREAD: 10000
SLOOPY VALUE: 256
TIME: 0.009332
SUM: 270000
THREADS: 27
COUNT PER THREAD: 10000
SLOOPY VALUE: 256
TIME: 0.007731
SUM: 270000
THREADS: 27
COUNT PER THREAD: 10000
SLOOPY VALUE: 256
TIME: 0.009726
SUM: 270000
THREADS: 27
COUNT PER THREAD: 10000
SLOOPY VALUE: 256
TIME: 0.007220
SUM: 270000
THREADS: 27
COUNT PER THREAD: 10000
SLOOPY VALUE: 256
TIME: 0.031276
SUM: 270000
THREADS: 27
COUNT PER THREAD: 10000
SLOOPY VALUE: 256
TIME: 0.012761
SUM: 270000
THREADS: 27
COUNT PER THREAD: 10000
SLOOPY VALUE: 256
TIME: 0.008410
SUM: 270000
THREADS: 27
COUNT PER THREAD: 10000
SLOOPY VALUE: 256
TIME: 0.008920
SUM: 270000
THREADS: 27
COUNT PER THREAD: 10000
SLOOPY VALUE: 256
TIME: 0.007513
SUM: 270000
THREADS: 28
COUNT PER THREAD: 10000
SLOOPY VALUE: 256
TIME: 0.007054
SUM: 280000
THREADS: 28
COUNT PER THREAD: 10000
SLOOPY VALUE: 256
TIME: 0.007221
SUM: 280000
THREADS: 28
COUNT PER THREAD: 10000
SLOOPY VALUE: 256
TIME: 0.007107
SUM: 280000
THREADS: 28
COUNT PER THREAD: 10000
SLOOPY VALUE: 256
TIME: 0.007033
SUM: 280000
THREADS: 28
COUNT PER THREAD: 10000
SLOOPY VALUE: 256
TIME: 0.007096
SUM: 280000
THREADS: 28
COUNT PER THREAD: 10000
SLOOPY VALUE: 256
TIME: 0.007309
SUM: 280000
THREADS: 28
COUNT PER THREAD: 10000
SLOOPY VALUE: 256
TIME: 0.007000
SUM: 280000
THREADS: 28
COUNT PER THREAD: 10000
SLOOPY VALUE: 256
TIME: 0.023645
SUM: 280000
THREADS: 28
COUNT PER THREAD: 10000
SLOOPY VALUE: 256
TIME: 0.014066
SUM: 280000
THREADS: 28
COUNT PER THREAD: 10000
SLOOPY VALUE: 256
TIME: 0.007586
SUM: 280000
THREADS: 29
COUNT PER THREAD: 10000
SLOOPY VALUE: 256
TIME: 0.007538
SUM: 290000
THREADS: 29
COUNT PER THREAD: 10000
SLOOPY VALUE: 256
TIME: 0.008689
SUM: 290000
THREADS: 29
COUNT PER THREAD: 10000
SLOOPY VALUE: 256
TIME: 0.007539
SUM: 290000
THREADS: 29
COUNT PER THREAD: 10000
SLOOPY VALUE: 256
TIME: 0.007539
SUM: 290000
THREADS: 29
COUNT PER THREAD: 10000
SLOOPY VALUE: 256
TIME: 0.020912
SUM: 290000
THREADS: 29
COUNT PER THREAD: 10000
SLOOPY VALUE: 256
TIME: 0.020184
SUM: 290000
THREADS: 29
COUNT PER THREAD: 10000
SLOOPY VALUE: 256
TIME: 0.007446
SUM: 290000
THREADS: 29
COUNT PER THREAD: 10000
SLOOPY VALUE: 256
TIME: 0.007551
SUM: 290000
THREADS: 29
COUNT PER THREAD: 10000
SLOOPY VALUE: 256
TIME: 0.007396
SUM: 290000
THREADS: 29
COUNT PER THREAD: 10000
SLOOPY VALUE: 256
TIME: 0.007675
SUM: 290000
THREADS: 30
COUNT PER THREAD: 10000
SLOOPY VALUE: 256
TIME: 0.010078
SUM: 300000
THREADS: 30
COUNT PER THREAD: 10000
SLOOPY VALUE: 256
TIME: 0.008907
SUM: 300000
THREADS: 30
COUNT PER THREAD: 10000
SLOOPY VALUE: 256
TIME: 0.009068
SUM: 300000
THREADS: 30
COUNT PER THREAD: 10000
SLOOPY VALUE: 256
TIME: 0.027888
SUM: 300000
THREADS: 30
COUNT PER THREAD: 10000
SLOOPY VALUE: 256
TIME: 0.012019
SUM: 300000
THREADS: 30
COUNT PER THREAD: 10000
SLOOPY VALUE: 256
TIME: 0.009373
SUM: 300000
THREADS: 30
COUNT PER THREAD: 10000
SLOOPY VALUE: 256
TIME: 0.010366
SUM: 300000
THREADS: 30
COUNT PER THREAD: 10000
SLOOPY VALUE: 256
TIME: 0.011155
SUM: 300000
THREADS: 30
COUNT PER THREAD: 10000
SLOOPY VALUE: 256
TIME: 0.009336
SUM: 300000
THREADS: 30
COUNT PER THREAD: 10000
SLOOPY VALUE: 256
TIME: 0.010207
SUM: 300000
THREADS: 31
COUNT PER THREAD: 10000
SLOOPY VALUE: 256
TIME: 0.008274
SUM: 310000
THREADS: 31
COUNT PER THREAD: 10000
SLOOPY VALUE: 256
TIME: 0.017902
SUM: 310000
THREADS: 31
COUNT PER THREAD: 10000
SLOOPY VALUE: 256
TIME: 0.033869
SUM: 310000
THREADS: 31
COUNT PER THREAD: 10000
SLOOPY VALUE: 256
TIME: 0.009771
SUM: 310000
THREADS: 31
COUNT PER THREAD: 10000
SLOOPY VALUE: 256
TIME: 0.009697
SUM: 310000
THREADS: 31
COUNT PER THREAD: 10000
SLOOPY VALUE: 256
TIME: 0.008805
SUM: 310000
THREADS: 31
COUNT PER THREAD: 10000
SLOOPY VALUE: 256
TIME: 0.010118
SUM: 310000
THREADS: 31
COUNT PER THREAD: 10000
SLOOPY VALUE: 256
TIME: 0.011184
SUM: 310000
THREADS: 31
COUNT PER THREAD: 10000
SLOOPY VALUE: 256
TIME: 0.010203
SUM: 310000
THREADS: 31
COUNT PER THREAD: 10000
SLOOPY VALUE: 256
TIME: 0.009363
SUM: 310000
THREADS: 32
COUNT PER THREAD: 10000
SLOOPY VALUE: 256
TIME: 0.009168
SUM: 320000
THREADS: 32
COUNT PER THREAD: 10000
SLOOPY VALUE: 256
TIME: 0.031804
SUM: 320000
THREADS: 32
COUNT PER THREAD: 10000
SLOOPY VALUE: 256
TIME: 0.011026
SUM: 320000
THREADS: 32
COUNT PER THREAD: 10000
SLOOPY VALUE: 256
TIME: 0.010434
SUM: 320000
THREADS: 32
COUNT PER THREAD: 10000
SLOOPY VALUE: 256
TIME: 0.011641
SUM: 320000
THREADS: 32
COUNT PER THREAD: 10000
SLOOPY VALUE: 256
TIME: 0.009544
SUM: 320000
THREADS: 32
COUNT PER THREAD: 10000
SLOOPY VALUE: 256
TIME: 0.011081
SUM: 320000
THREADS: 32
COUNT PER THREAD: 10000
SLOOPY VALUE: 256
TIME: 0.010055
SUM: 320000
THREADS: 32
COUNT PER THREAD: 10000
SLOOPY VALUE: 256
TIME: 0.008849
SUM: 320000
THREADS: 32
COUNT PER THREAD: 10000
SLOOPY VALUE: 256
TIME: 0.010662
SUM: 320000
THREADS: 33
COUNT PER THREAD: 10000
SLOOPY VALUE: 256
TIME: 0.010495
SUM: 330000
THREADS: 33
COUNT PER THREAD: 10000
SLOOPY VALUE: 256
TIME: 0.029398
SUM: 330000
THREADS: 33
COUNT PER THREAD: 10000
SLOOPY VALUE: 256
TIME: 0.019709
SUM: 330000
THREADS: 33
COUNT PER THREAD: 10000
SLOOPY VALUE: 256
TIME: 0.009851
SUM: 330000
THREADS: 33
COUNT PER THREAD: 10000
SLOOPY VALUE: 256
TIME: 0.011118
SUM: 330000
THREADS: 33
COUNT PER THREAD: 10000
SLOOPY VALUE: 256
TIME: 0.010142
SUM: 330000
THREADS: 33
COUNT PER THREAD: 10000
SLOOPY VALUE: 256
TIME: 0.009537
SUM: 330000
THREADS: 33
COUNT PER THREAD: 10000
SLOOPY VALUE: 256
TIME: 0.009979
SUM: 330000
THREADS: 33
COUNT PER THREAD: 10000
SLOOPY VALUE: 256
TIME: 0.010537
SUM: 330000
THREADS: 33
COUNT PER THREAD: 10000
SLOOPY VALUE: 256
TIME: 0.010250
SUM: 330000
THREADS: 34
COUNT PER THREAD: 10000
SLOOPY VALUE: 256
TIME: 0.028325
SUM: 340000
THREADS: 34
COUNT PER THREAD: 10000
SLOOPY VALUE: 256
TIME: 0.012538
SUM: 340000
THREADS: 34
COUNT PER THREAD: 10000
SLOOPY VALUE: 256
TIME: 0.009203
SUM: 340000
THREADS: 34
COUNT PER THREAD: 10000
SLOOPY VALUE: 256
TIME: 0.009322
SUM: 340000
THREADS: 34
COUNT PER THREAD: 10000
SLOOPY VALUE: 256
TIME: 0.009730
SUM: 340000
THREADS: 34
COUNT PER THREAD: 10000
SLOOPY VALUE: 256
TIME: 0.009324
SUM: 340000
THREADS: 34
COUNT PER THREAD: 10000
SLOOPY VALUE: 256
TIME: 0.008974
SUM: 340000
THREADS: 34
COUNT PER THREAD: 10000
SLOOPY VALUE: 256
TIME: 0.009175
SUM: 340000
THREADS: 34
COUNT PER THREAD: 10000
SLOOPY VALUE: 256
TIME: 0.012189
SUM: 340000
THREADS: 34
COUNT PER THREAD: 10000
SLOOPY VALUE: 256
TIME: 0.020522
SUM: 340000
THREADS: 35
COUNT PER THREAD: 10000
SLOOPY VALUE: 256
TIME: 0.022096
SUM: 350000
THREADS: 35
COUNT PER THREAD: 10000
SLOOPY VALUE: 256
TIME: 0.017396
SUM: 350000
THREADS: 35
COUNT PER THREAD: 10000
SLOOPY VALUE: 256
TIME: 0.011283
SUM: 350000
THREADS: 35
COUNT PER THREAD: 10000
SLOOPY VALUE: 256
TIME: 0.009930
SUM: 350000
THREADS: 35
COUNT PER THREAD: 10000
SLOOPY VALUE: 256
TIME: 0.009244
SUM: 350000
THREADS: 35
COUNT PER THREAD: 10000
SLOOPY VALUE: 256
TIME: 0.009219
SUM: 350000
THREADS: 35
COUNT PER THREAD: 10000
SLOOPY VALUE: 256
TIME: 0.013188
SUM: 350000
THREADS: 35
COUNT PER THREAD: 10000
SLOOPY VALUE: 256
TIME: 0.009247
SUM: 350000
THREADS: 35
COUNT PER THREAD: 10000
SLOOPY VALUE: 256
TIME: 0.009077
SUM: 350000
THREADS: 35
COUNT PER THREAD: 10000
SLOOPY VALUE: 256
TIME: 0.009838
SUM: 350000
THREADS: 36
COUNT PER THREAD: 10000
SLOOPY VALUE: 256
TIME: 0.025774
SUM: 360000
THREADS: 36
COUNT PER THREAD: 10000
SLOOPY VALUE: 256
TIME: 0.013490
SUM: 360000
THREADS: 36
COUNT PER THREAD: 10000
SLOOPY VALUE: 256
TIME: 0.009504
SUM: 360000
THREADS: 36
COUNT PER THREAD: 10000
SLOOPY VALUE: 256
TIME: 0.034355
SUM: 360000
THREADS: 36
COUNT PER THREAD: 10000
SLOOPY VALUE: 256
TIME: 0.009800
SUM: 360000
THREADS: 36
COUNT PER THREAD: 10000
SLOOPY VALUE: 256
TIME: 0.009809
SUM: 360000
THREADS: 36
COUNT PER THREAD: 10000
SLOOPY VALUE: 256
TIME: 0.009289
SUM: 360000
THREADS: 36
COUNT PER THREAD: 10000
SLOOPY VALUE: 256
TIME: 0.009797
SUM: 360000
THREADS: 36
COUNT PER THREAD: 10000
SLOOPY VALUE: 256
TIME: 0.027648
SUM: 360000
THREADS: 36
COUNT PER THREAD: 10000
SLOOPY VALUE: 256
TIME: 0.010090
SUM: 360000
THREADS: 37
COUNT PER THREAD: 10000
SLOOPY VALUE: 256
TIME: 0.010332
SUM: 370000
THREADS: 37
COUNT PER THREAD: 10000
SLOOPY VALUE: 256
TIME: 0.010158
SUM: 370000
THREADS: 37
COUNT PER THREAD: 10000
SLOOPY VALUE: 256
TIME: 0.009808
SUM: 370000
THREADS: 37
COUNT PER THREAD: 10000
SLOOPY VALUE: 256
TIME: 0.010012
SUM: 370000
THREADS: 37
COUNT PER THREAD: 10000
SLOOPY VALUE: 256
TIME: 0.010043
SUM: 370000
THREADS: 37
COUNT PER THREAD: 10000
SLOOPY VALUE: 256
TIME: 0.009587
SUM: 370000
THREADS: 37
COUNT PER THREAD: 10000
SLOOPY VALUE: 256
TIME: 0.009882
SUM: 370000
THREADS: 37
COUNT PER THREAD: 10000
SLOOPY VALUE: 256
TIME: 0.010130
SUM: 370000
THREADS: 37
COUNT PER THREAD: 10000
SLOOPY VALUE: 256
TIME: 0.018183
SUM: 370000
THREADS: 37
COUNT PER THREAD: 10000
SLOOPY VALUE: 256
TIME: 0.022880
SUM: 370000
THREADS: 38
COUNT PER THREAD: 10000
SLOOPY VALUE: 256
TIME: 0.017039
SUM: 380000
THREADS: 38
COUNT PER THREAD: 10000
SLOOPY VALUE: 256
TIME: 0.010003
SUM: 380000
THREADS: 38
COUNT PER THREAD: 10000
SLOOPY VALUE: 256
TIME: 0.010082
SUM: 380000
THREADS: 38
COUNT PER THREAD: 10000
SLOOPY VALUE: 256
TIME: 0.014000
SUM: 380000
THREADS: 38
COUNT PER THREAD: 10000
SLOOPY VALUE: 256
TIME: 0.010793
SUM: 380000
THREADS: 38
COUNT PER THREAD: 10000
SLOOPY VALUE: 256
TIME: 0.011458
SUM: 380000
THREADS: 38
COUNT PER THREAD: 10000
SLOOPY VALUE: 256
TIME: 0.011490
SUM: 380000
THREADS: 38
COUNT PER THREAD: 10000
SLOOPY VALUE: 256
TIME: 0.020047
SUM: 380000
THREADS: 38
COUNT PER THREAD: 10000
SLOOPY VALUE: 256
TIME: 0.022319
SUM: 380000
THREADS: 38
COUNT PER THREAD: 10000
SLOOPY VALUE: 256
TIME: 0.010444
SUM: 380000
THREADS: 39
COUNT PER THREAD: 10000
SLOOPY VALUE: 256
TIME: 0.010362
SUM: 390000
THREADS: 39
COUNT PER THREAD: 10000
SLOOPY VALUE: 256
TIME: 0.010708
SUM: 390000
THREADS: 39
COUNT PER THREAD: 10000
SLOOPY VALUE: 256
TIME: 0.010839
SUM: 390000
THREADS: 39
COUNT PER THREAD: 10000
SLOOPY VALUE: 256
TIME: 0.010211
SUM: 390000
THREADS: 39
COUNT PER THREAD: 10000
SLOOPY VALUE: 256
TIME: 0.010884
SUM: 390000
THREADS: 39
COUNT PER THREAD: 10000
SLOOPY VALUE: 256
TIME: 0.010532
SUM: 390000
THREADS: 39
COUNT PER THREAD: 10000
SLOOPY VALUE: 256
TIME: 0.010527
SUM: 390000
THREADS: 39
COUNT PER THREAD: 10000
SLOOPY VALUE: 256
TIME: 0.010134
SUM: 390000
THREADS: 39
COUNT PER THREAD: 10000
SLOOPY VALUE: 256
TIME: 0.026965
SUM: 390000
THREADS: 39
COUNT PER THREAD: 10000
SLOOPY VALUE: 256
TIME: 0.016061
SUM: 390000
THREADS: 40
COUNT PER THREAD: 10000
SLOOPY VALUE: 256
TIME: 0.010846
SUM: 400000
THREADS: 40
COUNT PER THREAD: 10000
SLOOPY VALUE: 256
TIME: 0.010783
SUM: 400000
THREADS: 40
COUNT PER THREAD: 10000
SLOOPY VALUE: 256
TIME: 0.010515
SUM: 400000
THREADS: 40
COUNT PER THREAD: 10000
SLOOPY VALUE: 256
TIME: 0.011078
SUM: 400000
THREADS: 40
COUNT PER THREAD: 10000
SLOOPY VALUE: 256
TIME: 0.013529
SUM: 400000
THREADS: 40
COUNT PER THREAD: 10000
SLOOPY VALUE: 256
TIME: 0.010885
SUM: 400000
THREADS: 40
COUNT PER THREAD: 10000
SLOOPY VALUE: 256
TIME: 0.033440
SUM: 400000
THREADS: 40
COUNT PER THREAD: 10000
SLOOPY VALUE: 256
TIME: 0.011047
SUM: 400000
THREADS: 40
COUNT PER THREAD: 10000
SLOOPY VALUE: 256
TIME: 0.010878
SUM: 400000
THREADS: 40
COUNT PER THREAD: 10000
SLOOPY VALUE: 256
TIME: 0.011266
SUM: 400000
THREADS: 41
COUNT PER THREAD: 10000
SLOOPY VALUE: 256
TIME: 0.014313
SUM: 410000
THREADS: 41
COUNT PER THREAD: 10000
SLOOPY VALUE: 256
TIME: 0.014639
SUM: 410000
THREADS: 41
COUNT PER THREAD: 10000
SLOOPY VALUE: 256
TIME: 0.012342
SUM: 410000
THREADS: 41
COUNT PER THREAD: 10000
SLOOPY VALUE: 256
TIME: 0.014782
SUM: 410000
THREADS: 41
COUNT PER THREAD: 10000
SLOOPY VALUE: 256
TIME: 0.030288
SUM: 410000
THREADS: 41
COUNT PER THREAD: 10000
SLOOPY VALUE: 256
TIME: 0.018189
SUM: 410000
THREADS: 41
COUNT PER THREAD: 10000
SLOOPY VALUE: 256
TIME: 0.011452
SUM: 410000
THREADS: 41
COUNT PER THREAD: 10000
SLOOPY VALUE: 256
TIME: 0.011527
SUM: 410000
THREADS: 41
COUNT PER THREAD: 10000
SLOOPY VALUE: 256
TIME: 0.011004
SUM: 410000
THREADS: 41
COUNT PER THREAD: 10000
SLOOPY VALUE: 256
TIME: 0.011901
SUM: 410000
THREADS: 42
COUNT PER THREAD: 10000
SLOOPY VALUE: 256
TIME: 0.012463
SUM: 420000
THREADS: 42
COUNT PER THREAD: 10000
SLOOPY VALUE: 256
TIME: 0.012945
SUM: 420000
THREADS: 42
COUNT PER THREAD: 10000
SLOOPY VALUE: 256
TIME: 0.012470
SUM: 420000
THREADS: 42
COUNT PER THREAD: 10000
SLOOPY VALUE: 256
TIME: 0.013762
SUM: 420000
THREADS: 42
COUNT PER THREAD: 10000
SLOOPY VALUE: 256
TIME: 0.011505
SUM: 420000
THREADS: 42
COUNT PER THREAD: 10000
SLOOPY VALUE: 256
TIME: 0.013171
SUM: 420000
THREADS: 42
COUNT PER THREAD: 10000
SLOOPY VALUE: 256
TIME: 0.012076
SUM: 420000
THREADS: 42
COUNT PER THREAD: 10000
SLOOPY VALUE: 256
TIME: 0.015238
SUM: 420000
THREADS: 42
COUNT PER THREAD: 10000
SLOOPY VALUE: 256
TIME: 0.012236
SUM: 420000
THREADS: 42
COUNT PER THREAD: 10000
SLOOPY VALUE: 256
TIME: 0.011700
SUM: 420000
THREADS: 43
COUNT PER THREAD: 10000
SLOOPY VALUE: 256
TIME: 0.014140
SUM: 430000
THREADS: 43
COUNT PER THREAD: 10000
SLOOPY VALUE: 256
TIME: 0.014428
SUM: 430000
THREADS: 43
COUNT PER THREAD: 10000
SLOOPY VALUE: 256
TIME: 0.015303
SUM: 430000
THREADS: 43
COUNT PER THREAD: 10000
SLOOPY VALUE: 256
TIME: 0.013263
SUM: 430000
THREADS: 43
COUNT PER THREAD: 10000
SLOOPY VALUE: 256
TIME: 0.013479
SUM: 430000
THREADS: 43
COUNT PER THREAD: 10000
SLOOPY VALUE: 256
TIME: 0.013905
SUM: 430000
THREADS: 43
COUNT PER THREAD: 10000
SLOOPY VALUE: 256
TIME: 0.014493
SUM: 430000
THREADS: 43
COUNT PER THREAD: 10000
SLOOPY VALUE: 256
TIME: 0.013742
SUM: 430000
THREADS: 43
COUNT PER THREAD: 10000
SLOOPY VALUE: 256
TIME: 0.013173
SUM: 430000
THREADS: 43
COUNT PER THREAD: 10000
SLOOPY VALUE: 256
TIME: 0.015103
SUM: 430000
THREADS: 44
COUNT PER THREAD: 10000
SLOOPY VALUE: 256
TIME: 0.015705
SUM: 440000
THREADS: 44
COUNT PER THREAD: 10000
SLOOPY VALUE: 256
TIME: 0.013903
SUM: 440000
THREADS: 44
COUNT PER THREAD: 10000
SLOOPY VALUE: 256
TIME: 0.013856
SUM: 440000
THREADS: 44
COUNT PER THREAD: 10000
SLOOPY VALUE: 256
TIME: 0.012833
SUM: 440000
THREADS: 44
COUNT PER THREAD: 10000
SLOOPY VALUE: 256
TIME: 0.015967
SUM: 440000
THREADS: 44
COUNT PER THREAD: 10000
SLOOPY VALUE: 256
TIME: 0.015374
SUM: 440000
THREADS: 44
COUNT PER THREAD: 10000
SLOOPY VALUE: 256
TIME: 0.013023
SUM: 440000
THREADS: 44
COUNT PER THREAD: 10000
SLOOPY VALUE: 256
TIME: 0.013294
SUM: 440000
THREADS: 44
COUNT PER THREAD: 10000
SLOOPY VALUE: 256
TIME: 0.012829
SUM: 440000
THREADS: 44
COUNT PER THREAD: 10000
SLOOPY VALUE: 256
TIME: 0.012464
SUM: 440000
THREADS: 45
COUNT PER THREAD: 10000
SLOOPY VALUE: 256
TIME: 0.015937
SUM: 450000
THREADS: 45
COUNT PER THREAD: 10000
SLOOPY VALUE: 256
TIME: 0.015935
SUM: 450000
THREADS: 45
COUNT PER THREAD: 10000
SLOOPY VALUE: 256
TIME: 0.013075
SUM: 450000
THREADS: 45
COUNT PER THREAD: 10000
SLOOPY VALUE: 256
TIME: 0.012554
SUM: 450000
THREADS: 45
COUNT PER THREAD: 10000
SLOOPY VALUE: 256
TIME: 0.012072
SUM: 450000
THREADS: 45
COUNT PER THREAD: 10000
SLOOPY VALUE: 256
TIME: 0.012742
SUM: 450000
THREADS: 45
COUNT PER THREAD: 10000
SLOOPY VALUE: 256
TIME: 0.013923
SUM: 450000
THREADS: 45
COUNT PER THREAD: 10000
SLOOPY VALUE: 256
TIME: 0.012182
SUM: 450000
THREADS: 45
COUNT PER THREAD: 10000
SLOOPY VALUE: 256
TIME: 0.015303
SUM: 450000
THREADS: 45
COUNT PER THREAD: 10000
SLOOPY VALUE: 256
TIME: 0.013716
SUM: 450000
THREADS: 46
COUNT PER THREAD: 10000
SLOOPY VALUE: 256
TIME: 0.014531
SUM: 460000
THREADS: 46
COUNT PER THREAD: 10000
SLOOPY VALUE: 256
TIME: 0.012336
SUM: 460000
THREADS: 46
COUNT PER THREAD: 10000
SLOOPY VALUE: 256
TIME: 0.012332
SUM: 460000
THREADS: 46
COUNT PER THREAD: 10000
SLOOPY VALUE: 256
TIME: 0.012561
SUM: 460000
THREADS: 46
COUNT PER THREAD: 10000
SLOOPY VALUE: 256
TIME: 0.012199
SUM: 460000
THREADS: 46
COUNT PER THREAD: 10000
SLOOPY VALUE: 256
TIME: 0.014433
SUM: 460000
THREADS: 46
COUNT PER THREAD: 10000
SLOOPY VALUE: 256
TIME: 0.013064
SUM: 460000
THREADS: 46
COUNT PER THREAD: 10000
SLOOPY VALUE: 256
TIME: 0.012230
SUM: 460000
THREADS: 46
COUNT PER THREAD: 10000
SLOOPY VALUE: 256
TIME: 0.011815
SUM: 460000
THREADS: 46
COUNT PER THREAD: 10000
SLOOPY VALUE: 256
TIME: 0.011933
SUM: 460000
THREADS: 47
COUNT PER THREAD: 10000
SLOOPY VALUE: 256
TIME: 0.012687
SUM: 470000
THREADS: 47
COUNT PER THREAD: 10000
SLOOPY VALUE: 256
TIME: 0.012983
SUM: 470000
THREADS: 47
COUNT PER THREAD: 10000
SLOOPY VALUE: 256
TIME: 0.013366
SUM: 470000
THREADS: 47
COUNT PER THREAD: 10000
SLOOPY VALUE: 256
TIME: 0.034081
SUM: 470000
THREADS: 47
COUNT PER THREAD: 10000
SLOOPY VALUE: 256
TIME: 0.013327
SUM: 470000
THREADS: 47
COUNT PER THREAD: 10000
SLOOPY VALUE: 256
TIME: 0.015964
SUM: 470000
THREADS: 47
COUNT PER THREAD: 10000
SLOOPY VALUE: 256
TIME: 0.017051
SUM: 470000
THREADS: 47
COUNT PER THREAD: 10000
SLOOPY VALUE: 256
TIME: 0.017908
SUM: 470000
THREADS: 47
COUNT PER THREAD: 10000
SLOOPY VALUE: 256
TIME: 0.013208
SUM: 470000
THREADS: 47
COUNT PER THREAD: 10000
SLOOPY VALUE: 256
TIME: 0.036573
SUM: 470000
THREADS: 48
COUNT PER THREAD: 10000
SLOOPY VALUE: 256
TIME: 0.012595
SUM: 480000
THREADS: 48
COUNT PER THREAD: 10000
SLOOPY VALUE: 256
TIME: 0.012362
SUM: 480000
THREADS: 48
COUNT PER THREAD: 10000
SLOOPY VALUE: 256
TIME: 0.012958
SUM: 480000
THREADS: 48
COUNT PER THREAD: 10000
SLOOPY VALUE: 256
TIME: 0.037760
SUM: 480000
THREADS: 48
COUNT PER THREAD: 10000
SLOOPY VALUE: 256
TIME: 0.014289
SUM: 480000
THREADS: 48
COUNT PER THREAD: 10000
SLOOPY VALUE: 256
TIME: 0.012879
SUM: 480000
THREADS: 48
COUNT PER THREAD: 10000
SLOOPY VALUE: 256
TIME: 0.012662
SUM: 480000
THREADS: 48
COUNT PER THREAD: 10000
SLOOPY VALUE: 256
TIME: 0.014945
SUM: 480000
THREADS: 48
COUNT PER THREAD: 10000
SLOOPY VALUE: 256
TIME: 0.016122
SUM: 480000
THREADS: 48
COUNT PER THREAD: 10000
SLOOPY VALUE: 256
TIME: 0.013143
SUM: 480000
THREADS: 49
COUNT PER THREAD: 10000
SLOOPY VALUE: 256
TIME: 0.013462
SUM: 490000
THREADS: 49
COUNT PER THREAD: 10000
SLOOPY VALUE: 256
TIME: 0.013174
SUM: 490000
THREADS: 49
COUNT PER THREAD: 10000
SLOOPY VALUE: 256
TIME: 0.025856
SUM: 490000
THREADS: 49
COUNT PER THREAD: 10000
SLOOPY VALUE: 256
TIME: 0.024544
SUM: 490000
THREADS: 49
COUNT PER THREAD: 10000
SLOOPY VALUE: 256
TIME: 0.017027
SUM: 490000
THREADS: 49
COUNT PER THREAD: 10000
SLOOPY VALUE: 256
TIME: 0.013496
SUM: 490000
THREADS: 49
COUNT PER THREAD: 10000
SLOOPY VALUE: 256
TIME: 0.014222
SUM: 490000
THREADS: 49
COUNT PER THREAD: 10000
SLOOPY VALUE: 256
TIME: 0.013261
SUM: 490000
THREADS: 49
COUNT PER THREAD: 10000
SLOOPY VALUE: 256
TIME: 0.013354
SUM: 490000
THREADS: 49
COUNT PER THREAD: 10000
SLOOPY VALUE: 256
TIME: 0.031510
SUM: 490000
THREADS: 50
COUNT PER THREAD: 10000
SLOOPY VALUE: 256
TIME: 0.013382
SUM: 500000
THREADS: 50
COUNT PER THREAD: 10000
SLOOPY VALUE: 256
TIME: 0.013908
SUM: 500000
THREADS: 50
COUNT PER THREAD: 10000
SLOOPY VALUE: 256
TIME: 0.013143
SUM: 500000
THREADS: 50
COUNT PER THREAD: 10000
SLOOPY VALUE: 256
TIME: 0.036326
SUM: 500000
THREADS: 50
COUNT PER THREAD: 10000
SLOOPY VALUE: 256
TIME: 0.013904
SUM: 500000
THREADS: 50
COUNT PER THREAD: 10000
SLOOPY VALUE: 256
TIME: 0.013125
SUM: 500000
THREADS: 50
COUNT PER THREAD: 10000
SLOOPY VALUE: 256
TIME: 0.013445
SUM: 500000
THREADS: 50
COUNT PER THREAD: 10000
SLOOPY VALUE: 256
TIME: 0.013458
SUM: 500000
THREADS: 50
COUNT PER THREAD: 10000
SLOOPY VALUE: 256
TIME: 0.013878
SUM: 500000
THREADS: 50
COUNT PER THREAD: 10000
SLOOPY VALUE: 256
TIME: 0.013106
SUM: 500000
THREADS: 51
COUNT PER THREAD: 10000
SLOOPY VALUE: 256
TIME: 0.012786
SUM: 510000
THREADS: 51
COUNT PER THREAD: 10000
SLOOPY VALUE: 256
TIME: 0.012970
SUM: 510000
THREADS: 51
COUNT PER THREAD: 10000
SLOOPY VALUE: 256
TIME: 0.013482
SUM: 510000
THREADS: 51
COUNT PER THREAD: 10000
SLOOPY VALUE: 256
TIME: 0.013430
SUM: 510000
THREADS: 51
COUNT PER THREAD: 10000
SLOOPY VALUE: 256
TIME: 0.013294
SUM: 510000
THREADS: 51
COUNT PER THREAD: 10000
SLOOPY VALUE: 256
TIME: 0.030014
SUM: 510000
THREADS: 51
COUNT PER THREAD: 10000
SLOOPY VALUE: 256
TIME: 0.016303
SUM: 510000
THREADS: 51
COUNT PER THREAD: 10000
SLOOPY VALUE: 256
TIME: 0.013035
SUM: 510000
THREADS: 51
COUNT PER THREAD: 10000
SLOOPY VALUE: 256
TIME: 0.013078
SUM: 510000
THREADS: 51
COUNT PER THREAD: 10000
SLOOPY VALUE: 256
TIME: 0.013166
SUM: 510000
THREADS: 52
COUNT PER THREAD: 10000
SLOOPY VALUE: 256
TIME: 0.018263
SUM: 520000
THREADS: 52
COUNT PER THREAD: 10000
SLOOPY VALUE: 256
TIME: 0.016315
SUM: 520000
THREADS: 52
COUNT PER THREAD: 10000
SLOOPY VALUE: 256
TIME: 0.044665
SUM: 520000
THREADS: 52
COUNT PER THREAD: 10000
SLOOPY VALUE: 256
TIME: 0.017536
SUM: 520000
THREADS: 52
COUNT PER THREAD: 10000
SLOOPY VALUE: 256
TIME: 0.017074
SUM: 520000
THREADS: 52
COUNT PER THREAD: 10000
SLOOPY VALUE: 256
TIME: 0.014223
SUM: 520000
THREADS: 52
COUNT PER THREAD: 10000
SLOOPY VALUE: 256
TIME: 0.017603
SUM: 520000
THREADS: 52
COUNT PER THREAD: 10000
SLOOPY VALUE: 256
TIME: 0.013536
SUM: 520000
THREADS: 52
COUNT PER THREAD: 10000
SLOOPY VALUE: 256
TIME: 0.031167
SUM: 520000
THREADS: 52
COUNT PER THREAD: 10000
SLOOPY VALUE: 256
TIME: 0.017594
SUM: 520000
THREADS: 53
COUNT PER THREAD: 10000
SLOOPY VALUE: 256
TIME: 0.013071
SUM: 530000
THREADS: 53
COUNT PER THREAD: 10000
SLOOPY VALUE: 256
TIME: 0.013212
SUM: 530000
THREADS: 53
COUNT PER THREAD: 10000
SLOOPY VALUE: 256
TIME: 0.013181
SUM: 530000
THREADS: 53
COUNT PER THREAD: 10000
SLOOPY VALUE: 256
TIME: 0.036010
SUM: 530000
THREADS: 53
COUNT PER THREAD: 10000
SLOOPY VALUE: 256
TIME: 0.013256
SUM: 530000
THREADS: 53
COUNT PER THREAD: 10000
SLOOPY VALUE: 256
TIME: 0.013423
SUM: 530000
THREADS: 53
COUNT PER THREAD: 10000
SLOOPY VALUE: 256
TIME: 0.013270
SUM: 530000
THREADS: 53
COUNT PER THREAD: 10000
SLOOPY VALUE: 256
TIME: 0.013284
SUM: 530000
THREADS: 53
COUNT PER THREAD: 10000
SLOOPY VALUE: 256
TIME: 0.013126
SUM: 530000
THREADS: 53
COUNT PER THREAD: 10000
SLOOPY VALUE: 256
TIME: 0.013213
SUM: 530000
THREADS: 54
COUNT PER THREAD: 10000
SLOOPY VALUE: 256
TIME: 0.024544
SUM: 540000
THREADS: 54
COUNT PER THREAD: 10000
SLOOPY VALUE: 256
TIME: 0.017818
SUM: 540000
THREADS: 54
COUNT PER THREAD: 10000
SLOOPY VALUE: 256
TIME: 0.014762
SUM: 540000
THREADS: 54
COUNT PER THREAD: 10000
SLOOPY VALUE: 256
TIME: 0.017608
SUM: 540000
THREADS: 54
COUNT PER THREAD: 10000
SLOOPY VALUE: 256
TIME: 0.014946
SUM: 540000
THREADS: 54
COUNT PER THREAD: 10000
SLOOPY VALUE: 256
TIME: 0.023039
SUM: 540000
THREADS: 54
COUNT PER THREAD: 10000
SLOOPY VALUE: 256
TIME: 0.038124
SUM: 540000
THREADS: 54
COUNT PER THREAD: 10000
SLOOPY VALUE: 256
TIME: 0.017148
SUM: 540000
THREADS: 54
COUNT PER THREAD: 10000
SLOOPY VALUE: 256
TIME: 0.018128
SUM: 540000
THREADS: 54
COUNT PER THREAD: 10000
SLOOPY VALUE: 256
TIME: 0.017962
SUM: 540000
THREADS: 55
COUNT PER THREAD: 10000
SLOOPY VALUE: 256
TIME: 0.017560
SUM: 550000
THREADS: 55
COUNT PER THREAD: 10000
SLOOPY VALUE: 256
TIME: 0.014424
SUM: 550000
THREADS: 55
COUNT PER THREAD: 10000
SLOOPY VALUE: 256
TIME: 0.037370
SUM: 550000
THREADS: 55
COUNT PER THREAD: 10000
SLOOPY VALUE: 256
TIME: 0.015315
SUM: 550000
THREADS: 55
COUNT PER THREAD: 10000
SLOOPY VALUE: 256
TIME: 0.018468
SUM: 550000
THREADS: 55
COUNT PER THREAD: 10000
SLOOPY VALUE: 256
TIME: 0.015098
SUM: 550000
THREADS: 55
COUNT PER THREAD: 10000
SLOOPY VALUE: 256
TIME: 0.014936
SUM: 550000
THREADS: 55
COUNT PER THREAD: 10000
SLOOPY VALUE: 256
TIME: 0.014616
SUM: 550000
THREADS: 55
COUNT PER THREAD: 10000
SLOOPY VALUE: 256
TIME: 0.021400
SUM: 550000
THREADS: 55
COUNT PER THREAD: 10000
SLOOPY VALUE: 256
TIME: 0.028027
SUM: 550000
THREADS: 56
COUNT PER THREAD: 10000
SLOOPY VALUE: 256
TIME: 0.017493
SUM: 560000
THREADS: 56
COUNT PER THREAD: 10000
SLOOPY VALUE: 256
TIME: 0.017504
SUM: 560000
THREADS: 56
COUNT PER THREAD: 10000
SLOOPY VALUE: 256
TIME: 0.016596
SUM: 560000
THREADS: 56
COUNT PER THREAD: 10000
SLOOPY VALUE: 256
TIME: 0.017829
SUM: 560000
THREADS: 56
COUNT PER THREAD: 10000
SLOOPY VALUE: 256
TIME: 0.017697
SUM: 560000
THREADS: 56
COUNT PER THREAD: 10000
SLOOPY VALUE: 256
TIME: 0.054125
SUM: 560000
THREADS: 56
COUNT PER THREAD: 10000
SLOOPY VALUE: 256
TIME: 0.029852
SUM: 560000
THREADS: 56
COUNT PER THREAD: 10000
SLOOPY VALUE: 256
TIME: 0.019771
SUM: 560000
THREADS: 56
COUNT PER THREAD: 10000
SLOOPY VALUE: 256
TIME: 0.018071
SUM: 560000
THREADS: 56
COUNT PER THREAD: 10000
SLOOPY VALUE: 256
TIME: 0.019727
SUM: 560000
THREADS: 57
COUNT PER THREAD: 10000
SLOOPY VALUE: 256
TIME: 0.015279
SUM: 570000
THREADS: 57
COUNT PER THREAD: 10000
SLOOPY VALUE: 256
TIME: 0.086589
SUM: 570000
THREADS: 57
COUNT PER THREAD: 10000
SLOOPY VALUE: 256
TIME: 0.015501
SUM: 570000
THREADS: 57
COUNT PER THREAD: 10000
SLOOPY VALUE: 256
TIME: 0.015255
SUM: 570000
THREADS: 57
COUNT PER THREAD: 10000
SLOOPY VALUE: 256
TIME: 0.015037
SUM: 570000
THREADS: 57
COUNT PER THREAD: 10000
SLOOPY VALUE: 256
TIME: 0.015347
SUM: 570000
THREADS: 57
COUNT PER THREAD: 10000
SLOOPY VALUE: 256
TIME: 0.018942
SUM: 570000
THREADS: 57
COUNT PER THREAD: 10000
SLOOPY VALUE: 256
TIME: 0.030495
SUM: 570000
THREADS: 57
COUNT PER THREAD: 10000
SLOOPY VALUE: 256
TIME: 0.021544
SUM: 570000
THREADS: 57
COUNT PER THREAD: 10000
SLOOPY VALUE: 256
TIME: 0.015172
SUM: 570000
THREADS: 58
COUNT PER THREAD: 10000
SLOOPY VALUE: 256
TIME: 0.024076
SUM: 580000
THREADS: 58
COUNT PER THREAD: 10000
SLOOPY VALUE: 256
TIME: 0.020617
SUM: 580000
THREADS: 58
COUNT PER THREAD: 10000
SLOOPY VALUE: 256
TIME: 0.016313
SUM: 580000
THREADS: 58
COUNT PER THREAD: 10000
SLOOPY VALUE: 256
TIME: 0.015747
SUM: 580000
THREADS: 58
COUNT PER THREAD: 10000
SLOOPY VALUE: 256
TIME: 0.019606
SUM: 580000
THREADS: 58
COUNT PER THREAD: 10000
SLOOPY VALUE: 256
TIME: 0.039846
SUM: 580000
THREADS: 58
COUNT PER THREAD: 10000
SLOOPY VALUE: 256
TIME: 0.016090
SUM: 580000
THREADS: 58
COUNT PER THREAD: 10000
SLOOPY VALUE: 256
TIME: 0.019595
SUM: 580000
THREADS: 58
COUNT PER THREAD: 10000
SLOOPY VALUE: 256
TIME: 0.020268
SUM: 580000
THREADS: 58
COUNT PER THREAD: 10000
SLOOPY VALUE: 256
TIME: 0.015914
SUM: 580000
THREADS: 59
COUNT PER THREAD: 10000
SLOOPY VALUE: 256
TIME: 0.030012
SUM: 590000
THREADS: 59
COUNT PER THREAD: 10000
SLOOPY VALUE: 256
TIME: 0.019895
SUM: 590000
THREADS: 59
COUNT PER THREAD: 10000
SLOOPY VALUE: 256
TIME: 0.018430
SUM: 590000
THREADS: 59
COUNT PER THREAD: 10000
SLOOPY VALUE: 256
TIME: 0.017295
SUM: 590000
THREADS: 59
COUNT PER THREAD: 10000
SLOOPY VALUE: 256
TIME: 0.016507
SUM: 590000
THREADS: 59
COUNT PER THREAD: 10000
SLOOPY VALUE: 256
TIME: 0.040324
SUM: 590000
THREADS: 59
COUNT PER THREAD: 10000
SLOOPY VALUE: 256
TIME: 0.016603
SUM: 590000
THREADS: 59
COUNT PER THREAD: 10000
SLOOPY VALUE: 256
TIME: 0.017377
SUM: 590000
THREADS: 59
COUNT PER THREAD: 10000
SLOOPY VALUE: 256
TIME: 0.016986
SUM: 590000
THREADS: 59
COUNT PER THREAD: 10000
SLOOPY VALUE: 256
TIME: 0.016170
SUM: 590000
THREADS: 60
COUNT PER THREAD: 10000
SLOOPY VALUE: 256
TIME: 0.020384
SUM: 600000
THREADS: 60
COUNT PER THREAD: 10000
SLOOPY VALUE: 256
TIME: 0.018010
SUM: 600000
THREADS: 60
COUNT PER THREAD: 10000
SLOOPY VALUE: 256
TIME: 0.021302
SUM: 600000
THREADS: 60
COUNT PER THREAD: 10000
SLOOPY VALUE: 256
TIME: 0.037215
SUM: 600000
THREADS: 60
COUNT PER THREAD: 10000
SLOOPY VALUE: 256
TIME: 0.019913
SUM: 600000
THREADS: 60
COUNT PER THREAD: 10000
SLOOPY VALUE: 256
TIME: 0.018515
SUM: 600000
THREADS: 60
COUNT PER THREAD: 10000
SLOOPY VALUE: 256
TIME: 0.019616
SUM: 600000
THREADS: 60
COUNT PER THREAD: 10000
SLOOPY VALUE: 256
TIME: 0.018396
SUM: 600000
THREADS: 60
COUNT PER THREAD: 10000
SLOOPY VALUE: 256
TIME: 0.032003
SUM: 600000
THREADS: 60
COUNT PER THREAD: 10000
SLOOPY VALUE: 256
TIME: 0.029836
SUM: 600000
THREADS: 61
COUNT PER THREAD: 10000
SLOOPY VALUE: 256
TIME: 0.019152
SUM: 610000
THREADS: 61
COUNT PER THREAD: 10000
SLOOPY VALUE: 256
TIME: 0.020402
SUM: 610000
THREADS: 61
COUNT PER THREAD: 10000
SLOOPY VALUE: 256
TIME: 0.043180
SUM: 610000
THREADS: 61
COUNT PER THREAD: 10000
SLOOPY VALUE: 256
TIME: 0.032254
SUM: 610000
THREADS: 61
COUNT PER THREAD: 10000
SLOOPY VALUE: 256
TIME: 0.019155
SUM: 610000
THREADS: 61
COUNT PER THREAD: 10000
SLOOPY VALUE: 256
TIME: 0.022127
SUM: 610000
THREADS: 61
COUNT PER THREAD: 10000
SLOOPY VALUE: 256
TIME: 0.020520
SUM: 610000
THREADS: 61
COUNT PER THREAD: 10000
SLOOPY VALUE: 256
TIME: 0.036632
SUM: 610000
THREADS: 61
COUNT PER THREAD: 10000
SLOOPY VALUE: 256
TIME: 0.027582
SUM: 610000
THREADS: 61
COUNT PER THREAD: 10000
SLOOPY VALUE: 256
TIME: 0.023446
SUM: 610000
THREADS: 62
COUNT PER THREAD: 10000
SLOOPY VALUE: 256
TIME: 0.020261
SUM: 620000
THREADS: 62
COUNT PER THREAD: 10000
SLOOPY VALUE: 256
TIME: 0.019493
SUM: 620000
THREADS: 62
COUNT PER THREAD: 10000
SLOOPY VALUE: 256
TIME: 0.030766
SUM: 620000
THREADS: 62
COUNT PER THREAD: 10000
SLOOPY VALUE: 256
TIME: 0.038853
SUM: 620000
THREADS: 62
COUNT PER THREAD: 10000
SLOOPY VALUE: 256
TIME: 0.018942
SUM: 620000
THREADS: 62
COUNT PER THREAD: 10000
SLOOPY VALUE: 256
TIME: 0.021792
SUM: 620000
THREADS: 62
COUNT PER THREAD: 10000
SLOOPY VALUE: 256
TIME: 0.019909
SUM: 620000
THREADS: 62
COUNT PER THREAD: 10000
SLOOPY VALUE: 256
TIME: 0.020391
SUM: 620000
THREADS: 62
COUNT PER THREAD: 10000
SLOOPY VALUE: 256
TIME: 0.030317
SUM: 620000
THREADS: 62
COUNT PER THREAD: 10000
SLOOPY VALUE: 256
TIME: 0.020769
SUM: 620000
THREADS: 63
COUNT PER THREAD: 10000
SLOOPY VALUE: 256
TIME: 0.020344
SUM: 630000
THREADS: 63
COUNT PER THREAD: 10000
SLOOPY VALUE: 256
TIME: 0.016801
SUM: 630000
THREADS: 63
COUNT PER THREAD: 10000
SLOOPY VALUE: 256
TIME: 0.017976
SUM: 630000
THREADS: 63
COUNT PER THREAD: 10000
SLOOPY VALUE: 256
TIME: 0.016932
SUM: 630000
THREADS: 63
COUNT PER THREAD: 10000
SLOOPY VALUE: 256
TIME: 0.017048
SUM: 630000
THREADS: 63
COUNT PER THREAD: 10000
SLOOPY VALUE: 256
TIME: 0.040217
SUM: 630000
THREADS: 63
COUNT PER THREAD: 10000
SLOOPY VALUE: 256
TIME: 0.017494
SUM: 630000
THREADS: 63
COUNT PER THREAD: 10000
SLOOPY VALUE: 256
TIME: 0.021512
SUM: 630000
THREADS: 63
COUNT PER THREAD: 10000
SLOOPY VALUE: 256
TIME: 0.017549
SUM: 630000
THREADS: 63
COUNT PER THREAD: 10000
SLOOPY VALUE: 256
TIME: 0.020424
SUM: 630000
THREADS: 64
COUNT PER THREAD: 10000
SLOOPY VALUE: 256
TIME: 0.018723
SUM: 640000
THREADS: 64
COUNT PER THREAD: 10000
SLOOPY VALUE: 256
TIME: 0.018763
SUM: 640000
THREADS: 64
COUNT PER THREAD: 10000
SLOOPY VALUE: 256
TIME: 0.018502
SUM: 640000
THREADS: 64
COUNT PER THREAD: 10000
SLOOPY VALUE: 256
TIME: 0.050309
SUM: 640000
THREADS: 64
COUNT PER THREAD: 10000
SLOOPY VALUE: 256
TIME: 0.019131
SUM: 640000
THREADS: 64
COUNT PER THREAD: 10000
SLOOPY VALUE: 256
TIME: 0.021213
SUM: 640000
THREADS: 64
COUNT PER THREAD: 10000
SLOOPY VALUE: 256
TIME: 0.017951
SUM: 640000
THREADS: 64
COUNT PER THREAD: 10000
SLOOPY VALUE: 256
TIME: 0.017998
SUM: 640000
THREADS: 64
COUNT PER THREAD: 10000
SLOOPY VALUE: 256
TIME: 0.046588
SUM: 640000
THREADS: 64
COUNT PER THREAD: 10000
SLOOPY VALUE: 256
TIME: 0.020640
SUM: 640000
THREADS: 65
COUNT PER THREAD: 10000
SLOOPY VALUE: 256
TIME: 0.019741
SUM: 650000
THREADS: 65
COUNT PER THREAD: 10000
SLOOPY VALUE: 256
TIME: 0.020049
SUM: 650000
THREADS: 65
COUNT PER THREAD: 10000
SLOOPY VALUE: 256
TIME: 0.041332
SUM: 650000
THREADS: 65
COUNT PER THREAD: 10000
SLOOPY VALUE: 256
TIME: 0.037397
SUM: 650000
THREADS: 65
COUNT PER THREAD: 10000
SLOOPY VALUE: 256
TIME: 0.024348
SUM: 650000
THREADS: 65
COUNT PER THREAD: 10000
SLOOPY VALUE: 256
TIME: 0.019369
SUM: 650000
THREADS: 65
COUNT PER THREAD: 10000
SLOOPY VALUE: 256
TIME: 0.018139
SUM: 650000
THREADS: 65
COUNT PER THREAD: 10000
SLOOPY VALUE: 256
TIME: 0.040240
SUM: 650000
THREADS: 65
COUNT PER THREAD: 10000
SLOOPY VALUE: 256
TIME: 0.028994
SUM: 650000
THREADS: 65
COUNT PER THREAD: 10000
SLOOPY VALUE: 256
TIME: 0.022081
SUM: 650000
THREADS: 66
COUNT PER THREAD: 10000
SLOOPY VALUE: 256
TIME: 0.017848
SUM: 660000
THREADS: 66
COUNT PER THREAD: 10000
SLOOPY VALUE: 256
TIME: 0.024586
SUM: 660000
THREADS: 66
COUNT PER THREAD: 10000
SLOOPY VALUE: 256
TIME: 0.027666
SUM: 660000
THREADS: 66
COUNT PER THREAD: 10000
SLOOPY VALUE: 256
TIME: 0.035226
SUM: 660000
THREADS: 66
COUNT PER THREAD: 10000
SLOOPY VALUE: 256
TIME: 0.021120
SUM: 660000
THREADS: 66
COUNT PER THREAD: 10000
SLOOPY VALUE: 256
TIME: 0.021176
SUM: 660000
THREADS: 66
COUNT PER THREAD: 10000
SLOOPY VALUE: 256
TIME: 0.018466
SUM: 660000
THREADS: 66
COUNT PER THREAD: 10000
SLOOPY VALUE: 256
TIME: 0.021912
SUM: 660000
THREADS: 66
COUNT PER THREAD: 10000
SLOOPY VALUE: 256
TIME: 0.038938
SUM: 660000
THREADS: 66
COUNT PER THREAD: 10000
SLOOPY VALUE: 256
TIME: 0.020547
SUM: 660000
THREADS: 67
COUNT PER THREAD: 10000
SLOOPY VALUE: 256
TIME: 0.019869
SUM: 670000
THREADS: 67
COUNT PER THREAD: 10000
SLOOPY VALUE: 256
TIME: 0.022534
SUM: 670000
THREADS: 67
COUNT PER THREAD: 10000
SLOOPY VALUE: 256
TIME: 0.049597
SUM: 670000
THREADS: 67
COUNT PER THREAD: 10000
SLOOPY VALUE: 256
TIME: 0.024516
SUM: 670000
THREADS: 67
COUNT PER THREAD: 10000
SLOOPY VALUE: 256
TIME: 0.025121
SUM: 670000
THREADS: 67
COUNT PER THREAD: 10000
SLOOPY VALUE: 256
TIME: 0.022051
SUM: 670000
THREADS: 67
COUNT PER THREAD: 10000
SLOOPY VALUE: 256
TIME: 0.021732
SUM: 670000
THREADS: 67
COUNT PER THREAD: 10000
SLOOPY VALUE: 256
TIME: 0.054323
SUM: 670000
THREADS: 67
COUNT PER THREAD: 10000
SLOOPY VALUE: 256
TIME: 0.022143
SUM: 670000
THREADS: 67
COUNT PER THREAD: 10000
SLOOPY VALUE: 256
TIME: 0.021146
SUM: 670000
THREADS: 68
COUNT PER THREAD: 10000
SLOOPY VALUE: 256
TIME: 0.018627
SUM: 680000
THREADS: 68
COUNT PER THREAD: 10000
SLOOPY VALUE: 256
TIME: 0.017486
SUM: 680000
THREADS: 68
COUNT PER THREAD: 10000
SLOOPY VALUE: 256
TIME: 0.017381
SUM: 680000
THREADS: 68
COUNT PER THREAD: 10000
SLOOPY VALUE: 256
TIME: 0.017070
SUM: 680000
THREADS: 68
COUNT PER THREAD: 10000
SLOOPY VALUE: 256
TIME: 0.017142
SUM: 680000
THREADS: 68
COUNT PER THREAD: 10000
SLOOPY VALUE: 256
TIME: 0.044908
SUM: 680000
THREADS: 68
COUNT PER THREAD: 10000
SLOOPY VALUE: 256
TIME: 0.017514
SUM: 680000
THREADS: 68
COUNT PER THREAD: 10000
SLOOPY VALUE: 256
TIME: 0.016944
SUM: 680000
THREADS: 68
COUNT PER THREAD: 10000
SLOOPY VALUE: 256
TIME: 0.016883
SUM: 680000
THREADS: 68
COUNT PER THREAD: 10000
SLOOPY VALUE: 256
TIME: 0.016988
SUM: 680000
THREADS: 69
COUNT PER THREAD: 10000
SLOOPY VALUE: 256
TIME: 0.017938
SUM: 690000
THREADS: 69
COUNT PER THREAD: 10000
SLOOPY VALUE: 256
TIME: 0.017911
SUM: 690000
THREADS: 69
COUNT PER THREAD: 10000
SLOOPY VALUE: 256
TIME: 0.017600
SUM: 690000
THREADS: 69
COUNT PER THREAD: 10000
SLOOPY VALUE: 256
TIME: 0.040689
SUM: 690000
THREADS: 69
COUNT PER THREAD: 10000
SLOOPY VALUE: 256
TIME: 0.018965
SUM: 690000
THREADS: 69
COUNT PER THREAD: 10000
SLOOPY VALUE: 256
TIME: 0.017216
SUM: 690000
THREADS: 69
COUNT PER THREAD: 10000
SLOOPY VALUE: 256
TIME: 0.017776
SUM: 690000
THREADS: 69
COUNT PER THREAD: 10000
SLOOPY VALUE: 256
TIME: 0.017674
SUM: 690000
THREADS: 69
COUNT PER THREAD: 10000
SLOOPY VALUE: 256
TIME: 0.017164
SUM: 690000
THREADS: 69
COUNT PER THREAD: 10000
SLOOPY VALUE: 256
TIME: 0.037998
SUM: 690000
THREADS: 70
COUNT PER THREAD: 10000
SLOOPY VALUE: 256
TIME: 0.039416
SUM: 700000
THREADS: 70
COUNT PER THREAD: 10000
SLOOPY VALUE: 256
TIME: 0.020802
SUM: 700000
THREADS: 70
COUNT PER THREAD: 10000
SLOOPY VALUE: 256
TIME: 0.021452
SUM: 700000
THREADS: 70
COUNT PER THREAD: 10000
SLOOPY VALUE: 256
TIME: 0.020393
SUM: 700000
THREADS: 70
COUNT PER THREAD: 10000
SLOOPY VALUE: 256
TIME: 0.026145
SUM: 700000
THREADS: 70
COUNT PER THREAD: 10000
SLOOPY VALUE: 256
TIME: 0.042597
SUM: 700000
THREADS: 70
COUNT PER THREAD: 10000
SLOOPY VALUE: 256
TIME: 0.022066
SUM: 700000
THREADS: 70
COUNT PER THREAD: 10000
SLOOPY VALUE: 256
TIME: 0.021439
SUM: 700000
THREADS: 70
COUNT PER THREAD: 10000
SLOOPY VALUE: 256
TIME: 0.019733
SUM: 700000
THREADS: 70
COUNT PER THREAD: 10000
SLOOPY VALUE: 256
TIME: 0.025099
SUM: 700000
THREADS: 71
COUNT PER THREAD: 10000
SLOOPY VALUE: 256
TIME: 0.017734
SUM: 710000
THREADS: 71
COUNT PER THREAD: 10000
SLOOPY VALUE: 256
TIME: 0.017655
SUM: 710000
THREADS: 71
COUNT PER THREAD: 10000
SLOOPY VALUE: 256
TIME: 0.018773
SUM: 710000
THREADS: 71
COUNT PER THREAD: 10000
SLOOPY VALUE: 256
TIME: 0.044017
SUM: 710000
THREADS: 71
COUNT PER THREAD: 10000
SLOOPY VALUE: 256
TIME: 0.021925
SUM: 710000
THREADS: 71
COUNT PER THREAD: 10000
SLOOPY VALUE: 256
TIME: 0.018057
SUM: 710000
THREADS: 71
COUNT PER THREAD: 10000
SLOOPY VALUE: 256
TIME: 0.019590
SUM: 710000
THREADS: 71
COUNT PER THREAD: 10000
SLOOPY VALUE: 256
TIME: 0.018496
SUM: 710000
THREADS: 71
COUNT PER THREAD: 10000
SLOOPY VALUE: 256
TIME: 0.035105
SUM: 710000
THREADS: 71
COUNT PER THREAD: 10000
SLOOPY VALUE: 256
TIME: 0.023138
SUM: 710000
THREADS: 72
COUNT PER THREAD: 10000
SLOOPY VALUE: 256
TIME: 0.018279
SUM: 720000
THREADS: 72
COUNT PER THREAD: 10000
SLOOPY VALUE: 256
TIME: 0.019092
SUM: 720000
THREADS: 72
COUNT PER THREAD: 10000
SLOOPY VALUE: 256
TIME: 0.028809
SUM: 720000
THREADS: 72
COUNT PER THREAD: 10000
SLOOPY VALUE: 256
TIME: 0.042013
SUM: 720000
THREADS: 72
COUNT PER THREAD: 10000
SLOOPY VALUE: 256
TIME: 0.021971
SUM: 720000
THREADS: 72
COUNT PER THREAD: 10000
SLOOPY VALUE: 256
TIME: 0.018474
SUM: 720000
THREADS: 72
COUNT PER THREAD: 10000
SLOOPY VALUE: 256
TIME: 0.022791
SUM: 720000
THREADS: 72
COUNT PER THREAD: 10000
SLOOPY VALUE: 256
TIME: 0.018460
SUM: 720000
THREADS: 72
COUNT PER THREAD: 10000
SLOOPY VALUE: 256
TIME: 0.029838
SUM: 720000
THREADS: 72
COUNT PER THREAD: 10000
SLOOPY VALUE: 256
TIME: 0.021758
SUM: 720000
THREADS: 73
COUNT PER THREAD: 10000
SLOOPY VALUE: 256
TIME: 0.023177
SUM: 730000
THREADS: 73
COUNT PER THREAD: 10000
SLOOPY VALUE: 256
TIME: 0.020953
SUM: 730000
THREADS: 73
COUNT PER THREAD: 10000
SLOOPY VALUE: 256
TIME: 0.048067
SUM: 730000
THREADS: 73
COUNT PER THREAD: 10000
SLOOPY VALUE: 256
TIME: 0.023779
SUM: 730000
THREADS: 73
COUNT PER THREAD: 10000
SLOOPY VALUE: 256
TIME: 0.020237
SUM: 730000
THREADS: 73
COUNT PER THREAD: 10000
SLOOPY VALUE: 256
TIME: 0.020101
SUM: 730000
THREADS: 73
COUNT PER THREAD: 10000
SLOOPY VALUE: 256
TIME: 0.021658
SUM: 730000
THREADS: 73
COUNT PER THREAD: 10000
SLOOPY VALUE: 256
TIME: 0.048079
SUM: 730000
THREADS: 73
COUNT PER THREAD: 10000
SLOOPY VALUE: 256
TIME: 0.019979
SUM: 730000
THREADS: 73
COUNT PER THREAD: 10000
SLOOPY VALUE: 256
TIME: 0.020842
SUM: 730000
THREADS: 74
COUNT PER THREAD: 10000
SLOOPY VALUE: 256
TIME: 0.021342
SUM: 740000
THREADS: 74
COUNT PER THREAD: 10000
SLOOPY VALUE: 256
TIME: 0.019800
SUM: 740000
THREADS: 74
COUNT PER THREAD: 10000
SLOOPY VALUE: 256
TIME: 0.055328
SUM: 740000
THREADS: 74
COUNT PER THREAD: 10000
SLOOPY VALUE: 256
TIME: 0.023154
SUM: 740000
THREADS: 74
COUNT PER THREAD: 10000
SLOOPY VALUE: 256
TIME: 0.020577
SUM: 740000
THREADS: 74
COUNT PER THREAD: 10000
SLOOPY VALUE: 256
TIME: 0.020516
SUM: 740000
THREADS: 74
COUNT PER THREAD: 10000
SLOOPY VALUE: 256
TIME: 0.019932
SUM: 740000
THREADS: 74
COUNT PER THREAD: 10000
SLOOPY VALUE: 256
TIME: 0.044665
SUM: 740000
THREADS: 74
COUNT PER THREAD: 10000
SLOOPY VALUE: 256
TIME: 0.025998
SUM: 740000
THREADS: 74
COUNT PER THREAD: 10000
SLOOPY VALUE: 256
TIME: 0.022102
SUM: 740000
THREADS: 75
COUNT PER THREAD: 10000
SLOOPY VALUE: 256
TIME: 0.021007
SUM: 750000
THREADS: 75
COUNT PER THREAD: 10000
SLOOPY VALUE: 256
TIME: 0.021293
SUM: 750000
THREADS: 75
COUNT PER THREAD: 10000
SLOOPY VALUE: 256
TIME: 0.051908
SUM: 750000
THREADS: 75
COUNT PER THREAD: 10000
SLOOPY VALUE: 256
TIME: 0.024297
SUM: 750000
THREADS: 75
COUNT PER THREAD: 10000
SLOOPY VALUE: 256
TIME: 0.024448
SUM: 750000
THREADS: 75
COUNT PER THREAD: 10000
SLOOPY VALUE: 256
TIME: 0.022906
SUM: 750000
THREADS: 75
COUNT PER THREAD: 10000
SLOOPY VALUE: 256
TIME: 0.021230
SUM: 750000
THREADS: 75
COUNT PER THREAD: 10000
SLOOPY VALUE: 256
TIME: 0.043751
SUM: 750000
THREADS: 75
COUNT PER THREAD: 10000
SLOOPY VALUE: 256
TIME: 0.020974
SUM: 750000
THREADS: 75
COUNT PER THREAD: 10000
SLOOPY VALUE: 256
TIME: 0.019780
SUM: 750000
THREADS: 76
COUNT PER THREAD: 10000
SLOOPY VALUE: 256
TIME: 0.019269
SUM: 760000
THREADS: 76
COUNT PER THREAD: 10000
SLOOPY VALUE: 256
TIME: 0.019304
SUM: 760000
THREADS: 76
COUNT PER THREAD: 10000
SLOOPY VALUE: 256
TIME: 0.036426
SUM: 760000
THREADS: 76
COUNT PER THREAD: 10000
SLOOPY VALUE: 256
TIME: 0.023862
SUM: 760000
THREADS: 76
COUNT PER THREAD: 10000
SLOOPY VALUE: 256
TIME: 0.020237
SUM: 760000
THREADS: 76
COUNT PER THREAD: 10000
SLOOPY VALUE: 256
TIME: 0.018800
SUM: 760000
THREADS: 76
COUNT PER THREAD: 10000
SLOOPY VALUE: 256
TIME: 0.018655
SUM: 760000
THREADS: 76
COUNT PER THREAD: 10000
SLOOPY VALUE: 256
TIME: 0.028553
SUM: 760000
THREADS: 76
COUNT PER THREAD: 10000
SLOOPY VALUE: 256
TIME: 0.028715
SUM: 760000
THREADS: 76
COUNT PER THREAD: 10000
SLOOPY VALUE: 256
TIME: 0.018738
SUM: 760000
THREADS: 77
COUNT PER THREAD: 10000
SLOOPY VALUE: 256
TIME: 0.019577
SUM: 770000
THREADS: 77
COUNT PER THREAD: 10000
SLOOPY VALUE: 256
TIME: 0.019711
SUM: 770000
THREADS: 77
COUNT PER THREAD: 10000
SLOOPY VALUE: 256
TIME: 0.032783
SUM: 770000
THREADS: 77
COUNT PER THREAD: 10000
SLOOPY VALUE: 256
TIME: 0.030642
SUM: 770000
THREADS: 77
COUNT PER THREAD: 10000
SLOOPY VALUE: 256
TIME: 0.019959
SUM: 770000
THREADS: 77
COUNT PER THREAD: 10000
SLOOPY VALUE: 256
TIME: 0.020035
SUM: 770000
THREADS: 77
COUNT PER THREAD: 10000
SLOOPY VALUE: 256
TIME: 0.019134
SUM: 770000
THREADS: 77
COUNT PER THREAD: 10000
SLOOPY VALUE: 256
TIME: 0.044100
SUM: 770000
THREADS: 77
COUNT PER THREAD: 10000
SLOOPY VALUE: 256
TIME: 0.020984
SUM: 770000
THREADS: 77
COUNT PER THREAD: 10000
SLOOPY VALUE: 256
TIME: 0.019819
SUM: 770000
THREADS: 78
COUNT PER THREAD: 10000
SLOOPY VALUE: 256
TIME: 0.020744
SUM: 780000
THREADS: 78
COUNT PER THREAD: 10000
SLOOPY VALUE: 256
TIME: 0.022079
SUM: 780000
THREADS: 78
COUNT PER THREAD: 10000
SLOOPY VALUE: 256
TIME: 0.036249
SUM: 780000
THREADS: 78
COUNT PER THREAD: 10000
SLOOPY VALUE: 256
TIME: 0.023623
SUM: 780000
THREADS: 78
COUNT PER THREAD: 10000
SLOOPY VALUE: 256
TIME: 0.020197
SUM: 780000
THREADS: 78
COUNT PER THREAD: 10000
SLOOPY VALUE: 256
TIME: 0.020548
SUM: 780000
THREADS: 78
COUNT PER THREAD: 10000
SLOOPY VALUE: 256
TIME: 0.019573
SUM: 780000
THREADS: 78
COUNT PER THREAD: 10000
SLOOPY VALUE: 256
TIME: 0.043849
SUM: 780000
THREADS: 78
COUNT PER THREAD: 10000
SLOOPY VALUE: 256
TIME: 0.021593
SUM: 780000
THREADS: 78
COUNT PER THREAD: 10000
SLOOPY VALUE: 256
TIME: 0.019755
SUM: 780000
THREADS: 79
COUNT PER THREAD: 10000
SLOOPY VALUE: 256
TIME: 0.019990
SUM: 790000
THREADS: 79
COUNT PER THREAD: 10000
SLOOPY VALUE: 256
TIME: 0.020363
SUM: 790000
THREADS: 79
COUNT PER THREAD: 10000
SLOOPY VALUE: 256
TIME: 0.037497
SUM: 790000
THREADS: 79
COUNT PER THREAD: 10000
SLOOPY VALUE: 256
TIME: 0.031479
SUM: 790000
THREADS: 79
COUNT PER THREAD: 10000
SLOOPY VALUE: 256
TIME: 0.021621
SUM: 790000
THREADS: 79
COUNT PER THREAD: 10000
SLOOPY VALUE: 256
TIME: 0.020203
SUM: 790000
THREADS: 79
COUNT PER THREAD: 10000
SLOOPY VALUE: 256
TIME: 0.020506
SUM: 790000
THREADS: 79
COUNT PER THREAD: 10000
SLOOPY VALUE: 256
TIME: 0.041103
SUM: 790000
THREADS: 79
COUNT PER THREAD: 10000
SLOOPY VALUE: 256
TIME: 0.021993
SUM: 790000
THREADS: 79
COUNT PER THREAD: 10000
SLOOPY VALUE: 256
TIME: 0.020471
SUM: 790000
THREADS: 80
COUNT PER THREAD: 10000
SLOOPY VALUE: 256
TIME: 0.021257
SUM: 800000
THREADS: 80
COUNT PER THREAD: 10000
SLOOPY VALUE: 256
TIME: 0.021211
SUM: 800000
THREADS: 80
COUNT PER THREAD: 10000
SLOOPY VALUE: 256
TIME: 0.036804
SUM: 800000
THREADS: 80
COUNT PER THREAD: 10000
SLOOPY VALUE: 256
TIME: 0.027673
SUM: 800000
THREADS: 80
COUNT PER THREAD: 10000
SLOOPY VALUE: 256
TIME: 0.021148
SUM: 800000
THREADS: 80
COUNT PER THREAD: 10000
SLOOPY VALUE: 256
TIME: 0.021159
SUM: 800000
THREADS: 80
COUNT PER THREAD: 10000
SLOOPY VALUE: 256
TIME: 0.020451
SUM: 800000
THREADS: 80
COUNT PER THREAD: 10000
SLOOPY VALUE: 256
TIME: 0.039549
SUM: 800000
THREADS: 80
COUNT PER THREAD: 10000
SLOOPY VALUE: 256
TIME: 0.022552
SUM: 800000
THREADS: 80
COUNT PER THREAD: 10000
SLOOPY VALUE: 256
TIME: 0.019834
SUM: 800000
THREADS: 81
COUNT PER THREAD: 10000
SLOOPY VALUE: 256
TIME: 0.022591
SUM: 810000
THREADS: 81
COUNT PER THREAD: 10000
SLOOPY VALUE: 256
TIME: 0.021992
SUM: 810000
THREADS: 81
COUNT PER THREAD: 10000
SLOOPY VALUE: 256
TIME: 0.046870
SUM: 810000
THREADS: 81
COUNT PER THREAD: 10000
SLOOPY VALUE: 256
TIME: 0.020246
SUM: 810000
THREADS: 81
COUNT PER THREAD: 10000
SLOOPY VALUE: 256
TIME: 0.020633
SUM: 810000
THREADS: 81
COUNT PER THREAD: 10000
SLOOPY VALUE: 256
TIME: 0.020090
SUM: 810000
THREADS: 81
COUNT PER THREAD: 10000
SLOOPY VALUE: 256
TIME: 0.024345
SUM: 810000
THREADS: 81
COUNT PER THREAD: 10000
SLOOPY VALUE: 256
TIME: 0.041335
SUM: 810000
THREADS: 81
COUNT PER THREAD: 10000
SLOOPY VALUE: 256
TIME: 0.027766
SUM: 810000
THREADS: 81
COUNT PER THREAD: 10000
SLOOPY VALUE: 256
TIME: 0.020112
SUM: 810000
THREADS: 82
COUNT PER THREAD: 10000
SLOOPY VALUE: 256
TIME: 0.048179
SUM: 820000
THREADS: 82
COUNT PER THREAD: 10000
SLOOPY VALUE: 256
TIME: 0.023865
SUM: 820000
THREADS: 82
COUNT PER THREAD: 10000
SLOOPY VALUE: 256
TIME: 0.021649
SUM: 820000
THREADS: 82
COUNT PER THREAD: 10000
SLOOPY VALUE: 256
TIME: 0.021583
SUM: 820000
THREADS: 82
COUNT PER THREAD: 10000
SLOOPY VALUE: 256
TIME: 0.022643
SUM: 820000
THREADS: 82
COUNT PER THREAD: 10000
SLOOPY VALUE: 256
TIME: 0.042993
SUM: 820000
THREADS: 82
COUNT PER THREAD: 10000
SLOOPY VALUE: 256
TIME: 0.026679
SUM: 820000
THREADS: 82
COUNT PER THREAD: 10000
SLOOPY VALUE: 256
TIME: 0.023996
SUM: 820000
THREADS: 82
COUNT PER THREAD: 10000
SLOOPY VALUE: 256
TIME: 0.021658
SUM: 820000
THREADS: 82
COUNT PER THREAD: 10000
SLOOPY VALUE: 256
TIME: 0.044774
SUM: 820000
THREADS: 83
COUNT PER THREAD: 10000
SLOOPY VALUE: 256
TIME: 0.047609
SUM: 830000
THREADS: 83
COUNT PER THREAD: 10000
SLOOPY VALUE: 256
TIME: 0.033733
SUM: 830000
THREADS: 83
COUNT PER THREAD: 10000
SLOOPY VALUE: 256
TIME: 0.030240
SUM: 830000
THREADS: 83
COUNT PER THREAD: 10000
SLOOPY VALUE: 256
TIME: 0.064813
SUM: 830000
THREADS: 83
COUNT PER THREAD: 10000
SLOOPY VALUE: 256
TIME: 0.024302
SUM: 830000
THREADS: 83
COUNT PER THREAD: 10000
SLOOPY VALUE: 256
TIME: 0.023356
SUM: 830000
THREADS: 83
COUNT PER THREAD: 10000
SLOOPY VALUE: 256
TIME: 0.021847
SUM: 830000
THREADS: 83
COUNT PER THREAD: 10000
SLOOPY VALUE: 256
TIME: 0.020898
SUM: 830000
THREADS: 83
COUNT PER THREAD: 10000
SLOOPY VALUE: 256
TIME: 0.042226
SUM: 830000
THREADS: 83
COUNT PER THREAD: 10000
SLOOPY VALUE: 256
TIME: 0.020763
SUM: 830000
THREADS: 84
COUNT PER THREAD: 10000
SLOOPY VALUE: 256
TIME: 0.039789
SUM: 840000
THREADS: 84
COUNT PER THREAD: 10000
SLOOPY VALUE: 256
TIME: 0.023318
SUM: 840000
THREADS: 84
COUNT PER THREAD: 10000
SLOOPY VALUE: 256
TIME: 0.021075
SUM: 840000
THREADS: 84
COUNT PER THREAD: 10000
SLOOPY VALUE: 256
TIME: 0.021276
SUM: 840000
THREADS: 84
COUNT PER THREAD: 10000
SLOOPY VALUE: 256
TIME: 0.023516
SUM: 840000
THREADS: 84
COUNT PER THREAD: 10000
SLOOPY VALUE: 256
TIME: 0.049720
SUM: 840000
THREADS: 84
COUNT PER THREAD: 10000
SLOOPY VALUE: 256
TIME: 0.020881
SUM: 840000
THREADS: 84
COUNT PER THREAD: 10000
SLOOPY VALUE: 256
TIME: 0.023368
SUM: 840000
THREADS: 84
COUNT PER THREAD: 10000
SLOOPY VALUE: 256
TIME: 0.024122
SUM: 840000
THREADS: 84
COUNT PER THREAD: 10000
SLOOPY VALUE: 256
TIME: 0.021272
SUM: 840000
THREADS: 85
COUNT PER THREAD: 10000
SLOOPY VALUE: 256
TIME: 0.028557
SUM: 850000
THREADS: 85
COUNT PER THREAD: 10000
SLOOPY VALUE: 256
TIME: 0.021518
SUM: 850000
THREADS: 85
COUNT PER THREAD: 10000
SLOOPY VALUE: 256
TIME: 0.022981
SUM: 850000
THREADS: 85
COUNT PER THREAD: 10000
SLOOPY VALUE: 256
TIME: 0.021469
SUM: 850000
THREADS: 85
COUNT PER THREAD: 10000
SLOOPY VALUE: 256
TIME: 0.047712
SUM: 850000
THREADS: 85
COUNT PER THREAD: 10000
SLOOPY VALUE: 256
TIME: 0.022272
SUM: 850000
THREADS: 85
COUNT PER THREAD: 10000
SLOOPY VALUE: 256
TIME: 0.026854
SUM: 850000
THREADS: 85
COUNT PER THREAD: 10000
SLOOPY VALUE: 256
TIME: 0.022004
SUM: 850000
THREADS: 85
COUNT PER THREAD: 10000
SLOOPY VALUE: 256
TIME: 0.021440
SUM: 850000
THREADS: 85
COUNT PER THREAD: 10000
SLOOPY VALUE: 256
TIME: 0.040536
SUM: 850000
THREADS: 86
COUNT PER THREAD: 10000
SLOOPY VALUE: 256
TIME: 0.021130
SUM: 860000
THREADS: 86
COUNT PER THREAD: 10000
SLOOPY VALUE: 256
TIME: 0.021243
SUM: 860000
THREADS: 86
COUNT PER THREAD: 10000
SLOOPY VALUE: 256
TIME: 0.045206
SUM: 860000
THREADS: 86
COUNT PER THREAD: 10000
SLOOPY VALUE: 256
TIME: 0.022206
SUM: 860000
THREADS: 86
COUNT PER THREAD: 10000
SLOOPY VALUE: 256
TIME: 0.022312
SUM: 860000
THREADS: 86
COUNT PER THREAD: 10000
SLOOPY VALUE: 256
TIME: 0.023231
SUM: 860000
THREADS: 86
COUNT PER THREAD: 10000
SLOOPY VALUE: 256
TIME: 0.022717
SUM: 860000
THREADS: 86
COUNT PER THREAD: 10000
SLOOPY VALUE: 256
TIME: 0.048447
SUM: 860000
THREADS: 86
COUNT PER THREAD: 10000
SLOOPY VALUE: 256
TIME: 0.022690
SUM: 860000
THREADS: 86
COUNT PER THREAD: 10000
SLOOPY VALUE: 256
TIME: 0.026786
SUM: 860000
THREADS: 87
COUNT PER THREAD: 10000
SLOOPY VALUE: 256
TIME: 0.022880
SUM: 870000
THREADS: 87
COUNT PER THREAD: 10000
SLOOPY VALUE: 256
TIME: 0.022265
SUM: 870000
THREADS: 87
COUNT PER THREAD: 10000
SLOOPY VALUE: 256
TIME: 0.047428
SUM: 870000
THREADS: 87
COUNT PER THREAD: 10000
SLOOPY VALUE: 256
TIME: 0.027344
SUM: 870000
THREADS: 87
COUNT PER THREAD: 10000
SLOOPY VALUE: 256
TIME: 0.023337
SUM: 870000
THREADS: 87
COUNT PER THREAD: 10000
SLOOPY VALUE: 256
TIME: 0.021660
SUM: 870000
THREADS: 87
COUNT PER THREAD: 10000
SLOOPY VALUE: 256
TIME: 0.031207
SUM: 870000
THREADS: 87
COUNT PER THREAD: 10000
SLOOPY VALUE: 256
TIME: 0.036137
SUM: 870000
THREADS: 87
COUNT PER THREAD: 10000
SLOOPY VALUE: 256
TIME: 0.022521
SUM: 870000
THREADS: 87
COUNT PER THREAD: 10000
SLOOPY VALUE: 256
TIME: 0.022912
SUM: 870000
THREADS: 88
COUNT PER THREAD: 10000
SLOOPY VALUE: 256
TIME: 0.022804
SUM: 880000
THREADS: 88
COUNT PER THREAD: 10000
SLOOPY VALUE: 256
TIME: 0.021993
SUM: 880000
THREADS: 88
COUNT PER THREAD: 10000
SLOOPY VALUE: 256
TIME: 0.047128
SUM: 880000
THREADS: 88
COUNT PER THREAD: 10000
SLOOPY VALUE: 256
TIME: 0.023452
SUM: 880000
THREADS: 88
COUNT PER THREAD: 10000
SLOOPY VALUE: 256
TIME: 0.022069
SUM: 880000
THREADS: 88
COUNT PER THREAD: 10000
SLOOPY VALUE: 256
TIME: 0.021790
SUM: 880000
THREADS: 88
COUNT PER THREAD: 10000
SLOOPY VALUE: 256
TIME: 0.021797
SUM: 880000
THREADS: 88
COUNT PER THREAD: 10000
SLOOPY VALUE: 256
TIME: 0.041382
SUM: 880000
THREADS: 88
COUNT PER THREAD: 10000
SLOOPY VALUE: 256
TIME: 0.021975
SUM: 880000
THREADS: 88
COUNT PER THREAD: 10000
SLOOPY VALUE: 256
TIME: 0.021602
SUM: 880000
THREADS: 89
COUNT PER THREAD: 10000
SLOOPY VALUE: 256
TIME: 0.021911
SUM: 890000
THREADS: 89
COUNT PER THREAD: 10000
SLOOPY VALUE: 256
TIME: 0.022041
SUM: 890000
THREADS: 89
COUNT PER THREAD: 10000
SLOOPY VALUE: 256
TIME: 0.044171
SUM: 890000
THREADS: 89
COUNT PER THREAD: 10000
SLOOPY VALUE: 256
TIME: 0.023880
SUM: 890000
THREADS: 89
COUNT PER THREAD: 10000
SLOOPY VALUE: 256
TIME: 0.022478
SUM: 890000
THREADS: 89
COUNT PER THREAD: 10000
SLOOPY VALUE: 256
TIME: 0.021841
SUM: 890000
THREADS: 89
COUNT PER THREAD: 10000
SLOOPY VALUE: 256
TIME: 0.022158
SUM: 890000
THREADS: 89
COUNT PER THREAD: 10000
SLOOPY VALUE: 256
TIME: 0.044843
SUM: 890000
THREADS: 89
COUNT PER THREAD: 10000
SLOOPY VALUE: 256
TIME: 0.022071
SUM: 890000
THREADS: 89
COUNT PER THREAD: 10000
SLOOPY VALUE: 256
TIME: 0.021807
SUM: 890000
THREADS: 90
COUNT PER THREAD: 10000
SLOOPY VALUE: 256
TIME: 0.022264
SUM: 900000
THREADS: 90
COUNT PER THREAD: 10000
SLOOPY VALUE: 256
TIME: 0.022321
SUM: 900000
THREADS: 90
COUNT PER THREAD: 10000
SLOOPY VALUE: 256
TIME: 0.054033
SUM: 900000
THREADS: 90
COUNT PER THREAD: 10000
SLOOPY VALUE: 256
TIME: 0.022985
SUM: 900000
THREADS: 90
COUNT PER THREAD: 10000
SLOOPY VALUE: 256
TIME: 0.026845
SUM: 900000
THREADS: 90
COUNT PER THREAD: 10000
SLOOPY VALUE: 256
TIME: 0.023771
SUM: 900000
THREADS: 90
COUNT PER THREAD: 10000
SLOOPY VALUE: 256
TIME: 0.036952
SUM: 900000
THREADS: 90
COUNT PER THREAD: 10000
SLOOPY VALUE: 256
TIME: 0.025988
SUM: 900000
THREADS: 90
COUNT PER THREAD: 10000
SLOOPY VALUE: 256
TIME: 0.024105
SUM: 900000
THREADS: 90
COUNT PER THREAD: 10000
SLOOPY VALUE: 256
TIME: 0.022434
SUM: 900000
THREADS: 91
COUNT PER THREAD: 10000
SLOOPY VALUE: 256
TIME: 0.023410
SUM: 910000
THREADS: 91
COUNT PER THREAD: 10000
SLOOPY VALUE: 256
TIME: 0.023305
SUM: 910000
THREADS: 91
COUNT PER THREAD: 10000
SLOOPY VALUE: 256
TIME: 0.044717
SUM: 910000
THREADS: 91
COUNT PER THREAD: 10000
SLOOPY VALUE: 256
TIME: 0.023129
SUM: 910000
THREADS: 91
COUNT PER THREAD: 10000
SLOOPY VALUE: 256
TIME: 0.022539
SUM: 910000
THREADS: 91
COUNT PER THREAD: 10000
SLOOPY VALUE: 256
TIME: 0.022480
SUM: 910000
THREADS: 91
COUNT PER THREAD: 10000
SLOOPY VALUE: 256
TIME: 0.023363
SUM: 910000
THREADS: 91
COUNT PER THREAD: 10000
SLOOPY VALUE: 256
TIME: 0.040901
SUM: 910000
THREADS: 91
COUNT PER THREAD: 10000
SLOOPY VALUE: 256
TIME: 0.022629
SUM: 910000
THREADS: 91
COUNT PER THREAD: 10000
SLOOPY VALUE: 256
TIME: 0.023293
SUM: 910000
THREADS: 92
COUNT PER THREAD: 10000
SLOOPY VALUE: 256
TIME: 0.032689
SUM: 920000
THREADS: 92
COUNT PER THREAD: 10000
SLOOPY VALUE: 256
TIME: 0.023307
SUM: 920000
THREADS: 92
COUNT PER THREAD: 10000
SLOOPY VALUE: 256
TIME: 0.023888
SUM: 920000
THREADS: 92
COUNT PER THREAD: 10000
SLOOPY VALUE: 256
TIME: 0.037850
SUM: 920000
THREADS: 92
COUNT PER THREAD: 10000
SLOOPY VALUE: 256
TIME: 0.037649
SUM: 920000
THREADS: 92
COUNT PER THREAD: 10000
SLOOPY VALUE: 256
TIME: 0.023298
SUM: 920000
THREADS: 92
COUNT PER THREAD: 10000
SLOOPY VALUE: 256
TIME: 0.022871
SUM: 920000
THREADS: 92
COUNT PER THREAD: 10000
SLOOPY VALUE: 256
TIME: 0.023225
SUM: 920000
THREADS: 92
COUNT PER THREAD: 10000
SLOOPY VALUE: 256
TIME: 0.041506
SUM: 920000
THREADS: 92
COUNT PER THREAD: 10000
SLOOPY VALUE: 256
TIME: 0.023226
SUM: 920000
THREADS: 93
COUNT PER THREAD: 10000
SLOOPY VALUE: 256
TIME: 0.029123
SUM: 930000
THREADS: 93
COUNT PER THREAD: 10000
SLOOPY VALUE: 256
TIME: 0.024918
SUM: 930000
THREADS: 93
COUNT PER THREAD: 10000
SLOOPY VALUE: 256
TIME: 0.025438
SUM: 930000
THREADS: 93
COUNT PER THREAD: 10000
SLOOPY VALUE: 256
TIME: 0.055396
SUM: 930000
THREADS: 93
COUNT PER THREAD: 10000
SLOOPY VALUE: 256
TIME: 0.026492
SUM: 930000
THREADS: 93
COUNT PER THREAD: 10000
SLOOPY VALUE: 256
TIME: 0.025492
SUM: 930000
THREADS: 93
COUNT PER THREAD: 10000
SLOOPY VALUE: 256
TIME: 0.026148
SUM: 930000
THREADS: 93
COUNT PER THREAD: 10000
SLOOPY VALUE: 256
TIME: 0.048780
SUM: 930000
THREADS: 93
COUNT PER THREAD: 10000
SLOOPY VALUE: 256
TIME: 0.026805
SUM: 930000
THREADS: 93
COUNT PER THREAD: 10000
SLOOPY VALUE: 256
TIME: 0.025255
SUM: 930000
THREADS: 94
COUNT PER THREAD: 10000
SLOOPY VALUE: 256
TIME: 0.023889
SUM: 940000
THREADS: 94
COUNT PER THREAD: 10000
SLOOPY VALUE: 256
TIME: 0.047189
SUM: 940000
THREADS: 94
COUNT PER THREAD: 10000
SLOOPY VALUE: 256
TIME: 0.025017
SUM: 940000
THREADS: 94
COUNT PER THREAD: 10000
SLOOPY VALUE: 256
TIME: 0.023557
SUM: 940000
THREADS: 94
COUNT PER THREAD: 10000
SLOOPY VALUE: 256
TIME: 0.024753
SUM: 940000
THREADS: 94
COUNT PER THREAD: 10000
SLOOPY VALUE: 256
TIME: 0.032587
SUM: 940000
THREADS: 94
COUNT PER THREAD: 10000
SLOOPY VALUE: 256
TIME: 0.045072
SUM: 940000
THREADS: 94
COUNT PER THREAD: 10000
SLOOPY VALUE: 256
TIME: 0.023815
SUM: 940000
THREADS: 94
COUNT PER THREAD: 10000
SLOOPY VALUE: 256
TIME: 0.024361
SUM: 940000
THREADS: 94
COUNT PER THREAD: 10000
SLOOPY VALUE: 256
TIME: 0.038374
SUM: 940000
THREADS: 95
COUNT PER THREAD: 10000
SLOOPY VALUE: 256
TIME: 0.024171
SUM: 950000
THREADS: 95
COUNT PER THREAD: 10000
SLOOPY VALUE: 256
TIME: 0.024836
SUM: 950000
THREADS: 95
COUNT PER THREAD: 10000
SLOOPY VALUE: 256
TIME: 0.043503
SUM: 950000
THREADS: 95
COUNT PER THREAD: 10000
SLOOPY VALUE: 256
TIME: 0.023608
SUM: 950000
THREADS: 95
COUNT PER THREAD: 10000
SLOOPY VALUE: 256
TIME: 0.024447
SUM: 950000
THREADS: 95
COUNT PER THREAD: 10000
SLOOPY VALUE: 256
TIME: 0.034656
SUM: 950000
THREADS: 95
COUNT PER THREAD: 10000
SLOOPY VALUE: 256
TIME: 0.036750
SUM: 950000
THREADS: 95
COUNT PER THREAD: 10000
SLOOPY VALUE: 256
TIME: 0.027435
SUM: 950000
THREADS: 95
COUNT PER THREAD: 10000
SLOOPY VALUE: 256
TIME: 0.027193
SUM: 950000
THREADS: 95
COUNT PER THREAD: 10000
SLOOPY VALUE: 256
TIME: 0.048333
SUM: 950000
THREADS: 96
COUNT PER THREAD: 10000
SLOOPY VALUE: 256
TIME: 0.025143
SUM: 960000
THREADS: 96
COUNT PER THREAD: 10000
SLOOPY VALUE: 256
TIME: 0.047329
SUM: 960000
THREADS: 96
COUNT PER THREAD: 10000
SLOOPY VALUE: 256
TIME: 0.025978
SUM: 960000
THREADS: 96
COUNT PER THREAD: 10000
SLOOPY VALUE: 256
TIME: 0.023636
SUM: 960000
THREADS: 96
COUNT PER THREAD: 10000
SLOOPY VALUE: 256
TIME: 0.024847
SUM: 960000
THREADS: 96
COUNT PER THREAD: 10000
SLOOPY VALUE: 256
TIME: 0.036106
SUM: 960000
THREADS: 96
COUNT PER THREAD: 10000
SLOOPY VALUE: 256
TIME: 0.042339
SUM: 960000
THREADS: 96
COUNT PER THREAD: 10000
SLOOPY VALUE: 256
TIME: 0.028787
SUM: 960000
THREADS: 96
COUNT PER THREAD: 10000
SLOOPY VALUE: 256
TIME: 0.029618
SUM: 960000
THREADS: 96
COUNT PER THREAD: 10000
SLOOPY VALUE: 256
TIME: 0.050146
SUM: 960000
THREADS: 97
COUNT PER THREAD: 10000
SLOOPY VALUE: 256
TIME: 0.026433
SUM: 970000
THREADS: 97
COUNT PER THREAD: 10000
SLOOPY VALUE: 256
TIME: 0.055766
SUM: 970000
THREADS: 97
COUNT PER THREAD: 10000
SLOOPY VALUE: 256
TIME: 0.031639
SUM: 970000
THREADS: 97
COUNT PER THREAD: 10000
SLOOPY VALUE: 256
TIME: 0.030801
SUM: 970000
THREADS: 97
COUNT PER THREAD: 10000
SLOOPY VALUE: 256
TIME: 0.026217
SUM: 970000
THREADS: 97
COUNT PER THREAD: 10000
SLOOPY VALUE: 256
TIME: 0.050542
SUM: 970000
THREADS: 97
COUNT PER THREAD: 10000
SLOOPY VALUE: 256
TIME: 0.026618
SUM: 970000
THREADS: 97
COUNT PER THREAD: 10000
SLOOPY VALUE: 256
TIME: 0.031333
SUM: 970000
THREADS: 97
COUNT PER THREAD: 10000
SLOOPY VALUE: 256
TIME: 0.029327
SUM: 970000
THREADS: 97
COUNT PER THREAD: 10000
SLOOPY VALUE: 256
TIME: 0.053386
SUM: 970000
THREADS: 98
COUNT PER THREAD: 10000
SLOOPY VALUE: 256
TIME: 0.025252
SUM: 980000
THREADS: 98
COUNT PER THREAD: 10000
SLOOPY VALUE: 256
TIME: 0.033472
SUM: 980000
THREADS: 98
COUNT PER THREAD: 10000
SLOOPY VALUE: 256
TIME: 0.026063
SUM: 980000
THREADS: 98
COUNT PER THREAD: 10000
SLOOPY VALUE: 256
TIME: 0.052629
SUM: 980000
THREADS: 98
COUNT PER THREAD: 10000
SLOOPY VALUE: 256
TIME: 0.029190
SUM: 980000
THREADS: 98
COUNT PER THREAD: 10000
SLOOPY VALUE: 256
TIME: 0.025024
SUM: 980000
THREADS: 98
COUNT PER THREAD: 10000
SLOOPY VALUE: 256
TIME: 0.024724
SUM: 980000
THREADS: 98
COUNT PER THREAD: 10000
SLOOPY VALUE: 256
TIME: 0.043269
SUM: 980000
THREADS: 98
COUNT PER THREAD: 10000
SLOOPY VALUE: 256
TIME: 0.024852
SUM: 980000
THREADS: 98
COUNT PER THREAD: 10000
SLOOPY VALUE: 256
TIME: 0.029265
SUM: 980000
THREADS: 99
COUNT PER THREAD: 10000
SLOOPY VALUE: 256
TIME: 0.025631
SUM: 990000
THREADS: 99
COUNT PER THREAD: 10000
SLOOPY VALUE: 256
TIME: 0.048520
SUM: 990000
THREADS: 99
COUNT PER THREAD: 10000
SLOOPY VALUE: 256
TIME: 0.025559
SUM: 990000
THREADS: 99
COUNT PER THREAD: 10000
SLOOPY VALUE: 256
TIME: 0.026399
SUM: 990000
THREADS: 99
COUNT PER THREAD: 10000
SLOOPY VALUE: 256
TIME: 0.026488
SUM: 990000
THREADS: 99
COUNT PER THREAD: 10000
SLOOPY VALUE: 256
TIME: 0.054205
SUM: 990000
THREADS: 99
COUNT PER THREAD: 10000
SLOOPY VALUE: 256
TIME: 0.028457
SUM: 990000
THREADS: 99
COUNT PER THREAD: 10000
SLOOPY VALUE: 256
TIME: 0.026588
SUM: 990000
THREADS: 99
COUNT PER THREAD: 10000
SLOOPY VALUE: 256
TIME: 0.026146
SUM: 990000
THREADS: 99
COUNT PER THREAD: 10000
SLOOPY VALUE: 256
TIME: 0.056671
SUM: 990000
THREADS: 100
COUNT PER THREAD: 10000
SLOOPY VALUE: 256
TIME: 0.034383
SUM: 1000000
THREADS: 100
COUNT PER THREAD: 10000
SLOOPY VALUE: 256
TIME: 0.032126
SUM: 1000000
THREADS: 100
COUNT PER THREAD: 10000
SLOOPY VALUE: 256
TIME: 0.050623
SUM: 1000000
THREADS: 100
COUNT PER THREAD: 10000
SLOOPY VALUE: 256
TIME: 0.044011
SUM: 1000000
THREADS: 100
COUNT PER THREAD: 10000
SLOOPY VALUE: 256
TIME: 0.034197
SUM: 1000000
THREADS: 100
COUNT PER THREAD: 10000
SLOOPY VALUE: 256
TIME: 0.033316
SUM: 1000000
THREADS: 100
COUNT PER THREAD: 10000
SLOOPY VALUE: 256
TIME: 0.044969
SUM: 1000000
THREADS: 100
COUNT PER THREAD: 10000
SLOOPY VALUE: 256
TIME: 0.031247
SUM: 1000000
THREADS: 100
COUNT PER THREAD: 10000
SLOOPY VALUE: 256
TIME: 0.029002
SUM: 1000000
THREADS: 100
COUNT PER THREAD: 10000
SLOOPY VALUE: 256
TIME: 0.025709
SUM: 1000000
