THREADS: 1
COUNT PER THREAD: 1000000
SLOOPY VALUE: 512
TIME: 0.026683
SUM: 1000000
THREADS: 1
COUNT PER THREAD: 1000000
SLOOPY VALUE: 512
TIME: 0.027070
SUM: 1000000
THREADS: 1
COUNT PER THREAD: 1000000
SLOOPY VALUE: 512
TIME: 0.024586
SUM: 1000000
THREADS: 1
COUNT PER THREAD: 1000000
SLOOPY VALUE: 512
TIME: 0.054726
SUM: 1000000
THREADS: 1
COUNT PER THREAD: 1000000
SLOOPY VALUE: 512
TIME: 0.024219
SUM: 1000000
THREADS: 1
COUNT PER THREAD: 1000000
SLOOPY VALUE: 512
TIME: 0.023785
SUM: 1000000
THREADS: 1
COUNT PER THREAD: 1000000
SLOOPY VALUE: 512
TIME: 0.025930
SUM: 1000000
THREADS: 1
COUNT PER THREAD: 1000000
SLOOPY VALUE: 512
TIME: 0.054677
SUM: 1000000
THREADS: 1
COUNT PER THREAD: 1000000
SLOOPY VALUE: 512
TIME: 0.028709
SUM: 1000000
THREADS: 1
COUNT PER THREAD: 1000000
SLOOPY VALUE: 512
TIME: 0.029450
SUM: 1000000
THREADS: 2
COUNT PER THREAD: 1000000
SLOOPY VALUE: 512
TIME: 0.061466
SUM: 2000000
THREADS: 2
COUNT PER THREAD: 1000000
SLOOPY VALUE: 512
TIME: 0.076379
SUM: 2000000
THREADS: 2
COUNT PER THREAD: 1000000
SLOOPY VALUE: 512
TIME: 0.073014
SUM: 2000000
THREADS: 2
COUNT PER THREAD: 1000000
SLOOPY VALUE: 512
TIME: 0.081186
SUM: 2000000
THREADS: 2
COUNT PER THREAD: 1000000
SLOOPY VALUE: 512
TIME: 0.064741
SUM: 2000000
THREADS: 2
COUNT PER THREAD: 1000000
SLOOPY VALUE: 512
TIME: 0.083330
SUM: 2000000
THREADS: 2
COUNT PER THREAD: 1000000
SLOOPY VALUE: 512
TIME: 0.134236
SUM: 2000000
THREADS: 2
COUNT PER THREAD: 1000000
SLOOPY VALUE: 512
TIME: 0.057653
SUM: 2000000
THREADS: 2
COUNT PER THREAD: 1000000
SLOOPY VALUE: 512
TIME: 0.070884
SUM: 2000000
THREADS: 2
COUNT PER THREAD: 1000000
SLOOPY VALUE: 512
TIME: 0.051344
SUM: 2000000
THREADS: 3
COUNT PER THREAD: 1000000
SLOOPY VALUE: 512
TIME: 0.068884
SUM: 3000000
THREADS: 3
COUNT PER THREAD: 1000000
SLOOPY VALUE: 512
TIME: 0.082188
SUM: 3000000
THREADS: 3
COUNT PER THREAD: 1000000
SLOOPY VALUE: 512
TIME: 0.068739
SUM: 3000000
THREADS: 3
COUNT PER THREAD: 1000000
SLOOPY VALUE: 512
TIME: 0.085206
SUM: 3000000
THREADS: 3
COUNT PER THREAD: 1000000
SLOOPY VALUE: 512
TIME: 0.073863
SUM: 3000000
THREADS: 3
COUNT PER THREAD: 1000000
SLOOPY VALUE: 512
TIME: 0.083228
SUM: 3000000
THREADS: 3
COUNT PER THREAD: 1000000
SLOOPY VALUE: 512
TIME: 0.068592
SUM: 3000000
THREADS: 3
COUNT PER THREAD: 1000000
SLOOPY VALUE: 512
TIME: 0.081836
SUM: 3000000
THREADS: 3
COUNT PER THREAD: 1000000
SLOOPY VALUE: 512
TIME: 0.070098
SUM: 3000000
THREADS: 3
COUNT PER THREAD: 1000000
SLOOPY VALUE: 512
TIME: 0.082401
SUM: 3000000
THREADS: 4
COUNT PER THREAD: 1000000
SLOOPY VALUE: 512
TIME: 0.139849
SUM: 4000000
THREADS: 4
COUNT PER THREAD: 1000000
SLOOPY VALUE: 512
TIME: 0.137303
SUM: 4000000
THREADS: 4
COUNT PER THREAD: 1000000
SLOOPY VALUE: 512
TIME: 0.135575
SUM: 4000000
THREADS: 4
COUNT PER THREAD: 1000000
SLOOPY VALUE: 512
TIME: 0.122677
SUM: 4000000
THREADS: 4
COUNT PER THREAD: 1000000
SLOOPY VALUE: 512
TIME: 0.127789
SUM: 4000000
THREADS: 4
COUNT PER THREAD: 1000000
SLOOPY VALUE: 512
TIME: 0.124181
SUM: 4000000
THREADS: 4
COUNT PER THREAD: 1000000
SLOOPY VALUE: 512
TIME: 0.141389
SUM: 4000000
THREADS: 4
COUNT PER THREAD: 1000000
SLOOPY VALUE: 512
TIME: 0.145663
SUM: 4000000
THREADS: 4
COUNT PER THREAD: 1000000
SLOOPY VALUE: 512
TIME: 0.286647
SUM: 4000000
THREADS: 4
COUNT PER THREAD: 1000000
SLOOPY VALUE: 512
TIME: 0.114958
SUM: 4000000
THREADS: 5
COUNT PER THREAD: 1000000
SLOOPY VALUE: 512
TIME: 0.142233
SUM: 5000000
THREADS: 5
COUNT PER THREAD: 1000000
SLOOPY VALUE: 512
TIME: 0.210715
SUM: 5000000
THREADS: 5
COUNT PER THREAD: 1000000
SLOOPY VALUE: 512
TIME: 0.156905
SUM: 5000000
THREADS: 5
COUNT PER THREAD: 1000000
SLOOPY VALUE: 512
TIME: 0.161530
SUM: 5000000
THREADS: 5
COUNT PER THREAD: 1000000
SLOOPY VALUE: 512
TIME: 0.174793
SUM: 5000000
THREADS: 5
COUNT PER THREAD: 1000000
SLOOPY VALUE: 512
TIME: 0.183996
SUM: 5000000
THREADS: 5
COUNT PER THREAD: 1000000
SLOOPY VALUE: 512
TIME: 0.150207
SUM: 5000000
THREADS: 5
COUNT PER THREAD: 1000000
SLOOPY VALUE: 512
TIME: 0.149433
SUM: 5000000
THREADS: 5
COUNT PER THREAD: 1000000
SLOOPY VALUE: 512
TIME: 0.168790
SUM: 5000000
THREADS: 5
COUNT PER THREAD: 1000000
SLOOPY VALUE: 512
TIME: 0.152970
SUM: 5000000
THREADS: 6
COUNT PER THREAD: 1000000
SLOOPY VALUE: 512
TIME: 0.159192
SUM: 6000000
THREADS: 6
COUNT PER THREAD: 1000000
SLOOPY VALUE: 512
TIME: 0.158548
SUM: 6000000
THREADS: 6
COUNT PER THREAD: 1000000
SLOOPY VALUE: 512
TIME: 0.160890
SUM: 6000000
THREADS: 6
COUNT PER THREAD: 1000000
SLOOPY VALUE: 512
TIME: 0.162183
SUM: 6000000
THREADS: 6
COUNT PER THREAD: 1000000
SLOOPY VALUE: 512
TIME: 0.160094
SUM: 6000000
THREADS: 6
COUNT PER THREAD: 1000000
SLOOPY VALUE: 512
TIME: 0.163284
SUM: 6000000
THREADS: 6
COUNT PER THREAD: 1000000
SLOOPY VALUE: 512
TIME: 0.167745
SUM: 6000000
THREADS: 6
COUNT PER THREAD: 1000000
SLOOPY VALUE: 512
TIME: 0.156627
SUM: 6000000
THREADS: 6
COUNT PER THREAD: 1000000
SLOOPY VALUE: 512
TIME: 0.157429
SUM: 6000000
THREADS: 6
COUNT PER THREAD: 1000000
SLOOPY VALUE: 512
TIME: 0.158447
SUM: 6000000
THREADS: 7
COUNT PER THREAD: 1000000
SLOOPY VALUE: 512
TIME: 0.182563
SUM: 7000000
THREADS: 7
COUNT PER THREAD: 1000000
SLOOPY VALUE: 512
TIME: 0.182141
SUM: 7000000
THREADS: 7
COUNT PER THREAD: 1000000
SLOOPY VALUE: 512
TIME: 0.191588
SUM: 7000000
THREADS: 7
COUNT PER THREAD: 1000000
SLOOPY VALUE: 512
TIME: 0.180899
SUM: 7000000
THREADS: 7
COUNT PER THREAD: 1000000
SLOOPY VALUE: 512
TIME: 0.182201
SUM: 7000000
THREADS: 7
COUNT PER THREAD: 1000000
SLOOPY VALUE: 512
TIME: 0.183246
SUM: 7000000
THREADS: 7
COUNT PER THREAD: 1000000
SLOOPY VALUE: 512
TIME: 0.182147
SUM: 7000000
THREADS: 7
COUNT PER THREAD: 1000000
SLOOPY VALUE: 512
TIME: 0.179836
SUM: 7000000
THREADS: 7
COUNT PER THREAD: 1000000
SLOOPY VALUE: 512
TIME: 0.181593
SUM: 7000000
THREADS: 7
COUNT PER THREAD: 1000000
SLOOPY VALUE: 512
TIME: 0.187192
SUM: 7000000
THREADS: 8
COUNT PER THREAD: 1000000
SLOOPY VALUE: 512
TIME: 0.213774
SUM: 8000000
THREADS: 8
COUNT PER THREAD: 1000000
SLOOPY VALUE: 512
TIME: 0.235097
SUM: 8000000
THREADS: 8
COUNT PER THREAD: 1000000
SLOOPY VALUE: 512
TIME: 0.219453
SUM: 8000000
THREADS: 8
COUNT PER THREAD: 1000000
SLOOPY VALUE: 512
TIME: 0.227618
SUM: 8000000
THREADS: 8
COUNT PER THREAD: 1000000
SLOOPY VALUE: 512
TIME: 0.226567
SUM: 8000000
THREADS: 8
COUNT PER THREAD: 1000000
SLOOPY VALUE: 512
TIME: 0.219470
SUM: 8000000
THREADS: 8
COUNT PER THREAD: 1000000
SLOOPY VALUE: 512
TIME: 0.219291
SUM: 8000000
THREADS: 8
COUNT PER THREAD: 1000000
SLOOPY VALUE: 512
TIME: 0.218383
SUM: 8000000
THREADS: 8
COUNT PER THREAD: 1000000
SLOOPY VALUE: 512
TIME: 0.230211
SUM: 8000000
THREADS: 8
COUNT PER THREAD: 1000000
SLOOPY VALUE: 512
TIME: 0.250677
SUM: 8000000
THREADS: 9
COUNT PER THREAD: 1000000
SLOOPY VALUE: 512
TIME: 0.255814
SUM: 9000000
THREADS: 9
COUNT PER THREAD: 1000000
SLOOPY VALUE: 512
TIME: 0.257699
SUM: 9000000
THREADS: 9
COUNT PER THREAD: 1000000
SLOOPY VALUE: 512
TIME: 0.265344
SUM: 9000000
THREADS: 9
COUNT PER THREAD: 1000000
SLOOPY VALUE: 512
TIME: 0.272719
SUM: 9000000
THREADS: 9
COUNT PER THREAD: 1000000
SLOOPY VALUE: 512
TIME: 0.257446
SUM: 9000000
THREADS: 9
COUNT PER THREAD: 1000000
SLOOPY VALUE: 512
TIME: 0.254173
SUM: 9000000
THREADS: 9
COUNT PER THREAD: 1000000
SLOOPY VALUE: 512
TIME: 0.261917
SUM: 9000000
THREADS: 9
COUNT PER THREAD: 1000000
SLOOPY VALUE: 512
TIME: 0.276751
SUM: 9000000
THREADS: 9
COUNT PER THREAD: 1000000
SLOOPY VALUE: 512
TIME: 0.268723
SUM: 9000000
THREADS: 9
COUNT PER THREAD: 1000000
SLOOPY VALUE: 512
TIME: 0.254681
SUM: 9000000
THREADS: 10
COUNT PER THREAD: 1000000
SLOOPY VALUE: 512
TIME: 0.321307
SUM: 10000000
THREADS: 10
COUNT PER THREAD: 1000000
SLOOPY VALUE: 512
TIME: 0.318198
SUM: 10000000
THREADS: 10
COUNT PER THREAD: 1000000
SLOOPY VALUE: 512
TIME: 0.337478
SUM: 10000000
THREADS: 10
COUNT PER THREAD: 1000000
SLOOPY VALUE: 512
TIME: 0.378465
SUM: 10000000
THREADS: 10
COUNT PER THREAD: 1000000
SLOOPY VALUE: 512
TIME: 0.330782
SUM: 10000000
THREADS: 10
COUNT PER THREAD: 1000000
SLOOPY VALUE: 512
TIME: 0.288695
SUM: 10000000
THREADS: 10
COUNT PER THREAD: 1000000
SLOOPY VALUE: 512
TIME: 0.289877
SUM: 10000000
THREADS: 10
COUNT PER THREAD: 1000000
SLOOPY VALUE: 512
TIME: 0.270650
SUM: 10000000
THREADS: 10
COUNT PER THREAD: 1000000
SLOOPY VALUE: 512
TIME: 0.278905
SUM: 10000000
THREADS: 10
COUNT PER THREAD: 1000000
SLOOPY VALUE: 512
TIME: 0.281199
SUM: 10000000
THREADS: 11
COUNT PER THREAD: 1000000
SLOOPY VALUE: 512
TIME: 0.376089
SUM: 11000000
THREADS: 11
COUNT PER THREAD: 1000000
SLOOPY VALUE: 512
TIME: 0.399041
SUM: 11000000
THREADS: 11
COUNT PER THREAD: 1000000
SLOOPY VALUE: 512
TIME: 0.406380
SUM: 11000000
THREADS: 11
COUNT PER THREAD: 1000000
SLOOPY VALUE: 512
TIME: 0.348809
SUM: 11000000
THREADS: 11
COUNT PER THREAD: 1000000
SLOOPY VALUE: 512
TIME: 0.337891
SUM: 11000000
THREADS: 11
COUNT PER THREAD: 1000000
SLOOPY VALUE: 512
TIME: 0.345291
SUM: 11000000
THREADS: 11
COUNT PER THREAD: 1000000
SLOOPY VALUE: 512
TIME: 0.349342
SUM: 11000000
THREADS: 11
COUNT PER THREAD: 1000000
SLOOPY VALUE: 512
TIME: 0.396797
SUM: 11000000
THREADS: 11
COUNT PER THREAD: 1000000
SLOOPY VALUE: 512
TIME: 0.377940
SUM: 11000000
THREADS: 11
COUNT PER THREAD: 1000000
SLOOPY VALUE: 512
TIME: 0.373960
SUM: 11000000
THREADS: 12
COUNT PER THREAD: 1000000
SLOOPY VALUE: 512
TIME: 0.380781
SUM: 12000000
THREADS: 12
COUNT PER THREAD: 1000000
SLOOPY VALUE: 512
TIME: 0.374264
SUM: 12000000
THREADS: 12
COUNT PER THREAD: 1000000
SLOOPY VALUE: 512
TIME: 0.341266
SUM: 12000000
THREADS: 12
COUNT PER THREAD: 1000000
SLOOPY VALUE: 512
TIME: 0.334737
SUM: 12000000
THREADS: 12
COUNT PER THREAD: 1000000
SLOOPY VALUE: 512
TIME: 0.334250
SUM: 12000000
THREADS: 12
COUNT PER THREAD: 1000000
SLOOPY VALUE: 512
TIME: 0.341087
SUM: 12000000
THREADS: 12
COUNT PER THREAD: 1000000
SLOOPY VALUE: 512
TIME: 0.414496
SUM: 12000000
THREADS: 12
COUNT PER THREAD: 1000000
SLOOPY VALUE: 512
TIME: 0.403927
SUM: 12000000
THREADS: 12
COUNT PER THREAD: 1000000
SLOOPY VALUE: 512
TIME: 0.344798
SUM: 12000000
THREADS: 12
COUNT PER THREAD: 1000000
SLOOPY VALUE: 512
TIME: 0.354563
SUM: 12000000
THREADS: 13
COUNT PER THREAD: 1000000
SLOOPY VALUE: 512
TIME: 0.378074
SUM: 13000000
THREADS: 13
COUNT PER THREAD: 1000000
SLOOPY VALUE: 512
TIME: 0.371851
SUM: 13000000
THREADS: 13
COUNT PER THREAD: 1000000
SLOOPY VALUE: 512
TIME: 0.371191
SUM: 13000000
THREADS: 13
COUNT PER THREAD: 1000000
SLOOPY VALUE: 512
TIME: 0.372780
SUM: 13000000
THREADS: 13
COUNT PER THREAD: 1000000
SLOOPY VALUE: 512
TIME: 0.364081
SUM: 13000000
THREADS: 13
COUNT PER THREAD: 1000000
SLOOPY VALUE: 512
TIME: 0.366505
SUM: 13000000
THREADS: 13
COUNT PER THREAD: 1000000
SLOOPY VALUE: 512
TIME: 0.367448
SUM: 13000000
THREADS: 13
COUNT PER THREAD: 1000000
SLOOPY VALUE: 512
TIME: 0.454646
SUM: 13000000
THREADS: 13
COUNT PER THREAD: 1000000
SLOOPY VALUE: 512
TIME: 0.356003
SUM: 13000000
THREADS: 13
COUNT PER THREAD: 1000000
SLOOPY VALUE: 512
TIME: 0.363122
SUM: 13000000
THREADS: 14
COUNT PER THREAD: 1000000
SLOOPY VALUE: 512
TIME: 0.391547
SUM: 14000000
THREADS: 14
COUNT PER THREAD: 1000000
SLOOPY VALUE: 512
TIME: 0.388633
SUM: 14000000
THREADS: 14
COUNT PER THREAD: 1000000
SLOOPY VALUE: 512
TIME: 0.387245
SUM: 14000000
THREADS: 14
COUNT PER THREAD: 1000000
SLOOPY VALUE: 512
TIME: 0.383022
SUM: 14000000
THREADS: 14
COUNT PER THREAD: 1000000
SLOOPY VALUE: 512
TIME: 0.399430
SUM: 14000000
THREADS: 14
COUNT PER THREAD: 1000000
SLOOPY VALUE: 512
TIME: 0.384837
SUM: 14000000
THREADS: 14
COUNT PER THREAD: 1000000
SLOOPY VALUE: 512
TIME: 0.367364
SUM: 14000000
THREADS: 14
COUNT PER THREAD: 1000000
SLOOPY VALUE: 512
TIME: 0.394383
SUM: 14000000
THREADS: 14
COUNT PER THREAD: 1000000
SLOOPY VALUE: 512
TIME: 0.398701
SUM: 14000000
THREADS: 14
COUNT PER THREAD: 1000000
SLOOPY VALUE: 512
TIME: 0.388830
SUM: 14000000
THREADS: 15
COUNT PER THREAD: 1000000
SLOOPY VALUE: 512
TIME: 0.421910
SUM: 15000000
THREADS: 15
COUNT PER THREAD: 1000000
SLOOPY VALUE: 512
TIME: 0.424493
SUM: 15000000
THREADS: 15
COUNT PER THREAD: 1000000
SLOOPY VALUE: 512
TIME: 0.430133
SUM: 15000000
THREADS: 15
COUNT PER THREAD: 1000000
SLOOPY VALUE: 512
TIME: 0.390921
SUM: 15000000
THREADS: 15
COUNT PER THREAD: 1000000
SLOOPY VALUE: 512
TIME: 0.428148
SUM: 15000000
THREADS: 15
COUNT PER THREAD: 1000000
SLOOPY VALUE: 512
TIME: 0.401933
SUM: 15000000
THREADS: 15
COUNT PER THREAD: 1000000
SLOOPY VALUE: 512
TIME: 0.416126
SUM: 15000000
THREADS: 15
COUNT PER THREAD: 1000000
SLOOPY VALUE: 512
TIME: 0.436583
SUM: 15000000
THREADS: 15
COUNT PER THREAD: 1000000
SLOOPY VALUE: 512
TIME: 0.429739
SUM: 15000000
THREADS: 15
COUNT PER THREAD: 1000000
SLOOPY VALUE: 512
TIME: 0.440008
SUM: 15000000
THREADS: 16
COUNT PER THREAD: 1000000
SLOOPY VALUE: 512
TIME: 0.391481
SUM: 16000000
THREADS: 16
COUNT PER THREAD: 1000000
SLOOPY VALUE: 512
TIME: 0.390963
SUM: 16000000
THREADS: 16
COUNT PER THREAD: 1000000
SLOOPY VALUE: 512
TIME: 0.390775
SUM: 16000000
THREADS: 16
COUNT PER THREAD: 1000000
SLOOPY VALUE: 512
TIME: 0.399017
SUM: 16000000
THREADS: 16
COUNT PER THREAD: 1000000
SLOOPY VALUE: 512
TIME: 0.398703
SUM: 16000000
THREADS: 16
COUNT PER THREAD: 1000000
SLOOPY VALUE: 512
TIME: 0.395750
SUM: 16000000
THREADS: 16
COUNT PER THREAD: 1000000
SLOOPY VALUE: 512
TIME: 0.406819
SUM: 16000000
THREADS: 16
COUNT PER THREAD: 1000000
SLOOPY VALUE: 512
TIME: 0.404921
SUM: 16000000
THREADS: 16
COUNT PER THREAD: 1000000
SLOOPY VALUE: 512
TIME: 0.448132
SUM: 16000000
THREADS: 16
COUNT PER THREAD: 1000000
SLOOPY VALUE: 512
TIME: 0.454013
SUM: 16000000
THREADS: 17
COUNT PER THREAD: 1000000
SLOOPY VALUE: 512
TIME: 0.488084
SUM: 17000000
THREADS: 17
COUNT PER THREAD: 1000000
SLOOPY VALUE: 512
TIME: 0.455650
SUM: 17000000
THREADS: 17
COUNT PER THREAD: 1000000
SLOOPY VALUE: 512
TIME: 0.473119
SUM: 17000000
THREADS: 17
COUNT PER THREAD: 1000000
SLOOPY VALUE: 512
TIME: 0.429051
SUM: 17000000
THREADS: 17
COUNT PER THREAD: 1000000
SLOOPY VALUE: 512
TIME: 0.429416
SUM: 17000000
THREADS: 17
COUNT PER THREAD: 1000000
SLOOPY VALUE: 512
TIME: 0.427686
SUM: 17000000
THREADS: 17
COUNT PER THREAD: 1000000
SLOOPY VALUE: 512
TIME: 0.438675
SUM: 17000000
THREADS: 17
COUNT PER THREAD: 1000000
SLOOPY VALUE: 512
TIME: 0.449532
SUM: 17000000
THREADS: 17
COUNT PER THREAD: 1000000
SLOOPY VALUE: 512
TIME: 0.431261
SUM: 17000000
THREADS: 17
COUNT PER THREAD: 1000000
SLOOPY VALUE: 512
TIME: 0.490246
SUM: 17000000
THREADS: 18
COUNT PER THREAD: 1000000
SLOOPY VALUE: 512
TIME: 0.544727
SUM: 18000000
THREADS: 18
COUNT PER THREAD: 1000000
SLOOPY VALUE: 512
TIME: 0.548898
SUM: 18000000
THREADS: 18
COUNT PER THREAD: 1000000
SLOOPY VALUE: 512
TIME: 0.532070
SUM: 18000000
THREADS: 18
COUNT PER THREAD: 1000000
SLOOPY VALUE: 512
TIME: 0.555306
SUM: 18000000
THREADS: 18
COUNT PER THREAD: 1000000
SLOOPY VALUE: 512
TIME: 0.529209
SUM: 18000000
THREADS: 18
COUNT PER THREAD: 1000000
SLOOPY VALUE: 512
TIME: 0.534084
SUM: 18000000
THREADS: 18
COUNT PER THREAD: 1000000
SLOOPY VALUE: 512
TIME: 0.526207
SUM: 18000000
THREADS: 18
COUNT PER THREAD: 1000000
SLOOPY VALUE: 512
TIME: 0.539154
SUM: 18000000
THREADS: 18
COUNT PER THREAD: 1000000
SLOOPY VALUE: 512
TIME: 0.539117
SUM: 18000000
THREADS: 18
COUNT PER THREAD: 1000000
SLOOPY VALUE: 512
TIME: 0.531387
SUM: 18000000
THREADS: 19
COUNT PER THREAD: 1000000
SLOOPY VALUE: 512
TIME: 0.598404
SUM: 19000000
THREADS: 19
COUNT PER THREAD: 1000000
SLOOPY VALUE: 512
TIME: 0.544865
SUM: 19000000
THREADS: 19
COUNT PER THREAD: 1000000
SLOOPY VALUE: 512
TIME: 0.515202
SUM: 19000000
THREADS: 19
COUNT PER THREAD: 1000000
SLOOPY VALUE: 512
TIME: 0.499580
SUM: 19000000
THREADS: 19
COUNT PER THREAD: 1000000
SLOOPY VALUE: 512
TIME: 0.497615
SUM: 19000000
THREADS: 19
COUNT PER THREAD: 1000000
SLOOPY VALUE: 512
TIME: 0.530435
SUM: 19000000
THREADS: 19
COUNT PER THREAD: 1000000
SLOOPY VALUE: 512
TIME: 0.521970
SUM: 19000000
THREADS: 19
COUNT PER THREAD: 1000000
SLOOPY VALUE: 512
TIME: 0.502442
SUM: 19000000
THREADS: 19
COUNT PER THREAD: 1000000
SLOOPY VALUE: 512
TIME: 0.510761
SUM: 19000000
THREADS: 19
COUNT PER THREAD: 1000000
SLOOPY VALUE: 512
TIME: 0.519964
SUM: 19000000
THREADS: 20
COUNT PER THREAD: 1000000
SLOOPY VALUE: 512
TIME: 0.583882
SUM: 20000000
THREADS: 20
COUNT PER THREAD: 1000000
SLOOPY VALUE: 512
TIME: 0.588437
SUM: 20000000
THREADS: 20
COUNT PER THREAD: 1000000
SLOOPY VALUE: 512
TIME: 0.564457
SUM: 20000000
THREADS: 20
COUNT PER THREAD: 1000000
SLOOPY VALUE: 512
TIME: 0.578609
SUM: 20000000
THREADS: 20
COUNT PER THREAD: 1000000
SLOOPY VALUE: 512
TIME: 0.575820
SUM: 20000000
THREADS: 20
COUNT PER THREAD: 1000000
SLOOPY VALUE: 512
TIME: 0.577070
SUM: 20000000
THREADS: 20
COUNT PER THREAD: 1000000
SLOOPY VALUE: 512
TIME: 0.582956
SUM: 20000000
THREADS: 20
COUNT PER THREAD: 1000000
SLOOPY VALUE: 512
TIME: 0.592302
SUM: 20000000
THREADS: 20
COUNT PER THREAD: 1000000
SLOOPY VALUE: 512
TIME: 0.575653
SUM: 20000000
THREADS: 20
COUNT PER THREAD: 1000000
SLOOPY VALUE: 512
TIME: 0.582147
SUM: 20000000
THREADS: 21
COUNT PER THREAD: 1000000
SLOOPY VALUE: 512
TIME: 0.581041
SUM: 21000000
THREADS: 21
COUNT PER THREAD: 1000000
SLOOPY VALUE: 512
TIME: 0.566788
SUM: 21000000
THREADS: 21
COUNT PER THREAD: 1000000
SLOOPY VALUE: 512
TIME: 0.566736
SUM: 21000000
THREADS: 21
COUNT PER THREAD: 1000000
SLOOPY VALUE: 512
TIME: 0.585476
SUM: 21000000
THREADS: 21
COUNT PER THREAD: 1000000
SLOOPY VALUE: 512
TIME: 0.584353
SUM: 21000000
THREADS: 21
COUNT PER THREAD: 1000000
SLOOPY VALUE: 512
TIME: 0.587361
SUM: 21000000
THREADS: 21
COUNT PER THREAD: 1000000
SLOOPY VALUE: 512
TIME: 0.584511
SUM: 21000000
THREADS: 21
COUNT PER THREAD: 1000000
SLOOPY VALUE: 512
TIME: 0.570856
SUM: 21000000
THREADS: 21
COUNT PER THREAD: 1000000
SLOOPY VALUE: 512
TIME: 0.577784
SUM: 21000000
THREADS: 21
COUNT PER THREAD: 1000000
SLOOPY VALUE: 512
TIME: 0.588648
SUM: 21000000
THREADS: 22
COUNT PER THREAD: 1000000
SLOOPY VALUE: 512
TIME: 0.528227
SUM: 22000000
THREADS: 22
COUNT PER THREAD: 1000000
SLOOPY VALUE: 512
TIME: 0.531368
SUM: 22000000
THREADS: 22
COUNT PER THREAD: 1000000
SLOOPY VALUE: 512
TIME: 0.536666
SUM: 22000000
THREADS: 22
COUNT PER THREAD: 1000000
SLOOPY VALUE: 512
TIME: 0.531975
SUM: 22000000
THREADS: 22
COUNT PER THREAD: 1000000
SLOOPY VALUE: 512
TIME: 0.533701
SUM: 22000000
THREADS: 22
COUNT PER THREAD: 1000000
SLOOPY VALUE: 512
TIME: 0.523415
SUM: 22000000
THREADS: 22
COUNT PER THREAD: 1000000
SLOOPY VALUE: 512
TIME: 0.530821
SUM: 22000000
THREADS: 22
COUNT PER THREAD: 1000000
SLOOPY VALUE: 512
TIME: 0.531994
SUM: 22000000
THREADS: 22
COUNT PER THREAD: 1000000
SLOOPY VALUE: 512
TIME: 0.530932
SUM: 22000000
THREADS: 22
COUNT PER THREAD: 1000000
SLOOPY VALUE: 512
TIME: 0.523666
SUM: 22000000
THREADS: 23
COUNT PER THREAD: 1000000
SLOOPY VALUE: 512
TIME: 0.559199
SUM: 23000000
THREADS: 23
COUNT PER THREAD: 1000000
SLOOPY VALUE: 512
TIME: 0.564645
SUM: 23000000
THREADS: 23
COUNT PER THREAD: 1000000
SLOOPY VALUE: 512
TIME: 0.570958
SUM: 23000000
THREADS: 23
COUNT PER THREAD: 1000000
SLOOPY VALUE: 512
TIME: 0.553716
SUM: 23000000
THREADS: 23
COUNT PER THREAD: 1000000
SLOOPY VALUE: 512
TIME: 0.582594
SUM: 23000000
THREADS: 23
COUNT PER THREAD: 1000000
SLOOPY VALUE: 512
TIME: 0.570700
SUM: 23000000
THREADS: 23
COUNT PER THREAD: 1000000
SLOOPY VALUE: 512
TIME: 0.573141
SUM: 23000000
THREADS: 23
COUNT PER THREAD: 1000000
SLOOPY VALUE: 512
TIME: 0.570442
SUM: 23000000
THREADS: 23
COUNT PER THREAD: 1000000
SLOOPY VALUE: 512
TIME: 0.548211
SUM: 23000000
THREADS: 23
COUNT PER THREAD: 1000000
SLOOPY VALUE: 512
TIME: 0.546307
SUM: 23000000
THREADS: 24
COUNT PER THREAD: 1000000
SLOOPY VALUE: 512
TIME: 0.573361
SUM: 24000000
THREADS: 24
COUNT PER THREAD: 1000000
SLOOPY VALUE: 512
TIME: 0.572143
SUM: 24000000
THREADS: 24
COUNT PER THREAD: 1000000
SLOOPY VALUE: 512
TIME: 0.576630
SUM: 24000000
THREADS: 24
COUNT PER THREAD: 1000000
SLOOPY VALUE: 512
TIME: 0.586563
SUM: 24000000
THREADS: 24
COUNT PER THREAD: 1000000
SLOOPY VALUE: 512
TIME: 0.596938
SUM: 24000000
THREADS: 24
COUNT PER THREAD: 1000000
SLOOPY VALUE: 512
TIME: 0.592228
SUM: 24000000
THREADS: 24
COUNT PER THREAD: 1000000
SLOOPY VALUE: 512
TIME: 0.595493
SUM: 24000000
THREADS: 24
COUNT PER THREAD: 1000000
SLOOPY VALUE: 512
TIME: 0.591716
SUM: 24000000
THREADS: 24
COUNT PER THREAD: 1000000
SLOOPY VALUE: 512
TIME: 0.592645
SUM: 24000000
THREADS: 24
COUNT PER THREAD: 1000000
SLOOPY VALUE: 512
TIME: 0.593989
SUM: 24000000
THREADS: 25
COUNT PER THREAD: 1000000
SLOOPY VALUE: 512
TIME: 0.596902
SUM: 25000000
THREADS: 25
COUNT PER THREAD: 1000000
SLOOPY VALUE: 512
TIME: 0.610424
SUM: 25000000
THREADS: 25
COUNT PER THREAD: 1000000
SLOOPY VALUE: 512
TIME: 0.591624
SUM: 25000000
THREADS: 25
COUNT PER THREAD: 1000000
SLOOPY VALUE: 512
TIME: 0.617443
SUM: 25000000
THREADS: 25
COUNT PER THREAD: 1000000
SLOOPY VALUE: 512
TIME: 0.606352
SUM: 25000000
THREADS: 25
COUNT PER THREAD: 1000000
SLOOPY VALUE: 512
TIME: 0.608414
SUM: 25000000
THREADS: 25
COUNT PER THREAD: 1000000
SLOOPY VALUE: 512
TIME: 0.601680
SUM: 25000000
THREADS: 25
COUNT PER THREAD: 1000000
SLOOPY VALUE: 512
TIME: 0.598787
SUM: 25000000
THREADS: 25
COUNT PER THREAD: 1000000
SLOOPY VALUE: 512
TIME: 0.605381
SUM: 25000000
THREADS: 25
COUNT PER THREAD: 1000000
SLOOPY VALUE: 512
TIME: 0.603586
SUM: 25000000
THREADS: 26
COUNT PER THREAD: 1000000
SLOOPY VALUE: 512
TIME: 0.842495
SUM: 26000000
THREADS: 26
COUNT PER THREAD: 1000000
SLOOPY VALUE: 512
TIME: 0.744335
SUM: 26000000
THREADS: 26
COUNT PER THREAD: 1000000
SLOOPY VALUE: 512
TIME: 0.755443
SUM: 26000000
THREADS: 26
COUNT PER THREAD: 1000000
SLOOPY VALUE: 512
TIME: 0.767248
SUM: 26000000
THREADS: 26
COUNT PER THREAD: 1000000
SLOOPY VALUE: 512
TIME: 0.760954
SUM: 26000000
THREADS: 26
COUNT PER THREAD: 1000000
SLOOPY VALUE: 512
TIME: 0.726403
SUM: 26000000
THREADS: 26
COUNT PER THREAD: 1000000
SLOOPY VALUE: 512
TIME: 0.717379
SUM: 26000000
THREADS: 26
COUNT PER THREAD: 1000000
SLOOPY VALUE: 512
TIME: 0.760210
SUM: 26000000
THREADS: 26
COUNT PER THREAD: 1000000
SLOOPY VALUE: 512
TIME: 0.752975
SUM: 26000000
THREADS: 26
COUNT PER THREAD: 1000000
SLOOPY VALUE: 512
TIME: 0.750258
SUM: 26000000
THREADS: 27
COUNT PER THREAD: 1000000
SLOOPY VALUE: 512
TIME: 0.696575
SUM: 27000000
THREADS: 27
COUNT PER THREAD: 1000000
SLOOPY VALUE: 512
TIME: 0.700058
SUM: 27000000
THREADS: 27
COUNT PER THREAD: 1000000
SLOOPY VALUE: 512
TIME: 0.717335
SUM: 27000000
THREADS: 27
COUNT PER THREAD: 1000000
SLOOPY VALUE: 512
TIME: 0.691120
SUM: 27000000
THREADS: 27
COUNT PER THREAD: 1000000
SLOOPY VALUE: 512
TIME: 0.708459
SUM: 27000000
THREADS: 27
COUNT PER THREAD: 1000000
SLOOPY VALUE: 512
TIME: 0.712010
SUM: 27000000
THREADS: 27
COUNT PER THREAD: 1000000
SLOOPY VALUE: 512
TIME: 0.695631
SUM: 27000000
THREADS: 27
COUNT PER THREAD: 1000000
SLOOPY VALUE: 512
TIME: 0.724983
SUM: 27000000
THREADS: 27
COUNT PER THREAD: 1000000
SLOOPY VALUE: 512
TIME: 0.702405
SUM: 27000000
THREADS: 27
COUNT PER THREAD: 1000000
SLOOPY VALUE: 512
TIME: 0.709897
SUM: 27000000
THREADS: 28
COUNT PER THREAD: 1000000
SLOOPY VALUE: 512
TIME: 1.335163
SUM: 28000000
THREADS: 28
COUNT PER THREAD: 1000000
SLOOPY VALUE: 512
TIME: 0.891593
SUM: 28000000
THREADS: 28
COUNT PER THREAD: 1000000
SLOOPY VALUE: 512
TIME: 0.861776
SUM: 28000000
THREADS: 28
COUNT PER THREAD: 1000000
SLOOPY VALUE: 512
TIME: 0.766757
SUM: 28000000
THREADS: 28
COUNT PER THREAD: 1000000
SLOOPY VALUE: 512
TIME: 0.845034
SUM: 28000000
THREADS: 28
COUNT PER THREAD: 1000000
SLOOPY VALUE: 512
TIME: 0.748051
SUM: 28000000
THREADS: 28
COUNT PER THREAD: 1000000
SLOOPY VALUE: 512
TIME: 0.733951
SUM: 28000000
THREADS: 28
COUNT PER THREAD: 1000000
SLOOPY VALUE: 512
TIME: 0.806196
SUM: 28000000
THREADS: 28
COUNT PER THREAD: 1000000
SLOOPY VALUE: 512
TIME: 0.921902
SUM: 28000000
THREADS: 28
COUNT PER THREAD: 1000000
SLOOPY VALUE: 512
TIME: 0.831083
SUM: 28000000
THREADS: 29
COUNT PER THREAD: 1000000
SLOOPY VALUE: 512
TIME: 0.866048
SUM: 29000000
THREADS: 29
COUNT PER THREAD: 1000000
SLOOPY VALUE: 512
TIME: 0.855543
SUM: 29000000
THREADS: 29
COUNT PER THREAD: 1000000
SLOOPY VALUE: 512
TIME: 0.848107
SUM: 29000000
THREADS: 29
COUNT PER THREAD: 1000000
SLOOPY VALUE: 512
TIME: 0.828747
SUM: 29000000
THREADS: 29
COUNT PER THREAD: 1000000
SLOOPY VALUE: 512
TIME: 0.817893
SUM: 29000000
THREADS: 29
COUNT PER THREAD: 1000000
SLOOPY VALUE: 512
TIME: 0.790077
SUM: 29000000
THREADS: 29
COUNT PER THREAD: 1000000
SLOOPY VALUE: 512
TIME: 0.785046
SUM: 29000000
THREADS: 29
COUNT PER THREAD: 1000000
SLOOPY VALUE: 512
TIME: 0.830891
SUM: 29000000
THREADS: 29
COUNT PER THREAD: 1000000
SLOOPY VALUE: 512
TIME: 0.852068
SUM: 29000000
THREADS: 29
COUNT PER THREAD: 1000000
SLOOPY VALUE: 512
TIME: 0.878377
SUM: 29000000
THREADS: 30
COUNT PER THREAD: 1000000
SLOOPY VALUE: 512
TIME: 0.865438
SUM: 30000000
THREADS: 30
COUNT PER THREAD: 1000000
SLOOPY VALUE: 512
TIME: 0.815773
SUM: 30000000
THREADS: 30
COUNT PER THREAD: 1000000
SLOOPY VALUE: 512
TIME: 0.838843
SUM: 30000000
THREADS: 30
COUNT PER THREAD: 1000000
SLOOPY VALUE: 512
TIME: 0.791733
SUM: 30000000
THREADS: 30
COUNT PER THREAD: 1000000
SLOOPY VALUE: 512
TIME: 0.838139
SUM: 30000000
THREADS: 30
COUNT PER THREAD: 1000000
SLOOPY VALUE: 512
TIME: 0.836154
SUM: 30000000
THREADS: 30
COUNT PER THREAD: 1000000
SLOOPY VALUE: 512
TIME: 0.784210
SUM: 30000000
THREADS: 30
COUNT PER THREAD: 1000000
SLOOPY VALUE: 512
TIME: 0.744249
SUM: 30000000
THREADS: 30
COUNT PER THREAD: 1000000
SLOOPY VALUE: 512
TIME: 0.773229
SUM: 30000000
THREADS: 30
COUNT PER THREAD: 1000000
SLOOPY VALUE: 512
TIME: 0.851588
SUM: 30000000
THREADS: 31
COUNT PER THREAD: 1000000
SLOOPY VALUE: 512
TIME: 0.932862
SUM: 31000000
THREADS: 31
COUNT PER THREAD: 1000000
SLOOPY VALUE: 512
TIME: 0.900549
SUM: 31000000
THREADS: 31
COUNT PER THREAD: 1000000
SLOOPY VALUE: 512
TIME: 0.847267
SUM: 31000000
THREADS: 31
COUNT PER THREAD: 1000000
SLOOPY VALUE: 512
TIME: 0.871816
SUM: 31000000
THREADS: 31
COUNT PER THREAD: 1000000
SLOOPY VALUE: 512
TIME: 0.858452
SUM: 31000000
THREADS: 31
COUNT PER THREAD: 1000000
SLOOPY VALUE: 512
TIME: 0.920773
SUM: 31000000
THREADS: 31
COUNT PER THREAD: 1000000
SLOOPY VALUE: 512
TIME: 0.896753
SUM: 31000000
THREADS: 31
COUNT PER THREAD: 1000000
SLOOPY VALUE: 512
TIME: 0.877328
SUM: 31000000
THREADS: 31
COUNT PER THREAD: 1000000
SLOOPY VALUE: 512
TIME: 0.953762
SUM: 31000000
THREADS: 31
COUNT PER THREAD: 1000000
SLOOPY VALUE: 512
TIME: 0.988018
SUM: 31000000
THREADS: 32
COUNT PER THREAD: 1000000
SLOOPY VALUE: 512
TIME: 0.864090
SUM: 32000000
THREADS: 32
COUNT PER THREAD: 1000000
SLOOPY VALUE: 512
TIME: 0.847238
SUM: 32000000
THREADS: 32
COUNT PER THREAD: 1000000
SLOOPY VALUE: 512
TIME: 0.873904
SUM: 32000000
THREADS: 32
COUNT PER THREAD: 1000000
SLOOPY VALUE: 512
TIME: 0.873826
SUM: 32000000
THREADS: 32
COUNT PER THREAD: 1000000
SLOOPY VALUE: 512
TIME: 0.875938
SUM: 32000000
THREADS: 32
COUNT PER THREAD: 1000000
SLOOPY VALUE: 512
TIME: 0.845109
SUM: 32000000
THREADS: 32
COUNT PER THREAD: 1000000
SLOOPY VALUE: 512
TIME: 0.886667
SUM: 32000000
THREADS: 32
COUNT PER THREAD: 1000000
SLOOPY VALUE: 512
TIME: 0.851918
SUM: 32000000
THREADS: 32
COUNT PER THREAD: 1000000
SLOOPY VALUE: 512
TIME: 0.863595
SUM: 32000000
THREADS: 32
COUNT PER THREAD: 1000000
SLOOPY VALUE: 512
TIME: 0.873079
SUM: 32000000
THREADS: 33
COUNT PER THREAD: 1000000
SLOOPY VALUE: 512
TIME: 0.888121
SUM: 33000000
THREADS: 33
COUNT PER THREAD: 1000000
SLOOPY VALUE: 512
TIME: 0.886661
SUM: 33000000
THREADS: 33
COUNT PER THREAD: 1000000
SLOOPY VALUE: 512
TIME: 0.896161
SUM: 33000000
THREADS: 33
COUNT PER THREAD: 1000000
SLOOPY VALUE: 512
TIME: 0.910677
SUM: 33000000
THREADS: 33
COUNT PER THREAD: 1000000
SLOOPY VALUE: 512
TIME: 0.899875
SUM: 33000000
THREADS: 33
COUNT PER THREAD: 1000000
SLOOPY VALUE: 512
TIME: 0.924530
SUM: 33000000
THREADS: 33
COUNT PER THREAD: 1000000
SLOOPY VALUE: 512
TIME: 0.882212
SUM: 33000000
THREADS: 33
COUNT PER THREAD: 1000000
SLOOPY VALUE: 512
TIME: 0.884451
SUM: 33000000
THREADS: 33
COUNT PER THREAD: 1000000
SLOOPY VALUE: 512
TIME: 0.866259
SUM: 33000000
THREADS: 33
COUNT PER THREAD: 1000000
SLOOPY VALUE: 512
TIME: 0.884668
SUM: 33000000
THREADS: 34
COUNT PER THREAD: 1000000
SLOOPY VALUE: 512
TIME: 0.906652
SUM: 34000000
THREADS: 34
COUNT PER THREAD: 1000000
SLOOPY VALUE: 512
TIME: 0.898578
SUM: 34000000
THREADS: 34
COUNT PER THREAD: 1000000
SLOOPY VALUE: 512
TIME: 0.889901
SUM: 34000000
THREADS: 34
COUNT PER THREAD: 1000000
SLOOPY VALUE: 512
TIME: 0.882326
SUM: 34000000
THREADS: 34
COUNT PER THREAD: 1000000
SLOOPY VALUE: 512
TIME: 0.886691
SUM: 34000000
THREADS: 34
COUNT PER THREAD: 1000000
SLOOPY VALUE: 512
TIME: 0.880095
SUM: 34000000
THREADS: 34
COUNT PER THREAD: 1000000
SLOOPY VALUE: 512
TIME: 0.881743
SUM: 34000000
THREADS: 34
COUNT PER THREAD: 1000000
SLOOPY VALUE: 512
TIME: 0.895453
SUM: 34000000
THREADS: 34
COUNT PER THREAD: 1000000
SLOOPY VALUE: 512
TIME: 0.883097
SUM: 34000000
THREADS: 34
COUNT PER THREAD: 1000000
SLOOPY VALUE: 512
TIME: 0.876301
SUM: 34000000
THREADS: 35
COUNT PER THREAD: 1000000
SLOOPY VALUE: 512
TIME: 1.093182
SUM: 35000000
THREADS: 35
COUNT PER THREAD: 1000000
SLOOPY VALUE: 512
TIME: 1.618883
SUM: 35000000
THREADS: 35
COUNT PER THREAD: 1000000
SLOOPY VALUE: 512
TIME: 0.933470
SUM: 35000000
THREADS: 35
COUNT PER THREAD: 1000000
SLOOPY VALUE: 512
TIME: 0.918782
SUM: 35000000
THREADS: 35
COUNT PER THREAD: 1000000
SLOOPY VALUE: 512
TIME: 0.895312
SUM: 35000000
THREADS: 35
COUNT PER THREAD: 1000000
SLOOPY VALUE: 512
TIME: 0.936054
SUM: 35000000
THREADS: 35
COUNT PER THREAD: 1000000
SLOOPY VALUE: 512
TIME: 0.906381
SUM: 35000000
THREADS: 35
COUNT PER THREAD: 1000000
SLOOPY VALUE: 512
TIME: 0.924655
SUM: 35000000
THREADS: 35
COUNT PER THREAD: 1000000
SLOOPY VALUE: 512
TIME: 0.902849
SUM: 35000000
THREADS: 35
COUNT PER THREAD: 1000000
SLOOPY VALUE: 512
TIME: 0.897008
SUM: 35000000
THREADS: 36
COUNT PER THREAD: 1000000
SLOOPY VALUE: 512
TIME: 0.963803
SUM: 36000000
THREADS: 36
COUNT PER THREAD: 1000000
SLOOPY VALUE: 512
TIME: 0.987056
SUM: 36000000
THREADS: 36
COUNT PER THREAD: 1000000
SLOOPY VALUE: 512
TIME: 0.950466
SUM: 36000000
THREADS: 36
COUNT PER THREAD: 1000000
SLOOPY VALUE: 512
TIME: 0.977143
SUM: 36000000
THREADS: 36
COUNT PER THREAD: 1000000
SLOOPY VALUE: 512
TIME: 0.955586
SUM: 36000000
THREADS: 36
COUNT PER THREAD: 1000000
SLOOPY VALUE: 512
TIME: 0.950913
SUM: 36000000
THREADS: 36
COUNT PER THREAD: 1000000
SLOOPY VALUE: 512
TIME: 0.944091
SUM: 36000000
THREADS: 36
COUNT PER THREAD: 1000000
SLOOPY VALUE: 512
TIME: 0.942404
SUM: 36000000
THREADS: 36
COUNT PER THREAD: 1000000
SLOOPY VALUE: 512
TIME: 0.991399
SUM: 36000000
THREADS: 36
COUNT PER THREAD: 1000000
SLOOPY VALUE: 512
TIME: 0.972271
SUM: 36000000
THREADS: 37
COUNT PER THREAD: 1000000
SLOOPY VALUE: 512
TIME: 1.073977
SUM: 37000000
THREADS: 37
COUNT PER THREAD: 1000000
SLOOPY VALUE: 512
TIME: 1.032367
SUM: 37000000
THREADS: 37
COUNT PER THREAD: 1000000
SLOOPY VALUE: 512
TIME: 1.056597
SUM: 37000000
THREADS: 37
COUNT PER THREAD: 1000000
SLOOPY VALUE: 512
TIME: 1.000962
SUM: 37000000
THREADS: 37
COUNT PER THREAD: 1000000
SLOOPY VALUE: 512
TIME: 1.024230
SUM: 37000000
THREADS: 37
COUNT PER THREAD: 1000000
SLOOPY VALUE: 512
TIME: 1.034232
SUM: 37000000
THREADS: 37
COUNT PER THREAD: 1000000
SLOOPY VALUE: 512
TIME: 1.023064
SUM: 37000000
THREADS: 37
COUNT PER THREAD: 1000000
SLOOPY VALUE: 512
TIME: 1.030988
SUM: 37000000
THREADS: 37
COUNT PER THREAD: 1000000
SLOOPY VALUE: 512
TIME: 0.991621
SUM: 37000000
THREADS: 37
COUNT PER THREAD: 1000000
SLOOPY VALUE: 512
TIME: 0.987586
SUM: 37000000
THREADS: 38
COUNT PER THREAD: 1000000
SLOOPY VALUE: 512
TIME: 1.021620
SUM: 38000000
THREADS: 38
COUNT PER THREAD: 1000000
SLOOPY VALUE: 512
TIME: 0.993553
SUM: 38000000
THREADS: 38
COUNT PER THREAD: 1000000
SLOOPY VALUE: 512
TIME: 0.989959
SUM: 38000000
THREADS: 38
COUNT PER THREAD: 1000000
SLOOPY VALUE: 512
TIME: 0.995083
SUM: 38000000
THREADS: 38
COUNT PER THREAD: 1000000
SLOOPY VALUE: 512
TIME: 0.985593
SUM: 38000000
THREADS: 38
COUNT PER THREAD: 1000000
SLOOPY VALUE: 512
TIME: 0.973577
SUM: 38000000
THREADS: 38
COUNT PER THREAD: 1000000
SLOOPY VALUE: 512
TIME: 0.993643
SUM: 38000000
THREADS: 38
COUNT PER THREAD: 1000000
SLOOPY VALUE: 512
TIME: 0.987181
SUM: 38000000
THREADS: 38
COUNT PER THREAD: 1000000
SLOOPY VALUE: 512
TIME: 0.999968
SUM: 38000000
THREADS: 38
COUNT PER THREAD: 1000000
SLOOPY VALUE: 512
TIME: 0.984573
SUM: 38000000
THREADS: 39
COUNT PER THREAD: 1000000
SLOOPY VALUE: 512
TIME: 1.025117
SUM: 39000000
THREADS: 39
COUNT PER THREAD: 1000000
SLOOPY VALUE: 512
TIME: 1.000224
SUM: 39000000
THREADS: 39
COUNT PER THREAD: 1000000
SLOOPY VALUE: 512
TIME: 1.051388
SUM: 39000000
THREADS: 39
COUNT PER THREAD: 1000000
SLOOPY VALUE: 512
TIME: 1.022107
SUM: 39000000
THREADS: 39
COUNT PER THREAD: 1000000
SLOOPY VALUE: 512
TIME: 1.016939
SUM: 39000000
THREADS: 39
COUNT PER THREAD: 1000000
SLOOPY VALUE: 512
TIME: 1.030678
SUM: 39000000
THREADS: 39
COUNT PER THREAD: 1000000
SLOOPY VALUE: 512
TIME: 1.080875
SUM: 39000000
THREADS: 39
COUNT PER THREAD: 1000000
SLOOPY VALUE: 512
TIME: 1.006057
SUM: 39000000
THREADS: 39
COUNT PER THREAD: 1000000
SLOOPY VALUE: 512
TIME: 1.021218
SUM: 39000000
THREADS: 39
COUNT PER THREAD: 1000000
SLOOPY VALUE: 512
TIME: 1.066086
SUM: 39000000
THREADS: 40
COUNT PER THREAD: 1000000
SLOOPY VALUE: 512
TIME: 1.161867
SUM: 40000000
THREADS: 40
COUNT PER THREAD: 1000000
SLOOPY VALUE: 512
TIME: 1.144472
SUM: 40000000
THREADS: 40
COUNT PER THREAD: 1000000
SLOOPY VALUE: 512
TIME: 1.167424
SUM: 40000000
THREADS: 40
COUNT PER THREAD: 1000000
SLOOPY VALUE: 512
TIME: 1.126650
SUM: 40000000
THREADS: 40
COUNT PER THREAD: 1000000
SLOOPY VALUE: 512
TIME: 1.390413
SUM: 40000000
THREADS: 40
COUNT PER THREAD: 1000000
SLOOPY VALUE: 512
TIME: 1.131078
SUM: 40000000
THREADS: 40
COUNT PER THREAD: 1000000
SLOOPY VALUE: 512
TIME: 1.146629
SUM: 40000000
THREADS: 40
COUNT PER THREAD: 1000000
SLOOPY VALUE: 512
TIME: 1.139663
SUM: 40000000
THREADS: 40
COUNT PER THREAD: 1000000
SLOOPY VALUE: 512
TIME: 1.177517
SUM: 40000000
THREADS: 40
COUNT PER THREAD: 1000000
SLOOPY VALUE: 512
TIME: 1.319253
SUM: 40000000
THREADS: 41
COUNT PER THREAD: 1000000
SLOOPY VALUE: 512
TIME: 1.140601
SUM: 41000000
THREADS: 41
COUNT PER THREAD: 1000000
SLOOPY VALUE: 512
TIME: 1.152219
SUM: 41000000
THREADS: 41
COUNT PER THREAD: 1000000
SLOOPY VALUE: 512
TIME: 1.142838
SUM: 41000000
THREADS: 41
COUNT PER THREAD: 1000000
SLOOPY VALUE: 512
TIME: 1.133404
SUM: 41000000
THREADS: 41
COUNT PER THREAD: 1000000
SLOOPY VALUE: 512
TIME: 1.136010
SUM: 41000000
THREADS: 41
COUNT PER THREAD: 1000000
SLOOPY VALUE: 512
TIME: 1.174606
SUM: 41000000
THREADS: 41
COUNT PER THREAD: 1000000
SLOOPY VALUE: 512
TIME: 1.135894
SUM: 41000000
THREADS: 41
COUNT PER THREAD: 1000000
SLOOPY VALUE: 512
TIME: 1.133795
SUM: 41000000
THREADS: 41
COUNT PER THREAD: 1000000
SLOOPY VALUE: 512
TIME: 1.182434
SUM: 41000000
THREADS: 41
COUNT PER THREAD: 1000000
SLOOPY VALUE: 512
TIME: 1.114818
SUM: 41000000
THREADS: 42
COUNT PER THREAD: 1000000
SLOOPY VALUE: 512
TIME: 1.217406
SUM: 42000000
THREADS: 42
COUNT PER THREAD: 1000000
SLOOPY VALUE: 512
TIME: 1.196845
SUM: 42000000
THREADS: 42
COUNT PER THREAD: 1000000
SLOOPY VALUE: 512
TIME: 1.182259
SUM: 42000000
THREADS: 42
COUNT PER THREAD: 1000000
SLOOPY VALUE: 512
TIME: 1.205793
SUM: 42000000
THREADS: 42
COUNT PER THREAD: 1000000
SLOOPY VALUE: 512
TIME: 1.173399
SUM: 42000000
THREADS: 42
COUNT PER THREAD: 1000000
SLOOPY VALUE: 512
TIME: 1.197521
SUM: 42000000
THREADS: 42
COUNT PER THREAD: 1000000
SLOOPY VALUE: 512
TIME: 1.165332
SUM: 42000000
THREADS: 42
COUNT PER THREAD: 1000000
SLOOPY VALUE: 512
TIME: 1.157228
SUM: 42000000
THREADS: 42
COUNT PER THREAD: 1000000
SLOOPY VALUE: 512
TIME: 1.148042
SUM: 42000000
THREADS: 42
COUNT PER THREAD: 1000000
SLOOPY VALUE: 512
TIME: 1.124146
SUM: 42000000
THREADS: 43
COUNT PER THREAD: 1000000
SLOOPY VALUE: 512
TIME: 1.122481
SUM: 43000000
THREADS: 43
COUNT PER THREAD: 1000000
SLOOPY VALUE: 512
TIME: 1.180379
SUM: 43000000
THREADS: 43
COUNT PER THREAD: 1000000
SLOOPY VALUE: 512
TIME: 1.147700
SUM: 43000000
THREADS: 43
COUNT PER THREAD: 1000000
SLOOPY VALUE: 512
TIME: 1.160485
SUM: 43000000
THREADS: 43
COUNT PER THREAD: 1000000
SLOOPY VALUE: 512
TIME: 1.181814
SUM: 43000000
THREADS: 43
COUNT PER THREAD: 1000000
SLOOPY VALUE: 512
TIME: 1.189597
SUM: 43000000
THREADS: 43
COUNT PER THREAD: 1000000
SLOOPY VALUE: 512
TIME: 1.165747
SUM: 43000000
THREADS: 43
COUNT PER THREAD: 1000000
SLOOPY VALUE: 512
TIME: 1.210480
SUM: 43000000
THREADS: 43
COUNT PER THREAD: 1000000
SLOOPY VALUE: 512
TIME: 1.202203
SUM: 43000000
THREADS: 43
COUNT PER THREAD: 1000000
SLOOPY VALUE: 512
TIME: 1.198367
SUM: 43000000
THREADS: 44
COUNT PER THREAD: 1000000
SLOOPY VALUE: 512
TIME: 1.149980
SUM: 44000000
THREADS: 44
COUNT PER THREAD: 1000000
SLOOPY VALUE: 512
TIME: 1.163353
SUM: 44000000
THREADS: 44
COUNT PER THREAD: 1000000
SLOOPY VALUE: 512
TIME: 1.180406
SUM: 44000000
THREADS: 44
COUNT PER THREAD: 1000000
SLOOPY VALUE: 512
TIME: 1.186903
SUM: 44000000
THREADS: 44
COUNT PER THREAD: 1000000
SLOOPY VALUE: 512
TIME: 1.153825
SUM: 44000000
THREADS: 44
COUNT PER THREAD: 1000000
SLOOPY VALUE: 512
TIME: 1.213736
SUM: 44000000
THREADS: 44
COUNT PER THREAD: 1000000
SLOOPY VALUE: 512
TIME: 1.198844
SUM: 44000000
THREADS: 44
COUNT PER THREAD: 1000000
SLOOPY VALUE: 512
TIME: 1.222485
SUM: 44000000
THREADS: 44
COUNT PER THREAD: 1000000
SLOOPY VALUE: 512
TIME: 1.215047
SUM: 44000000
THREADS: 44
COUNT PER THREAD: 1000000
SLOOPY VALUE: 512
TIME: 1.186003
SUM: 44000000
THREADS: 45
COUNT PER THREAD: 1000000
SLOOPY VALUE: 512
TIME: 1.173597
SUM: 45000000
THREADS: 45
COUNT PER THREAD: 1000000
SLOOPY VALUE: 512
TIME: 1.145152
SUM: 45000000
THREADS: 45
COUNT PER THREAD: 1000000
SLOOPY VALUE: 512
TIME: 1.148944
SUM: 45000000
THREADS: 45
COUNT PER THREAD: 1000000
SLOOPY VALUE: 512
TIME: 1.150695
SUM: 45000000
THREADS: 45
COUNT PER THREAD: 1000000
SLOOPY VALUE: 512
TIME: 1.166558
SUM: 45000000
THREADS: 45
COUNT PER THREAD: 1000000
SLOOPY VALUE: 512
TIME: 1.196972
SUM: 45000000
THREADS: 45
COUNT PER THREAD: 1000000
SLOOPY VALUE: 512
TIME: 1.145860
SUM: 45000000
THREADS: 45
COUNT PER THREAD: 1000000
SLOOPY VALUE: 512
TIME: 1.157681
SUM: 45000000
THREADS: 45
COUNT PER THREAD: 1000000
SLOOPY VALUE: 512
TIME: 1.146296
SUM: 45000000
THREADS: 45
COUNT PER THREAD: 1000000
SLOOPY VALUE: 512
TIME: 1.173276
SUM: 45000000
THREADS: 46
COUNT PER THREAD: 1000000
SLOOPY VALUE: 512
TIME: 1.315961
SUM: 46000000
THREADS: 46
COUNT PER THREAD: 1000000
SLOOPY VALUE: 512
TIME: 1.402302
SUM: 46000000
THREADS: 46
COUNT PER THREAD: 1000000
SLOOPY VALUE: 512
TIME: 1.413757
SUM: 46000000
THREADS: 46
COUNT PER THREAD: 1000000
SLOOPY VALUE: 512
TIME: 1.389786
SUM: 46000000
THREADS: 46
COUNT PER THREAD: 1000000
SLOOPY VALUE: 512
TIME: 1.453692
SUM: 46000000
THREADS: 46
COUNT PER THREAD: 1000000
SLOOPY VALUE: 512
TIME: 1.337909
SUM: 46000000
THREADS: 46
COUNT PER THREAD: 1000000
SLOOPY VALUE: 512
TIME: 1.825077
SUM: 46000000
THREADS: 46
COUNT PER THREAD: 1000000
SLOOPY VALUE: 512
TIME: 1.532332
SUM: 46000000
THREADS: 46
COUNT PER THREAD: 1000000
SLOOPY VALUE: 512
TIME: 1.375337
SUM: 46000000
THREADS: 46
COUNT PER THREAD: 1000000
SLOOPY VALUE: 512
TIME: 1.338831
SUM: 46000000
THREADS: 47
COUNT PER THREAD: 1000000
SLOOPY VALUE: 512
TIME: 1.381174
SUM: 47000000
THREADS: 47
COUNT PER THREAD: 1000000
SLOOPY VALUE: 512
TIME: 1.250283
SUM: 47000000
THREADS: 47
COUNT PER THREAD: 1000000
SLOOPY VALUE: 512
TIME: 1.201757
SUM: 47000000
THREADS: 47
COUNT PER THREAD: 1000000
SLOOPY VALUE: 512
TIME: 1.197650
SUM: 47000000
THREADS: 47
COUNT PER THREAD: 1000000
SLOOPY VALUE: 512
TIME: 1.229168
SUM: 47000000
THREADS: 47
COUNT PER THREAD: 1000000
SLOOPY VALUE: 512
TIME: 1.204710
SUM: 47000000
THREADS: 47
COUNT PER THREAD: 1000000
SLOOPY VALUE: 512
TIME: 1.212471
SUM: 47000000
THREADS: 47
COUNT PER THREAD: 1000000
SLOOPY VALUE: 512
TIME: 1.204506
SUM: 47000000
THREADS: 47
COUNT PER THREAD: 1000000
SLOOPY VALUE: 512
TIME: 1.211928
SUM: 47000000
THREADS: 47
COUNT PER THREAD: 1000000
SLOOPY VALUE: 512
TIME: 1.204804
SUM: 47000000
THREADS: 48
COUNT PER THREAD: 1000000
SLOOPY VALUE: 512
TIME: 1.330283
SUM: 48000000
THREADS: 48
COUNT PER THREAD: 1000000
SLOOPY VALUE: 512
TIME: 1.315840
SUM: 48000000
THREADS: 48
COUNT PER THREAD: 1000000
SLOOPY VALUE: 512
TIME: 1.343876
SUM: 48000000
THREADS: 48
COUNT PER THREAD: 1000000
SLOOPY VALUE: 512
TIME: 1.324647
SUM: 48000000
THREADS: 48
COUNT PER THREAD: 1000000
SLOOPY VALUE: 512
TIME: 1.343696
SUM: 48000000
THREADS: 48
COUNT PER THREAD: 1000000
SLOOPY VALUE: 512
TIME: 1.349449
SUM: 48000000
THREADS: 48
COUNT PER THREAD: 1000000
SLOOPY VALUE: 512
TIME: 1.315912
SUM: 48000000
THREADS: 48
COUNT PER THREAD: 1000000
SLOOPY VALUE: 512
TIME: 1.320130
SUM: 48000000
THREADS: 48
COUNT PER THREAD: 1000000
SLOOPY VALUE: 512
TIME: 1.325134
SUM: 48000000
THREADS: 48
COUNT PER THREAD: 1000000
SLOOPY VALUE: 512
TIME: 1.366155
SUM: 48000000
THREADS: 49
COUNT PER THREAD: 1000000
SLOOPY VALUE: 512
TIME: 1.223529
SUM: 49000000
THREADS: 49
COUNT PER THREAD: 1000000
SLOOPY VALUE: 512
TIME: 1.254393
SUM: 49000000
THREADS: 49
COUNT PER THREAD: 1000000
SLOOPY VALUE: 512
TIME: 1.252566
SUM: 49000000
THREADS: 49
COUNT PER THREAD: 1000000
SLOOPY VALUE: 512
TIME: 1.294476
SUM: 49000000
THREADS: 49
COUNT PER THREAD: 1000000
SLOOPY VALUE: 512
TIME: 1.280919
SUM: 49000000
THREADS: 49
COUNT PER THREAD: 1000000
SLOOPY VALUE: 512
TIME: 1.221481
SUM: 49000000
THREADS: 49
COUNT PER THREAD: 1000000
SLOOPY VALUE: 512
TIME: 1.221580
SUM: 49000000
THREADS: 49
COUNT PER THREAD: 1000000
SLOOPY VALUE: 512
TIME: 1.252720
SUM: 49000000
THREADS: 49
COUNT PER THREAD: 1000000
SLOOPY VALUE: 512
TIME: 1.249208
SUM: 49000000
THREADS: 49
COUNT PER THREAD: 1000000
SLOOPY VALUE: 512
TIME: 1.219932
SUM: 49000000
THREADS: 50
COUNT PER THREAD: 1000000
SLOOPY VALUE: 512
TIME: 1.347639
SUM: 50000000
THREADS: 50
COUNT PER THREAD: 1000000
SLOOPY VALUE: 512
TIME: 1.359494
SUM: 50000000
THREADS: 50
COUNT PER THREAD: 1000000
SLOOPY VALUE: 512
TIME: 1.303335
SUM: 50000000
THREADS: 50
COUNT PER THREAD: 1000000
SLOOPY VALUE: 512
TIME: 1.300951
SUM: 50000000
THREADS: 50
COUNT PER THREAD: 1000000
SLOOPY VALUE: 512
TIME: 1.320564
SUM: 50000000
THREADS: 50
COUNT PER THREAD: 1000000
SLOOPY VALUE: 512
TIME: 1.365583
SUM: 50000000
THREADS: 50
COUNT PER THREAD: 1000000
SLOOPY VALUE: 512
TIME: 1.389129
SUM: 50000000
THREADS: 50
COUNT PER THREAD: 1000000
SLOOPY VALUE: 512
TIME: 1.317661
SUM: 50000000
THREADS: 50
COUNT PER THREAD: 1000000
SLOOPY VALUE: 512
TIME: 1.467728
SUM: 50000000
THREADS: 50
COUNT PER THREAD: 1000000
SLOOPY VALUE: 512
TIME: 1.532090
SUM: 50000000
THREADS: 51
COUNT PER THREAD: 1000000
SLOOPY VALUE: 512
TIME: 1.371945
SUM: 51000000
THREADS: 51
COUNT PER THREAD: 1000000
SLOOPY VALUE: 512
TIME: 1.465287
SUM: 51000000
THREADS: 51
COUNT PER THREAD: 1000000
SLOOPY VALUE: 512
TIME: 1.363088
SUM: 51000000
THREADS: 51
COUNT PER THREAD: 1000000
SLOOPY VALUE: 512
TIME: 1.300468
SUM: 51000000
THREADS: 51
COUNT PER THREAD: 1000000
SLOOPY VALUE: 512
TIME: 1.309660
SUM: 51000000
THREADS: 51
COUNT PER THREAD: 1000000
SLOOPY VALUE: 512
TIME: 1.319140
SUM: 51000000
THREADS: 51
COUNT PER THREAD: 1000000
SLOOPY VALUE: 512
TIME: 1.395012
SUM: 51000000
THREADS: 51
COUNT PER THREAD: 1000000
SLOOPY VALUE: 512
TIME: 1.312482
SUM: 51000000
THREADS: 51
COUNT PER THREAD: 1000000
SLOOPY VALUE: 512
TIME: 1.266223
SUM: 51000000
THREADS: 51
COUNT PER THREAD: 1000000
SLOOPY VALUE: 512
TIME: 1.333450
SUM: 51000000
THREADS: 52
COUNT PER THREAD: 1000000
SLOOPY VALUE: 512
TIME: 1.405339
SUM: 52000000
THREADS: 52
COUNT PER THREAD: 1000000
SLOOPY VALUE: 512
TIME: 1.410310
SUM: 52000000
THREADS: 52
COUNT PER THREAD: 1000000
SLOOPY VALUE: 512
TIME: 1.445928
SUM: 52000000
THREADS: 52
COUNT PER THREAD: 1000000
SLOOPY VALUE: 512
TIME: 1.398163
SUM: 52000000
THREADS: 52
COUNT PER THREAD: 1000000
SLOOPY VALUE: 512
TIME: 1.286926
SUM: 52000000
THREADS: 52
COUNT PER THREAD: 1000000
SLOOPY VALUE: 512
TIME: 1.244481
SUM: 52000000
THREADS: 52
COUNT PER THREAD: 1000000
SLOOPY VALUE: 512
TIME: 1.244173
SUM: 52000000
THREADS: 52
COUNT PER THREAD: 1000000
SLOOPY VALUE: 512
TIME: 1.239280
SUM: 52000000
THREADS: 52
COUNT PER THREAD: 1000000
SLOOPY VALUE: 512
TIME: 1.255373
SUM: 52000000
THREADS: 52
COUNT PER THREAD: 1000000
SLOOPY VALUE: 512
TIME: 1.387677
SUM: 52000000
THREADS: 53
COUNT PER THREAD: 1000000
SLOOPY VALUE: 512
TIME: 1.491298
SUM: 53000000
THREADS: 53
COUNT PER THREAD: 1000000
SLOOPY VALUE: 512
TIME: 1.426372
SUM: 53000000
THREADS: 53
COUNT PER THREAD: 1000000
SLOOPY VALUE: 512
TIME: 1.437637
SUM: 53000000
THREADS: 53
COUNT PER THREAD: 1000000
SLOOPY VALUE: 512
TIME: 1.454210
SUM: 53000000
THREADS: 53
COUNT PER THREAD: 1000000
SLOOPY VALUE: 512
TIME: 1.430622
SUM: 53000000
THREADS: 53
COUNT PER THREAD: 1000000
SLOOPY VALUE: 512
TIME: 1.306010
SUM: 53000000
THREADS: 53
COUNT PER THREAD: 1000000
SLOOPY VALUE: 512
TIME: 1.327465
SUM: 53000000
THREADS: 53
COUNT PER THREAD: 1000000
SLOOPY VALUE: 512
TIME: 1.298663
SUM: 53000000
THREADS: 53
COUNT PER THREAD: 1000000
SLOOPY VALUE: 512
TIME: 1.312784
SUM: 53000000
THREADS: 53
COUNT PER THREAD: 1000000
SLOOPY VALUE: 512
TIME: 1.337490
SUM: 53000000
THREADS: 54
COUNT PER THREAD: 1000000
SLOOPY VALUE: 512
TIME: 1.473678
SUM: 54000000
THREADS: 54
COUNT PER THREAD: 1000000
SLOOPY VALUE: 512
TIME: 1.562837
SUM: 54000000
THREADS: 54
COUNT PER THREAD: 1000000
SLOOPY VALUE: 512
TIME: 1.499602
SUM: 54000000
THREADS: 54
COUNT PER THREAD: 1000000
SLOOPY VALUE: 512
TIME: 1.555420
SUM: 54000000
THREADS: 54
COUNT PER THREAD: 1000000
SLOOPY VALUE: 512
TIME: 1.703216
SUM: 54000000
THREADS: 54
COUNT PER THREAD: 1000000
SLOOPY VALUE: 512
TIME: 1.539223
SUM: 54000000
THREADS: 54
COUNT PER THREAD: 1000000
SLOOPY VALUE: 512
TIME: 1.455243
SUM: 54000000
THREADS: 54
COUNT PER THREAD: 1000000
SLOOPY VALUE: 512
TIME: 1.490703
SUM: 54000000
THREADS: 54
COUNT PER THREAD: 1000000
SLOOPY VALUE: 512
TIME: 1.496020
SUM: 54000000
THREADS: 54
COUNT PER THREAD: 1000000
SLOOPY VALUE: 512
TIME: 1.513173
SUM: 54000000
THREADS: 55
COUNT PER THREAD: 1000000
SLOOPY VALUE: 512
TIME: 1.391918
SUM: 55000000
THREADS: 55
COUNT PER THREAD: 1000000
SLOOPY VALUE: 512
TIME: 1.426580
SUM: 55000000
THREADS: 55
COUNT PER THREAD: 1000000
SLOOPY VALUE: 512
TIME: 1.465261
SUM: 55000000
THREADS: 55
COUNT PER THREAD: 1000000
SLOOPY VALUE: 512
TIME: 1.407663
SUM: 55000000
THREADS: 55
COUNT PER THREAD: 1000000
SLOOPY VALUE: 512
TIME: 1.424196
SUM: 55000000
THREADS: 55
COUNT PER THREAD: 1000000
SLOOPY VALUE: 512
TIME: 1.444273
SUM: 55000000
THREADS: 55
COUNT PER THREAD: 1000000
SLOOPY VALUE: 512
TIME: 1.481626
SUM: 55000000
THREADS: 55
COUNT PER THREAD: 1000000
SLOOPY VALUE: 512
TIME: 1.435950
SUM: 55000000
THREADS: 55
COUNT PER THREAD: 1000000
SLOOPY VALUE: 512
TIME: 1.442476
SUM: 55000000
THREADS: 55
COUNT PER THREAD: 1000000
SLOOPY VALUE: 512
TIME: 1.441188
SUM: 55000000
THREADS: 56
COUNT PER THREAD: 1000000
SLOOPY VALUE: 512
TIME: 1.528835
SUM: 56000000
THREADS: 56
COUNT PER THREAD: 1000000
SLOOPY VALUE: 512
TIME: 1.419787
SUM: 56000000
THREADS: 56
COUNT PER THREAD: 1000000
SLOOPY VALUE: 512
TIME: 1.441233
SUM: 56000000
THREADS: 56
COUNT PER THREAD: 1000000
SLOOPY VALUE: 512
TIME: 1.514721
SUM: 56000000
THREADS: 56
COUNT PER THREAD: 1000000
SLOOPY VALUE: 512
TIME: 1.443466
SUM: 56000000
THREADS: 56
COUNT PER THREAD: 1000000
SLOOPY VALUE: 512
TIME: 1.417996
SUM: 56000000
THREADS: 56
COUNT PER THREAD: 1000000
SLOOPY VALUE: 512
TIME: 1.451503
SUM: 56000000
THREADS: 56
COUNT PER THREAD: 1000000
SLOOPY VALUE: 512
TIME: 1.489201
SUM: 56000000
THREADS: 56
COUNT PER THREAD: 1000000
SLOOPY VALUE: 512
TIME: 1.447494
SUM: 56000000
THREADS: 56
COUNT PER THREAD: 1000000
SLOOPY VALUE: 512
TIME: 1.426255
SUM: 56000000
THREADS: 57
COUNT PER THREAD: 1000000
SLOOPY VALUE: 512
TIME: 1.740613
SUM: 57000000
THREADS: 57
COUNT PER THREAD: 1000000
SLOOPY VALUE: 512
TIME: 1.622706
SUM: 57000000
THREADS: 57
COUNT PER THREAD: 1000000
SLOOPY VALUE: 512
TIME: 1.779521
SUM: 57000000
THREADS: 57
COUNT PER THREAD: 1000000
SLOOPY VALUE: 512
TIME: 1.616484
SUM: 57000000
THREADS: 57
COUNT PER THREAD: 1000000
SLOOPY VALUE: 512
TIME: 1.612025
SUM: 57000000
THREADS: 57
COUNT PER THREAD: 1000000
SLOOPY VALUE: 512
TIME: 1.571604
SUM: 57000000
THREADS: 57
COUNT PER THREAD: 1000000
SLOOPY VALUE: 512
TIME: 1.474625
SUM: 57000000
THREADS: 57
COUNT PER THREAD: 1000000
SLOOPY VALUE: 512
TIME: 1.576678
SUM: 57000000
THREADS: 57
COUNT PER THREAD: 1000000
SLOOPY VALUE: 512
TIME: 1.466643
SUM: 57000000
THREADS: 57
COUNT PER THREAD: 1000000
SLOOPY VALUE: 512
TIME: 1.497075
SUM: 57000000
THREADS: 58
COUNT PER THREAD: 1000000
SLOOPY VALUE: 512
TIME: 1.522950
SUM: 58000000
THREADS: 58
COUNT PER THREAD: 1000000
SLOOPY VALUE: 512
TIME: 1.539771
SUM: 58000000
THREADS: 58
COUNT PER THREAD: 1000000
SLOOPY VALUE: 512
TIME: 1.566754
SUM: 58000000
THREADS: 58
COUNT PER THREAD: 1000000
SLOOPY VALUE: 512
TIME: 1.547671
SUM: 58000000
THREADS: 58
COUNT PER THREAD: 1000000
SLOOPY VALUE: 512
TIME: 1.565056
SUM: 58000000
THREADS: 58
COUNT PER THREAD: 1000000
SLOOPY VALUE: 512
TIME: 1.524097
SUM: 58000000
THREADS: 58
COUNT PER THREAD: 1000000
SLOOPY VALUE: 512
TIME: 1.606053
SUM: 58000000
THREADS: 58
COUNT PER THREAD: 1000000
SLOOPY VALUE: 512
TIME: 1.546347
SUM: 58000000
THREADS: 58
COUNT PER THREAD: 1000000
SLOOPY VALUE: 512
TIME: 1.529034
SUM: 58000000
THREADS: 58
COUNT PER THREAD: 1000000
SLOOPY VALUE: 512
TIME: 1.595138
SUM: 58000000
THREADS: 59
COUNT PER THREAD: 1000000
SLOOPY VALUE: 512
TIME: 1.678013
SUM: 59000000
THREADS: 59
COUNT PER THREAD: 1000000
SLOOPY VALUE: 512
TIME: 1.633615
SUM: 59000000
THREADS: 59
COUNT PER THREAD: 1000000
SLOOPY VALUE: 512
TIME: 1.620548
SUM: 59000000
THREADS: 59
COUNT PER THREAD: 1000000
SLOOPY VALUE: 512
TIME: 1.695515
SUM: 59000000
THREADS: 59
COUNT PER THREAD: 1000000
SLOOPY VALUE: 512
TIME: 1.687792
SUM: 59000000
THREADS: 59
COUNT PER THREAD: 1000000
SLOOPY VALUE: 512
TIME: 1.605018
SUM: 59000000
THREADS: 59
COUNT PER THREAD: 1000000
SLOOPY VALUE: 512
TIME: 1.709729
SUM: 59000000
THREADS: 59
COUNT PER THREAD: 1000000
SLOOPY VALUE: 512
TIME: 1.690324
SUM: 59000000
THREADS: 59
COUNT PER THREAD: 1000000
SLOOPY VALUE: 512
TIME: 1.671011
SUM: 59000000
THREADS: 59
COUNT PER THREAD: 1000000
SLOOPY VALUE: 512
TIME: 1.673554
SUM: 59000000
THREADS: 60
COUNT PER THREAD: 1000000
SLOOPY VALUE: 512
TIME: 1.674838
SUM: 60000000
THREADS: 60
COUNT PER THREAD: 1000000
SLOOPY VALUE: 512
TIME: 1.708460
SUM: 60000000
THREADS: 60
COUNT PER THREAD: 1000000
SLOOPY VALUE: 512
TIME: 1.721425
SUM: 60000000
THREADS: 60
COUNT PER THREAD: 1000000
SLOOPY VALUE: 512
TIME: 1.676052
SUM: 60000000
THREADS: 60
COUNT PER THREAD: 1000000
SLOOPY VALUE: 512
TIME: 1.694272
SUM: 60000000
THREADS: 60
COUNT PER THREAD: 1000000
SLOOPY VALUE: 512
TIME: 1.667434
SUM: 60000000
THREADS: 60
COUNT PER THREAD: 1000000
SLOOPY VALUE: 512
TIME: 1.665101
SUM: 60000000
THREADS: 60
COUNT PER THREAD: 1000000
SLOOPY VALUE: 512
TIME: 1.704565
SUM: 60000000
THREADS: 60
COUNT PER THREAD: 1000000
SLOOPY VALUE: 512
TIME: 1.664878
SUM: 60000000
THREADS: 60
COUNT PER THREAD: 1000000
SLOOPY VALUE: 512
TIME: 1.652441
SUM: 60000000
THREADS: 61
COUNT PER THREAD: 1000000
SLOOPY VALUE: 512
TIME: 1.624678
SUM: 61000000
THREADS: 61
COUNT PER THREAD: 1000000
SLOOPY VALUE: 512
TIME: 1.630726
SUM: 61000000
THREADS: 61
COUNT PER THREAD: 1000000
SLOOPY VALUE: 512
TIME: 1.676071
SUM: 61000000
THREADS: 61
COUNT PER THREAD: 1000000
SLOOPY VALUE: 512
TIME: 1.618205
SUM: 61000000
THREADS: 61
COUNT PER THREAD: 1000000
SLOOPY VALUE: 512
TIME: 1.632537
SUM: 61000000
THREADS: 61
COUNT PER THREAD: 1000000
SLOOPY VALUE: 512
TIME: 1.630293
SUM: 61000000
THREADS: 61
COUNT PER THREAD: 1000000
SLOOPY VALUE: 512
TIME: 1.632950
SUM: 61000000
THREADS: 61
COUNT PER THREAD: 1000000
SLOOPY VALUE: 512
TIME: 1.644205
SUM: 61000000
THREADS: 61
COUNT PER THREAD: 1000000
SLOOPY VALUE: 512
TIME: 1.687705
SUM: 61000000
THREADS: 61
COUNT PER THREAD: 1000000
SLOOPY VALUE: 512
TIME: 1.729271
SUM: 61000000
THREADS: 62
COUNT PER THREAD: 1000000
SLOOPY VALUE: 512
TIME: 1.600832
SUM: 62000000
THREADS: 62
COUNT PER THREAD: 1000000
SLOOPY VALUE: 512
TIME: 1.586411
SUM: 62000000
THREADS: 62
COUNT PER THREAD: 1000000
SLOOPY VALUE: 512
TIME: 1.591959
SUM: 62000000
THREADS: 62
COUNT PER THREAD: 1000000
SLOOPY VALUE: 512
TIME: 1.578368
SUM: 62000000
THREADS: 62
COUNT PER THREAD: 1000000
SLOOPY VALUE: 512
TIME: 1.609322
SUM: 62000000
THREADS: 62
COUNT PER THREAD: 1000000
SLOOPY VALUE: 512
TIME: 1.598220
SUM: 62000000
THREADS: 62
COUNT PER THREAD: 1000000
SLOOPY VALUE: 512
TIME: 1.585368
SUM: 62000000
THREADS: 62
COUNT PER THREAD: 1000000
SLOOPY VALUE: 512
TIME: 1.598452
SUM: 62000000
THREADS: 62
COUNT PER THREAD: 1000000
SLOOPY VALUE: 512
TIME: 1.580680
SUM: 62000000
THREADS: 62
COUNT PER THREAD: 1000000
SLOOPY VALUE: 512
TIME: 1.607521
SUM: 62000000
THREADS: 63
COUNT PER THREAD: 1000000
SLOOPY VALUE: 512
TIME: 1.677332
SUM: 63000000
THREADS: 63
COUNT PER THREAD: 1000000
SLOOPY VALUE: 512
TIME: 1.640508
SUM: 63000000
THREADS: 63
COUNT PER THREAD: 1000000
SLOOPY VALUE: 512
TIME: 1.631263
SUM: 63000000
THREADS: 63
COUNT PER THREAD: 1000000
SLOOPY VALUE: 512
TIME: 1.625263
SUM: 63000000
THREADS: 63
COUNT PER THREAD: 1000000
SLOOPY VALUE: 512
TIME: 1.713514
SUM: 63000000
THREADS: 63
COUNT PER THREAD: 1000000
SLOOPY VALUE: 512
TIME: 1.728085
SUM: 63000000
THREADS: 63
COUNT PER THREAD: 1000000
SLOOPY VALUE: 512
TIME: 1.739113
SUM: 63000000
THREADS: 63
COUNT PER THREAD: 1000000
SLOOPY VALUE: 512
TIME: 1.734598
SUM: 63000000
THREADS: 63
COUNT PER THREAD: 1000000
SLOOPY VALUE: 512
TIME: 1.691765
SUM: 63000000
THREADS: 63
COUNT PER THREAD: 1000000
SLOOPY VALUE: 512
TIME: 1.676249
SUM: 63000000
THREADS: 64
COUNT PER THREAD: 1000000
SLOOPY VALUE: 512
TIME: 1.896423
SUM: 64000000
THREADS: 64
COUNT PER THREAD: 1000000
SLOOPY VALUE: 512
TIME: 1.813596
SUM: 64000000
THREADS: 64
COUNT PER THREAD: 1000000
SLOOPY VALUE: 512
TIME: 1.822767
SUM: 64000000
THREADS: 64
COUNT PER THREAD: 1000000
SLOOPY VALUE: 512
TIME: 1.727351
SUM: 64000000
THREADS: 64
COUNT PER THREAD: 1000000
SLOOPY VALUE: 512
TIME: 1.795286
SUM: 64000000
THREADS: 64
COUNT PER THREAD: 1000000
SLOOPY VALUE: 512
TIME: 1.757513
SUM: 64000000
THREADS: 64
COUNT PER THREAD: 1000000
SLOOPY VALUE: 512
TIME: 1.761198
SUM: 64000000
THREADS: 64
COUNT PER THREAD: 1000000
SLOOPY VALUE: 512
TIME: 1.785093
SUM: 64000000
THREADS: 64
COUNT PER THREAD: 1000000
SLOOPY VALUE: 512
TIME: 1.750687
SUM: 64000000
THREADS: 64
COUNT PER THREAD: 1000000
SLOOPY VALUE: 512
TIME: 1.701659
SUM: 64000000
THREADS: 65
COUNT PER THREAD: 1000000
SLOOPY VALUE: 512
TIME: 1.804428
SUM: 65000000
THREADS: 65
COUNT PER THREAD: 1000000
SLOOPY VALUE: 512
TIME: 1.769096
SUM: 65000000
THREADS: 65
COUNT PER THREAD: 1000000
SLOOPY VALUE: 512
TIME: 1.745355
SUM: 65000000
THREADS: 65
COUNT PER THREAD: 1000000
SLOOPY VALUE: 512
TIME: 1.761763
SUM: 65000000
THREADS: 65
COUNT PER THREAD: 1000000
SLOOPY VALUE: 512
TIME: 1.786953
SUM: 65000000
THREADS: 65
COUNT PER THREAD: 1000000
SLOOPY VALUE: 512
TIME: 1.694450
SUM: 65000000
THREADS: 65
COUNT PER THREAD: 1000000
SLOOPY VALUE: 512
TIME: 1.736734
SUM: 65000000
THREADS: 65
COUNT PER THREAD: 1000000
SLOOPY VALUE: 512
TIME: 1.676596
SUM: 65000000
THREADS: 65
COUNT PER THREAD: 1000000
SLOOPY VALUE: 512
TIME: 1.728739
SUM: 65000000
THREADS: 65
COUNT PER THREAD: 1000000
SLOOPY VALUE: 512
TIME: 1.713449
SUM: 65000000
THREADS: 66
COUNT PER THREAD: 1000000
SLOOPY VALUE: 512
TIME: 1.695058
SUM: 66000000
THREADS: 66
COUNT PER THREAD: 1000000
SLOOPY VALUE: 512
TIME: 1.697843
SUM: 66000000
THREADS: 66
COUNT PER THREAD: 1000000
SLOOPY VALUE: 512
TIME: 1.754637
SUM: 66000000
THREADS: 66
COUNT PER THREAD: 1000000
SLOOPY VALUE: 512
TIME: 1.805016
SUM: 66000000
THREADS: 66
COUNT PER THREAD: 1000000
SLOOPY VALUE: 512
TIME: 1.786952
SUM: 66000000
THREADS: 66
COUNT PER THREAD: 1000000
SLOOPY VALUE: 512
TIME: 1.818862
SUM: 66000000
THREADS: 66
COUNT PER THREAD: 1000000
SLOOPY VALUE: 512
TIME: 1.737403
SUM: 66000000
THREADS: 66
COUNT PER THREAD: 1000000
SLOOPY VALUE: 512
TIME: 1.816602
SUM: 66000000
THREADS: 66
COUNT PER THREAD: 1000000
SLOOPY VALUE: 512
TIME: 1.798210
SUM: 66000000
THREADS: 66
COUNT PER THREAD: 1000000
SLOOPY VALUE: 512
TIME: 1.904910
SUM: 66000000
THREADS: 67
COUNT PER THREAD: 1000000
SLOOPY VALUE: 512
TIME: 1.767214
SUM: 67000000
THREADS: 67
COUNT PER THREAD: 1000000
SLOOPY VALUE: 512
TIME: 1.653821
SUM: 67000000
THREADS: 67
COUNT PER THREAD: 1000000
SLOOPY VALUE: 512
TIME: 1.583854
SUM: 67000000
THREADS: 67
COUNT PER THREAD: 1000000
SLOOPY VALUE: 512
TIME: 1.611972
SUM: 67000000
THREADS: 67
COUNT PER THREAD: 1000000
SLOOPY VALUE: 512
TIME: 1.681046
SUM: 67000000
THREADS: 67
COUNT PER THREAD: 1000000
SLOOPY VALUE: 512
TIME: 1.768353
SUM: 67000000
THREADS: 67
COUNT PER THREAD: 1000000
SLOOPY VALUE: 512
TIME: 1.864355
SUM: 67000000
THREADS: 67
COUNT PER THREAD: 1000000
SLOOPY VALUE: 512
TIME: 1.776707
SUM: 67000000
THREADS: 67
COUNT PER THREAD: 1000000
SLOOPY VALUE: 512
TIME: 1.869947
SUM: 67000000
THREADS: 67
COUNT PER THREAD: 1000000
SLOOPY VALUE: 512
TIME: 1.666029
SUM: 67000000
THREADS: 68
COUNT PER THREAD: 1000000
SLOOPY VALUE: 512
TIME: 1.621243
SUM: 68000000
THREADS: 68
COUNT PER THREAD: 1000000
SLOOPY VALUE: 512
TIME: 1.609023
SUM: 68000000
THREADS: 68
COUNT PER THREAD: 1000000
SLOOPY VALUE: 512
TIME: 1.600962
SUM: 68000000
THREADS: 68
COUNT PER THREAD: 1000000
SLOOPY VALUE: 512
TIME: 1.629825
SUM: 68000000
THREADS: 68
COUNT PER THREAD: 1000000
SLOOPY VALUE: 512
TIME: 1.617673
SUM: 68000000
THREADS: 68
COUNT PER THREAD: 1000000
SLOOPY VALUE: 512
TIME: 1.607803
SUM: 68000000
THREADS: 68
COUNT PER THREAD: 1000000
SLOOPY VALUE: 512
TIME: 1.608610
SUM: 68000000
THREADS: 68
COUNT PER THREAD: 1000000
SLOOPY VALUE: 512
TIME: 1.622997
SUM: 68000000
THREADS: 68
COUNT PER THREAD: 1000000
SLOOPY VALUE: 512
TIME: 1.605567
SUM: 68000000
THREADS: 68
COUNT PER THREAD: 1000000
SLOOPY VALUE: 512
TIME: 1.599560
SUM: 68000000
THREADS: 69
COUNT PER THREAD: 1000000
SLOOPY VALUE: 512
TIME: 1.648742
SUM: 69000000
THREADS: 69
COUNT PER THREAD: 1000000
SLOOPY VALUE: 512
TIME: 1.638734
SUM: 69000000
THREADS: 69
COUNT PER THREAD: 1000000
SLOOPY VALUE: 512
TIME: 1.631674
SUM: 69000000
THREADS: 69
COUNT PER THREAD: 1000000
SLOOPY VALUE: 512
TIME: 1.633810
SUM: 69000000
THREADS: 69
COUNT PER THREAD: 1000000
SLOOPY VALUE: 512
TIME: 1.683640
SUM: 69000000
THREADS: 69
COUNT PER THREAD: 1000000
SLOOPY VALUE: 512
TIME: 1.641862
SUM: 69000000
THREADS: 69
COUNT PER THREAD: 1000000
SLOOPY VALUE: 512
TIME: 1.629908
SUM: 69000000
THREADS: 69
COUNT PER THREAD: 1000000
SLOOPY VALUE: 512
TIME: 1.624478
SUM: 69000000
THREADS: 69
COUNT PER THREAD: 1000000
SLOOPY VALUE: 512
TIME: 1.650174
SUM: 69000000
THREADS: 69
COUNT PER THREAD: 1000000
SLOOPY VALUE: 512
TIME: 1.633981
SUM: 69000000
THREADS: 70
COUNT PER THREAD: 1000000
SLOOPY VALUE: 512
TIME: 1.661290
SUM: 70000000
THREADS: 70
COUNT PER THREAD: 1000000
SLOOPY VALUE: 512
TIME: 1.659020
SUM: 70000000
THREADS: 70
COUNT PER THREAD: 1000000
SLOOPY VALUE: 512
TIME: 1.644384
SUM: 70000000
THREADS: 70
COUNT PER THREAD: 1000000
SLOOPY VALUE: 512
TIME: 1.649878
SUM: 70000000
THREADS: 70
COUNT PER THREAD: 1000000
SLOOPY VALUE: 512
TIME: 1.643255
SUM: 70000000
THREADS: 70
COUNT PER THREAD: 1000000
SLOOPY VALUE: 512
TIME: 1.651856
SUM: 70000000
THREADS: 70
COUNT PER THREAD: 1000000
SLOOPY VALUE: 512
TIME: 1.662554
SUM: 70000000
THREADS: 70
COUNT PER THREAD: 1000000
SLOOPY VALUE: 512
TIME: 1.655010
SUM: 70000000
THREADS: 70
COUNT PER THREAD: 1000000
SLOOPY VALUE: 512
TIME: 1.648075
SUM: 70000000
THREADS: 70
COUNT PER THREAD: 1000000
SLOOPY VALUE: 512
TIME: 1.663093
SUM: 70000000
THREADS: 71
COUNT PER THREAD: 1000000
SLOOPY VALUE: 512
TIME: 1.658232
SUM: 71000000
THREADS: 71
COUNT PER THREAD: 1000000
SLOOPY VALUE: 512
TIME: 1.674957
SUM: 71000000
THREADS: 71
COUNT PER THREAD: 1000000
SLOOPY VALUE: 512
TIME: 1.673965
SUM: 71000000
THREADS: 71
COUNT PER THREAD: 1000000
SLOOPY VALUE: 512
TIME: 1.671782
SUM: 71000000
THREADS: 71
COUNT PER THREAD: 1000000
SLOOPY VALUE: 512
TIME: 1.663114
SUM: 71000000
THREADS: 71
COUNT PER THREAD: 1000000
SLOOPY VALUE: 512
TIME: 1.655029
SUM: 71000000
THREADS: 71
COUNT PER THREAD: 1000000
SLOOPY VALUE: 512
TIME: 1.721759
SUM: 71000000
THREADS: 71
COUNT PER THREAD: 1000000
SLOOPY VALUE: 512
TIME: 3.718587
SUM: 71000000
THREADS: 71
COUNT PER THREAD: 1000000
SLOOPY VALUE: 512
TIME: 1.849271
SUM: 71000000
THREADS: 71
COUNT PER THREAD: 1000000
SLOOPY VALUE: 512
TIME: 1.864963
SUM: 71000000
THREADS: 72
COUNT PER THREAD: 1000000
SLOOPY VALUE: 512
TIME: 2.008114
SUM: 72000000
THREADS: 72
COUNT PER THREAD: 1000000
SLOOPY VALUE: 512
TIME: 2.031978
SUM: 72000000
THREADS: 72
COUNT PER THREAD: 1000000
SLOOPY VALUE: 512
TIME: 1.975389
SUM: 72000000
THREADS: 72
COUNT PER THREAD: 1000000
SLOOPY VALUE: 512
TIME: 1.979666
SUM: 72000000
THREADS: 72
COUNT PER THREAD: 1000000
SLOOPY VALUE: 512
TIME: 1.945033
SUM: 72000000
THREADS: 72
COUNT PER THREAD: 1000000
SLOOPY VALUE: 512
TIME: 1.996491
SUM: 72000000
THREADS: 72
COUNT PER THREAD: 1000000
SLOOPY VALUE: 512
TIME: 1.955199
SUM: 72000000
THREADS: 72
COUNT PER THREAD: 1000000
SLOOPY VALUE: 512
TIME: 1.923478
SUM: 72000000
THREADS: 72
COUNT PER THREAD: 1000000
SLOOPY VALUE: 512
TIME: 1.928912
SUM: 72000000
THREADS: 72
COUNT PER THREAD: 1000000
SLOOPY VALUE: 512
TIME: 1.927762
SUM: 72000000
THREADS: 73
COUNT PER THREAD: 1000000
SLOOPY VALUE: 512
TIME: 2.004662
SUM: 73000000
THREADS: 73
COUNT PER THREAD: 1000000
SLOOPY VALUE: 512
TIME: 1.960066
SUM: 73000000
THREADS: 73
COUNT PER THREAD: 1000000
SLOOPY VALUE: 512
TIME: 1.962896
SUM: 73000000
THREADS: 73
COUNT PER THREAD: 1000000
SLOOPY VALUE: 512
TIME: 2.003717
SUM: 73000000
THREADS: 73
COUNT PER THREAD: 1000000
SLOOPY VALUE: 512
TIME: 2.010951
SUM: 73000000
THREADS: 73
COUNT PER THREAD: 1000000
SLOOPY VALUE: 512
TIME: 2.021781
SUM: 73000000
THREADS: 73
COUNT PER THREAD: 1000000
SLOOPY VALUE: 512
TIME: 2.005852
SUM: 73000000
THREADS: 73
COUNT PER THREAD: 1000000
SLOOPY VALUE: 512
TIME: 1.983057
SUM: 73000000
THREADS: 73
COUNT PER THREAD: 1000000
SLOOPY VALUE: 512
TIME: 1.928566
SUM: 73000000
THREADS: 73
COUNT PER THREAD: 1000000
SLOOPY VALUE: 512
TIME: 1.935502
SUM: 73000000
THREADS: 74
COUNT PER THREAD: 1000000
SLOOPY VALUE: 512
TIME: 2.011773
SUM: 74000000
THREADS: 74
COUNT PER THREAD: 1000000
SLOOPY VALUE: 512
TIME: 2.153609
SUM: 74000000
THREADS: 74
COUNT PER THREAD: 1000000
SLOOPY VALUE: 512
TIME: 2.060730
SUM: 74000000
THREADS: 74
COUNT PER THREAD: 1000000
SLOOPY VALUE: 512
TIME: 2.026155
SUM: 74000000
THREADS: 74
COUNT PER THREAD: 1000000
SLOOPY VALUE: 512
TIME: 1.958221
SUM: 74000000
THREADS: 74
COUNT PER THREAD: 1000000
SLOOPY VALUE: 512
TIME: 1.991868
SUM: 74000000
THREADS: 74
COUNT PER THREAD: 1000000
SLOOPY VALUE: 512
TIME: 2.048963
SUM: 74000000
THREADS: 74
COUNT PER THREAD: 1000000
SLOOPY VALUE: 512
TIME: 1.985536
SUM: 74000000
THREADS: 74
COUNT PER THREAD: 1000000
SLOOPY VALUE: 512
TIME: 2.014065
SUM: 74000000
THREADS: 74
COUNT PER THREAD: 1000000
SLOOPY VALUE: 512
TIME: 2.705547
SUM: 74000000
THREADS: 75
COUNT PER THREAD: 1000000
SLOOPY VALUE: 512
TIME: 1.840371
SUM: 75000000
THREADS: 75
COUNT PER THREAD: 1000000
SLOOPY VALUE: 512
TIME: 1.795132
SUM: 75000000
THREADS: 75
COUNT PER THREAD: 1000000
SLOOPY VALUE: 512
TIME: 1.855157
SUM: 75000000
THREADS: 75
COUNT PER THREAD: 1000000
SLOOPY VALUE: 512
TIME: 1.800435
SUM: 75000000
THREADS: 75
COUNT PER THREAD: 1000000
SLOOPY VALUE: 512
TIME: 1.794435
SUM: 75000000
THREADS: 75
COUNT PER THREAD: 1000000
SLOOPY VALUE: 512
TIME: 1.785630
SUM: 75000000
THREADS: 75
COUNT PER THREAD: 1000000
SLOOPY VALUE: 512
TIME: 1.788019
SUM: 75000000
THREADS: 75
COUNT PER THREAD: 1000000
SLOOPY VALUE: 512
TIME: 1.787784
SUM: 75000000
THREADS: 75
COUNT PER THREAD: 1000000
SLOOPY VALUE: 512
TIME: 1.789377
SUM: 75000000
THREADS: 75
COUNT PER THREAD: 1000000
SLOOPY VALUE: 512
TIME: 1.797357
SUM: 75000000
THREADS: 76
COUNT PER THREAD: 1000000
SLOOPY VALUE: 512
TIME: 1.922508
SUM: 76000000
THREADS: 76
COUNT PER THREAD: 1000000
SLOOPY VALUE: 512
TIME: 1.819019
SUM: 76000000
THREADS: 76
COUNT PER THREAD: 1000000
SLOOPY VALUE: 512
TIME: 1.802887
SUM: 76000000
THREADS: 76
COUNT PER THREAD: 1000000
SLOOPY VALUE: 512
TIME: 1.821728
SUM: 76000000
THREADS: 76
COUNT PER THREAD: 1000000
SLOOPY VALUE: 512
TIME: 1.827848
SUM: 76000000
THREADS: 76
COUNT PER THREAD: 1000000
SLOOPY VALUE: 512
TIME: 1.877827
SUM: 76000000
THREADS: 76
COUNT PER THREAD: 1000000
SLOOPY VALUE: 512
TIME: 1.836970
SUM: 76000000
THREADS: 76
COUNT PER THREAD: 1000000
SLOOPY VALUE: 512
TIME: 1.807336
SUM: 76000000
THREADS: 76
COUNT PER THREAD: 1000000
SLOOPY VALUE: 512
TIME: 1.810819
SUM: 76000000
THREADS: 76
COUNT PER THREAD: 1000000
SLOOPY VALUE: 512
TIME: 1.803555
SUM: 76000000
THREADS: 77
COUNT PER THREAD: 1000000
SLOOPY VALUE: 512
TIME: 1.880947
SUM: 77000000
THREADS: 77
COUNT PER THREAD: 1000000
SLOOPY VALUE: 512
TIME: 1.889391
SUM: 77000000
THREADS: 77
COUNT PER THREAD: 1000000
SLOOPY VALUE: 512
TIME: 1.853627
SUM: 77000000
THREADS: 77
COUNT PER THREAD: 1000000
SLOOPY VALUE: 512
TIME: 1.900368
SUM: 77000000
THREADS: 77
COUNT PER THREAD: 1000000
SLOOPY VALUE: 512
TIME: 2.096202
SUM: 77000000
THREADS: 77
COUNT PER THREAD: 1000000
SLOOPY VALUE: 512
TIME: 2.051358
SUM: 77000000
THREADS: 77
COUNT PER THREAD: 1000000
SLOOPY VALUE: 512
TIME: 1.972940
SUM: 77000000
THREADS: 77
COUNT PER THREAD: 1000000
SLOOPY VALUE: 512
TIME: 1.912175
SUM: 77000000
THREADS: 77
COUNT PER THREAD: 1000000
SLOOPY VALUE: 512
TIME: 1.919047
SUM: 77000000
THREADS: 77
COUNT PER THREAD: 1000000
SLOOPY VALUE: 512
TIME: 1.904469
SUM: 77000000
THREADS: 78
COUNT PER THREAD: 1000000
SLOOPY VALUE: 512
TIME: 1.912614
SUM: 78000000
THREADS: 78
COUNT PER THREAD: 1000000
SLOOPY VALUE: 512
TIME: 1.912784
SUM: 78000000
THREADS: 78
COUNT PER THREAD: 1000000
SLOOPY VALUE: 512
TIME: 1.917972
SUM: 78000000
THREADS: 78
COUNT PER THREAD: 1000000
SLOOPY VALUE: 512
TIME: 2.011523
SUM: 78000000
THREADS: 78
COUNT PER THREAD: 1000000
SLOOPY VALUE: 512
TIME: 2.050319
SUM: 78000000
THREADS: 78
COUNT PER THREAD: 1000000
SLOOPY VALUE: 512
TIME: 1.843252
SUM: 78000000
THREADS: 78
COUNT PER THREAD: 1000000
SLOOPY VALUE: 512
TIME: 1.993043
SUM: 78000000
THREADS: 78
COUNT PER THREAD: 1000000
SLOOPY VALUE: 512
TIME: 2.213738
SUM: 78000000
THREADS: 78
COUNT PER THREAD: 1000000
SLOOPY VALUE: 512
TIME: 2.180394
SUM: 78000000
THREADS: 78
COUNT PER THREAD: 1000000
SLOOPY VALUE: 512
TIME: 2.046082
SUM: 78000000
THREADS: 79
COUNT PER THREAD: 1000000
SLOOPY VALUE: 512
TIME: 2.249268
SUM: 79000000
THREADS: 79
COUNT PER THREAD: 1000000
SLOOPY VALUE: 512
TIME: 2.542375
SUM: 79000000
THREADS: 79
COUNT PER THREAD: 1000000
SLOOPY VALUE: 512
TIME: 2.124713
SUM: 79000000
THREADS: 79
COUNT PER THREAD: 1000000
SLOOPY VALUE: 512
TIME: 2.472124
SUM: 79000000
THREADS: 79
COUNT PER THREAD: 1000000
SLOOPY VALUE: 512
TIME: 2.734392
SUM: 79000000
THREADS: 79
COUNT PER THREAD: 1000000
SLOOPY VALUE: 512
TIME: 2.224527
SUM: 79000000
THREADS: 79
COUNT PER THREAD: 1000000
SLOOPY VALUE: 512
TIME: 2.533441
SUM: 79000000
THREADS: 79
COUNT PER THREAD: 1000000
SLOOPY VALUE: 512
TIME: 2.296915
SUM: 79000000
THREADS: 79
COUNT PER THREAD: 1000000
SLOOPY VALUE: 512
TIME: 1.945780
SUM: 79000000
THREADS: 79
COUNT PER THREAD: 1000000
SLOOPY VALUE: 512
TIME: 2.112373
SUM: 79000000
THREADS: 80
COUNT PER THREAD: 1000000
SLOOPY VALUE: 512
TIME: 2.129445
SUM: 80000000
THREADS: 80
COUNT PER THREAD: 1000000
SLOOPY VALUE: 512
TIME: 2.051179
SUM: 80000000
THREADS: 80
COUNT PER THREAD: 1000000
SLOOPY VALUE: 512
TIME: 2.178613
SUM: 80000000
THREADS: 80
COUNT PER THREAD: 1000000
SLOOPY VALUE: 512
TIME: 2.113218
SUM: 80000000
THREADS: 80
COUNT PER THREAD: 1000000
SLOOPY VALUE: 512
TIME: 2.155780
SUM: 80000000
THREADS: 80
COUNT PER THREAD: 1000000
SLOOPY VALUE: 512
TIME: 2.124692
SUM: 80000000
THREADS: 80
COUNT PER THREAD: 1000000
SLOOPY VALUE: 512
TIME: 2.205159
SUM: 80000000
THREADS: 80
COUNT PER THREAD: 1000000
SLOOPY VALUE: 512
TIME: 2.166006
SUM: 80000000
THREADS: 80
COUNT PER THREAD: 1000000
SLOOPY VALUE: 512
TIME: 2.113329
SUM: 80000000
THREADS: 80
COUNT PER THREAD: 1000000
SLOOPY VALUE: 512
TIME: 2.217920
SUM: 80000000
THREADS: 81
COUNT PER THREAD: 1000000
SLOOPY VALUE: 512
TIME: 2.117660
SUM: 81000000
THREADS: 81
COUNT PER THREAD: 1000000
SLOOPY VALUE: 512
TIME: 2.086094
SUM: 81000000
THREADS: 81
COUNT PER THREAD: 1000000
SLOOPY VALUE: 512
TIME: 2.054793
SUM: 81000000
THREADS: 81
COUNT PER THREAD: 1000000
SLOOPY VALUE: 512
TIME: 2.038115
SUM: 81000000
THREADS: 81
COUNT PER THREAD: 1000000
SLOOPY VALUE: 512
TIME: 2.077771
SUM: 81000000
THREADS: 81
COUNT PER THREAD: 1000000
SLOOPY VALUE: 512
TIME: 2.018858
SUM: 81000000
THREADS: 81
COUNT PER THREAD: 1000000
SLOOPY VALUE: 512
TIME: 2.003738
SUM: 81000000
THREADS: 81
COUNT PER THREAD: 1000000
SLOOPY VALUE: 512
TIME: 2.008615
SUM: 81000000
THREADS: 81
COUNT PER THREAD: 1000000
SLOOPY VALUE: 512
TIME: 2.103213
SUM: 81000000
THREADS: 81
COUNT PER THREAD: 1000000
SLOOPY VALUE: 512
TIME: 2.126428
SUM: 81000000
THREADS: 82
COUNT PER THREAD: 1000000
SLOOPY VALUE: 512
TIME: 2.229694
SUM: 82000000
THREADS: 82
COUNT PER THREAD: 1000000
SLOOPY VALUE: 512
TIME: 2.315305
SUM: 82000000
THREADS: 82
COUNT PER THREAD: 1000000
SLOOPY VALUE: 512
TIME: 2.187807
SUM: 82000000
THREADS: 82
COUNT PER THREAD: 1000000
SLOOPY VALUE: 512
TIME: 2.282840
SUM: 82000000
THREADS: 82
COUNT PER THREAD: 1000000
SLOOPY VALUE: 512
TIME: 2.310342
SUM: 82000000
THREADS: 82
COUNT PER THREAD: 1000000
SLOOPY VALUE: 512
TIME: 2.196239
SUM: 82000000
THREADS: 82
COUNT PER THREAD: 1000000
SLOOPY VALUE: 512
TIME: 2.208677
SUM: 82000000
THREADS: 82
COUNT PER THREAD: 1000000
SLOOPY VALUE: 512
TIME: 2.242834
SUM: 82000000
THREADS: 82
COUNT PER THREAD: 1000000
SLOOPY VALUE: 512
TIME: 2.310655
SUM: 82000000
THREADS: 82
COUNT PER THREAD: 1000000
SLOOPY VALUE: 512
TIME: 2.285474
SUM: 82000000
THREADS: 83
COUNT PER THREAD: 1000000
SLOOPY VALUE: 512
TIME: 2.056532
SUM: 83000000
THREADS: 83
COUNT PER THREAD: 1000000
SLOOPY VALUE: 512
TIME: 2.055287
SUM: 83000000
THREADS: 83
COUNT PER THREAD: 1000000
SLOOPY VALUE: 512
TIME: 2.033784
SUM: 83000000
THREADS: 83
COUNT PER THREAD: 1000000
SLOOPY VALUE: 512
TIME: 2.070513
SUM: 83000000
THREADS: 83
COUNT PER THREAD: 1000000
SLOOPY VALUE: 512
TIME: 2.138760
SUM: 83000000
THREADS: 83
COUNT PER THREAD: 1000000
SLOOPY VALUE: 512
TIME: 2.144638
SUM: 83000000
THREADS: 83
COUNT PER THREAD: 1000000
SLOOPY VALUE: 512
TIME: 2.186034
SUM: 83000000
THREADS: 83
COUNT PER THREAD: 1000000
SLOOPY VALUE: 512
TIME: 2.066890
SUM: 83000000
THREADS: 83
COUNT PER THREAD: 1000000
SLOOPY VALUE: 512
TIME: 2.101435
SUM: 83000000
THREADS: 83
COUNT PER THREAD: 1000000
SLOOPY VALUE: 512
TIME: 2.076823
SUM: 83000000
THREADS: 84
COUNT PER THREAD: 1000000
SLOOPY VALUE: 512
TIME: 2.264817
SUM: 84000000
THREADS: 84
COUNT PER THREAD: 1000000
SLOOPY VALUE: 512
TIME: 2.348544
SUM: 84000000
THREADS: 84
COUNT PER THREAD: 1000000
SLOOPY VALUE: 512
TIME: 2.094589
SUM: 84000000
THREADS: 84
COUNT PER THREAD: 1000000
SLOOPY VALUE: 512
TIME: 2.056077
SUM: 84000000
THREADS: 84
COUNT PER THREAD: 1000000
SLOOPY VALUE: 512
TIME: 2.096382
SUM: 84000000
THREADS: 84
COUNT PER THREAD: 1000000
SLOOPY VALUE: 512
TIME: 2.084779
SUM: 84000000
THREADS: 84
COUNT PER THREAD: 1000000
SLOOPY VALUE: 512
TIME: 2.094356
SUM: 84000000
THREADS: 84
COUNT PER THREAD: 1000000
SLOOPY VALUE: 512
TIME: 2.262068
SUM: 84000000
THREADS: 84
COUNT PER THREAD: 1000000
SLOOPY VALUE: 512
TIME: 2.171901
SUM: 84000000
THREADS: 84
COUNT PER THREAD: 1000000
SLOOPY VALUE: 512
TIME: 2.100363
SUM: 84000000
THREADS: 85
COUNT PER THREAD: 1000000
SLOOPY VALUE: 512
TIME: 2.102754
SUM: 85000000
THREADS: 85
COUNT PER THREAD: 1000000
SLOOPY VALUE: 512
TIME: 2.129547
SUM: 85000000
THREADS: 85
COUNT PER THREAD: 1000000
SLOOPY VALUE: 512
TIME: 2.110728
SUM: 85000000
THREADS: 85
COUNT PER THREAD: 1000000
SLOOPY VALUE: 512
TIME: 2.209379
SUM: 85000000
THREADS: 85
COUNT PER THREAD: 1000000
SLOOPY VALUE: 512
TIME: 2.223091
SUM: 85000000
THREADS: 85
COUNT PER THREAD: 1000000
SLOOPY VALUE: 512
TIME: 2.243602
SUM: 85000000
THREADS: 85
COUNT PER THREAD: 1000000
SLOOPY VALUE: 512
TIME: 2.191340
SUM: 85000000
THREADS: 85
COUNT PER THREAD: 1000000
SLOOPY VALUE: 512
TIME: 2.191921
SUM: 85000000
THREADS: 85
COUNT PER THREAD: 1000000
SLOOPY VALUE: 512
TIME: 2.148501
SUM: 85000000
THREADS: 85
COUNT PER THREAD: 1000000
SLOOPY VALUE: 512
TIME: 2.114050
SUM: 85000000
THREADS: 86
COUNT PER THREAD: 1000000
SLOOPY VALUE: 512
TIME: 2.041486
SUM: 86000000
THREADS: 86
COUNT PER THREAD: 1000000
SLOOPY VALUE: 512
TIME: 2.070641
SUM: 86000000
THREADS: 86
COUNT PER THREAD: 1000000
SLOOPY VALUE: 512
TIME: 2.057745
SUM: 86000000
THREADS: 86
COUNT PER THREAD: 1000000
SLOOPY VALUE: 512
TIME: 2.045131
SUM: 86000000
THREADS: 86
COUNT PER THREAD: 1000000
SLOOPY VALUE: 512
TIME: 2.045353
SUM: 86000000
THREADS: 86
COUNT PER THREAD: 1000000
SLOOPY VALUE: 512
TIME: 2.041865
SUM: 86000000
THREADS: 86
COUNT PER THREAD: 1000000
SLOOPY VALUE: 512
TIME: 2.084116
SUM: 86000000
THREADS: 86
COUNT PER THREAD: 1000000
SLOOPY VALUE: 512
TIME: 2.058511
SUM: 86000000
THREADS: 86
COUNT PER THREAD: 1000000
SLOOPY VALUE: 512
TIME: 2.053142
SUM: 86000000
THREADS: 86
COUNT PER THREAD: 1000000
SLOOPY VALUE: 512
TIME: 2.035301
SUM: 86000000
THREADS: 87
COUNT PER THREAD: 1000000
SLOOPY VALUE: 512
TIME: 4.120948
SUM: 87000000
THREADS: 87
COUNT PER THREAD: 1000000
SLOOPY VALUE: 512
TIME: 2.512938
SUM: 87000000
THREADS: 87
COUNT PER THREAD: 1000000
SLOOPY VALUE: 512
TIME: 2.526257
SUM: 87000000
THREADS: 87
COUNT PER THREAD: 1000000
SLOOPY VALUE: 512
TIME: 3.427157
SUM: 87000000
THREADS: 87
COUNT PER THREAD: 1000000
SLOOPY VALUE: 512
TIME: 2.663053
SUM: 87000000
THREADS: 87
COUNT PER THREAD: 1000000
SLOOPY VALUE: 512
TIME: 2.486702
SUM: 87000000
THREADS: 87
COUNT PER THREAD: 1000000
SLOOPY VALUE: 512
TIME: 2.349051
SUM: 87000000
THREADS: 87
COUNT PER THREAD: 1000000
SLOOPY VALUE: 512
TIME: 2.212442
SUM: 87000000
THREADS: 87
COUNT PER THREAD: 1000000
SLOOPY VALUE: 512
TIME: 2.100354
SUM: 87000000
THREADS: 87
COUNT PER THREAD: 1000000
SLOOPY VALUE: 512
TIME: 2.057411
SUM: 87000000
THREADS: 88
COUNT PER THREAD: 1000000
SLOOPY VALUE: 512
TIME: 2.252809
SUM: 88000000
THREADS: 88
COUNT PER THREAD: 1000000
SLOOPY VALUE: 512
TIME: 2.064769
SUM: 88000000
THREADS: 88
COUNT PER THREAD: 1000000
SLOOPY VALUE: 512
TIME: 2.063902
SUM: 88000000
THREADS: 88
COUNT PER THREAD: 1000000
SLOOPY VALUE: 512
TIME: 2.095432
SUM: 88000000
THREADS: 88
COUNT PER THREAD: 1000000
SLOOPY VALUE: 512
TIME: 2.073088
SUM: 88000000
THREADS: 88
COUNT PER THREAD: 1000000
SLOOPY VALUE: 512
TIME: 2.113481
SUM: 88000000
THREADS: 88
COUNT PER THREAD: 1000000
SLOOPY VALUE: 512
TIME: 2.067776
SUM: 88000000
THREADS: 88
COUNT PER THREAD: 1000000
SLOOPY VALUE: 512
TIME: 2.061948
SUM: 88000000
THREADS: 88
COUNT PER THREAD: 1000000
SLOOPY VALUE: 512
TIME: 2.074054
SUM: 88000000
THREADS: 88
COUNT PER THREAD: 1000000
SLOOPY VALUE: 512
TIME: 2.050761
SUM: 88000000
THREADS: 89
COUNT PER THREAD: 1000000
SLOOPY VALUE: 512
TIME: 2.089107
SUM: 89000000
THREADS: 89
COUNT PER THREAD: 1000000
SLOOPY VALUE: 512
TIME: 2.262589
SUM: 89000000
THREADS: 89
COUNT PER THREAD: 1000000
SLOOPY VALUE: 512
TIME: 2.288011
SUM: 89000000
THREADS: 89
COUNT PER THREAD: 1000000
SLOOPY VALUE: 512
TIME: 2.268591
SUM: 89000000
THREADS: 89
COUNT PER THREAD: 1000000
SLOOPY VALUE: 512
TIME: 2.318225
SUM: 89000000
THREADS: 89
COUNT PER THREAD: 1000000
SLOOPY VALUE: 512
TIME: 2.311271
SUM: 89000000
THREADS: 89
COUNT PER THREAD: 1000000
SLOOPY VALUE: 512
TIME: 2.140775
SUM: 89000000
THREADS: 89
COUNT PER THREAD: 1000000
SLOOPY VALUE: 512
TIME: 2.217911
SUM: 89000000
THREADS: 89
COUNT PER THREAD: 1000000
SLOOPY VALUE: 512
TIME: 2.419774
SUM: 89000000
THREADS: 89
COUNT PER THREAD: 1000000
SLOOPY VALUE: 512
TIME: 2.353593
SUM: 89000000
THREADS: 90
COUNT PER THREAD: 1000000
SLOOPY VALUE: 512
TIME: 2.440626
SUM: 90000000
THREADS: 90
COUNT PER THREAD: 1000000
SLOOPY VALUE: 512
TIME: 2.443021
SUM: 90000000
THREADS: 90
COUNT PER THREAD: 1000000
SLOOPY VALUE: 512
TIME: 2.431138
SUM: 90000000
THREADS: 90
COUNT PER THREAD: 1000000
SLOOPY VALUE: 512
TIME: 2.411084
SUM: 90000000
THREADS: 90
COUNT PER THREAD: 1000000
SLOOPY VALUE: 512
TIME: 2.383329
SUM: 90000000
THREADS: 90
COUNT PER THREAD: 1000000
SLOOPY VALUE: 512
TIME: 2.398728
SUM: 90000000
THREADS: 90
COUNT PER THREAD: 1000000
SLOOPY VALUE: 512
TIME: 2.464046
SUM: 90000000
THREADS: 90
COUNT PER THREAD: 1000000
SLOOPY VALUE: 512
TIME: 2.159906
SUM: 90000000
THREADS: 90
COUNT PER THREAD: 1000000
SLOOPY VALUE: 512
TIME: 2.344715
SUM: 90000000
THREADS: 90
COUNT PER THREAD: 1000000
SLOOPY VALUE: 512
TIME: 2.360578
SUM: 90000000
THREADS: 91
COUNT PER THREAD: 1000000
SLOOPY VALUE: 512
TIME: 2.600421
SUM: 91000000
THREADS: 91
COUNT PER THREAD: 1000000
SLOOPY VALUE: 512
TIME: 2.538420
SUM: 91000000
THREADS: 91
COUNT PER THREAD: 1000000
SLOOPY VALUE: 512
TIME: 2.311025
SUM: 91000000
THREADS: 91
COUNT PER THREAD: 1000000
SLOOPY VALUE: 512
TIME: 2.269211
SUM: 91000000
THREADS: 91
COUNT PER THREAD: 1000000
SLOOPY VALUE: 512
TIME: 2.224456
SUM: 91000000
THREADS: 91
COUNT PER THREAD: 1000000
SLOOPY VALUE: 512
TIME: 2.377566
SUM: 91000000
THREADS: 91
COUNT PER THREAD: 1000000
SLOOPY VALUE: 512
TIME: 2.504322
SUM: 91000000
THREADS: 91
COUNT PER THREAD: 1000000
SLOOPY VALUE: 512
TIME: 2.182352
SUM: 91000000
THREADS: 91
COUNT PER THREAD: 1000000
SLOOPY VALUE: 512
TIME: 2.170767
SUM: 91000000
THREADS: 91
COUNT PER THREAD: 1000000
SLOOPY VALUE: 512
TIME: 2.175169
SUM: 91000000
THREADS: 92
COUNT PER THREAD: 1000000
SLOOPY VALUE: 512
TIME: 2.305244
SUM: 92000000
THREADS: 92
COUNT PER THREAD: 1000000
SLOOPY VALUE: 512
TIME: 2.397772
SUM: 92000000
THREADS: 92
COUNT PER THREAD: 1000000
SLOOPY VALUE: 512
TIME: 2.283349
SUM: 92000000
THREADS: 92
COUNT PER THREAD: 1000000
SLOOPY VALUE: 512
TIME: 2.302548
SUM: 92000000
THREADS: 92
COUNT PER THREAD: 1000000
SLOOPY VALUE: 512
TIME: 2.311746
SUM: 92000000
THREADS: 92
COUNT PER THREAD: 1000000
SLOOPY VALUE: 512
TIME: 2.370626
SUM: 92000000
THREADS: 92
COUNT PER THREAD: 1000000
SLOOPY VALUE: 512
TIME: 2.322255
SUM: 92000000
THREADS: 92
COUNT PER THREAD: 1000000
SLOOPY VALUE: 512
TIME: 2.282566
SUM: 92000000
THREADS: 92
COUNT PER THREAD: 1000000
SLOOPY VALUE: 512
TIME: 2.260938
SUM: 92000000
THREADS: 92
COUNT PER THREAD: 1000000
SLOOPY VALUE: 512
TIME: 2.273500
SUM: 92000000
THREADS: 93
COUNT PER THREAD: 1000000
SLOOPY VALUE: 512
TIME: 2.374052
SUM: 93000000
THREADS: 93
COUNT PER THREAD: 1000000
SLOOPY VALUE: 512
TIME: 2.262686
SUM: 93000000
THREADS: 93
COUNT PER THREAD: 1000000
SLOOPY VALUE: 512
TIME: 2.324669
SUM: 93000000
THREADS: 93
COUNT PER THREAD: 1000000
SLOOPY VALUE: 512
TIME: 2.222386
SUM: 93000000
THREADS: 93
COUNT PER THREAD: 1000000
SLOOPY VALUE: 512
TIME: 2.199367
SUM: 93000000
THREADS: 93
COUNT PER THREAD: 1000000
SLOOPY VALUE: 512
TIME: 2.196584
SUM: 93000000
THREADS: 93
COUNT PER THREAD: 1000000
SLOOPY VALUE: 512
TIME: 2.225824
SUM: 93000000
THREADS: 93
COUNT PER THREAD: 1000000
SLOOPY VALUE: 512
TIME: 2.212216
SUM: 93000000
THREADS: 93
COUNT PER THREAD: 1000000
SLOOPY VALUE: 512
TIME: 2.221081
SUM: 93000000
THREADS: 93
COUNT PER THREAD: 1000000
SLOOPY VALUE: 512
TIME: 2.187646
SUM: 93000000
THREADS: 94
COUNT PER THREAD: 1000000
SLOOPY VALUE: 512
TIME: 2.357531
SUM: 94000000
THREADS: 94
COUNT PER THREAD: 1000000
SLOOPY VALUE: 512
TIME: 2.548824
SUM: 94000000
THREADS: 94
COUNT PER THREAD: 1000000
SLOOPY VALUE: 512
TIME: 2.206652
SUM: 94000000
THREADS: 94
COUNT PER THREAD: 1000000
SLOOPY VALUE: 512
TIME: 2.229995
SUM: 94000000
THREADS: 94
COUNT PER THREAD: 1000000
SLOOPY VALUE: 512
TIME: 2.223277
SUM: 94000000
THREADS: 94
COUNT PER THREAD: 1000000
SLOOPY VALUE: 512
TIME: 2.234791
SUM: 94000000
THREADS: 94
COUNT PER THREAD: 1000000
SLOOPY VALUE: 512
TIME: 2.221844
SUM: 94000000
THREADS: 94
COUNT PER THREAD: 1000000
SLOOPY VALUE: 512
TIME: 2.246783
SUM: 94000000
THREADS: 94
COUNT PER THREAD: 1000000
SLOOPY VALUE: 512
TIME: 2.421327
SUM: 94000000
THREADS: 94
COUNT PER THREAD: 1000000
SLOOPY VALUE: 512
TIME: 2.218034
SUM: 94000000
THREADS: 95
COUNT PER THREAD: 1000000
SLOOPY VALUE: 512
TIME: 2.385134
SUM: 95000000
THREADS: 95
COUNT PER THREAD: 1000000
SLOOPY VALUE: 512
TIME: 2.260868
SUM: 95000000
THREADS: 95
COUNT PER THREAD: 1000000
SLOOPY VALUE: 512
TIME: 2.311760
SUM: 95000000
THREADS: 95
COUNT PER THREAD: 1000000
SLOOPY VALUE: 512
TIME: 2.271108
SUM: 95000000
THREADS: 95
COUNT PER THREAD: 1000000
SLOOPY VALUE: 512
TIME: 2.341032
SUM: 95000000
THREADS: 95
COUNT PER THREAD: 1000000
SLOOPY VALUE: 512
TIME: 2.402157
SUM: 95000000
THREADS: 95
COUNT PER THREAD: 1000000
SLOOPY VALUE: 512
TIME: 2.267210
SUM: 95000000
THREADS: 95
COUNT PER THREAD: 1000000
SLOOPY VALUE: 512
TIME: 2.470591
SUM: 95000000
THREADS: 95
COUNT PER THREAD: 1000000
SLOOPY VALUE: 512
TIME: 2.407637
SUM: 95000000
THREADS: 95
COUNT PER THREAD: 1000000
SLOOPY VALUE: 512
TIME: 2.400366
SUM: 95000000
THREADS: 96
COUNT PER THREAD: 1000000
SLOOPY VALUE: 512
TIME: 2.499252
SUM: 96000000
THREADS: 96
COUNT PER THREAD: 1000000
SLOOPY VALUE: 512
TIME: 2.753659
SUM: 96000000
THREADS: 96
COUNT PER THREAD: 1000000
SLOOPY VALUE: 512
TIME: 2.713301
SUM: 96000000
THREADS: 96
COUNT PER THREAD: 1000000
SLOOPY VALUE: 512
TIME: 2.581965
SUM: 96000000
THREADS: 96
COUNT PER THREAD: 1000000
SLOOPY VALUE: 512
TIME: 2.487294
SUM: 96000000
THREADS: 96
COUNT PER THREAD: 1000000
SLOOPY VALUE: 512
TIME: 2.271180
SUM: 96000000
THREADS: 96
COUNT PER THREAD: 1000000
SLOOPY VALUE: 512
TIME: 2.289918
SUM: 96000000
THREADS: 96
COUNT PER THREAD: 1000000
SLOOPY VALUE: 512
TIME: 2.286248
SUM: 96000000
THREADS: 96
COUNT PER THREAD: 1000000
SLOOPY VALUE: 512
TIME: 2.542085
SUM: 96000000
THREADS: 96
COUNT PER THREAD: 1000000
SLOOPY VALUE: 512
TIME: 2.522889
SUM: 96000000
THREADS: 97
COUNT PER THREAD: 1000000
SLOOPY VALUE: 512
TIME: 2.511197
SUM: 97000000
THREADS: 97
COUNT PER THREAD: 1000000
SLOOPY VALUE: 512
TIME: 2.542052
SUM: 97000000
THREADS: 97
COUNT PER THREAD: 1000000
SLOOPY VALUE: 512
TIME: 2.442196
SUM: 97000000
THREADS: 97
COUNT PER THREAD: 1000000
SLOOPY VALUE: 512
TIME: 2.639950
SUM: 97000000
THREADS: 97
COUNT PER THREAD: 1000000
SLOOPY VALUE: 512
TIME: 2.482857
SUM: 97000000
THREADS: 97
COUNT PER THREAD: 1000000
SLOOPY VALUE: 512
TIME: 2.358760
SUM: 97000000
THREADS: 97
COUNT PER THREAD: 1000000
SLOOPY VALUE: 512
TIME: 2.417033
SUM: 97000000
THREADS: 97
COUNT PER THREAD: 1000000
SLOOPY VALUE: 512
TIME: 2.427680
SUM: 97000000
THREADS: 97
COUNT PER THREAD: 1000000
SLOOPY VALUE: 512
TIME: 2.397908
SUM: 97000000
THREADS: 97
COUNT PER THREAD: 1000000
SLOOPY VALUE: 512
TIME: 2.526058
SUM: 97000000
THREADS: 98
COUNT PER THREAD: 1000000
SLOOPY VALUE: 512
TIME: 2.383541
SUM: 98000000
THREADS: 98
COUNT PER THREAD: 1000000
SLOOPY VALUE: 512
TIME: 2.442644
SUM: 98000000
THREADS: 98
COUNT PER THREAD: 1000000
SLOOPY VALUE: 512
TIME: 2.446358
SUM: 98000000
THREADS: 98
COUNT PER THREAD: 1000000
SLOOPY VALUE: 512
TIME: 2.457384
SUM: 98000000
THREADS: 98
COUNT PER THREAD: 1000000
SLOOPY VALUE: 512
TIME: 2.433816
SUM: 98000000
THREADS: 98
COUNT PER THREAD: 1000000
SLOOPY VALUE: 512
TIME: 2.539734
SUM: 98000000
THREADS: 98
COUNT PER THREAD: 1000000
SLOOPY VALUE: 512
TIME: 2.428288
SUM: 98000000
THREADS: 98
COUNT PER THREAD: 1000000
SLOOPY VALUE: 512
TIME: 2.480210
SUM: 98000000
THREADS: 98
COUNT PER THREAD: 1000000
SLOOPY VALUE: 512
TIME: 2.475728
SUM: 98000000
THREADS: 98
COUNT PER THREAD: 1000000
SLOOPY VALUE: 512
TIME: 2.458972
SUM: 98000000
THREADS: 99
COUNT PER THREAD: 1000000
SLOOPY VALUE: 512
TIME: 2.557452
SUM: 99000000
THREADS: 99
COUNT PER THREAD: 1000000
SLOOPY VALUE: 512
TIME: 2.525852
SUM: 99000000
THREADS: 99
COUNT PER THREAD: 1000000
SLOOPY VALUE: 512
TIME: 2.569190
SUM: 99000000
THREADS: 99
COUNT PER THREAD: 1000000
SLOOPY VALUE: 512
TIME: 2.622521
SUM: 99000000
THREADS: 99
COUNT PER THREAD: 1000000
SLOOPY VALUE: 512
TIME: 2.491322
SUM: 99000000
THREADS: 99
COUNT PER THREAD: 1000000
SLOOPY VALUE: 512
TIME: 2.614646
SUM: 99000000
THREADS: 99
COUNT PER THREAD: 1000000
SLOOPY VALUE: 512
TIME: 2.592239
SUM: 99000000
THREADS: 99
COUNT PER THREAD: 1000000
SLOOPY VALUE: 512
TIME: 2.611821
SUM: 99000000
THREADS: 99
COUNT PER THREAD: 1000000
SLOOPY VALUE: 512
TIME: 2.677019
SUM: 99000000
THREADS: 99
COUNT PER THREAD: 1000000
SLOOPY VALUE: 512
TIME: 2.531872
SUM: 99000000
THREADS: 100
COUNT PER THREAD: 1000000
SLOOPY VALUE: 512
TIME: 3.024220
SUM: 100000000
THREADS: 100
COUNT PER THREAD: 1000000
SLOOPY VALUE: 512
TIME: 2.921184
SUM: 100000000
THREADS: 100
COUNT PER THREAD: 1000000
SLOOPY VALUE: 512
TIME: 2.766120
SUM: 100000000
THREADS: 100
COUNT PER THREAD: 1000000
SLOOPY VALUE: 512
TIME: 2.546629
SUM: 100000000
THREADS: 100
COUNT PER THREAD: 1000000
SLOOPY VALUE: 512
TIME: 2.743218
SUM: 100000000
THREADS: 100
COUNT PER THREAD: 1000000
SLOOPY VALUE: 512
TIME: 2.570078
SUM: 100000000
THREADS: 100
COUNT PER THREAD: 1000000
SLOOPY VALUE: 512
TIME: 2.444506
SUM: 100000000
THREADS: 100
COUNT PER THREAD: 1000000
SLOOPY VALUE: 512
TIME: 2.342961
SUM: 100000000
THREADS: 100
COUNT PER THREAD: 1000000
SLOOPY VALUE: 512
TIME: 2.337536
SUM: 100000000
THREADS: 100
COUNT PER THREAD: 1000000
SLOOPY VALUE: 512
TIME: 2.442734
SUM: 100000000
