THREADS: 1
COUNT PER THREAD: 10000
SLOOPY VALUE: 512
TIME: 0.000392
SUM: 10000
THREADS: 1
COUNT PER THREAD: 10000
SLOOPY VALUE: 512
TIME: 0.000295
SUM: 10000
THREADS: 1
COUNT PER THREAD: 10000
SLOOPY VALUE: 512
TIME: 0.000259
SUM: 10000
THREADS: 1
COUNT PER THREAD: 10000
SLOOPY VALUE: 512
TIME: 0.000259
SUM: 10000
THREADS: 1
COUNT PER THREAD: 10000
SLOOPY VALUE: 512
TIME: 0.000260
SUM: 10000
THREADS: 1
COUNT PER THREAD: 10000
SLOOPY VALUE: 512
TIME: 0.000302
SUM: 10000
THREADS: 1
COUNT PER THREAD: 10000
SLOOPY VALUE: 512
TIME: 0.000293
SUM: 10000
THREADS: 1
COUNT PER THREAD: 10000
SLOOPY VALUE: 512
TIME: 0.000297
SUM: 10000
THREADS: 1
COUNT PER THREAD: 10000
SLOOPY VALUE: 512
TIME: 0.000293
SUM: 10000
THREADS: 1
COUNT PER THREAD: 10000
SLOOPY VALUE: 512
TIME: 0.000296
SUM: 10000
THREADS: 2
COUNT PER THREAD: 10000
SLOOPY VALUE: 512
TIME: 0.000539
SUM: 20000
THREADS: 2
COUNT PER THREAD: 10000
SLOOPY VALUE: 512
TIME: 0.000628
SUM: 20000
THREADS: 2
COUNT PER THREAD: 10000
SLOOPY VALUE: 512
TIME: 0.000520
SUM: 20000
THREADS: 2
COUNT PER THREAD: 10000
SLOOPY VALUE: 512
TIME: 0.000537
SUM: 20000
THREADS: 2
COUNT PER THREAD: 10000
SLOOPY VALUE: 512
TIME: 0.000575
SUM: 20000
THREADS: 2
COUNT PER THREAD: 10000
SLOOPY VALUE: 512
TIME: 0.000558
SUM: 20000
THREADS: 2
COUNT PER THREAD: 10000
SLOOPY VALUE: 512
TIME: 0.000525
SUM: 20000
THREADS: 2
COUNT PER THREAD: 10000
SLOOPY VALUE: 512
TIME: 0.000536
SUM: 20000
THREADS: 2
COUNT PER THREAD: 10000
SLOOPY VALUE: 512
TIME: 0.000519
SUM: 20000
THREADS: 2
COUNT PER THREAD: 10000
SLOOPY VALUE: 512
TIME: 0.000520
SUM: 20000
THREADS: 3
COUNT PER THREAD: 10000
SLOOPY VALUE: 512
TIME: 0.000741
SUM: 30000
THREADS: 3
COUNT PER THREAD: 10000
SLOOPY VALUE: 512
TIME: 0.000806
SUM: 30000
THREADS: 3
COUNT PER THREAD: 10000
SLOOPY VALUE: 512
TIME: 0.000741
SUM: 30000
THREADS: 3
COUNT PER THREAD: 10000
SLOOPY VALUE: 512
TIME: 0.000739
SUM: 30000
THREADS: 3
COUNT PER THREAD: 10000
SLOOPY VALUE: 512
TIME: 0.000739
SUM: 30000
THREADS: 3
COUNT PER THREAD: 10000
SLOOPY VALUE: 512
TIME: 0.000783
SUM: 30000
THREADS: 3
COUNT PER THREAD: 10000
SLOOPY VALUE: 512
TIME: 0.000767
SUM: 30000
THREADS: 3
COUNT PER THREAD: 10000
SLOOPY VALUE: 512
TIME: 0.000742
SUM: 30000
THREADS: 3
COUNT PER THREAD: 10000
SLOOPY VALUE: 512
TIME: 0.000741
SUM: 30000
THREADS: 3
COUNT PER THREAD: 10000
SLOOPY VALUE: 512
TIME: 0.000741
SUM: 30000
THREADS: 4
COUNT PER THREAD: 10000
SLOOPY VALUE: 512
TIME: 0.000981
SUM: 40000
THREADS: 4
COUNT PER THREAD: 10000
SLOOPY VALUE: 512
TIME: 0.000982
SUM: 40000
THREADS: 4
COUNT PER THREAD: 10000
SLOOPY VALUE: 512
TIME: 0.001013
SUM: 40000
THREADS: 4
COUNT PER THREAD: 10000
SLOOPY VALUE: 512
TIME: 0.000983
SUM: 40000
THREADS: 4
COUNT PER THREAD: 10000
SLOOPY VALUE: 512
TIME: 0.001009
SUM: 40000
THREADS: 4
COUNT PER THREAD: 10000
SLOOPY VALUE: 512
TIME: 0.000981
SUM: 40000
THREADS: 4
COUNT PER THREAD: 10000
SLOOPY VALUE: 512
TIME: 0.001010
SUM: 40000
THREADS: 4
COUNT PER THREAD: 10000
SLOOPY VALUE: 512
TIME: 0.000983
SUM: 40000
THREADS: 4
COUNT PER THREAD: 10000
SLOOPY VALUE: 512
TIME: 0.001011
SUM: 40000
THREADS: 4
COUNT PER THREAD: 10000
SLOOPY VALUE: 512
TIME: 0.000980
SUM: 40000
THREADS: 5
COUNT PER THREAD: 10000
SLOOPY VALUE: 512
TIME: 0.001341
SUM: 50000
THREADS: 5
COUNT PER THREAD: 10000
SLOOPY VALUE: 512
TIME: 0.001370
SUM: 50000
THREADS: 5
COUNT PER THREAD: 10000
SLOOPY VALUE: 512
TIME: 0.001265
SUM: 50000
THREADS: 5
COUNT PER THREAD: 10000
SLOOPY VALUE: 512
TIME: 0.001332
SUM: 50000
THREADS: 5
COUNT PER THREAD: 10000
SLOOPY VALUE: 512
TIME: 0.001904
SUM: 50000
THREADS: 5
COUNT PER THREAD: 10000
SLOOPY VALUE: 512
TIME: 0.001337
SUM: 50000
THREADS: 5
COUNT PER THREAD: 10000
SLOOPY VALUE: 512
TIME: 0.001285
SUM: 50000
THREADS: 5
COUNT PER THREAD: 10000
SLOOPY VALUE: 512
TIME: 0.001345
SUM: 50000
THREADS: 5
COUNT PER THREAD: 10000
SLOOPY VALUE: 512
TIME: 0.001290
SUM: 50000
THREADS: 5
COUNT PER THREAD: 10000
SLOOPY VALUE: 512
TIME: 0.001464
SUM: 50000
THREADS: 6
COUNT PER THREAD: 10000
SLOOPY VALUE: 512
TIME: 0.001518
SUM: 60000
THREADS: 6
COUNT PER THREAD: 10000
SLOOPY VALUE: 512
TIME: 0.001470
SUM: 60000
THREADS: 6
COUNT PER THREAD: 10000
SLOOPY VALUE: 512
TIME: 0.001470
SUM: 60000
THREADS: 6
COUNT PER THREAD: 10000
SLOOPY VALUE: 512
TIME: 0.001496
SUM: 60000
THREADS: 6
COUNT PER THREAD: 10000
SLOOPY VALUE: 512
TIME: 0.001472
SUM: 60000
THREADS: 6
COUNT PER THREAD: 10000
SLOOPY VALUE: 512
TIME: 0.001501
SUM: 60000
THREADS: 6
COUNT PER THREAD: 10000
SLOOPY VALUE: 512
TIME: 0.001469
SUM: 60000
THREADS: 6
COUNT PER THREAD: 10000
SLOOPY VALUE: 512
TIME: 0.001471
SUM: 60000
THREADS: 6
COUNT PER THREAD: 10000
SLOOPY VALUE: 512
TIME: 0.001495
SUM: 60000
THREADS: 6
COUNT PER THREAD: 10000
SLOOPY VALUE: 512
TIME: 0.001474
SUM: 60000
THREADS: 7
COUNT PER THREAD: 10000
SLOOPY VALUE: 512
TIME: 0.001717
SUM: 70000
THREADS: 7
COUNT PER THREAD: 10000
SLOOPY VALUE: 512
TIME: 0.001730
SUM: 70000
THREADS: 7
COUNT PER THREAD: 10000
SLOOPY VALUE: 512
TIME: 0.001775
SUM: 70000
THREADS: 7
COUNT PER THREAD: 10000
SLOOPY VALUE: 512
TIME: 0.001719
SUM: 70000
THREADS: 7
COUNT PER THREAD: 10000
SLOOPY VALUE: 512
TIME: 0.001714
SUM: 70000
THREADS: 7
COUNT PER THREAD: 10000
SLOOPY VALUE: 512
TIME: 0.001820
SUM: 70000
THREADS: 7
COUNT PER THREAD: 10000
SLOOPY VALUE: 512
TIME: 0.001733
SUM: 70000
THREADS: 7
COUNT PER THREAD: 10000
SLOOPY VALUE: 512
TIME: 0.001712
SUM: 70000
THREADS: 7
COUNT PER THREAD: 10000
SLOOPY VALUE: 512
TIME: 0.001739
SUM: 70000
THREADS: 7
COUNT PER THREAD: 10000
SLOOPY VALUE: 512
TIME: 0.001711
SUM: 70000
THREADS: 8
COUNT PER THREAD: 10000
SLOOPY VALUE: 512
TIME: 0.002073
SUM: 80000
THREADS: 8
COUNT PER THREAD: 10000
SLOOPY VALUE: 512
TIME: 0.001938
SUM: 80000
THREADS: 8
COUNT PER THREAD: 10000
SLOOPY VALUE: 512
TIME: 0.001956
SUM: 80000
THREADS: 8
COUNT PER THREAD: 10000
SLOOPY VALUE: 512
TIME: 0.002007
SUM: 80000
THREADS: 8
COUNT PER THREAD: 10000
SLOOPY VALUE: 512
TIME: 0.002013
SUM: 80000
THREADS: 8
COUNT PER THREAD: 10000
SLOOPY VALUE: 512
TIME: 0.001954
SUM: 80000
THREADS: 8
COUNT PER THREAD: 10000
SLOOPY VALUE: 512
TIME: 0.002480
SUM: 80000
THREADS: 8
COUNT PER THREAD: 10000
SLOOPY VALUE: 512
TIME: 0.017465
SUM: 80000
THREADS: 8
COUNT PER THREAD: 10000
SLOOPY VALUE: 512
TIME: 0.010067
SUM: 80000
THREADS: 8
COUNT PER THREAD: 10000
SLOOPY VALUE: 512
TIME: 0.001965
SUM: 80000
THREADS: 9
COUNT PER THREAD: 10000
SLOOPY VALUE: 512
TIME: 0.010892
SUM: 90000
THREADS: 9
COUNT PER THREAD: 10000
SLOOPY VALUE: 512
TIME: 0.007230
SUM: 90000
THREADS: 9
COUNT PER THREAD: 10000
SLOOPY VALUE: 512
TIME: 0.007513
SUM: 90000
THREADS: 9
COUNT PER THREAD: 10000
SLOOPY VALUE: 512
TIME: 0.008114
SUM: 90000
THREADS: 9
COUNT PER THREAD: 10000
SLOOPY VALUE: 512
TIME: 0.002850
SUM: 90000
THREADS: 9
COUNT PER THREAD: 10000
SLOOPY VALUE: 512
TIME: 0.002397
SUM: 90000
THREADS: 9
COUNT PER THREAD: 10000
SLOOPY VALUE: 512
TIME: 0.002327
SUM: 90000
THREADS: 9
COUNT PER THREAD: 10000
SLOOPY VALUE: 512
TIME: 0.002361
SUM: 90000
THREADS: 9
COUNT PER THREAD: 10000
SLOOPY VALUE: 512
TIME: 0.002340
SUM: 90000
THREADS: 9
COUNT PER THREAD: 10000
SLOOPY VALUE: 512
TIME: 0.002544
SUM: 90000
THREADS: 10
COUNT PER THREAD: 10000
SLOOPY VALUE: 512
TIME: 0.007149
SUM: 100000
THREADS: 10
COUNT PER THREAD: 10000
SLOOPY VALUE: 512
TIME: 0.007060
SUM: 100000
THREADS: 10
COUNT PER THREAD: 10000
SLOOPY VALUE: 512
TIME: 0.002685
SUM: 100000
THREADS: 10
COUNT PER THREAD: 10000
SLOOPY VALUE: 512
TIME: 0.002608
SUM: 100000
THREADS: 10
COUNT PER THREAD: 10000
SLOOPY VALUE: 512
TIME: 0.002801
SUM: 100000
THREADS: 10
COUNT PER THREAD: 10000
SLOOPY VALUE: 512
TIME: 0.004291
SUM: 100000
THREADS: 10
COUNT PER THREAD: 10000
SLOOPY VALUE: 512
TIME: 0.004202
SUM: 100000
THREADS: 10
COUNT PER THREAD: 10000
SLOOPY VALUE: 512
TIME: 0.002969
SUM: 100000
THREADS: 10
COUNT PER THREAD: 10000
SLOOPY VALUE: 512
TIME: 0.002966
SUM: 100000
THREADS: 10
COUNT PER THREAD: 10000
SLOOPY VALUE: 512
TIME: 0.002573
SUM: 100000
THREADS: 11
COUNT PER THREAD: 10000
SLOOPY VALUE: 512
TIME: 0.005178
SUM: 110000
THREADS: 11
COUNT PER THREAD: 10000
SLOOPY VALUE: 512
TIME: 0.008092
SUM: 110000
THREADS: 11
COUNT PER THREAD: 10000
SLOOPY VALUE: 512
TIME: 0.002893
SUM: 110000
THREADS: 11
COUNT PER THREAD: 10000
SLOOPY VALUE: 512
TIME: 0.003119
SUM: 110000
THREADS: 11
COUNT PER THREAD: 10000
SLOOPY VALUE: 512
TIME: 0.002980
SUM: 110000
THREADS: 11
COUNT PER THREAD: 10000
SLOOPY VALUE: 512
TIME: 0.003008
SUM: 110000
THREADS: 11
COUNT PER THREAD: 10000
SLOOPY VALUE: 512
TIME: 0.003572
SUM: 110000
THREADS: 11
COUNT PER THREAD: 10000
SLOOPY VALUE: 512
TIME: 0.002999
SUM: 110000
THREADS: 11
COUNT PER THREAD: 10000
SLOOPY VALUE: 512
TIME: 0.002734
SUM: 110000
THREADS: 11
COUNT PER THREAD: 10000
SLOOPY VALUE: 512
TIME: 0.002931
SUM: 110000
THREADS: 12
COUNT PER THREAD: 10000
SLOOPY VALUE: 512
TIME: 0.003180
SUM: 120000
THREADS: 12
COUNT PER THREAD: 10000
SLOOPY VALUE: 512
TIME: 0.003328
SUM: 120000
THREADS: 12
COUNT PER THREAD: 10000
SLOOPY VALUE: 512
TIME: 0.003770
SUM: 120000
THREADS: 12
COUNT PER THREAD: 10000
SLOOPY VALUE: 512
TIME: 0.003486
SUM: 120000
THREADS: 12
COUNT PER THREAD: 10000
SLOOPY VALUE: 512
TIME: 0.003326
SUM: 120000
THREADS: 12
COUNT PER THREAD: 10000
SLOOPY VALUE: 512
TIME: 0.003088
SUM: 120000
THREADS: 12
COUNT PER THREAD: 10000
SLOOPY VALUE: 512
TIME: 0.003164
SUM: 120000
THREADS: 12
COUNT PER THREAD: 10000
SLOOPY VALUE: 512
TIME: 0.003176
SUM: 120000
THREADS: 12
COUNT PER THREAD: 10000
SLOOPY VALUE: 512
TIME: 0.003056
SUM: 120000
THREADS: 12
COUNT PER THREAD: 10000
SLOOPY VALUE: 512
TIME: 0.003022
SUM: 120000
THREADS: 13
COUNT PER THREAD: 10000
SLOOPY VALUE: 512
TIME: 0.003342
SUM: 130000
THREADS: 13
COUNT PER THREAD: 10000
SLOOPY VALUE: 512
TIME: 0.003646
SUM: 130000
THREADS: 13
COUNT PER THREAD: 10000
SLOOPY VALUE: 512
TIME: 0.003914
SUM: 130000
THREADS: 13
COUNT PER THREAD: 10000
SLOOPY VALUE: 512
TIME: 0.004903
SUM: 130000
THREADS: 13
COUNT PER THREAD: 10000
SLOOPY VALUE: 512
TIME: 0.003875
SUM: 130000
THREADS: 13
COUNT PER THREAD: 10000
SLOOPY VALUE: 512
TIME: 0.004705
SUM: 130000
THREADS: 13
COUNT PER THREAD: 10000
SLOOPY VALUE: 512
TIME: 0.003436
SUM: 130000
THREADS: 13
COUNT PER THREAD: 10000
SLOOPY VALUE: 512
TIME: 0.003474
SUM: 130000
THREADS: 13
COUNT PER THREAD: 10000
SLOOPY VALUE: 512
TIME: 0.006007
SUM: 130000
THREADS: 13
COUNT PER THREAD: 10000
SLOOPY VALUE: 512
TIME: 0.004039
SUM: 130000
THREADS: 14
COUNT PER THREAD: 10000
SLOOPY VALUE: 512
TIME: 0.003917
SUM: 140000
THREADS: 14
COUNT PER THREAD: 10000
SLOOPY VALUE: 512
TIME: 0.004551
SUM: 140000
THREADS: 14
COUNT PER THREAD: 10000
SLOOPY VALUE: 512
TIME: 0.003471
SUM: 140000
THREADS: 14
COUNT PER THREAD: 10000
SLOOPY VALUE: 512
TIME: 0.003669
SUM: 140000
THREADS: 14
COUNT PER THREAD: 10000
SLOOPY VALUE: 512
TIME: 0.004308
SUM: 140000
THREADS: 14
COUNT PER THREAD: 10000
SLOOPY VALUE: 512
TIME: 0.003623
SUM: 140000
THREADS: 14
COUNT PER THREAD: 10000
SLOOPY VALUE: 512
TIME: 0.004315
SUM: 140000
THREADS: 14
COUNT PER THREAD: 10000
SLOOPY VALUE: 512
TIME: 0.003962
SUM: 140000
THREADS: 14
COUNT PER THREAD: 10000
SLOOPY VALUE: 512
TIME: 0.005000
SUM: 140000
THREADS: 14
COUNT PER THREAD: 10000
SLOOPY VALUE: 512
TIME: 0.004178
SUM: 140000
THREADS: 15
COUNT PER THREAD: 10000
SLOOPY VALUE: 512
TIME: 0.004296
SUM: 150000
THREADS: 15
COUNT PER THREAD: 10000
SLOOPY VALUE: 512
TIME: 0.004171
SUM: 150000
THREADS: 15
COUNT PER THREAD: 10000
SLOOPY VALUE: 512
TIME: 0.004565
SUM: 150000
THREADS: 15
COUNT PER THREAD: 10000
SLOOPY VALUE: 512
TIME: 0.004510
SUM: 150000
THREADS: 15
COUNT PER THREAD: 10000
SLOOPY VALUE: 512
TIME: 0.004900
SUM: 150000
THREADS: 15
COUNT PER THREAD: 10000
SLOOPY VALUE: 512
TIME: 0.005887
SUM: 150000
THREADS: 15
COUNT PER THREAD: 10000
SLOOPY VALUE: 512
TIME: 0.004428
SUM: 150000
THREADS: 15
COUNT PER THREAD: 10000
SLOOPY VALUE: 512
TIME: 0.004520
SUM: 150000
THREADS: 15
COUNT PER THREAD: 10000
SLOOPY VALUE: 512
TIME: 0.005254
SUM: 150000
THREADS: 15
COUNT PER THREAD: 10000
SLOOPY VALUE: 512
TIME: 0.015269
SUM: 150000
THREADS: 16
COUNT PER THREAD: 10000
SLOOPY VALUE: 512
TIME: 0.003938
SUM: 160000
THREADS: 16
COUNT PER THREAD: 10000
SLOOPY VALUE: 512
TIME: 0.004457
SUM: 160000
THREADS: 16
COUNT PER THREAD: 10000
SLOOPY VALUE: 512
TIME: 0.004270
SUM: 160000
THREADS: 16
COUNT PER THREAD: 10000
SLOOPY VALUE: 512
TIME: 0.003919
SUM: 160000
THREADS: 16
COUNT PER THREAD: 10000
SLOOPY VALUE: 512
TIME: 0.005826
SUM: 160000
THREADS: 16
COUNT PER THREAD: 10000
SLOOPY VALUE: 512
TIME: 0.005141
SUM: 160000
THREADS: 16
COUNT PER THREAD: 10000
SLOOPY VALUE: 512
TIME: 0.004109
SUM: 160000
THREADS: 16
COUNT PER THREAD: 10000
SLOOPY VALUE: 512
TIME: 0.004591
SUM: 160000
THREADS: 16
COUNT PER THREAD: 10000
SLOOPY VALUE: 512
TIME: 0.003935
SUM: 160000
THREADS: 16
COUNT PER THREAD: 10000
SLOOPY VALUE: 512
TIME: 0.016722
SUM: 160000
THREADS: 17
COUNT PER THREAD: 10000
SLOOPY VALUE: 512
TIME: 0.004459
SUM: 170000
THREADS: 17
COUNT PER THREAD: 10000
SLOOPY VALUE: 512
TIME: 0.004285
SUM: 170000
THREADS: 17
COUNT PER THREAD: 10000
SLOOPY VALUE: 512
TIME: 0.004358
SUM: 170000
THREADS: 17
COUNT PER THREAD: 10000
SLOOPY VALUE: 512
TIME: 0.004501
SUM: 170000
THREADS: 17
COUNT PER THREAD: 10000
SLOOPY VALUE: 512
TIME: 0.004536
SUM: 170000
THREADS: 17
COUNT PER THREAD: 10000
SLOOPY VALUE: 512
TIME: 0.004300
SUM: 170000
THREADS: 17
COUNT PER THREAD: 10000
SLOOPY VALUE: 512
TIME: 0.004284
SUM: 170000
THREADS: 17
COUNT PER THREAD: 10000
SLOOPY VALUE: 512
TIME: 0.004439
SUM: 170000
THREADS: 17
COUNT PER THREAD: 10000
SLOOPY VALUE: 512
TIME: 0.004159
SUM: 170000
THREADS: 17
COUNT PER THREAD: 10000
SLOOPY VALUE: 512
TIME: 0.004344
SUM: 170000
THREADS: 18
COUNT PER THREAD: 10000
SLOOPY VALUE: 512
TIME: 0.004636
SUM: 180000
THREADS: 18
COUNT PER THREAD: 10000
SLOOPY VALUE: 512
TIME: 0.006592
SUM: 180000
THREADS: 18
COUNT PER THREAD: 10000
SLOOPY VALUE: 512
TIME: 0.005558
SUM: 180000
THREADS: 18
COUNT PER THREAD: 10000
SLOOPY VALUE: 512
TIME: 0.005087
SUM: 180000
THREADS: 18
COUNT PER THREAD: 10000
SLOOPY VALUE: 512
TIME: 0.004824
SUM: 180000
THREADS: 18
COUNT PER THREAD: 10000
SLOOPY VALUE: 512
TIME: 0.004739
SUM: 180000
THREADS: 18
COUNT PER THREAD: 10000
SLOOPY VALUE: 512
TIME: 0.019271
SUM: 180000
THREADS: 18
COUNT PER THREAD: 10000
SLOOPY VALUE: 512
TIME: 0.011113
SUM: 180000
THREADS: 18
COUNT PER THREAD: 10000
SLOOPY VALUE: 512
TIME: 0.015192
SUM: 180000
THREADS: 18
COUNT PER THREAD: 10000
SLOOPY VALUE: 512
TIME: 0.004661
SUM: 180000
THREADS: 19
COUNT PER THREAD: 10000
SLOOPY VALUE: 512
TIME: 0.005338
SUM: 190000
THREADS: 19
COUNT PER THREAD: 10000
SLOOPY VALUE: 512
TIME: 0.005487
SUM: 190000
THREADS: 19
COUNT PER THREAD: 10000
SLOOPY VALUE: 512
TIME: 0.016362
SUM: 190000
THREADS: 19
COUNT PER THREAD: 10000
SLOOPY VALUE: 512
TIME: 0.018260
SUM: 190000
THREADS: 19
COUNT PER THREAD: 10000
SLOOPY VALUE: 512
TIME: 0.016159
SUM: 190000
THREADS: 19
COUNT PER THREAD: 10000
SLOOPY VALUE: 512
TIME: 0.005412
SUM: 190000
THREADS: 19
COUNT PER THREAD: 10000
SLOOPY VALUE: 512
TIME: 0.005878
SUM: 190000
THREADS: 19
COUNT PER THREAD: 10000
SLOOPY VALUE: 512
TIME: 0.006211
SUM: 190000
THREADS: 19
COUNT PER THREAD: 10000
SLOOPY VALUE: 512
TIME: 0.006799
SUM: 190000
THREADS: 19
COUNT PER THREAD: 10000
SLOOPY VALUE: 512
TIME: 0.005095
SUM: 190000
THREADS: 20
COUNT PER THREAD: 10000
SLOOPY VALUE: 512
TIME: 0.005058
SUM: 200000
THREADS: 20
COUNT PER THREAD: 10000
SLOOPY VALUE: 512
TIME: 0.005102
SUM: 200000
THREADS: 20
COUNT PER THREAD: 10000
SLOOPY VALUE: 512
TIME: 0.020192
SUM: 200000
THREADS: 20
COUNT PER THREAD: 10000
SLOOPY VALUE: 512
TIME: 0.009092
SUM: 200000
THREADS: 20
COUNT PER THREAD: 10000
SLOOPY VALUE: 512
TIME: 0.014617
SUM: 200000
THREADS: 20
COUNT PER THREAD: 10000
SLOOPY VALUE: 512
TIME: 0.006699
SUM: 200000
THREADS: 20
COUNT PER THREAD: 10000
SLOOPY VALUE: 512
TIME: 0.005092
SUM: 200000
THREADS: 20
COUNT PER THREAD: 10000
SLOOPY VALUE: 512
TIME: 0.005953
SUM: 200000
THREADS: 20
COUNT PER THREAD: 10000
SLOOPY VALUE: 512
TIME: 0.007278
SUM: 200000
THREADS: 20
COUNT PER THREAD: 10000
SLOOPY VALUE: 512
TIME: 0.005548
SUM: 200000
THREADS: 21
COUNT PER THREAD: 10000
SLOOPY VALUE: 512
TIME: 0.006418
SUM: 210000
THREADS: 21
COUNT PER THREAD: 10000
SLOOPY VALUE: 512
TIME: 0.005971
SUM: 210000
THREADS: 21
COUNT PER THREAD: 10000
SLOOPY VALUE: 512
TIME: 0.023679
SUM: 210000
THREADS: 21
COUNT PER THREAD: 10000
SLOOPY VALUE: 512
TIME: 0.013806
SUM: 210000
THREADS: 21
COUNT PER THREAD: 10000
SLOOPY VALUE: 512
TIME: 0.009419
SUM: 210000
THREADS: 21
COUNT PER THREAD: 10000
SLOOPY VALUE: 512
TIME: 0.006808
SUM: 210000
THREADS: 21
COUNT PER THREAD: 10000
SLOOPY VALUE: 512
TIME: 0.006010
SUM: 210000
THREADS: 21
COUNT PER THREAD: 10000
SLOOPY VALUE: 512
TIME: 0.005989
SUM: 210000
THREADS: 21
COUNT PER THREAD: 10000
SLOOPY VALUE: 512
TIME: 0.005693
SUM: 210000
THREADS: 21
COUNT PER THREAD: 10000
SLOOPY VALUE: 512
TIME: 0.005696
SUM: 210000
THREADS: 22
COUNT PER THREAD: 10000
SLOOPY VALUE: 512
TIME: 0.005557
SUM: 220000
THREADS: 22
COUNT PER THREAD: 10000
SLOOPY VALUE: 512
TIME: 0.005454
SUM: 220000
THREADS: 22
COUNT PER THREAD: 10000
SLOOPY VALUE: 512
TIME: 0.020805
SUM: 220000
THREADS: 22
COUNT PER THREAD: 10000
SLOOPY VALUE: 512
TIME: 0.016441
SUM: 220000
THREADS: 22
COUNT PER THREAD: 10000
SLOOPY VALUE: 512
TIME: 0.005892
SUM: 220000
THREADS: 22
COUNT PER THREAD: 10000
SLOOPY VALUE: 512
TIME: 0.005389
SUM: 220000
THREADS: 22
COUNT PER THREAD: 10000
SLOOPY VALUE: 512
TIME: 0.006074
SUM: 220000
THREADS: 22
COUNT PER THREAD: 10000
SLOOPY VALUE: 512
TIME: 0.005393
SUM: 220000
THREADS: 22
COUNT PER THREAD: 10000
SLOOPY VALUE: 512
TIME: 0.005487
SUM: 220000
THREADS: 22
COUNT PER THREAD: 10000
SLOOPY VALUE: 512
TIME: 0.005580
SUM: 220000
THREADS: 23
COUNT PER THREAD: 10000
SLOOPY VALUE: 512
TIME: 0.005835
SUM: 230000
THREADS: 23
COUNT PER THREAD: 10000
SLOOPY VALUE: 512
TIME: 0.005634
SUM: 230000
THREADS: 23
COUNT PER THREAD: 10000
SLOOPY VALUE: 512
TIME: 0.018150
SUM: 230000
THREADS: 23
COUNT PER THREAD: 10000
SLOOPY VALUE: 512
TIME: 0.009865
SUM: 230000
THREADS: 23
COUNT PER THREAD: 10000
SLOOPY VALUE: 512
TIME: 0.014463
SUM: 230000
THREADS: 23
COUNT PER THREAD: 10000
SLOOPY VALUE: 512
TIME: 0.005649
SUM: 230000
THREADS: 23
COUNT PER THREAD: 10000
SLOOPY VALUE: 512
TIME: 0.005637
SUM: 230000
THREADS: 23
COUNT PER THREAD: 10000
SLOOPY VALUE: 512
TIME: 0.007066
SUM: 230000
THREADS: 23
COUNT PER THREAD: 10000
SLOOPY VALUE: 512
TIME: 0.005715
SUM: 230000
THREADS: 23
COUNT PER THREAD: 10000
SLOOPY VALUE: 512
TIME: 0.005687
SUM: 230000
THREADS: 24
COUNT PER THREAD: 10000
SLOOPY VALUE: 512
TIME: 0.005941
SUM: 240000
THREADS: 24
COUNT PER THREAD: 10000
SLOOPY VALUE: 512
TIME: 0.007454
SUM: 240000
THREADS: 24
COUNT PER THREAD: 10000
SLOOPY VALUE: 512
TIME: 0.008529
SUM: 240000
THREADS: 24
COUNT PER THREAD: 10000
SLOOPY VALUE: 512
TIME: 0.006054
SUM: 240000
THREADS: 24
COUNT PER THREAD: 10000
SLOOPY VALUE: 512
TIME: 0.007835
SUM: 240000
THREADS: 24
COUNT PER THREAD: 10000
SLOOPY VALUE: 512
TIME: 0.006018
SUM: 240000
THREADS: 24
COUNT PER THREAD: 10000
SLOOPY VALUE: 512
TIME: 0.008062
SUM: 240000
THREADS: 24
COUNT PER THREAD: 10000
SLOOPY VALUE: 512
TIME: 0.006023
SUM: 240000
THREADS: 24
COUNT PER THREAD: 10000
SLOOPY VALUE: 512
TIME: 0.007601
SUM: 240000
THREADS: 24
COUNT PER THREAD: 10000
SLOOPY VALUE: 512
TIME: 0.005926
SUM: 240000
THREADS: 25
COUNT PER THREAD: 10000
SLOOPY VALUE: 512
TIME: 0.014551
SUM: 250000
THREADS: 25
COUNT PER THREAD: 10000
SLOOPY VALUE: 512
TIME: 0.006242
SUM: 250000
THREADS: 25
COUNT PER THREAD: 10000
SLOOPY VALUE: 512
TIME: 0.006886
SUM: 250000
THREADS: 25
COUNT PER THREAD: 10000
SLOOPY VALUE: 512
TIME: 0.006192
SUM: 250000
THREADS: 25
COUNT PER THREAD: 10000
SLOOPY VALUE: 512
TIME: 0.006114
SUM: 250000
THREADS: 25
COUNT PER THREAD: 10000
SLOOPY VALUE: 512
TIME: 0.006344
SUM: 250000
THREADS: 25
COUNT PER THREAD: 10000
SLOOPY VALUE: 512
TIME: 0.006190
SUM: 250000
THREADS: 25
COUNT PER THREAD: 10000
SLOOPY VALUE: 512
TIME: 0.006194
SUM: 250000
THREADS: 25
COUNT PER THREAD: 10000
SLOOPY VALUE: 512
TIME: 0.006183
SUM: 250000
THREADS: 25
COUNT PER THREAD: 10000
SLOOPY VALUE: 512
TIME: 0.006203
SUM: 250000
THREADS: 26
COUNT PER THREAD: 10000
SLOOPY VALUE: 512
TIME: 0.006539
SUM: 260000
THREADS: 26
COUNT PER THREAD: 10000
SLOOPY VALUE: 512
TIME: 0.006424
SUM: 260000
THREADS: 26
COUNT PER THREAD: 10000
SLOOPY VALUE: 512
TIME: 0.006663
SUM: 260000
THREADS: 26
COUNT PER THREAD: 10000
SLOOPY VALUE: 512
TIME: 0.006683
SUM: 260000
THREADS: 26
COUNT PER THREAD: 10000
SLOOPY VALUE: 512
TIME: 0.006479
SUM: 260000
THREADS: 26
COUNT PER THREAD: 10000
SLOOPY VALUE: 512
TIME: 0.006383
SUM: 260000
THREADS: 26
COUNT PER THREAD: 10000
SLOOPY VALUE: 512
TIME: 0.006620
SUM: 260000
THREADS: 26
COUNT PER THREAD: 10000
SLOOPY VALUE: 512
TIME: 0.006772
SUM: 260000
THREADS: 26
COUNT PER THREAD: 10000
SLOOPY VALUE: 512
TIME: 0.006425
SUM: 260000
THREADS: 26
COUNT PER THREAD: 10000
SLOOPY VALUE: 512
TIME: 0.006405
SUM: 260000
THREADS: 27
COUNT PER THREAD: 10000
SLOOPY VALUE: 512
TIME: 0.007434
SUM: 270000
THREADS: 27
COUNT PER THREAD: 10000
SLOOPY VALUE: 512
TIME: 0.008088
SUM: 270000
THREADS: 27
COUNT PER THREAD: 10000
SLOOPY VALUE: 512
TIME: 0.008111
SUM: 270000
THREADS: 27
COUNT PER THREAD: 10000
SLOOPY VALUE: 512
TIME: 0.007994
SUM: 270000
THREADS: 27
COUNT PER THREAD: 10000
SLOOPY VALUE: 512
TIME: 0.007708
SUM: 270000
THREADS: 27
COUNT PER THREAD: 10000
SLOOPY VALUE: 512
TIME: 0.010616
SUM: 270000
THREADS: 27
COUNT PER THREAD: 10000
SLOOPY VALUE: 512
TIME: 0.027065
SUM: 270000
THREADS: 27
COUNT PER THREAD: 10000
SLOOPY VALUE: 512
TIME: 0.021086
SUM: 270000
THREADS: 27
COUNT PER THREAD: 10000
SLOOPY VALUE: 512
TIME: 0.008444
SUM: 270000
THREADS: 27
COUNT PER THREAD: 10000
SLOOPY VALUE: 512
TIME: 0.007387
SUM: 270000
THREADS: 28
COUNT PER THREAD: 10000
SLOOPY VALUE: 512
TIME: 0.007289
SUM: 280000
THREADS: 28
COUNT PER THREAD: 10000
SLOOPY VALUE: 512
TIME: 0.007210
SUM: 280000
THREADS: 28
COUNT PER THREAD: 10000
SLOOPY VALUE: 512
TIME: 0.006926
SUM: 280000
THREADS: 28
COUNT PER THREAD: 10000
SLOOPY VALUE: 512
TIME: 0.007394
SUM: 280000
THREADS: 28
COUNT PER THREAD: 10000
SLOOPY VALUE: 512
TIME: 0.007151
SUM: 280000
THREADS: 28
COUNT PER THREAD: 10000
SLOOPY VALUE: 512
TIME: 0.007161
SUM: 280000
THREADS: 28
COUNT PER THREAD: 10000
SLOOPY VALUE: 512
TIME: 0.007069
SUM: 280000
THREADS: 28
COUNT PER THREAD: 10000
SLOOPY VALUE: 512
TIME: 0.007610
SUM: 280000
THREADS: 28
COUNT PER THREAD: 10000
SLOOPY VALUE: 512
TIME: 0.008496
SUM: 280000
THREADS: 28
COUNT PER THREAD: 10000
SLOOPY VALUE: 512
TIME: 0.022764
SUM: 280000
THREADS: 29
COUNT PER THREAD: 10000
SLOOPY VALUE: 512
TIME: 0.007549
SUM: 290000
THREADS: 29
COUNT PER THREAD: 10000
SLOOPY VALUE: 512
TIME: 0.007610
SUM: 290000
THREADS: 29
COUNT PER THREAD: 10000
SLOOPY VALUE: 512
TIME: 0.010031
SUM: 290000
THREADS: 29
COUNT PER THREAD: 10000
SLOOPY VALUE: 512
TIME: 0.009219
SUM: 290000
THREADS: 29
COUNT PER THREAD: 10000
SLOOPY VALUE: 512
TIME: 0.008139
SUM: 290000
THREADS: 29
COUNT PER THREAD: 10000
SLOOPY VALUE: 512
TIME: 0.010564
SUM: 290000
THREADS: 29
COUNT PER THREAD: 10000
SLOOPY VALUE: 512
TIME: 0.023636
SUM: 290000
THREADS: 29
COUNT PER THREAD: 10000
SLOOPY VALUE: 512
TIME: 0.007834
SUM: 290000
THREADS: 29
COUNT PER THREAD: 10000
SLOOPY VALUE: 512
TIME: 0.011146
SUM: 290000
THREADS: 29
COUNT PER THREAD: 10000
SLOOPY VALUE: 512
TIME: 0.008930
SUM: 290000
THREADS: 30
COUNT PER THREAD: 10000
SLOOPY VALUE: 512
TIME: 0.009017
SUM: 300000
THREADS: 30
COUNT PER THREAD: 10000
SLOOPY VALUE: 512
TIME: 0.008969
SUM: 300000
THREADS: 30
COUNT PER THREAD: 10000
SLOOPY VALUE: 512
TIME: 0.017005
SUM: 300000
THREADS: 30
COUNT PER THREAD: 10000
SLOOPY VALUE: 512
TIME: 0.026846
SUM: 300000
THREADS: 30
COUNT PER THREAD: 10000
SLOOPY VALUE: 512
TIME: 0.009525
SUM: 300000
THREADS: 30
COUNT PER THREAD: 10000
SLOOPY VALUE: 512
TIME: 0.009801
SUM: 300000
THREADS: 30
COUNT PER THREAD: 10000
SLOOPY VALUE: 512
TIME: 0.009589
SUM: 300000
THREADS: 30
COUNT PER THREAD: 10000
SLOOPY VALUE: 512
TIME: 0.007995
SUM: 300000
THREADS: 30
COUNT PER THREAD: 10000
SLOOPY VALUE: 512
TIME: 0.009234
SUM: 300000
THREADS: 30
COUNT PER THREAD: 10000
SLOOPY VALUE: 512
TIME: 0.009464
SUM: 300000
THREADS: 31
COUNT PER THREAD: 10000
SLOOPY VALUE: 512
TIME: 0.010552
SUM: 310000
THREADS: 31
COUNT PER THREAD: 10000
SLOOPY VALUE: 512
TIME: 0.024130
SUM: 310000
THREADS: 31
COUNT PER THREAD: 10000
SLOOPY VALUE: 512
TIME: 0.022472
SUM: 310000
THREADS: 31
COUNT PER THREAD: 10000
SLOOPY VALUE: 512
TIME: 0.009961
SUM: 310000
THREADS: 31
COUNT PER THREAD: 10000
SLOOPY VALUE: 512
TIME: 0.008738
SUM: 310000
THREADS: 31
COUNT PER THREAD: 10000
SLOOPY VALUE: 512
TIME: 0.010338
SUM: 310000
THREADS: 31
COUNT PER THREAD: 10000
SLOOPY VALUE: 512
TIME: 0.009265
SUM: 310000
THREADS: 31
COUNT PER THREAD: 10000
SLOOPY VALUE: 512
TIME: 0.010095
SUM: 310000
THREADS: 31
COUNT PER THREAD: 10000
SLOOPY VALUE: 512
TIME: 0.009804
SUM: 310000
THREADS: 31
COUNT PER THREAD: 10000
SLOOPY VALUE: 512
TIME: 0.008624
SUM: 310000
THREADS: 32
COUNT PER THREAD: 10000
SLOOPY VALUE: 512
TIME: 0.024160
SUM: 320000
THREADS: 32
COUNT PER THREAD: 10000
SLOOPY VALUE: 512
TIME: 0.009035
SUM: 320000
THREADS: 32
COUNT PER THREAD: 10000
SLOOPY VALUE: 512
TIME: 0.009530
SUM: 320000
THREADS: 32
COUNT PER THREAD: 10000
SLOOPY VALUE: 512
TIME: 0.010890
SUM: 320000
THREADS: 32
COUNT PER THREAD: 10000
SLOOPY VALUE: 512
TIME: 0.012250
SUM: 320000
THREADS: 32
COUNT PER THREAD: 10000
SLOOPY VALUE: 512
TIME: 0.009922
SUM: 320000
THREADS: 32
COUNT PER THREAD: 10000
SLOOPY VALUE: 512
TIME: 0.011374
SUM: 320000
THREADS: 32
COUNT PER THREAD: 10000
SLOOPY VALUE: 512
TIME: 0.010231
SUM: 320000
THREADS: 32
COUNT PER THREAD: 10000
SLOOPY VALUE: 512
TIME: 0.029115
SUM: 320000
THREADS: 32
COUNT PER THREAD: 10000
SLOOPY VALUE: 512
TIME: 0.016961
SUM: 320000
THREADS: 33
COUNT PER THREAD: 10000
SLOOPY VALUE: 512
TIME: 0.009082
SUM: 330000
THREADS: 33
COUNT PER THREAD: 10000
SLOOPY VALUE: 512
TIME: 0.023044
SUM: 330000
THREADS: 33
COUNT PER THREAD: 10000
SLOOPY VALUE: 512
TIME: 0.011399
SUM: 330000
THREADS: 33
COUNT PER THREAD: 10000
SLOOPY VALUE: 512
TIME: 0.009256
SUM: 330000
THREADS: 33
COUNT PER THREAD: 10000
SLOOPY VALUE: 512
TIME: 0.009154
SUM: 330000
THREADS: 33
COUNT PER THREAD: 10000
SLOOPY VALUE: 512
TIME: 0.009853
SUM: 330000
THREADS: 33
COUNT PER THREAD: 10000
SLOOPY VALUE: 512
TIME: 0.011994
SUM: 330000
THREADS: 33
COUNT PER THREAD: 10000
SLOOPY VALUE: 512
TIME: 0.009193
SUM: 330000
THREADS: 33
COUNT PER THREAD: 10000
SLOOPY VALUE: 512
TIME: 0.009504
SUM: 330000
THREADS: 33
COUNT PER THREAD: 10000
SLOOPY VALUE: 512
TIME: 0.020620
SUM: 330000
THREADS: 34
COUNT PER THREAD: 10000
SLOOPY VALUE: 512
TIME: 0.020176
SUM: 340000
THREADS: 34
COUNT PER THREAD: 10000
SLOOPY VALUE: 512
TIME: 0.012220
SUM: 340000
THREADS: 34
COUNT PER THREAD: 10000
SLOOPY VALUE: 512
TIME: 0.009392
SUM: 340000
THREADS: 34
COUNT PER THREAD: 10000
SLOOPY VALUE: 512
TIME: 0.009191
SUM: 340000
THREADS: 34
COUNT PER THREAD: 10000
SLOOPY VALUE: 512
TIME: 0.009408
SUM: 340000
THREADS: 34
COUNT PER THREAD: 10000
SLOOPY VALUE: 512
TIME: 0.008861
SUM: 340000
THREADS: 34
COUNT PER THREAD: 10000
SLOOPY VALUE: 512
TIME: 0.009123
SUM: 340000
THREADS: 34
COUNT PER THREAD: 10000
SLOOPY VALUE: 512
TIME: 0.011875
SUM: 340000
THREADS: 34
COUNT PER THREAD: 10000
SLOOPY VALUE: 512
TIME: 0.009194
SUM: 340000
THREADS: 34
COUNT PER THREAD: 10000
SLOOPY VALUE: 512
TIME: 0.032997
SUM: 340000
THREADS: 35
COUNT PER THREAD: 10000
SLOOPY VALUE: 512
TIME: 0.027632
SUM: 350000
THREADS: 35
COUNT PER THREAD: 10000
SLOOPY VALUE: 512
TIME: 0.010125
SUM: 350000
THREADS: 35
COUNT PER THREAD: 10000
SLOOPY VALUE: 512
TIME: 0.009249
SUM: 350000
THREADS: 35
COUNT PER THREAD: 10000
SLOOPY VALUE: 512
TIME: 0.009975
SUM: 350000
THREADS: 35
COUNT PER THREAD: 10000
SLOOPY VALUE: 512
TIME: 0.012620
SUM: 350000
THREADS: 35
COUNT PER THREAD: 10000
SLOOPY VALUE: 512
TIME: 0.009621
SUM: 350000
THREADS: 35
COUNT PER THREAD: 10000
SLOOPY VALUE: 512
TIME: 0.009496
SUM: 350000
THREADS: 35
COUNT PER THREAD: 10000
SLOOPY VALUE: 512
TIME: 0.009134
SUM: 350000
THREADS: 35
COUNT PER THREAD: 10000
SLOOPY VALUE: 512
TIME: 0.009450
SUM: 350000
THREADS: 35
COUNT PER THREAD: 10000
SLOOPY VALUE: 512
TIME: 0.009352
SUM: 350000
THREADS: 36
COUNT PER THREAD: 10000
SLOOPY VALUE: 512
TIME: 0.010672
SUM: 360000
THREADS: 36
COUNT PER THREAD: 10000
SLOOPY VALUE: 512
TIME: 0.009528
SUM: 360000
THREADS: 36
COUNT PER THREAD: 10000
SLOOPY VALUE: 512
TIME: 0.009955
SUM: 360000
THREADS: 36
COUNT PER THREAD: 10000
SLOOPY VALUE: 512
TIME: 0.009502
SUM: 360000
THREADS: 36
COUNT PER THREAD: 10000
SLOOPY VALUE: 512
TIME: 0.009566
SUM: 360000
THREADS: 36
COUNT PER THREAD: 10000
SLOOPY VALUE: 512
TIME: 0.010606
SUM: 360000
THREADS: 36
COUNT PER THREAD: 10000
SLOOPY VALUE: 512
TIME: 0.009753
SUM: 360000
THREADS: 36
COUNT PER THREAD: 10000
SLOOPY VALUE: 512
TIME: 0.023014
SUM: 360000
THREADS: 36
COUNT PER THREAD: 10000
SLOOPY VALUE: 512
TIME: 0.022389
SUM: 360000
THREADS: 36
COUNT PER THREAD: 10000
SLOOPY VALUE: 512
TIME: 0.010069
SUM: 360000
THREADS: 37
COUNT PER THREAD: 10000
SLOOPY VALUE: 512
TIME: 0.009777
SUM: 370000
THREADS: 37
COUNT PER THREAD: 10000
SLOOPY VALUE: 512
TIME: 0.010205
SUM: 370000
THREADS: 37
COUNT PER THREAD: 10000
SLOOPY VALUE: 512
TIME: 0.009799
SUM: 370000
THREADS: 37
COUNT PER THREAD: 10000
SLOOPY VALUE: 512
TIME: 0.009655
SUM: 370000
THREADS: 37
COUNT PER THREAD: 10000
SLOOPY VALUE: 512
TIME: 0.009890
SUM: 370000
THREADS: 37
COUNT PER THREAD: 10000
SLOOPY VALUE: 512
TIME: 0.009883
SUM: 370000
THREADS: 37
COUNT PER THREAD: 10000
SLOOPY VALUE: 512
TIME: 0.009809
SUM: 370000
THREADS: 37
COUNT PER THREAD: 10000
SLOOPY VALUE: 512
TIME: 0.009957
SUM: 370000
THREADS: 37
COUNT PER THREAD: 10000
SLOOPY VALUE: 512
TIME: 0.023053
SUM: 370000
THREADS: 37
COUNT PER THREAD: 10000
SLOOPY VALUE: 512
TIME: 0.017247
SUM: 370000
THREADS: 38
COUNT PER THREAD: 10000
SLOOPY VALUE: 512
TIME: 0.010133
SUM: 380000
THREADS: 38
COUNT PER THREAD: 10000
SLOOPY VALUE: 512
TIME: 0.010345
SUM: 380000
THREADS: 38
COUNT PER THREAD: 10000
SLOOPY VALUE: 512
TIME: 0.010304
SUM: 380000
THREADS: 38
COUNT PER THREAD: 10000
SLOOPY VALUE: 512
TIME: 0.010188
SUM: 380000
THREADS: 38
COUNT PER THREAD: 10000
SLOOPY VALUE: 512
TIME: 0.010208
SUM: 380000
THREADS: 38
COUNT PER THREAD: 10000
SLOOPY VALUE: 512
TIME: 0.010233
SUM: 380000
THREADS: 38
COUNT PER THREAD: 10000
SLOOPY VALUE: 512
TIME: 0.010252
SUM: 380000
THREADS: 38
COUNT PER THREAD: 10000
SLOOPY VALUE: 512
TIME: 0.037035
SUM: 380000
THREADS: 38
COUNT PER THREAD: 10000
SLOOPY VALUE: 512
TIME: 0.014480
SUM: 380000
THREADS: 38
COUNT PER THREAD: 10000
SLOOPY VALUE: 512
TIME: 0.010432
SUM: 380000
THREADS: 39
COUNT PER THREAD: 10000
SLOOPY VALUE: 512
TIME: 0.011044
SUM: 390000
THREADS: 39
COUNT PER THREAD: 10000
SLOOPY VALUE: 512
TIME: 0.010611
SUM: 390000
THREADS: 39
COUNT PER THREAD: 10000
SLOOPY VALUE: 512
TIME: 0.010470
SUM: 390000
THREADS: 39
COUNT PER THREAD: 10000
SLOOPY VALUE: 512
TIME: 0.011410
SUM: 390000
THREADS: 39
COUNT PER THREAD: 10000
SLOOPY VALUE: 512
TIME: 0.010691
SUM: 390000
THREADS: 39
COUNT PER THREAD: 10000
SLOOPY VALUE: 512
TIME: 0.010300
SUM: 390000
THREADS: 39
COUNT PER THREAD: 10000
SLOOPY VALUE: 512
TIME: 0.011247
SUM: 390000
THREADS: 39
COUNT PER THREAD: 10000
SLOOPY VALUE: 512
TIME: 0.027074
SUM: 390000
THREADS: 39
COUNT PER THREAD: 10000
SLOOPY VALUE: 512
TIME: 0.021888
SUM: 390000
THREADS: 39
COUNT PER THREAD: 10000
SLOOPY VALUE: 512
TIME: 0.011022
SUM: 390000
THREADS: 40
COUNT PER THREAD: 10000
SLOOPY VALUE: 512
TIME: 0.010833
SUM: 400000
THREADS: 40
COUNT PER THREAD: 10000
SLOOPY VALUE: 512
TIME: 0.013622
SUM: 400000
THREADS: 40
COUNT PER THREAD: 10000
SLOOPY VALUE: 512
TIME: 0.011367
SUM: 400000
THREADS: 40
COUNT PER THREAD: 10000
SLOOPY VALUE: 512
TIME: 0.010552
SUM: 400000
THREADS: 40
COUNT PER THREAD: 10000
SLOOPY VALUE: 512
TIME: 0.019926
SUM: 400000
THREADS: 40
COUNT PER THREAD: 10000
SLOOPY VALUE: 512
TIME: 0.025647
SUM: 400000
THREADS: 40
COUNT PER THREAD: 10000
SLOOPY VALUE: 512
TIME: 0.010555
SUM: 400000
THREADS: 40
COUNT PER THREAD: 10000
SLOOPY VALUE: 512
TIME: 0.010980
SUM: 400000
THREADS: 40
COUNT PER THREAD: 10000
SLOOPY VALUE: 512
TIME: 0.010573
SUM: 400000
THREADS: 40
COUNT PER THREAD: 10000
SLOOPY VALUE: 512
TIME: 0.010442
SUM: 400000
THREADS: 41
COUNT PER THREAD: 10000
SLOOPY VALUE: 512
TIME: 0.010767
SUM: 410000
THREADS: 41
COUNT PER THREAD: 10000
SLOOPY VALUE: 512
TIME: 0.011210
SUM: 410000
THREADS: 41
COUNT PER THREAD: 10000
SLOOPY VALUE: 512
TIME: 0.018554
SUM: 410000
THREADS: 41
COUNT PER THREAD: 10000
SLOOPY VALUE: 512
TIME: 0.027712
SUM: 410000
THREADS: 41
COUNT PER THREAD: 10000
SLOOPY VALUE: 512
TIME: 0.011625
SUM: 410000
THREADS: 41
COUNT PER THREAD: 10000
SLOOPY VALUE: 512
TIME: 0.014798
SUM: 410000
THREADS: 41
COUNT PER THREAD: 10000
SLOOPY VALUE: 512
TIME: 0.012349
SUM: 410000
THREADS: 41
COUNT PER THREAD: 10000
SLOOPY VALUE: 512
TIME: 0.010739
SUM: 410000
THREADS: 41
COUNT PER THREAD: 10000
SLOOPY VALUE: 512
TIME: 0.013603
SUM: 410000
THREADS: 41
COUNT PER THREAD: 10000
SLOOPY VALUE: 512
TIME: 0.013127
SUM: 410000
THREADS: 42
COUNT PER THREAD: 10000
SLOOPY VALUE: 512
TIME: 0.011339
SUM: 420000
THREADS: 42
COUNT PER THREAD: 10000
SLOOPY VALUE: 512
TIME: 0.012533
SUM: 420000
THREADS: 42
COUNT PER THREAD: 10000
SLOOPY VALUE: 512
TIME: 0.012934
SUM: 420000
THREADS: 42
COUNT PER THREAD: 10000
SLOOPY VALUE: 512
TIME: 0.013330
SUM: 420000
THREADS: 42
COUNT PER THREAD: 10000
SLOOPY VALUE: 512
TIME: 0.011737
SUM: 420000
THREADS: 42
COUNT PER THREAD: 10000
SLOOPY VALUE: 512
TIME: 0.011412
SUM: 420000
THREADS: 42
COUNT PER THREAD: 10000
SLOOPY VALUE: 512
TIME: 0.014448
SUM: 420000
THREADS: 42
COUNT PER THREAD: 10000
SLOOPY VALUE: 512
TIME: 0.011122
SUM: 420000
THREADS: 42
COUNT PER THREAD: 10000
SLOOPY VALUE: 512
TIME: 0.013394
SUM: 420000
THREADS: 42
COUNT PER THREAD: 10000
SLOOPY VALUE: 512
TIME: 0.011229
SUM: 420000
THREADS: 43
COUNT PER THREAD: 10000
SLOOPY VALUE: 512
TIME: 0.014198
SUM: 430000
THREADS: 43
COUNT PER THREAD: 10000
SLOOPY VALUE: 512
TIME: 0.013453
SUM: 430000
THREADS: 43
COUNT PER THREAD: 10000
SLOOPY VALUE: 512
TIME: 0.012409
SUM: 430000
THREADS: 43
COUNT PER THREAD: 10000
SLOOPY VALUE: 512
TIME: 0.014056
SUM: 430000
THREADS: 43
COUNT PER THREAD: 10000
SLOOPY VALUE: 512
TIME: 0.013628
SUM: 430000
THREADS: 43
COUNT PER THREAD: 10000
SLOOPY VALUE: 512
TIME: 0.012360
SUM: 430000
THREADS: 43
COUNT PER THREAD: 10000
SLOOPY VALUE: 512
TIME: 0.013649
SUM: 430000
THREADS: 43
COUNT PER THREAD: 10000
SLOOPY VALUE: 512
TIME: 0.012953
SUM: 430000
THREADS: 43
COUNT PER THREAD: 10000
SLOOPY VALUE: 512
TIME: 0.011408
SUM: 430000
THREADS: 43
COUNT PER THREAD: 10000
SLOOPY VALUE: 512
TIME: 0.011562
SUM: 430000
THREADS: 44
COUNT PER THREAD: 10000
SLOOPY VALUE: 512
TIME: 0.013342
SUM: 440000
THREADS: 44
COUNT PER THREAD: 10000
SLOOPY VALUE: 512
TIME: 0.013880
SUM: 440000
THREADS: 44
COUNT PER THREAD: 10000
SLOOPY VALUE: 512
TIME: 0.014484
SUM: 440000
THREADS: 44
COUNT PER THREAD: 10000
SLOOPY VALUE: 512
TIME: 0.013290
SUM: 440000
THREADS: 44
COUNT PER THREAD: 10000
SLOOPY VALUE: 512
TIME: 0.012922
SUM: 440000
THREADS: 44
COUNT PER THREAD: 10000
SLOOPY VALUE: 512
TIME: 0.014208
SUM: 440000
THREADS: 44
COUNT PER THREAD: 10000
SLOOPY VALUE: 512
TIME: 0.014194
SUM: 440000
THREADS: 44
COUNT PER THREAD: 10000
SLOOPY VALUE: 512
TIME: 0.012590
SUM: 440000
THREADS: 44
COUNT PER THREAD: 10000
SLOOPY VALUE: 512
TIME: 0.011966
SUM: 440000
THREADS: 44
COUNT PER THREAD: 10000
SLOOPY VALUE: 512
TIME: 0.013934
SUM: 440000
THREADS: 45
COUNT PER THREAD: 10000
SLOOPY VALUE: 512
TIME: 0.012115
SUM: 450000
THREADS: 45
COUNT PER THREAD: 10000
SLOOPY VALUE: 512
TIME: 0.014471
SUM: 450000
THREADS: 45
COUNT PER THREAD: 10000
SLOOPY VALUE: 512
TIME: 0.014475
SUM: 450000
THREADS: 45
COUNT PER THREAD: 10000
SLOOPY VALUE: 512
TIME: 0.013206
SUM: 450000
THREADS: 45
COUNT PER THREAD: 10000
SLOOPY VALUE: 512
TIME: 0.012617
SUM: 450000
THREADS: 45
COUNT PER THREAD: 10000
SLOOPY VALUE: 512
TIME: 0.014437
SUM: 450000
THREADS: 45
COUNT PER THREAD: 10000
SLOOPY VALUE: 512
TIME: 0.013171
SUM: 450000
THREADS: 45
COUNT PER THREAD: 10000
SLOOPY VALUE: 512
TIME: 0.012115
SUM: 450000
THREADS: 45
COUNT PER THREAD: 10000
SLOOPY VALUE: 512
TIME: 0.013060
SUM: 450000
THREADS: 45
COUNT PER THREAD: 10000
SLOOPY VALUE: 512
TIME: 0.017040
SUM: 450000
THREADS: 46
COUNT PER THREAD: 10000
SLOOPY VALUE: 512
TIME: 0.012089
SUM: 460000
THREADS: 46
COUNT PER THREAD: 10000
SLOOPY VALUE: 512
TIME: 0.011946
SUM: 460000
THREADS: 46
COUNT PER THREAD: 10000
SLOOPY VALUE: 512
TIME: 0.011730
SUM: 460000
THREADS: 46
COUNT PER THREAD: 10000
SLOOPY VALUE: 512
TIME: 0.013014
SUM: 460000
THREADS: 46
COUNT PER THREAD: 10000
SLOOPY VALUE: 512
TIME: 0.012130
SUM: 460000
THREADS: 46
COUNT PER THREAD: 10000
SLOOPY VALUE: 512
TIME: 0.015089
SUM: 460000
THREADS: 46
COUNT PER THREAD: 10000
SLOOPY VALUE: 512
TIME: 0.012367
SUM: 460000
THREADS: 46
COUNT PER THREAD: 10000
SLOOPY VALUE: 512
TIME: 0.015844
SUM: 460000
THREADS: 46
COUNT PER THREAD: 10000
SLOOPY VALUE: 512
TIME: 0.013483
SUM: 460000
THREADS: 46
COUNT PER THREAD: 10000
SLOOPY VALUE: 512
TIME: 0.012828
SUM: 460000
THREADS: 47
COUNT PER THREAD: 10000
SLOOPY VALUE: 512
TIME: 0.020076
SUM: 470000
THREADS: 47
COUNT PER THREAD: 10000
SLOOPY VALUE: 512
TIME: 0.014229
SUM: 470000
THREADS: 47
COUNT PER THREAD: 10000
SLOOPY VALUE: 512
TIME: 0.014831
SUM: 470000
THREADS: 47
COUNT PER THREAD: 10000
SLOOPY VALUE: 512
TIME: 0.013526
SUM: 470000
THREADS: 47
COUNT PER THREAD: 10000
SLOOPY VALUE: 512
TIME: 0.012933
SUM: 470000
THREADS: 47
COUNT PER THREAD: 10000
SLOOPY VALUE: 512
TIME: 0.013219
SUM: 470000
THREADS: 47
COUNT PER THREAD: 10000
SLOOPY VALUE: 512
TIME: 0.032234
SUM: 470000
THREADS: 47
COUNT PER THREAD: 10000
SLOOPY VALUE: 512
TIME: 0.022833
SUM: 470000
THREADS: 47
COUNT PER THREAD: 10000
SLOOPY VALUE: 512
TIME: 0.014621
SUM: 470000
THREADS: 47
COUNT PER THREAD: 10000
SLOOPY VALUE: 512
TIME: 0.012852
SUM: 470000
THREADS: 48
COUNT PER THREAD: 10000
SLOOPY VALUE: 512
TIME: 0.032218
SUM: 480000
THREADS: 48
COUNT PER THREAD: 10000
SLOOPY VALUE: 512
TIME: 0.013026
SUM: 480000
THREADS: 48
COUNT PER THREAD: 10000
SLOOPY VALUE: 512
TIME: 0.015008
SUM: 480000
THREADS: 48
COUNT PER THREAD: 10000
SLOOPY VALUE: 512
TIME: 0.012684
SUM: 480000
THREADS: 48
COUNT PER THREAD: 10000
SLOOPY VALUE: 512
TIME: 0.014328
SUM: 480000
THREADS: 48
COUNT PER THREAD: 10000
SLOOPY VALUE: 512
TIME: 0.012710
SUM: 480000
THREADS: 48
COUNT PER THREAD: 10000
SLOOPY VALUE: 512
TIME: 0.013419
SUM: 480000
THREADS: 48
COUNT PER THREAD: 10000
SLOOPY VALUE: 512
TIME: 0.035584
SUM: 480000
THREADS: 48
COUNT PER THREAD: 10000
SLOOPY VALUE: 512
TIME: 0.013813
SUM: 480000
THREADS: 48
COUNT PER THREAD: 10000
SLOOPY VALUE: 512
TIME: 0.017227
SUM: 480000
THREADS: 49
COUNT PER THREAD: 10000
SLOOPY VALUE: 512
TIME: 0.018049
SUM: 490000
THREADS: 49
COUNT PER THREAD: 10000
SLOOPY VALUE: 512
TIME: 0.013978
SUM: 490000
THREADS: 49
COUNT PER THREAD: 10000
SLOOPY VALUE: 512
TIME: 0.015171
SUM: 490000
THREADS: 49
COUNT PER THREAD: 10000
SLOOPY VALUE: 512
TIME: 0.016339
SUM: 490000
THREADS: 49
COUNT PER THREAD: 10000
SLOOPY VALUE: 512
TIME: 0.014281
SUM: 490000
THREADS: 49
COUNT PER THREAD: 10000
SLOOPY VALUE: 512
TIME: 0.015094
SUM: 490000
THREADS: 49
COUNT PER THREAD: 10000
SLOOPY VALUE: 512
TIME: 0.039022
SUM: 490000
THREADS: 49
COUNT PER THREAD: 10000
SLOOPY VALUE: 512
TIME: 0.014560
SUM: 490000
THREADS: 49
COUNT PER THREAD: 10000
SLOOPY VALUE: 512
TIME: 0.015565
SUM: 490000
THREADS: 49
COUNT PER THREAD: 10000
SLOOPY VALUE: 512
TIME: 0.016205
SUM: 490000
THREADS: 50
COUNT PER THREAD: 10000
SLOOPY VALUE: 512
TIME: 0.029390
SUM: 500000
THREADS: 50
COUNT PER THREAD: 10000
SLOOPY VALUE: 512
TIME: 0.017336
SUM: 500000
THREADS: 50
COUNT PER THREAD: 10000
SLOOPY VALUE: 512
TIME: 0.015761
SUM: 500000
THREADS: 50
COUNT PER THREAD: 10000
SLOOPY VALUE: 512
TIME: 0.016808
SUM: 500000
THREADS: 50
COUNT PER THREAD: 10000
SLOOPY VALUE: 512
TIME: 0.012891
SUM: 500000
THREADS: 50
COUNT PER THREAD: 10000
SLOOPY VALUE: 512
TIME: 0.013455
SUM: 500000
THREADS: 50
COUNT PER THREAD: 10000
SLOOPY VALUE: 512
TIME: 0.012978
SUM: 500000
THREADS: 50
COUNT PER THREAD: 10000
SLOOPY VALUE: 512
TIME: 0.032924
SUM: 500000
THREADS: 50
COUNT PER THREAD: 10000
SLOOPY VALUE: 512
TIME: 0.018098
SUM: 500000
THREADS: 50
COUNT PER THREAD: 10000
SLOOPY VALUE: 512
TIME: 0.014500
SUM: 500000
THREADS: 51
COUNT PER THREAD: 10000
SLOOPY VALUE: 512
TIME: 0.012903
SUM: 510000
THREADS: 51
COUNT PER THREAD: 10000
SLOOPY VALUE: 512
TIME: 0.021876
SUM: 510000
THREADS: 51
COUNT PER THREAD: 10000
SLOOPY VALUE: 512
TIME: 0.030346
SUM: 510000
THREADS: 51
COUNT PER THREAD: 10000
SLOOPY VALUE: 512
TIME: 0.013505
SUM: 510000
THREADS: 51
COUNT PER THREAD: 10000
SLOOPY VALUE: 512
TIME: 0.013293
SUM: 510000
THREADS: 51
COUNT PER THREAD: 10000
SLOOPY VALUE: 512
TIME: 0.013150
SUM: 510000
THREADS: 51
COUNT PER THREAD: 10000
SLOOPY VALUE: 512
TIME: 0.012825
SUM: 510000
THREADS: 51
COUNT PER THREAD: 10000
SLOOPY VALUE: 512
TIME: 0.013108
SUM: 510000
THREADS: 51
COUNT PER THREAD: 10000
SLOOPY VALUE: 512
TIME: 0.013087
SUM: 510000
THREADS: 51
COUNT PER THREAD: 10000
SLOOPY VALUE: 512
TIME: 0.032473
SUM: 510000
THREADS: 52
COUNT PER THREAD: 10000
SLOOPY VALUE: 512
TIME: 0.013552
SUM: 520000
THREADS: 52
COUNT PER THREAD: 10000
SLOOPY VALUE: 512
TIME: 0.012839
SUM: 520000
THREADS: 52
COUNT PER THREAD: 10000
SLOOPY VALUE: 512
TIME: 0.013788
SUM: 520000
THREADS: 52
COUNT PER THREAD: 10000
SLOOPY VALUE: 512
TIME: 0.015198
SUM: 520000
THREADS: 52
COUNT PER THREAD: 10000
SLOOPY VALUE: 512
TIME: 0.016152
SUM: 520000
THREADS: 52
COUNT PER THREAD: 10000
SLOOPY VALUE: 512
TIME: 0.042469
SUM: 520000
THREADS: 52
COUNT PER THREAD: 10000
SLOOPY VALUE: 512
TIME: 0.018337
SUM: 520000
THREADS: 52
COUNT PER THREAD: 10000
SLOOPY VALUE: 512
TIME: 0.017083
SUM: 520000
THREADS: 52
COUNT PER THREAD: 10000
SLOOPY VALUE: 512
TIME: 0.016877
SUM: 520000
THREADS: 52
COUNT PER THREAD: 10000
SLOOPY VALUE: 512
TIME: 0.014303
SUM: 520000
THREADS: 53
COUNT PER THREAD: 10000
SLOOPY VALUE: 512
TIME: 0.022305
SUM: 530000
THREADS: 53
COUNT PER THREAD: 10000
SLOOPY VALUE: 512
TIME: 0.021882
SUM: 530000
THREADS: 53
COUNT PER THREAD: 10000
SLOOPY VALUE: 512
TIME: 0.013399
SUM: 530000
THREADS: 53
COUNT PER THREAD: 10000
SLOOPY VALUE: 512
TIME: 0.013404
SUM: 530000
THREADS: 53
COUNT PER THREAD: 10000
SLOOPY VALUE: 512
TIME: 0.016396
SUM: 530000
THREADS: 53
COUNT PER THREAD: 10000
SLOOPY VALUE: 512
TIME: 0.014541
SUM: 530000
THREADS: 53
COUNT PER THREAD: 10000
SLOOPY VALUE: 512
TIME: 0.013525
SUM: 530000
THREADS: 53
COUNT PER THREAD: 10000
SLOOPY VALUE: 512
TIME: 0.027091
SUM: 530000
THREADS: 53
COUNT PER THREAD: 10000
SLOOPY VALUE: 512
TIME: 0.015912
SUM: 530000
THREADS: 53
COUNT PER THREAD: 10000
SLOOPY VALUE: 512
TIME: 0.013353
SUM: 530000
THREADS: 54
COUNT PER THREAD: 10000
SLOOPY VALUE: 512
TIME: 0.017830
SUM: 540000
THREADS: 54
COUNT PER THREAD: 10000
SLOOPY VALUE: 512
TIME: 0.040456
SUM: 540000
THREADS: 54
COUNT PER THREAD: 10000
SLOOPY VALUE: 512
TIME: 0.027277
SUM: 540000
THREADS: 54
COUNT PER THREAD: 10000
SLOOPY VALUE: 512
TIME: 0.016424
SUM: 540000
THREADS: 54
COUNT PER THREAD: 10000
SLOOPY VALUE: 512
TIME: 0.016558
SUM: 540000
THREADS: 54
COUNT PER THREAD: 10000
SLOOPY VALUE: 512
TIME: 0.019623
SUM: 540000
THREADS: 54
COUNT PER THREAD: 10000
SLOOPY VALUE: 512
TIME: 0.016759
SUM: 540000
THREADS: 54
COUNT PER THREAD: 10000
SLOOPY VALUE: 512
TIME: 0.036758
SUM: 540000
THREADS: 54
COUNT PER THREAD: 10000
SLOOPY VALUE: 512
TIME: 0.016027
SUM: 540000
THREADS: 54
COUNT PER THREAD: 10000
SLOOPY VALUE: 512
TIME: 0.017179
SUM: 540000
THREADS: 55
COUNT PER THREAD: 10000
SLOOPY VALUE: 512
TIME: 0.018784
SUM: 550000
THREADS: 55
COUNT PER THREAD: 10000
SLOOPY VALUE: 512
TIME: 0.019035
SUM: 550000
THREADS: 55
COUNT PER THREAD: 10000
SLOOPY VALUE: 512
TIME: 0.014989
SUM: 550000
THREADS: 55
COUNT PER THREAD: 10000
SLOOPY VALUE: 512
TIME: 0.014436
SUM: 550000
THREADS: 55
COUNT PER THREAD: 10000
SLOOPY VALUE: 512
TIME: 0.022512
SUM: 550000
THREADS: 55
COUNT PER THREAD: 10000
SLOOPY VALUE: 512
TIME: 0.026370
SUM: 550000
THREADS: 55
COUNT PER THREAD: 10000
SLOOPY VALUE: 512
TIME: 0.014510
SUM: 550000
THREADS: 55
COUNT PER THREAD: 10000
SLOOPY VALUE: 512
TIME: 0.014577
SUM: 550000
THREADS: 55
COUNT PER THREAD: 10000
SLOOPY VALUE: 512
TIME: 0.014824
SUM: 550000
THREADS: 55
COUNT PER THREAD: 10000
SLOOPY VALUE: 512
TIME: 0.014495
SUM: 550000
THREADS: 56
COUNT PER THREAD: 10000
SLOOPY VALUE: 512
TIME: 0.034569
SUM: 560000
THREADS: 56
COUNT PER THREAD: 10000
SLOOPY VALUE: 512
TIME: 0.037074
SUM: 560000
THREADS: 56
COUNT PER THREAD: 10000
SLOOPY VALUE: 512
TIME: 0.018276
SUM: 560000
THREADS: 56
COUNT PER THREAD: 10000
SLOOPY VALUE: 512
TIME: 0.020090
SUM: 560000
THREADS: 56
COUNT PER THREAD: 10000
SLOOPY VALUE: 512
TIME: 0.018617
SUM: 560000
THREADS: 56
COUNT PER THREAD: 10000
SLOOPY VALUE: 512
TIME: 0.016438
SUM: 560000
THREADS: 56
COUNT PER THREAD: 10000
SLOOPY VALUE: 512
TIME: 0.044770
SUM: 560000
THREADS: 56
COUNT PER THREAD: 10000
SLOOPY VALUE: 512
TIME: 0.017645
SUM: 560000
THREADS: 56
COUNT PER THREAD: 10000
SLOOPY VALUE: 512
TIME: 0.015970
SUM: 560000
THREADS: 56
COUNT PER THREAD: 10000
SLOOPY VALUE: 512
TIME: 0.019405
SUM: 560000
THREADS: 57
COUNT PER THREAD: 10000
SLOOPY VALUE: 512
TIME: 0.015793
SUM: 570000
THREADS: 57
COUNT PER THREAD: 10000
SLOOPY VALUE: 512
TIME: 0.015200
SUM: 570000
THREADS: 57
COUNT PER THREAD: 10000
SLOOPY VALUE: 512
TIME: 0.015552
SUM: 570000
THREADS: 57
COUNT PER THREAD: 10000
SLOOPY VALUE: 512
TIME: 0.015293
SUM: 570000
THREADS: 57
COUNT PER THREAD: 10000
SLOOPY VALUE: 512
TIME: 0.032055
SUM: 570000
THREADS: 57
COUNT PER THREAD: 10000
SLOOPY VALUE: 512
TIME: 0.015513
SUM: 570000
THREADS: 57
COUNT PER THREAD: 10000
SLOOPY VALUE: 512
TIME: 0.015138
SUM: 570000
THREADS: 57
COUNT PER THREAD: 10000
SLOOPY VALUE: 512
TIME: 0.015103
SUM: 570000
THREADS: 57
COUNT PER THREAD: 10000
SLOOPY VALUE: 512
TIME: 0.015130
SUM: 570000
THREADS: 57
COUNT PER THREAD: 10000
SLOOPY VALUE: 512
TIME: 0.015566
SUM: 570000
THREADS: 58
COUNT PER THREAD: 10000
SLOOPY VALUE: 512
TIME: 0.015850
SUM: 580000
THREADS: 58
COUNT PER THREAD: 10000
SLOOPY VALUE: 512
TIME: 0.044634
SUM: 580000
THREADS: 58
COUNT PER THREAD: 10000
SLOOPY VALUE: 512
TIME: 0.015842
SUM: 580000
THREADS: 58
COUNT PER THREAD: 10000
SLOOPY VALUE: 512
TIME: 0.016589
SUM: 580000
THREADS: 58
COUNT PER THREAD: 10000
SLOOPY VALUE: 512
TIME: 0.016228
SUM: 580000
THREADS: 58
COUNT PER THREAD: 10000
SLOOPY VALUE: 512
TIME: 0.015955
SUM: 580000
THREADS: 58
COUNT PER THREAD: 10000
SLOOPY VALUE: 512
TIME: 0.015427
SUM: 580000
THREADS: 58
COUNT PER THREAD: 10000
SLOOPY VALUE: 512
TIME: 0.032090
SUM: 580000
THREADS: 58
COUNT PER THREAD: 10000
SLOOPY VALUE: 512
TIME: 0.018717
SUM: 580000
THREADS: 58
COUNT PER THREAD: 10000
SLOOPY VALUE: 512
TIME: 0.016482
SUM: 580000
THREADS: 59
COUNT PER THREAD: 10000
SLOOPY VALUE: 512
TIME: 0.020776
SUM: 590000
THREADS: 59
COUNT PER THREAD: 10000
SLOOPY VALUE: 512
TIME: 0.043105
SUM: 590000
THREADS: 59
COUNT PER THREAD: 10000
SLOOPY VALUE: 512
TIME: 0.016765
SUM: 590000
THREADS: 59
COUNT PER THREAD: 10000
SLOOPY VALUE: 512
TIME: 0.017772
SUM: 590000
THREADS: 59
COUNT PER THREAD: 10000
SLOOPY VALUE: 512
TIME: 0.019061
SUM: 590000
THREADS: 59
COUNT PER THREAD: 10000
SLOOPY VALUE: 512
TIME: 0.015714
SUM: 590000
THREADS: 59
COUNT PER THREAD: 10000
SLOOPY VALUE: 512
TIME: 0.015938
SUM: 590000
THREADS: 59
COUNT PER THREAD: 10000
SLOOPY VALUE: 512
TIME: 0.039872
SUM: 590000
THREADS: 59
COUNT PER THREAD: 10000
SLOOPY VALUE: 512
TIME: 0.018402
SUM: 590000
THREADS: 59
COUNT PER THREAD: 10000
SLOOPY VALUE: 512
TIME: 0.015763
SUM: 590000
THREADS: 60
COUNT PER THREAD: 10000
SLOOPY VALUE: 512
TIME: 0.020734
SUM: 600000
THREADS: 60
COUNT PER THREAD: 10000
SLOOPY VALUE: 512
TIME: 0.018662
SUM: 600000
THREADS: 60
COUNT PER THREAD: 10000
SLOOPY VALUE: 512
TIME: 0.017363
SUM: 600000
THREADS: 60
COUNT PER THREAD: 10000
SLOOPY VALUE: 512
TIME: 0.017182
SUM: 600000
THREADS: 60
COUNT PER THREAD: 10000
SLOOPY VALUE: 512
TIME: 0.048949
SUM: 600000
THREADS: 60
COUNT PER THREAD: 10000
SLOOPY VALUE: 512
TIME: 0.016879
SUM: 600000
THREADS: 60
COUNT PER THREAD: 10000
SLOOPY VALUE: 512
TIME: 0.019401
SUM: 600000
THREADS: 60
COUNT PER THREAD: 10000
SLOOPY VALUE: 512
TIME: 0.021256
SUM: 600000
THREADS: 60
COUNT PER THREAD: 10000
SLOOPY VALUE: 512
TIME: 0.021780
SUM: 600000
THREADS: 60
COUNT PER THREAD: 10000
SLOOPY VALUE: 512
TIME: 0.030915
SUM: 600000
THREADS: 61
COUNT PER THREAD: 10000
SLOOPY VALUE: 512
TIME: 0.020018
SUM: 610000
THREADS: 61
COUNT PER THREAD: 10000
SLOOPY VALUE: 512
TIME: 0.021684
SUM: 610000
THREADS: 61
COUNT PER THREAD: 10000
SLOOPY VALUE: 512
TIME: 0.051060
SUM: 610000
THREADS: 61
COUNT PER THREAD: 10000
SLOOPY VALUE: 512
TIME: 0.020935
SUM: 610000
THREADS: 61
COUNT PER THREAD: 10000
SLOOPY VALUE: 512
TIME: 0.019409
SUM: 610000
THREADS: 61
COUNT PER THREAD: 10000
SLOOPY VALUE: 512
TIME: 0.021152
SUM: 610000
THREADS: 61
COUNT PER THREAD: 10000
SLOOPY VALUE: 512
TIME: 0.021714
SUM: 610000
THREADS: 61
COUNT PER THREAD: 10000
SLOOPY VALUE: 512
TIME: 0.043447
SUM: 610000
THREADS: 61
COUNT PER THREAD: 10000
SLOOPY VALUE: 512
TIME: 0.020270
SUM: 610000
THREADS: 61
COUNT PER THREAD: 10000
SLOOPY VALUE: 512
TIME: 0.024510
SUM: 610000
THREADS: 62
COUNT PER THREAD: 10000
SLOOPY VALUE: 512
TIME: 0.016935
SUM: 620000
THREADS: 62
COUNT PER THREAD: 10000
SLOOPY VALUE: 512
TIME: 0.022578
SUM: 620000
THREADS: 62
COUNT PER THREAD: 10000
SLOOPY VALUE: 512
TIME: 0.039682
SUM: 620000
THREADS: 62
COUNT PER THREAD: 10000
SLOOPY VALUE: 512
TIME: 0.030230
SUM: 620000
THREADS: 62
COUNT PER THREAD: 10000
SLOOPY VALUE: 512
TIME: 0.019148
SUM: 620000
THREADS: 62
COUNT PER THREAD: 10000
SLOOPY VALUE: 512
TIME: 0.019137
SUM: 620000
THREADS: 62
COUNT PER THREAD: 10000
SLOOPY VALUE: 512
TIME: 0.018204
SUM: 620000
THREADS: 62
COUNT PER THREAD: 10000
SLOOPY VALUE: 512
TIME: 0.029710
SUM: 620000
THREADS: 62
COUNT PER THREAD: 10000
SLOOPY VALUE: 512
TIME: 0.037578
SUM: 620000
THREADS: 62
COUNT PER THREAD: 10000
SLOOPY VALUE: 512
TIME: 0.022128
SUM: 620000
THREADS: 63
COUNT PER THREAD: 10000
SLOOPY VALUE: 512
TIME: 0.025551
SUM: 630000
THREADS: 63
COUNT PER THREAD: 10000
SLOOPY VALUE: 512
TIME: 0.026369
SUM: 630000
THREADS: 63
COUNT PER THREAD: 10000
SLOOPY VALUE: 512
TIME: 0.018776
SUM: 630000
THREADS: 63
COUNT PER THREAD: 10000
SLOOPY VALUE: 512
TIME: 0.017153
SUM: 630000
THREADS: 63
COUNT PER THREAD: 10000
SLOOPY VALUE: 512
TIME: 0.016678
SUM: 630000
THREADS: 63
COUNT PER THREAD: 10000
SLOOPY VALUE: 512
TIME: 0.016840
SUM: 630000
THREADS: 63
COUNT PER THREAD: 10000
SLOOPY VALUE: 512
TIME: 0.039264
SUM: 630000
THREADS: 63
COUNT PER THREAD: 10000
SLOOPY VALUE: 512
TIME: 0.017822
SUM: 630000
THREADS: 63
COUNT PER THREAD: 10000
SLOOPY VALUE: 512
TIME: 0.018064
SUM: 630000
THREADS: 63
COUNT PER THREAD: 10000
SLOOPY VALUE: 512
TIME: 0.021252
SUM: 630000
THREADS: 64
COUNT PER THREAD: 10000
SLOOPY VALUE: 512
TIME: 0.020089
SUM: 640000
THREADS: 64
COUNT PER THREAD: 10000
SLOOPY VALUE: 512
TIME: 0.018817
SUM: 640000
THREADS: 64
COUNT PER THREAD: 10000
SLOOPY VALUE: 512
TIME: 0.027320
SUM: 640000
THREADS: 64
COUNT PER THREAD: 10000
SLOOPY VALUE: 512
TIME: 0.059921
SUM: 640000
THREADS: 64
COUNT PER THREAD: 10000
SLOOPY VALUE: 512
TIME: 0.023878
SUM: 640000
THREADS: 64
COUNT PER THREAD: 10000
SLOOPY VALUE: 512
TIME: 0.019808
SUM: 640000
THREADS: 64
COUNT PER THREAD: 10000
SLOOPY VALUE: 512
TIME: 0.021416
SUM: 640000
THREADS: 64
COUNT PER THREAD: 10000
SLOOPY VALUE: 512
TIME: 0.023160
SUM: 640000
THREADS: 64
COUNT PER THREAD: 10000
SLOOPY VALUE: 512
TIME: 0.038534
SUM: 640000
THREADS: 64
COUNT PER THREAD: 10000
SLOOPY VALUE: 512
TIME: 0.018788
SUM: 640000
THREADS: 65
COUNT PER THREAD: 10000
SLOOPY VALUE: 512
TIME: 0.020742
SUM: 650000
THREADS: 65
COUNT PER THREAD: 10000
SLOOPY VALUE: 512
TIME: 0.022758
SUM: 650000
THREADS: 65
COUNT PER THREAD: 10000
SLOOPY VALUE: 512
TIME: 0.051956
SUM: 650000
THREADS: 65
COUNT PER THREAD: 10000
SLOOPY VALUE: 512
TIME: 0.021868
SUM: 650000
THREADS: 65
COUNT PER THREAD: 10000
SLOOPY VALUE: 512
TIME: 0.021782
SUM: 650000
THREADS: 65
COUNT PER THREAD: 10000
SLOOPY VALUE: 512
TIME: 0.018346
SUM: 650000
THREADS: 65
COUNT PER THREAD: 10000
SLOOPY VALUE: 512
TIME: 0.018961
SUM: 650000
THREADS: 65
COUNT PER THREAD: 10000
SLOOPY VALUE: 512
TIME: 0.046823
SUM: 650000
THREADS: 65
COUNT PER THREAD: 10000
SLOOPY VALUE: 512
TIME: 0.022472
SUM: 650000
THREADS: 65
COUNT PER THREAD: 10000
SLOOPY VALUE: 512
TIME: 0.021425
SUM: 650000
THREADS: 66
COUNT PER THREAD: 10000
SLOOPY VALUE: 512
TIME: 0.022656
SUM: 660000
THREADS: 66
COUNT PER THREAD: 10000
SLOOPY VALUE: 512
TIME: 0.019305
SUM: 660000
THREADS: 66
COUNT PER THREAD: 10000
SLOOPY VALUE: 512
TIME: 0.047709
SUM: 660000
THREADS: 66
COUNT PER THREAD: 10000
SLOOPY VALUE: 512
TIME: 0.021257
SUM: 660000
THREADS: 66
COUNT PER THREAD: 10000
SLOOPY VALUE: 512
TIME: 0.022401
SUM: 660000
THREADS: 66
COUNT PER THREAD: 10000
SLOOPY VALUE: 512
TIME: 0.019280
SUM: 660000
THREADS: 66
COUNT PER THREAD: 10000
SLOOPY VALUE: 512
TIME: 0.019552
SUM: 660000
THREADS: 66
COUNT PER THREAD: 10000
SLOOPY VALUE: 512
TIME: 0.042710
SUM: 660000
THREADS: 66
COUNT PER THREAD: 10000
SLOOPY VALUE: 512
TIME: 0.022476
SUM: 660000
THREADS: 66
COUNT PER THREAD: 10000
SLOOPY VALUE: 512
TIME: 0.021097
SUM: 660000
THREADS: 67
COUNT PER THREAD: 10000
SLOOPY VALUE: 512
TIME: 0.021267
SUM: 670000
THREADS: 67
COUNT PER THREAD: 10000
SLOOPY VALUE: 512
TIME: 0.018936
SUM: 670000
THREADS: 67
COUNT PER THREAD: 10000
SLOOPY VALUE: 512
TIME: 0.055497
SUM: 670000
THREADS: 67
COUNT PER THREAD: 10000
SLOOPY VALUE: 512
TIME: 0.023124
SUM: 670000
THREADS: 67
COUNT PER THREAD: 10000
SLOOPY VALUE: 512
TIME: 0.024477
SUM: 670000
THREADS: 67
COUNT PER THREAD: 10000
SLOOPY VALUE: 512
TIME: 0.021827
SUM: 670000
THREADS: 67
COUNT PER THREAD: 10000
SLOOPY VALUE: 512
TIME: 0.030301
SUM: 670000
THREADS: 67
COUNT PER THREAD: 10000
SLOOPY VALUE: 512
TIME: 0.053946
SUM: 670000
THREADS: 67
COUNT PER THREAD: 10000
SLOOPY VALUE: 512
TIME: 0.023921
SUM: 670000
THREADS: 67
COUNT PER THREAD: 10000
SLOOPY VALUE: 512
TIME: 0.022492
SUM: 670000
THREADS: 68
COUNT PER THREAD: 10000
SLOOPY VALUE: 512
TIME: 0.017514
SUM: 680000
THREADS: 68
COUNT PER THREAD: 10000
SLOOPY VALUE: 512
TIME: 0.040718
SUM: 680000
THREADS: 68
COUNT PER THREAD: 10000
SLOOPY VALUE: 512
TIME: 0.017543
SUM: 680000
THREADS: 68
COUNT PER THREAD: 10000
SLOOPY VALUE: 512
TIME: 0.017005
SUM: 680000
THREADS: 68
COUNT PER THREAD: 10000
SLOOPY VALUE: 512
TIME: 0.017515
SUM: 680000
THREADS: 68
COUNT PER THREAD: 10000
SLOOPY VALUE: 512
TIME: 0.019472
SUM: 680000
THREADS: 68
COUNT PER THREAD: 10000
SLOOPY VALUE: 512
TIME: 0.018605
SUM: 680000
THREADS: 68
COUNT PER THREAD: 10000
SLOOPY VALUE: 512
TIME: 0.038143
SUM: 680000
THREADS: 68
COUNT PER THREAD: 10000
SLOOPY VALUE: 512
TIME: 0.017584
SUM: 680000
THREADS: 68
COUNT PER THREAD: 10000
SLOOPY VALUE: 512
TIME: 0.017143
SUM: 680000
THREADS: 69
COUNT PER THREAD: 10000
SLOOPY VALUE: 512
TIME: 0.017931
SUM: 690000
THREADS: 69
COUNT PER THREAD: 10000
SLOOPY VALUE: 512
TIME: 0.017388
SUM: 690000
THREADS: 69
COUNT PER THREAD: 10000
SLOOPY VALUE: 512
TIME: 0.017318
SUM: 690000
THREADS: 69
COUNT PER THREAD: 10000
SLOOPY VALUE: 512
TIME: 0.017004
SUM: 690000
THREADS: 69
COUNT PER THREAD: 10000
SLOOPY VALUE: 512
TIME: 0.017234
SUM: 690000
THREADS: 69
COUNT PER THREAD: 10000
SLOOPY VALUE: 512
TIME: 0.040654
SUM: 690000
THREADS: 69
COUNT PER THREAD: 10000
SLOOPY VALUE: 512
TIME: 0.022107
SUM: 690000
THREADS: 69
COUNT PER THREAD: 10000
SLOOPY VALUE: 512
TIME: 0.017546
SUM: 690000
THREADS: 69
COUNT PER THREAD: 10000
SLOOPY VALUE: 512
TIME: 0.017192
SUM: 690000
THREADS: 69
COUNT PER THREAD: 10000
SLOOPY VALUE: 512
TIME: 0.017588
SUM: 690000
THREADS: 70
COUNT PER THREAD: 10000
SLOOPY VALUE: 512
TIME: 0.042782
SUM: 700000
THREADS: 70
COUNT PER THREAD: 10000
SLOOPY VALUE: 512
TIME: 0.023699
SUM: 700000
THREADS: 70
COUNT PER THREAD: 10000
SLOOPY VALUE: 512
TIME: 0.021121
SUM: 700000
THREADS: 70
COUNT PER THREAD: 10000
SLOOPY VALUE: 512
TIME: 0.018542
SUM: 700000
THREADS: 70
COUNT PER THREAD: 10000
SLOOPY VALUE: 512
TIME: 0.023228
SUM: 700000
THREADS: 70
COUNT PER THREAD: 10000
SLOOPY VALUE: 512
TIME: 0.050336
SUM: 700000
THREADS: 70
COUNT PER THREAD: 10000
SLOOPY VALUE: 512
TIME: 0.018927
SUM: 700000
THREADS: 70
COUNT PER THREAD: 10000
SLOOPY VALUE: 512
TIME: 0.018900
SUM: 700000
THREADS: 70
COUNT PER THREAD: 10000
SLOOPY VALUE: 512
TIME: 0.018951
SUM: 700000
THREADS: 70
COUNT PER THREAD: 10000
SLOOPY VALUE: 512
TIME: 0.019201
SUM: 700000
THREADS: 71
COUNT PER THREAD: 10000
SLOOPY VALUE: 512
TIME: 0.017862
SUM: 710000
THREADS: 71
COUNT PER THREAD: 10000
SLOOPY VALUE: 512
TIME: 0.018493
SUM: 710000
THREADS: 71
COUNT PER THREAD: 10000
SLOOPY VALUE: 512
TIME: 0.018423
SUM: 710000
THREADS: 71
COUNT PER THREAD: 10000
SLOOPY VALUE: 512
TIME: 0.017686
SUM: 710000
THREADS: 71
COUNT PER THREAD: 10000
SLOOPY VALUE: 512
TIME: 0.041004
SUM: 710000
THREADS: 71
COUNT PER THREAD: 10000
SLOOPY VALUE: 512
TIME: 0.017610
SUM: 710000
THREADS: 71
COUNT PER THREAD: 10000
SLOOPY VALUE: 512
TIME: 0.018277
SUM: 710000
THREADS: 71
COUNT PER THREAD: 10000
SLOOPY VALUE: 512
TIME: 0.018424
SUM: 710000
THREADS: 71
COUNT PER THREAD: 10000
SLOOPY VALUE: 512
TIME: 0.017795
SUM: 710000
THREADS: 71
COUNT PER THREAD: 10000
SLOOPY VALUE: 512
TIME: 0.021636
SUM: 710000
THREADS: 72
COUNT PER THREAD: 10000
SLOOPY VALUE: 512
TIME: 0.018074
SUM: 720000
THREADS: 72
COUNT PER THREAD: 10000
SLOOPY VALUE: 512
TIME: 0.019743
SUM: 720000
THREADS: 72
COUNT PER THREAD: 10000
SLOOPY VALUE: 512
TIME: 0.028265
SUM: 720000
THREADS: 72
COUNT PER THREAD: 10000
SLOOPY VALUE: 512
TIME: 0.027622
SUM: 720000
THREADS: 72
COUNT PER THREAD: 10000
SLOOPY VALUE: 512
TIME: 0.018956
SUM: 720000
THREADS: 72
COUNT PER THREAD: 10000
SLOOPY VALUE: 512
TIME: 0.018865
SUM: 720000
THREADS: 72
COUNT PER THREAD: 10000
SLOOPY VALUE: 512
TIME: 0.018207
SUM: 720000
THREADS: 72
COUNT PER THREAD: 10000
SLOOPY VALUE: 512
TIME: 0.018892
SUM: 720000
THREADS: 72
COUNT PER THREAD: 10000
SLOOPY VALUE: 512
TIME: 0.038236
SUM: 720000
THREADS: 72
COUNT PER THREAD: 10000
SLOOPY VALUE: 512
TIME: 0.019046
SUM: 720000
THREADS: 73
COUNT PER THREAD: 10000
SLOOPY VALUE: 512
TIME: 0.021500
SUM: 730000
THREADS: 73
COUNT PER THREAD: 10000
SLOOPY VALUE: 512
TIME: 0.023778
SUM: 730000
THREADS: 73
COUNT PER THREAD: 10000
SLOOPY VALUE: 512
TIME: 0.051059
SUM: 730000
THREADS: 73
COUNT PER THREAD: 10000
SLOOPY VALUE: 512
TIME: 0.018962
SUM: 730000
THREADS: 73
COUNT PER THREAD: 10000
SLOOPY VALUE: 512
TIME: 0.020296
SUM: 730000
THREADS: 73
COUNT PER THREAD: 10000
SLOOPY VALUE: 512
TIME: 0.020741
SUM: 730000
THREADS: 73
COUNT PER THREAD: 10000
SLOOPY VALUE: 512
TIME: 0.020027
SUM: 730000
THREADS: 73
COUNT PER THREAD: 10000
SLOOPY VALUE: 512
TIME: 0.046018
SUM: 730000
THREADS: 73
COUNT PER THREAD: 10000
SLOOPY VALUE: 512
TIME: 0.019878
SUM: 730000
THREADS: 73
COUNT PER THREAD: 10000
SLOOPY VALUE: 512
TIME: 0.019839
SUM: 730000
THREADS: 74
COUNT PER THREAD: 10000
SLOOPY VALUE: 512
TIME: 0.020040
SUM: 740000
THREADS: 74
COUNT PER THREAD: 10000
SLOOPY VALUE: 512
TIME: 0.019755
SUM: 740000
THREADS: 74
COUNT PER THREAD: 10000
SLOOPY VALUE: 512
TIME: 0.051470
SUM: 740000
THREADS: 74
COUNT PER THREAD: 10000
SLOOPY VALUE: 512
TIME: 0.019982
SUM: 740000
THREADS: 74
COUNT PER THREAD: 10000
SLOOPY VALUE: 512
TIME: 0.020325
SUM: 740000
THREADS: 74
COUNT PER THREAD: 10000
SLOOPY VALUE: 512
TIME: 0.020985
SUM: 740000
THREADS: 74
COUNT PER THREAD: 10000
SLOOPY VALUE: 512
TIME: 0.019691
SUM: 740000
THREADS: 74
COUNT PER THREAD: 10000
SLOOPY VALUE: 512
TIME: 0.040532
SUM: 740000
THREADS: 74
COUNT PER THREAD: 10000
SLOOPY VALUE: 512
TIME: 0.021498
SUM: 740000
THREADS: 74
COUNT PER THREAD: 10000
SLOOPY VALUE: 512
TIME: 0.020547
SUM: 740000
THREADS: 75
COUNT PER THREAD: 10000
SLOOPY VALUE: 512
TIME: 0.019370
SUM: 750000
THREADS: 75
COUNT PER THREAD: 10000
SLOOPY VALUE: 512
TIME: 0.020555
SUM: 750000
THREADS: 75
COUNT PER THREAD: 10000
SLOOPY VALUE: 512
TIME: 0.043512
SUM: 750000
THREADS: 75
COUNT PER THREAD: 10000
SLOOPY VALUE: 512
TIME: 0.021654
SUM: 750000
THREADS: 75
COUNT PER THREAD: 10000
SLOOPY VALUE: 512
TIME: 0.024346
SUM: 750000
THREADS: 75
COUNT PER THREAD: 10000
SLOOPY VALUE: 512
TIME: 0.020974
SUM: 750000
THREADS: 75
COUNT PER THREAD: 10000
SLOOPY VALUE: 512
TIME: 0.020316
SUM: 750000
THREADS: 75
COUNT PER THREAD: 10000
SLOOPY VALUE: 512
TIME: 0.041766
SUM: 750000
THREADS: 75
COUNT PER THREAD: 10000
SLOOPY VALUE: 512
TIME: 0.020423
SUM: 750000
THREADS: 75
COUNT PER THREAD: 10000
SLOOPY VALUE: 512
TIME: 0.019796
SUM: 750000
THREADS: 76
COUNT PER THREAD: 10000
SLOOPY VALUE: 512
TIME: 0.018818
SUM: 760000
THREADS: 76
COUNT PER THREAD: 10000
SLOOPY VALUE: 512
TIME: 0.019236
SUM: 760000
THREADS: 76
COUNT PER THREAD: 10000
SLOOPY VALUE: 512
TIME: 0.018870
SUM: 760000
THREADS: 76
COUNT PER THREAD: 10000
SLOOPY VALUE: 512
TIME: 0.034762
SUM: 760000
THREADS: 76
COUNT PER THREAD: 10000
SLOOPY VALUE: 512
TIME: 0.019156
SUM: 760000
THREADS: 76
COUNT PER THREAD: 10000
SLOOPY VALUE: 512
TIME: 0.018985
SUM: 760000
THREADS: 76
COUNT PER THREAD: 10000
SLOOPY VALUE: 512
TIME: 0.019016
SUM: 760000
THREADS: 76
COUNT PER THREAD: 10000
SLOOPY VALUE: 512
TIME: 0.026731
SUM: 760000
THREADS: 76
COUNT PER THREAD: 10000
SLOOPY VALUE: 512
TIME: 0.030796
SUM: 760000
THREADS: 76
COUNT PER THREAD: 10000
SLOOPY VALUE: 512
TIME: 0.018883
SUM: 760000
THREADS: 77
COUNT PER THREAD: 10000
SLOOPY VALUE: 512
TIME: 0.019284
SUM: 770000
THREADS: 77
COUNT PER THREAD: 10000
SLOOPY VALUE: 512
TIME: 0.023802
SUM: 770000
THREADS: 77
COUNT PER THREAD: 10000
SLOOPY VALUE: 512
TIME: 0.041422
SUM: 770000
THREADS: 77
COUNT PER THREAD: 10000
SLOOPY VALUE: 512
TIME: 0.019008
SUM: 770000
THREADS: 77
COUNT PER THREAD: 10000
SLOOPY VALUE: 512
TIME: 0.024101
SUM: 770000
THREADS: 77
COUNT PER THREAD: 10000
SLOOPY VALUE: 512
TIME: 0.019095
SUM: 770000
THREADS: 77
COUNT PER THREAD: 10000
SLOOPY VALUE: 512
TIME: 0.019977
SUM: 770000
THREADS: 77
COUNT PER THREAD: 10000
SLOOPY VALUE: 512
TIME: 0.038944
SUM: 770000
THREADS: 77
COUNT PER THREAD: 10000
SLOOPY VALUE: 512
TIME: 0.019059
SUM: 770000
THREADS: 77
COUNT PER THREAD: 10000
SLOOPY VALUE: 512
TIME: 0.020283
SUM: 770000
THREADS: 78
COUNT PER THREAD: 10000
SLOOPY VALUE: 512
TIME: 0.019745
SUM: 780000
THREADS: 78
COUNT PER THREAD: 10000
SLOOPY VALUE: 512
TIME: 0.020345
SUM: 780000
THREADS: 78
COUNT PER THREAD: 10000
SLOOPY VALUE: 512
TIME: 0.044249
SUM: 780000
THREADS: 78
COUNT PER THREAD: 10000
SLOOPY VALUE: 512
TIME: 0.021767
SUM: 780000
THREADS: 78
COUNT PER THREAD: 10000
SLOOPY VALUE: 512
TIME: 0.021492
SUM: 780000
THREADS: 78
COUNT PER THREAD: 10000
SLOOPY VALUE: 512
TIME: 0.019200
SUM: 780000
THREADS: 78
COUNT PER THREAD: 10000
SLOOPY VALUE: 512
TIME: 0.020779
SUM: 780000
THREADS: 78
COUNT PER THREAD: 10000
SLOOPY VALUE: 512
TIME: 0.040000
SUM: 780000
THREADS: 78
COUNT PER THREAD: 10000
SLOOPY VALUE: 512
TIME: 0.019575
SUM: 780000
THREADS: 78
COUNT PER THREAD: 10000
SLOOPY VALUE: 512
TIME: 0.020137
SUM: 780000
THREADS: 79
COUNT PER THREAD: 10000
SLOOPY VALUE: 512
TIME: 0.020773
SUM: 790000
THREADS: 79
COUNT PER THREAD: 10000
SLOOPY VALUE: 512
TIME: 0.020271
SUM: 790000
THREADS: 79
COUNT PER THREAD: 10000
SLOOPY VALUE: 512
TIME: 0.046559
SUM: 790000
THREADS: 79
COUNT PER THREAD: 10000
SLOOPY VALUE: 512
TIME: 0.021981
SUM: 790000
THREADS: 79
COUNT PER THREAD: 10000
SLOOPY VALUE: 512
TIME: 0.022321
SUM: 790000
THREADS: 79
COUNT PER THREAD: 10000
SLOOPY VALUE: 512
TIME: 0.024668
SUM: 790000
THREADS: 79
COUNT PER THREAD: 10000
SLOOPY VALUE: 512
TIME: 0.022778
SUM: 790000
THREADS: 79
COUNT PER THREAD: 10000
SLOOPY VALUE: 512
TIME: 0.041473
SUM: 790000
THREADS: 79
COUNT PER THREAD: 10000
SLOOPY VALUE: 512
TIME: 0.021701
SUM: 790000
THREADS: 79
COUNT PER THREAD: 10000
SLOOPY VALUE: 512
TIME: 0.024735
SUM: 790000
THREADS: 80
COUNT PER THREAD: 10000
SLOOPY VALUE: 512
TIME: 0.020596
SUM: 800000
THREADS: 80
COUNT PER THREAD: 10000
SLOOPY VALUE: 512
TIME: 0.020342
SUM: 800000
THREADS: 80
COUNT PER THREAD: 10000
SLOOPY VALUE: 512
TIME: 0.043125
SUM: 800000
THREADS: 80
COUNT PER THREAD: 10000
SLOOPY VALUE: 512
TIME: 0.021488
SUM: 800000
THREADS: 80
COUNT PER THREAD: 10000
SLOOPY VALUE: 512
TIME: 0.019756
SUM: 800000
THREADS: 80
COUNT PER THREAD: 10000
SLOOPY VALUE: 512
TIME: 0.019642
SUM: 800000
THREADS: 80
COUNT PER THREAD: 10000
SLOOPY VALUE: 512
TIME: 0.020198
SUM: 800000
THREADS: 80
COUNT PER THREAD: 10000
SLOOPY VALUE: 512
TIME: 0.039441
SUM: 800000
THREADS: 80
COUNT PER THREAD: 10000
SLOOPY VALUE: 512
TIME: 0.020231
SUM: 800000
THREADS: 80
COUNT PER THREAD: 10000
SLOOPY VALUE: 512
TIME: 0.019924
SUM: 800000
THREADS: 81
COUNT PER THREAD: 10000
SLOOPY VALUE: 512
TIME: 0.021258
SUM: 810000
THREADS: 81
COUNT PER THREAD: 10000
SLOOPY VALUE: 512
TIME: 0.020873
SUM: 810000
THREADS: 81
COUNT PER THREAD: 10000
SLOOPY VALUE: 512
TIME: 0.055052
SUM: 810000
THREADS: 81
COUNT PER THREAD: 10000
SLOOPY VALUE: 512
TIME: 0.023178
SUM: 810000
THREADS: 81
COUNT PER THREAD: 10000
SLOOPY VALUE: 512
TIME: 0.023302
SUM: 810000
THREADS: 81
COUNT PER THREAD: 10000
SLOOPY VALUE: 512
TIME: 0.023603
SUM: 810000
THREADS: 81
COUNT PER THREAD: 10000
SLOOPY VALUE: 512
TIME: 0.022411
SUM: 810000
THREADS: 81
COUNT PER THREAD: 10000
SLOOPY VALUE: 512
TIME: 0.032867
SUM: 810000
THREADS: 81
COUNT PER THREAD: 10000
SLOOPY VALUE: 512
TIME: 0.022914
SUM: 810000
THREADS: 81
COUNT PER THREAD: 10000
SLOOPY VALUE: 512
TIME: 0.037180
SUM: 810000
THREADS: 82
COUNT PER THREAD: 10000
SLOOPY VALUE: 512
TIME: 0.025333
SUM: 820000
THREADS: 82
COUNT PER THREAD: 10000
SLOOPY VALUE: 512
TIME: 0.022626
SUM: 820000
THREADS: 82
COUNT PER THREAD: 10000
SLOOPY VALUE: 512
TIME: 0.022841
SUM: 820000
THREADS: 82
COUNT PER THREAD: 10000
SLOOPY VALUE: 512
TIME: 0.025466
SUM: 820000
THREADS: 82
COUNT PER THREAD: 10000
SLOOPY VALUE: 512
TIME: 0.046270
SUM: 820000
THREADS: 82
COUNT PER THREAD: 10000
SLOOPY VALUE: 512
TIME: 0.026796
SUM: 820000
THREADS: 82
COUNT PER THREAD: 10000
SLOOPY VALUE: 512
TIME: 0.027152
SUM: 820000
THREADS: 82
COUNT PER THREAD: 10000
SLOOPY VALUE: 512
TIME: 0.022083
SUM: 820000
THREADS: 82
COUNT PER THREAD: 10000
SLOOPY VALUE: 512
TIME: 0.045247
SUM: 820000
THREADS: 82
COUNT PER THREAD: 10000
SLOOPY VALUE: 512
TIME: 0.026528
SUM: 820000
THREADS: 83
COUNT PER THREAD: 10000
SLOOPY VALUE: 512
TIME: 0.020909
SUM: 830000
THREADS: 83
COUNT PER THREAD: 10000
SLOOPY VALUE: 512
TIME: 0.021603
SUM: 830000
THREADS: 83
COUNT PER THREAD: 10000
SLOOPY VALUE: 512
TIME: 0.025558
SUM: 830000
THREADS: 83
COUNT PER THREAD: 10000
SLOOPY VALUE: 512
TIME: 0.050637
SUM: 830000
THREADS: 83
COUNT PER THREAD: 10000
SLOOPY VALUE: 512
TIME: 0.031979
SUM: 830000
THREADS: 83
COUNT PER THREAD: 10000
SLOOPY VALUE: 512
TIME: 0.024655
SUM: 830000
THREADS: 83
COUNT PER THREAD: 10000
SLOOPY VALUE: 512
TIME: 0.021245
SUM: 830000
THREADS: 83
COUNT PER THREAD: 10000
SLOOPY VALUE: 512
TIME: 0.041841
SUM: 830000
THREADS: 83
COUNT PER THREAD: 10000
SLOOPY VALUE: 512
TIME: 0.027358
SUM: 830000
THREADS: 83
COUNT PER THREAD: 10000
SLOOPY VALUE: 512
TIME: 0.024134
SUM: 830000
THREADS: 84
COUNT PER THREAD: 10000
SLOOPY VALUE: 512
TIME: 0.047362
SUM: 840000
THREADS: 84
COUNT PER THREAD: 10000
SLOOPY VALUE: 512
TIME: 0.023187
SUM: 840000
THREADS: 84
COUNT PER THREAD: 10000
SLOOPY VALUE: 512
TIME: 0.021981
SUM: 840000
THREADS: 84
COUNT PER THREAD: 10000
SLOOPY VALUE: 512
TIME: 0.030781
SUM: 840000
THREADS: 84
COUNT PER THREAD: 10000
SLOOPY VALUE: 512
TIME: 0.046740
SUM: 840000
THREADS: 84
COUNT PER THREAD: 10000
SLOOPY VALUE: 512
TIME: 0.028756
SUM: 840000
THREADS: 84
COUNT PER THREAD: 10000
SLOOPY VALUE: 512
TIME: 0.021416
SUM: 840000
THREADS: 84
COUNT PER THREAD: 10000
SLOOPY VALUE: 512
TIME: 0.021568
SUM: 840000
THREADS: 84
COUNT PER THREAD: 10000
SLOOPY VALUE: 512
TIME: 0.020910
SUM: 840000
THREADS: 84
COUNT PER THREAD: 10000
SLOOPY VALUE: 512
TIME: 0.042678
SUM: 840000
THREADS: 85
COUNT PER THREAD: 10000
SLOOPY VALUE: 512
TIME: 0.021776
SUM: 850000
THREADS: 85
COUNT PER THREAD: 10000
SLOOPY VALUE: 512
TIME: 0.024762
SUM: 850000
THREADS: 85
COUNT PER THREAD: 10000
SLOOPY VALUE: 512
TIME: 0.021241
SUM: 850000
THREADS: 85
COUNT PER THREAD: 10000
SLOOPY VALUE: 512
TIME: 0.022142
SUM: 850000
THREADS: 85
COUNT PER THREAD: 10000
SLOOPY VALUE: 512
TIME: 0.048713
SUM: 850000
THREADS: 85
COUNT PER THREAD: 10000
SLOOPY VALUE: 512
TIME: 0.022316
SUM: 850000
THREADS: 85
COUNT PER THREAD: 10000
SLOOPY VALUE: 512
TIME: 0.022450
SUM: 850000
THREADS: 85
COUNT PER THREAD: 10000
SLOOPY VALUE: 512
TIME: 0.023815
SUM: 850000
THREADS: 85
COUNT PER THREAD: 10000
SLOOPY VALUE: 512
TIME: 0.023657
SUM: 850000
THREADS: 85
COUNT PER THREAD: 10000
SLOOPY VALUE: 512
TIME: 0.030962
SUM: 850000
THREADS: 86
COUNT PER THREAD: 10000
SLOOPY VALUE: 512
TIME: 0.026456
SUM: 860000
THREADS: 86
COUNT PER THREAD: 10000
SLOOPY VALUE: 512
TIME: 0.052703
SUM: 860000
THREADS: 86
COUNT PER THREAD: 10000
SLOOPY VALUE: 512
TIME: 0.024169
SUM: 860000
THREADS: 86
COUNT PER THREAD: 10000
SLOOPY VALUE: 512
TIME: 0.021808
SUM: 860000
THREADS: 86
COUNT PER THREAD: 10000
SLOOPY VALUE: 512
TIME: 0.024242
SUM: 860000
THREADS: 86
COUNT PER THREAD: 10000
SLOOPY VALUE: 512
TIME: 0.035315
SUM: 860000
THREADS: 86
COUNT PER THREAD: 10000
SLOOPY VALUE: 512
TIME: 0.029161
SUM: 860000
THREADS: 86
COUNT PER THREAD: 10000
SLOOPY VALUE: 512
TIME: 0.024206
SUM: 860000
THREADS: 86
COUNT PER THREAD: 10000
SLOOPY VALUE: 512
TIME: 0.023884
SUM: 860000
THREADS: 86
COUNT PER THREAD: 10000
SLOOPY VALUE: 512
TIME: 0.022126
SUM: 860000
THREADS: 87
COUNT PER THREAD: 10000
SLOOPY VALUE: 512
TIME: 0.021894
SUM: 870000
THREADS: 87
COUNT PER THREAD: 10000
SLOOPY VALUE: 512
TIME: 0.044479
SUM: 870000
THREADS: 87
COUNT PER THREAD: 10000
SLOOPY VALUE: 512
TIME: 0.022811
SUM: 870000
THREADS: 87
COUNT PER THREAD: 10000
SLOOPY VALUE: 512
TIME: 0.021535
SUM: 870000
THREADS: 87
COUNT PER THREAD: 10000
SLOOPY VALUE: 512
TIME: 0.023719
SUM: 870000
THREADS: 87
COUNT PER THREAD: 10000
SLOOPY VALUE: 512
TIME: 0.026550
SUM: 870000
THREADS: 87
COUNT PER THREAD: 10000
SLOOPY VALUE: 512
TIME: 0.035148
SUM: 870000
THREADS: 87
COUNT PER THREAD: 10000
SLOOPY VALUE: 512
TIME: 0.022373
SUM: 870000
THREADS: 87
COUNT PER THREAD: 10000
SLOOPY VALUE: 512
TIME: 0.022427
SUM: 870000
THREADS: 87
COUNT PER THREAD: 10000
SLOOPY VALUE: 512
TIME: 0.021542
SUM: 870000
THREADS: 88
COUNT PER THREAD: 10000
SLOOPY VALUE: 512
TIME: 0.023133
SUM: 880000
THREADS: 88
COUNT PER THREAD: 10000
SLOOPY VALUE: 512
TIME: 0.021771
SUM: 880000
THREADS: 88
COUNT PER THREAD: 10000
SLOOPY VALUE: 512
TIME: 0.043697
SUM: 880000
THREADS: 88
COUNT PER THREAD: 10000
SLOOPY VALUE: 512
TIME: 0.022136
SUM: 880000
THREADS: 88
COUNT PER THREAD: 10000
SLOOPY VALUE: 512
TIME: 0.021852
SUM: 880000
THREADS: 88
COUNT PER THREAD: 10000
SLOOPY VALUE: 512
TIME: 0.021611
SUM: 880000
THREADS: 88
COUNT PER THREAD: 10000
SLOOPY VALUE: 512
TIME: 0.021533
SUM: 880000
THREADS: 88
COUNT PER THREAD: 10000
SLOOPY VALUE: 512
TIME: 0.040984
SUM: 880000
THREADS: 88
COUNT PER THREAD: 10000
SLOOPY VALUE: 512
TIME: 0.021849
SUM: 880000
THREADS: 88
COUNT PER THREAD: 10000
SLOOPY VALUE: 512
TIME: 0.021776
SUM: 880000
THREADS: 89
COUNT PER THREAD: 10000
SLOOPY VALUE: 512
TIME: 0.021934
SUM: 890000
THREADS: 89
COUNT PER THREAD: 10000
SLOOPY VALUE: 512
TIME: 0.022511
SUM: 890000
THREADS: 89
COUNT PER THREAD: 10000
SLOOPY VALUE: 512
TIME: 0.050869
SUM: 890000
THREADS: 89
COUNT PER THREAD: 10000
SLOOPY VALUE: 512
TIME: 0.022506
SUM: 890000
THREADS: 89
COUNT PER THREAD: 10000
SLOOPY VALUE: 512
TIME: 0.021873
SUM: 890000
THREADS: 89
COUNT PER THREAD: 10000
SLOOPY VALUE: 512
TIME: 0.022302
SUM: 890000
THREADS: 89
COUNT PER THREAD: 10000
SLOOPY VALUE: 512
TIME: 0.021755
SUM: 890000
THREADS: 89
COUNT PER THREAD: 10000
SLOOPY VALUE: 512
TIME: 0.042332
SUM: 890000
THREADS: 89
COUNT PER THREAD: 10000
SLOOPY VALUE: 512
TIME: 0.021984
SUM: 890000
THREADS: 89
COUNT PER THREAD: 10000
SLOOPY VALUE: 512
TIME: 0.021970
SUM: 890000
THREADS: 90
COUNT PER THREAD: 10000
SLOOPY VALUE: 512
TIME: 0.022952
SUM: 900000
THREADS: 90
COUNT PER THREAD: 10000
SLOOPY VALUE: 512
TIME: 0.047768
SUM: 900000
THREADS: 90
COUNT PER THREAD: 10000
SLOOPY VALUE: 512
TIME: 0.025594
SUM: 900000
THREADS: 90
COUNT PER THREAD: 10000
SLOOPY VALUE: 512
TIME: 0.023449
SUM: 900000
THREADS: 90
COUNT PER THREAD: 10000
SLOOPY VALUE: 512
TIME: 0.022310
SUM: 900000
THREADS: 90
COUNT PER THREAD: 10000
SLOOPY VALUE: 512
TIME: 0.022628
SUM: 900000
THREADS: 90
COUNT PER THREAD: 10000
SLOOPY VALUE: 512
TIME: 0.036904
SUM: 900000
THREADS: 90
COUNT PER THREAD: 10000
SLOOPY VALUE: 512
TIME: 0.023277
SUM: 900000
THREADS: 90
COUNT PER THREAD: 10000
SLOOPY VALUE: 512
TIME: 0.022568
SUM: 900000
THREADS: 90
COUNT PER THREAD: 10000
SLOOPY VALUE: 512
TIME: 0.022350
SUM: 900000
THREADS: 91
COUNT PER THREAD: 10000
SLOOPY VALUE: 512
TIME: 0.022796
SUM: 910000
THREADS: 91
COUNT PER THREAD: 10000
SLOOPY VALUE: 512
TIME: 0.022442
SUM: 910000
THREADS: 91
COUNT PER THREAD: 10000
SLOOPY VALUE: 512
TIME: 0.044392
SUM: 910000
THREADS: 91
COUNT PER THREAD: 10000
SLOOPY VALUE: 512
TIME: 0.022753
SUM: 910000
THREADS: 91
COUNT PER THREAD: 10000
SLOOPY VALUE: 512
TIME: 0.022523
SUM: 910000
THREADS: 91
COUNT PER THREAD: 10000
SLOOPY VALUE: 512
TIME: 0.022478
SUM: 910000
THREADS: 91
COUNT PER THREAD: 10000
SLOOPY VALUE: 512
TIME: 0.026124
SUM: 910000
THREADS: 91
COUNT PER THREAD: 10000
SLOOPY VALUE: 512
TIME: 0.043121
SUM: 910000
THREADS: 91
COUNT PER THREAD: 10000
SLOOPY VALUE: 512
TIME: 0.023309
SUM: 910000
THREADS: 91
COUNT PER THREAD: 10000
SLOOPY VALUE: 512
TIME: 0.022726
SUM: 910000
THREADS: 92
COUNT PER THREAD: 10000
SLOOPY VALUE: 512
TIME: 0.023344
SUM: 920000
THREADS: 92
COUNT PER THREAD: 10000
SLOOPY VALUE: 512
TIME: 0.023057
SUM: 920000
THREADS: 92
COUNT PER THREAD: 10000
SLOOPY VALUE: 512
TIME: 0.022967
SUM: 920000
THREADS: 92
COUNT PER THREAD: 10000
SLOOPY VALUE: 512
TIME: 0.044941
SUM: 920000
THREADS: 92
COUNT PER THREAD: 10000
SLOOPY VALUE: 512
TIME: 0.023246
SUM: 920000
THREADS: 92
COUNT PER THREAD: 10000
SLOOPY VALUE: 512
TIME: 0.022915
SUM: 920000
THREADS: 92
COUNT PER THREAD: 10000
SLOOPY VALUE: 512
TIME: 0.023419
SUM: 920000
THREADS: 92
COUNT PER THREAD: 10000
SLOOPY VALUE: 512
TIME: 0.024048
SUM: 920000
THREADS: 92
COUNT PER THREAD: 10000
SLOOPY VALUE: 512
TIME: 0.046003
SUM: 920000
THREADS: 92
COUNT PER THREAD: 10000
SLOOPY VALUE: 512
TIME: 0.022964
SUM: 920000
THREADS: 93
COUNT PER THREAD: 10000
SLOOPY VALUE: 512
TIME: 0.025144
SUM: 930000
THREADS: 93
COUNT PER THREAD: 10000
SLOOPY VALUE: 512
TIME: 0.046960
SUM: 930000
THREADS: 93
COUNT PER THREAD: 10000
SLOOPY VALUE: 512
TIME: 0.027166
SUM: 930000
THREADS: 93
COUNT PER THREAD: 10000
SLOOPY VALUE: 512
TIME: 0.027799
SUM: 930000
THREADS: 93
COUNT PER THREAD: 10000
SLOOPY VALUE: 512
TIME: 0.024339
SUM: 930000
THREADS: 93
COUNT PER THREAD: 10000
SLOOPY VALUE: 512
TIME: 0.043485
SUM: 930000
THREADS: 93
COUNT PER THREAD: 10000
SLOOPY VALUE: 512
TIME: 0.024608
SUM: 930000
THREADS: 93
COUNT PER THREAD: 10000
SLOOPY VALUE: 512
TIME: 0.028697
SUM: 930000
THREADS: 93
COUNT PER THREAD: 10000
SLOOPY VALUE: 512
TIME: 0.029155
SUM: 930000
THREADS: 93
COUNT PER THREAD: 10000
SLOOPY VALUE: 512
TIME: 0.050746
SUM: 930000
THREADS: 94
COUNT PER THREAD: 10000
SLOOPY VALUE: 512
TIME: 0.029736
SUM: 940000
THREADS: 94
COUNT PER THREAD: 10000
SLOOPY VALUE: 512
TIME: 0.023139
SUM: 940000
THREADS: 94
COUNT PER THREAD: 10000
SLOOPY VALUE: 512
TIME: 0.023055
SUM: 940000
THREADS: 94
COUNT PER THREAD: 10000
SLOOPY VALUE: 512
TIME: 0.031388
SUM: 940000
THREADS: 94
COUNT PER THREAD: 10000
SLOOPY VALUE: 512
TIME: 0.042427
SUM: 940000
THREADS: 94
COUNT PER THREAD: 10000
SLOOPY VALUE: 512
TIME: 0.023904
SUM: 940000
THREADS: 94
COUNT PER THREAD: 10000
SLOOPY VALUE: 512
TIME: 0.023307
SUM: 940000
THREADS: 94
COUNT PER THREAD: 10000
SLOOPY VALUE: 512
TIME: 0.023574
SUM: 940000
THREADS: 94
COUNT PER THREAD: 10000
SLOOPY VALUE: 512
TIME: 0.045383
SUM: 940000
THREADS: 94
COUNT PER THREAD: 10000
SLOOPY VALUE: 512
TIME: 0.023458
SUM: 940000
THREADS: 95
COUNT PER THREAD: 10000
SLOOPY VALUE: 512
TIME: 0.025807
SUM: 950000
THREADS: 95
COUNT PER THREAD: 10000
SLOOPY VALUE: 512
TIME: 0.028614
SUM: 950000
THREADS: 95
COUNT PER THREAD: 10000
SLOOPY VALUE: 512
TIME: 0.027325
SUM: 950000
THREADS: 95
COUNT PER THREAD: 10000
SLOOPY VALUE: 512
TIME: 0.060174
SUM: 950000
THREADS: 95
COUNT PER THREAD: 10000
SLOOPY VALUE: 512
TIME: 0.028297
SUM: 950000
THREADS: 95
COUNT PER THREAD: 10000
SLOOPY VALUE: 512
TIME: 0.034088
SUM: 950000
THREADS: 95
COUNT PER THREAD: 10000
SLOOPY VALUE: 512
TIME: 0.025107
SUM: 950000
THREADS: 95
COUNT PER THREAD: 10000
SLOOPY VALUE: 512
TIME: 0.047605
SUM: 950000
THREADS: 95
COUNT PER THREAD: 10000
SLOOPY VALUE: 512
TIME: 0.031253
SUM: 950000
THREADS: 95
COUNT PER THREAD: 10000
SLOOPY VALUE: 512
TIME: 0.027021
SUM: 950000
THREADS: 96
COUNT PER THREAD: 10000
SLOOPY VALUE: 512
TIME: 0.029515
SUM: 960000
THREADS: 96
COUNT PER THREAD: 10000
SLOOPY VALUE: 512
TIME: 0.025885
SUM: 960000
THREADS: 96
COUNT PER THREAD: 10000
SLOOPY VALUE: 512
TIME: 0.024123
SUM: 960000
THREADS: 96
COUNT PER THREAD: 10000
SLOOPY VALUE: 512
TIME: 0.049385
SUM: 960000
THREADS: 96
COUNT PER THREAD: 10000
SLOOPY VALUE: 512
TIME: 0.025671
SUM: 960000
THREADS: 96
COUNT PER THREAD: 10000
SLOOPY VALUE: 512
TIME: 0.025859
SUM: 960000
THREADS: 96
COUNT PER THREAD: 10000
SLOOPY VALUE: 512
TIME: 0.025625
SUM: 960000
THREADS: 96
COUNT PER THREAD: 10000
SLOOPY VALUE: 512
TIME: 0.051597
SUM: 960000
THREADS: 96
COUNT PER THREAD: 10000
SLOOPY VALUE: 512
TIME: 0.026211
SUM: 960000
THREADS: 96
COUNT PER THREAD: 10000
SLOOPY VALUE: 512
TIME: 0.029961
SUM: 960000
THREADS: 97
COUNT PER THREAD: 10000
SLOOPY VALUE: 512
TIME: 0.024947
SUM: 970000
THREADS: 97
COUNT PER THREAD: 10000
SLOOPY VALUE: 512
TIME: 0.028285
SUM: 970000
THREADS: 97
COUNT PER THREAD: 10000
SLOOPY VALUE: 512
TIME: 0.024774
SUM: 970000
THREADS: 97
COUNT PER THREAD: 10000
SLOOPY VALUE: 512
TIME: 0.042741
SUM: 970000
THREADS: 97
COUNT PER THREAD: 10000
SLOOPY VALUE: 512
TIME: 0.030593
SUM: 970000
THREADS: 97
COUNT PER THREAD: 10000
SLOOPY VALUE: 512
TIME: 0.023848
SUM: 970000
THREADS: 97
COUNT PER THREAD: 10000
SLOOPY VALUE: 512
TIME: 0.023993
SUM: 970000
THREADS: 97
COUNT PER THREAD: 10000
SLOOPY VALUE: 512
TIME: 0.043325
SUM: 970000
THREADS: 97
COUNT PER THREAD: 10000
SLOOPY VALUE: 512
TIME: 0.024674
SUM: 970000
THREADS: 97
COUNT PER THREAD: 10000
SLOOPY VALUE: 512
TIME: 0.024351
SUM: 970000
THREADS: 98
COUNT PER THREAD: 10000
SLOOPY VALUE: 512
TIME: 0.025013
SUM: 980000
THREADS: 98
COUNT PER THREAD: 10000
SLOOPY VALUE: 512
TIME: 0.049510
SUM: 980000
THREADS: 98
COUNT PER THREAD: 10000
SLOOPY VALUE: 512
TIME: 0.026087
SUM: 980000
THREADS: 98
COUNT PER THREAD: 10000
SLOOPY VALUE: 512
TIME: 0.025687
SUM: 980000
THREADS: 98
COUNT PER THREAD: 10000
SLOOPY VALUE: 512
TIME: 0.027426
SUM: 980000
THREADS: 98
COUNT PER THREAD: 10000
SLOOPY VALUE: 512
TIME: 0.046311
SUM: 980000
THREADS: 98
COUNT PER THREAD: 10000
SLOOPY VALUE: 512
TIME: 0.030574
SUM: 980000
THREADS: 98
COUNT PER THREAD: 10000
SLOOPY VALUE: 512
TIME: 0.028316
SUM: 980000
THREADS: 98
COUNT PER THREAD: 10000
SLOOPY VALUE: 512
TIME: 0.025876
SUM: 980000
THREADS: 98
COUNT PER THREAD: 10000
SLOOPY VALUE: 512
TIME: 0.047089
SUM: 980000
THREADS: 99
COUNT PER THREAD: 10000
SLOOPY VALUE: 512
TIME: 0.025952
SUM: 990000
THREADS: 99
COUNT PER THREAD: 10000
SLOOPY VALUE: 512
TIME: 0.026120
SUM: 990000
THREADS: 99
COUNT PER THREAD: 10000
SLOOPY VALUE: 512
TIME: 0.024939
SUM: 990000
THREADS: 99
COUNT PER THREAD: 10000
SLOOPY VALUE: 512
TIME: 0.043119
SUM: 990000
THREADS: 99
COUNT PER THREAD: 10000
SLOOPY VALUE: 512
TIME: 0.029585
SUM: 990000
THREADS: 99
COUNT PER THREAD: 10000
SLOOPY VALUE: 512
TIME: 0.025152
SUM: 990000
THREADS: 99
COUNT PER THREAD: 10000
SLOOPY VALUE: 512
TIME: 0.026220
SUM: 990000
THREADS: 99
COUNT PER THREAD: 10000
SLOOPY VALUE: 512
TIME: 0.044966
SUM: 990000
THREADS: 99
COUNT PER THREAD: 10000
SLOOPY VALUE: 512
TIME: 0.025920
SUM: 990000
THREADS: 99
COUNT PER THREAD: 10000
SLOOPY VALUE: 512
TIME: 0.025405
SUM: 990000
THREADS: 100
COUNT PER THREAD: 10000
SLOOPY VALUE: 512
TIME: 0.044715
SUM: 1000000
THREADS: 100
COUNT PER THREAD: 10000
SLOOPY VALUE: 512
TIME: 0.026133
SUM: 1000000
THREADS: 100
COUNT PER THREAD: 10000
SLOOPY VALUE: 512
TIME: 0.025530
SUM: 1000000
THREADS: 100
COUNT PER THREAD: 10000
SLOOPY VALUE: 512
TIME: 0.026477
SUM: 1000000
THREADS: 100
COUNT PER THREAD: 10000
SLOOPY VALUE: 512
TIME: 0.044428
SUM: 1000000
THREADS: 100
COUNT PER THREAD: 10000
SLOOPY VALUE: 512
TIME: 0.026271
SUM: 1000000
THREADS: 100
COUNT PER THREAD: 10000
SLOOPY VALUE: 512
TIME: 0.025342
SUM: 1000000
THREADS: 100
COUNT PER THREAD: 10000
SLOOPY VALUE: 512
TIME: 0.025467
SUM: 1000000
THREADS: 100
COUNT PER THREAD: 10000
SLOOPY VALUE: 512
TIME: 0.047164
SUM: 1000000
THREADS: 100
COUNT PER THREAD: 10000
SLOOPY VALUE: 512
TIME: 0.028953
SUM: 1000000
