THREADS: 1
COUNT PER THREAD: 10000
SLOOPY VALUE: 1024
TIME: 0.000293
SUM: 10000
THREADS: 1
COUNT PER THREAD: 10000
SLOOPY VALUE: 1024
TIME: 0.000293
SUM: 10000
THREADS: 1
COUNT PER THREAD: 10000
SLOOPY VALUE: 1024
TIME: 0.000294
SUM: 10000
THREADS: 1
COUNT PER THREAD: 10000
SLOOPY VALUE: 1024
TIME: 0.000304
SUM: 10000
THREADS: 1
COUNT PER THREAD: 10000
SLOOPY VALUE: 1024
TIME: 0.000464
SUM: 10000
THREADS: 1
COUNT PER THREAD: 10000
SLOOPY VALUE: 1024
TIME: 0.000315
SUM: 10000
THREADS: 1
COUNT PER THREAD: 10000
SLOOPY VALUE: 1024
TIME: 0.000353
SUM: 10000
THREADS: 1
COUNT PER THREAD: 10000
SLOOPY VALUE: 1024
TIME: 0.000284
SUM: 10000
THREADS: 1
COUNT PER THREAD: 10000
SLOOPY VALUE: 1024
TIME: 0.000316
SUM: 10000
THREADS: 1
COUNT PER THREAD: 10000
SLOOPY VALUE: 1024
TIME: 0.000280
SUM: 10000
THREADS: 2
COUNT PER THREAD: 10000
SLOOPY VALUE: 1024
TIME: 0.000639
SUM: 20000
THREADS: 2
COUNT PER THREAD: 10000
SLOOPY VALUE: 1024
TIME: 0.000520
SUM: 20000
THREADS: 2
COUNT PER THREAD: 10000
SLOOPY VALUE: 1024
TIME: 0.000555
SUM: 20000
THREADS: 2
COUNT PER THREAD: 10000
SLOOPY VALUE: 1024
TIME: 0.000519
SUM: 20000
THREADS: 2
COUNT PER THREAD: 10000
SLOOPY VALUE: 1024
TIME: 0.000517
SUM: 20000
THREADS: 2
COUNT PER THREAD: 10000
SLOOPY VALUE: 1024
TIME: 0.000775
SUM: 20000
THREADS: 2
COUNT PER THREAD: 10000
SLOOPY VALUE: 1024
TIME: 0.000521
SUM: 20000
THREADS: 2
COUNT PER THREAD: 10000
SLOOPY VALUE: 1024
TIME: 0.000759
SUM: 20000
THREADS: 2
COUNT PER THREAD: 10000
SLOOPY VALUE: 1024
TIME: 0.000778
SUM: 20000
THREADS: 2
COUNT PER THREAD: 10000
SLOOPY VALUE: 1024
TIME: 0.000723
SUM: 20000
THREADS: 3
COUNT PER THREAD: 10000
SLOOPY VALUE: 1024
TIME: 0.000740
SUM: 30000
THREADS: 3
COUNT PER THREAD: 10000
SLOOPY VALUE: 1024
TIME: 0.000787
SUM: 30000
THREADS: 3
COUNT PER THREAD: 10000
SLOOPY VALUE: 1024
TIME: 0.000764
SUM: 30000
THREADS: 3
COUNT PER THREAD: 10000
SLOOPY VALUE: 1024
TIME: 0.000738
SUM: 30000
THREADS: 3
COUNT PER THREAD: 10000
SLOOPY VALUE: 1024
TIME: 0.000738
SUM: 30000
THREADS: 3
COUNT PER THREAD: 10000
SLOOPY VALUE: 1024
TIME: 0.001278
SUM: 30000
THREADS: 3
COUNT PER THREAD: 10000
SLOOPY VALUE: 1024
TIME: 0.000742
SUM: 30000
THREADS: 3
COUNT PER THREAD: 10000
SLOOPY VALUE: 1024
TIME: 0.000761
SUM: 30000
THREADS: 3
COUNT PER THREAD: 10000
SLOOPY VALUE: 1024
TIME: 0.000770
SUM: 30000
THREADS: 3
COUNT PER THREAD: 10000
SLOOPY VALUE: 1024
TIME: 0.000741
SUM: 30000
THREADS: 4
COUNT PER THREAD: 10000
SLOOPY VALUE: 1024
TIME: 0.000982
SUM: 40000
THREADS: 4
COUNT PER THREAD: 10000
SLOOPY VALUE: 1024
TIME: 0.000981
SUM: 40000
THREADS: 4
COUNT PER THREAD: 10000
SLOOPY VALUE: 1024
TIME: 0.001183
SUM: 40000
THREADS: 4
COUNT PER THREAD: 10000
SLOOPY VALUE: 1024
TIME: 0.000982
SUM: 40000
THREADS: 4
COUNT PER THREAD: 10000
SLOOPY VALUE: 1024
TIME: 0.000982
SUM: 40000
THREADS: 4
COUNT PER THREAD: 10000
SLOOPY VALUE: 1024
TIME: 0.001004
SUM: 40000
THREADS: 4
COUNT PER THREAD: 10000
SLOOPY VALUE: 1024
TIME: 0.000982
SUM: 40000
THREADS: 4
COUNT PER THREAD: 10000
SLOOPY VALUE: 1024
TIME: 0.000980
SUM: 40000
THREADS: 4
COUNT PER THREAD: 10000
SLOOPY VALUE: 1024
TIME: 0.000980
SUM: 40000
THREADS: 4
COUNT PER THREAD: 10000
SLOOPY VALUE: 1024
TIME: 0.001008
SUM: 40000
THREADS: 5
COUNT PER THREAD: 10000
SLOOPY VALUE: 1024
TIME: 0.005534
SUM: 50000
THREADS: 5
COUNT PER THREAD: 10000
SLOOPY VALUE: 1024
TIME: 0.009544
SUM: 50000
THREADS: 5
COUNT PER THREAD: 10000
SLOOPY VALUE: 1024
TIME: 0.001438
SUM: 50000
THREADS: 5
COUNT PER THREAD: 10000
SLOOPY VALUE: 1024
TIME: 0.003604
SUM: 50000
THREADS: 5
COUNT PER THREAD: 10000
SLOOPY VALUE: 1024
TIME: 0.001348
SUM: 50000
THREADS: 5
COUNT PER THREAD: 10000
SLOOPY VALUE: 1024
TIME: 0.001276
SUM: 50000
THREADS: 5
COUNT PER THREAD: 10000
SLOOPY VALUE: 1024
TIME: 0.001302
SUM: 50000
THREADS: 5
COUNT PER THREAD: 10000
SLOOPY VALUE: 1024
TIME: 0.001320
SUM: 50000
THREADS: 5
COUNT PER THREAD: 10000
SLOOPY VALUE: 1024
TIME: 0.001354
SUM: 50000
THREADS: 5
COUNT PER THREAD: 10000
SLOOPY VALUE: 1024
TIME: 0.001294
SUM: 50000
THREADS: 6
COUNT PER THREAD: 10000
SLOOPY VALUE: 1024
TIME: 0.001497
SUM: 60000
THREADS: 6
COUNT PER THREAD: 10000
SLOOPY VALUE: 1024
TIME: 0.001469
SUM: 60000
THREADS: 6
COUNT PER THREAD: 10000
SLOOPY VALUE: 1024
TIME: 0.001470
SUM: 60000
THREADS: 6
COUNT PER THREAD: 10000
SLOOPY VALUE: 1024
TIME: 0.013557
SUM: 60000
THREADS: 6
COUNT PER THREAD: 10000
SLOOPY VALUE: 1024
TIME: 0.003850
SUM: 60000
THREADS: 6
COUNT PER THREAD: 10000
SLOOPY VALUE: 1024
TIME: 0.007409
SUM: 60000
THREADS: 6
COUNT PER THREAD: 10000
SLOOPY VALUE: 1024
TIME: 0.001505
SUM: 60000
THREADS: 6
COUNT PER THREAD: 10000
SLOOPY VALUE: 1024
TIME: 0.001511
SUM: 60000
THREADS: 6
COUNT PER THREAD: 10000
SLOOPY VALUE: 1024
TIME: 0.007062
SUM: 60000
THREADS: 6
COUNT PER THREAD: 10000
SLOOPY VALUE: 1024
TIME: 0.005372
SUM: 60000
THREADS: 7
COUNT PER THREAD: 10000
SLOOPY VALUE: 1024
TIME: 0.001711
SUM: 70000
THREADS: 7
COUNT PER THREAD: 10000
SLOOPY VALUE: 1024
TIME: 0.017840
SUM: 70000
THREADS: 7
COUNT PER THREAD: 10000
SLOOPY VALUE: 1024
TIME: 0.001732
SUM: 70000
THREADS: 7
COUNT PER THREAD: 10000
SLOOPY VALUE: 1024
TIME: 0.005753
SUM: 70000
THREADS: 7
COUNT PER THREAD: 10000
SLOOPY VALUE: 1024
TIME: 0.005957
SUM: 70000
THREADS: 7
COUNT PER THREAD: 10000
SLOOPY VALUE: 1024
TIME: 0.001716
SUM: 70000
THREADS: 7
COUNT PER THREAD: 10000
SLOOPY VALUE: 1024
TIME: 0.007533
SUM: 70000
THREADS: 7
COUNT PER THREAD: 10000
SLOOPY VALUE: 1024
TIME: 0.003580
SUM: 70000
THREADS: 7
COUNT PER THREAD: 10000
SLOOPY VALUE: 1024
TIME: 0.001817
SUM: 70000
THREADS: 7
COUNT PER THREAD: 10000
SLOOPY VALUE: 1024
TIME: 0.001733
SUM: 70000
THREADS: 8
COUNT PER THREAD: 10000
SLOOPY VALUE: 1024
TIME: 0.006012
SUM: 80000
THREADS: 8
COUNT PER THREAD: 10000
SLOOPY VALUE: 1024
TIME: 0.007062
SUM: 80000
THREADS: 8
COUNT PER THREAD: 10000
SLOOPY VALUE: 1024
TIME: 0.003478
SUM: 80000
THREADS: 8
COUNT PER THREAD: 10000
SLOOPY VALUE: 1024
TIME: 0.001968
SUM: 80000
THREADS: 8
COUNT PER THREAD: 10000
SLOOPY VALUE: 1024
TIME: 0.001970
SUM: 80000
THREADS: 8
COUNT PER THREAD: 10000
SLOOPY VALUE: 1024
TIME: 0.002033
SUM: 80000
THREADS: 8
COUNT PER THREAD: 10000
SLOOPY VALUE: 1024
TIME: 0.002003
SUM: 80000
THREADS: 8
COUNT PER THREAD: 10000
SLOOPY VALUE: 1024
TIME: 0.002024
SUM: 80000
THREADS: 8
COUNT PER THREAD: 10000
SLOOPY VALUE: 1024
TIME: 0.001979
SUM: 80000
THREADS: 8
COUNT PER THREAD: 10000
SLOOPY VALUE: 1024
TIME: 0.001971
SUM: 80000
THREADS: 9
COUNT PER THREAD: 10000
SLOOPY VALUE: 1024
TIME: 0.002305
SUM: 90000
THREADS: 9
COUNT PER THREAD: 10000
SLOOPY VALUE: 1024
TIME: 0.002517
SUM: 90000
THREADS: 9
COUNT PER THREAD: 10000
SLOOPY VALUE: 1024
TIME: 0.002444
SUM: 90000
THREADS: 9
COUNT PER THREAD: 10000
SLOOPY VALUE: 1024
TIME: 0.002473
SUM: 90000
THREADS: 9
COUNT PER THREAD: 10000
SLOOPY VALUE: 1024
TIME: 0.002292
SUM: 90000
THREADS: 9
COUNT PER THREAD: 10000
SLOOPY VALUE: 1024
TIME: 0.002346
SUM: 90000
THREADS: 9
COUNT PER THREAD: 10000
SLOOPY VALUE: 1024
TIME: 0.003453
SUM: 90000
THREADS: 9
COUNT PER THREAD: 10000
SLOOPY VALUE: 1024
TIME: 0.004816
SUM: 90000
THREADS: 9
COUNT PER THREAD: 10000
SLOOPY VALUE: 1024
TIME: 0.003669
SUM: 90000
THREADS: 9
COUNT PER THREAD: 10000
SLOOPY VALUE: 1024
TIME: 0.002587
SUM: 90000
THREADS: 10
COUNT PER THREAD: 10000
SLOOPY VALUE: 1024
TIME: 0.003449
SUM: 100000
THREADS: 10
COUNT PER THREAD: 10000
SLOOPY VALUE: 1024
TIME: 0.003569
SUM: 100000
THREADS: 10
COUNT PER THREAD: 10000
SLOOPY VALUE: 1024
TIME: 0.003884
SUM: 100000
THREADS: 10
COUNT PER THREAD: 10000
SLOOPY VALUE: 1024
TIME: 0.003703
SUM: 100000
THREADS: 10
COUNT PER THREAD: 10000
SLOOPY VALUE: 1024
TIME: 0.002979
SUM: 100000
THREADS: 10
COUNT PER THREAD: 10000
SLOOPY VALUE: 1024
TIME: 0.002746
SUM: 100000
THREADS: 10
COUNT PER THREAD: 10000
SLOOPY VALUE: 1024
TIME: 0.002997
SUM: 100000
THREADS: 10
COUNT PER THREAD: 10000
SLOOPY VALUE: 1024
TIME: 0.003197
SUM: 100000
THREADS: 10
COUNT PER THREAD: 10000
SLOOPY VALUE: 1024
TIME: 0.003129
SUM: 100000
THREADS: 10
COUNT PER THREAD: 10000
SLOOPY VALUE: 1024
TIME: 0.002877
SUM: 100000
THREADS: 11
COUNT PER THREAD: 10000
SLOOPY VALUE: 1024
TIME: 0.002855
SUM: 110000
THREADS: 11
COUNT PER THREAD: 10000
SLOOPY VALUE: 1024
TIME: 0.002881
SUM: 110000
THREADS: 11
COUNT PER THREAD: 10000
SLOOPY VALUE: 1024
TIME: 0.002880
SUM: 110000
THREADS: 11
COUNT PER THREAD: 10000
SLOOPY VALUE: 1024
TIME: 0.002971
SUM: 110000
THREADS: 11
COUNT PER THREAD: 10000
SLOOPY VALUE: 1024
TIME: 0.002946
SUM: 110000
THREADS: 11
COUNT PER THREAD: 10000
SLOOPY VALUE: 1024
TIME: 0.002794
SUM: 110000
THREADS: 11
COUNT PER THREAD: 10000
SLOOPY VALUE: 1024
TIME: 0.002896
SUM: 110000
THREADS: 11
COUNT PER THREAD: 10000
SLOOPY VALUE: 1024
TIME: 0.002882
SUM: 110000
THREADS: 11
COUNT PER THREAD: 10000
SLOOPY VALUE: 1024
TIME: 0.003016
SUM: 110000
THREADS: 11
COUNT PER THREAD: 10000
SLOOPY VALUE: 1024
TIME: 0.002778
SUM: 110000
THREADS: 12
COUNT PER THREAD: 10000
SLOOPY VALUE: 1024
TIME: 0.003101
SUM: 120000
THREADS: 12
COUNT PER THREAD: 10000
SLOOPY VALUE: 1024
TIME: 0.003172
SUM: 120000
THREADS: 12
COUNT PER THREAD: 10000
SLOOPY VALUE: 1024
TIME: 0.003835
SUM: 120000
THREADS: 12
COUNT PER THREAD: 10000
SLOOPY VALUE: 1024
TIME: 0.004530
SUM: 120000
THREADS: 12
COUNT PER THREAD: 10000
SLOOPY VALUE: 1024
TIME: 0.003897
SUM: 120000
THREADS: 12
COUNT PER THREAD: 10000
SLOOPY VALUE: 1024
TIME: 0.003205
SUM: 120000
THREADS: 12
COUNT PER THREAD: 10000
SLOOPY VALUE: 1024
TIME: 0.003090
SUM: 120000
THREADS: 12
COUNT PER THREAD: 10000
SLOOPY VALUE: 1024
TIME: 0.003226
SUM: 120000
THREADS: 12
COUNT PER THREAD: 10000
SLOOPY VALUE: 1024
TIME: 0.003179
SUM: 120000
THREADS: 12
COUNT PER THREAD: 10000
SLOOPY VALUE: 1024
TIME: 0.020847
SUM: 120000
THREADS: 13
COUNT PER THREAD: 10000
SLOOPY VALUE: 1024
TIME: 0.005417
SUM: 130000
THREADS: 13
COUNT PER THREAD: 10000
SLOOPY VALUE: 1024
TIME: 0.005601
SUM: 130000
THREADS: 13
COUNT PER THREAD: 10000
SLOOPY VALUE: 1024
TIME: 0.003456
SUM: 130000
THREADS: 13
COUNT PER THREAD: 10000
SLOOPY VALUE: 1024
TIME: 0.012586
SUM: 130000
THREADS: 13
COUNT PER THREAD: 10000
SLOOPY VALUE: 1024
TIME: 0.011542
SUM: 130000
THREADS: 13
COUNT PER THREAD: 10000
SLOOPY VALUE: 1024
TIME: 0.010427
SUM: 130000
THREADS: 13
COUNT PER THREAD: 10000
SLOOPY VALUE: 1024
TIME: 0.008355
SUM: 130000
THREADS: 13
COUNT PER THREAD: 10000
SLOOPY VALUE: 1024
TIME: 0.008094
SUM: 130000
THREADS: 13
COUNT PER THREAD: 10000
SLOOPY VALUE: 1024
TIME: 0.013324
SUM: 130000
THREADS: 13
COUNT PER THREAD: 10000
SLOOPY VALUE: 1024
TIME: 0.010331
SUM: 130000
THREADS: 14
COUNT PER THREAD: 10000
SLOOPY VALUE: 1024
TIME: 0.004111
SUM: 140000
THREADS: 14
COUNT PER THREAD: 10000
SLOOPY VALUE: 1024
TIME: 0.003567
SUM: 140000
THREADS: 14
COUNT PER THREAD: 10000
SLOOPY VALUE: 1024
TIME: 0.003940
SUM: 140000
THREADS: 14
COUNT PER THREAD: 10000
SLOOPY VALUE: 1024
TIME: 0.003775
SUM: 140000
THREADS: 14
COUNT PER THREAD: 10000
SLOOPY VALUE: 1024
TIME: 0.022734
SUM: 140000
THREADS: 14
COUNT PER THREAD: 10000
SLOOPY VALUE: 1024
TIME: 0.008151
SUM: 140000
THREADS: 14
COUNT PER THREAD: 10000
SLOOPY VALUE: 1024
TIME: 0.009273
SUM: 140000
THREADS: 14
COUNT PER THREAD: 10000
SLOOPY VALUE: 1024
TIME: 0.003624
SUM: 140000
THREADS: 14
COUNT PER THREAD: 10000
SLOOPY VALUE: 1024
TIME: 0.003650
SUM: 140000
THREADS: 14
COUNT PER THREAD: 10000
SLOOPY VALUE: 1024
TIME: 0.003848
SUM: 140000
THREADS: 15
COUNT PER THREAD: 10000
SLOOPY VALUE: 1024
TIME: 0.009509
SUM: 150000
THREADS: 15
COUNT PER THREAD: 10000
SLOOPY VALUE: 1024
TIME: 0.006983
SUM: 150000
THREADS: 15
COUNT PER THREAD: 10000
SLOOPY VALUE: 1024
TIME: 0.004869
SUM: 150000
THREADS: 15
COUNT PER THREAD: 10000
SLOOPY VALUE: 1024
TIME: 0.003851
SUM: 150000
THREADS: 15
COUNT PER THREAD: 10000
SLOOPY VALUE: 1024
TIME: 0.004284
SUM: 150000
THREADS: 15
COUNT PER THREAD: 10000
SLOOPY VALUE: 1024
TIME: 0.004236
SUM: 150000
THREADS: 15
COUNT PER THREAD: 10000
SLOOPY VALUE: 1024
TIME: 0.005008
SUM: 150000
THREADS: 15
COUNT PER THREAD: 10000
SLOOPY VALUE: 1024
TIME: 0.004486
SUM: 150000
THREADS: 15
COUNT PER THREAD: 10000
SLOOPY VALUE: 1024
TIME: 0.003911
SUM: 150000
THREADS: 15
COUNT PER THREAD: 10000
SLOOPY VALUE: 1024
TIME: 0.003787
SUM: 150000
THREADS: 16
COUNT PER THREAD: 10000
SLOOPY VALUE: 1024
TIME: 0.007160
SUM: 160000
THREADS: 16
COUNT PER THREAD: 10000
SLOOPY VALUE: 1024
TIME: 0.013612
SUM: 160000
THREADS: 16
COUNT PER THREAD: 10000
SLOOPY VALUE: 1024
TIME: 0.004163
SUM: 160000
THREADS: 16
COUNT PER THREAD: 10000
SLOOPY VALUE: 1024
TIME: 0.004073
SUM: 160000
THREADS: 16
COUNT PER THREAD: 10000
SLOOPY VALUE: 1024
TIME: 0.004714
SUM: 160000
THREADS: 16
COUNT PER THREAD: 10000
SLOOPY VALUE: 1024
TIME: 0.004154
SUM: 160000
THREADS: 16
COUNT PER THREAD: 10000
SLOOPY VALUE: 1024
TIME: 0.004064
SUM: 160000
THREADS: 16
COUNT PER THREAD: 10000
SLOOPY VALUE: 1024
TIME: 0.004067
SUM: 160000
THREADS: 16
COUNT PER THREAD: 10000
SLOOPY VALUE: 1024
TIME: 0.003996
SUM: 160000
THREADS: 16
COUNT PER THREAD: 10000
SLOOPY VALUE: 1024
TIME: 0.004159
SUM: 160000
THREADS: 17
COUNT PER THREAD: 10000
SLOOPY VALUE: 1024
TIME: 0.013131
SUM: 170000
THREADS: 17
COUNT PER THREAD: 10000
SLOOPY VALUE: 1024
TIME: 0.014679
SUM: 170000
THREADS: 17
COUNT PER THREAD: 10000
SLOOPY VALUE: 1024
TIME: 0.013351
SUM: 170000
THREADS: 17
COUNT PER THREAD: 10000
SLOOPY VALUE: 1024
TIME: 0.005449
SUM: 170000
THREADS: 17
COUNT PER THREAD: 10000
SLOOPY VALUE: 1024
TIME: 0.005406
SUM: 170000
THREADS: 17
COUNT PER THREAD: 10000
SLOOPY VALUE: 1024
TIME: 0.004498
SUM: 170000
THREADS: 17
COUNT PER THREAD: 10000
SLOOPY VALUE: 1024
TIME: 0.004485
SUM: 170000
THREADS: 17
COUNT PER THREAD: 10000
SLOOPY VALUE: 1024
TIME: 0.004431
SUM: 170000
THREADS: 17
COUNT PER THREAD: 10000
SLOOPY VALUE: 1024
TIME: 0.004221
SUM: 170000
THREADS: 17
COUNT PER THREAD: 10000
SLOOPY VALUE: 1024
TIME: 0.004204
SUM: 170000
THREADS: 18
COUNT PER THREAD: 10000
SLOOPY VALUE: 1024
TIME: 0.004850
SUM: 180000
THREADS: 18
COUNT PER THREAD: 10000
SLOOPY VALUE: 1024
TIME: 0.004848
SUM: 180000
THREADS: 18
COUNT PER THREAD: 10000
SLOOPY VALUE: 1024
TIME: 0.005002
SUM: 180000
THREADS: 18
COUNT PER THREAD: 10000
SLOOPY VALUE: 1024
TIME: 0.005405
SUM: 180000
THREADS: 18
COUNT PER THREAD: 10000
SLOOPY VALUE: 1024
TIME: 0.006579
SUM: 180000
THREADS: 18
COUNT PER THREAD: 10000
SLOOPY VALUE: 1024
TIME: 0.004892
SUM: 180000
THREADS: 18
COUNT PER THREAD: 10000
SLOOPY VALUE: 1024
TIME: 0.004669
SUM: 180000
THREADS: 18
COUNT PER THREAD: 10000
SLOOPY VALUE: 1024
TIME: 0.006865
SUM: 180000
THREADS: 18
COUNT PER THREAD: 10000
SLOOPY VALUE: 1024
TIME: 0.006089
SUM: 180000
THREADS: 18
COUNT PER THREAD: 10000
SLOOPY VALUE: 1024
TIME: 0.004963
SUM: 180000
THREADS: 19
COUNT PER THREAD: 10000
SLOOPY VALUE: 1024
TIME: 0.004804
SUM: 190000
THREADS: 19
COUNT PER THREAD: 10000
SLOOPY VALUE: 1024
TIME: 0.007287
SUM: 190000
THREADS: 19
COUNT PER THREAD: 10000
SLOOPY VALUE: 1024
TIME: 0.006021
SUM: 190000
THREADS: 19
COUNT PER THREAD: 10000
SLOOPY VALUE: 1024
TIME: 0.005280
SUM: 190000
THREADS: 19
COUNT PER THREAD: 10000
SLOOPY VALUE: 1024
TIME: 0.006528
SUM: 190000
THREADS: 19
COUNT PER THREAD: 10000
SLOOPY VALUE: 1024
TIME: 0.006096
SUM: 190000
THREADS: 19
COUNT PER THREAD: 10000
SLOOPY VALUE: 1024
TIME: 0.006988
SUM: 190000
THREADS: 19
COUNT PER THREAD: 10000
SLOOPY VALUE: 1024
TIME: 0.006161
SUM: 190000
THREADS: 19
COUNT PER THREAD: 10000
SLOOPY VALUE: 1024
TIME: 0.017598
SUM: 190000
THREADS: 19
COUNT PER THREAD: 10000
SLOOPY VALUE: 1024
TIME: 0.005380
SUM: 190000
THREADS: 20
COUNT PER THREAD: 10000
SLOOPY VALUE: 1024
TIME: 0.006858
SUM: 200000
THREADS: 20
COUNT PER THREAD: 10000
SLOOPY VALUE: 1024
TIME: 0.005391
SUM: 200000
THREADS: 20
COUNT PER THREAD: 10000
SLOOPY VALUE: 1024
TIME: 0.006113
SUM: 200000
THREADS: 20
COUNT PER THREAD: 10000
SLOOPY VALUE: 1024
TIME: 0.005408
SUM: 200000
THREADS: 20
COUNT PER THREAD: 10000
SLOOPY VALUE: 1024
TIME: 0.006850
SUM: 200000
THREADS: 20
COUNT PER THREAD: 10000
SLOOPY VALUE: 1024
TIME: 0.005684
SUM: 200000
THREADS: 20
COUNT PER THREAD: 10000
SLOOPY VALUE: 1024
TIME: 0.005728
SUM: 200000
THREADS: 20
COUNT PER THREAD: 10000
SLOOPY VALUE: 1024
TIME: 0.006741
SUM: 200000
THREADS: 20
COUNT PER THREAD: 10000
SLOOPY VALUE: 1024
TIME: 0.019470
SUM: 200000
THREADS: 20
COUNT PER THREAD: 10000
SLOOPY VALUE: 1024
TIME: 0.014400
SUM: 200000
THREADS: 21
COUNT PER THREAD: 10000
SLOOPY VALUE: 1024
TIME: 0.005590
SUM: 210000
THREADS: 21
COUNT PER THREAD: 10000
SLOOPY VALUE: 1024
TIME: 0.005285
SUM: 210000
THREADS: 21
COUNT PER THREAD: 10000
SLOOPY VALUE: 1024
TIME: 0.009484
SUM: 210000
THREADS: 21
COUNT PER THREAD: 10000
SLOOPY VALUE: 1024
TIME: 0.006288
SUM: 210000
THREADS: 21
COUNT PER THREAD: 10000
SLOOPY VALUE: 1024
TIME: 0.008144
SUM: 210000
THREADS: 21
COUNT PER THREAD: 10000
SLOOPY VALUE: 1024
TIME: 0.006551
SUM: 210000
THREADS: 21
COUNT PER THREAD: 10000
SLOOPY VALUE: 1024
TIME: 0.015275
SUM: 210000
THREADS: 21
COUNT PER THREAD: 10000
SLOOPY VALUE: 1024
TIME: 0.022440
SUM: 210000
THREADS: 21
COUNT PER THREAD: 10000
SLOOPY VALUE: 1024
TIME: 0.005797
SUM: 210000
THREADS: 21
COUNT PER THREAD: 10000
SLOOPY VALUE: 1024
TIME: 0.008385
SUM: 210000
THREADS: 22
COUNT PER THREAD: 10000
SLOOPY VALUE: 1024
TIME: 0.005909
SUM: 220000
THREADS: 22
COUNT PER THREAD: 10000
SLOOPY VALUE: 1024
TIME: 0.005526
SUM: 220000
THREADS: 22
COUNT PER THREAD: 10000
SLOOPY VALUE: 1024
TIME: 0.005443
SUM: 220000
THREADS: 22
COUNT PER THREAD: 10000
SLOOPY VALUE: 1024
TIME: 0.005403
SUM: 220000
THREADS: 22
COUNT PER THREAD: 10000
SLOOPY VALUE: 1024
TIME: 0.005766
SUM: 220000
THREADS: 22
COUNT PER THREAD: 10000
SLOOPY VALUE: 1024
TIME: 0.005669
SUM: 220000
THREADS: 22
COUNT PER THREAD: 10000
SLOOPY VALUE: 1024
TIME: 0.005957
SUM: 220000
THREADS: 22
COUNT PER THREAD: 10000
SLOOPY VALUE: 1024
TIME: 0.007232
SUM: 220000
THREADS: 22
COUNT PER THREAD: 10000
SLOOPY VALUE: 1024
TIME: 0.023660
SUM: 220000
THREADS: 22
COUNT PER THREAD: 10000
SLOOPY VALUE: 1024
TIME: 0.013934
SUM: 220000
THREADS: 23
COUNT PER THREAD: 10000
SLOOPY VALUE: 1024
TIME: 0.005624
SUM: 230000
THREADS: 23
COUNT PER THREAD: 10000
SLOOPY VALUE: 1024
TIME: 0.005601
SUM: 230000
THREADS: 23
COUNT PER THREAD: 10000
SLOOPY VALUE: 1024
TIME: 0.005615
SUM: 230000
THREADS: 23
COUNT PER THREAD: 10000
SLOOPY VALUE: 1024
TIME: 0.005701
SUM: 230000
THREADS: 23
COUNT PER THREAD: 10000
SLOOPY VALUE: 1024
TIME: 0.006652
SUM: 230000
THREADS: 23
COUNT PER THREAD: 10000
SLOOPY VALUE: 1024
TIME: 0.005609
SUM: 230000
THREADS: 23
COUNT PER THREAD: 10000
SLOOPY VALUE: 1024
TIME: 0.005745
SUM: 230000
THREADS: 23
COUNT PER THREAD: 10000
SLOOPY VALUE: 1024
TIME: 0.005620
SUM: 230000
THREADS: 23
COUNT PER THREAD: 10000
SLOOPY VALUE: 1024
TIME: 0.015299
SUM: 230000
THREADS: 23
COUNT PER THREAD: 10000
SLOOPY VALUE: 1024
TIME: 0.015623
SUM: 230000
THREADS: 24
COUNT PER THREAD: 10000
SLOOPY VALUE: 1024
TIME: 0.007495
SUM: 240000
THREADS: 24
COUNT PER THREAD: 10000
SLOOPY VALUE: 1024
TIME: 0.022557
SUM: 240000
THREADS: 24
COUNT PER THREAD: 10000
SLOOPY VALUE: 1024
TIME: 0.014515
SUM: 240000
THREADS: 24
COUNT PER THREAD: 10000
SLOOPY VALUE: 1024
TIME: 0.007583
SUM: 240000
THREADS: 24
COUNT PER THREAD: 10000
SLOOPY VALUE: 1024
TIME: 0.005919
SUM: 240000
THREADS: 24
COUNT PER THREAD: 10000
SLOOPY VALUE: 1024
TIME: 0.005850
SUM: 240000
THREADS: 24
COUNT PER THREAD: 10000
SLOOPY VALUE: 1024
TIME: 0.006106
SUM: 240000
THREADS: 24
COUNT PER THREAD: 10000
SLOOPY VALUE: 1024
TIME: 0.005890
SUM: 240000
THREADS: 24
COUNT PER THREAD: 10000
SLOOPY VALUE: 1024
TIME: 0.006127
SUM: 240000
THREADS: 24
COUNT PER THREAD: 10000
SLOOPY VALUE: 1024
TIME: 0.006111
SUM: 240000
THREADS: 25
COUNT PER THREAD: 10000
SLOOPY VALUE: 1024
TIME: 0.006087
SUM: 250000
THREADS: 25
COUNT PER THREAD: 10000
SLOOPY VALUE: 1024
TIME: 0.006137
SUM: 250000
THREADS: 25
COUNT PER THREAD: 10000
SLOOPY VALUE: 1024
TIME: 0.006132
SUM: 250000
THREADS: 25
COUNT PER THREAD: 10000
SLOOPY VALUE: 1024
TIME: 0.006322
SUM: 250000
THREADS: 25
COUNT PER THREAD: 10000
SLOOPY VALUE: 1024
TIME: 0.025605
SUM: 250000
THREADS: 25
COUNT PER THREAD: 10000
SLOOPY VALUE: 1024
TIME: 0.012161
SUM: 250000
THREADS: 25
COUNT PER THREAD: 10000
SLOOPY VALUE: 1024
TIME: 0.006223
SUM: 250000
THREADS: 25
COUNT PER THREAD: 10000
SLOOPY VALUE: 1024
TIME: 0.006192
SUM: 250000
THREADS: 25
COUNT PER THREAD: 10000
SLOOPY VALUE: 1024
TIME: 0.006125
SUM: 250000
THREADS: 25
COUNT PER THREAD: 10000
SLOOPY VALUE: 1024
TIME: 0.006810
SUM: 250000
THREADS: 26
COUNT PER THREAD: 10000
SLOOPY VALUE: 1024
TIME: 0.006550
SUM: 260000
THREADS: 26
COUNT PER THREAD: 10000
SLOOPY VALUE: 1024
TIME: 0.007110
SUM: 260000
THREADS: 26
COUNT PER THREAD: 10000
SLOOPY VALUE: 1024
TIME: 0.021106
SUM: 260000
THREADS: 26
COUNT PER THREAD: 10000
SLOOPY VALUE: 1024
TIME: 0.016844
SUM: 260000
THREADS: 26
COUNT PER THREAD: 10000
SLOOPY VALUE: 1024
TIME: 0.006594
SUM: 260000
THREADS: 26
COUNT PER THREAD: 10000
SLOOPY VALUE: 1024
TIME: 0.006573
SUM: 260000
THREADS: 26
COUNT PER THREAD: 10000
SLOOPY VALUE: 1024
TIME: 0.006481
SUM: 260000
THREADS: 26
COUNT PER THREAD: 10000
SLOOPY VALUE: 1024
TIME: 0.006729
SUM: 260000
THREADS: 26
COUNT PER THREAD: 10000
SLOOPY VALUE: 1024
TIME: 0.006451
SUM: 260000
THREADS: 26
COUNT PER THREAD: 10000
SLOOPY VALUE: 1024
TIME: 0.006449
SUM: 260000
THREADS: 27
COUNT PER THREAD: 10000
SLOOPY VALUE: 1024
TIME: 0.007557
SUM: 270000
THREADS: 27
COUNT PER THREAD: 10000
SLOOPY VALUE: 1024
TIME: 0.007743
SUM: 270000
THREADS: 27
COUNT PER THREAD: 10000
SLOOPY VALUE: 1024
TIME: 0.008327
SUM: 270000
THREADS: 27
COUNT PER THREAD: 10000
SLOOPY VALUE: 1024
TIME: 0.007963
SUM: 270000
THREADS: 27
COUNT PER THREAD: 10000
SLOOPY VALUE: 1024
TIME: 0.012821
SUM: 270000
THREADS: 27
COUNT PER THREAD: 10000
SLOOPY VALUE: 1024
TIME: 0.008226
SUM: 270000
THREADS: 27
COUNT PER THREAD: 10000
SLOOPY VALUE: 1024
TIME: 0.008631
SUM: 270000
THREADS: 27
COUNT PER THREAD: 10000
SLOOPY VALUE: 1024
TIME: 0.023374
SUM: 270000
THREADS: 27
COUNT PER THREAD: 10000
SLOOPY VALUE: 1024
TIME: 0.016913
SUM: 270000
THREADS: 27
COUNT PER THREAD: 10000
SLOOPY VALUE: 1024
TIME: 0.008467
SUM: 270000
THREADS: 28
COUNT PER THREAD: 10000
SLOOPY VALUE: 1024
TIME: 0.017016
SUM: 280000
THREADS: 28
COUNT PER THREAD: 10000
SLOOPY VALUE: 1024
TIME: 0.007037
SUM: 280000
THREADS: 28
COUNT PER THREAD: 10000
SLOOPY VALUE: 1024
TIME: 0.007228
SUM: 280000
THREADS: 28
COUNT PER THREAD: 10000
SLOOPY VALUE: 1024
TIME: 0.007243
SUM: 280000
THREADS: 28
COUNT PER THREAD: 10000
SLOOPY VALUE: 1024
TIME: 0.007065
SUM: 280000
THREADS: 28
COUNT PER THREAD: 10000
SLOOPY VALUE: 1024
TIME: 0.010690
SUM: 280000
THREADS: 28
COUNT PER THREAD: 10000
SLOOPY VALUE: 1024
TIME: 0.006995
SUM: 280000
THREADS: 28
COUNT PER THREAD: 10000
SLOOPY VALUE: 1024
TIME: 0.007004
SUM: 280000
THREADS: 28
COUNT PER THREAD: 10000
SLOOPY VALUE: 1024
TIME: 0.006959
SUM: 280000
THREADS: 28
COUNT PER THREAD: 10000
SLOOPY VALUE: 1024
TIME: 0.007705
SUM: 280000
THREADS: 29
COUNT PER THREAD: 10000
SLOOPY VALUE: 1024
TIME: 0.009540
SUM: 290000
THREADS: 29
COUNT PER THREAD: 10000
SLOOPY VALUE: 1024
TIME: 0.007594
SUM: 290000
THREADS: 29
COUNT PER THREAD: 10000
SLOOPY VALUE: 1024
TIME: 0.009460
SUM: 290000
THREADS: 29
COUNT PER THREAD: 10000
SLOOPY VALUE: 1024
TIME: 0.008807
SUM: 290000
THREADS: 29
COUNT PER THREAD: 10000
SLOOPY VALUE: 1024
TIME: 0.008332
SUM: 290000
THREADS: 29
COUNT PER THREAD: 10000
SLOOPY VALUE: 1024
TIME: 0.007828
SUM: 290000
THREADS: 29
COUNT PER THREAD: 10000
SLOOPY VALUE: 1024
TIME: 0.030506
SUM: 290000
THREADS: 29
COUNT PER THREAD: 10000
SLOOPY VALUE: 1024
TIME: 0.017798
SUM: 290000
THREADS: 29
COUNT PER THREAD: 10000
SLOOPY VALUE: 1024
TIME: 0.008023
SUM: 290000
THREADS: 29
COUNT PER THREAD: 10000
SLOOPY VALUE: 1024
TIME: 0.011417
SUM: 290000
THREADS: 30
COUNT PER THREAD: 10000
SLOOPY VALUE: 1024
TIME: 0.007967
SUM: 300000
THREADS: 30
COUNT PER THREAD: 10000
SLOOPY VALUE: 1024
TIME: 0.010567
SUM: 300000
THREADS: 30
COUNT PER THREAD: 10000
SLOOPY VALUE: 1024
TIME: 0.008321
SUM: 300000
THREADS: 30
COUNT PER THREAD: 10000
SLOOPY VALUE: 1024
TIME: 0.033388
SUM: 300000
THREADS: 30
COUNT PER THREAD: 10000
SLOOPY VALUE: 1024
TIME: 0.016471
SUM: 300000
THREADS: 30
COUNT PER THREAD: 10000
SLOOPY VALUE: 1024
TIME: 0.008139
SUM: 300000
THREADS: 30
COUNT PER THREAD: 10000
SLOOPY VALUE: 1024
TIME: 0.010409
SUM: 300000
THREADS: 30
COUNT PER THREAD: 10000
SLOOPY VALUE: 1024
TIME: 0.009830
SUM: 300000
THREADS: 30
COUNT PER THREAD: 10000
SLOOPY VALUE: 1024
TIME: 0.008464
SUM: 300000
THREADS: 30
COUNT PER THREAD: 10000
SLOOPY VALUE: 1024
TIME: 0.010664
SUM: 300000
THREADS: 31
COUNT PER THREAD: 10000
SLOOPY VALUE: 1024
TIME: 0.009250
SUM: 310000
THREADS: 31
COUNT PER THREAD: 10000
SLOOPY VALUE: 1024
TIME: 0.031322
SUM: 310000
THREADS: 31
COUNT PER THREAD: 10000
SLOOPY VALUE: 1024
TIME: 0.025152
SUM: 310000
THREADS: 31
COUNT PER THREAD: 10000
SLOOPY VALUE: 1024
TIME: 0.010407
SUM: 310000
THREADS: 31
COUNT PER THREAD: 10000
SLOOPY VALUE: 1024
TIME: 0.011765
SUM: 310000
THREADS: 31
COUNT PER THREAD: 10000
SLOOPY VALUE: 1024
TIME: 0.013116
SUM: 310000
THREADS: 31
COUNT PER THREAD: 10000
SLOOPY VALUE: 1024
TIME: 0.011109
SUM: 310000
THREADS: 31
COUNT PER THREAD: 10000
SLOOPY VALUE: 1024
TIME: 0.009084
SUM: 310000
THREADS: 31
COUNT PER THREAD: 10000
SLOOPY VALUE: 1024
TIME: 0.009875
SUM: 310000
THREADS: 31
COUNT PER THREAD: 10000
SLOOPY VALUE: 1024
TIME: 0.009047
SUM: 310000
THREADS: 32
COUNT PER THREAD: 10000
SLOOPY VALUE: 1024
TIME: 0.008851
SUM: 320000
THREADS: 32
COUNT PER THREAD: 10000
SLOOPY VALUE: 1024
TIME: 0.010079
SUM: 320000
THREADS: 32
COUNT PER THREAD: 10000
SLOOPY VALUE: 1024
TIME: 0.009993
SUM: 320000
THREADS: 32
COUNT PER THREAD: 10000
SLOOPY VALUE: 1024
TIME: 0.010210
SUM: 320000
THREADS: 32
COUNT PER THREAD: 10000
SLOOPY VALUE: 1024
TIME: 0.010934
SUM: 320000
THREADS: 32
COUNT PER THREAD: 10000
SLOOPY VALUE: 1024
TIME: 0.008817
SUM: 320000
THREADS: 32
COUNT PER THREAD: 10000
SLOOPY VALUE: 1024
TIME: 0.009447
SUM: 320000
THREADS: 32
COUNT PER THREAD: 10000
SLOOPY VALUE: 1024
TIME: 0.025302
SUM: 320000
THREADS: 32
COUNT PER THREAD: 10000
SLOOPY VALUE: 1024
TIME: 0.017896
SUM: 320000
THREADS: 32
COUNT PER THREAD: 10000
SLOOPY VALUE: 1024
TIME: 0.009293
SUM: 320000
THREADS: 33
COUNT PER THREAD: 10000
SLOOPY VALUE: 1024
TIME: 0.018908
SUM: 330000
THREADS: 33
COUNT PER THREAD: 10000
SLOOPY VALUE: 1024
TIME: 0.009008
SUM: 330000
THREADS: 33
COUNT PER THREAD: 10000
SLOOPY VALUE: 1024
TIME: 0.010957
SUM: 330000
THREADS: 33
COUNT PER THREAD: 10000
SLOOPY VALUE: 1024
TIME: 0.010173
SUM: 330000
THREADS: 33
COUNT PER THREAD: 10000
SLOOPY VALUE: 1024
TIME: 0.008849
SUM: 330000
THREADS: 33
COUNT PER THREAD: 10000
SLOOPY VALUE: 1024
TIME: 0.009265
SUM: 330000
THREADS: 33
COUNT PER THREAD: 10000
SLOOPY VALUE: 1024
TIME: 0.008979
SUM: 330000
THREADS: 33
COUNT PER THREAD: 10000
SLOOPY VALUE: 1024
TIME: 0.010947
SUM: 330000
THREADS: 33
COUNT PER THREAD: 10000
SLOOPY VALUE: 1024
TIME: 0.008933
SUM: 330000
THREADS: 33
COUNT PER THREAD: 10000
SLOOPY VALUE: 1024
TIME: 0.025518
SUM: 330000
THREADS: 34
COUNT PER THREAD: 10000
SLOOPY VALUE: 1024
TIME: 0.015676
SUM: 340000
THREADS: 34
COUNT PER THREAD: 10000
SLOOPY VALUE: 1024
TIME: 0.009764
SUM: 340000
THREADS: 34
COUNT PER THREAD: 10000
SLOOPY VALUE: 1024
TIME: 0.012167
SUM: 340000
THREADS: 34
COUNT PER THREAD: 10000
SLOOPY VALUE: 1024
TIME: 0.009995
SUM: 340000
THREADS: 34
COUNT PER THREAD: 10000
SLOOPY VALUE: 1024
TIME: 0.012879
SUM: 340000
THREADS: 34
COUNT PER THREAD: 10000
SLOOPY VALUE: 1024
TIME: 0.010083
SUM: 340000
THREADS: 34
COUNT PER THREAD: 10000
SLOOPY VALUE: 1024
TIME: 0.009133
SUM: 340000
THREADS: 34
COUNT PER THREAD: 10000
SLOOPY VALUE: 1024
TIME: 0.009503
SUM: 340000
THREADS: 34
COUNT PER THREAD: 10000
SLOOPY VALUE: 1024
TIME: 0.031318
SUM: 340000
THREADS: 34
COUNT PER THREAD: 10000
SLOOPY VALUE: 1024
TIME: 0.014669
SUM: 340000
THREADS: 35
COUNT PER THREAD: 10000
SLOOPY VALUE: 1024
TIME: 0.020325
SUM: 350000
THREADS: 35
COUNT PER THREAD: 10000
SLOOPY VALUE: 1024
TIME: 0.010030
SUM: 350000
THREADS: 35
COUNT PER THREAD: 10000
SLOOPY VALUE: 1024
TIME: 0.009069
SUM: 350000
THREADS: 35
COUNT PER THREAD: 10000
SLOOPY VALUE: 1024
TIME: 0.009442
SUM: 350000
THREADS: 35
COUNT PER THREAD: 10000
SLOOPY VALUE: 1024
TIME: 0.009609
SUM: 350000
THREADS: 35
COUNT PER THREAD: 10000
SLOOPY VALUE: 1024
TIME: 0.009363
SUM: 350000
THREADS: 35
COUNT PER THREAD: 10000
SLOOPY VALUE: 1024
TIME: 0.010089
SUM: 350000
THREADS: 35
COUNT PER THREAD: 10000
SLOOPY VALUE: 1024
TIME: 0.009186
SUM: 350000
THREADS: 35
COUNT PER THREAD: 10000
SLOOPY VALUE: 1024
TIME: 0.009467
SUM: 350000
THREADS: 35
COUNT PER THREAD: 10000
SLOOPY VALUE: 1024
TIME: 0.031777
SUM: 350000
THREADS: 36
COUNT PER THREAD: 10000
SLOOPY VALUE: 1024
TIME: 0.009741
SUM: 360000
THREADS: 36
COUNT PER THREAD: 10000
SLOOPY VALUE: 1024
TIME: 0.009777
SUM: 360000
THREADS: 36
COUNT PER THREAD: 10000
SLOOPY VALUE: 1024
TIME: 0.009989
SUM: 360000
THREADS: 36
COUNT PER THREAD: 10000
SLOOPY VALUE: 1024
TIME: 0.009381
SUM: 360000
THREADS: 36
COUNT PER THREAD: 10000
SLOOPY VALUE: 1024
TIME: 0.009451
SUM: 360000
THREADS: 36
COUNT PER THREAD: 10000
SLOOPY VALUE: 1024
TIME: 0.010175
SUM: 360000
THREADS: 36
COUNT PER THREAD: 10000
SLOOPY VALUE: 1024
TIME: 0.009833
SUM: 360000
THREADS: 36
COUNT PER THREAD: 10000
SLOOPY VALUE: 1024
TIME: 0.025295
SUM: 360000
THREADS: 36
COUNT PER THREAD: 10000
SLOOPY VALUE: 1024
TIME: 0.021079
SUM: 360000
THREADS: 36
COUNT PER THREAD: 10000
SLOOPY VALUE: 1024
TIME: 0.010155
SUM: 360000
THREADS: 37
COUNT PER THREAD: 10000
SLOOPY VALUE: 1024
TIME: 0.010121
SUM: 370000
THREADS: 37
COUNT PER THREAD: 10000
SLOOPY VALUE: 1024
TIME: 0.012482
SUM: 370000
THREADS: 37
COUNT PER THREAD: 10000
SLOOPY VALUE: 1024
TIME: 0.009575
SUM: 370000
THREADS: 37
COUNT PER THREAD: 10000
SLOOPY VALUE: 1024
TIME: 0.010075
SUM: 370000
THREADS: 37
COUNT PER THREAD: 10000
SLOOPY VALUE: 1024
TIME: 0.009817
SUM: 370000
THREADS: 37
COUNT PER THREAD: 10000
SLOOPY VALUE: 1024
TIME: 0.009520
SUM: 370000
THREADS: 37
COUNT PER THREAD: 10000
SLOOPY VALUE: 1024
TIME: 0.011159
SUM: 370000
THREADS: 37
COUNT PER THREAD: 10000
SLOOPY VALUE: 1024
TIME: 0.009805
SUM: 370000
THREADS: 37
COUNT PER THREAD: 10000
SLOOPY VALUE: 1024
TIME: 0.037313
SUM: 370000
THREADS: 37
COUNT PER THREAD: 10000
SLOOPY VALUE: 1024
TIME: 0.009804
SUM: 370000
THREADS: 38
COUNT PER THREAD: 10000
SLOOPY VALUE: 1024
TIME: 0.010685
SUM: 380000
THREADS: 38
COUNT PER THREAD: 10000
SLOOPY VALUE: 1024
TIME: 0.010059
SUM: 380000
THREADS: 38
COUNT PER THREAD: 10000
SLOOPY VALUE: 1024
TIME: 0.010221
SUM: 380000
THREADS: 38
COUNT PER THREAD: 10000
SLOOPY VALUE: 1024
TIME: 0.010635
SUM: 380000
THREADS: 38
COUNT PER THREAD: 10000
SLOOPY VALUE: 1024
TIME: 0.009857
SUM: 380000
THREADS: 38
COUNT PER THREAD: 10000
SLOOPY VALUE: 1024
TIME: 0.010226
SUM: 380000
THREADS: 38
COUNT PER THREAD: 10000
SLOOPY VALUE: 1024
TIME: 0.025651
SUM: 380000
THREADS: 38
COUNT PER THREAD: 10000
SLOOPY VALUE: 1024
TIME: 0.016971
SUM: 380000
THREADS: 38
COUNT PER THREAD: 10000
SLOOPY VALUE: 1024
TIME: 0.009918
SUM: 380000
THREADS: 38
COUNT PER THREAD: 10000
SLOOPY VALUE: 1024
TIME: 0.010017
SUM: 380000
THREADS: 39
COUNT PER THREAD: 10000
SLOOPY VALUE: 1024
TIME: 0.011616
SUM: 390000
THREADS: 39
COUNT PER THREAD: 10000
SLOOPY VALUE: 1024
TIME: 0.010771
SUM: 390000
THREADS: 39
COUNT PER THREAD: 10000
SLOOPY VALUE: 1024
TIME: 0.011117
SUM: 390000
THREADS: 39
COUNT PER THREAD: 10000
SLOOPY VALUE: 1024
TIME: 0.011138
SUM: 390000
THREADS: 39
COUNT PER THREAD: 10000
SLOOPY VALUE: 1024
TIME: 0.010392
SUM: 390000
THREADS: 39
COUNT PER THREAD: 10000
SLOOPY VALUE: 1024
TIME: 0.019786
SUM: 390000
THREADS: 39
COUNT PER THREAD: 10000
SLOOPY VALUE: 1024
TIME: 0.023666
SUM: 390000
THREADS: 39
COUNT PER THREAD: 10000
SLOOPY VALUE: 1024
TIME: 0.010397
SUM: 390000
THREADS: 39
COUNT PER THREAD: 10000
SLOOPY VALUE: 1024
TIME: 0.010357
SUM: 390000
THREADS: 39
COUNT PER THREAD: 10000
SLOOPY VALUE: 1024
TIME: 0.010686
SUM: 390000
THREADS: 40
COUNT PER THREAD: 10000
SLOOPY VALUE: 1024
TIME: 0.010329
SUM: 400000
THREADS: 40
COUNT PER THREAD: 10000
SLOOPY VALUE: 1024
TIME: 0.010844
SUM: 400000
THREADS: 40
COUNT PER THREAD: 10000
SLOOPY VALUE: 1024
TIME: 0.010876
SUM: 400000
THREADS: 40
COUNT PER THREAD: 10000
SLOOPY VALUE: 1024
TIME: 0.019181
SUM: 400000
THREADS: 40
COUNT PER THREAD: 10000
SLOOPY VALUE: 1024
TIME: 0.025678
SUM: 400000
THREADS: 40
COUNT PER THREAD: 10000
SLOOPY VALUE: 1024
TIME: 0.011178
SUM: 400000
THREADS: 40
COUNT PER THREAD: 10000
SLOOPY VALUE: 1024
TIME: 0.010830
SUM: 400000
THREADS: 40
COUNT PER THREAD: 10000
SLOOPY VALUE: 1024
TIME: 0.012576
SUM: 400000
THREADS: 40
COUNT PER THREAD: 10000
SLOOPY VALUE: 1024
TIME: 0.011500
SUM: 400000
THREADS: 40
COUNT PER THREAD: 10000
SLOOPY VALUE: 1024
TIME: 0.013240
SUM: 400000
THREADS: 41
COUNT PER THREAD: 10000
SLOOPY VALUE: 1024
TIME: 0.027117
SUM: 410000
THREADS: 41
COUNT PER THREAD: 10000
SLOOPY VALUE: 1024
TIME: 0.013836
SUM: 410000
THREADS: 41
COUNT PER THREAD: 10000
SLOOPY VALUE: 1024
TIME: 0.010934
SUM: 410000
THREADS: 41
COUNT PER THREAD: 10000
SLOOPY VALUE: 1024
TIME: 0.011249
SUM: 410000
THREADS: 41
COUNT PER THREAD: 10000
SLOOPY VALUE: 1024
TIME: 0.014255
SUM: 410000
THREADS: 41
COUNT PER THREAD: 10000
SLOOPY VALUE: 1024
TIME: 0.017790
SUM: 410000
THREADS: 41
COUNT PER THREAD: 10000
SLOOPY VALUE: 1024
TIME: 0.011424
SUM: 410000
THREADS: 41
COUNT PER THREAD: 10000
SLOOPY VALUE: 1024
TIME: 0.011506
SUM: 410000
THREADS: 41
COUNT PER THREAD: 10000
SLOOPY VALUE: 1024
TIME: 0.030461
SUM: 410000
THREADS: 41
COUNT PER THREAD: 10000
SLOOPY VALUE: 1024
TIME: 0.014155
SUM: 410000
THREADS: 42
COUNT PER THREAD: 10000
SLOOPY VALUE: 1024
TIME: 0.014044
SUM: 420000
THREADS: 42
COUNT PER THREAD: 10000
SLOOPY VALUE: 1024
TIME: 0.012431
SUM: 420000
THREADS: 42
COUNT PER THREAD: 10000
SLOOPY VALUE: 1024
TIME: 0.011614
SUM: 420000
THREADS: 42
COUNT PER THREAD: 10000
SLOOPY VALUE: 1024
TIME: 0.015043
SUM: 420000
THREADS: 42
COUNT PER THREAD: 10000
SLOOPY VALUE: 1024
TIME: 0.010958
SUM: 420000
THREADS: 42
COUNT PER THREAD: 10000
SLOOPY VALUE: 1024
TIME: 0.010930
SUM: 420000
THREADS: 42
COUNT PER THREAD: 10000
SLOOPY VALUE: 1024
TIME: 0.011568
SUM: 420000
THREADS: 42
COUNT PER THREAD: 10000
SLOOPY VALUE: 1024
TIME: 0.013670
SUM: 420000
THREADS: 42
COUNT PER THREAD: 10000
SLOOPY VALUE: 1024
TIME: 0.011500
SUM: 420000
THREADS: 42
COUNT PER THREAD: 10000
SLOOPY VALUE: 1024
TIME: 0.011478
SUM: 420000
THREADS: 43
COUNT PER THREAD: 10000
SLOOPY VALUE: 1024
TIME: 0.012132
SUM: 430000
THREADS: 43
COUNT PER THREAD: 10000
SLOOPY VALUE: 1024
TIME: 0.014472
SUM: 430000
THREADS: 43
COUNT PER THREAD: 10000
SLOOPY VALUE: 1024
TIME: 0.011678
SUM: 430000
THREADS: 43
COUNT PER THREAD: 10000
SLOOPY VALUE: 1024
TIME: 0.012707
SUM: 430000
THREADS: 43
COUNT PER THREAD: 10000
SLOOPY VALUE: 1024
TIME: 0.015207
SUM: 430000
THREADS: 43
COUNT PER THREAD: 10000
SLOOPY VALUE: 1024
TIME: 0.012421
SUM: 430000
THREADS: 43
COUNT PER THREAD: 10000
SLOOPY VALUE: 1024
TIME: 0.014487
SUM: 430000
THREADS: 43
COUNT PER THREAD: 10000
SLOOPY VALUE: 1024
TIME: 0.012692
SUM: 430000
THREADS: 43
COUNT PER THREAD: 10000
SLOOPY VALUE: 1024
TIME: 0.012154
SUM: 430000
THREADS: 43
COUNT PER THREAD: 10000
SLOOPY VALUE: 1024
TIME: 0.012366
SUM: 430000
THREADS: 44
COUNT PER THREAD: 10000
SLOOPY VALUE: 1024
TIME: 0.011850
SUM: 440000
THREADS: 44
COUNT PER THREAD: 10000
SLOOPY VALUE: 1024
TIME: 0.012695
SUM: 440000
THREADS: 44
COUNT PER THREAD: 10000
SLOOPY VALUE: 1024
TIME: 0.011991
SUM: 440000
THREADS: 44
COUNT PER THREAD: 10000
SLOOPY VALUE: 1024
TIME: 0.012111
SUM: 440000
THREADS: 44
COUNT PER THREAD: 10000
SLOOPY VALUE: 1024
TIME: 0.013109
SUM: 440000
THREADS: 44
COUNT PER THREAD: 10000
SLOOPY VALUE: 1024
TIME: 0.013806
SUM: 440000
THREADS: 44
COUNT PER THREAD: 10000
SLOOPY VALUE: 1024
TIME: 0.014521
SUM: 440000
THREADS: 44
COUNT PER THREAD: 10000
SLOOPY VALUE: 1024
TIME: 0.011659
SUM: 440000
THREADS: 44
COUNT PER THREAD: 10000
SLOOPY VALUE: 1024
TIME: 0.014877
SUM: 440000
THREADS: 44
COUNT PER THREAD: 10000
SLOOPY VALUE: 1024
TIME: 0.015261
SUM: 440000
THREADS: 45
COUNT PER THREAD: 10000
SLOOPY VALUE: 1024
TIME: 0.014496
SUM: 450000
THREADS: 45
COUNT PER THREAD: 10000
SLOOPY VALUE: 1024
TIME: 0.013444
SUM: 450000
THREADS: 45
COUNT PER THREAD: 10000
SLOOPY VALUE: 1024
TIME: 0.013944
SUM: 450000
THREADS: 45
COUNT PER THREAD: 10000
SLOOPY VALUE: 1024
TIME: 0.014267
SUM: 450000
THREADS: 45
COUNT PER THREAD: 10000
SLOOPY VALUE: 1024
TIME: 0.014812
SUM: 450000
THREADS: 45
COUNT PER THREAD: 10000
SLOOPY VALUE: 1024
TIME: 0.013989
SUM: 450000
THREADS: 45
COUNT PER THREAD: 10000
SLOOPY VALUE: 1024
TIME: 0.013927
SUM: 450000
THREADS: 45
COUNT PER THREAD: 10000
SLOOPY VALUE: 1024
TIME: 0.012500
SUM: 450000
THREADS: 45
COUNT PER THREAD: 10000
SLOOPY VALUE: 1024
TIME: 0.015960
SUM: 450000
THREADS: 45
COUNT PER THREAD: 10000
SLOOPY VALUE: 1024
TIME: 0.013152
SUM: 450000
THREADS: 46
COUNT PER THREAD: 10000
SLOOPY VALUE: 1024
TIME: 0.012409
SUM: 460000
THREADS: 46
COUNT PER THREAD: 10000
SLOOPY VALUE: 1024
TIME: 0.012610
SUM: 460000
THREADS: 46
COUNT PER THREAD: 10000
SLOOPY VALUE: 1024
TIME: 0.012738
SUM: 460000
THREADS: 46
COUNT PER THREAD: 10000
SLOOPY VALUE: 1024
TIME: 0.012087
SUM: 460000
THREADS: 46
COUNT PER THREAD: 10000
SLOOPY VALUE: 1024
TIME: 0.012735
SUM: 460000
THREADS: 46
COUNT PER THREAD: 10000
SLOOPY VALUE: 1024
TIME: 0.012867
SUM: 460000
THREADS: 46
COUNT PER THREAD: 10000
SLOOPY VALUE: 1024
TIME: 0.012063
SUM: 460000
THREADS: 46
COUNT PER THREAD: 10000
SLOOPY VALUE: 1024
TIME: 0.014817
SUM: 460000
THREADS: 46
COUNT PER THREAD: 10000
SLOOPY VALUE: 1024
TIME: 0.012249
SUM: 460000
THREADS: 46
COUNT PER THREAD: 10000
SLOOPY VALUE: 1024
TIME: 0.014836
SUM: 460000
THREADS: 47
COUNT PER THREAD: 10000
SLOOPY VALUE: 1024
TIME: 0.016459
SUM: 470000
THREADS: 47
COUNT PER THREAD: 10000
SLOOPY VALUE: 1024
TIME: 0.014011
SUM: 470000
THREADS: 47
COUNT PER THREAD: 10000
SLOOPY VALUE: 1024
TIME: 0.013635
SUM: 470000
THREADS: 47
COUNT PER THREAD: 10000
SLOOPY VALUE: 1024
TIME: 0.044996
SUM: 470000
THREADS: 47
COUNT PER THREAD: 10000
SLOOPY VALUE: 1024
TIME: 0.013929
SUM: 470000
THREADS: 47
COUNT PER THREAD: 10000
SLOOPY VALUE: 1024
TIME: 0.013933
SUM: 470000
THREADS: 47
COUNT PER THREAD: 10000
SLOOPY VALUE: 1024
TIME: 0.016933
SUM: 470000
THREADS: 47
COUNT PER THREAD: 10000
SLOOPY VALUE: 1024
TIME: 0.013527
SUM: 470000
THREADS: 47
COUNT PER THREAD: 10000
SLOOPY VALUE: 1024
TIME: 0.013137
SUM: 470000
THREADS: 47
COUNT PER THREAD: 10000
SLOOPY VALUE: 1024
TIME: 0.015973
SUM: 470000
THREADS: 48
COUNT PER THREAD: 10000
SLOOPY VALUE: 1024
TIME: 0.013510
SUM: 480000
THREADS: 48
COUNT PER THREAD: 10000
SLOOPY VALUE: 1024
TIME: 0.015806
SUM: 480000
THREADS: 48
COUNT PER THREAD: 10000
SLOOPY VALUE: 1024
TIME: 0.012591
SUM: 480000
THREADS: 48
COUNT PER THREAD: 10000
SLOOPY VALUE: 1024
TIME: 0.012857
SUM: 480000
THREADS: 48
COUNT PER THREAD: 10000
SLOOPY VALUE: 1024
TIME: 0.035770
SUM: 480000
THREADS: 48
COUNT PER THREAD: 10000
SLOOPY VALUE: 1024
TIME: 0.014669
SUM: 480000
THREADS: 48
COUNT PER THREAD: 10000
SLOOPY VALUE: 1024
TIME: 0.013878
SUM: 480000
THREADS: 48
COUNT PER THREAD: 10000
SLOOPY VALUE: 1024
TIME: 0.012383
SUM: 480000
THREADS: 48
COUNT PER THREAD: 10000
SLOOPY VALUE: 1024
TIME: 0.012577
SUM: 480000
THREADS: 48
COUNT PER THREAD: 10000
SLOOPY VALUE: 1024
TIME: 0.013912
SUM: 480000
THREADS: 49
COUNT PER THREAD: 10000
SLOOPY VALUE: 1024
TIME: 0.015043
SUM: 490000
THREADS: 49
COUNT PER THREAD: 10000
SLOOPY VALUE: 1024
TIME: 0.014427
SUM: 490000
THREADS: 49
COUNT PER THREAD: 10000
SLOOPY VALUE: 1024
TIME: 0.015139
SUM: 490000
THREADS: 49
COUNT PER THREAD: 10000
SLOOPY VALUE: 1024
TIME: 0.032296
SUM: 490000
THREADS: 49
COUNT PER THREAD: 10000
SLOOPY VALUE: 1024
TIME: 0.014211
SUM: 490000
THREADS: 49
COUNT PER THREAD: 10000
SLOOPY VALUE: 1024
TIME: 0.013839
SUM: 490000
THREADS: 49
COUNT PER THREAD: 10000
SLOOPY VALUE: 1024
TIME: 0.016386
SUM: 490000
THREADS: 49
COUNT PER THREAD: 10000
SLOOPY VALUE: 1024
TIME: 0.013278
SUM: 490000
THREADS: 49
COUNT PER THREAD: 10000
SLOOPY VALUE: 1024
TIME: 0.015205
SUM: 490000
THREADS: 49
COUNT PER THREAD: 10000
SLOOPY VALUE: 1024
TIME: 0.034676
SUM: 490000
THREADS: 50
COUNT PER THREAD: 10000
SLOOPY VALUE: 1024
TIME: 0.014071
SUM: 500000
THREADS: 50
COUNT PER THREAD: 10000
SLOOPY VALUE: 1024
TIME: 0.012883
SUM: 500000
THREADS: 50
COUNT PER THREAD: 10000
SLOOPY VALUE: 1024
TIME: 0.013994
SUM: 500000
THREADS: 50
COUNT PER THREAD: 10000
SLOOPY VALUE: 1024
TIME: 0.012797
SUM: 500000
THREADS: 50
COUNT PER THREAD: 10000
SLOOPY VALUE: 1024
TIME: 0.036406
SUM: 500000
THREADS: 50
COUNT PER THREAD: 10000
SLOOPY VALUE: 1024
TIME: 0.017135
SUM: 500000
THREADS: 50
COUNT PER THREAD: 10000
SLOOPY VALUE: 1024
TIME: 0.013032
SUM: 500000
THREADS: 50
COUNT PER THREAD: 10000
SLOOPY VALUE: 1024
TIME: 0.013657
SUM: 500000
THREADS: 50
COUNT PER THREAD: 10000
SLOOPY VALUE: 1024
TIME: 0.012602
SUM: 500000
THREADS: 50
COUNT PER THREAD: 10000
SLOOPY VALUE: 1024
TIME: 0.013517
SUM: 500000
THREADS: 51
COUNT PER THREAD: 10000
SLOOPY VALUE: 1024
TIME: 0.016128
SUM: 510000
THREADS: 51
COUNT PER THREAD: 10000
SLOOPY VALUE: 1024
TIME: 0.013901
SUM: 510000
THREADS: 51
COUNT PER THREAD: 10000
SLOOPY VALUE: 1024
TIME: 0.013089
SUM: 510000
THREADS: 51
COUNT PER THREAD: 10000
SLOOPY VALUE: 1024
TIME: 0.012754
SUM: 510000
THREADS: 51
COUNT PER THREAD: 10000
SLOOPY VALUE: 1024
TIME: 0.013589
SUM: 510000
THREADS: 51
COUNT PER THREAD: 10000
SLOOPY VALUE: 1024
TIME: 0.012796
SUM: 510000
THREADS: 51
COUNT PER THREAD: 10000
SLOOPY VALUE: 1024
TIME: 0.030265
SUM: 510000
THREADS: 51
COUNT PER THREAD: 10000
SLOOPY VALUE: 1024
TIME: 0.021931
SUM: 510000
THREADS: 51
COUNT PER THREAD: 10000
SLOOPY VALUE: 1024
TIME: 0.013986
SUM: 510000
THREADS: 51
COUNT PER THREAD: 10000
SLOOPY VALUE: 1024
TIME: 0.013482
SUM: 510000
THREADS: 52
COUNT PER THREAD: 10000
SLOOPY VALUE: 1024
TIME: 0.013439
SUM: 520000
THREADS: 52
COUNT PER THREAD: 10000
SLOOPY VALUE: 1024
TIME: 0.027267
SUM: 520000
THREADS: 52
COUNT PER THREAD: 10000
SLOOPY VALUE: 1024
TIME: 0.023038
SUM: 520000
THREADS: 52
COUNT PER THREAD: 10000
SLOOPY VALUE: 1024
TIME: 0.013228
SUM: 520000
THREADS: 52
COUNT PER THREAD: 10000
SLOOPY VALUE: 1024
TIME: 0.013663
SUM: 520000
THREADS: 52
COUNT PER THREAD: 10000
SLOOPY VALUE: 1024
TIME: 0.014782
SUM: 520000
THREADS: 52
COUNT PER THREAD: 10000
SLOOPY VALUE: 1024
TIME: 0.013157
SUM: 520000
THREADS: 52
COUNT PER THREAD: 10000
SLOOPY VALUE: 1024
TIME: 0.018615
SUM: 520000
THREADS: 52
COUNT PER THREAD: 10000
SLOOPY VALUE: 1024
TIME: 0.036412
SUM: 520000
THREADS: 52
COUNT PER THREAD: 10000
SLOOPY VALUE: 1024
TIME: 0.013967
SUM: 520000
THREADS: 53
COUNT PER THREAD: 10000
SLOOPY VALUE: 1024
TIME: 0.013238
SUM: 530000
THREADS: 53
COUNT PER THREAD: 10000
SLOOPY VALUE: 1024
TIME: 0.013228
SUM: 530000
THREADS: 53
COUNT PER THREAD: 10000
SLOOPY VALUE: 1024
TIME: 0.013542
SUM: 530000
THREADS: 53
COUNT PER THREAD: 10000
SLOOPY VALUE: 1024
TIME: 0.013049
SUM: 530000
THREADS: 53
COUNT PER THREAD: 10000
SLOOPY VALUE: 1024
TIME: 0.013349
SUM: 530000
THREADS: 53
COUNT PER THREAD: 10000
SLOOPY VALUE: 1024
TIME: 0.027012
SUM: 530000
THREADS: 53
COUNT PER THREAD: 10000
SLOOPY VALUE: 1024
TIME: 0.013321
SUM: 530000
THREADS: 53
COUNT PER THREAD: 10000
SLOOPY VALUE: 1024
TIME: 0.013993
SUM: 530000
THREADS: 53
COUNT PER THREAD: 10000
SLOOPY VALUE: 1024
TIME: 0.013224
SUM: 530000
THREADS: 53
COUNT PER THREAD: 10000
SLOOPY VALUE: 1024
TIME: 0.013842
SUM: 530000
THREADS: 54
COUNT PER THREAD: 10000
SLOOPY VALUE: 1024
TIME: 0.015337
SUM: 540000
THREADS: 54
COUNT PER THREAD: 10000
SLOOPY VALUE: 1024
TIME: 0.014762
SUM: 540000
THREADS: 54
COUNT PER THREAD: 10000
SLOOPY VALUE: 1024
TIME: 0.017181
SUM: 540000
THREADS: 54
COUNT PER THREAD: 10000
SLOOPY VALUE: 1024
TIME: 0.036350
SUM: 540000
THREADS: 54
COUNT PER THREAD: 10000
SLOOPY VALUE: 1024
TIME: 0.025006
SUM: 540000
THREADS: 54
COUNT PER THREAD: 10000
SLOOPY VALUE: 1024
TIME: 0.015727
SUM: 540000
THREADS: 54
COUNT PER THREAD: 10000
SLOOPY VALUE: 1024
TIME: 0.015677
SUM: 540000
THREADS: 54
COUNT PER THREAD: 10000
SLOOPY VALUE: 1024
TIME: 0.014818
SUM: 540000
THREADS: 54
COUNT PER THREAD: 10000
SLOOPY VALUE: 1024
TIME: 0.016288
SUM: 540000
THREADS: 54
COUNT PER THREAD: 10000
SLOOPY VALUE: 1024
TIME: 0.025654
SUM: 540000
THREADS: 55
COUNT PER THREAD: 10000
SLOOPY VALUE: 1024
TIME: 0.014318
SUM: 550000
THREADS: 55
COUNT PER THREAD: 10000
SLOOPY VALUE: 1024
TIME: 0.032903
SUM: 550000
THREADS: 55
COUNT PER THREAD: 10000
SLOOPY VALUE: 1024
TIME: 0.019784
SUM: 550000
THREADS: 55
COUNT PER THREAD: 10000
SLOOPY VALUE: 1024
TIME: 0.015606
SUM: 550000
THREADS: 55
COUNT PER THREAD: 10000
SLOOPY VALUE: 1024
TIME: 0.018336
SUM: 550000
THREADS: 55
COUNT PER THREAD: 10000
SLOOPY VALUE: 1024
TIME: 0.014673
SUM: 550000
THREADS: 55
COUNT PER THREAD: 10000
SLOOPY VALUE: 1024
TIME: 0.014391
SUM: 550000
THREADS: 55
COUNT PER THREAD: 10000
SLOOPY VALUE: 1024
TIME: 0.014538
SUM: 550000
THREADS: 55
COUNT PER THREAD: 10000
SLOOPY VALUE: 1024
TIME: 0.032705
SUM: 550000
THREADS: 55
COUNT PER THREAD: 10000
SLOOPY VALUE: 1024
TIME: 0.014234
SUM: 550000
THREADS: 56
COUNT PER THREAD: 10000
SLOOPY VALUE: 1024
TIME: 0.017476
SUM: 560000
THREADS: 56
COUNT PER THREAD: 10000
SLOOPY VALUE: 1024
TIME: 0.020481
SUM: 560000
THREADS: 56
COUNT PER THREAD: 10000
SLOOPY VALUE: 1024
TIME: 0.042970
SUM: 560000
THREADS: 56
COUNT PER THREAD: 10000
SLOOPY VALUE: 1024
TIME: 0.017387
SUM: 560000
THREADS: 56
COUNT PER THREAD: 10000
SLOOPY VALUE: 1024
TIME: 0.018539
SUM: 560000
THREADS: 56
COUNT PER THREAD: 10000
SLOOPY VALUE: 1024
TIME: 0.021638
SUM: 560000
THREADS: 56
COUNT PER THREAD: 10000
SLOOPY VALUE: 1024
TIME: 0.045676
SUM: 560000
THREADS: 56
COUNT PER THREAD: 10000
SLOOPY VALUE: 1024
TIME: 0.017802
SUM: 560000
THREADS: 56
COUNT PER THREAD: 10000
SLOOPY VALUE: 1024
TIME: 0.017667
SUM: 560000
THREADS: 56
COUNT PER THREAD: 10000
SLOOPY VALUE: 1024
TIME: 0.017073
SUM: 560000
THREADS: 57
COUNT PER THREAD: 10000
SLOOPY VALUE: 1024
TIME: 0.034577
SUM: 570000
THREADS: 57
COUNT PER THREAD: 10000
SLOOPY VALUE: 1024
TIME: 0.015239
SUM: 570000
THREADS: 57
COUNT PER THREAD: 10000
SLOOPY VALUE: 1024
TIME: 0.019233
SUM: 570000
THREADS: 57
COUNT PER THREAD: 10000
SLOOPY VALUE: 1024
TIME: 0.015456
SUM: 570000
THREADS: 57
COUNT PER THREAD: 10000
SLOOPY VALUE: 1024
TIME: 0.015721
SUM: 570000
THREADS: 57
COUNT PER THREAD: 10000
SLOOPY VALUE: 1024
TIME: 0.015844
SUM: 570000
THREADS: 57
COUNT PER THREAD: 10000
SLOOPY VALUE: 1024
TIME: 0.032843
SUM: 570000
THREADS: 57
COUNT PER THREAD: 10000
SLOOPY VALUE: 1024
TIME: 0.019088
SUM: 570000
THREADS: 57
COUNT PER THREAD: 10000
SLOOPY VALUE: 1024
TIME: 0.015357
SUM: 570000
THREADS: 57
COUNT PER THREAD: 10000
SLOOPY VALUE: 1024
TIME: 0.015629
SUM: 570000
THREADS: 58
COUNT PER THREAD: 10000
SLOOPY VALUE: 1024
TIME: 0.015602
SUM: 580000
THREADS: 58
COUNT PER THREAD: 10000
SLOOPY VALUE: 1024
TIME: 0.015576
SUM: 580000
THREADS: 58
COUNT PER THREAD: 10000
SLOOPY VALUE: 1024
TIME: 0.015783
SUM: 580000
THREADS: 58
COUNT PER THREAD: 10000
SLOOPY VALUE: 1024
TIME: 0.025248
SUM: 580000
THREADS: 58
COUNT PER THREAD: 10000
SLOOPY VALUE: 1024
TIME: 0.032061
SUM: 580000
THREADS: 58
COUNT PER THREAD: 10000
SLOOPY VALUE: 1024
TIME: 0.016387
SUM: 580000
THREADS: 58
COUNT PER THREAD: 10000
SLOOPY VALUE: 1024
TIME: 0.015836
SUM: 580000
THREADS: 58
COUNT PER THREAD: 10000
SLOOPY VALUE: 1024
TIME: 0.016141
SUM: 580000
THREADS: 58
COUNT PER THREAD: 10000
SLOOPY VALUE: 1024
TIME: 0.015728
SUM: 580000
THREADS: 58
COUNT PER THREAD: 10000
SLOOPY VALUE: 1024
TIME: 0.015309
SUM: 580000
THREADS: 59
COUNT PER THREAD: 10000
SLOOPY VALUE: 1024
TIME: 0.016111
SUM: 590000
THREADS: 59
COUNT PER THREAD: 10000
SLOOPY VALUE: 1024
TIME: 0.016318
SUM: 590000
THREADS: 59
COUNT PER THREAD: 10000
SLOOPY VALUE: 1024
TIME: 0.019726
SUM: 590000
THREADS: 59
COUNT PER THREAD: 10000
SLOOPY VALUE: 1024
TIME: 0.040918
SUM: 590000
THREADS: 59
COUNT PER THREAD: 10000
SLOOPY VALUE: 1024
TIME: 0.019735
SUM: 590000
THREADS: 59
COUNT PER THREAD: 10000
SLOOPY VALUE: 1024
TIME: 0.019833
SUM: 590000
THREADS: 59
COUNT PER THREAD: 10000
SLOOPY VALUE: 1024
TIME: 0.015896
SUM: 590000
THREADS: 59
COUNT PER THREAD: 10000
SLOOPY VALUE: 1024
TIME: 0.019261
SUM: 590000
THREADS: 59
COUNT PER THREAD: 10000
SLOOPY VALUE: 1024
TIME: 0.015696
SUM: 590000
THREADS: 59
COUNT PER THREAD: 10000
SLOOPY VALUE: 1024
TIME: 0.037507
SUM: 590000
THREADS: 60
COUNT PER THREAD: 10000
SLOOPY VALUE: 1024
TIME: 0.025404
SUM: 600000
THREADS: 60
COUNT PER THREAD: 10000
SLOOPY VALUE: 1024
TIME: 0.018870
SUM: 600000
THREADS: 60
COUNT PER THREAD: 10000
SLOOPY VALUE: 1024
TIME: 0.017687
SUM: 600000
THREADS: 60
COUNT PER THREAD: 10000
SLOOPY VALUE: 1024
TIME: 0.019692
SUM: 600000
THREADS: 60
COUNT PER THREAD: 10000
SLOOPY VALUE: 1024
TIME: 0.028730
SUM: 600000
THREADS: 60
COUNT PER THREAD: 10000
SLOOPY VALUE: 1024
TIME: 0.036630
SUM: 600000
THREADS: 60
COUNT PER THREAD: 10000
SLOOPY VALUE: 1024
TIME: 0.022049
SUM: 600000
THREADS: 60
COUNT PER THREAD: 10000
SLOOPY VALUE: 1024
TIME: 0.016070
SUM: 600000
THREADS: 60
COUNT PER THREAD: 10000
SLOOPY VALUE: 1024
TIME: 0.017004
SUM: 600000
THREADS: 60
COUNT PER THREAD: 10000
SLOOPY VALUE: 1024
TIME: 0.017533
SUM: 600000
THREADS: 61
COUNT PER THREAD: 10000
SLOOPY VALUE: 1024
TIME: 0.020928
SUM: 610000
THREADS: 61
COUNT PER THREAD: 10000
SLOOPY VALUE: 1024
TIME: 0.021194
SUM: 610000
THREADS: 61
COUNT PER THREAD: 10000
SLOOPY VALUE: 1024
TIME: 0.055789
SUM: 610000
THREADS: 61
COUNT PER THREAD: 10000
SLOOPY VALUE: 1024
TIME: 0.020712
SUM: 610000
THREADS: 61
COUNT PER THREAD: 10000
SLOOPY VALUE: 1024
TIME: 0.021247
SUM: 610000
THREADS: 61
COUNT PER THREAD: 10000
SLOOPY VALUE: 1024
TIME: 0.020389
SUM: 610000
THREADS: 61
COUNT PER THREAD: 10000
SLOOPY VALUE: 1024
TIME: 0.024160
SUM: 610000
THREADS: 61
COUNT PER THREAD: 10000
SLOOPY VALUE: 1024
TIME: 0.042527
SUM: 610000
THREADS: 61
COUNT PER THREAD: 10000
SLOOPY VALUE: 1024
TIME: 0.023211
SUM: 610000
THREADS: 61
COUNT PER THREAD: 10000
SLOOPY VALUE: 1024
TIME: 0.018777
SUM: 610000
THREADS: 62
COUNT PER THREAD: 10000
SLOOPY VALUE: 1024
TIME: 0.022445
SUM: 620000
THREADS: 62
COUNT PER THREAD: 10000
SLOOPY VALUE: 1024
TIME: 0.021724
SUM: 620000
THREADS: 62
COUNT PER THREAD: 10000
SLOOPY VALUE: 1024
TIME: 0.046787
SUM: 620000
THREADS: 62
COUNT PER THREAD: 10000
SLOOPY VALUE: 1024
TIME: 0.030218
SUM: 620000
THREADS: 62
COUNT PER THREAD: 10000
SLOOPY VALUE: 1024
TIME: 0.018675
SUM: 620000
THREADS: 62
COUNT PER THREAD: 10000
SLOOPY VALUE: 1024
TIME: 0.017585
SUM: 620000
THREADS: 62
COUNT PER THREAD: 10000
SLOOPY VALUE: 1024
TIME: 0.021195
SUM: 620000
THREADS: 62
COUNT PER THREAD: 10000
SLOOPY VALUE: 1024
TIME: 0.053810
SUM: 620000
THREADS: 62
COUNT PER THREAD: 10000
SLOOPY VALUE: 1024
TIME: 0.019835
SUM: 620000
THREADS: 62
COUNT PER THREAD: 10000
SLOOPY VALUE: 1024
TIME: 0.020109
SUM: 620000
THREADS: 63
COUNT PER THREAD: 10000
SLOOPY VALUE: 1024
TIME: 0.016307
SUM: 630000
THREADS: 63
COUNT PER THREAD: 10000
SLOOPY VALUE: 1024
TIME: 0.018604
SUM: 630000
THREADS: 63
COUNT PER THREAD: 10000
SLOOPY VALUE: 1024
TIME: 0.042134
SUM: 630000
THREADS: 63
COUNT PER THREAD: 10000
SLOOPY VALUE: 1024
TIME: 0.016893
SUM: 630000
THREADS: 63
COUNT PER THREAD: 10000
SLOOPY VALUE: 1024
TIME: 0.024384
SUM: 630000
THREADS: 63
COUNT PER THREAD: 10000
SLOOPY VALUE: 1024
TIME: 0.019693
SUM: 630000
THREADS: 63
COUNT PER THREAD: 10000
SLOOPY VALUE: 1024
TIME: 0.017116
SUM: 630000
THREADS: 63
COUNT PER THREAD: 10000
SLOOPY VALUE: 1024
TIME: 0.028500
SUM: 630000
THREADS: 63
COUNT PER THREAD: 10000
SLOOPY VALUE: 1024
TIME: 0.022701
SUM: 630000
THREADS: 63
COUNT PER THREAD: 10000
SLOOPY VALUE: 1024
TIME: 0.020144
SUM: 630000
THREADS: 64
COUNT PER THREAD: 10000
SLOOPY VALUE: 1024
TIME: 0.018653
SUM: 640000
THREADS: 64
COUNT PER THREAD: 10000
SLOOPY VALUE: 1024
TIME: 0.018388
SUM: 640000
THREADS: 64
COUNT PER THREAD: 10000
SLOOPY VALUE: 1024
TIME: 0.020192
SUM: 640000
THREADS: 64
COUNT PER THREAD: 10000
SLOOPY VALUE: 1024
TIME: 0.032755
SUM: 640000
THREADS: 64
COUNT PER THREAD: 10000
SLOOPY VALUE: 1024
TIME: 0.032537
SUM: 640000
THREADS: 64
COUNT PER THREAD: 10000
SLOOPY VALUE: 1024
TIME: 0.022399
SUM: 640000
THREADS: 64
COUNT PER THREAD: 10000
SLOOPY VALUE: 1024
TIME: 0.022776
SUM: 640000
THREADS: 64
COUNT PER THREAD: 10000
SLOOPY VALUE: 1024
TIME: 0.019117
SUM: 640000
THREADS: 64
COUNT PER THREAD: 10000
SLOOPY VALUE: 1024
TIME: 0.033492
SUM: 640000
THREADS: 64
COUNT PER THREAD: 10000
SLOOPY VALUE: 1024
TIME: 0.023527
SUM: 640000
THREADS: 65
COUNT PER THREAD: 10000
SLOOPY VALUE: 1024
TIME: 0.019341
SUM: 650000
THREADS: 65
COUNT PER THREAD: 10000
SLOOPY VALUE: 1024
TIME: 0.019136
SUM: 650000
THREADS: 65
COUNT PER THREAD: 10000
SLOOPY VALUE: 1024
TIME: 0.047583
SUM: 650000
THREADS: 65
COUNT PER THREAD: 10000
SLOOPY VALUE: 1024
TIME: 0.020027
SUM: 650000
THREADS: 65
COUNT PER THREAD: 10000
SLOOPY VALUE: 1024
TIME: 0.017586
SUM: 650000
THREADS: 65
COUNT PER THREAD: 10000
SLOOPY VALUE: 1024
TIME: 0.021102
SUM: 650000
THREADS: 65
COUNT PER THREAD: 10000
SLOOPY VALUE: 1024
TIME: 0.018740
SUM: 650000
THREADS: 65
COUNT PER THREAD: 10000
SLOOPY VALUE: 1024
TIME: 0.054392
SUM: 650000
THREADS: 65
COUNT PER THREAD: 10000
SLOOPY VALUE: 1024
TIME: 0.020856
SUM: 650000
THREADS: 65
COUNT PER THREAD: 10000
SLOOPY VALUE: 1024
TIME: 0.022123
SUM: 650000
THREADS: 66
COUNT PER THREAD: 10000
SLOOPY VALUE: 1024
TIME: 0.020073
SUM: 660000
THREADS: 66
COUNT PER THREAD: 10000
SLOOPY VALUE: 1024
TIME: 0.020216
SUM: 660000
THREADS: 66
COUNT PER THREAD: 10000
SLOOPY VALUE: 1024
TIME: 0.053853
SUM: 660000
THREADS: 66
COUNT PER THREAD: 10000
SLOOPY VALUE: 1024
TIME: 0.021220
SUM: 660000
THREADS: 66
COUNT PER THREAD: 10000
SLOOPY VALUE: 1024
TIME: 0.023740
SUM: 660000
THREADS: 66
COUNT PER THREAD: 10000
SLOOPY VALUE: 1024
TIME: 0.021941
SUM: 660000
THREADS: 66
COUNT PER THREAD: 10000
SLOOPY VALUE: 1024
TIME: 0.019237
SUM: 660000
THREADS: 66
COUNT PER THREAD: 10000
SLOOPY VALUE: 1024
TIME: 0.043997
SUM: 660000
THREADS: 66
COUNT PER THREAD: 10000
SLOOPY VALUE: 1024
TIME: 0.024058
SUM: 660000
THREADS: 66
COUNT PER THREAD: 10000
SLOOPY VALUE: 1024
TIME: 0.019509
SUM: 660000
THREADS: 67
COUNT PER THREAD: 10000
SLOOPY VALUE: 1024
TIME: 0.021424
SUM: 670000
THREADS: 67
COUNT PER THREAD: 10000
SLOOPY VALUE: 1024
TIME: 0.048579
SUM: 670000
THREADS: 67
COUNT PER THREAD: 10000
SLOOPY VALUE: 1024
TIME: 0.028300
SUM: 670000
THREADS: 67
COUNT PER THREAD: 10000
SLOOPY VALUE: 1024
TIME: 0.019968
SUM: 670000
THREADS: 67
COUNT PER THREAD: 10000
SLOOPY VALUE: 1024
TIME: 0.023086
SUM: 670000
THREADS: 67
COUNT PER THREAD: 10000
SLOOPY VALUE: 1024
TIME: 0.023020
SUM: 670000
THREADS: 67
COUNT PER THREAD: 10000
SLOOPY VALUE: 1024
TIME: 0.050295
SUM: 670000
THREADS: 67
COUNT PER THREAD: 10000
SLOOPY VALUE: 1024
TIME: 0.019282
SUM: 670000
THREADS: 67
COUNT PER THREAD: 10000
SLOOPY VALUE: 1024
TIME: 0.019142
SUM: 670000
THREADS: 67
COUNT PER THREAD: 10000
SLOOPY VALUE: 1024
TIME: 0.021552
SUM: 670000
THREADS: 68
COUNT PER THREAD: 10000
SLOOPY VALUE: 1024
TIME: 0.016989
SUM: 680000
THREADS: 68
COUNT PER THREAD: 10000
SLOOPY VALUE: 1024
TIME: 0.016851
SUM: 680000
THREADS: 68
COUNT PER THREAD: 10000
SLOOPY VALUE: 1024
TIME: 0.017208
SUM: 680000
THREADS: 68
COUNT PER THREAD: 10000
SLOOPY VALUE: 1024
TIME: 0.040684
SUM: 680000
THREADS: 68
COUNT PER THREAD: 10000
SLOOPY VALUE: 1024
TIME: 0.017620
SUM: 680000
THREADS: 68
COUNT PER THREAD: 10000
SLOOPY VALUE: 1024
TIME: 0.017090
SUM: 680000
THREADS: 68
COUNT PER THREAD: 10000
SLOOPY VALUE: 1024
TIME: 0.017143
SUM: 680000
THREADS: 68
COUNT PER THREAD: 10000
SLOOPY VALUE: 1024
TIME: 0.016773
SUM: 680000
THREADS: 68
COUNT PER THREAD: 10000
SLOOPY VALUE: 1024
TIME: 0.017005
SUM: 680000
THREADS: 68
COUNT PER THREAD: 10000
SLOOPY VALUE: 1024
TIME: 0.036647
SUM: 680000
THREADS: 69
COUNT PER THREAD: 10000
SLOOPY VALUE: 1024
TIME: 0.017266
SUM: 690000
THREADS: 69
COUNT PER THREAD: 10000
SLOOPY VALUE: 1024
TIME: 0.041121
SUM: 690000
THREADS: 69
COUNT PER THREAD: 10000
SLOOPY VALUE: 1024
TIME: 0.022352
SUM: 690000
THREADS: 69
COUNT PER THREAD: 10000
SLOOPY VALUE: 1024
TIME: 0.017494
SUM: 690000
THREADS: 69
COUNT PER THREAD: 10000
SLOOPY VALUE: 1024
TIME: 0.017907
SUM: 690000
THREADS: 69
COUNT PER THREAD: 10000
SLOOPY VALUE: 1024
TIME: 0.017425
SUM: 690000
THREADS: 69
COUNT PER THREAD: 10000
SLOOPY VALUE: 1024
TIME: 0.017301
SUM: 690000
THREADS: 69
COUNT PER THREAD: 10000
SLOOPY VALUE: 1024
TIME: 0.037348
SUM: 690000
THREADS: 69
COUNT PER THREAD: 10000
SLOOPY VALUE: 1024
TIME: 0.020137
SUM: 690000
THREADS: 69
COUNT PER THREAD: 10000
SLOOPY VALUE: 1024
TIME: 0.021176
SUM: 690000
THREADS: 70
COUNT PER THREAD: 10000
SLOOPY VALUE: 1024
TIME: 0.044786
SUM: 700000
THREADS: 70
COUNT PER THREAD: 10000
SLOOPY VALUE: 1024
TIME: 0.018841
SUM: 700000
THREADS: 70
COUNT PER THREAD: 10000
SLOOPY VALUE: 1024
TIME: 0.018859
SUM: 700000
THREADS: 70
COUNT PER THREAD: 10000
SLOOPY VALUE: 1024
TIME: 0.018455
SUM: 700000
THREADS: 70
COUNT PER THREAD: 10000
SLOOPY VALUE: 1024
TIME: 0.019296
SUM: 700000
THREADS: 70
COUNT PER THREAD: 10000
SLOOPY VALUE: 1024
TIME: 0.033605
SUM: 700000
THREADS: 70
COUNT PER THREAD: 10000
SLOOPY VALUE: 1024
TIME: 0.023476
SUM: 700000
THREADS: 70
COUNT PER THREAD: 10000
SLOOPY VALUE: 1024
TIME: 0.023507
SUM: 700000
THREADS: 70
COUNT PER THREAD: 10000
SLOOPY VALUE: 1024
TIME: 0.020525
SUM: 700000
THREADS: 70
COUNT PER THREAD: 10000
SLOOPY VALUE: 1024
TIME: 0.024629
SUM: 700000
THREADS: 71
COUNT PER THREAD: 10000
SLOOPY VALUE: 1024
TIME: 0.031636
SUM: 710000
THREADS: 71
COUNT PER THREAD: 10000
SLOOPY VALUE: 1024
TIME: 0.017894
SUM: 710000
THREADS: 71
COUNT PER THREAD: 10000
SLOOPY VALUE: 1024
TIME: 0.018733
SUM: 710000
THREADS: 71
COUNT PER THREAD: 10000
SLOOPY VALUE: 1024
TIME: 0.017858
SUM: 710000
THREADS: 71
COUNT PER THREAD: 10000
SLOOPY VALUE: 1024
TIME: 0.017633
SUM: 710000
THREADS: 71
COUNT PER THREAD: 10000
SLOOPY VALUE: 1024
TIME: 0.040570
SUM: 710000
THREADS: 71
COUNT PER THREAD: 10000
SLOOPY VALUE: 1024
TIME: 0.017750
SUM: 710000
THREADS: 71
COUNT PER THREAD: 10000
SLOOPY VALUE: 1024
TIME: 0.018340
SUM: 710000
THREADS: 71
COUNT PER THREAD: 10000
SLOOPY VALUE: 1024
TIME: 0.018293
SUM: 710000
THREADS: 71
COUNT PER THREAD: 10000
SLOOPY VALUE: 1024
TIME: 0.017865
SUM: 710000
THREADS: 72
COUNT PER THREAD: 10000
SLOOPY VALUE: 1024
TIME: 0.018081
SUM: 720000
THREADS: 72
COUNT PER THREAD: 10000
SLOOPY VALUE: 1024
TIME: 0.017822
SUM: 720000
THREADS: 72
COUNT PER THREAD: 10000
SLOOPY VALUE: 1024
TIME: 0.018406
SUM: 720000
THREADS: 72
COUNT PER THREAD: 10000
SLOOPY VALUE: 1024
TIME: 0.017849
SUM: 720000
THREADS: 72
COUNT PER THREAD: 10000
SLOOPY VALUE: 1024
TIME: 0.043030
SUM: 720000
THREADS: 72
COUNT PER THREAD: 10000
SLOOPY VALUE: 1024
TIME: 0.018318
SUM: 720000
THREADS: 72
COUNT PER THREAD: 10000
SLOOPY VALUE: 1024
TIME: 0.018046
SUM: 720000
THREADS: 72
COUNT PER THREAD: 10000
SLOOPY VALUE: 1024
TIME: 0.018116
SUM: 720000
THREADS: 72
COUNT PER THREAD: 10000
SLOOPY VALUE: 1024
TIME: 0.018979
SUM: 720000
THREADS: 72
COUNT PER THREAD: 10000
SLOOPY VALUE: 1024
TIME: 0.018121
SUM: 720000
THREADS: 73
COUNT PER THREAD: 10000
SLOOPY VALUE: 1024
TIME: 0.020677
SUM: 730000
THREADS: 73
COUNT PER THREAD: 10000
SLOOPY VALUE: 1024
TIME: 0.020471
SUM: 730000
THREADS: 73
COUNT PER THREAD: 10000
SLOOPY VALUE: 1024
TIME: 0.047015
SUM: 730000
THREADS: 73
COUNT PER THREAD: 10000
SLOOPY VALUE: 1024
TIME: 0.020093
SUM: 730000
THREADS: 73
COUNT PER THREAD: 10000
SLOOPY VALUE: 1024
TIME: 0.019876
SUM: 730000
THREADS: 73
COUNT PER THREAD: 10000
SLOOPY VALUE: 1024
TIME: 0.021491
SUM: 730000
THREADS: 73
COUNT PER THREAD: 10000
SLOOPY VALUE: 1024
TIME: 0.021045
SUM: 730000
THREADS: 73
COUNT PER THREAD: 10000
SLOOPY VALUE: 1024
TIME: 0.044533
SUM: 730000
THREADS: 73
COUNT PER THREAD: 10000
SLOOPY VALUE: 1024
TIME: 0.020106
SUM: 730000
THREADS: 73
COUNT PER THREAD: 10000
SLOOPY VALUE: 1024
TIME: 0.024633
SUM: 730000
THREADS: 74
COUNT PER THREAD: 10000
SLOOPY VALUE: 1024
TIME: 0.023561
SUM: 740000
THREADS: 74
COUNT PER THREAD: 10000
SLOOPY VALUE: 1024
TIME: 0.020449
SUM: 740000
THREADS: 74
COUNT PER THREAD: 10000
SLOOPY VALUE: 1024
TIME: 0.052522
SUM: 740000
THREADS: 74
COUNT PER THREAD: 10000
SLOOPY VALUE: 1024
TIME: 0.023726
SUM: 740000
THREADS: 74
COUNT PER THREAD: 10000
SLOOPY VALUE: 1024
TIME: 0.026015
SUM: 740000
THREADS: 74
COUNT PER THREAD: 10000
SLOOPY VALUE: 1024
TIME: 0.024891
SUM: 740000
THREADS: 74
COUNT PER THREAD: 10000
SLOOPY VALUE: 1024
TIME: 0.042134
SUM: 740000
THREADS: 74
COUNT PER THREAD: 10000
SLOOPY VALUE: 1024
TIME: 0.033001
SUM: 740000
THREADS: 74
COUNT PER THREAD: 10000
SLOOPY VALUE: 1024
TIME: 0.020190
SUM: 740000
THREADS: 74
COUNT PER THREAD: 10000
SLOOPY VALUE: 1024
TIME: 0.023083
SUM: 740000
THREADS: 75
COUNT PER THREAD: 10000
SLOOPY VALUE: 1024
TIME: 0.019887
SUM: 750000
THREADS: 75
COUNT PER THREAD: 10000
SLOOPY VALUE: 1024
TIME: 0.020194
SUM: 750000
THREADS: 75
COUNT PER THREAD: 10000
SLOOPY VALUE: 1024
TIME: 0.038295
SUM: 750000
THREADS: 75
COUNT PER THREAD: 10000
SLOOPY VALUE: 1024
TIME: 0.024568
SUM: 750000
THREADS: 75
COUNT PER THREAD: 10000
SLOOPY VALUE: 1024
TIME: 0.019666
SUM: 750000
THREADS: 75
COUNT PER THREAD: 10000
SLOOPY VALUE: 1024
TIME: 0.020522
SUM: 750000
THREADS: 75
COUNT PER THREAD: 10000
SLOOPY VALUE: 1024
TIME: 0.019560
SUM: 750000
THREADS: 75
COUNT PER THREAD: 10000
SLOOPY VALUE: 1024
TIME: 0.037867
SUM: 750000
THREADS: 75
COUNT PER THREAD: 10000
SLOOPY VALUE: 1024
TIME: 0.019017
SUM: 750000
THREADS: 75
COUNT PER THREAD: 10000
SLOOPY VALUE: 1024
TIME: 0.019399
SUM: 750000
THREADS: 76
COUNT PER THREAD: 10000
SLOOPY VALUE: 1024
TIME: 0.018629
SUM: 760000
THREADS: 76
COUNT PER THREAD: 10000
SLOOPY VALUE: 1024
TIME: 0.019431
SUM: 760000
THREADS: 76
COUNT PER THREAD: 10000
SLOOPY VALUE: 1024
TIME: 0.019499
SUM: 760000
THREADS: 76
COUNT PER THREAD: 10000
SLOOPY VALUE: 1024
TIME: 0.040873
SUM: 760000
THREADS: 76
COUNT PER THREAD: 10000
SLOOPY VALUE: 1024
TIME: 0.019088
SUM: 760000
THREADS: 76
COUNT PER THREAD: 10000
SLOOPY VALUE: 1024
TIME: 0.019469
SUM: 760000
THREADS: 76
COUNT PER THREAD: 10000
SLOOPY VALUE: 1024
TIME: 0.019299
SUM: 760000
THREADS: 76
COUNT PER THREAD: 10000
SLOOPY VALUE: 1024
TIME: 0.018900
SUM: 760000
THREADS: 76
COUNT PER THREAD: 10000
SLOOPY VALUE: 1024
TIME: 0.032570
SUM: 760000
THREADS: 76
COUNT PER THREAD: 10000
SLOOPY VALUE: 1024
TIME: 0.024262
SUM: 760000
THREADS: 77
COUNT PER THREAD: 10000
SLOOPY VALUE: 1024
TIME: 0.019580
SUM: 770000
THREADS: 77
COUNT PER THREAD: 10000
SLOOPY VALUE: 1024
TIME: 0.019407
SUM: 770000
THREADS: 77
COUNT PER THREAD: 10000
SLOOPY VALUE: 1024
TIME: 0.041503
SUM: 770000
THREADS: 77
COUNT PER THREAD: 10000
SLOOPY VALUE: 1024
TIME: 0.022618
SUM: 770000
THREADS: 77
COUNT PER THREAD: 10000
SLOOPY VALUE: 1024
TIME: 0.019644
SUM: 770000
THREADS: 77
COUNT PER THREAD: 10000
SLOOPY VALUE: 1024
TIME: 0.019152
SUM: 770000
THREADS: 77
COUNT PER THREAD: 10000
SLOOPY VALUE: 1024
TIME: 0.021009
SUM: 770000
THREADS: 77
COUNT PER THREAD: 10000
SLOOPY VALUE: 1024
TIME: 0.035977
SUM: 770000
THREADS: 77
COUNT PER THREAD: 10000
SLOOPY VALUE: 1024
TIME: 0.019886
SUM: 770000
THREADS: 77
COUNT PER THREAD: 10000
SLOOPY VALUE: 1024
TIME: 0.019043
SUM: 770000
THREADS: 78
COUNT PER THREAD: 10000
SLOOPY VALUE: 1024
TIME: 0.023601
SUM: 780000
THREADS: 78
COUNT PER THREAD: 10000
SLOOPY VALUE: 1024
TIME: 0.021501
SUM: 780000
THREADS: 78
COUNT PER THREAD: 10000
SLOOPY VALUE: 1024
TIME: 0.043436
SUM: 780000
THREADS: 78
COUNT PER THREAD: 10000
SLOOPY VALUE: 1024
TIME: 0.020190
SUM: 780000
THREADS: 78
COUNT PER THREAD: 10000
SLOOPY VALUE: 1024
TIME: 0.019598
SUM: 780000
THREADS: 78
COUNT PER THREAD: 10000
SLOOPY VALUE: 1024
TIME: 0.019201
SUM: 780000
THREADS: 78
COUNT PER THREAD: 10000
SLOOPY VALUE: 1024
TIME: 0.019257
SUM: 780000
THREADS: 78
COUNT PER THREAD: 10000
SLOOPY VALUE: 1024
TIME: 0.034145
SUM: 780000
THREADS: 78
COUNT PER THREAD: 10000
SLOOPY VALUE: 1024
TIME: 0.019927
SUM: 780000
THREADS: 78
COUNT PER THREAD: 10000
SLOOPY VALUE: 1024
TIME: 0.019434
SUM: 780000
THREADS: 79
COUNT PER THREAD: 10000
SLOOPY VALUE: 1024
TIME: 0.020265
SUM: 790000
THREADS: 79
COUNT PER THREAD: 10000
SLOOPY VALUE: 1024
TIME: 0.019775
SUM: 790000
THREADS: 79
COUNT PER THREAD: 10000
SLOOPY VALUE: 1024
TIME: 0.042211
SUM: 790000
THREADS: 79
COUNT PER THREAD: 10000
SLOOPY VALUE: 1024
TIME: 0.020909
SUM: 790000
THREADS: 79
COUNT PER THREAD: 10000
SLOOPY VALUE: 1024
TIME: 0.019782
SUM: 790000
THREADS: 79
COUNT PER THREAD: 10000
SLOOPY VALUE: 1024
TIME: 0.019660
SUM: 790000
THREADS: 79
COUNT PER THREAD: 10000
SLOOPY VALUE: 1024
TIME: 0.020385
SUM: 790000
THREADS: 79
COUNT PER THREAD: 10000
SLOOPY VALUE: 1024
TIME: 0.038558
SUM: 790000
THREADS: 79
COUNT PER THREAD: 10000
SLOOPY VALUE: 1024
TIME: 0.020270
SUM: 790000
THREADS: 79
COUNT PER THREAD: 10000
SLOOPY VALUE: 1024
TIME: 0.020641
SUM: 790000
THREADS: 80
COUNT PER THREAD: 10000
SLOOPY VALUE: 1024
TIME: 0.020746
SUM: 800000
THREADS: 80
COUNT PER THREAD: 10000
SLOOPY VALUE: 1024
TIME: 0.021926
SUM: 800000
THREADS: 80
COUNT PER THREAD: 10000
SLOOPY VALUE: 1024
TIME: 0.043974
SUM: 800000
THREADS: 80
COUNT PER THREAD: 10000
SLOOPY VALUE: 1024
TIME: 0.021142
SUM: 800000
THREADS: 80
COUNT PER THREAD: 10000
SLOOPY VALUE: 1024
TIME: 0.020417
SUM: 800000
THREADS: 80
COUNT PER THREAD: 10000
SLOOPY VALUE: 1024
TIME: 0.020453
SUM: 800000
THREADS: 80
COUNT PER THREAD: 10000
SLOOPY VALUE: 1024
TIME: 0.020539
SUM: 800000
THREADS: 80
COUNT PER THREAD: 10000
SLOOPY VALUE: 1024
TIME: 0.040167
SUM: 800000
THREADS: 80
COUNT PER THREAD: 10000
SLOOPY VALUE: 1024
TIME: 0.023675
SUM: 800000
THREADS: 80
COUNT PER THREAD: 10000
SLOOPY VALUE: 1024
TIME: 0.021764
SUM: 800000
THREADS: 81
COUNT PER THREAD: 10000
SLOOPY VALUE: 1024
TIME: 0.042667
SUM: 810000
THREADS: 81
COUNT PER THREAD: 10000
SLOOPY VALUE: 1024
TIME: 0.020600
SUM: 810000
THREADS: 81
COUNT PER THREAD: 10000
SLOOPY VALUE: 1024
TIME: 0.020439
SUM: 810000
THREADS: 81
COUNT PER THREAD: 10000
SLOOPY VALUE: 1024
TIME: 0.020324
SUM: 810000
THREADS: 81
COUNT PER THREAD: 10000
SLOOPY VALUE: 1024
TIME: 0.020272
SUM: 810000
THREADS: 81
COUNT PER THREAD: 10000
SLOOPY VALUE: 1024
TIME: 0.038933
SUM: 810000
THREADS: 81
COUNT PER THREAD: 10000
SLOOPY VALUE: 1024
TIME: 0.020719
SUM: 810000
THREADS: 81
COUNT PER THREAD: 10000
SLOOPY VALUE: 1024
TIME: 0.020990
SUM: 810000
THREADS: 81
COUNT PER THREAD: 10000
SLOOPY VALUE: 1024
TIME: 0.020534
SUM: 810000
THREADS: 81
COUNT PER THREAD: 10000
SLOOPY VALUE: 1024
TIME: 0.020448
SUM: 810000
THREADS: 82
COUNT PER THREAD: 10000
SLOOPY VALUE: 1024
TIME: 0.023779
SUM: 820000
THREADS: 82
COUNT PER THREAD: 10000
SLOOPY VALUE: 1024
TIME: 0.025867
SUM: 820000
THREADS: 82
COUNT PER THREAD: 10000
SLOOPY VALUE: 1024
TIME: 0.039457
SUM: 820000
THREADS: 82
COUNT PER THREAD: 10000
SLOOPY VALUE: 1024
TIME: 0.030101
SUM: 820000
THREADS: 82
COUNT PER THREAD: 10000
SLOOPY VALUE: 1024
TIME: 0.023272
SUM: 820000
THREADS: 82
COUNT PER THREAD: 10000
SLOOPY VALUE: 1024
TIME: 0.021626
SUM: 820000
THREADS: 82
COUNT PER THREAD: 10000
SLOOPY VALUE: 1024
TIME: 0.025977
SUM: 820000
THREADS: 82
COUNT PER THREAD: 10000
SLOOPY VALUE: 1024
TIME: 0.046228
SUM: 820000
THREADS: 82
COUNT PER THREAD: 10000
SLOOPY VALUE: 1024
TIME: 0.024332
SUM: 820000
THREADS: 82
COUNT PER THREAD: 10000
SLOOPY VALUE: 1024
TIME: 0.021195
SUM: 820000
THREADS: 83
COUNT PER THREAD: 10000
SLOOPY VALUE: 1024
TIME: 0.029110
SUM: 830000
THREADS: 83
COUNT PER THREAD: 10000
SLOOPY VALUE: 1024
TIME: 0.049640
SUM: 830000
THREADS: 83
COUNT PER THREAD: 10000
SLOOPY VALUE: 1024
TIME: 0.031240
SUM: 830000
THREADS: 83
COUNT PER THREAD: 10000
SLOOPY VALUE: 1024
TIME: 0.027001
SUM: 830000
THREADS: 83
COUNT PER THREAD: 10000
SLOOPY VALUE: 1024
TIME: 0.026247
SUM: 830000
THREADS: 83
COUNT PER THREAD: 10000
SLOOPY VALUE: 1024
TIME: 0.044909
SUM: 830000
THREADS: 83
COUNT PER THREAD: 10000
SLOOPY VALUE: 1024
TIME: 0.027380
SUM: 830000
THREADS: 83
COUNT PER THREAD: 10000
SLOOPY VALUE: 1024
TIME: 0.024524
SUM: 830000
THREADS: 83
COUNT PER THREAD: 10000
SLOOPY VALUE: 1024
TIME: 0.026941
SUM: 830000
THREADS: 83
COUNT PER THREAD: 10000
SLOOPY VALUE: 1024
TIME: 0.052949
SUM: 830000
THREADS: 84
COUNT PER THREAD: 10000
SLOOPY VALUE: 1024
TIME: 0.020842
SUM: 840000
THREADS: 84
COUNT PER THREAD: 10000
SLOOPY VALUE: 1024
TIME: 0.020758
SUM: 840000
THREADS: 84
COUNT PER THREAD: 10000
SLOOPY VALUE: 1024
TIME: 0.021440
SUM: 840000
THREADS: 84
COUNT PER THREAD: 10000
SLOOPY VALUE: 1024
TIME: 0.020953
SUM: 840000
THREADS: 84
COUNT PER THREAD: 10000
SLOOPY VALUE: 1024
TIME: 0.046987
SUM: 840000
THREADS: 84
COUNT PER THREAD: 10000
SLOOPY VALUE: 1024
TIME: 0.025346
SUM: 840000
THREADS: 84
COUNT PER THREAD: 10000
SLOOPY VALUE: 1024
TIME: 0.025630
SUM: 840000
THREADS: 84
COUNT PER THREAD: 10000
SLOOPY VALUE: 1024
TIME: 0.020757
SUM: 840000
THREADS: 84
COUNT PER THREAD: 10000
SLOOPY VALUE: 1024
TIME: 0.021459
SUM: 840000
THREADS: 84
COUNT PER THREAD: 10000
SLOOPY VALUE: 1024
TIME: 0.038915
SUM: 840000
THREADS: 85
COUNT PER THREAD: 10000
SLOOPY VALUE: 1024
TIME: 0.023709
SUM: 850000
THREADS: 85
COUNT PER THREAD: 10000
SLOOPY VALUE: 1024
TIME: 0.021281
SUM: 850000
THREADS: 85
COUNT PER THREAD: 10000
SLOOPY VALUE: 1024
TIME: 0.023328
SUM: 850000
THREADS: 85
COUNT PER THREAD: 10000
SLOOPY VALUE: 1024
TIME: 0.048423
SUM: 850000
THREADS: 85
COUNT PER THREAD: 10000
SLOOPY VALUE: 1024
TIME: 0.022172
SUM: 850000
THREADS: 85
COUNT PER THREAD: 10000
SLOOPY VALUE: 1024
TIME: 0.021130
SUM: 850000
THREADS: 85
COUNT PER THREAD: 10000
SLOOPY VALUE: 1024
TIME: 0.022957
SUM: 850000
THREADS: 85
COUNT PER THREAD: 10000
SLOOPY VALUE: 1024
TIME: 0.022153
SUM: 850000
THREADS: 85
COUNT PER THREAD: 10000
SLOOPY VALUE: 1024
TIME: 0.043727
SUM: 850000
THREADS: 85
COUNT PER THREAD: 10000
SLOOPY VALUE: 1024
TIME: 0.023766
SUM: 850000
THREADS: 86
COUNT PER THREAD: 10000
SLOOPY VALUE: 1024
TIME: 0.047412
SUM: 860000
THREADS: 86
COUNT PER THREAD: 10000
SLOOPY VALUE: 1024
TIME: 0.023575
SUM: 860000
THREADS: 86
COUNT PER THREAD: 10000
SLOOPY VALUE: 1024
TIME: 0.023885
SUM: 860000
THREADS: 86
COUNT PER THREAD: 10000
SLOOPY VALUE: 1024
TIME: 0.031051
SUM: 860000
THREADS: 86
COUNT PER THREAD: 10000
SLOOPY VALUE: 1024
TIME: 0.048142
SUM: 860000
THREADS: 86
COUNT PER THREAD: 10000
SLOOPY VALUE: 1024
TIME: 0.026466
SUM: 860000
THREADS: 86
COUNT PER THREAD: 10000
SLOOPY VALUE: 1024
TIME: 0.025541
SUM: 860000
THREADS: 86
COUNT PER THREAD: 10000
SLOOPY VALUE: 1024
TIME: 0.023642
SUM: 860000
THREADS: 86
COUNT PER THREAD: 10000
SLOOPY VALUE: 1024
TIME: 0.047050
SUM: 860000
THREADS: 86
COUNT PER THREAD: 10000
SLOOPY VALUE: 1024
TIME: 0.025600
SUM: 860000
THREADS: 87
COUNT PER THREAD: 10000
SLOOPY VALUE: 1024
TIME: 0.042162
SUM: 870000
THREADS: 87
COUNT PER THREAD: 10000
SLOOPY VALUE: 1024
TIME: 0.021639
SUM: 870000
THREADS: 87
COUNT PER THREAD: 10000
SLOOPY VALUE: 1024
TIME: 0.021464
SUM: 870000
THREADS: 87
COUNT PER THREAD: 10000
SLOOPY VALUE: 1024
TIME: 0.021246
SUM: 870000
THREADS: 87
COUNT PER THREAD: 10000
SLOOPY VALUE: 1024
TIME: 0.022500
SUM: 870000
THREADS: 87
COUNT PER THREAD: 10000
SLOOPY VALUE: 1024
TIME: 0.039751
SUM: 870000
THREADS: 87
COUNT PER THREAD: 10000
SLOOPY VALUE: 1024
TIME: 0.021547
SUM: 870000
THREADS: 87
COUNT PER THREAD: 10000
SLOOPY VALUE: 1024
TIME: 0.021410
SUM: 870000
THREADS: 87
COUNT PER THREAD: 10000
SLOOPY VALUE: 1024
TIME: 0.021356
SUM: 870000
THREADS: 87
COUNT PER THREAD: 10000
SLOOPY VALUE: 1024
TIME: 0.021686
SUM: 870000
THREADS: 88
COUNT PER THREAD: 10000
SLOOPY VALUE: 1024
TIME: 0.021755
SUM: 880000
THREADS: 88
COUNT PER THREAD: 10000
SLOOPY VALUE: 1024
TIME: 0.021711
SUM: 880000
THREADS: 88
COUNT PER THREAD: 10000
SLOOPY VALUE: 1024
TIME: 0.044892
SUM: 880000
THREADS: 88
COUNT PER THREAD: 10000
SLOOPY VALUE: 1024
TIME: 0.022605
SUM: 880000
THREADS: 88
COUNT PER THREAD: 10000
SLOOPY VALUE: 1024
TIME: 0.021640
SUM: 880000
THREADS: 88
COUNT PER THREAD: 10000
SLOOPY VALUE: 1024
TIME: 0.021753
SUM: 880000
THREADS: 88
COUNT PER THREAD: 10000
SLOOPY VALUE: 1024
TIME: 0.021655
SUM: 880000
THREADS: 88
COUNT PER THREAD: 10000
SLOOPY VALUE: 1024
TIME: 0.039206
SUM: 880000
THREADS: 88
COUNT PER THREAD: 10000
SLOOPY VALUE: 1024
TIME: 0.022811
SUM: 880000
THREADS: 88
COUNT PER THREAD: 10000
SLOOPY VALUE: 1024
TIME: 0.022665
SUM: 880000
THREADS: 89
COUNT PER THREAD: 10000
SLOOPY VALUE: 1024
TIME: 0.022671
SUM: 890000
THREADS: 89
COUNT PER THREAD: 10000
SLOOPY VALUE: 1024
TIME: 0.022228
SUM: 890000
THREADS: 89
COUNT PER THREAD: 10000
SLOOPY VALUE: 1024
TIME: 0.045831
SUM: 890000
THREADS: 89
COUNT PER THREAD: 10000
SLOOPY VALUE: 1024
TIME: 0.022193
SUM: 890000
THREADS: 89
COUNT PER THREAD: 10000
SLOOPY VALUE: 1024
TIME: 0.021989
SUM: 890000
THREADS: 89
COUNT PER THREAD: 10000
SLOOPY VALUE: 1024
TIME: 0.021782
SUM: 890000
THREADS: 89
COUNT PER THREAD: 10000
SLOOPY VALUE: 1024
TIME: 0.025872
SUM: 890000
THREADS: 89
COUNT PER THREAD: 10000
SLOOPY VALUE: 1024
TIME: 0.041179
SUM: 890000
THREADS: 89
COUNT PER THREAD: 10000
SLOOPY VALUE: 1024
TIME: 0.022014
SUM: 890000
THREADS: 89
COUNT PER THREAD: 10000
SLOOPY VALUE: 1024
TIME: 0.021861
SUM: 890000
THREADS: 90
COUNT PER THREAD: 10000
SLOOPY VALUE: 1024
TIME: 0.042104
SUM: 900000
THREADS: 90
COUNT PER THREAD: 10000
SLOOPY VALUE: 1024
TIME: 0.024760
SUM: 900000
THREADS: 90
COUNT PER THREAD: 10000
SLOOPY VALUE: 1024
TIME: 0.023052
SUM: 900000
THREADS: 90
COUNT PER THREAD: 10000
SLOOPY VALUE: 1024
TIME: 0.022362
SUM: 900000
THREADS: 90
COUNT PER THREAD: 10000
SLOOPY VALUE: 1024
TIME: 0.022470
SUM: 900000
THREADS: 90
COUNT PER THREAD: 10000
SLOOPY VALUE: 1024
TIME: 0.043127
SUM: 900000
THREADS: 90
COUNT PER THREAD: 10000
SLOOPY VALUE: 1024
TIME: 0.022476
SUM: 900000
THREADS: 90
COUNT PER THREAD: 10000
SLOOPY VALUE: 1024
TIME: 0.021962
SUM: 900000
THREADS: 90
COUNT PER THREAD: 10000
SLOOPY VALUE: 1024
TIME: 0.023434
SUM: 900000
THREADS: 90
COUNT PER THREAD: 10000
SLOOPY VALUE: 1024
TIME: 0.024599
SUM: 900000
THREADS: 91
COUNT PER THREAD: 10000
SLOOPY VALUE: 1024
TIME: 0.023161
SUM: 910000
THREADS: 91
COUNT PER THREAD: 10000
SLOOPY VALUE: 1024
TIME: 0.023054
SUM: 910000
THREADS: 91
COUNT PER THREAD: 10000
SLOOPY VALUE: 1024
TIME: 0.045199
SUM: 910000
THREADS: 91
COUNT PER THREAD: 10000
SLOOPY VALUE: 1024
TIME: 0.023373
SUM: 910000
THREADS: 91
COUNT PER THREAD: 10000
SLOOPY VALUE: 1024
TIME: 0.023143
SUM: 910000
THREADS: 91
COUNT PER THREAD: 10000
SLOOPY VALUE: 1024
TIME: 0.022397
SUM: 910000
THREADS: 91
COUNT PER THREAD: 10000
SLOOPY VALUE: 1024
TIME: 0.022499
SUM: 910000
THREADS: 91
COUNT PER THREAD: 10000
SLOOPY VALUE: 1024
TIME: 0.042194
SUM: 910000
THREADS: 91
COUNT PER THREAD: 10000
SLOOPY VALUE: 1024
TIME: 0.022537
SUM: 910000
THREADS: 91
COUNT PER THREAD: 10000
SLOOPY VALUE: 1024
TIME: 0.022580
SUM: 910000
THREADS: 92
COUNT PER THREAD: 10000
SLOOPY VALUE: 1024
TIME: 0.023382
SUM: 920000
THREADS: 92
COUNT PER THREAD: 10000
SLOOPY VALUE: 1024
TIME: 0.022828
SUM: 920000
THREADS: 92
COUNT PER THREAD: 10000
SLOOPY VALUE: 1024
TIME: 0.037921
SUM: 920000
THREADS: 92
COUNT PER THREAD: 10000
SLOOPY VALUE: 1024
TIME: 0.032680
SUM: 920000
THREADS: 92
COUNT PER THREAD: 10000
SLOOPY VALUE: 1024
TIME: 0.023036
SUM: 920000
THREADS: 92
COUNT PER THREAD: 10000
SLOOPY VALUE: 1024
TIME: 0.023264
SUM: 920000
THREADS: 92
COUNT PER THREAD: 10000
SLOOPY VALUE: 1024
TIME: 0.022831
SUM: 920000
THREADS: 92
COUNT PER THREAD: 10000
SLOOPY VALUE: 1024
TIME: 0.040618
SUM: 920000
THREADS: 92
COUNT PER THREAD: 10000
SLOOPY VALUE: 1024
TIME: 0.029154
SUM: 920000
THREADS: 92
COUNT PER THREAD: 10000
SLOOPY VALUE: 1024
TIME: 0.022958
SUM: 920000
THREADS: 93
COUNT PER THREAD: 10000
SLOOPY VALUE: 1024
TIME: 0.031073
SUM: 930000
THREADS: 93
COUNT PER THREAD: 10000
SLOOPY VALUE: 1024
TIME: 0.026432
SUM: 930000
THREADS: 93
COUNT PER THREAD: 10000
SLOOPY VALUE: 1024
TIME: 0.028373
SUM: 930000
THREADS: 93
COUNT PER THREAD: 10000
SLOOPY VALUE: 1024
TIME: 0.058011
SUM: 930000
THREADS: 93
COUNT PER THREAD: 10000
SLOOPY VALUE: 1024
TIME: 0.024395
SUM: 930000
THREADS: 93
COUNT PER THREAD: 10000
SLOOPY VALUE: 1024
TIME: 0.025663
SUM: 930000
THREADS: 93
COUNT PER THREAD: 10000
SLOOPY VALUE: 1024
TIME: 0.023751
SUM: 930000
THREADS: 93
COUNT PER THREAD: 10000
SLOOPY VALUE: 1024
TIME: 0.042343
SUM: 930000
THREADS: 93
COUNT PER THREAD: 10000
SLOOPY VALUE: 1024
TIME: 0.026925
SUM: 930000
THREADS: 93
COUNT PER THREAD: 10000
SLOOPY VALUE: 1024
TIME: 0.023876
SUM: 930000
THREADS: 94
COUNT PER THREAD: 10000
SLOOPY VALUE: 1024
TIME: 0.024183
SUM: 940000
THREADS: 94
COUNT PER THREAD: 10000
SLOOPY VALUE: 1024
TIME: 0.023635
SUM: 940000
THREADS: 94
COUNT PER THREAD: 10000
SLOOPY VALUE: 1024
TIME: 0.023892
SUM: 940000
THREADS: 94
COUNT PER THREAD: 10000
SLOOPY VALUE: 1024
TIME: 0.043594
SUM: 940000
THREADS: 94
COUNT PER THREAD: 10000
SLOOPY VALUE: 1024
TIME: 0.024099
SUM: 940000
THREADS: 94
COUNT PER THREAD: 10000
SLOOPY VALUE: 1024
TIME: 0.023057
SUM: 940000
THREADS: 94
COUNT PER THREAD: 10000
SLOOPY VALUE: 1024
TIME: 0.036087
SUM: 940000
THREADS: 94
COUNT PER THREAD: 10000
SLOOPY VALUE: 1024
TIME: 0.035657
SUM: 940000
THREADS: 94
COUNT PER THREAD: 10000
SLOOPY VALUE: 1024
TIME: 0.023476
SUM: 940000
THREADS: 94
COUNT PER THREAD: 10000
SLOOPY VALUE: 1024
TIME: 0.024034
SUM: 940000
THREADS: 95
COUNT PER THREAD: 10000
SLOOPY VALUE: 1024
TIME: 0.032149
SUM: 950000
THREADS: 95
COUNT PER THREAD: 10000
SLOOPY VALUE: 1024
TIME: 0.050796
SUM: 950000
THREADS: 95
COUNT PER THREAD: 10000
SLOOPY VALUE: 1024
TIME: 0.025375
SUM: 950000
THREADS: 95
COUNT PER THREAD: 10000
SLOOPY VALUE: 1024
TIME: 0.025952
SUM: 950000
THREADS: 95
COUNT PER THREAD: 10000
SLOOPY VALUE: 1024
TIME: 0.029643
SUM: 950000
THREADS: 95
COUNT PER THREAD: 10000
SLOOPY VALUE: 1024
TIME: 0.045355
SUM: 950000
THREADS: 95
COUNT PER THREAD: 10000
SLOOPY VALUE: 1024
TIME: 0.029952
SUM: 950000
THREADS: 95
COUNT PER THREAD: 10000
SLOOPY VALUE: 1024
TIME: 0.024803
SUM: 950000
THREADS: 95
COUNT PER THREAD: 10000
SLOOPY VALUE: 1024
TIME: 0.028141
SUM: 950000
THREADS: 95
COUNT PER THREAD: 10000
SLOOPY VALUE: 1024
TIME: 0.047894
SUM: 950000
THREADS: 96
COUNT PER THREAD: 10000
SLOOPY VALUE: 1024
TIME: 0.026650
SUM: 960000
THREADS: 96
COUNT PER THREAD: 10000
SLOOPY VALUE: 1024
TIME: 0.052366
SUM: 960000
THREADS: 96
COUNT PER THREAD: 10000
SLOOPY VALUE: 1024
TIME: 0.026937
SUM: 960000
THREADS: 96
COUNT PER THREAD: 10000
SLOOPY VALUE: 1024
TIME: 0.027638
SUM: 960000
THREADS: 96
COUNT PER THREAD: 10000
SLOOPY VALUE: 1024
TIME: 0.026766
SUM: 960000
THREADS: 96
COUNT PER THREAD: 10000
SLOOPY VALUE: 1024
TIME: 0.047179
SUM: 960000
THREADS: 96
COUNT PER THREAD: 10000
SLOOPY VALUE: 1024
TIME: 0.029150
SUM: 960000
THREADS: 96
COUNT PER THREAD: 10000
SLOOPY VALUE: 1024
TIME: 0.025505
SUM: 960000
THREADS: 96
COUNT PER THREAD: 10000
SLOOPY VALUE: 1024
TIME: 0.024992
SUM: 960000
THREADS: 96
COUNT PER THREAD: 10000
SLOOPY VALUE: 1024
TIME: 0.044367
SUM: 960000
THREADS: 97
COUNT PER THREAD: 10000
SLOOPY VALUE: 1024
TIME: 0.023965
SUM: 970000
THREADS: 97
COUNT PER THREAD: 10000
SLOOPY VALUE: 1024
TIME: 0.034492
SUM: 970000
THREADS: 97
COUNT PER THREAD: 10000
SLOOPY VALUE: 1024
TIME: 0.034337
SUM: 970000
THREADS: 97
COUNT PER THREAD: 10000
SLOOPY VALUE: 1024
TIME: 0.024483
SUM: 970000
THREADS: 97
COUNT PER THREAD: 10000
SLOOPY VALUE: 1024
TIME: 0.024254
SUM: 970000
THREADS: 97
COUNT PER THREAD: 10000
SLOOPY VALUE: 1024
TIME: 0.025086
SUM: 970000
THREADS: 97
COUNT PER THREAD: 10000
SLOOPY VALUE: 1024
TIME: 0.043490
SUM: 970000
THREADS: 97
COUNT PER THREAD: 10000
SLOOPY VALUE: 1024
TIME: 0.025024
SUM: 970000
THREADS: 97
COUNT PER THREAD: 10000
SLOOPY VALUE: 1024
TIME: 0.024681
SUM: 970000
THREADS: 97
COUNT PER THREAD: 10000
SLOOPY VALUE: 1024
TIME: 0.025273
SUM: 970000
THREADS: 98
COUNT PER THREAD: 10000
SLOOPY VALUE: 1024
TIME: 0.026098
SUM: 980000
THREADS: 98
COUNT PER THREAD: 10000
SLOOPY VALUE: 1024
TIME: 0.025897
SUM: 980000
THREADS: 98
COUNT PER THREAD: 10000
SLOOPY VALUE: 1024
TIME: 0.030664
SUM: 980000
THREADS: 98
COUNT PER THREAD: 10000
SLOOPY VALUE: 1024
TIME: 0.051609
SUM: 980000
THREADS: 98
COUNT PER THREAD: 10000
SLOOPY VALUE: 1024
TIME: 0.026741
SUM: 980000
THREADS: 98
COUNT PER THREAD: 10000
SLOOPY VALUE: 1024
TIME: 0.025597
SUM: 980000
THREADS: 98
COUNT PER THREAD: 10000
SLOOPY VALUE: 1024
TIME: 0.030665
SUM: 980000
THREADS: 98
COUNT PER THREAD: 10000
SLOOPY VALUE: 1024
TIME: 0.043751
SUM: 980000
THREADS: 98
COUNT PER THREAD: 10000
SLOOPY VALUE: 1024
TIME: 0.027215
SUM: 980000
THREADS: 98
COUNT PER THREAD: 10000
SLOOPY VALUE: 1024
TIME: 0.025498
SUM: 980000
THREADS: 99
COUNT PER THREAD: 10000
SLOOPY VALUE: 1024
TIME: 0.025419
SUM: 990000
THREADS: 99
COUNT PER THREAD: 10000
SLOOPY VALUE: 1024
TIME: 0.050619
SUM: 990000
THREADS: 99
COUNT PER THREAD: 10000
SLOOPY VALUE: 1024
TIME: 0.029477
SUM: 990000
THREADS: 99
COUNT PER THREAD: 10000
SLOOPY VALUE: 1024
TIME: 0.026914
SUM: 990000
THREADS: 99
COUNT PER THREAD: 10000
SLOOPY VALUE: 1024
TIME: 0.025794
SUM: 990000
THREADS: 99
COUNT PER THREAD: 10000
SLOOPY VALUE: 1024
TIME: 0.049726
SUM: 990000
THREADS: 99
COUNT PER THREAD: 10000
SLOOPY VALUE: 1024
TIME: 0.026183
SUM: 990000
THREADS: 99
COUNT PER THREAD: 10000
SLOOPY VALUE: 1024
TIME: 0.026938
SUM: 990000
THREADS: 99
COUNT PER THREAD: 10000
SLOOPY VALUE: 1024
TIME: 0.031631
SUM: 990000
THREADS: 99
COUNT PER THREAD: 10000
SLOOPY VALUE: 1024
TIME: 0.049182
SUM: 990000
THREADS: 100
COUNT PER THREAD: 10000
SLOOPY VALUE: 1024
TIME: 0.035641
SUM: 1000000
THREADS: 100
COUNT PER THREAD: 10000
SLOOPY VALUE: 1024
TIME: 0.039740
SUM: 1000000
THREADS: 100
COUNT PER THREAD: 10000
SLOOPY VALUE: 1024
TIME: 0.046082
SUM: 1000000
THREADS: 100
COUNT PER THREAD: 10000
SLOOPY VALUE: 1024
TIME: 0.034254
SUM: 1000000
THREADS: 100
COUNT PER THREAD: 10000
SLOOPY VALUE: 1024
TIME: 0.032041
SUM: 1000000
THREADS: 100
COUNT PER THREAD: 10000
SLOOPY VALUE: 1024
TIME: 0.055111
SUM: 1000000
THREADS: 100
COUNT PER THREAD: 10000
SLOOPY VALUE: 1024
TIME: 0.027344
SUM: 1000000
THREADS: 100
COUNT PER THREAD: 10000
SLOOPY VALUE: 1024
TIME: 0.030521
SUM: 1000000
THREADS: 100
COUNT PER THREAD: 10000
SLOOPY VALUE: 1024
TIME: 0.025883
SUM: 1000000
THREADS: 100
COUNT PER THREAD: 10000
SLOOPY VALUE: 1024
TIME: 0.042653
SUM: 1000000
