THREADS: 1
COUNT PER THREAD: 10000
SLOOPY VALUE: 1
TIME: 0.000514
SUM: 10000
THREADS: 1
COUNT PER THREAD: 10000
SLOOPY VALUE: 1
TIME: 0.000482
SUM: 10000
THREADS: 1
COUNT PER THREAD: 10000
SLOOPY VALUE: 1
TIME: 0.000491
SUM: 10000
THREADS: 1
COUNT PER THREAD: 10000
SLOOPY VALUE: 1
TIME: 0.000528
SUM: 10000
THREADS: 1
COUNT PER THREAD: 10000
SLOOPY VALUE: 1
TIME: 0.000484
SUM: 10000
THREADS: 1
COUNT PER THREAD: 10000
SLOOPY VALUE: 1
TIME: 0.000481
SUM: 10000
THREADS: 1
COUNT PER THREAD: 10000
SLOOPY VALUE: 1
TIME: 0.000539
SUM: 10000
THREADS: 1
COUNT PER THREAD: 10000
SLOOPY VALUE: 1
TIME: 0.000508
SUM: 10000
THREADS: 1
COUNT PER THREAD: 10000
SLOOPY VALUE: 1
TIME: 0.000482
SUM: 10000
THREADS: 1
COUNT PER THREAD: 10000
SLOOPY VALUE: 1
TIME: 0.000490
SUM: 10000
THREADS: 2
COUNT PER THREAD: 10000
SLOOPY VALUE: 1
TIME: 0.001019
SUM: 20000
THREADS: 2
COUNT PER THREAD: 10000
SLOOPY VALUE: 1
TIME: 0.001016
SUM: 20000
THREADS: 2
COUNT PER THREAD: 10000
SLOOPY VALUE: 1
TIME: 0.001142
SUM: 20000
THREADS: 2
COUNT PER THREAD: 10000
SLOOPY VALUE: 1
TIME: 0.001129
SUM: 20000
THREADS: 2
COUNT PER THREAD: 10000
SLOOPY VALUE: 1
TIME: 0.001120
SUM: 20000
THREADS: 2
COUNT PER THREAD: 10000
SLOOPY VALUE: 1
TIME: 0.001039
SUM: 20000
THREADS: 2
COUNT PER THREAD: 10000
SLOOPY VALUE: 1
TIME: 0.000967
SUM: 20000
THREADS: 2
COUNT PER THREAD: 10000
SLOOPY VALUE: 1
TIME: 0.001019
SUM: 20000
THREADS: 2
COUNT PER THREAD: 10000
SLOOPY VALUE: 1
TIME: 0.000979
SUM: 20000
THREADS: 2
COUNT PER THREAD: 10000
SLOOPY VALUE: 1
TIME: 0.001041
SUM: 20000
THREADS: 3
COUNT PER THREAD: 10000
SLOOPY VALUE: 1
TIME: 0.001469
SUM: 30000
THREADS: 3
COUNT PER THREAD: 10000
SLOOPY VALUE: 1
TIME: 0.001554
SUM: 30000
THREADS: 3
COUNT PER THREAD: 10000
SLOOPY VALUE: 1
TIME: 0.001467
SUM: 30000
THREADS: 3
COUNT PER THREAD: 10000
SLOOPY VALUE: 1
TIME: 0.001492
SUM: 30000
THREADS: 3
COUNT PER THREAD: 10000
SLOOPY VALUE: 1
TIME: 0.001481
SUM: 30000
THREADS: 3
COUNT PER THREAD: 10000
SLOOPY VALUE: 1
TIME: 0.001436
SUM: 30000
THREADS: 3
COUNT PER THREAD: 10000
SLOOPY VALUE: 1
TIME: 0.001467
SUM: 30000
THREADS: 3
COUNT PER THREAD: 10000
SLOOPY VALUE: 1
TIME: 0.001481
SUM: 30000
THREADS: 3
COUNT PER THREAD: 10000
SLOOPY VALUE: 1
TIME: 0.001421
SUM: 30000
THREADS: 3
COUNT PER THREAD: 10000
SLOOPY VALUE: 1
TIME: 0.001470
SUM: 30000
THREADS: 4
COUNT PER THREAD: 10000
SLOOPY VALUE: 1
TIME: 0.002151
SUM: 40000
THREADS: 4
COUNT PER THREAD: 10000
SLOOPY VALUE: 1
TIME: 0.001950
SUM: 40000
THREADS: 4
COUNT PER THREAD: 10000
SLOOPY VALUE: 1
TIME: 0.001928
SUM: 40000
THREADS: 4
COUNT PER THREAD: 10000
SLOOPY VALUE: 1
TIME: 0.001936
SUM: 40000
THREADS: 4
COUNT PER THREAD: 10000
SLOOPY VALUE: 1
TIME: 0.001980
SUM: 40000
THREADS: 4
COUNT PER THREAD: 10000
SLOOPY VALUE: 1
TIME: 0.001947
SUM: 40000
THREADS: 4
COUNT PER THREAD: 10000
SLOOPY VALUE: 1
TIME: 0.001930
SUM: 40000
THREADS: 4
COUNT PER THREAD: 10000
SLOOPY VALUE: 1
TIME: 0.002470
SUM: 40000
THREADS: 4
COUNT PER THREAD: 10000
SLOOPY VALUE: 1
TIME: 0.002156
SUM: 40000
THREADS: 4
COUNT PER THREAD: 10000
SLOOPY VALUE: 1
TIME: 0.001990
SUM: 40000
THREADS: 5
COUNT PER THREAD: 10000
SLOOPY VALUE: 1
TIME: 0.005584
SUM: 50000
THREADS: 5
COUNT PER THREAD: 10000
SLOOPY VALUE: 1
TIME: 0.003056
SUM: 50000
THREADS: 5
COUNT PER THREAD: 10000
SLOOPY VALUE: 1
TIME: 0.002548
SUM: 50000
THREADS: 5
COUNT PER THREAD: 10000
SLOOPY VALUE: 1
TIME: 0.002819
SUM: 50000
THREADS: 5
COUNT PER THREAD: 10000
SLOOPY VALUE: 1
TIME: 0.003579
SUM: 50000
THREADS: 5
COUNT PER THREAD: 10000
SLOOPY VALUE: 1
TIME: 0.002554
SUM: 50000
THREADS: 5
COUNT PER THREAD: 10000
SLOOPY VALUE: 1
TIME: 0.002623
SUM: 50000
THREADS: 5
COUNT PER THREAD: 10000
SLOOPY VALUE: 1
TIME: 0.002780
SUM: 50000
THREADS: 5
COUNT PER THREAD: 10000
SLOOPY VALUE: 1
TIME: 0.003465
SUM: 50000
THREADS: 5
COUNT PER THREAD: 10000
SLOOPY VALUE: 1
TIME: 0.002519
SUM: 50000
THREADS: 6
COUNT PER THREAD: 10000
SLOOPY VALUE: 1
TIME: 0.004749
SUM: 60000
THREADS: 6
COUNT PER THREAD: 10000
SLOOPY VALUE: 1
TIME: 0.003775
SUM: 60000
THREADS: 6
COUNT PER THREAD: 10000
SLOOPY VALUE: 1
TIME: 0.002961
SUM: 60000
THREADS: 6
COUNT PER THREAD: 10000
SLOOPY VALUE: 1
TIME: 0.002931
SUM: 60000
THREADS: 6
COUNT PER THREAD: 10000
SLOOPY VALUE: 1
TIME: 0.002993
SUM: 60000
THREADS: 6
COUNT PER THREAD: 10000
SLOOPY VALUE: 1
TIME: 0.003032
SUM: 60000
THREADS: 6
COUNT PER THREAD: 10000
SLOOPY VALUE: 1
TIME: 0.002907
SUM: 60000
THREADS: 6
COUNT PER THREAD: 10000
SLOOPY VALUE: 1
TIME: 0.002916
SUM: 60000
THREADS: 6
COUNT PER THREAD: 10000
SLOOPY VALUE: 1
TIME: 0.002945
SUM: 60000
THREADS: 6
COUNT PER THREAD: 10000
SLOOPY VALUE: 1
TIME: 0.002934
SUM: 60000
THREADS: 7
COUNT PER THREAD: 10000
SLOOPY VALUE: 1
TIME: 0.003530
SUM: 70000
THREADS: 7
COUNT PER THREAD: 10000
SLOOPY VALUE: 1
TIME: 0.003428
SUM: 70000
THREADS: 7
COUNT PER THREAD: 10000
SLOOPY VALUE: 1
TIME: 0.003447
SUM: 70000
THREADS: 7
COUNT PER THREAD: 10000
SLOOPY VALUE: 1
TIME: 0.003371
SUM: 70000
THREADS: 7
COUNT PER THREAD: 10000
SLOOPY VALUE: 1
TIME: 0.003535
SUM: 70000
THREADS: 7
COUNT PER THREAD: 10000
SLOOPY VALUE: 1
TIME: 0.003422
SUM: 70000
THREADS: 7
COUNT PER THREAD: 10000
SLOOPY VALUE: 1
TIME: 0.003457
SUM: 70000
THREADS: 7
COUNT PER THREAD: 10000
SLOOPY VALUE: 1
TIME: 0.003434
SUM: 70000
THREADS: 7
COUNT PER THREAD: 10000
SLOOPY VALUE: 1
TIME: 0.003442
SUM: 70000
THREADS: 7
COUNT PER THREAD: 10000
SLOOPY VALUE: 1
TIME: 0.003394
SUM: 70000
THREADS: 8
COUNT PER THREAD: 10000
SLOOPY VALUE: 1
TIME: 0.003970
SUM: 80000
THREADS: 8
COUNT PER THREAD: 10000
SLOOPY VALUE: 1
TIME: 0.003968
SUM: 80000
THREADS: 8
COUNT PER THREAD: 10000
SLOOPY VALUE: 1
TIME: 0.003975
SUM: 80000
THREADS: 8
COUNT PER THREAD: 10000
SLOOPY VALUE: 1
TIME: 0.003932
SUM: 80000
THREADS: 8
COUNT PER THREAD: 10000
SLOOPY VALUE: 1
TIME: 0.003894
SUM: 80000
THREADS: 8
COUNT PER THREAD: 10000
SLOOPY VALUE: 1
TIME: 0.003945
SUM: 80000
THREADS: 8
COUNT PER THREAD: 10000
SLOOPY VALUE: 1
TIME: 0.003882
SUM: 80000
THREADS: 8
COUNT PER THREAD: 10000
SLOOPY VALUE: 1
TIME: 0.003957
SUM: 80000
THREADS: 8
COUNT PER THREAD: 10000
SLOOPY VALUE: 1
TIME: 0.003817
SUM: 80000
THREADS: 8
COUNT PER THREAD: 10000
SLOOPY VALUE: 1
TIME: 0.003949
SUM: 80000
THREADS: 9
COUNT PER THREAD: 10000
SLOOPY VALUE: 1
TIME: 0.004772
SUM: 90000
THREADS: 9
COUNT PER THREAD: 10000
SLOOPY VALUE: 1
TIME: 0.004713
SUM: 90000
THREADS: 9
COUNT PER THREAD: 10000
SLOOPY VALUE: 1
TIME: 0.004620
SUM: 90000
THREADS: 9
COUNT PER THREAD: 10000
SLOOPY VALUE: 1
TIME: 0.004499
SUM: 90000
THREADS: 9
COUNT PER THREAD: 10000
SLOOPY VALUE: 1
TIME: 0.004845
SUM: 90000
THREADS: 9
COUNT PER THREAD: 10000
SLOOPY VALUE: 1
TIME: 0.005913
SUM: 90000
THREADS: 9
COUNT PER THREAD: 10000
SLOOPY VALUE: 1
TIME: 0.006279
SUM: 90000
THREADS: 9
COUNT PER THREAD: 10000
SLOOPY VALUE: 1
TIME: 0.005015
SUM: 90000
THREADS: 9
COUNT PER THREAD: 10000
SLOOPY VALUE: 1
TIME: 0.006682
SUM: 90000
THREADS: 9
COUNT PER THREAD: 10000
SLOOPY VALUE: 1
TIME: 0.005446
SUM: 90000
THREADS: 10
COUNT PER THREAD: 10000
SLOOPY VALUE: 1
TIME: 0.005537
SUM: 100000
THREADS: 10
COUNT PER THREAD: 10000
SLOOPY VALUE: 1
TIME: 0.005052
SUM: 100000
THREADS: 10
COUNT PER THREAD: 10000
SLOOPY VALUE: 1
TIME: 0.005465
SUM: 100000
THREADS: 10
COUNT PER THREAD: 10000
SLOOPY VALUE: 1
TIME: 0.005095
SUM: 100000
THREADS: 10
COUNT PER THREAD: 10000
SLOOPY VALUE: 1
TIME: 0.005176
SUM: 100000
THREADS: 10
COUNT PER THREAD: 10000
SLOOPY VALUE: 1
TIME: 0.005535
SUM: 100000
THREADS: 10
COUNT PER THREAD: 10000
SLOOPY VALUE: 1
TIME: 0.004863
SUM: 100000
THREADS: 10
COUNT PER THREAD: 10000
SLOOPY VALUE: 1
TIME: 0.005476
SUM: 100000
THREADS: 10
COUNT PER THREAD: 10000
SLOOPY VALUE: 1
TIME: 0.007010
SUM: 100000
THREADS: 10
COUNT PER THREAD: 10000
SLOOPY VALUE: 1
TIME: 0.005308
SUM: 100000
THREADS: 11
COUNT PER THREAD: 10000
SLOOPY VALUE: 1
TIME: 0.005551
SUM: 110000
THREADS: 11
COUNT PER THREAD: 10000
SLOOPY VALUE: 1
TIME: 0.005697
SUM: 110000
THREADS: 11
COUNT PER THREAD: 10000
SLOOPY VALUE: 1
TIME: 0.005586
SUM: 110000
THREADS: 11
COUNT PER THREAD: 10000
SLOOPY VALUE: 1
TIME: 0.005636
SUM: 110000
THREADS: 11
COUNT PER THREAD: 10000
SLOOPY VALUE: 1
TIME: 0.005783
SUM: 110000
THREADS: 11
COUNT PER THREAD: 10000
SLOOPY VALUE: 1
TIME: 0.007208
SUM: 110000
THREADS: 11
COUNT PER THREAD: 10000
SLOOPY VALUE: 1
TIME: 0.007377
SUM: 110000
THREADS: 11
COUNT PER THREAD: 10000
SLOOPY VALUE: 1
TIME: 0.005513
SUM: 110000
THREADS: 11
COUNT PER THREAD: 10000
SLOOPY VALUE: 1
TIME: 0.005882
SUM: 110000
THREADS: 11
COUNT PER THREAD: 10000
SLOOPY VALUE: 1
TIME: 0.005490
SUM: 110000
THREADS: 12
COUNT PER THREAD: 10000
SLOOPY VALUE: 1
TIME: 0.006597
SUM: 120000
THREADS: 12
COUNT PER THREAD: 10000
SLOOPY VALUE: 1
TIME: 0.009439
SUM: 120000
THREADS: 12
COUNT PER THREAD: 10000
SLOOPY VALUE: 1
TIME: 0.008095
SUM: 120000
THREADS: 12
COUNT PER THREAD: 10000
SLOOPY VALUE: 1
TIME: 0.006653
SUM: 120000
THREADS: 12
COUNT PER THREAD: 10000
SLOOPY VALUE: 1
TIME: 0.006642
SUM: 120000
THREADS: 12
COUNT PER THREAD: 10000
SLOOPY VALUE: 1
TIME: 0.007855
SUM: 120000
THREADS: 12
COUNT PER THREAD: 10000
SLOOPY VALUE: 1
TIME: 0.006525
SUM: 120000
THREADS: 12
COUNT PER THREAD: 10000
SLOOPY VALUE: 1
TIME: 0.006462
SUM: 120000
THREADS: 12
COUNT PER THREAD: 10000
SLOOPY VALUE: 1
TIME: 0.006337
SUM: 120000
THREADS: 12
COUNT PER THREAD: 10000
SLOOPY VALUE: 1
TIME: 0.006995
SUM: 120000
THREADS: 13
COUNT PER THREAD: 10000
SLOOPY VALUE: 1
TIME: 0.007072
SUM: 130000
THREADS: 13
COUNT PER THREAD: 10000
SLOOPY VALUE: 1
TIME: 0.007221
SUM: 130000
THREADS: 13
COUNT PER THREAD: 10000
SLOOPY VALUE: 1
TIME: 0.011226
SUM: 130000
THREADS: 13
COUNT PER THREAD: 10000
SLOOPY VALUE: 1
TIME: 0.006972
SUM: 130000
THREADS: 13
COUNT PER THREAD: 10000
SLOOPY VALUE: 1
TIME: 0.006914
SUM: 130000
THREADS: 13
COUNT PER THREAD: 10000
SLOOPY VALUE: 1
TIME: 0.006724
SUM: 130000
THREADS: 13
COUNT PER THREAD: 10000
SLOOPY VALUE: 1
TIME: 0.006891
SUM: 130000
THREADS: 13
COUNT PER THREAD: 10000
SLOOPY VALUE: 1
TIME: 0.008213
SUM: 130000
THREADS: 13
COUNT PER THREAD: 10000
SLOOPY VALUE: 1
TIME: 0.007941
SUM: 130000
THREADS: 13
COUNT PER THREAD: 10000
SLOOPY VALUE: 1
TIME: 0.006538
SUM: 130000
THREADS: 14
COUNT PER THREAD: 10000
SLOOPY VALUE: 1
TIME: 0.007352
SUM: 140000
THREADS: 14
COUNT PER THREAD: 10000
SLOOPY VALUE: 1
TIME: 0.007902
SUM: 140000
THREADS: 14
COUNT PER THREAD: 10000
SLOOPY VALUE: 1
TIME: 0.007103
SUM: 140000
THREADS: 14
COUNT PER THREAD: 10000
SLOOPY VALUE: 1
TIME: 0.007313
SUM: 140000
THREADS: 14
COUNT PER THREAD: 10000
SLOOPY VALUE: 1
TIME: 0.007134
SUM: 140000
THREADS: 14
COUNT PER THREAD: 10000
SLOOPY VALUE: 1
TIME: 0.007539
SUM: 140000
THREADS: 14
COUNT PER THREAD: 10000
SLOOPY VALUE: 1
TIME: 0.006878
SUM: 140000
THREADS: 14
COUNT PER THREAD: 10000
SLOOPY VALUE: 1
TIME: 0.007156
SUM: 140000
THREADS: 14
COUNT PER THREAD: 10000
SLOOPY VALUE: 1
TIME: 0.007104
SUM: 140000
THREADS: 14
COUNT PER THREAD: 10000
SLOOPY VALUE: 1
TIME: 0.007194
SUM: 140000
THREADS: 15
COUNT PER THREAD: 10000
SLOOPY VALUE: 1
TIME: 0.007435
SUM: 150000
THREADS: 15
COUNT PER THREAD: 10000
SLOOPY VALUE: 1
TIME: 0.007611
SUM: 150000
THREADS: 15
COUNT PER THREAD: 10000
SLOOPY VALUE: 1
TIME: 0.007421
SUM: 150000
THREADS: 15
COUNT PER THREAD: 10000
SLOOPY VALUE: 1
TIME: 0.007882
SUM: 150000
THREADS: 15
COUNT PER THREAD: 10000
SLOOPY VALUE: 1
TIME: 0.007368
SUM: 150000
THREADS: 15
COUNT PER THREAD: 10000
SLOOPY VALUE: 1
TIME: 0.009213
SUM: 150000
THREADS: 15
COUNT PER THREAD: 10000
SLOOPY VALUE: 1
TIME: 0.009418
SUM: 150000
THREADS: 15
COUNT PER THREAD: 10000
SLOOPY VALUE: 1
TIME: 0.010825
SUM: 150000
THREADS: 15
COUNT PER THREAD: 10000
SLOOPY VALUE: 1
TIME: 0.009250
SUM: 150000
THREADS: 15
COUNT PER THREAD: 10000
SLOOPY VALUE: 1
TIME: 0.007789
SUM: 150000
THREADS: 16
COUNT PER THREAD: 10000
SLOOPY VALUE: 1
TIME: 0.009778
SUM: 160000
THREADS: 16
COUNT PER THREAD: 10000
SLOOPY VALUE: 1
TIME: 0.008290
SUM: 160000
THREADS: 16
COUNT PER THREAD: 10000
SLOOPY VALUE: 1
TIME: 0.008813
SUM: 160000
THREADS: 16
COUNT PER THREAD: 10000
SLOOPY VALUE: 1
TIME: 0.009556
SUM: 160000
THREADS: 16
COUNT PER THREAD: 10000
SLOOPY VALUE: 1
TIME: 0.008793
SUM: 160000
THREADS: 16
COUNT PER THREAD: 10000
SLOOPY VALUE: 1
TIME: 0.009167
SUM: 160000
THREADS: 16
COUNT PER THREAD: 10000
SLOOPY VALUE: 1
TIME: 0.008396
SUM: 160000
THREADS: 16
COUNT PER THREAD: 10000
SLOOPY VALUE: 1
TIME: 0.009095
SUM: 160000
THREADS: 16
COUNT PER THREAD: 10000
SLOOPY VALUE: 1
TIME: 0.008575
SUM: 160000
THREADS: 16
COUNT PER THREAD: 10000
SLOOPY VALUE: 1
TIME: 0.024247
SUM: 160000
THREADS: 17
COUNT PER THREAD: 10000
SLOOPY VALUE: 1
TIME: 0.009188
SUM: 170000
THREADS: 17
COUNT PER THREAD: 10000
SLOOPY VALUE: 1
TIME: 0.008632
SUM: 170000
THREADS: 17
COUNT PER THREAD: 10000
SLOOPY VALUE: 1
TIME: 0.009283
SUM: 170000
THREADS: 17
COUNT PER THREAD: 10000
SLOOPY VALUE: 1
TIME: 0.009033
SUM: 170000
THREADS: 17
COUNT PER THREAD: 10000
SLOOPY VALUE: 1
TIME: 0.008792
SUM: 170000
THREADS: 17
COUNT PER THREAD: 10000
SLOOPY VALUE: 1
TIME: 0.008954
SUM: 170000
THREADS: 17
COUNT PER THREAD: 10000
SLOOPY VALUE: 1
TIME: 0.008596
SUM: 170000
THREADS: 17
COUNT PER THREAD: 10000
SLOOPY VALUE: 1
TIME: 0.008563
SUM: 170000
THREADS: 17
COUNT PER THREAD: 10000
SLOOPY VALUE: 1
TIME: 0.008786
SUM: 170000
THREADS: 17
COUNT PER THREAD: 10000
SLOOPY VALUE: 1
TIME: 0.016362
SUM: 170000
THREADS: 18
COUNT PER THREAD: 10000
SLOOPY VALUE: 1
TIME: 0.009528
SUM: 180000
THREADS: 18
COUNT PER THREAD: 10000
SLOOPY VALUE: 1
TIME: 0.013247
SUM: 180000
THREADS: 18
COUNT PER THREAD: 10000
SLOOPY VALUE: 1
TIME: 0.009026
SUM: 180000
THREADS: 18
COUNT PER THREAD: 10000
SLOOPY VALUE: 1
TIME: 0.009144
SUM: 180000
THREADS: 18
COUNT PER THREAD: 10000
SLOOPY VALUE: 1
TIME: 0.008982
SUM: 180000
THREADS: 18
COUNT PER THREAD: 10000
SLOOPY VALUE: 1
TIME: 0.008903
SUM: 180000
THREADS: 18
COUNT PER THREAD: 10000
SLOOPY VALUE: 1
TIME: 0.008988
SUM: 180000
THREADS: 18
COUNT PER THREAD: 10000
SLOOPY VALUE: 1
TIME: 0.008774
SUM: 180000
THREADS: 18
COUNT PER THREAD: 10000
SLOOPY VALUE: 1
TIME: 0.009624
SUM: 180000
THREADS: 18
COUNT PER THREAD: 10000
SLOOPY VALUE: 1
TIME: 0.026291
SUM: 180000
THREADS: 19
COUNT PER THREAD: 10000
SLOOPY VALUE: 1
TIME: 0.012946
SUM: 190000
THREADS: 19
COUNT PER THREAD: 10000
SLOOPY VALUE: 1
TIME: 0.012374
SUM: 190000
THREADS: 19
COUNT PER THREAD: 10000
SLOOPY VALUE: 1
TIME: 0.011556
SUM: 190000
THREADS: 19
COUNT PER THREAD: 10000
SLOOPY VALUE: 1
TIME: 0.010437
SUM: 190000
THREADS: 19
COUNT PER THREAD: 10000
SLOOPY VALUE: 1
TIME: 0.011546
SUM: 190000
THREADS: 19
COUNT PER THREAD: 10000
SLOOPY VALUE: 1
TIME: 0.012379
SUM: 190000
THREADS: 19
COUNT PER THREAD: 10000
SLOOPY VALUE: 1
TIME: 0.012329
SUM: 190000
THREADS: 19
COUNT PER THREAD: 10000
SLOOPY VALUE: 1
TIME: 0.028375
SUM: 190000
THREADS: 19
COUNT PER THREAD: 10000
SLOOPY VALUE: 1
TIME: 0.027956
SUM: 190000
THREADS: 19
COUNT PER THREAD: 10000
SLOOPY VALUE: 1
TIME: 0.011050
SUM: 190000
THREADS: 20
COUNT PER THREAD: 10000
SLOOPY VALUE: 1
TIME: 0.010743
SUM: 200000
THREADS: 20
COUNT PER THREAD: 10000
SLOOPY VALUE: 1
TIME: 0.010205
SUM: 200000
THREADS: 20
COUNT PER THREAD: 10000
SLOOPY VALUE: 1
TIME: 0.013946
SUM: 200000
THREADS: 20
COUNT PER THREAD: 10000
SLOOPY VALUE: 1
TIME: 0.010495
SUM: 200000
THREADS: 20
COUNT PER THREAD: 10000
SLOOPY VALUE: 1
TIME: 0.011398
SUM: 200000
THREADS: 20
COUNT PER THREAD: 10000
SLOOPY VALUE: 1
TIME: 0.013808
SUM: 200000
THREADS: 20
COUNT PER THREAD: 10000
SLOOPY VALUE: 1
TIME: 0.010210
SUM: 200000
THREADS: 20
COUNT PER THREAD: 10000
SLOOPY VALUE: 1
TIME: 0.019562
SUM: 200000
THREADS: 20
COUNT PER THREAD: 10000
SLOOPY VALUE: 1
TIME: 0.026367
SUM: 200000
THREADS: 20
COUNT PER THREAD: 10000
SLOOPY VALUE: 1
TIME: 0.024136
SUM: 200000
THREADS: 21
COUNT PER THREAD: 10000
SLOOPY VALUE: 1
TIME: 0.013518
SUM: 210000
THREADS: 21
COUNT PER THREAD: 10000
SLOOPY VALUE: 1
TIME: 0.011355
SUM: 210000
THREADS: 21
COUNT PER THREAD: 10000
SLOOPY VALUE: 1
TIME: 0.011133
SUM: 210000
THREADS: 21
COUNT PER THREAD: 10000
SLOOPY VALUE: 1
TIME: 0.010783
SUM: 210000
THREADS: 21
COUNT PER THREAD: 10000
SLOOPY VALUE: 1
TIME: 0.010355
SUM: 210000
THREADS: 21
COUNT PER THREAD: 10000
SLOOPY VALUE: 1
TIME: 0.014260
SUM: 210000
THREADS: 21
COUNT PER THREAD: 10000
SLOOPY VALUE: 1
TIME: 0.011461
SUM: 210000
THREADS: 21
COUNT PER THREAD: 10000
SLOOPY VALUE: 1
TIME: 0.026745
SUM: 210000
THREADS: 21
COUNT PER THREAD: 10000
SLOOPY VALUE: 1
TIME: 0.022604
SUM: 210000
THREADS: 21
COUNT PER THREAD: 10000
SLOOPY VALUE: 1
TIME: 0.013651
SUM: 210000
THREADS: 22
COUNT PER THREAD: 10000
SLOOPY VALUE: 1
TIME: 0.014067
SUM: 220000
THREADS: 22
COUNT PER THREAD: 10000
SLOOPY VALUE: 1
TIME: 0.010876
SUM: 220000
THREADS: 22
COUNT PER THREAD: 10000
SLOOPY VALUE: 1
TIME: 0.011314
SUM: 220000
THREADS: 22
COUNT PER THREAD: 10000
SLOOPY VALUE: 1
TIME: 0.010816
SUM: 220000
THREADS: 22
COUNT PER THREAD: 10000
SLOOPY VALUE: 1
TIME: 0.010868
SUM: 220000
THREADS: 22
COUNT PER THREAD: 10000
SLOOPY VALUE: 1
TIME: 0.011276
SUM: 220000
THREADS: 22
COUNT PER THREAD: 10000
SLOOPY VALUE: 1
TIME: 0.010894
SUM: 220000
THREADS: 22
COUNT PER THREAD: 10000
SLOOPY VALUE: 1
TIME: 0.017967
SUM: 220000
THREADS: 22
COUNT PER THREAD: 10000
SLOOPY VALUE: 1
TIME: 0.027759
SUM: 220000
THREADS: 22
COUNT PER THREAD: 10000
SLOOPY VALUE: 1
TIME: 0.018094
SUM: 220000
THREADS: 23
COUNT PER THREAD: 10000
SLOOPY VALUE: 1
TIME: 0.011166
SUM: 230000
THREADS: 23
COUNT PER THREAD: 10000
SLOOPY VALUE: 1
TIME: 0.011559
SUM: 230000
THREADS: 23
COUNT PER THREAD: 10000
SLOOPY VALUE: 1
TIME: 0.011181
SUM: 230000
THREADS: 23
COUNT PER THREAD: 10000
SLOOPY VALUE: 1
TIME: 0.010995
SUM: 230000
THREADS: 23
COUNT PER THREAD: 10000
SLOOPY VALUE: 1
TIME: 0.012073
SUM: 230000
THREADS: 23
COUNT PER THREAD: 10000
SLOOPY VALUE: 1
TIME: 0.012986
SUM: 230000
THREADS: 23
COUNT PER THREAD: 10000
SLOOPY VALUE: 1
TIME: 0.011615
SUM: 230000
THREADS: 23
COUNT PER THREAD: 10000
SLOOPY VALUE: 1
TIME: 0.024405
SUM: 230000
THREADS: 23
COUNT PER THREAD: 10000
SLOOPY VALUE: 1
TIME: 0.027722
SUM: 230000
THREADS: 23
COUNT PER THREAD: 10000
SLOOPY VALUE: 1
TIME: 0.011816
SUM: 230000
THREADS: 24
COUNT PER THREAD: 10000
SLOOPY VALUE: 1
TIME: 0.013660
SUM: 240000
THREADS: 24
COUNT PER THREAD: 10000
SLOOPY VALUE: 1
TIME: 0.011611
SUM: 240000
THREADS: 24
COUNT PER THREAD: 10000
SLOOPY VALUE: 1
TIME: 0.011970
SUM: 240000
THREADS: 24
COUNT PER THREAD: 10000
SLOOPY VALUE: 1
TIME: 0.013436
SUM: 240000
THREADS: 24
COUNT PER THREAD: 10000
SLOOPY VALUE: 1
TIME: 0.013813
SUM: 240000
THREADS: 24
COUNT PER THREAD: 10000
SLOOPY VALUE: 1
TIME: 0.013729
SUM: 240000
THREADS: 24
COUNT PER THREAD: 10000
SLOOPY VALUE: 1
TIME: 0.029613
SUM: 240000
THREADS: 24
COUNT PER THREAD: 10000
SLOOPY VALUE: 1
TIME: 0.024698
SUM: 240000
THREADS: 24
COUNT PER THREAD: 10000
SLOOPY VALUE: 1
TIME: 0.013541
SUM: 240000
THREADS: 24
COUNT PER THREAD: 10000
SLOOPY VALUE: 1
TIME: 0.011568
SUM: 240000
THREADS: 25
COUNT PER THREAD: 10000
SLOOPY VALUE: 1
TIME: 0.013310
SUM: 250000
THREADS: 25
COUNT PER THREAD: 10000
SLOOPY VALUE: 1
TIME: 0.014858
SUM: 250000
THREADS: 25
COUNT PER THREAD: 10000
SLOOPY VALUE: 1
TIME: 0.012127
SUM: 250000
THREADS: 25
COUNT PER THREAD: 10000
SLOOPY VALUE: 1
TIME: 0.012842
SUM: 250000
THREADS: 25
COUNT PER THREAD: 10000
SLOOPY VALUE: 1
TIME: 0.015174
SUM: 250000
THREADS: 25
COUNT PER THREAD: 10000
SLOOPY VALUE: 1
TIME: 0.012634
SUM: 250000
THREADS: 25
COUNT PER THREAD: 10000
SLOOPY VALUE: 1
TIME: 0.020027
SUM: 250000
THREADS: 25
COUNT PER THREAD: 10000
SLOOPY VALUE: 1
TIME: 0.025690
SUM: 250000
THREADS: 25
COUNT PER THREAD: 10000
SLOOPY VALUE: 1
TIME: 0.014475
SUM: 250000
THREADS: 25
COUNT PER THREAD: 10000
SLOOPY VALUE: 1
TIME: 0.017315
SUM: 250000
THREADS: 26
COUNT PER THREAD: 10000
SLOOPY VALUE: 1
TIME: 0.015437
SUM: 260000
THREADS: 26
COUNT PER THREAD: 10000
SLOOPY VALUE: 1
TIME: 0.012781
SUM: 260000
THREADS: 26
COUNT PER THREAD: 10000
SLOOPY VALUE: 1
TIME: 0.015156
SUM: 260000
THREADS: 26
COUNT PER THREAD: 10000
SLOOPY VALUE: 1
TIME: 0.015081
SUM: 260000
THREADS: 26
COUNT PER THREAD: 10000
SLOOPY VALUE: 1
TIME: 0.014151
SUM: 260000
THREADS: 26
COUNT PER THREAD: 10000
SLOOPY VALUE: 1
TIME: 0.013294
SUM: 260000
THREADS: 26
COUNT PER THREAD: 10000
SLOOPY VALUE: 1
TIME: 0.032991
SUM: 260000
THREADS: 26
COUNT PER THREAD: 10000
SLOOPY VALUE: 1
TIME: 0.026754
SUM: 260000
THREADS: 26
COUNT PER THREAD: 10000
SLOOPY VALUE: 1
TIME: 0.015312
SUM: 260000
THREADS: 26
COUNT PER THREAD: 10000
SLOOPY VALUE: 1
TIME: 0.013473
SUM: 260000
THREADS: 27
COUNT PER THREAD: 10000
SLOOPY VALUE: 1
TIME: 0.017247
SUM: 270000
THREADS: 27
COUNT PER THREAD: 10000
SLOOPY VALUE: 1
TIME: 0.016185
SUM: 270000
THREADS: 27
COUNT PER THREAD: 10000
SLOOPY VALUE: 1
TIME: 0.014498
SUM: 270000
THREADS: 27
COUNT PER THREAD: 10000
SLOOPY VALUE: 1
TIME: 0.015838
SUM: 270000
THREADS: 27
COUNT PER THREAD: 10000
SLOOPY VALUE: 1
TIME: 0.014772
SUM: 270000
THREADS: 27
COUNT PER THREAD: 10000
SLOOPY VALUE: 1
TIME: 0.027414
SUM: 270000
THREADS: 27
COUNT PER THREAD: 10000
SLOOPY VALUE: 1
TIME: 0.036835
SUM: 270000
THREADS: 27
COUNT PER THREAD: 10000
SLOOPY VALUE: 1
TIME: 0.025564
SUM: 270000
THREADS: 27
COUNT PER THREAD: 10000
SLOOPY VALUE: 1
TIME: 0.015061
SUM: 270000
THREADS: 27
COUNT PER THREAD: 10000
SLOOPY VALUE: 1
TIME: 0.016748
SUM: 270000
THREADS: 28
COUNT PER THREAD: 10000
SLOOPY VALUE: 1
TIME: 0.014086
SUM: 280000
THREADS: 28
COUNT PER THREAD: 10000
SLOOPY VALUE: 1
TIME: 0.013840
SUM: 280000
THREADS: 28
COUNT PER THREAD: 10000
SLOOPY VALUE: 1
TIME: 0.014066
SUM: 280000
THREADS: 28
COUNT PER THREAD: 10000
SLOOPY VALUE: 1
TIME: 0.014074
SUM: 280000
THREADS: 28
COUNT PER THREAD: 10000
SLOOPY VALUE: 1
TIME: 0.013964
SUM: 280000
THREADS: 28
COUNT PER THREAD: 10000
SLOOPY VALUE: 1
TIME: 0.014059
SUM: 280000
THREADS: 28
COUNT PER THREAD: 10000
SLOOPY VALUE: 1
TIME: 0.033964
SUM: 280000
THREADS: 28
COUNT PER THREAD: 10000
SLOOPY VALUE: 1
TIME: 0.025384
SUM: 280000
THREADS: 28
COUNT PER THREAD: 10000
SLOOPY VALUE: 1
TIME: 0.014116
SUM: 280000
THREADS: 28
COUNT PER THREAD: 10000
SLOOPY VALUE: 1
TIME: 0.013792
SUM: 280000
THREADS: 29
COUNT PER THREAD: 10000
SLOOPY VALUE: 1
TIME: 0.016946
SUM: 290000
THREADS: 29
COUNT PER THREAD: 10000
SLOOPY VALUE: 1
TIME: 0.017296
SUM: 290000
THREADS: 29
COUNT PER THREAD: 10000
SLOOPY VALUE: 1
TIME: 0.015834
SUM: 290000
THREADS: 29
COUNT PER THREAD: 10000
SLOOPY VALUE: 1
TIME: 0.018443
SUM: 290000
THREADS: 29
COUNT PER THREAD: 10000
SLOOPY VALUE: 1
TIME: 0.015135
SUM: 290000
THREADS: 29
COUNT PER THREAD: 10000
SLOOPY VALUE: 1
TIME: 0.039816
SUM: 290000
THREADS: 29
COUNT PER THREAD: 10000
SLOOPY VALUE: 1
TIME: 0.031126
SUM: 290000
THREADS: 29
COUNT PER THREAD: 10000
SLOOPY VALUE: 1
TIME: 0.015280
SUM: 290000
THREADS: 29
COUNT PER THREAD: 10000
SLOOPY VALUE: 1
TIME: 0.015070
SUM: 290000
THREADS: 29
COUNT PER THREAD: 10000
SLOOPY VALUE: 1
TIME: 0.015281
SUM: 290000
THREADS: 30
COUNT PER THREAD: 10000
SLOOPY VALUE: 1
TIME: 0.016562
SUM: 300000
THREADS: 30
COUNT PER THREAD: 10000
SLOOPY VALUE: 1
TIME: 0.016494
SUM: 300000
THREADS: 30
COUNT PER THREAD: 10000
SLOOPY VALUE: 1
TIME: 0.015805
SUM: 300000
THREADS: 30
COUNT PER THREAD: 10000
SLOOPY VALUE: 1
TIME: 0.016041
SUM: 300000
THREADS: 30
COUNT PER THREAD: 10000
SLOOPY VALUE: 1
TIME: 0.017101
SUM: 300000
THREADS: 30
COUNT PER THREAD: 10000
SLOOPY VALUE: 1
TIME: 0.041487
SUM: 300000
THREADS: 30
COUNT PER THREAD: 10000
SLOOPY VALUE: 1
TIME: 0.032637
SUM: 300000
THREADS: 30
COUNT PER THREAD: 10000
SLOOPY VALUE: 1
TIME: 0.016449
SUM: 300000
THREADS: 30
COUNT PER THREAD: 10000
SLOOPY VALUE: 1
TIME: 0.018399
SUM: 300000
THREADS: 30
COUNT PER THREAD: 10000
SLOOPY VALUE: 1
TIME: 0.017533
SUM: 300000
THREADS: 31
COUNT PER THREAD: 10000
SLOOPY VALUE: 1
TIME: 0.017438
SUM: 310000
THREADS: 31
COUNT PER THREAD: 10000
SLOOPY VALUE: 1
TIME: 0.018483
SUM: 310000
THREADS: 31
COUNT PER THREAD: 10000
SLOOPY VALUE: 1
TIME: 0.020455
SUM: 310000
THREADS: 31
COUNT PER THREAD: 10000
SLOOPY VALUE: 1
TIME: 0.019735
SUM: 310000
THREADS: 31
COUNT PER THREAD: 10000
SLOOPY VALUE: 1
TIME: 0.030309
SUM: 310000
THREADS: 31
COUNT PER THREAD: 10000
SLOOPY VALUE: 1
TIME: 0.043316
SUM: 310000
THREADS: 31
COUNT PER THREAD: 10000
SLOOPY VALUE: 1
TIME: 0.022707
SUM: 310000
THREADS: 31
COUNT PER THREAD: 10000
SLOOPY VALUE: 1
TIME: 0.016541
SUM: 310000
THREADS: 31
COUNT PER THREAD: 10000
SLOOPY VALUE: 1
TIME: 0.017827
SUM: 310000
THREADS: 31
COUNT PER THREAD: 10000
SLOOPY VALUE: 1
TIME: 0.017110
SUM: 310000
THREADS: 32
COUNT PER THREAD: 10000
SLOOPY VALUE: 1
TIME: 0.017594
SUM: 320000
THREADS: 32
COUNT PER THREAD: 10000
SLOOPY VALUE: 1
TIME: 0.019910
SUM: 320000
THREADS: 32
COUNT PER THREAD: 10000
SLOOPY VALUE: 1
TIME: 0.019617
SUM: 320000
THREADS: 32
COUNT PER THREAD: 10000
SLOOPY VALUE: 1
TIME: 0.017870
SUM: 320000
THREADS: 32
COUNT PER THREAD: 10000
SLOOPY VALUE: 1
TIME: 0.028492
SUM: 320000
THREADS: 32
COUNT PER THREAD: 10000
SLOOPY VALUE: 1
TIME: 0.049310
SUM: 320000
THREADS: 32
COUNT PER THREAD: 10000
SLOOPY VALUE: 1
TIME: 0.019196
SUM: 320000
THREADS: 32
COUNT PER THREAD: 10000
SLOOPY VALUE: 1
TIME: 0.018513
SUM: 320000
THREADS: 32
COUNT PER THREAD: 10000
SLOOPY VALUE: 1
TIME: 0.019266
SUM: 320000
THREADS: 32
COUNT PER THREAD: 10000
SLOOPY VALUE: 1
TIME: 0.022096
SUM: 320000
THREADS: 33
COUNT PER THREAD: 10000
SLOOPY VALUE: 1
TIME: 0.019980
SUM: 330000
THREADS: 33
COUNT PER THREAD: 10000
SLOOPY VALUE: 1
TIME: 0.020939
SUM: 330000
THREADS: 33
COUNT PER THREAD: 10000
SLOOPY VALUE: 1
TIME: 0.017605
SUM: 330000
THREADS: 33
COUNT PER THREAD: 10000
SLOOPY VALUE: 1
TIME: 0.017392
SUM: 330000
THREADS: 33
COUNT PER THREAD: 10000
SLOOPY VALUE: 1
TIME: 0.027142
SUM: 330000
THREADS: 33
COUNT PER THREAD: 10000
SLOOPY VALUE: 1
TIME: 0.045477
SUM: 330000
THREADS: 33
COUNT PER THREAD: 10000
SLOOPY VALUE: 1
TIME: 0.017878
SUM: 330000
THREADS: 33
COUNT PER THREAD: 10000
SLOOPY VALUE: 1
TIME: 0.018324
SUM: 330000
THREADS: 33
COUNT PER THREAD: 10000
SLOOPY VALUE: 1
TIME: 0.020098
SUM: 330000
THREADS: 33
COUNT PER THREAD: 10000
SLOOPY VALUE: 1
TIME: 0.019149
SUM: 330000
THREADS: 34
COUNT PER THREAD: 10000
SLOOPY VALUE: 1
TIME: 0.018755
SUM: 340000
THREADS: 34
COUNT PER THREAD: 10000
SLOOPY VALUE: 1
TIME: 0.018920
SUM: 340000
THREADS: 34
COUNT PER THREAD: 10000
SLOOPY VALUE: 1
TIME: 0.018366
SUM: 340000
THREADS: 34
COUNT PER THREAD: 10000
SLOOPY VALUE: 1
TIME: 0.017994
SUM: 340000
THREADS: 34
COUNT PER THREAD: 10000
SLOOPY VALUE: 1
TIME: 0.018861
SUM: 340000
THREADS: 34
COUNT PER THREAD: 10000
SLOOPY VALUE: 1
TIME: 0.043969
SUM: 340000
THREADS: 34
COUNT PER THREAD: 10000
SLOOPY VALUE: 1
TIME: 0.018121
SUM: 340000
THREADS: 34
COUNT PER THREAD: 10000
SLOOPY VALUE: 1
TIME: 0.022580
SUM: 340000
THREADS: 34
COUNT PER THREAD: 10000
SLOOPY VALUE: 1
TIME: 0.018790
SUM: 340000
THREADS: 34
COUNT PER THREAD: 10000
SLOOPY VALUE: 1
TIME: 0.018218
SUM: 340000
THREADS: 35
COUNT PER THREAD: 10000
SLOOPY VALUE: 1
TIME: 0.018517
SUM: 350000
THREADS: 35
COUNT PER THREAD: 10000
SLOOPY VALUE: 1
TIME: 0.021836
SUM: 350000
THREADS: 35
COUNT PER THREAD: 10000
SLOOPY VALUE: 1
TIME: 0.020011
SUM: 350000
THREADS: 35
COUNT PER THREAD: 10000
SLOOPY VALUE: 1
TIME: 0.022173
SUM: 350000
THREADS: 35
COUNT PER THREAD: 10000
SLOOPY VALUE: 1
TIME: 0.036970
SUM: 350000
THREADS: 35
COUNT PER THREAD: 10000
SLOOPY VALUE: 1
TIME: 0.038438
SUM: 350000
THREADS: 35
COUNT PER THREAD: 10000
SLOOPY VALUE: 1
TIME: 0.018642
SUM: 350000
THREADS: 35
COUNT PER THREAD: 10000
SLOOPY VALUE: 1
TIME: 0.018296
SUM: 350000
THREADS: 35
COUNT PER THREAD: 10000
SLOOPY VALUE: 1
TIME: 0.017995
SUM: 350000
THREADS: 35
COUNT PER THREAD: 10000
SLOOPY VALUE: 1
TIME: 0.020673
SUM: 350000
THREADS: 36
COUNT PER THREAD: 10000
SLOOPY VALUE: 1
TIME: 0.019060
SUM: 360000
THREADS: 36
COUNT PER THREAD: 10000
SLOOPY VALUE: 1
TIME: 0.018970
SUM: 360000
THREADS: 36
COUNT PER THREAD: 10000
SLOOPY VALUE: 1
TIME: 0.018659
SUM: 360000
THREADS: 36
COUNT PER THREAD: 10000
SLOOPY VALUE: 1
TIME: 0.018182
SUM: 360000
THREADS: 36
COUNT PER THREAD: 10000
SLOOPY VALUE: 1
TIME: 0.027690
SUM: 360000
THREADS: 36
COUNT PER THREAD: 10000
SLOOPY VALUE: 1
TIME: 0.046656
SUM: 360000
THREADS: 36
COUNT PER THREAD: 10000
SLOOPY VALUE: 1
TIME: 0.020262
SUM: 360000
THREADS: 36
COUNT PER THREAD: 10000
SLOOPY VALUE: 1
TIME: 0.018718
SUM: 360000
THREADS: 36
COUNT PER THREAD: 10000
SLOOPY VALUE: 1
TIME: 0.019138
SUM: 360000
THREADS: 36
COUNT PER THREAD: 10000
SLOOPY VALUE: 1
TIME: 0.018847
SUM: 360000
THREADS: 37
COUNT PER THREAD: 10000
SLOOPY VALUE: 1
TIME: 0.021811
SUM: 370000
THREADS: 37
COUNT PER THREAD: 10000
SLOOPY VALUE: 1
TIME: 0.020310
SUM: 370000
THREADS: 37
COUNT PER THREAD: 10000
SLOOPY VALUE: 1
TIME: 0.020314
SUM: 370000
THREADS: 37
COUNT PER THREAD: 10000
SLOOPY VALUE: 1
TIME: 0.024459
SUM: 370000
THREADS: 37
COUNT PER THREAD: 10000
SLOOPY VALUE: 1
TIME: 0.046319
SUM: 370000
THREADS: 37
COUNT PER THREAD: 10000
SLOOPY VALUE: 1
TIME: 0.033686
SUM: 370000
THREADS: 37
COUNT PER THREAD: 10000
SLOOPY VALUE: 1
TIME: 0.022948
SUM: 370000
THREADS: 37
COUNT PER THREAD: 10000
SLOOPY VALUE: 1
TIME: 0.019847
SUM: 370000
THREADS: 37
COUNT PER THREAD: 10000
SLOOPY VALUE: 1
TIME: 0.019760
SUM: 370000
THREADS: 37
COUNT PER THREAD: 10000
SLOOPY VALUE: 1
TIME: 0.039511
SUM: 370000
THREADS: 38
COUNT PER THREAD: 10000
SLOOPY VALUE: 1
TIME: 0.023398
SUM: 380000
THREADS: 38
COUNT PER THREAD: 10000
SLOOPY VALUE: 1
TIME: 0.019999
SUM: 380000
THREADS: 38
COUNT PER THREAD: 10000
SLOOPY VALUE: 1
TIME: 0.019797
SUM: 380000
THREADS: 38
COUNT PER THREAD: 10000
SLOOPY VALUE: 1
TIME: 0.019459
SUM: 380000
THREADS: 38
COUNT PER THREAD: 10000
SLOOPY VALUE: 1
TIME: 0.040737
SUM: 380000
THREADS: 38
COUNT PER THREAD: 10000
SLOOPY VALUE: 1
TIME: 0.030038
SUM: 380000
THREADS: 38
COUNT PER THREAD: 10000
SLOOPY VALUE: 1
TIME: 0.019513
SUM: 380000
THREADS: 38
COUNT PER THREAD: 10000
SLOOPY VALUE: 1
TIME: 0.020029
SUM: 380000
THREADS: 38
COUNT PER THREAD: 10000
SLOOPY VALUE: 1
TIME: 0.019407
SUM: 380000
THREADS: 38
COUNT PER THREAD: 10000
SLOOPY VALUE: 1
TIME: 0.020284
SUM: 380000
THREADS: 39
COUNT PER THREAD: 10000
SLOOPY VALUE: 1
TIME: 0.020329
SUM: 390000
THREADS: 39
COUNT PER THREAD: 10000
SLOOPY VALUE: 1
TIME: 0.020932
SUM: 390000
THREADS: 39
COUNT PER THREAD: 10000
SLOOPY VALUE: 1
TIME: 0.022865
SUM: 390000
THREADS: 39
COUNT PER THREAD: 10000
SLOOPY VALUE: 1
TIME: 0.020925
SUM: 390000
THREADS: 39
COUNT PER THREAD: 10000
SLOOPY VALUE: 1
TIME: 0.046805
SUM: 390000
THREADS: 39
COUNT PER THREAD: 10000
SLOOPY VALUE: 1
TIME: 0.028673
SUM: 390000
THREADS: 39
COUNT PER THREAD: 10000
SLOOPY VALUE: 1
TIME: 0.021501
SUM: 390000
THREADS: 39
COUNT PER THREAD: 10000
SLOOPY VALUE: 1
TIME: 0.020625
SUM: 390000
THREADS: 39
COUNT PER THREAD: 10000
SLOOPY VALUE: 1
TIME: 0.020927
SUM: 390000
THREADS: 39
COUNT PER THREAD: 10000
SLOOPY VALUE: 1
TIME: 0.042474
SUM: 390000
THREADS: 40
COUNT PER THREAD: 10000
SLOOPY VALUE: 1
TIME: 0.042654
SUM: 400000
THREADS: 40
COUNT PER THREAD: 10000
SLOOPY VALUE: 1
TIME: 0.021733
SUM: 400000
THREADS: 40
COUNT PER THREAD: 10000
SLOOPY VALUE: 1
TIME: 0.020756
SUM: 400000
THREADS: 40
COUNT PER THREAD: 10000
SLOOPY VALUE: 1
TIME: 0.043231
SUM: 400000
THREADS: 40
COUNT PER THREAD: 10000
SLOOPY VALUE: 1
TIME: 0.031543
SUM: 400000
THREADS: 40
COUNT PER THREAD: 10000
SLOOPY VALUE: 1
TIME: 0.022196
SUM: 400000
THREADS: 40
COUNT PER THREAD: 10000
SLOOPY VALUE: 1
TIME: 0.021342
SUM: 400000
THREADS: 40
COUNT PER THREAD: 10000
SLOOPY VALUE: 1
TIME: 0.021543
SUM: 400000
THREADS: 40
COUNT PER THREAD: 10000
SLOOPY VALUE: 1
TIME: 0.043534
SUM: 400000
THREADS: 40
COUNT PER THREAD: 10000
SLOOPY VALUE: 1
TIME: 0.020967
SUM: 400000
THREADS: 41
COUNT PER THREAD: 10000
SLOOPY VALUE: 1
TIME: 0.021690
SUM: 410000
THREADS: 41
COUNT PER THREAD: 10000
SLOOPY VALUE: 1
TIME: 0.021894
SUM: 410000
THREADS: 41
COUNT PER THREAD: 10000
SLOOPY VALUE: 1
TIME: 0.025126
SUM: 410000
THREADS: 41
COUNT PER THREAD: 10000
SLOOPY VALUE: 1
TIME: 0.023514
SUM: 410000
THREADS: 41
COUNT PER THREAD: 10000
SLOOPY VALUE: 1
TIME: 0.046374
SUM: 410000
THREADS: 41
COUNT PER THREAD: 10000
SLOOPY VALUE: 1
TIME: 0.025574
SUM: 410000
THREADS: 41
COUNT PER THREAD: 10000
SLOOPY VALUE: 1
TIME: 0.021160
SUM: 410000
THREADS: 41
COUNT PER THREAD: 10000
SLOOPY VALUE: 1
TIME: 0.025806
SUM: 410000
THREADS: 41
COUNT PER THREAD: 10000
SLOOPY VALUE: 1
TIME: 0.021977
SUM: 410000
THREADS: 41
COUNT PER THREAD: 10000
SLOOPY VALUE: 1
TIME: 0.040942
SUM: 410000
THREADS: 42
COUNT PER THREAD: 10000
SLOOPY VALUE: 1
TIME: 0.024327
SUM: 420000
THREADS: 42
COUNT PER THREAD: 10000
SLOOPY VALUE: 1
TIME: 0.023831
SUM: 420000
THREADS: 42
COUNT PER THREAD: 10000
SLOOPY VALUE: 1
TIME: 0.023254
SUM: 420000
THREADS: 42
COUNT PER THREAD: 10000
SLOOPY VALUE: 1
TIME: 0.022706
SUM: 420000
THREADS: 42
COUNT PER THREAD: 10000
SLOOPY VALUE: 1
TIME: 0.023007
SUM: 420000
THREADS: 42
COUNT PER THREAD: 10000
SLOOPY VALUE: 1
TIME: 0.026690
SUM: 420000
THREADS: 42
COUNT PER THREAD: 10000
SLOOPY VALUE: 1
TIME: 0.023890
SUM: 420000
THREADS: 42
COUNT PER THREAD: 10000
SLOOPY VALUE: 1
TIME: 0.024503
SUM: 420000
THREADS: 42
COUNT PER THREAD: 10000
SLOOPY VALUE: 1
TIME: 0.022679
SUM: 420000
THREADS: 42
COUNT PER THREAD: 10000
SLOOPY VALUE: 1
TIME: 0.025890
SUM: 420000
THREADS: 43
COUNT PER THREAD: 10000
SLOOPY VALUE: 1
TIME: 0.028349
SUM: 430000
THREADS: 43
COUNT PER THREAD: 10000
SLOOPY VALUE: 1
TIME: 0.026173
SUM: 430000
THREADS: 43
COUNT PER THREAD: 10000
SLOOPY VALUE: 1
TIME: 0.026351
SUM: 430000
THREADS: 43
COUNT PER THREAD: 10000
SLOOPY VALUE: 1
TIME: 0.024781
SUM: 430000
THREADS: 43
COUNT PER THREAD: 10000
SLOOPY VALUE: 1
TIME: 0.024752
SUM: 430000
THREADS: 43
COUNT PER THREAD: 10000
SLOOPY VALUE: 1
TIME: 0.024661
SUM: 430000
THREADS: 43
COUNT PER THREAD: 10000
SLOOPY VALUE: 1
TIME: 0.026397
SUM: 430000
THREADS: 43
COUNT PER THREAD: 10000
SLOOPY VALUE: 1
TIME: 0.024618
SUM: 430000
THREADS: 43
COUNT PER THREAD: 10000
SLOOPY VALUE: 1
TIME: 0.024137
SUM: 430000
THREADS: 43
COUNT PER THREAD: 10000
SLOOPY VALUE: 1
TIME: 0.023123
SUM: 430000
THREADS: 44
COUNT PER THREAD: 10000
SLOOPY VALUE: 1
TIME: 0.027291
SUM: 440000
THREADS: 44
COUNT PER THREAD: 10000
SLOOPY VALUE: 1
TIME: 0.025863
SUM: 440000
THREADS: 44
COUNT PER THREAD: 10000
SLOOPY VALUE: 1
TIME: 0.024955
SUM: 440000
THREADS: 44
COUNT PER THREAD: 10000
SLOOPY VALUE: 1
TIME: 0.024984
SUM: 440000
THREADS: 44
COUNT PER THREAD: 10000
SLOOPY VALUE: 1
TIME: 0.027242
SUM: 440000
THREADS: 44
COUNT PER THREAD: 10000
SLOOPY VALUE: 1
TIME: 0.028393
SUM: 440000
THREADS: 44
COUNT PER THREAD: 10000
SLOOPY VALUE: 1
TIME: 0.030430
SUM: 440000
THREADS: 44
COUNT PER THREAD: 10000
SLOOPY VALUE: 1
TIME: 0.026011
SUM: 440000
THREADS: 44
COUNT PER THREAD: 10000
SLOOPY VALUE: 1
TIME: 0.025634
SUM: 440000
THREADS: 44
COUNT PER THREAD: 10000
SLOOPY VALUE: 1
TIME: 0.028417
SUM: 440000
THREADS: 45
COUNT PER THREAD: 10000
SLOOPY VALUE: 1
TIME: 0.025893
SUM: 450000
THREADS: 45
COUNT PER THREAD: 10000
SLOOPY VALUE: 1
TIME: 0.025222
SUM: 450000
THREADS: 45
COUNT PER THREAD: 10000
SLOOPY VALUE: 1
TIME: 0.027788
SUM: 450000
THREADS: 45
COUNT PER THREAD: 10000
SLOOPY VALUE: 1
TIME: 0.024840
SUM: 450000
THREADS: 45
COUNT PER THREAD: 10000
SLOOPY VALUE: 1
TIME: 0.027524
SUM: 450000
THREADS: 45
COUNT PER THREAD: 10000
SLOOPY VALUE: 1
TIME: 0.028745
SUM: 450000
THREADS: 45
COUNT PER THREAD: 10000
SLOOPY VALUE: 1
TIME: 0.024729
SUM: 450000
THREADS: 45
COUNT PER THREAD: 10000
SLOOPY VALUE: 1
TIME: 0.027631
SUM: 450000
THREADS: 45
COUNT PER THREAD: 10000
SLOOPY VALUE: 1
TIME: 0.027889
SUM: 450000
THREADS: 45
COUNT PER THREAD: 10000
SLOOPY VALUE: 1
TIME: 0.025500
SUM: 450000
THREADS: 46
COUNT PER THREAD: 10000
SLOOPY VALUE: 1
TIME: 0.023794
SUM: 460000
THREADS: 46
COUNT PER THREAD: 10000
SLOOPY VALUE: 1
TIME: 0.023640
SUM: 460000
THREADS: 46
COUNT PER THREAD: 10000
SLOOPY VALUE: 1
TIME: 0.023757
SUM: 460000
THREADS: 46
COUNT PER THREAD: 10000
SLOOPY VALUE: 1
TIME: 0.023363
SUM: 460000
THREADS: 46
COUNT PER THREAD: 10000
SLOOPY VALUE: 1
TIME: 0.025692
SUM: 460000
THREADS: 46
COUNT PER THREAD: 10000
SLOOPY VALUE: 1
TIME: 0.024240
SUM: 460000
THREADS: 46
COUNT PER THREAD: 10000
SLOOPY VALUE: 1
TIME: 0.025265
SUM: 460000
THREADS: 46
COUNT PER THREAD: 10000
SLOOPY VALUE: 1
TIME: 0.024803
SUM: 460000
THREADS: 46
COUNT PER THREAD: 10000
SLOOPY VALUE: 1
TIME: 0.030609
SUM: 460000
THREADS: 46
COUNT PER THREAD: 10000
SLOOPY VALUE: 1
TIME: 0.027241
SUM: 460000
THREADS: 47
COUNT PER THREAD: 10000
SLOOPY VALUE: 1
TIME: 0.027704
SUM: 470000
THREADS: 47
COUNT PER THREAD: 10000
SLOOPY VALUE: 1
TIME: 0.025102
SUM: 470000
THREADS: 47
COUNT PER THREAD: 10000
SLOOPY VALUE: 1
TIME: 0.026157
SUM: 470000
THREADS: 47
COUNT PER THREAD: 10000
SLOOPY VALUE: 1
TIME: 0.054731
SUM: 470000
THREADS: 47
COUNT PER THREAD: 10000
SLOOPY VALUE: 1
TIME: 0.050092
SUM: 470000
THREADS: 47
COUNT PER THREAD: 10000
SLOOPY VALUE: 1
TIME: 0.030202
SUM: 470000
THREADS: 47
COUNT PER THREAD: 10000
SLOOPY VALUE: 1
TIME: 0.029305
SUM: 470000
THREADS: 47
COUNT PER THREAD: 10000
SLOOPY VALUE: 1
TIME: 0.056122
SUM: 470000
THREADS: 47
COUNT PER THREAD: 10000
SLOOPY VALUE: 1
TIME: 0.026193
SUM: 470000
THREADS: 47
COUNT PER THREAD: 10000
SLOOPY VALUE: 1
TIME: 0.025586
SUM: 470000
THREADS: 48
COUNT PER THREAD: 10000
SLOOPY VALUE: 1
TIME: 0.024869
SUM: 480000
THREADS: 48
COUNT PER THREAD: 10000
SLOOPY VALUE: 1
TIME: 0.028529
SUM: 480000
THREADS: 48
COUNT PER THREAD: 10000
SLOOPY VALUE: 1
TIME: 0.026993
SUM: 480000
THREADS: 48
COUNT PER THREAD: 10000
SLOOPY VALUE: 1
TIME: 0.045651
SUM: 480000
THREADS: 48
COUNT PER THREAD: 10000
SLOOPY VALUE: 1
TIME: 0.039583
SUM: 480000
THREADS: 48
COUNT PER THREAD: 10000
SLOOPY VALUE: 1
TIME: 0.024722
SUM: 480000
THREADS: 48
COUNT PER THREAD: 10000
SLOOPY VALUE: 1
TIME: 0.026650
SUM: 480000
THREADS: 48
COUNT PER THREAD: 10000
SLOOPY VALUE: 1
TIME: 0.046493
SUM: 480000
THREADS: 48
COUNT PER THREAD: 10000
SLOOPY VALUE: 1
TIME: 0.026886
SUM: 480000
THREADS: 48
COUNT PER THREAD: 10000
SLOOPY VALUE: 1
TIME: 0.025337
SUM: 480000
THREADS: 49
COUNT PER THREAD: 10000
SLOOPY VALUE: 1
TIME: 0.027300
SUM: 490000
THREADS: 49
COUNT PER THREAD: 10000
SLOOPY VALUE: 1
TIME: 0.031544
SUM: 490000
THREADS: 49
COUNT PER THREAD: 10000
SLOOPY VALUE: 1
TIME: 0.033116
SUM: 490000
THREADS: 49
COUNT PER THREAD: 10000
SLOOPY VALUE: 1
TIME: 0.061639
SUM: 490000
THREADS: 49
COUNT PER THREAD: 10000
SLOOPY VALUE: 1
TIME: 0.030010
SUM: 490000
THREADS: 49
COUNT PER THREAD: 10000
SLOOPY VALUE: 1
TIME: 0.027485
SUM: 490000
THREADS: 49
COUNT PER THREAD: 10000
SLOOPY VALUE: 1
TIME: 0.026175
SUM: 490000
THREADS: 49
COUNT PER THREAD: 10000
SLOOPY VALUE: 1
TIME: 0.046682
SUM: 490000
THREADS: 49
COUNT PER THREAD: 10000
SLOOPY VALUE: 1
TIME: 0.029031
SUM: 490000
THREADS: 49
COUNT PER THREAD: 10000
SLOOPY VALUE: 1
TIME: 0.024838
SUM: 490000
THREADS: 50
COUNT PER THREAD: 10000
SLOOPY VALUE: 1
TIME: 0.025437
SUM: 500000
THREADS: 50
COUNT PER THREAD: 10000
SLOOPY VALUE: 1
TIME: 0.026002
SUM: 500000
THREADS: 50
COUNT PER THREAD: 10000
SLOOPY VALUE: 1
TIME: 0.025723
SUM: 500000
THREADS: 50
COUNT PER THREAD: 10000
SLOOPY VALUE: 1
TIME: 0.043794
SUM: 500000
THREADS: 50
COUNT PER THREAD: 10000
SLOOPY VALUE: 1
TIME: 0.041737
SUM: 500000
THREADS: 50
COUNT PER THREAD: 10000
SLOOPY VALUE: 1
TIME: 0.026051
SUM: 500000
THREADS: 50
COUNT PER THREAD: 10000
SLOOPY VALUE: 1
TIME: 0.026165
SUM: 500000
THREADS: 50
COUNT PER THREAD: 10000
SLOOPY VALUE: 1
TIME: 0.034468
SUM: 500000
THREADS: 50
COUNT PER THREAD: 10000
SLOOPY VALUE: 1
TIME: 0.035059
SUM: 500000
THREADS: 50
COUNT PER THREAD: 10000
SLOOPY VALUE: 1
TIME: 0.025968
SUM: 500000
THREADS: 51
COUNT PER THREAD: 10000
SLOOPY VALUE: 1
TIME: 0.025398
SUM: 510000
THREADS: 51
COUNT PER THREAD: 10000
SLOOPY VALUE: 1
TIME: 0.025512
SUM: 510000
THREADS: 51
COUNT PER THREAD: 10000
SLOOPY VALUE: 1
TIME: 0.025053
SUM: 510000
THREADS: 51
COUNT PER THREAD: 10000
SLOOPY VALUE: 1
TIME: 0.040952
SUM: 510000
THREADS: 51
COUNT PER THREAD: 10000
SLOOPY VALUE: 1
TIME: 0.040027
SUM: 510000
THREADS: 51
COUNT PER THREAD: 10000
SLOOPY VALUE: 1
TIME: 0.026004
SUM: 510000
THREADS: 51
COUNT PER THREAD: 10000
SLOOPY VALUE: 1
TIME: 0.026501
SUM: 510000
THREADS: 51
COUNT PER THREAD: 10000
SLOOPY VALUE: 1
TIME: 0.025291
SUM: 510000
THREADS: 51
COUNT PER THREAD: 10000
SLOOPY VALUE: 1
TIME: 0.044679
SUM: 510000
THREADS: 51
COUNT PER THREAD: 10000
SLOOPY VALUE: 1
TIME: 0.027190
SUM: 510000
THREADS: 52
COUNT PER THREAD: 10000
SLOOPY VALUE: 1
TIME: 0.028549
SUM: 520000
THREADS: 52
COUNT PER THREAD: 10000
SLOOPY VALUE: 1
TIME: 0.027501
SUM: 520000
THREADS: 52
COUNT PER THREAD: 10000
SLOOPY VALUE: 1
TIME: 0.029700
SUM: 520000
THREADS: 52
COUNT PER THREAD: 10000
SLOOPY VALUE: 1
TIME: 0.068499
SUM: 520000
THREADS: 52
COUNT PER THREAD: 10000
SLOOPY VALUE: 1
TIME: 0.030806
SUM: 520000
THREADS: 52
COUNT PER THREAD: 10000
SLOOPY VALUE: 1
TIME: 0.027230
SUM: 520000
THREADS: 52
COUNT PER THREAD: 10000
SLOOPY VALUE: 1
TIME: 0.029403
SUM: 520000
THREADS: 52
COUNT PER THREAD: 10000
SLOOPY VALUE: 1
TIME: 0.052164
SUM: 520000
THREADS: 52
COUNT PER THREAD: 10000
SLOOPY VALUE: 1
TIME: 0.026173
SUM: 520000
THREADS: 52
COUNT PER THREAD: 10000
SLOOPY VALUE: 1
TIME: 0.027324
SUM: 520000
THREADS: 53
COUNT PER THREAD: 10000
SLOOPY VALUE: 1
TIME: 0.025622
SUM: 530000
THREADS: 53
COUNT PER THREAD: 10000
SLOOPY VALUE: 1
TIME: 0.026532
SUM: 530000
THREADS: 53
COUNT PER THREAD: 10000
SLOOPY VALUE: 1
TIME: 0.025709
SUM: 530000
THREADS: 53
COUNT PER THREAD: 10000
SLOOPY VALUE: 1
TIME: 0.046415
SUM: 530000
THREADS: 53
COUNT PER THREAD: 10000
SLOOPY VALUE: 1
TIME: 0.033048
SUM: 530000
THREADS: 53
COUNT PER THREAD: 10000
SLOOPY VALUE: 1
TIME: 0.026827
SUM: 530000
THREADS: 53
COUNT PER THREAD: 10000
SLOOPY VALUE: 1
TIME: 0.025806
SUM: 530000
THREADS: 53
COUNT PER THREAD: 10000
SLOOPY VALUE: 1
TIME: 0.040479
SUM: 530000
THREADS: 53
COUNT PER THREAD: 10000
SLOOPY VALUE: 1
TIME: 0.026828
SUM: 530000
THREADS: 53
COUNT PER THREAD: 10000
SLOOPY VALUE: 1
TIME: 0.026012
SUM: 530000
THREADS: 54
COUNT PER THREAD: 10000
SLOOPY VALUE: 1
TIME: 0.033106
SUM: 540000
THREADS: 54
COUNT PER THREAD: 10000
SLOOPY VALUE: 1
TIME: 0.031857
SUM: 540000
THREADS: 54
COUNT PER THREAD: 10000
SLOOPY VALUE: 1
TIME: 0.028818
SUM: 540000
THREADS: 54
COUNT PER THREAD: 10000
SLOOPY VALUE: 1
TIME: 0.067917
SUM: 540000
THREADS: 54
COUNT PER THREAD: 10000
SLOOPY VALUE: 1
TIME: 0.032418
SUM: 540000
THREADS: 54
COUNT PER THREAD: 10000
SLOOPY VALUE: 1
TIME: 0.032442
SUM: 540000
THREADS: 54
COUNT PER THREAD: 10000
SLOOPY VALUE: 1
TIME: 0.030635
SUM: 540000
THREADS: 54
COUNT PER THREAD: 10000
SLOOPY VALUE: 1
TIME: 0.050081
SUM: 540000
THREADS: 54
COUNT PER THREAD: 10000
SLOOPY VALUE: 1
TIME: 0.034491
SUM: 540000
THREADS: 54
COUNT PER THREAD: 10000
SLOOPY VALUE: 1
TIME: 0.045840
SUM: 540000
THREADS: 55
COUNT PER THREAD: 10000
SLOOPY VALUE: 1
TIME: 0.028569
SUM: 550000
THREADS: 55
COUNT PER THREAD: 10000
SLOOPY VALUE: 1
TIME: 0.031205
SUM: 550000
THREADS: 55
COUNT PER THREAD: 10000
SLOOPY VALUE: 1
TIME: 0.030560
SUM: 550000
THREADS: 55
COUNT PER THREAD: 10000
SLOOPY VALUE: 1
TIME: 0.063899
SUM: 550000
THREADS: 55
COUNT PER THREAD: 10000
SLOOPY VALUE: 1
TIME: 0.028318
SUM: 550000
THREADS: 55
COUNT PER THREAD: 10000
SLOOPY VALUE: 1
TIME: 0.028766
SUM: 550000
THREADS: 55
COUNT PER THREAD: 10000
SLOOPY VALUE: 1
TIME: 0.028615
SUM: 550000
THREADS: 55
COUNT PER THREAD: 10000
SLOOPY VALUE: 1
TIME: 0.047766
SUM: 550000
THREADS: 55
COUNT PER THREAD: 10000
SLOOPY VALUE: 1
TIME: 0.029751
SUM: 550000
THREADS: 55
COUNT PER THREAD: 10000
SLOOPY VALUE: 1
TIME: 0.028301
SUM: 550000
THREADS: 56
COUNT PER THREAD: 10000
SLOOPY VALUE: 1
TIME: 0.036370
SUM: 560000
THREADS: 56
COUNT PER THREAD: 10000
SLOOPY VALUE: 1
TIME: 0.034629
SUM: 560000
THREADS: 56
COUNT PER THREAD: 10000
SLOOPY VALUE: 1
TIME: 0.062653
SUM: 560000
THREADS: 56
COUNT PER THREAD: 10000
SLOOPY VALUE: 1
TIME: 0.062287
SUM: 560000
THREADS: 56
COUNT PER THREAD: 10000
SLOOPY VALUE: 1
TIME: 0.034146
SUM: 560000
THREADS: 56
COUNT PER THREAD: 10000
SLOOPY VALUE: 1
TIME: 0.031692
SUM: 560000
THREADS: 56
COUNT PER THREAD: 10000
SLOOPY VALUE: 1
TIME: 0.060586
SUM: 560000
THREADS: 56
COUNT PER THREAD: 10000
SLOOPY VALUE: 1
TIME: 0.033900
SUM: 560000
THREADS: 56
COUNT PER THREAD: 10000
SLOOPY VALUE: 1
TIME: 0.035396
SUM: 560000
THREADS: 56
COUNT PER THREAD: 10000
SLOOPY VALUE: 1
TIME: 0.056332
SUM: 560000
THREADS: 57
COUNT PER THREAD: 10000
SLOOPY VALUE: 1
TIME: 0.029553
SUM: 570000
THREADS: 57
COUNT PER THREAD: 10000
SLOOPY VALUE: 1
TIME: 0.029499
SUM: 570000
THREADS: 57
COUNT PER THREAD: 10000
SLOOPY VALUE: 1
TIME: 0.029237
SUM: 570000
THREADS: 57
COUNT PER THREAD: 10000
SLOOPY VALUE: 1
TIME: 0.061073
SUM: 570000
THREADS: 57
COUNT PER THREAD: 10000
SLOOPY VALUE: 1
TIME: 0.030249
SUM: 570000
THREADS: 57
COUNT PER THREAD: 10000
SLOOPY VALUE: 1
TIME: 0.029396
SUM: 570000
THREADS: 57
COUNT PER THREAD: 10000
SLOOPY VALUE: 1
TIME: 0.030739
SUM: 570000
THREADS: 57
COUNT PER THREAD: 10000
SLOOPY VALUE: 1
TIME: 0.052155
SUM: 570000
THREADS: 57
COUNT PER THREAD: 10000
SLOOPY VALUE: 1
TIME: 0.029257
SUM: 570000
THREADS: 57
COUNT PER THREAD: 10000
SLOOPY VALUE: 1
TIME: 0.029587
SUM: 570000
THREADS: 58
COUNT PER THREAD: 10000
SLOOPY VALUE: 1
TIME: 0.034938
SUM: 580000
THREADS: 58
COUNT PER THREAD: 10000
SLOOPY VALUE: 1
TIME: 0.030705
SUM: 580000
THREADS: 58
COUNT PER THREAD: 10000
SLOOPY VALUE: 1
TIME: 0.040980
SUM: 580000
THREADS: 58
COUNT PER THREAD: 10000
SLOOPY VALUE: 1
TIME: 0.052783
SUM: 580000
THREADS: 58
COUNT PER THREAD: 10000
SLOOPY VALUE: 1
TIME: 0.034436
SUM: 580000
THREADS: 58
COUNT PER THREAD: 10000
SLOOPY VALUE: 1
TIME: 0.034662
SUM: 580000
THREADS: 58
COUNT PER THREAD: 10000
SLOOPY VALUE: 1
TIME: 0.052114
SUM: 580000
THREADS: 58
COUNT PER THREAD: 10000
SLOOPY VALUE: 1
TIME: 0.034440
SUM: 580000
THREADS: 58
COUNT PER THREAD: 10000
SLOOPY VALUE: 1
TIME: 0.030432
SUM: 580000
THREADS: 58
COUNT PER THREAD: 10000
SLOOPY VALUE: 1
TIME: 0.044261
SUM: 580000
THREADS: 59
COUNT PER THREAD: 10000
SLOOPY VALUE: 1
TIME: 0.032562
SUM: 590000
THREADS: 59
COUNT PER THREAD: 10000
SLOOPY VALUE: 1
TIME: 0.032818
SUM: 590000
THREADS: 59
COUNT PER THREAD: 10000
SLOOPY VALUE: 1
TIME: 0.043106
SUM: 590000
THREADS: 59
COUNT PER THREAD: 10000
SLOOPY VALUE: 1
TIME: 0.055044
SUM: 590000
THREADS: 59
COUNT PER THREAD: 10000
SLOOPY VALUE: 1
TIME: 0.033430
SUM: 590000
THREADS: 59
COUNT PER THREAD: 10000
SLOOPY VALUE: 1
TIME: 0.033799
SUM: 590000
THREADS: 59
COUNT PER THREAD: 10000
SLOOPY VALUE: 1
TIME: 0.053122
SUM: 590000
THREADS: 59
COUNT PER THREAD: 10000
SLOOPY VALUE: 1
TIME: 0.032863
SUM: 590000
THREADS: 59
COUNT PER THREAD: 10000
SLOOPY VALUE: 1
TIME: 0.031764
SUM: 590000
THREADS: 59
COUNT PER THREAD: 10000
SLOOPY VALUE: 1
TIME: 0.032029
SUM: 590000
THREADS: 60
COUNT PER THREAD: 10000
SLOOPY VALUE: 1
TIME: 0.033357
SUM: 600000
THREADS: 60
COUNT PER THREAD: 10000
SLOOPY VALUE: 1
TIME: 0.038336
SUM: 600000
THREADS: 60
COUNT PER THREAD: 10000
SLOOPY VALUE: 1
TIME: 0.061754
SUM: 600000
THREADS: 60
COUNT PER THREAD: 10000
SLOOPY VALUE: 1
TIME: 0.041944
SUM: 600000
THREADS: 60
COUNT PER THREAD: 10000
SLOOPY VALUE: 1
TIME: 0.037637
SUM: 600000
THREADS: 60
COUNT PER THREAD: 10000
SLOOPY VALUE: 1
TIME: 0.051413
SUM: 600000
THREADS: 60
COUNT PER THREAD: 10000
SLOOPY VALUE: 1
TIME: 0.041367
SUM: 600000
THREADS: 60
COUNT PER THREAD: 10000
SLOOPY VALUE: 1
TIME: 0.035046
SUM: 600000
THREADS: 60
COUNT PER THREAD: 10000
SLOOPY VALUE: 1
TIME: 0.056737
SUM: 600000
THREADS: 60
COUNT PER THREAD: 10000
SLOOPY VALUE: 1
TIME: 0.032602
SUM: 600000
THREADS: 61
COUNT PER THREAD: 10000
SLOOPY VALUE: 1
TIME: 0.046316
SUM: 610000
THREADS: 61
COUNT PER THREAD: 10000
SLOOPY VALUE: 1
TIME: 0.038720
SUM: 610000
THREADS: 61
COUNT PER THREAD: 10000
SLOOPY VALUE: 1
TIME: 0.083236
SUM: 610000
THREADS: 61
COUNT PER THREAD: 10000
SLOOPY VALUE: 1
TIME: 0.039659
SUM: 610000
THREADS: 61
COUNT PER THREAD: 10000
SLOOPY VALUE: 1
TIME: 0.038279
SUM: 610000
THREADS: 61
COUNT PER THREAD: 10000
SLOOPY VALUE: 1
TIME: 0.065852
SUM: 610000
THREADS: 61
COUNT PER THREAD: 10000
SLOOPY VALUE: 1
TIME: 0.041545
SUM: 610000
THREADS: 61
COUNT PER THREAD: 10000
SLOOPY VALUE: 1
TIME: 0.040336
SUM: 610000
THREADS: 61
COUNT PER THREAD: 10000
SLOOPY VALUE: 1
TIME: 0.062321
SUM: 610000
THREADS: 61
COUNT PER THREAD: 10000
SLOOPY VALUE: 1
TIME: 0.040184
SUM: 610000
THREADS: 62
COUNT PER THREAD: 10000
SLOOPY VALUE: 1
TIME: 0.039069
SUM: 620000
THREADS: 62
COUNT PER THREAD: 10000
SLOOPY VALUE: 1
TIME: 0.034653
SUM: 620000
THREADS: 62
COUNT PER THREAD: 10000
SLOOPY VALUE: 1
TIME: 0.070920
SUM: 620000
THREADS: 62
COUNT PER THREAD: 10000
SLOOPY VALUE: 1
TIME: 0.048442
SUM: 620000
THREADS: 62
COUNT PER THREAD: 10000
SLOOPY VALUE: 1
TIME: 0.037090
SUM: 620000
THREADS: 62
COUNT PER THREAD: 10000
SLOOPY VALUE: 1
TIME: 0.066185
SUM: 620000
THREADS: 62
COUNT PER THREAD: 10000
SLOOPY VALUE: 1
TIME: 0.036300
SUM: 620000
THREADS: 62
COUNT PER THREAD: 10000
SLOOPY VALUE: 1
TIME: 0.040533
SUM: 620000
THREADS: 62
COUNT PER THREAD: 10000
SLOOPY VALUE: 1
TIME: 0.065215
SUM: 620000
THREADS: 62
COUNT PER THREAD: 10000
SLOOPY VALUE: 1
TIME: 0.038913
SUM: 620000
THREADS: 63
COUNT PER THREAD: 10000
SLOOPY VALUE: 1
TIME: 0.033836
SUM: 630000
THREADS: 63
COUNT PER THREAD: 10000
SLOOPY VALUE: 1
TIME: 0.033374
SUM: 630000
THREADS: 63
COUNT PER THREAD: 10000
SLOOPY VALUE: 1
TIME: 0.051291
SUM: 630000
THREADS: 63
COUNT PER THREAD: 10000
SLOOPY VALUE: 1
TIME: 0.046856
SUM: 630000
THREADS: 63
COUNT PER THREAD: 10000
SLOOPY VALUE: 1
TIME: 0.036114
SUM: 630000
THREADS: 63
COUNT PER THREAD: 10000
SLOOPY VALUE: 1
TIME: 0.033146
SUM: 630000
THREADS: 63
COUNT PER THREAD: 10000
SLOOPY VALUE: 1
TIME: 0.052881
SUM: 630000
THREADS: 63
COUNT PER THREAD: 10000
SLOOPY VALUE: 1
TIME: 0.032667
SUM: 630000
THREADS: 63
COUNT PER THREAD: 10000
SLOOPY VALUE: 1
TIME: 0.045968
SUM: 630000
THREADS: 63
COUNT PER THREAD: 10000
SLOOPY VALUE: 1
TIME: 0.062868
SUM: 630000
THREADS: 64
COUNT PER THREAD: 10000
SLOOPY VALUE: 1
TIME: 0.040434
SUM: 640000
THREADS: 64
COUNT PER THREAD: 10000
SLOOPY VALUE: 1
TIME: 0.038047
SUM: 640000
THREADS: 64
COUNT PER THREAD: 10000
SLOOPY VALUE: 1
TIME: 0.072323
SUM: 640000
THREADS: 64
COUNT PER THREAD: 10000
SLOOPY VALUE: 1
TIME: 0.040154
SUM: 640000
THREADS: 64
COUNT PER THREAD: 10000
SLOOPY VALUE: 1
TIME: 0.036605
SUM: 640000
THREADS: 64
COUNT PER THREAD: 10000
SLOOPY VALUE: 1
TIME: 0.057855
SUM: 640000
THREADS: 64
COUNT PER THREAD: 10000
SLOOPY VALUE: 1
TIME: 0.040602
SUM: 640000
THREADS: 64
COUNT PER THREAD: 10000
SLOOPY VALUE: 1
TIME: 0.035043
SUM: 640000
THREADS: 64
COUNT PER THREAD: 10000
SLOOPY VALUE: 1
TIME: 0.055463
SUM: 640000
THREADS: 64
COUNT PER THREAD: 10000
SLOOPY VALUE: 1
TIME: 0.033651
SUM: 640000
THREADS: 65
COUNT PER THREAD: 10000
SLOOPY VALUE: 1
TIME: 0.034624
SUM: 650000
THREADS: 65
COUNT PER THREAD: 10000
SLOOPY VALUE: 1
TIME: 0.036060
SUM: 650000
THREADS: 65
COUNT PER THREAD: 10000
SLOOPY VALUE: 1
TIME: 0.066379
SUM: 650000
THREADS: 65
COUNT PER THREAD: 10000
SLOOPY VALUE: 1
TIME: 0.053096
SUM: 650000
THREADS: 65
COUNT PER THREAD: 10000
SLOOPY VALUE: 1
TIME: 0.035349
SUM: 650000
THREADS: 65
COUNT PER THREAD: 10000
SLOOPY VALUE: 1
TIME: 0.059167
SUM: 650000
THREADS: 65
COUNT PER THREAD: 10000
SLOOPY VALUE: 1
TIME: 0.036191
SUM: 650000
THREADS: 65
COUNT PER THREAD: 10000
SLOOPY VALUE: 1
TIME: 0.040906
SUM: 650000
THREADS: 65
COUNT PER THREAD: 10000
SLOOPY VALUE: 1
TIME: 0.074663
SUM: 650000
THREADS: 65
COUNT PER THREAD: 10000
SLOOPY VALUE: 1
TIME: 0.039278
SUM: 650000
THREADS: 66
COUNT PER THREAD: 10000
SLOOPY VALUE: 1
TIME: 0.034939
SUM: 660000
THREADS: 66
COUNT PER THREAD: 10000
SLOOPY VALUE: 1
TIME: 0.038277
SUM: 660000
THREADS: 66
COUNT PER THREAD: 10000
SLOOPY VALUE: 1
TIME: 0.058313
SUM: 660000
THREADS: 66
COUNT PER THREAD: 10000
SLOOPY VALUE: 1
TIME: 0.043979
SUM: 660000
THREADS: 66
COUNT PER THREAD: 10000
SLOOPY VALUE: 1
TIME: 0.036826
SUM: 660000
THREADS: 66
COUNT PER THREAD: 10000
SLOOPY VALUE: 1
TIME: 0.059065
SUM: 660000
THREADS: 66
COUNT PER THREAD: 10000
SLOOPY VALUE: 1
TIME: 0.034744
SUM: 660000
THREADS: 66
COUNT PER THREAD: 10000
SLOOPY VALUE: 1
TIME: 0.037621
SUM: 660000
THREADS: 66
COUNT PER THREAD: 10000
SLOOPY VALUE: 1
TIME: 0.054739
SUM: 660000
THREADS: 66
COUNT PER THREAD: 10000
SLOOPY VALUE: 1
TIME: 0.034906
SUM: 660000
THREADS: 67
COUNT PER THREAD: 10000
SLOOPY VALUE: 1
TIME: 0.038881
SUM: 670000
THREADS: 67
COUNT PER THREAD: 10000
SLOOPY VALUE: 1
TIME: 0.039960
SUM: 670000
THREADS: 67
COUNT PER THREAD: 10000
SLOOPY VALUE: 1
TIME: 0.087234
SUM: 670000
THREADS: 67
COUNT PER THREAD: 10000
SLOOPY VALUE: 1
TIME: 0.041261
SUM: 670000
THREADS: 67
COUNT PER THREAD: 10000
SLOOPY VALUE: 1
TIME: 0.042137
SUM: 670000
THREADS: 67
COUNT PER THREAD: 10000
SLOOPY VALUE: 1
TIME: 0.070154
SUM: 670000
THREADS: 67
COUNT PER THREAD: 10000
SLOOPY VALUE: 1
TIME: 0.038084
SUM: 670000
THREADS: 67
COUNT PER THREAD: 10000
SLOOPY VALUE: 1
TIME: 0.043803
SUM: 670000
THREADS: 67
COUNT PER THREAD: 10000
SLOOPY VALUE: 1
TIME: 0.070256
SUM: 670000
THREADS: 67
COUNT PER THREAD: 10000
SLOOPY VALUE: 1
TIME: 0.039408
SUM: 670000
THREADS: 68
COUNT PER THREAD: 10000
SLOOPY VALUE: 1
TIME: 0.033394
SUM: 680000
THREADS: 68
COUNT PER THREAD: 10000
SLOOPY VALUE: 1
TIME: 0.033234
SUM: 680000
THREADS: 68
COUNT PER THREAD: 10000
SLOOPY VALUE: 1
TIME: 0.049349
SUM: 680000
THREADS: 68
COUNT PER THREAD: 10000
SLOOPY VALUE: 1
TIME: 0.052538
SUM: 680000
THREADS: 68
COUNT PER THREAD: 10000
SLOOPY VALUE: 1
TIME: 0.032807
SUM: 680000
THREADS: 68
COUNT PER THREAD: 10000
SLOOPY VALUE: 1
TIME: 0.036755
SUM: 680000
THREADS: 68
COUNT PER THREAD: 10000
SLOOPY VALUE: 1
TIME: 0.054135
SUM: 680000
THREADS: 68
COUNT PER THREAD: 10000
SLOOPY VALUE: 1
TIME: 0.033423
SUM: 680000
THREADS: 68
COUNT PER THREAD: 10000
SLOOPY VALUE: 1
TIME: 0.033558
SUM: 680000
THREADS: 68
COUNT PER THREAD: 10000
SLOOPY VALUE: 1
TIME: 0.051031
SUM: 680000
THREADS: 69
COUNT PER THREAD: 10000
SLOOPY VALUE: 1
TIME: 0.038120
SUM: 690000
THREADS: 69
COUNT PER THREAD: 10000
SLOOPY VALUE: 1
TIME: 0.033906
SUM: 690000
THREADS: 69
COUNT PER THREAD: 10000
SLOOPY VALUE: 1
TIME: 0.053966
SUM: 690000
THREADS: 69
COUNT PER THREAD: 10000
SLOOPY VALUE: 1
TIME: 0.045387
SUM: 690000
THREADS: 69
COUNT PER THREAD: 10000
SLOOPY VALUE: 1
TIME: 0.033889
SUM: 690000
THREADS: 69
COUNT PER THREAD: 10000
SLOOPY VALUE: 1
TIME: 0.054085
SUM: 690000
THREADS: 69
COUNT PER THREAD: 10000
SLOOPY VALUE: 1
TIME: 0.039707
SUM: 690000
THREADS: 69
COUNT PER THREAD: 10000
SLOOPY VALUE: 1
TIME: 0.038275
SUM: 690000
THREADS: 69
COUNT PER THREAD: 10000
SLOOPY VALUE: 1
TIME: 0.059593
SUM: 690000
THREADS: 69
COUNT PER THREAD: 10000
SLOOPY VALUE: 1
TIME: 0.035363
SUM: 690000
THREADS: 70
COUNT PER THREAD: 10000
SLOOPY VALUE: 1
TIME: 0.041967
SUM: 700000
THREADS: 70
COUNT PER THREAD: 10000
SLOOPY VALUE: 1
TIME: 0.052339
SUM: 700000
THREADS: 70
COUNT PER THREAD: 10000
SLOOPY VALUE: 1
TIME: 0.079810
SUM: 700000
THREADS: 70
COUNT PER THREAD: 10000
SLOOPY VALUE: 1
TIME: 0.052609
SUM: 700000
THREADS: 70
COUNT PER THREAD: 10000
SLOOPY VALUE: 1
TIME: 0.084055
SUM: 700000
THREADS: 70
COUNT PER THREAD: 10000
SLOOPY VALUE: 1
TIME: 0.048812
SUM: 700000
THREADS: 70
COUNT PER THREAD: 10000
SLOOPY VALUE: 1
TIME: 0.041019
SUM: 700000
THREADS: 70
COUNT PER THREAD: 10000
SLOOPY VALUE: 1
TIME: 0.060136
SUM: 700000
THREADS: 70
COUNT PER THREAD: 10000
SLOOPY VALUE: 1
TIME: 0.043083
SUM: 700000
THREADS: 70
COUNT PER THREAD: 10000
SLOOPY VALUE: 1
TIME: 0.039040
SUM: 700000
THREADS: 71
COUNT PER THREAD: 10000
SLOOPY VALUE: 1
TIME: 0.035149
SUM: 710000
THREADS: 71
COUNT PER THREAD: 10000
SLOOPY VALUE: 1
TIME: 0.035968
SUM: 710000
THREADS: 71
COUNT PER THREAD: 10000
SLOOPY VALUE: 1
TIME: 0.053885
SUM: 710000
THREADS: 71
COUNT PER THREAD: 10000
SLOOPY VALUE: 1
TIME: 0.043459
SUM: 710000
THREADS: 71
COUNT PER THREAD: 10000
SLOOPY VALUE: 1
TIME: 0.035338
SUM: 710000
THREADS: 71
COUNT PER THREAD: 10000
SLOOPY VALUE: 1
TIME: 0.047334
SUM: 710000
THREADS: 71
COUNT PER THREAD: 10000
SLOOPY VALUE: 1
TIME: 0.037364
SUM: 710000
THREADS: 71
COUNT PER THREAD: 10000
SLOOPY VALUE: 1
TIME: 0.034728
SUM: 710000
THREADS: 71
COUNT PER THREAD: 10000
SLOOPY VALUE: 1
TIME: 0.054649
SUM: 710000
THREADS: 71
COUNT PER THREAD: 10000
SLOOPY VALUE: 1
TIME: 0.035566
SUM: 710000
THREADS: 72
COUNT PER THREAD: 10000
SLOOPY VALUE: 1
TIME: 0.035353
SUM: 720000
THREADS: 72
COUNT PER THREAD: 10000
SLOOPY VALUE: 1
TIME: 0.035736
SUM: 720000
THREADS: 72
COUNT PER THREAD: 10000
SLOOPY VALUE: 1
TIME: 0.058310
SUM: 720000
THREADS: 72
COUNT PER THREAD: 10000
SLOOPY VALUE: 1
TIME: 0.044376
SUM: 720000
THREADS: 72
COUNT PER THREAD: 10000
SLOOPY VALUE: 1
TIME: 0.035957
SUM: 720000
THREADS: 72
COUNT PER THREAD: 10000
SLOOPY VALUE: 1
TIME: 0.055232
SUM: 720000
THREADS: 72
COUNT PER THREAD: 10000
SLOOPY VALUE: 1
TIME: 0.036615
SUM: 720000
THREADS: 72
COUNT PER THREAD: 10000
SLOOPY VALUE: 1
TIME: 0.036682
SUM: 720000
THREADS: 72
COUNT PER THREAD: 10000
SLOOPY VALUE: 1
TIME: 0.058727
SUM: 720000
THREADS: 72
COUNT PER THREAD: 10000
SLOOPY VALUE: 1
TIME: 0.037424
SUM: 720000
THREADS: 73
COUNT PER THREAD: 10000
SLOOPY VALUE: 1
TIME: 0.043248
SUM: 730000
THREADS: 73
COUNT PER THREAD: 10000
SLOOPY VALUE: 1
TIME: 0.039230
SUM: 730000
THREADS: 73
COUNT PER THREAD: 10000
SLOOPY VALUE: 1
TIME: 0.087073
SUM: 730000
THREADS: 73
COUNT PER THREAD: 10000
SLOOPY VALUE: 1
TIME: 0.046551
SUM: 730000
THREADS: 73
COUNT PER THREAD: 10000
SLOOPY VALUE: 1
TIME: 0.040597
SUM: 730000
THREADS: 73
COUNT PER THREAD: 10000
SLOOPY VALUE: 1
TIME: 0.064330
SUM: 730000
THREADS: 73
COUNT PER THREAD: 10000
SLOOPY VALUE: 1
TIME: 0.040761
SUM: 730000
THREADS: 73
COUNT PER THREAD: 10000
SLOOPY VALUE: 1
TIME: 0.042695
SUM: 730000
THREADS: 73
COUNT PER THREAD: 10000
SLOOPY VALUE: 1
TIME: 0.072359
SUM: 730000
THREADS: 73
COUNT PER THREAD: 10000
SLOOPY VALUE: 1
TIME: 0.047823
SUM: 730000
THREADS: 74
COUNT PER THREAD: 10000
SLOOPY VALUE: 1
TIME: 0.043794
SUM: 740000
THREADS: 74
COUNT PER THREAD: 10000
SLOOPY VALUE: 1
TIME: 0.045118
SUM: 740000
THREADS: 74
COUNT PER THREAD: 10000
SLOOPY VALUE: 1
TIME: 0.084471
SUM: 740000
THREADS: 74
COUNT PER THREAD: 10000
SLOOPY VALUE: 1
TIME: 0.040615
SUM: 740000
THREADS: 74
COUNT PER THREAD: 10000
SLOOPY VALUE: 1
TIME: 0.044021
SUM: 740000
THREADS: 74
COUNT PER THREAD: 10000
SLOOPY VALUE: 1
TIME: 0.059264
SUM: 740000
THREADS: 74
COUNT PER THREAD: 10000
SLOOPY VALUE: 1
TIME: 0.042617
SUM: 740000
THREADS: 74
COUNT PER THREAD: 10000
SLOOPY VALUE: 1
TIME: 0.042108
SUM: 740000
THREADS: 74
COUNT PER THREAD: 10000
SLOOPY VALUE: 1
TIME: 0.066214
SUM: 740000
THREADS: 74
COUNT PER THREAD: 10000
SLOOPY VALUE: 1
TIME: 0.046680
SUM: 740000
THREADS: 75
COUNT PER THREAD: 10000
SLOOPY VALUE: 1
TIME: 0.038235
SUM: 750000
THREADS: 75
COUNT PER THREAD: 10000
SLOOPY VALUE: 1
TIME: 0.039130
SUM: 750000
THREADS: 75
COUNT PER THREAD: 10000
SLOOPY VALUE: 1
TIME: 0.070314
SUM: 750000
THREADS: 75
COUNT PER THREAD: 10000
SLOOPY VALUE: 1
TIME: 0.041226
SUM: 750000
THREADS: 75
COUNT PER THREAD: 10000
SLOOPY VALUE: 1
TIME: 0.039208
SUM: 750000
THREADS: 75
COUNT PER THREAD: 10000
SLOOPY VALUE: 1
TIME: 0.061214
SUM: 750000
THREADS: 75
COUNT PER THREAD: 10000
SLOOPY VALUE: 1
TIME: 0.043099
SUM: 750000
THREADS: 75
COUNT PER THREAD: 10000
SLOOPY VALUE: 1
TIME: 0.044423
SUM: 750000
THREADS: 75
COUNT PER THREAD: 10000
SLOOPY VALUE: 1
TIME: 0.064323
SUM: 750000
THREADS: 75
COUNT PER THREAD: 10000
SLOOPY VALUE: 1
TIME: 0.041611
SUM: 750000
THREADS: 76
COUNT PER THREAD: 10000
SLOOPY VALUE: 1
TIME: 0.037304
SUM: 760000
THREADS: 76
COUNT PER THREAD: 10000
SLOOPY VALUE: 1
TIME: 0.037640
SUM: 760000
THREADS: 76
COUNT PER THREAD: 10000
SLOOPY VALUE: 1
TIME: 0.068675
SUM: 760000
THREADS: 76
COUNT PER THREAD: 10000
SLOOPY VALUE: 1
TIME: 0.043371
SUM: 760000
THREADS: 76
COUNT PER THREAD: 10000
SLOOPY VALUE: 1
TIME: 0.037600
SUM: 760000
THREADS: 76
COUNT PER THREAD: 10000
SLOOPY VALUE: 1
TIME: 0.056711
SUM: 760000
THREADS: 76
COUNT PER THREAD: 10000
SLOOPY VALUE: 1
TIME: 0.037221
SUM: 760000
THREADS: 76
COUNT PER THREAD: 10000
SLOOPY VALUE: 1
TIME: 0.036617
SUM: 760000
THREADS: 76
COUNT PER THREAD: 10000
SLOOPY VALUE: 1
TIME: 0.056815
SUM: 760000
THREADS: 76
COUNT PER THREAD: 10000
SLOOPY VALUE: 1
TIME: 0.043240
SUM: 760000
THREADS: 77
COUNT PER THREAD: 10000
SLOOPY VALUE: 1
TIME: 0.038292
SUM: 770000
THREADS: 77
COUNT PER THREAD: 10000
SLOOPY VALUE: 1
TIME: 0.038258
SUM: 770000
THREADS: 77
COUNT PER THREAD: 10000
SLOOPY VALUE: 1
TIME: 0.068915
SUM: 770000
THREADS: 77
COUNT PER THREAD: 10000
SLOOPY VALUE: 1
TIME: 0.039046
SUM: 770000
THREADS: 77
COUNT PER THREAD: 10000
SLOOPY VALUE: 1
TIME: 0.037268
SUM: 770000
THREADS: 77
COUNT PER THREAD: 10000
SLOOPY VALUE: 1
TIME: 0.058097
SUM: 770000
THREADS: 77
COUNT PER THREAD: 10000
SLOOPY VALUE: 1
TIME: 0.039193
SUM: 770000
THREADS: 77
COUNT PER THREAD: 10000
SLOOPY VALUE: 1
TIME: 0.037175
SUM: 770000
THREADS: 77
COUNT PER THREAD: 10000
SLOOPY VALUE: 1
TIME: 0.058830
SUM: 770000
THREADS: 77
COUNT PER THREAD: 10000
SLOOPY VALUE: 1
TIME: 0.038365
SUM: 770000
THREADS: 78
COUNT PER THREAD: 10000
SLOOPY VALUE: 1
TIME: 0.050031
SUM: 780000
THREADS: 78
COUNT PER THREAD: 10000
SLOOPY VALUE: 1
TIME: 0.044261
SUM: 780000
THREADS: 78
COUNT PER THREAD: 10000
SLOOPY VALUE: 1
TIME: 0.078849
SUM: 780000
THREADS: 78
COUNT PER THREAD: 10000
SLOOPY VALUE: 1
TIME: 0.048055
SUM: 780000
THREADS: 78
COUNT PER THREAD: 10000
SLOOPY VALUE: 1
TIME: 0.040316
SUM: 780000
THREADS: 78
COUNT PER THREAD: 10000
SLOOPY VALUE: 1
TIME: 0.062542
SUM: 780000
THREADS: 78
COUNT PER THREAD: 10000
SLOOPY VALUE: 1
TIME: 0.037951
SUM: 780000
THREADS: 78
COUNT PER THREAD: 10000
SLOOPY VALUE: 1
TIME: 0.038330
SUM: 780000
THREADS: 78
COUNT PER THREAD: 10000
SLOOPY VALUE: 1
TIME: 0.059354
SUM: 780000
THREADS: 78
COUNT PER THREAD: 10000
SLOOPY VALUE: 1
TIME: 0.038714
SUM: 780000
THREADS: 79
COUNT PER THREAD: 10000
SLOOPY VALUE: 1
TIME: 0.048049
SUM: 790000
THREADS: 79
COUNT PER THREAD: 10000
SLOOPY VALUE: 1
TIME: 0.042938
SUM: 790000
THREADS: 79
COUNT PER THREAD: 10000
SLOOPY VALUE: 1
TIME: 0.082543
SUM: 790000
THREADS: 79
COUNT PER THREAD: 10000
SLOOPY VALUE: 1
TIME: 0.043791
SUM: 790000
THREADS: 79
COUNT PER THREAD: 10000
SLOOPY VALUE: 1
TIME: 0.041840
SUM: 790000
THREADS: 79
COUNT PER THREAD: 10000
SLOOPY VALUE: 1
TIME: 0.075379
SUM: 790000
THREADS: 79
COUNT PER THREAD: 10000
SLOOPY VALUE: 1
TIME: 0.042333
SUM: 790000
THREADS: 79
COUNT PER THREAD: 10000
SLOOPY VALUE: 1
TIME: 0.040423
SUM: 790000
THREADS: 79
COUNT PER THREAD: 10000
SLOOPY VALUE: 1
TIME: 0.065123
SUM: 790000
THREADS: 79
COUNT PER THREAD: 10000
SLOOPY VALUE: 1
TIME: 0.040196
SUM: 790000
THREADS: 80
COUNT PER THREAD: 10000
SLOOPY VALUE: 1
TIME: 0.039820
SUM: 800000
THREADS: 80
COUNT PER THREAD: 10000
SLOOPY VALUE: 1
TIME: 0.039793
SUM: 800000
THREADS: 80
COUNT PER THREAD: 10000
SLOOPY VALUE: 1
TIME: 0.071733
SUM: 800000
THREADS: 80
COUNT PER THREAD: 10000
SLOOPY VALUE: 1
TIME: 0.039921
SUM: 800000
THREADS: 80
COUNT PER THREAD: 10000
SLOOPY VALUE: 1
TIME: 0.038780
SUM: 800000
THREADS: 80
COUNT PER THREAD: 10000
SLOOPY VALUE: 1
TIME: 0.060022
SUM: 800000
THREADS: 80
COUNT PER THREAD: 10000
SLOOPY VALUE: 1
TIME: 0.038854
SUM: 800000
THREADS: 80
COUNT PER THREAD: 10000
SLOOPY VALUE: 1
TIME: 0.038531
SUM: 800000
THREADS: 80
COUNT PER THREAD: 10000
SLOOPY VALUE: 1
TIME: 0.058448
SUM: 800000
THREADS: 80
COUNT PER THREAD: 10000
SLOOPY VALUE: 1
TIME: 0.038914
SUM: 800000
THREADS: 81
COUNT PER THREAD: 10000
SLOOPY VALUE: 1
TIME: 0.040334
SUM: 810000
THREADS: 81
COUNT PER THREAD: 10000
SLOOPY VALUE: 1
TIME: 0.048676
SUM: 810000
THREADS: 81
COUNT PER THREAD: 10000
SLOOPY VALUE: 1
TIME: 0.076232
SUM: 810000
THREADS: 81
COUNT PER THREAD: 10000
SLOOPY VALUE: 1
TIME: 0.040042
SUM: 810000
THREADS: 81
COUNT PER THREAD: 10000
SLOOPY VALUE: 1
TIME: 0.040396
SUM: 810000
THREADS: 81
COUNT PER THREAD: 10000
SLOOPY VALUE: 1
TIME: 0.059988
SUM: 810000
THREADS: 81
COUNT PER THREAD: 10000
SLOOPY VALUE: 1
TIME: 0.042196
SUM: 810000
THREADS: 81
COUNT PER THREAD: 10000
SLOOPY VALUE: 1
TIME: 0.043858
SUM: 810000
THREADS: 81
COUNT PER THREAD: 10000
SLOOPY VALUE: 1
TIME: 0.062692
SUM: 810000
THREADS: 81
COUNT PER THREAD: 10000
SLOOPY VALUE: 1
TIME: 0.041620
SUM: 810000
THREADS: 82
COUNT PER THREAD: 10000
SLOOPY VALUE: 1
TIME: 0.055472
SUM: 820000
THREADS: 82
COUNT PER THREAD: 10000
SLOOPY VALUE: 1
TIME: 0.069737
SUM: 820000
THREADS: 82
COUNT PER THREAD: 10000
SLOOPY VALUE: 1
TIME: 0.053898
SUM: 820000
THREADS: 82
COUNT PER THREAD: 10000
SLOOPY VALUE: 1
TIME: 0.042810
SUM: 820000
THREADS: 82
COUNT PER THREAD: 10000
SLOOPY VALUE: 1
TIME: 0.070522
SUM: 820000
THREADS: 82
COUNT PER THREAD: 10000
SLOOPY VALUE: 1
TIME: 0.041889
SUM: 820000
THREADS: 82
COUNT PER THREAD: 10000
SLOOPY VALUE: 1
TIME: 0.045456
SUM: 820000
THREADS: 82
COUNT PER THREAD: 10000
SLOOPY VALUE: 1
TIME: 0.069763
SUM: 820000
THREADS: 82
COUNT PER THREAD: 10000
SLOOPY VALUE: 1
TIME: 0.042443
SUM: 820000
THREADS: 82
COUNT PER THREAD: 10000
SLOOPY VALUE: 1
TIME: 0.041156
SUM: 820000
THREADS: 83
COUNT PER THREAD: 10000
SLOOPY VALUE: 1
TIME: 0.045574
SUM: 830000
THREADS: 83
COUNT PER THREAD: 10000
SLOOPY VALUE: 1
TIME: 0.042153
SUM: 830000
THREADS: 83
COUNT PER THREAD: 10000
SLOOPY VALUE: 1
TIME: 0.079514
SUM: 830000
THREADS: 83
COUNT PER THREAD: 10000
SLOOPY VALUE: 1
TIME: 0.046930
SUM: 830000
THREADS: 83
COUNT PER THREAD: 10000
SLOOPY VALUE: 1
TIME: 0.041591
SUM: 830000
THREADS: 83
COUNT PER THREAD: 10000
SLOOPY VALUE: 1
TIME: 0.072010
SUM: 830000
THREADS: 83
COUNT PER THREAD: 10000
SLOOPY VALUE: 1
TIME: 0.045259
SUM: 830000
THREADS: 83
COUNT PER THREAD: 10000
SLOOPY VALUE: 1
TIME: 0.063886
SUM: 830000
THREADS: 83
COUNT PER THREAD: 10000
SLOOPY VALUE: 1
TIME: 0.064107
SUM: 830000
THREADS: 83
COUNT PER THREAD: 10000
SLOOPY VALUE: 1
TIME: 0.061565
SUM: 830000
THREADS: 84
COUNT PER THREAD: 10000
SLOOPY VALUE: 1
TIME: 0.041478
SUM: 840000
THREADS: 84
COUNT PER THREAD: 10000
SLOOPY VALUE: 1
TIME: 0.042063
SUM: 840000
THREADS: 84
COUNT PER THREAD: 10000
SLOOPY VALUE: 1
TIME: 0.076903
SUM: 840000
THREADS: 84
COUNT PER THREAD: 10000
SLOOPY VALUE: 1
TIME: 0.043240
SUM: 840000
THREADS: 84
COUNT PER THREAD: 10000
SLOOPY VALUE: 1
TIME: 0.042372
SUM: 840000
THREADS: 84
COUNT PER THREAD: 10000
SLOOPY VALUE: 1
TIME: 0.071115
SUM: 840000
THREADS: 84
COUNT PER THREAD: 10000
SLOOPY VALUE: 1
TIME: 0.053337
SUM: 840000
THREADS: 84
COUNT PER THREAD: 10000
SLOOPY VALUE: 1
TIME: 0.064752
SUM: 840000
THREADS: 84
COUNT PER THREAD: 10000
SLOOPY VALUE: 1
TIME: 0.048263
SUM: 840000
THREADS: 84
COUNT PER THREAD: 10000
SLOOPY VALUE: 1
TIME: 0.048289
SUM: 840000
THREADS: 85
COUNT PER THREAD: 10000
SLOOPY VALUE: 1
TIME: 0.041684
SUM: 850000
THREADS: 85
COUNT PER THREAD: 10000
SLOOPY VALUE: 1
TIME: 0.043687
SUM: 850000
THREADS: 85
COUNT PER THREAD: 10000
SLOOPY VALUE: 1
TIME: 0.079732
SUM: 850000
THREADS: 85
COUNT PER THREAD: 10000
SLOOPY VALUE: 1
TIME: 0.046585
SUM: 850000
THREADS: 85
COUNT PER THREAD: 10000
SLOOPY VALUE: 1
TIME: 0.048181
SUM: 850000
THREADS: 85
COUNT PER THREAD: 10000
SLOOPY VALUE: 1
TIME: 0.063451
SUM: 850000
THREADS: 85
COUNT PER THREAD: 10000
SLOOPY VALUE: 1
TIME: 0.045894
SUM: 850000
THREADS: 85
COUNT PER THREAD: 10000
SLOOPY VALUE: 1
TIME: 0.051092
SUM: 850000
THREADS: 85
COUNT PER THREAD: 10000
SLOOPY VALUE: 1
TIME: 0.048451
SUM: 850000
THREADS: 85
COUNT PER THREAD: 10000
SLOOPY VALUE: 1
TIME: 0.068134
SUM: 850000
THREADS: 86
COUNT PER THREAD: 10000
SLOOPY VALUE: 1
TIME: 0.046446
SUM: 860000
THREADS: 86
COUNT PER THREAD: 10000
SLOOPY VALUE: 1
TIME: 0.043750
SUM: 860000
THREADS: 86
COUNT PER THREAD: 10000
SLOOPY VALUE: 1
TIME: 0.080558
SUM: 860000
THREADS: 86
COUNT PER THREAD: 10000
SLOOPY VALUE: 1
TIME: 0.046522
SUM: 860000
THREADS: 86
COUNT PER THREAD: 10000
SLOOPY VALUE: 1
TIME: 0.047770
SUM: 860000
THREADS: 86
COUNT PER THREAD: 10000
SLOOPY VALUE: 1
TIME: 0.057450
SUM: 860000
THREADS: 86
COUNT PER THREAD: 10000
SLOOPY VALUE: 1
TIME: 0.042151
SUM: 860000
THREADS: 86
COUNT PER THREAD: 10000
SLOOPY VALUE: 1
TIME: 0.046461
SUM: 860000
THREADS: 86
COUNT PER THREAD: 10000
SLOOPY VALUE: 1
TIME: 0.060289
SUM: 860000
THREADS: 86
COUNT PER THREAD: 10000
SLOOPY VALUE: 1
TIME: 0.042044
SUM: 860000
THREADS: 87
COUNT PER THREAD: 10000
SLOOPY VALUE: 1
TIME: 0.044194
SUM: 870000
THREADS: 87
COUNT PER THREAD: 10000
SLOOPY VALUE: 1
TIME: 0.043620
SUM: 870000
THREADS: 87
COUNT PER THREAD: 10000
SLOOPY VALUE: 1
TIME: 0.074341
SUM: 870000
THREADS: 87
COUNT PER THREAD: 10000
SLOOPY VALUE: 1
TIME: 0.044131
SUM: 870000
THREADS: 87
COUNT PER THREAD: 10000
SLOOPY VALUE: 1
TIME: 0.043134
SUM: 870000
THREADS: 87
COUNT PER THREAD: 10000
SLOOPY VALUE: 1
TIME: 0.068373
SUM: 870000
THREADS: 87
COUNT PER THREAD: 10000
SLOOPY VALUE: 1
TIME: 0.042662
SUM: 870000
THREADS: 87
COUNT PER THREAD: 10000
SLOOPY VALUE: 1
TIME: 0.043627
SUM: 870000
THREADS: 87
COUNT PER THREAD: 10000
SLOOPY VALUE: 1
TIME: 0.064357
SUM: 870000
THREADS: 87
COUNT PER THREAD: 10000
SLOOPY VALUE: 1
TIME: 0.043684
SUM: 870000
THREADS: 88
COUNT PER THREAD: 10000
SLOOPY VALUE: 1
TIME: 0.042857
SUM: 880000
THREADS: 88
COUNT PER THREAD: 10000
SLOOPY VALUE: 1
TIME: 0.044259
SUM: 880000
THREADS: 88
COUNT PER THREAD: 10000
SLOOPY VALUE: 1
TIME: 0.066841
SUM: 880000
THREADS: 88
COUNT PER THREAD: 10000
SLOOPY VALUE: 1
TIME: 0.043281
SUM: 880000
THREADS: 88
COUNT PER THREAD: 10000
SLOOPY VALUE: 1
TIME: 0.043650
SUM: 880000
THREADS: 88
COUNT PER THREAD: 10000
SLOOPY VALUE: 1
TIME: 0.063647
SUM: 880000
THREADS: 88
COUNT PER THREAD: 10000
SLOOPY VALUE: 1
TIME: 0.043645
SUM: 880000
THREADS: 88
COUNT PER THREAD: 10000
SLOOPY VALUE: 1
TIME: 0.047312
SUM: 880000
THREADS: 88
COUNT PER THREAD: 10000
SLOOPY VALUE: 1
TIME: 0.069914
SUM: 880000
THREADS: 88
COUNT PER THREAD: 10000
SLOOPY VALUE: 1
TIME: 0.047951
SUM: 880000
THREADS: 89
COUNT PER THREAD: 10000
SLOOPY VALUE: 1
TIME: 0.043101
SUM: 890000
THREADS: 89
COUNT PER THREAD: 10000
SLOOPY VALUE: 1
TIME: 0.044211
SUM: 890000
THREADS: 89
COUNT PER THREAD: 10000
SLOOPY VALUE: 1
TIME: 0.080480
SUM: 890000
THREADS: 89
COUNT PER THREAD: 10000
SLOOPY VALUE: 1
TIME: 0.043298
SUM: 890000
THREADS: 89
COUNT PER THREAD: 10000
SLOOPY VALUE: 1
TIME: 0.044147
SUM: 890000
THREADS: 89
COUNT PER THREAD: 10000
SLOOPY VALUE: 1
TIME: 0.067275
SUM: 890000
THREADS: 89
COUNT PER THREAD: 10000
SLOOPY VALUE: 1
TIME: 0.043229
SUM: 890000
THREADS: 89
COUNT PER THREAD: 10000
SLOOPY VALUE: 1
TIME: 0.043049
SUM: 890000
THREADS: 89
COUNT PER THREAD: 10000
SLOOPY VALUE: 1
TIME: 0.063419
SUM: 890000
THREADS: 89
COUNT PER THREAD: 10000
SLOOPY VALUE: 1
TIME: 0.043278
SUM: 890000
THREADS: 90
COUNT PER THREAD: 10000
SLOOPY VALUE: 1
TIME: 0.044204
SUM: 900000
THREADS: 90
COUNT PER THREAD: 10000
SLOOPY VALUE: 1
TIME: 0.043698
SUM: 900000
THREADS: 90
COUNT PER THREAD: 10000
SLOOPY VALUE: 1
TIME: 0.079304
SUM: 900000
THREADS: 90
COUNT PER THREAD: 10000
SLOOPY VALUE: 1
TIME: 0.044364
SUM: 900000
THREADS: 90
COUNT PER THREAD: 10000
SLOOPY VALUE: 1
TIME: 0.043902
SUM: 900000
THREADS: 90
COUNT PER THREAD: 10000
SLOOPY VALUE: 1
TIME: 0.068199
SUM: 900000
THREADS: 90
COUNT PER THREAD: 10000
SLOOPY VALUE: 1
TIME: 0.043611
SUM: 900000
THREADS: 90
COUNT PER THREAD: 10000
SLOOPY VALUE: 1
TIME: 0.046561
SUM: 900000
THREADS: 90
COUNT PER THREAD: 10000
SLOOPY VALUE: 1
TIME: 0.066641
SUM: 900000
THREADS: 90
COUNT PER THREAD: 10000
SLOOPY VALUE: 1
TIME: 0.044040
SUM: 900000
THREADS: 91
COUNT PER THREAD: 10000
SLOOPY VALUE: 1
TIME: 0.045453
SUM: 910000
THREADS: 91
COUNT PER THREAD: 10000
SLOOPY VALUE: 1
TIME: 0.044871
SUM: 910000
THREADS: 91
COUNT PER THREAD: 10000
SLOOPY VALUE: 1
TIME: 0.080064
SUM: 910000
THREADS: 91
COUNT PER THREAD: 10000
SLOOPY VALUE: 1
TIME: 0.049829
SUM: 910000
THREADS: 91
COUNT PER THREAD: 10000
SLOOPY VALUE: 1
TIME: 0.045063
SUM: 910000
THREADS: 91
COUNT PER THREAD: 10000
SLOOPY VALUE: 1
TIME: 0.063812
SUM: 910000
THREADS: 91
COUNT PER THREAD: 10000
SLOOPY VALUE: 1
TIME: 0.044379
SUM: 910000
THREADS: 91
COUNT PER THREAD: 10000
SLOOPY VALUE: 1
TIME: 0.044750
SUM: 910000
THREADS: 91
COUNT PER THREAD: 10000
SLOOPY VALUE: 1
TIME: 0.062355
SUM: 910000
THREADS: 91
COUNT PER THREAD: 10000
SLOOPY VALUE: 1
TIME: 0.044249
SUM: 910000
THREADS: 92
COUNT PER THREAD: 10000
SLOOPY VALUE: 1
TIME: 0.045989
SUM: 920000
THREADS: 92
COUNT PER THREAD: 10000
SLOOPY VALUE: 1
TIME: 0.044975
SUM: 920000
THREADS: 92
COUNT PER THREAD: 10000
SLOOPY VALUE: 1
TIME: 0.085516
SUM: 920000
THREADS: 92
COUNT PER THREAD: 10000
SLOOPY VALUE: 1
TIME: 0.045229
SUM: 920000
THREADS: 92
COUNT PER THREAD: 10000
SLOOPY VALUE: 1
TIME: 0.045155
SUM: 920000
THREADS: 92
COUNT PER THREAD: 10000
SLOOPY VALUE: 1
TIME: 0.063034
SUM: 920000
THREADS: 92
COUNT PER THREAD: 10000
SLOOPY VALUE: 1
TIME: 0.053809
SUM: 920000
THREADS: 92
COUNT PER THREAD: 10000
SLOOPY VALUE: 1
TIME: 0.074567
SUM: 920000
THREADS: 92
COUNT PER THREAD: 10000
SLOOPY VALUE: 1
TIME: 0.049079
SUM: 920000
THREADS: 92
COUNT PER THREAD: 10000
SLOOPY VALUE: 1
TIME: 0.067173
SUM: 920000
THREADS: 93
COUNT PER THREAD: 10000
SLOOPY VALUE: 1
TIME: 0.056117
SUM: 930000
THREADS: 93
COUNT PER THREAD: 10000
SLOOPY VALUE: 1
TIME: 0.077428
SUM: 930000
THREADS: 93
COUNT PER THREAD: 10000
SLOOPY VALUE: 1
TIME: 0.065414
SUM: 930000
THREADS: 93
COUNT PER THREAD: 10000
SLOOPY VALUE: 1
TIME: 0.047557
SUM: 930000
THREADS: 93
COUNT PER THREAD: 10000
SLOOPY VALUE: 1
TIME: 0.072922
SUM: 930000
THREADS: 93
COUNT PER THREAD: 10000
SLOOPY VALUE: 1
TIME: 0.047863
SUM: 930000
THREADS: 93
COUNT PER THREAD: 10000
SLOOPY VALUE: 1
TIME: 0.063966
SUM: 930000
THREADS: 93
COUNT PER THREAD: 10000
SLOOPY VALUE: 1
TIME: 0.054380
SUM: 930000
THREADS: 93
COUNT PER THREAD: 10000
SLOOPY VALUE: 1
TIME: 0.048156
SUM: 930000
THREADS: 93
COUNT PER THREAD: 10000
SLOOPY VALUE: 1
TIME: 0.074437
SUM: 930000
THREADS: 94
COUNT PER THREAD: 10000
SLOOPY VALUE: 1
TIME: 0.045510
SUM: 940000
THREADS: 94
COUNT PER THREAD: 10000
SLOOPY VALUE: 1
TIME: 0.046093
SUM: 940000
THREADS: 94
COUNT PER THREAD: 10000
SLOOPY VALUE: 1
TIME: 0.083154
SUM: 940000
THREADS: 94
COUNT PER THREAD: 10000
SLOOPY VALUE: 1
TIME: 0.046183
SUM: 940000
THREADS: 94
COUNT PER THREAD: 10000
SLOOPY VALUE: 1
TIME: 0.046119
SUM: 940000
THREADS: 94
COUNT PER THREAD: 10000
SLOOPY VALUE: 1
TIME: 0.065752
SUM: 940000
THREADS: 94
COUNT PER THREAD: 10000
SLOOPY VALUE: 1
TIME: 0.045928
SUM: 940000
THREADS: 94
COUNT PER THREAD: 10000
SLOOPY VALUE: 1
TIME: 0.045653
SUM: 940000
THREADS: 94
COUNT PER THREAD: 10000
SLOOPY VALUE: 1
TIME: 0.067648
SUM: 940000
THREADS: 94
COUNT PER THREAD: 10000
SLOOPY VALUE: 1
TIME: 0.050813
SUM: 940000
THREADS: 95
COUNT PER THREAD: 10000
SLOOPY VALUE: 1
TIME: 0.057623
SUM: 950000
THREADS: 95
COUNT PER THREAD: 10000
SLOOPY VALUE: 1
TIME: 0.081588
SUM: 950000
THREADS: 95
COUNT PER THREAD: 10000
SLOOPY VALUE: 1
TIME: 0.079491
SUM: 950000
THREADS: 95
COUNT PER THREAD: 10000
SLOOPY VALUE: 1
TIME: 0.052337
SUM: 950000
THREADS: 95
COUNT PER THREAD: 10000
SLOOPY VALUE: 1
TIME: 0.083135
SUM: 950000
THREADS: 95
COUNT PER THREAD: 10000
SLOOPY VALUE: 1
TIME: 0.054805
SUM: 950000
THREADS: 95
COUNT PER THREAD: 10000
SLOOPY VALUE: 1
TIME: 0.080287
SUM: 950000
THREADS: 95
COUNT PER THREAD: 10000
SLOOPY VALUE: 1
TIME: 0.052515
SUM: 950000
THREADS: 95
COUNT PER THREAD: 10000
SLOOPY VALUE: 1
TIME: 0.058658
SUM: 950000
THREADS: 95
COUNT PER THREAD: 10000
SLOOPY VALUE: 1
TIME: 0.056656
SUM: 950000
THREADS: 96
COUNT PER THREAD: 10000
SLOOPY VALUE: 1
TIME: 0.048877
SUM: 960000
THREADS: 96
COUNT PER THREAD: 10000
SLOOPY VALUE: 1
TIME: 0.058209
SUM: 960000
THREADS: 96
COUNT PER THREAD: 10000
SLOOPY VALUE: 1
TIME: 0.086409
SUM: 960000
THREADS: 96
COUNT PER THREAD: 10000
SLOOPY VALUE: 1
TIME: 0.052258
SUM: 960000
THREADS: 96
COUNT PER THREAD: 10000
SLOOPY VALUE: 1
TIME: 0.079532
SUM: 960000
THREADS: 96
COUNT PER THREAD: 10000
SLOOPY VALUE: 1
TIME: 0.056938
SUM: 960000
THREADS: 96
COUNT PER THREAD: 10000
SLOOPY VALUE: 1
TIME: 0.079714
SUM: 960000
THREADS: 96
COUNT PER THREAD: 10000
SLOOPY VALUE: 1
TIME: 0.051116
SUM: 960000
THREADS: 96
COUNT PER THREAD: 10000
SLOOPY VALUE: 1
TIME: 0.077944
SUM: 960000
THREADS: 96
COUNT PER THREAD: 10000
SLOOPY VALUE: 1
TIME: 0.051262
SUM: 960000
THREADS: 97
COUNT PER THREAD: 10000
SLOOPY VALUE: 1
TIME: 0.048416
SUM: 970000
THREADS: 97
COUNT PER THREAD: 10000
SLOOPY VALUE: 1
TIME: 0.048208
SUM: 970000
THREADS: 97
COUNT PER THREAD: 10000
SLOOPY VALUE: 1
TIME: 0.095907
SUM: 970000
THREADS: 97
COUNT PER THREAD: 10000
SLOOPY VALUE: 1
TIME: 0.058920
SUM: 970000
THREADS: 97
COUNT PER THREAD: 10000
SLOOPY VALUE: 1
TIME: 0.075144
SUM: 970000
THREADS: 97
COUNT PER THREAD: 10000
SLOOPY VALUE: 1
TIME: 0.053955
SUM: 970000
THREADS: 97
COUNT PER THREAD: 10000
SLOOPY VALUE: 1
TIME: 0.064433
SUM: 970000
THREADS: 97
COUNT PER THREAD: 10000
SLOOPY VALUE: 1
TIME: 0.065677
SUM: 970000
THREADS: 97
COUNT PER THREAD: 10000
SLOOPY VALUE: 1
TIME: 0.078718
SUM: 970000
THREADS: 97
COUNT PER THREAD: 10000
SLOOPY VALUE: 1
TIME: 0.056405
SUM: 970000
THREADS: 98
COUNT PER THREAD: 10000
SLOOPY VALUE: 1
TIME: 0.066127
SUM: 980000
THREADS: 98
COUNT PER THREAD: 10000
SLOOPY VALUE: 1
TIME: 0.076276
SUM: 980000
THREADS: 98
COUNT PER THREAD: 10000
SLOOPY VALUE: 1
TIME: 0.055724
SUM: 980000
THREADS: 98
COUNT PER THREAD: 10000
SLOOPY VALUE: 1
TIME: 0.077505
SUM: 980000
THREADS: 98
COUNT PER THREAD: 10000
SLOOPY VALUE: 1
TIME: 0.059843
SUM: 980000
THREADS: 98
COUNT PER THREAD: 10000
SLOOPY VALUE: 1
TIME: 0.069315
SUM: 980000
THREADS: 98
COUNT PER THREAD: 10000
SLOOPY VALUE: 1
TIME: 0.055006
SUM: 980000
THREADS: 98
COUNT PER THREAD: 10000
SLOOPY VALUE: 1
TIME: 0.073569
SUM: 980000
THREADS: 98
COUNT PER THREAD: 10000
SLOOPY VALUE: 1
TIME: 0.051554
SUM: 980000
THREADS: 98
COUNT PER THREAD: 10000
SLOOPY VALUE: 1
TIME: 0.078760
SUM: 980000
THREADS: 99
COUNT PER THREAD: 10000
SLOOPY VALUE: 1
TIME: 0.050536
SUM: 990000
THREADS: 99
COUNT PER THREAD: 10000
SLOOPY VALUE: 1
TIME: 0.063455
SUM: 990000
THREADS: 99
COUNT PER THREAD: 10000
SLOOPY VALUE: 1
TIME: 0.074218
SUM: 990000
THREADS: 99
COUNT PER THREAD: 10000
SLOOPY VALUE: 1
TIME: 0.049904
SUM: 990000
THREADS: 99
COUNT PER THREAD: 10000
SLOOPY VALUE: 1
TIME: 0.068368
SUM: 990000
THREADS: 99
COUNT PER THREAD: 10000
SLOOPY VALUE: 1
TIME: 0.052578
SUM: 990000
THREADS: 99
COUNT PER THREAD: 10000
SLOOPY VALUE: 1
TIME: 0.075238
SUM: 990000
THREADS: 99
COUNT PER THREAD: 10000
SLOOPY VALUE: 1
TIME: 0.053968
SUM: 990000
THREADS: 99
COUNT PER THREAD: 10000
SLOOPY VALUE: 1
TIME: 0.072993
SUM: 990000
THREADS: 99
COUNT PER THREAD: 10000
SLOOPY VALUE: 1
TIME: 0.055585
SUM: 990000
THREADS: 100
COUNT PER THREAD: 10000
SLOOPY VALUE: 1
TIME: 0.056572
SUM: 1000000
THREADS: 100
COUNT PER THREAD: 10000
SLOOPY VALUE: 1
TIME: 0.094685
SUM: 1000000
THREADS: 100
COUNT PER THREAD: 10000
SLOOPY VALUE: 1
TIME: 0.073087
SUM: 1000000
THREADS: 100
COUNT PER THREAD: 10000
SLOOPY VALUE: 1
TIME: 0.084593
SUM: 1000000
THREADS: 100
COUNT PER THREAD: 10000
SLOOPY VALUE: 1
TIME: 0.050751
SUM: 1000000
THREADS: 100
COUNT PER THREAD: 10000
SLOOPY VALUE: 1
TIME: 0.065404
SUM: 1000000
THREADS: 100
COUNT PER THREAD: 10000
SLOOPY VALUE: 1
TIME: 0.056961
SUM: 1000000
THREADS: 100
COUNT PER THREAD: 10000
SLOOPY VALUE: 1
TIME: 0.065652
SUM: 1000000
THREADS: 100
COUNT PER THREAD: 10000
SLOOPY VALUE: 1
TIME: 0.060043
SUM: 1000000
THREADS: 100
COUNT PER THREAD: 10000
SLOOPY VALUE: 1
TIME: 0.082507
SUM: 1000000
