THREADS: 1
COUNT PER THREAD: 100000
SLOOPY VALUE: 512
TIME: 0.003017
SUM: 100000
THREADS: 1
COUNT PER THREAD: 100000
SLOOPY VALUE: 512
TIME: 0.002424
SUM: 100000
THREADS: 1
COUNT PER THREAD: 100000
SLOOPY VALUE: 512
TIME: 0.002378
SUM: 100000
THREADS: 1
COUNT PER THREAD: 100000
SLOOPY VALUE: 512
TIME: 0.002393
SUM: 100000
THREADS: 1
COUNT PER THREAD: 100000
SLOOPY VALUE: 512
TIME: 0.002456
SUM: 100000
THREADS: 1
COUNT PER THREAD: 100000
SLOOPY VALUE: 512
TIME: 0.002332
SUM: 100000
THREADS: 1
COUNT PER THREAD: 100000
SLOOPY VALUE: 512
TIME: 0.002307
SUM: 100000
THREADS: 1
COUNT PER THREAD: 100000
SLOOPY VALUE: 512
TIME: 0.002352
SUM: 100000
THREADS: 1
COUNT PER THREAD: 100000
SLOOPY VALUE: 512
TIME: 0.002391
SUM: 100000
THREADS: 1
COUNT PER THREAD: 100000
SLOOPY VALUE: 512
TIME: 0.002328
SUM: 100000
THREADS: 2
COUNT PER THREAD: 100000
SLOOPY VALUE: 512
TIME: 0.004854
SUM: 200000
THREADS: 2
COUNT PER THREAD: 100000
SLOOPY VALUE: 512
TIME: 0.004610
SUM: 200000
THREADS: 2
COUNT PER THREAD: 100000
SLOOPY VALUE: 512
TIME: 0.004658
SUM: 200000
THREADS: 2
COUNT PER THREAD: 100000
SLOOPY VALUE: 512
TIME: 0.004783
SUM: 200000
THREADS: 2
COUNT PER THREAD: 100000
SLOOPY VALUE: 512
TIME: 0.004834
SUM: 200000
THREADS: 2
COUNT PER THREAD: 100000
SLOOPY VALUE: 512
TIME: 0.005082
SUM: 200000
THREADS: 2
COUNT PER THREAD: 100000
SLOOPY VALUE: 512
TIME: 0.006166
SUM: 200000
THREADS: 2
COUNT PER THREAD: 100000
SLOOPY VALUE: 512
TIME: 0.015339
SUM: 200000
THREADS: 2
COUNT PER THREAD: 100000
SLOOPY VALUE: 512
TIME: 0.005284
SUM: 200000
THREADS: 2
COUNT PER THREAD: 100000
SLOOPY VALUE: 512
TIME: 0.005277
SUM: 200000
THREADS: 3
COUNT PER THREAD: 100000
SLOOPY VALUE: 512
TIME: 0.018112
SUM: 300000
THREADS: 3
COUNT PER THREAD: 100000
SLOOPY VALUE: 512
TIME: 0.007938
SUM: 300000
THREADS: 3
COUNT PER THREAD: 100000
SLOOPY VALUE: 512
TIME: 0.006984
SUM: 300000
THREADS: 3
COUNT PER THREAD: 100000
SLOOPY VALUE: 512
TIME: 0.007462
SUM: 300000
THREADS: 3
COUNT PER THREAD: 100000
SLOOPY VALUE: 512
TIME: 0.006947
SUM: 300000
THREADS: 3
COUNT PER THREAD: 100000
SLOOPY VALUE: 512
TIME: 0.006923
SUM: 300000
THREADS: 3
COUNT PER THREAD: 100000
SLOOPY VALUE: 512
TIME: 0.006918
SUM: 300000
THREADS: 3
COUNT PER THREAD: 100000
SLOOPY VALUE: 512
TIME: 0.006980
SUM: 300000
THREADS: 3
COUNT PER THREAD: 100000
SLOOPY VALUE: 512
TIME: 0.007008
SUM: 300000
THREADS: 3
COUNT PER THREAD: 100000
SLOOPY VALUE: 512
TIME: 0.006979
SUM: 300000
THREADS: 4
COUNT PER THREAD: 100000
SLOOPY VALUE: 512
TIME: 0.009214
SUM: 400000
THREADS: 4
COUNT PER THREAD: 100000
SLOOPY VALUE: 512
TIME: 0.023938
SUM: 400000
THREADS: 4
COUNT PER THREAD: 100000
SLOOPY VALUE: 512
TIME: 0.009278
SUM: 400000
THREADS: 4
COUNT PER THREAD: 100000
SLOOPY VALUE: 512
TIME: 0.009228
SUM: 400000
THREADS: 4
COUNT PER THREAD: 100000
SLOOPY VALUE: 512
TIME: 0.009230
SUM: 400000
THREADS: 4
COUNT PER THREAD: 100000
SLOOPY VALUE: 512
TIME: 0.009212
SUM: 400000
THREADS: 4
COUNT PER THREAD: 100000
SLOOPY VALUE: 512
TIME: 0.009298
SUM: 400000
THREADS: 4
COUNT PER THREAD: 100000
SLOOPY VALUE: 512
TIME: 0.009203
SUM: 400000
THREADS: 4
COUNT PER THREAD: 100000
SLOOPY VALUE: 512
TIME: 0.009671
SUM: 400000
THREADS: 4
COUNT PER THREAD: 100000
SLOOPY VALUE: 512
TIME: 0.009397
SUM: 400000
THREADS: 5
COUNT PER THREAD: 100000
SLOOPY VALUE: 512
TIME: 0.012204
SUM: 500000
THREADS: 5
COUNT PER THREAD: 100000
SLOOPY VALUE: 512
TIME: 0.011793
SUM: 500000
THREADS: 5
COUNT PER THREAD: 100000
SLOOPY VALUE: 512
TIME: 0.012183
SUM: 500000
THREADS: 5
COUNT PER THREAD: 100000
SLOOPY VALUE: 512
TIME: 0.011829
SUM: 500000
THREADS: 5
COUNT PER THREAD: 100000
SLOOPY VALUE: 512
TIME: 0.011934
SUM: 500000
THREADS: 5
COUNT PER THREAD: 100000
SLOOPY VALUE: 512
TIME: 0.038284
SUM: 500000
THREADS: 5
COUNT PER THREAD: 100000
SLOOPY VALUE: 512
TIME: 0.015207
SUM: 500000
THREADS: 5
COUNT PER THREAD: 100000
SLOOPY VALUE: 512
TIME: 0.016147
SUM: 500000
THREADS: 5
COUNT PER THREAD: 100000
SLOOPY VALUE: 512
TIME: 0.013354
SUM: 500000
THREADS: 5
COUNT PER THREAD: 100000
SLOOPY VALUE: 512
TIME: 0.011976
SUM: 500000
THREADS: 6
COUNT PER THREAD: 100000
SLOOPY VALUE: 512
TIME: 0.015865
SUM: 600000
THREADS: 6
COUNT PER THREAD: 100000
SLOOPY VALUE: 512
TIME: 0.015976
SUM: 600000
THREADS: 6
COUNT PER THREAD: 100000
SLOOPY VALUE: 512
TIME: 0.015628
SUM: 600000
THREADS: 6
COUNT PER THREAD: 100000
SLOOPY VALUE: 512
TIME: 0.015447
SUM: 600000
THREADS: 6
COUNT PER THREAD: 100000
SLOOPY VALUE: 512
TIME: 0.028468
SUM: 600000
THREADS: 6
COUNT PER THREAD: 100000
SLOOPY VALUE: 512
TIME: 0.029238
SUM: 600000
THREADS: 6
COUNT PER THREAD: 100000
SLOOPY VALUE: 512
TIME: 0.016498
SUM: 600000
THREADS: 6
COUNT PER THREAD: 100000
SLOOPY VALUE: 512
TIME: 0.015957
SUM: 600000
THREADS: 6
COUNT PER THREAD: 100000
SLOOPY VALUE: 512
TIME: 0.016817
SUM: 600000
THREADS: 6
COUNT PER THREAD: 100000
SLOOPY VALUE: 512
TIME: 0.015935
SUM: 600000
THREADS: 7
COUNT PER THREAD: 100000
SLOOPY VALUE: 512
TIME: 0.016246
SUM: 700000
THREADS: 7
COUNT PER THREAD: 100000
SLOOPY VALUE: 512
TIME: 0.031586
SUM: 700000
THREADS: 7
COUNT PER THREAD: 100000
SLOOPY VALUE: 512
TIME: 0.021913
SUM: 700000
THREADS: 7
COUNT PER THREAD: 100000
SLOOPY VALUE: 512
TIME: 0.016121
SUM: 700000
THREADS: 7
COUNT PER THREAD: 100000
SLOOPY VALUE: 512
TIME: 0.016197
SUM: 700000
THREADS: 7
COUNT PER THREAD: 100000
SLOOPY VALUE: 512
TIME: 0.016211
SUM: 700000
THREADS: 7
COUNT PER THREAD: 100000
SLOOPY VALUE: 512
TIME: 0.016290
SUM: 700000
THREADS: 7
COUNT PER THREAD: 100000
SLOOPY VALUE: 512
TIME: 0.028942
SUM: 700000
THREADS: 7
COUNT PER THREAD: 100000
SLOOPY VALUE: 512
TIME: 0.018962
SUM: 700000
THREADS: 7
COUNT PER THREAD: 100000
SLOOPY VALUE: 512
TIME: 0.016205
SUM: 700000
THREADS: 8
COUNT PER THREAD: 100000
SLOOPY VALUE: 512
TIME: 0.019394
SUM: 800000
THREADS: 8
COUNT PER THREAD: 100000
SLOOPY VALUE: 512
TIME: 0.020101
SUM: 800000
THREADS: 8
COUNT PER THREAD: 100000
SLOOPY VALUE: 512
TIME: 0.027840
SUM: 800000
THREADS: 8
COUNT PER THREAD: 100000
SLOOPY VALUE: 512
TIME: 0.027365
SUM: 800000
THREADS: 8
COUNT PER THREAD: 100000
SLOOPY VALUE: 512
TIME: 0.021870
SUM: 800000
THREADS: 8
COUNT PER THREAD: 100000
SLOOPY VALUE: 512
TIME: 0.022621
SUM: 800000
THREADS: 8
COUNT PER THREAD: 100000
SLOOPY VALUE: 512
TIME: 0.018780
SUM: 800000
THREADS: 8
COUNT PER THREAD: 100000
SLOOPY VALUE: 512
TIME: 0.039810
SUM: 800000
THREADS: 8
COUNT PER THREAD: 100000
SLOOPY VALUE: 512
TIME: 0.020651
SUM: 800000
THREADS: 8
COUNT PER THREAD: 100000
SLOOPY VALUE: 512
TIME: 0.018657
SUM: 800000
THREADS: 9
COUNT PER THREAD: 100000
SLOOPY VALUE: 512
TIME: 0.025522
SUM: 900000
THREADS: 9
COUNT PER THREAD: 100000
SLOOPY VALUE: 512
TIME: 0.026825
SUM: 900000
THREADS: 9
COUNT PER THREAD: 100000
SLOOPY VALUE: 512
TIME: 0.051169
SUM: 900000
THREADS: 9
COUNT PER THREAD: 100000
SLOOPY VALUE: 512
TIME: 0.026909
SUM: 900000
THREADS: 9
COUNT PER THREAD: 100000
SLOOPY VALUE: 512
TIME: 0.024380
SUM: 900000
THREADS: 9
COUNT PER THREAD: 100000
SLOOPY VALUE: 512
TIME: 0.024068
SUM: 900000
THREADS: 9
COUNT PER THREAD: 100000
SLOOPY VALUE: 512
TIME: 0.049393
SUM: 900000
THREADS: 9
COUNT PER THREAD: 100000
SLOOPY VALUE: 512
TIME: 0.025838
SUM: 900000
THREADS: 9
COUNT PER THREAD: 100000
SLOOPY VALUE: 512
TIME: 0.027440
SUM: 900000
THREADS: 9
COUNT PER THREAD: 100000
SLOOPY VALUE: 512
TIME: 0.025024
SUM: 900000
THREADS: 10
COUNT PER THREAD: 100000
SLOOPY VALUE: 512
TIME: 0.024493
SUM: 1000000
THREADS: 10
COUNT PER THREAD: 100000
SLOOPY VALUE: 512
TIME: 0.030816
SUM: 1000000
THREADS: 10
COUNT PER THREAD: 100000
SLOOPY VALUE: 512
TIME: 0.025012
SUM: 1000000
THREADS: 10
COUNT PER THREAD: 100000
SLOOPY VALUE: 512
TIME: 0.048812
SUM: 1000000
THREADS: 10
COUNT PER THREAD: 100000
SLOOPY VALUE: 512
TIME: 0.027749
SUM: 1000000
THREADS: 10
COUNT PER THREAD: 100000
SLOOPY VALUE: 512
TIME: 0.027919
SUM: 1000000
THREADS: 10
COUNT PER THREAD: 100000
SLOOPY VALUE: 512
TIME: 0.028210
SUM: 1000000
THREADS: 10
COUNT PER THREAD: 100000
SLOOPY VALUE: 512
TIME: 0.043610
SUM: 1000000
THREADS: 10
COUNT PER THREAD: 100000
SLOOPY VALUE: 512
TIME: 0.030650
SUM: 1000000
THREADS: 10
COUNT PER THREAD: 100000
SLOOPY VALUE: 512
TIME: 0.029490
SUM: 1000000
THREADS: 11
COUNT PER THREAD: 100000
SLOOPY VALUE: 512
TIME: 0.032367
SUM: 1100000
THREADS: 11
COUNT PER THREAD: 100000
SLOOPY VALUE: 512
TIME: 0.056155
SUM: 1100000
THREADS: 11
COUNT PER THREAD: 100000
SLOOPY VALUE: 512
TIME: 0.032734
SUM: 1100000
THREADS: 11
COUNT PER THREAD: 100000
SLOOPY VALUE: 512
TIME: 0.032481
SUM: 1100000
THREADS: 11
COUNT PER THREAD: 100000
SLOOPY VALUE: 512
TIME: 0.033848
SUM: 1100000
THREADS: 11
COUNT PER THREAD: 100000
SLOOPY VALUE: 512
TIME: 0.039295
SUM: 1100000
THREADS: 11
COUNT PER THREAD: 100000
SLOOPY VALUE: 512
TIME: 0.029992
SUM: 1100000
THREADS: 11
COUNT PER THREAD: 100000
SLOOPY VALUE: 512
TIME: 0.041199
SUM: 1100000
THREADS: 11
COUNT PER THREAD: 100000
SLOOPY VALUE: 512
TIME: 0.042093
SUM: 1100000
THREADS: 11
COUNT PER THREAD: 100000
SLOOPY VALUE: 512
TIME: 0.029251
SUM: 1100000
THREADS: 12
COUNT PER THREAD: 100000
SLOOPY VALUE: 512
TIME: 0.030702
SUM: 1200000
THREADS: 12
COUNT PER THREAD: 100000
SLOOPY VALUE: 512
TIME: 0.032966
SUM: 1200000
THREADS: 12
COUNT PER THREAD: 100000
SLOOPY VALUE: 512
TIME: 0.060626
SUM: 1200000
THREADS: 12
COUNT PER THREAD: 100000
SLOOPY VALUE: 512
TIME: 0.031984
SUM: 1200000
THREADS: 12
COUNT PER THREAD: 100000
SLOOPY VALUE: 512
TIME: 0.034690
SUM: 1200000
THREADS: 12
COUNT PER THREAD: 100000
SLOOPY VALUE: 512
TIME: 0.060265
SUM: 1200000
THREADS: 12
COUNT PER THREAD: 100000
SLOOPY VALUE: 512
TIME: 0.045159
SUM: 1200000
THREADS: 12
COUNT PER THREAD: 100000
SLOOPY VALUE: 512
TIME: 0.033512
SUM: 1200000
THREADS: 12
COUNT PER THREAD: 100000
SLOOPY VALUE: 512
TIME: 0.059589
SUM: 1200000
THREADS: 12
COUNT PER THREAD: 100000
SLOOPY VALUE: 512
TIME: 0.039754
SUM: 1200000
THREADS: 13
COUNT PER THREAD: 100000
SLOOPY VALUE: 512
TIME: 0.035400
SUM: 1300000
THREADS: 13
COUNT PER THREAD: 100000
SLOOPY VALUE: 512
TIME: 0.063277
SUM: 1300000
THREADS: 13
COUNT PER THREAD: 100000
SLOOPY VALUE: 512
TIME: 0.036834
SUM: 1300000
THREADS: 13
COUNT PER THREAD: 100000
SLOOPY VALUE: 512
TIME: 0.037175
SUM: 1300000
THREADS: 13
COUNT PER THREAD: 100000
SLOOPY VALUE: 512
TIME: 0.060178
SUM: 1300000
THREADS: 13
COUNT PER THREAD: 100000
SLOOPY VALUE: 512
TIME: 0.038961
SUM: 1300000
THREADS: 13
COUNT PER THREAD: 100000
SLOOPY VALUE: 512
TIME: 0.049753
SUM: 1300000
THREADS: 13
COUNT PER THREAD: 100000
SLOOPY VALUE: 512
TIME: 0.059257
SUM: 1300000
THREADS: 13
COUNT PER THREAD: 100000
SLOOPY VALUE: 512
TIME: 0.040114
SUM: 1300000
THREADS: 13
COUNT PER THREAD: 100000
SLOOPY VALUE: 512
TIME: 0.039414
SUM: 1300000
THREADS: 14
COUNT PER THREAD: 100000
SLOOPY VALUE: 512
TIME: 0.041897
SUM: 1400000
THREADS: 14
COUNT PER THREAD: 100000
SLOOPY VALUE: 512
TIME: 0.060772
SUM: 1400000
THREADS: 14
COUNT PER THREAD: 100000
SLOOPY VALUE: 512
TIME: 0.037866
SUM: 1400000
THREADS: 14
COUNT PER THREAD: 100000
SLOOPY VALUE: 512
TIME: 0.038853
SUM: 1400000
THREADS: 14
COUNT PER THREAD: 100000
SLOOPY VALUE: 512
TIME: 0.058318
SUM: 1400000
THREADS: 14
COUNT PER THREAD: 100000
SLOOPY VALUE: 512
TIME: 0.038626
SUM: 1400000
THREADS: 14
COUNT PER THREAD: 100000
SLOOPY VALUE: 512
TIME: 0.039664
SUM: 1400000
THREADS: 14
COUNT PER THREAD: 100000
SLOOPY VALUE: 512
TIME: 0.056163
SUM: 1400000
THREADS: 14
COUNT PER THREAD: 100000
SLOOPY VALUE: 512
TIME: 0.042011
SUM: 1400000
THREADS: 14
COUNT PER THREAD: 100000
SLOOPY VALUE: 512
TIME: 0.038475
SUM: 1400000
THREADS: 15
COUNT PER THREAD: 100000
SLOOPY VALUE: 512
TIME: 0.038958
SUM: 1500000
THREADS: 15
COUNT PER THREAD: 100000
SLOOPY VALUE: 512
TIME: 0.039786
SUM: 1500000
THREADS: 15
COUNT PER THREAD: 100000
SLOOPY VALUE: 512
TIME: 0.069536
SUM: 1500000
THREADS: 15
COUNT PER THREAD: 100000
SLOOPY VALUE: 512
TIME: 0.043736
SUM: 1500000
THREADS: 15
COUNT PER THREAD: 100000
SLOOPY VALUE: 512
TIME: 0.045962
SUM: 1500000
THREADS: 15
COUNT PER THREAD: 100000
SLOOPY VALUE: 512
TIME: 0.068646
SUM: 1500000
THREADS: 15
COUNT PER THREAD: 100000
SLOOPY VALUE: 512
TIME: 0.040181
SUM: 1500000
THREADS: 15
COUNT PER THREAD: 100000
SLOOPY VALUE: 512
TIME: 0.042433
SUM: 1500000
THREADS: 15
COUNT PER THREAD: 100000
SLOOPY VALUE: 512
TIME: 0.062297
SUM: 1500000
THREADS: 15
COUNT PER THREAD: 100000
SLOOPY VALUE: 512
TIME: 0.042548
SUM: 1500000
THREADS: 16
COUNT PER THREAD: 100000
SLOOPY VALUE: 512
TIME: 0.046218
SUM: 1600000
THREADS: 16
COUNT PER THREAD: 100000
SLOOPY VALUE: 512
TIME: 0.050539
SUM: 1600000
THREADS: 16
COUNT PER THREAD: 100000
SLOOPY VALUE: 512
TIME: 0.069106
SUM: 1600000
THREADS: 16
COUNT PER THREAD: 100000
SLOOPY VALUE: 512
TIME: 0.046163
SUM: 1600000
THREADS: 16
COUNT PER THREAD: 100000
SLOOPY VALUE: 512
TIME: 0.069373
SUM: 1600000
THREADS: 16
COUNT PER THREAD: 100000
SLOOPY VALUE: 512
TIME: 0.047668
SUM: 1600000
THREADS: 16
COUNT PER THREAD: 100000
SLOOPY VALUE: 512
TIME: 0.043047
SUM: 1600000
THREADS: 16
COUNT PER THREAD: 100000
SLOOPY VALUE: 512
TIME: 0.066073
SUM: 1600000
THREADS: 16
COUNT PER THREAD: 100000
SLOOPY VALUE: 512
TIME: 0.047988
SUM: 1600000
THREADS: 16
COUNT PER THREAD: 100000
SLOOPY VALUE: 512
TIME: 0.043106
SUM: 1600000
THREADS: 17
COUNT PER THREAD: 100000
SLOOPY VALUE: 512
TIME: 0.043196
SUM: 1700000
THREADS: 17
COUNT PER THREAD: 100000
SLOOPY VALUE: 512
TIME: 0.044422
SUM: 1700000
THREADS: 17
COUNT PER THREAD: 100000
SLOOPY VALUE: 512
TIME: 0.069688
SUM: 1700000
THREADS: 17
COUNT PER THREAD: 100000
SLOOPY VALUE: 512
TIME: 0.040321
SUM: 1700000
THREADS: 17
COUNT PER THREAD: 100000
SLOOPY VALUE: 512
TIME: 0.041008
SUM: 1700000
THREADS: 17
COUNT PER THREAD: 100000
SLOOPY VALUE: 512
TIME: 0.059856
SUM: 1700000
THREADS: 17
COUNT PER THREAD: 100000
SLOOPY VALUE: 512
TIME: 0.039639
SUM: 1700000
THREADS: 17
COUNT PER THREAD: 100000
SLOOPY VALUE: 512
TIME: 0.039544
SUM: 1700000
THREADS: 17
COUNT PER THREAD: 100000
SLOOPY VALUE: 512
TIME: 0.061635
SUM: 1700000
THREADS: 17
COUNT PER THREAD: 100000
SLOOPY VALUE: 512
TIME: 0.042812
SUM: 1700000
THREADS: 18
COUNT PER THREAD: 100000
SLOOPY VALUE: 512
TIME: 0.064151
SUM: 1800000
THREADS: 18
COUNT PER THREAD: 100000
SLOOPY VALUE: 512
TIME: 0.054097
SUM: 1800000
THREADS: 18
COUNT PER THREAD: 100000
SLOOPY VALUE: 512
TIME: 0.049771
SUM: 1800000
THREADS: 18
COUNT PER THREAD: 100000
SLOOPY VALUE: 512
TIME: 0.069245
SUM: 1800000
THREADS: 18
COUNT PER THREAD: 100000
SLOOPY VALUE: 512
TIME: 0.055478
SUM: 1800000
THREADS: 18
COUNT PER THREAD: 100000
SLOOPY VALUE: 512
TIME: 0.053484
SUM: 1800000
THREADS: 18
COUNT PER THREAD: 100000
SLOOPY VALUE: 512
TIME: 0.049249
SUM: 1800000
THREADS: 18
COUNT PER THREAD: 100000
SLOOPY VALUE: 512
TIME: 0.043807
SUM: 1800000
THREADS: 18
COUNT PER THREAD: 100000
SLOOPY VALUE: 512
TIME: 0.066681
SUM: 1800000
THREADS: 18
COUNT PER THREAD: 100000
SLOOPY VALUE: 512
TIME: 0.048338
SUM: 1800000
THREADS: 19
COUNT PER THREAD: 100000
SLOOPY VALUE: 512
TIME: 0.057321
SUM: 1900000
THREADS: 19
COUNT PER THREAD: 100000
SLOOPY VALUE: 512
TIME: 0.077054
SUM: 1900000
THREADS: 19
COUNT PER THREAD: 100000
SLOOPY VALUE: 512
TIME: 0.057260
SUM: 1900000
THREADS: 19
COUNT PER THREAD: 100000
SLOOPY VALUE: 512
TIME: 0.075878
SUM: 1900000
THREADS: 19
COUNT PER THREAD: 100000
SLOOPY VALUE: 512
TIME: 0.054739
SUM: 1900000
THREADS: 19
COUNT PER THREAD: 100000
SLOOPY VALUE: 512
TIME: 0.079234
SUM: 1900000
THREADS: 19
COUNT PER THREAD: 100000
SLOOPY VALUE: 512
TIME: 0.054460
SUM: 1900000
THREADS: 19
COUNT PER THREAD: 100000
SLOOPY VALUE: 512
TIME: 0.074661
SUM: 1900000
THREADS: 19
COUNT PER THREAD: 100000
SLOOPY VALUE: 512
TIME: 0.054198
SUM: 1900000
THREADS: 19
COUNT PER THREAD: 100000
SLOOPY VALUE: 512
TIME: 0.082405
SUM: 1900000
THREADS: 20
COUNT PER THREAD: 100000
SLOOPY VALUE: 512
TIME: 0.057199
SUM: 2000000
THREADS: 20
COUNT PER THREAD: 100000
SLOOPY VALUE: 512
TIME: 0.079802
SUM: 2000000
THREADS: 20
COUNT PER THREAD: 100000
SLOOPY VALUE: 512
TIME: 0.053699
SUM: 2000000
THREADS: 20
COUNT PER THREAD: 100000
SLOOPY VALUE: 512
TIME: 0.080166
SUM: 2000000
THREADS: 20
COUNT PER THREAD: 100000
SLOOPY VALUE: 512
TIME: 0.054967
SUM: 2000000
THREADS: 20
COUNT PER THREAD: 100000
SLOOPY VALUE: 512
TIME: 0.074024
SUM: 2000000
THREADS: 20
COUNT PER THREAD: 100000
SLOOPY VALUE: 512
TIME: 0.061603
SUM: 2000000
THREADS: 20
COUNT PER THREAD: 100000
SLOOPY VALUE: 512
TIME: 0.076183
SUM: 2000000
THREADS: 20
COUNT PER THREAD: 100000
SLOOPY VALUE: 512
TIME: 0.056983
SUM: 2000000
THREADS: 20
COUNT PER THREAD: 100000
SLOOPY VALUE: 512
TIME: 0.074136
SUM: 2000000
THREADS: 21
COUNT PER THREAD: 100000
SLOOPY VALUE: 512
TIME: 0.059859
SUM: 2100000
THREADS: 21
COUNT PER THREAD: 100000
SLOOPY VALUE: 512
TIME: 0.086144
SUM: 2100000
THREADS: 21
COUNT PER THREAD: 100000
SLOOPY VALUE: 512
TIME: 0.061005
SUM: 2100000
THREADS: 21
COUNT PER THREAD: 100000
SLOOPY VALUE: 512
TIME: 0.076315
SUM: 2100000
THREADS: 21
COUNT PER THREAD: 100000
SLOOPY VALUE: 512
TIME: 0.056360
SUM: 2100000
THREADS: 21
COUNT PER THREAD: 100000
SLOOPY VALUE: 512
TIME: 0.074853
SUM: 2100000
THREADS: 21
COUNT PER THREAD: 100000
SLOOPY VALUE: 512
TIME: 0.052740
SUM: 2100000
THREADS: 21
COUNT PER THREAD: 100000
SLOOPY VALUE: 512
TIME: 0.078882
SUM: 2100000
THREADS: 21
COUNT PER THREAD: 100000
SLOOPY VALUE: 512
TIME: 0.055609
SUM: 2100000
THREADS: 21
COUNT PER THREAD: 100000
SLOOPY VALUE: 512
TIME: 0.073682
SUM: 2100000
THREADS: 22
COUNT PER THREAD: 100000
SLOOPY VALUE: 512
TIME: 0.051144
SUM: 2200000
THREADS: 22
COUNT PER THREAD: 100000
SLOOPY VALUE: 512
TIME: 0.083192
SUM: 2200000
THREADS: 22
COUNT PER THREAD: 100000
SLOOPY VALUE: 512
TIME: 0.054824
SUM: 2200000
THREADS: 22
COUNT PER THREAD: 100000
SLOOPY VALUE: 512
TIME: 0.069729
SUM: 2200000
THREADS: 22
COUNT PER THREAD: 100000
SLOOPY VALUE: 512
TIME: 0.051138
SUM: 2200000
THREADS: 22
COUNT PER THREAD: 100000
SLOOPY VALUE: 512
TIME: 0.067603
SUM: 2200000
THREADS: 22
COUNT PER THREAD: 100000
SLOOPY VALUE: 512
TIME: 0.056141
SUM: 2200000
THREADS: 22
COUNT PER THREAD: 100000
SLOOPY VALUE: 512
TIME: 0.074761
SUM: 2200000
THREADS: 22
COUNT PER THREAD: 100000
SLOOPY VALUE: 512
TIME: 0.055476
SUM: 2200000
THREADS: 22
COUNT PER THREAD: 100000
SLOOPY VALUE: 512
TIME: 0.068779
SUM: 2200000
THREADS: 23
COUNT PER THREAD: 100000
SLOOPY VALUE: 512
TIME: 0.054294
SUM: 2300000
THREADS: 23
COUNT PER THREAD: 100000
SLOOPY VALUE: 512
TIME: 0.079330
SUM: 2300000
THREADS: 23
COUNT PER THREAD: 100000
SLOOPY VALUE: 512
TIME: 0.057860
SUM: 2300000
THREADS: 23
COUNT PER THREAD: 100000
SLOOPY VALUE: 512
TIME: 0.076762
SUM: 2300000
THREADS: 23
COUNT PER THREAD: 100000
SLOOPY VALUE: 512
TIME: 0.054066
SUM: 2300000
THREADS: 23
COUNT PER THREAD: 100000
SLOOPY VALUE: 512
TIME: 0.072411
SUM: 2300000
THREADS: 23
COUNT PER THREAD: 100000
SLOOPY VALUE: 512
TIME: 0.056762
SUM: 2300000
THREADS: 23
COUNT PER THREAD: 100000
SLOOPY VALUE: 512
TIME: 0.072623
SUM: 2300000
THREADS: 23
COUNT PER THREAD: 100000
SLOOPY VALUE: 512
TIME: 0.054559
SUM: 2300000
THREADS: 23
COUNT PER THREAD: 100000
SLOOPY VALUE: 512
TIME: 0.073781
SUM: 2300000
THREADS: 24
COUNT PER THREAD: 100000
SLOOPY VALUE: 512
TIME: 0.063319
SUM: 2400000
THREADS: 24
COUNT PER THREAD: 100000
SLOOPY VALUE: 512
TIME: 0.094760
SUM: 2400000
THREADS: 24
COUNT PER THREAD: 100000
SLOOPY VALUE: 512
TIME: 0.064592
SUM: 2400000
THREADS: 24
COUNT PER THREAD: 100000
SLOOPY VALUE: 512
TIME: 0.083412
SUM: 2400000
THREADS: 24
COUNT PER THREAD: 100000
SLOOPY VALUE: 512
TIME: 0.063035
SUM: 2400000
THREADS: 24
COUNT PER THREAD: 100000
SLOOPY VALUE: 512
TIME: 0.081320
SUM: 2400000
THREADS: 24
COUNT PER THREAD: 100000
SLOOPY VALUE: 512
TIME: 0.061480
SUM: 2400000
THREADS: 24
COUNT PER THREAD: 100000
SLOOPY VALUE: 512
TIME: 0.078748
SUM: 2400000
THREADS: 24
COUNT PER THREAD: 100000
SLOOPY VALUE: 512
TIME: 0.062672
SUM: 2400000
THREADS: 24
COUNT PER THREAD: 100000
SLOOPY VALUE: 512
TIME: 0.082755
SUM: 2400000
THREADS: 25
COUNT PER THREAD: 100000
SLOOPY VALUE: 512
TIME: 0.058029
SUM: 2500000
THREADS: 25
COUNT PER THREAD: 100000
SLOOPY VALUE: 512
TIME: 0.079478
SUM: 2500000
THREADS: 25
COUNT PER THREAD: 100000
SLOOPY VALUE: 512
TIME: 0.057935
SUM: 2500000
THREADS: 25
COUNT PER THREAD: 100000
SLOOPY VALUE: 512
TIME: 0.074375
SUM: 2500000
THREADS: 25
COUNT PER THREAD: 100000
SLOOPY VALUE: 512
TIME: 0.061223
SUM: 2500000
THREADS: 25
COUNT PER THREAD: 100000
SLOOPY VALUE: 512
TIME: 0.082676
SUM: 2500000
THREADS: 25
COUNT PER THREAD: 100000
SLOOPY VALUE: 512
TIME: 0.059617
SUM: 2500000
THREADS: 25
COUNT PER THREAD: 100000
SLOOPY VALUE: 512
TIME: 0.076802
SUM: 2500000
THREADS: 25
COUNT PER THREAD: 100000
SLOOPY VALUE: 512
TIME: 0.064928
SUM: 2500000
THREADS: 25
COUNT PER THREAD: 100000
SLOOPY VALUE: 512
TIME: 0.079772
SUM: 2500000
THREADS: 26
COUNT PER THREAD: 100000
SLOOPY VALUE: 512
TIME: 0.065232
SUM: 2600000
THREADS: 26
COUNT PER THREAD: 100000
SLOOPY VALUE: 512
TIME: 0.080911
SUM: 2600000
THREADS: 26
COUNT PER THREAD: 100000
SLOOPY VALUE: 512
TIME: 0.066888
SUM: 2600000
THREADS: 26
COUNT PER THREAD: 100000
SLOOPY VALUE: 512
TIME: 0.082881
SUM: 2600000
THREADS: 26
COUNT PER THREAD: 100000
SLOOPY VALUE: 512
TIME: 0.064318
SUM: 2600000
THREADS: 26
COUNT PER THREAD: 100000
SLOOPY VALUE: 512
TIME: 0.081452
SUM: 2600000
THREADS: 26
COUNT PER THREAD: 100000
SLOOPY VALUE: 512
TIME: 0.063045
SUM: 2600000
THREADS: 26
COUNT PER THREAD: 100000
SLOOPY VALUE: 512
TIME: 0.081654
SUM: 2600000
THREADS: 26
COUNT PER THREAD: 100000
SLOOPY VALUE: 512
TIME: 0.061639
SUM: 2600000
THREADS: 26
COUNT PER THREAD: 100000
SLOOPY VALUE: 512
TIME: 0.080489
SUM: 2600000
THREADS: 27
COUNT PER THREAD: 100000
SLOOPY VALUE: 512
TIME: 0.077961
SUM: 2700000
THREADS: 27
COUNT PER THREAD: 100000
SLOOPY VALUE: 512
TIME: 0.106571
SUM: 2700000
THREADS: 27
COUNT PER THREAD: 100000
SLOOPY VALUE: 512
TIME: 0.074469
SUM: 2700000
THREADS: 27
COUNT PER THREAD: 100000
SLOOPY VALUE: 512
TIME: 0.096412
SUM: 2700000
THREADS: 27
COUNT PER THREAD: 100000
SLOOPY VALUE: 512
TIME: 0.076503
SUM: 2700000
THREADS: 27
COUNT PER THREAD: 100000
SLOOPY VALUE: 512
TIME: 0.095699
SUM: 2700000
THREADS: 27
COUNT PER THREAD: 100000
SLOOPY VALUE: 512
TIME: 0.091801
SUM: 2700000
THREADS: 27
COUNT PER THREAD: 100000
SLOOPY VALUE: 512
TIME: 0.101247
SUM: 2700000
THREADS: 27
COUNT PER THREAD: 100000
SLOOPY VALUE: 512
TIME: 0.075676
SUM: 2700000
THREADS: 27
COUNT PER THREAD: 100000
SLOOPY VALUE: 512
TIME: 0.097957
SUM: 2700000
THREADS: 28
COUNT PER THREAD: 100000
SLOOPY VALUE: 512
TIME: 0.071605
SUM: 2800000
THREADS: 28
COUNT PER THREAD: 100000
SLOOPY VALUE: 512
TIME: 0.091913
SUM: 2800000
THREADS: 28
COUNT PER THREAD: 100000
SLOOPY VALUE: 512
TIME: 0.068707
SUM: 2800000
THREADS: 28
COUNT PER THREAD: 100000
SLOOPY VALUE: 512
TIME: 0.087434
SUM: 2800000
THREADS: 28
COUNT PER THREAD: 100000
SLOOPY VALUE: 512
TIME: 0.072468
SUM: 2800000
THREADS: 28
COUNT PER THREAD: 100000
SLOOPY VALUE: 512
TIME: 0.087029
SUM: 2800000
THREADS: 28
COUNT PER THREAD: 100000
SLOOPY VALUE: 512
TIME: 0.071975
SUM: 2800000
THREADS: 28
COUNT PER THREAD: 100000
SLOOPY VALUE: 512
TIME: 0.093243
SUM: 2800000
THREADS: 28
COUNT PER THREAD: 100000
SLOOPY VALUE: 512
TIME: 0.070341
SUM: 2800000
THREADS: 28
COUNT PER THREAD: 100000
SLOOPY VALUE: 512
TIME: 0.085551
SUM: 2800000
THREADS: 29
COUNT PER THREAD: 100000
SLOOPY VALUE: 512
TIME: 0.079865
SUM: 2900000
THREADS: 29
COUNT PER THREAD: 100000
SLOOPY VALUE: 512
TIME: 0.120720
SUM: 2900000
THREADS: 29
COUNT PER THREAD: 100000
SLOOPY VALUE: 512
TIME: 0.084548
SUM: 2900000
THREADS: 29
COUNT PER THREAD: 100000
SLOOPY VALUE: 512
TIME: 0.108985
SUM: 2900000
THREADS: 29
COUNT PER THREAD: 100000
SLOOPY VALUE: 512
TIME: 0.080707
SUM: 2900000
THREADS: 29
COUNT PER THREAD: 100000
SLOOPY VALUE: 512
TIME: 0.107622
SUM: 2900000
THREADS: 29
COUNT PER THREAD: 100000
SLOOPY VALUE: 512
TIME: 0.091272
SUM: 2900000
THREADS: 29
COUNT PER THREAD: 100000
SLOOPY VALUE: 512
TIME: 0.121257
SUM: 2900000
THREADS: 29
COUNT PER THREAD: 100000
SLOOPY VALUE: 512
TIME: 0.096049
SUM: 2900000
THREADS: 29
COUNT PER THREAD: 100000
SLOOPY VALUE: 512
TIME: 0.113862
SUM: 2900000
THREADS: 30
COUNT PER THREAD: 100000
SLOOPY VALUE: 512
TIME: 0.084021
SUM: 3000000
THREADS: 30
COUNT PER THREAD: 100000
SLOOPY VALUE: 512
TIME: 0.121757
SUM: 3000000
THREADS: 30
COUNT PER THREAD: 100000
SLOOPY VALUE: 512
TIME: 0.092942
SUM: 3000000
THREADS: 30
COUNT PER THREAD: 100000
SLOOPY VALUE: 512
TIME: 0.115977
SUM: 3000000
THREADS: 30
COUNT PER THREAD: 100000
SLOOPY VALUE: 512
TIME: 0.089471
SUM: 3000000
THREADS: 30
COUNT PER THREAD: 100000
SLOOPY VALUE: 512
TIME: 0.116777
SUM: 3000000
THREADS: 30
COUNT PER THREAD: 100000
SLOOPY VALUE: 512
TIME: 0.084315
SUM: 3000000
THREADS: 30
COUNT PER THREAD: 100000
SLOOPY VALUE: 512
TIME: 0.109525
SUM: 3000000
THREADS: 30
COUNT PER THREAD: 100000
SLOOPY VALUE: 512
TIME: 0.087780
SUM: 3000000
THREADS: 30
COUNT PER THREAD: 100000
SLOOPY VALUE: 512
TIME: 0.116160
SUM: 3000000
THREADS: 31
COUNT PER THREAD: 100000
SLOOPY VALUE: 512
TIME: 0.083668
SUM: 3100000
THREADS: 31
COUNT PER THREAD: 100000
SLOOPY VALUE: 512
TIME: 0.114890
SUM: 3100000
THREADS: 31
COUNT PER THREAD: 100000
SLOOPY VALUE: 512
TIME: 0.089966
SUM: 3100000
THREADS: 31
COUNT PER THREAD: 100000
SLOOPY VALUE: 512
TIME: 0.112451
SUM: 3100000
THREADS: 31
COUNT PER THREAD: 100000
SLOOPY VALUE: 512
TIME: 0.089932
SUM: 3100000
THREADS: 31
COUNT PER THREAD: 100000
SLOOPY VALUE: 512
TIME: 0.108108
SUM: 3100000
THREADS: 31
COUNT PER THREAD: 100000
SLOOPY VALUE: 512
TIME: 0.088434
SUM: 3100000
THREADS: 31
COUNT PER THREAD: 100000
SLOOPY VALUE: 512
TIME: 0.100632
SUM: 3100000
THREADS: 31
COUNT PER THREAD: 100000
SLOOPY VALUE: 512
TIME: 0.086865
SUM: 3100000
THREADS: 31
COUNT PER THREAD: 100000
SLOOPY VALUE: 512
TIME: 0.106303
SUM: 3100000
THREADS: 32
COUNT PER THREAD: 100000
SLOOPY VALUE: 512
TIME: 0.087984
SUM: 3200000
THREADS: 32
COUNT PER THREAD: 100000
SLOOPY VALUE: 512
TIME: 0.111217
SUM: 3200000
THREADS: 32
COUNT PER THREAD: 100000
SLOOPY VALUE: 512
TIME: 0.088146
SUM: 3200000
THREADS: 32
COUNT PER THREAD: 100000
SLOOPY VALUE: 512
TIME: 0.105404
SUM: 3200000
THREADS: 32
COUNT PER THREAD: 100000
SLOOPY VALUE: 512
TIME: 0.091865
SUM: 3200000
THREADS: 32
COUNT PER THREAD: 100000
SLOOPY VALUE: 512
TIME: 0.117661
SUM: 3200000
THREADS: 32
COUNT PER THREAD: 100000
SLOOPY VALUE: 512
TIME: 0.085001
SUM: 3200000
THREADS: 32
COUNT PER THREAD: 100000
SLOOPY VALUE: 512
TIME: 0.105317
SUM: 3200000
THREADS: 32
COUNT PER THREAD: 100000
SLOOPY VALUE: 512
TIME: 0.087070
SUM: 3200000
THREADS: 32
COUNT PER THREAD: 100000
SLOOPY VALUE: 512
TIME: 0.115251
SUM: 3200000
THREADS: 33
COUNT PER THREAD: 100000
SLOOPY VALUE: 512
TIME: 0.091220
SUM: 3300000
THREADS: 33
COUNT PER THREAD: 100000
SLOOPY VALUE: 512
TIME: 0.115979
SUM: 3300000
THREADS: 33
COUNT PER THREAD: 100000
SLOOPY VALUE: 512
TIME: 0.085812
SUM: 3300000
THREADS: 33
COUNT PER THREAD: 100000
SLOOPY VALUE: 512
TIME: 0.114582
SUM: 3300000
THREADS: 33
COUNT PER THREAD: 100000
SLOOPY VALUE: 512
TIME: 0.083167
SUM: 3300000
THREADS: 33
COUNT PER THREAD: 100000
SLOOPY VALUE: 512
TIME: 0.106417
SUM: 3300000
THREADS: 33
COUNT PER THREAD: 100000
SLOOPY VALUE: 512
TIME: 0.083303
SUM: 3300000
THREADS: 33
COUNT PER THREAD: 100000
SLOOPY VALUE: 512
TIME: 0.107115
SUM: 3300000
THREADS: 33
COUNT PER THREAD: 100000
SLOOPY VALUE: 512
TIME: 0.126945
SUM: 3300000
THREADS: 33
COUNT PER THREAD: 100000
SLOOPY VALUE: 512
TIME: 0.086631
SUM: 3300000
THREADS: 34
COUNT PER THREAD: 100000
SLOOPY VALUE: 512
TIME: 0.115508
SUM: 3400000
THREADS: 34
COUNT PER THREAD: 100000
SLOOPY VALUE: 512
TIME: 0.126088
SUM: 3400000
THREADS: 34
COUNT PER THREAD: 100000
SLOOPY VALUE: 512
TIME: 0.109724
SUM: 3400000
THREADS: 34
COUNT PER THREAD: 100000
SLOOPY VALUE: 512
TIME: 0.102407
SUM: 3400000
THREADS: 34
COUNT PER THREAD: 100000
SLOOPY VALUE: 512
TIME: 0.123451
SUM: 3400000
THREADS: 34
COUNT PER THREAD: 100000
SLOOPY VALUE: 512
TIME: 0.093138
SUM: 3400000
THREADS: 34
COUNT PER THREAD: 100000
SLOOPY VALUE: 512
TIME: 0.124705
SUM: 3400000
THREADS: 34
COUNT PER THREAD: 100000
SLOOPY VALUE: 512
TIME: 0.109088
SUM: 3400000
THREADS: 34
COUNT PER THREAD: 100000
SLOOPY VALUE: 512
TIME: 0.115222
SUM: 3400000
THREADS: 34
COUNT PER THREAD: 100000
SLOOPY VALUE: 512
TIME: 0.121085
SUM: 3400000
THREADS: 35
COUNT PER THREAD: 100000
SLOOPY VALUE: 512
TIME: 0.110423
SUM: 3500000
THREADS: 35
COUNT PER THREAD: 100000
SLOOPY VALUE: 512
TIME: 0.087431
SUM: 3500000
THREADS: 35
COUNT PER THREAD: 100000
SLOOPY VALUE: 512
TIME: 0.113961
SUM: 3500000
THREADS: 35
COUNT PER THREAD: 100000
SLOOPY VALUE: 512
TIME: 0.087428
SUM: 3500000
THREADS: 35
COUNT PER THREAD: 100000
SLOOPY VALUE: 512
TIME: 0.110561
SUM: 3500000
THREADS: 35
COUNT PER THREAD: 100000
SLOOPY VALUE: 512
TIME: 0.091754
SUM: 3500000
THREADS: 35
COUNT PER THREAD: 100000
SLOOPY VALUE: 512
TIME: 0.115592
SUM: 3500000
THREADS: 35
COUNT PER THREAD: 100000
SLOOPY VALUE: 512
TIME: 0.088214
SUM: 3500000
THREADS: 35
COUNT PER THREAD: 100000
SLOOPY VALUE: 512
TIME: 0.110706
SUM: 3500000
THREADS: 35
COUNT PER THREAD: 100000
SLOOPY VALUE: 512
TIME: 0.091676
SUM: 3500000
THREADS: 36
COUNT PER THREAD: 100000
SLOOPY VALUE: 512
TIME: 0.089950
SUM: 3600000
THREADS: 36
COUNT PER THREAD: 100000
SLOOPY VALUE: 512
TIME: 0.114310
SUM: 3600000
THREADS: 36
COUNT PER THREAD: 100000
SLOOPY VALUE: 512
TIME: 0.089730
SUM: 3600000
THREADS: 36
COUNT PER THREAD: 100000
SLOOPY VALUE: 512
TIME: 0.115433
SUM: 3600000
THREADS: 36
COUNT PER THREAD: 100000
SLOOPY VALUE: 512
TIME: 0.091365
SUM: 3600000
THREADS: 36
COUNT PER THREAD: 100000
SLOOPY VALUE: 512
TIME: 0.112606
SUM: 3600000
THREADS: 36
COUNT PER THREAD: 100000
SLOOPY VALUE: 512
TIME: 0.127792
SUM: 3600000
THREADS: 36
COUNT PER THREAD: 100000
SLOOPY VALUE: 512
TIME: 0.095099
SUM: 3600000
THREADS: 36
COUNT PER THREAD: 100000
SLOOPY VALUE: 512
TIME: 0.115045
SUM: 3600000
THREADS: 36
COUNT PER THREAD: 100000
SLOOPY VALUE: 512
TIME: 0.091646
SUM: 3600000
THREADS: 37
COUNT PER THREAD: 100000
SLOOPY VALUE: 512
TIME: 0.120773
SUM: 3700000
THREADS: 37
COUNT PER THREAD: 100000
SLOOPY VALUE: 512
TIME: 0.092266
SUM: 3700000
THREADS: 37
COUNT PER THREAD: 100000
SLOOPY VALUE: 512
TIME: 0.118704
SUM: 3700000
THREADS: 37
COUNT PER THREAD: 100000
SLOOPY VALUE: 512
TIME: 0.095111
SUM: 3700000
THREADS: 37
COUNT PER THREAD: 100000
SLOOPY VALUE: 512
TIME: 0.113434
SUM: 3700000
THREADS: 37
COUNT PER THREAD: 100000
SLOOPY VALUE: 512
TIME: 0.093205
SUM: 3700000
THREADS: 37
COUNT PER THREAD: 100000
SLOOPY VALUE: 512
TIME: 0.119552
SUM: 3700000
THREADS: 37
COUNT PER THREAD: 100000
SLOOPY VALUE: 512
TIME: 0.096864
SUM: 3700000
THREADS: 37
COUNT PER THREAD: 100000
SLOOPY VALUE: 512
TIME: 0.119855
SUM: 3700000
THREADS: 37
COUNT PER THREAD: 100000
SLOOPY VALUE: 512
TIME: 0.095651
SUM: 3700000
THREADS: 38
COUNT PER THREAD: 100000
SLOOPY VALUE: 512
TIME: 0.098618
SUM: 3800000
THREADS: 38
COUNT PER THREAD: 100000
SLOOPY VALUE: 512
TIME: 0.125174
SUM: 3800000
THREADS: 38
COUNT PER THREAD: 100000
SLOOPY VALUE: 512
TIME: 0.098389
SUM: 3800000
THREADS: 38
COUNT PER THREAD: 100000
SLOOPY VALUE: 512
TIME: 0.116691
SUM: 3800000
THREADS: 38
COUNT PER THREAD: 100000
SLOOPY VALUE: 512
TIME: 0.098294
SUM: 3800000
THREADS: 38
COUNT PER THREAD: 100000
SLOOPY VALUE: 512
TIME: 0.111559
SUM: 3800000
THREADS: 38
COUNT PER THREAD: 100000
SLOOPY VALUE: 512
TIME: 0.098201
SUM: 3800000
THREADS: 38
COUNT PER THREAD: 100000
SLOOPY VALUE: 512
TIME: 0.115616
SUM: 3800000
THREADS: 38
COUNT PER THREAD: 100000
SLOOPY VALUE: 512
TIME: 0.109536
SUM: 3800000
THREADS: 38
COUNT PER THREAD: 100000
SLOOPY VALUE: 512
TIME: 0.104145
SUM: 3800000
THREADS: 39
COUNT PER THREAD: 100000
SLOOPY VALUE: 512
TIME: 0.122846
SUM: 3900000
THREADS: 39
COUNT PER THREAD: 100000
SLOOPY VALUE: 512
TIME: 0.115862
SUM: 3900000
THREADS: 39
COUNT PER THREAD: 100000
SLOOPY VALUE: 512
TIME: 0.110319
SUM: 3900000
THREADS: 39
COUNT PER THREAD: 100000
SLOOPY VALUE: 512
TIME: 0.115681
SUM: 3900000
THREADS: 39
COUNT PER THREAD: 100000
SLOOPY VALUE: 512
TIME: 0.116174
SUM: 3900000
THREADS: 39
COUNT PER THREAD: 100000
SLOOPY VALUE: 512
TIME: 0.101576
SUM: 3900000
THREADS: 39
COUNT PER THREAD: 100000
SLOOPY VALUE: 512
TIME: 0.115575
SUM: 3900000
THREADS: 39
COUNT PER THREAD: 100000
SLOOPY VALUE: 512
TIME: 0.123029
SUM: 3900000
THREADS: 39
COUNT PER THREAD: 100000
SLOOPY VALUE: 512
TIME: 0.098398
SUM: 3900000
THREADS: 39
COUNT PER THREAD: 100000
SLOOPY VALUE: 512
TIME: 0.112127
SUM: 3900000
THREADS: 40
COUNT PER THREAD: 100000
SLOOPY VALUE: 512
TIME: 0.119246
SUM: 4000000
THREADS: 40
COUNT PER THREAD: 100000
SLOOPY VALUE: 512
TIME: 0.101240
SUM: 4000000
THREADS: 40
COUNT PER THREAD: 100000
SLOOPY VALUE: 512
TIME: 0.123044
SUM: 4000000
THREADS: 40
COUNT PER THREAD: 100000
SLOOPY VALUE: 512
TIME: 0.117465
SUM: 4000000
THREADS: 40
COUNT PER THREAD: 100000
SLOOPY VALUE: 512
TIME: 0.127419
SUM: 4000000
THREADS: 40
COUNT PER THREAD: 100000
SLOOPY VALUE: 512
TIME: 0.129740
SUM: 4000000
THREADS: 40
COUNT PER THREAD: 100000
SLOOPY VALUE: 512
TIME: 0.128060
SUM: 4000000
THREADS: 40
COUNT PER THREAD: 100000
SLOOPY VALUE: 512
TIME: 0.119859
SUM: 4000000
THREADS: 40
COUNT PER THREAD: 100000
SLOOPY VALUE: 512
TIME: 0.126443
SUM: 4000000
THREADS: 40
COUNT PER THREAD: 100000
SLOOPY VALUE: 512
TIME: 0.124083
SUM: 4000000
THREADS: 41
COUNT PER THREAD: 100000
SLOOPY VALUE: 512
TIME: 0.145024
SUM: 4100000
THREADS: 41
COUNT PER THREAD: 100000
SLOOPY VALUE: 512
TIME: 0.140116
SUM: 4100000
THREADS: 41
COUNT PER THREAD: 100000
SLOOPY VALUE: 512
TIME: 0.141698
SUM: 4100000
THREADS: 41
COUNT PER THREAD: 100000
SLOOPY VALUE: 512
TIME: 0.146881
SUM: 4100000
THREADS: 41
COUNT PER THREAD: 100000
SLOOPY VALUE: 512
TIME: 0.159387
SUM: 4100000
THREADS: 41
COUNT PER THREAD: 100000
SLOOPY VALUE: 512
TIME: 0.142243
SUM: 4100000
THREADS: 41
COUNT PER THREAD: 100000
SLOOPY VALUE: 512
TIME: 0.140677
SUM: 4100000
THREADS: 41
COUNT PER THREAD: 100000
SLOOPY VALUE: 512
TIME: 0.158422
SUM: 4100000
THREADS: 41
COUNT PER THREAD: 100000
SLOOPY VALUE: 512
TIME: 0.128891
SUM: 4100000
THREADS: 41
COUNT PER THREAD: 100000
SLOOPY VALUE: 512
TIME: 0.143976
SUM: 4100000
THREADS: 42
COUNT PER THREAD: 100000
SLOOPY VALUE: 512
TIME: 0.109749
SUM: 4200000
THREADS: 42
COUNT PER THREAD: 100000
SLOOPY VALUE: 512
TIME: 0.113767
SUM: 4200000
THREADS: 42
COUNT PER THREAD: 100000
SLOOPY VALUE: 512
TIME: 0.109553
SUM: 4200000
THREADS: 42
COUNT PER THREAD: 100000
SLOOPY VALUE: 512
TIME: 0.120054
SUM: 4200000
THREADS: 42
COUNT PER THREAD: 100000
SLOOPY VALUE: 512
TIME: 0.109809
SUM: 4200000
THREADS: 42
COUNT PER THREAD: 100000
SLOOPY VALUE: 512
TIME: 0.108292
SUM: 4200000
THREADS: 42
COUNT PER THREAD: 100000
SLOOPY VALUE: 512
TIME: 0.112598
SUM: 4200000
THREADS: 42
COUNT PER THREAD: 100000
SLOOPY VALUE: 512
TIME: 0.109821
SUM: 4200000
THREADS: 42
COUNT PER THREAD: 100000
SLOOPY VALUE: 512
TIME: 0.116966
SUM: 4200000
THREADS: 42
COUNT PER THREAD: 100000
SLOOPY VALUE: 512
TIME: 0.116984
SUM: 4200000
THREADS: 43
COUNT PER THREAD: 100000
SLOOPY VALUE: 512
TIME: 0.113726
SUM: 4300000
THREADS: 43
COUNT PER THREAD: 100000
SLOOPY VALUE: 512
TIME: 0.114968
SUM: 4300000
THREADS: 43
COUNT PER THREAD: 100000
SLOOPY VALUE: 512
TIME: 0.115363
SUM: 4300000
THREADS: 43
COUNT PER THREAD: 100000
SLOOPY VALUE: 512
TIME: 0.116367
SUM: 4300000
THREADS: 43
COUNT PER THREAD: 100000
SLOOPY VALUE: 512
TIME: 0.115728
SUM: 4300000
THREADS: 43
COUNT PER THREAD: 100000
SLOOPY VALUE: 512
TIME: 0.117655
SUM: 4300000
THREADS: 43
COUNT PER THREAD: 100000
SLOOPY VALUE: 512
TIME: 0.114250
SUM: 4300000
THREADS: 43
COUNT PER THREAD: 100000
SLOOPY VALUE: 512
TIME: 0.115039
SUM: 4300000
THREADS: 43
COUNT PER THREAD: 100000
SLOOPY VALUE: 512
TIME: 0.113243
SUM: 4300000
THREADS: 43
COUNT PER THREAD: 100000
SLOOPY VALUE: 512
TIME: 0.121424
SUM: 4300000
THREADS: 44
COUNT PER THREAD: 100000
SLOOPY VALUE: 512
TIME: 0.127773
SUM: 4400000
THREADS: 44
COUNT PER THREAD: 100000
SLOOPY VALUE: 512
TIME: 0.123212
SUM: 4400000
THREADS: 44
COUNT PER THREAD: 100000
SLOOPY VALUE: 512
TIME: 0.127298
SUM: 4400000
THREADS: 44
COUNT PER THREAD: 100000
SLOOPY VALUE: 512
TIME: 0.126672
SUM: 4400000
THREADS: 44
COUNT PER THREAD: 100000
SLOOPY VALUE: 512
TIME: 0.135352
SUM: 4400000
THREADS: 44
COUNT PER THREAD: 100000
SLOOPY VALUE: 512
TIME: 0.125907
SUM: 4400000
THREADS: 44
COUNT PER THREAD: 100000
SLOOPY VALUE: 512
TIME: 0.120752
SUM: 4400000
THREADS: 44
COUNT PER THREAD: 100000
SLOOPY VALUE: 512
TIME: 0.120433
SUM: 4400000
THREADS: 44
COUNT PER THREAD: 100000
SLOOPY VALUE: 512
TIME: 0.122640
SUM: 4400000
THREADS: 44
COUNT PER THREAD: 100000
SLOOPY VALUE: 512
TIME: 0.130352
SUM: 4400000
THREADS: 45
COUNT PER THREAD: 100000
SLOOPY VALUE: 512
TIME: 0.112312
SUM: 4500000
THREADS: 45
COUNT PER THREAD: 100000
SLOOPY VALUE: 512
TIME: 0.106981
SUM: 4500000
THREADS: 45
COUNT PER THREAD: 100000
SLOOPY VALUE: 512
TIME: 0.121729
SUM: 4500000
THREADS: 45
COUNT PER THREAD: 100000
SLOOPY VALUE: 512
TIME: 0.120026
SUM: 4500000
THREADS: 45
COUNT PER THREAD: 100000
SLOOPY VALUE: 512
TIME: 0.109715
SUM: 4500000
THREADS: 45
COUNT PER THREAD: 100000
SLOOPY VALUE: 512
TIME: 0.106545
SUM: 4500000
THREADS: 45
COUNT PER THREAD: 100000
SLOOPY VALUE: 512
TIME: 0.112230
SUM: 4500000
THREADS: 45
COUNT PER THREAD: 100000
SLOOPY VALUE: 512
TIME: 0.113160
SUM: 4500000
THREADS: 45
COUNT PER THREAD: 100000
SLOOPY VALUE: 512
TIME: 0.119755
SUM: 4500000
THREADS: 45
COUNT PER THREAD: 100000
SLOOPY VALUE: 512
TIME: 0.121646
SUM: 4500000
THREADS: 46
COUNT PER THREAD: 100000
SLOOPY VALUE: 512
TIME: 0.125459
SUM: 4600000
THREADS: 46
COUNT PER THREAD: 100000
SLOOPY VALUE: 512
TIME: 0.118856
SUM: 4600000
THREADS: 46
COUNT PER THREAD: 100000
SLOOPY VALUE: 512
TIME: 0.114597
SUM: 4600000
THREADS: 46
COUNT PER THREAD: 100000
SLOOPY VALUE: 512
TIME: 0.113512
SUM: 4600000
THREADS: 46
COUNT PER THREAD: 100000
SLOOPY VALUE: 512
TIME: 0.114938
SUM: 4600000
THREADS: 46
COUNT PER THREAD: 100000
SLOOPY VALUE: 512
TIME: 0.119080
SUM: 4600000
THREADS: 46
COUNT PER THREAD: 100000
SLOOPY VALUE: 512
TIME: 0.119520
SUM: 4600000
THREADS: 46
COUNT PER THREAD: 100000
SLOOPY VALUE: 512
TIME: 0.122157
SUM: 4600000
THREADS: 46
COUNT PER THREAD: 100000
SLOOPY VALUE: 512
TIME: 0.118712
SUM: 4600000
THREADS: 46
COUNT PER THREAD: 100000
SLOOPY VALUE: 512
TIME: 0.121411
SUM: 4600000
THREADS: 47
COUNT PER THREAD: 100000
SLOOPY VALUE: 512
TIME: 0.152181
SUM: 4700000
THREADS: 47
COUNT PER THREAD: 100000
SLOOPY VALUE: 512
TIME: 0.140849
SUM: 4700000
THREADS: 47
COUNT PER THREAD: 100000
SLOOPY VALUE: 512
TIME: 0.146320
SUM: 4700000
THREADS: 47
COUNT PER THREAD: 100000
SLOOPY VALUE: 512
TIME: 0.145504
SUM: 4700000
THREADS: 47
COUNT PER THREAD: 100000
SLOOPY VALUE: 512
TIME: 0.149141
SUM: 4700000
THREADS: 47
COUNT PER THREAD: 100000
SLOOPY VALUE: 512
TIME: 0.145220
SUM: 4700000
THREADS: 47
COUNT PER THREAD: 100000
SLOOPY VALUE: 512
TIME: 0.148033
SUM: 4700000
THREADS: 47
COUNT PER THREAD: 100000
SLOOPY VALUE: 512
TIME: 0.144877
SUM: 4700000
THREADS: 47
COUNT PER THREAD: 100000
SLOOPY VALUE: 512
TIME: 0.146674
SUM: 4700000
THREADS: 47
COUNT PER THREAD: 100000
SLOOPY VALUE: 512
TIME: 0.148307
SUM: 4700000
THREADS: 48
COUNT PER THREAD: 100000
SLOOPY VALUE: 512
TIME: 0.172653
SUM: 4800000
THREADS: 48
COUNT PER THREAD: 100000
SLOOPY VALUE: 512
TIME: 0.198534
SUM: 4800000
THREADS: 48
COUNT PER THREAD: 100000
SLOOPY VALUE: 512
TIME: 0.147822
SUM: 4800000
THREADS: 48
COUNT PER THREAD: 100000
SLOOPY VALUE: 512
TIME: 0.146721
SUM: 4800000
THREADS: 48
COUNT PER THREAD: 100000
SLOOPY VALUE: 512
TIME: 0.148046
SUM: 4800000
THREADS: 48
COUNT PER THREAD: 100000
SLOOPY VALUE: 512
TIME: 0.139612
SUM: 4800000
THREADS: 48
COUNT PER THREAD: 100000
SLOOPY VALUE: 512
TIME: 0.146752
SUM: 4800000
THREADS: 48
COUNT PER THREAD: 100000
SLOOPY VALUE: 512
TIME: 0.153773
SUM: 4800000
THREADS: 48
COUNT PER THREAD: 100000
SLOOPY VALUE: 512
TIME: 0.175029
SUM: 4800000
THREADS: 48
COUNT PER THREAD: 100000
SLOOPY VALUE: 512
TIME: 0.160086
SUM: 4800000
THREADS: 49
COUNT PER THREAD: 100000
SLOOPY VALUE: 512
TIME: 0.160655
SUM: 4900000
THREADS: 49
COUNT PER THREAD: 100000
SLOOPY VALUE: 512
TIME: 0.156579
SUM: 4900000
THREADS: 49
COUNT PER THREAD: 100000
SLOOPY VALUE: 512
TIME: 0.153007
SUM: 4900000
THREADS: 49
COUNT PER THREAD: 100000
SLOOPY VALUE: 512
TIME: 0.163352
SUM: 4900000
THREADS: 49
COUNT PER THREAD: 100000
SLOOPY VALUE: 512
TIME: 0.162119
SUM: 4900000
THREADS: 49
COUNT PER THREAD: 100000
SLOOPY VALUE: 512
TIME: 0.171355
SUM: 4900000
THREADS: 49
COUNT PER THREAD: 100000
SLOOPY VALUE: 512
TIME: 0.159670
SUM: 4900000
THREADS: 49
COUNT PER THREAD: 100000
SLOOPY VALUE: 512
TIME: 0.167134
SUM: 4900000
THREADS: 49
COUNT PER THREAD: 100000
SLOOPY VALUE: 512
TIME: 0.157390
SUM: 4900000
THREADS: 49
COUNT PER THREAD: 100000
SLOOPY VALUE: 512
TIME: 0.167817
SUM: 4900000
THREADS: 50
COUNT PER THREAD: 100000
SLOOPY VALUE: 512
TIME: 0.145793
SUM: 5000000
THREADS: 50
COUNT PER THREAD: 100000
SLOOPY VALUE: 512
TIME: 0.148161
SUM: 5000000
THREADS: 50
COUNT PER THREAD: 100000
SLOOPY VALUE: 512
TIME: 0.145993
SUM: 5000000
THREADS: 50
COUNT PER THREAD: 100000
SLOOPY VALUE: 512
TIME: 0.142986
SUM: 5000000
THREADS: 50
COUNT PER THREAD: 100000
SLOOPY VALUE: 512
TIME: 0.145515
SUM: 5000000
THREADS: 50
COUNT PER THREAD: 100000
SLOOPY VALUE: 512
TIME: 0.144841
SUM: 5000000
THREADS: 50
COUNT PER THREAD: 100000
SLOOPY VALUE: 512
TIME: 0.143895
SUM: 5000000
THREADS: 50
COUNT PER THREAD: 100000
SLOOPY VALUE: 512
TIME: 0.144959
SUM: 5000000
THREADS: 50
COUNT PER THREAD: 100000
SLOOPY VALUE: 512
TIME: 0.147125
SUM: 5000000
THREADS: 50
COUNT PER THREAD: 100000
SLOOPY VALUE: 512
TIME: 0.143326
SUM: 5000000
THREADS: 51
COUNT PER THREAD: 100000
SLOOPY VALUE: 512
TIME: 0.140247
SUM: 5100000
THREADS: 51
COUNT PER THREAD: 100000
SLOOPY VALUE: 512
TIME: 0.144489
SUM: 5100000
THREADS: 51
COUNT PER THREAD: 100000
SLOOPY VALUE: 512
TIME: 0.138873
SUM: 5100000
THREADS: 51
COUNT PER THREAD: 100000
SLOOPY VALUE: 512
TIME: 0.142639
SUM: 5100000
THREADS: 51
COUNT PER THREAD: 100000
SLOOPY VALUE: 512
TIME: 0.141517
SUM: 5100000
THREADS: 51
COUNT PER THREAD: 100000
SLOOPY VALUE: 512
TIME: 0.144348
SUM: 5100000
THREADS: 51
COUNT PER THREAD: 100000
SLOOPY VALUE: 512
TIME: 0.143051
SUM: 5100000
THREADS: 51
COUNT PER THREAD: 100000
SLOOPY VALUE: 512
TIME: 0.139733
SUM: 5100000
THREADS: 51
COUNT PER THREAD: 100000
SLOOPY VALUE: 512
TIME: 0.140333
SUM: 5100000
THREADS: 51
COUNT PER THREAD: 100000
SLOOPY VALUE: 512
TIME: 0.151848
SUM: 5100000
THREADS: 52
COUNT PER THREAD: 100000
SLOOPY VALUE: 512
TIME: 0.145628
SUM: 5200000
THREADS: 52
COUNT PER THREAD: 100000
SLOOPY VALUE: 512
TIME: 0.151362
SUM: 5200000
THREADS: 52
COUNT PER THREAD: 100000
SLOOPY VALUE: 512
TIME: 0.148816
SUM: 5200000
THREADS: 52
COUNT PER THREAD: 100000
SLOOPY VALUE: 512
TIME: 0.145869
SUM: 5200000
THREADS: 52
COUNT PER THREAD: 100000
SLOOPY VALUE: 512
TIME: 0.149916
SUM: 5200000
THREADS: 52
COUNT PER THREAD: 100000
SLOOPY VALUE: 512
TIME: 0.142974
SUM: 5200000
THREADS: 52
COUNT PER THREAD: 100000
SLOOPY VALUE: 512
TIME: 0.154330
SUM: 5200000
THREADS: 52
COUNT PER THREAD: 100000
SLOOPY VALUE: 512
TIME: 0.157894
SUM: 5200000
THREADS: 52
COUNT PER THREAD: 100000
SLOOPY VALUE: 512
TIME: 0.169335
SUM: 5200000
THREADS: 52
COUNT PER THREAD: 100000
SLOOPY VALUE: 512
TIME: 0.165531
SUM: 5200000
THREADS: 53
COUNT PER THREAD: 100000
SLOOPY VALUE: 512
TIME: 0.148781
SUM: 5300000
THREADS: 53
COUNT PER THREAD: 100000
SLOOPY VALUE: 512
TIME: 0.167906
SUM: 5300000
THREADS: 53
COUNT PER THREAD: 100000
SLOOPY VALUE: 512
TIME: 0.153478
SUM: 5300000
THREADS: 53
COUNT PER THREAD: 100000
SLOOPY VALUE: 512
TIME: 0.143934
SUM: 5300000
THREADS: 53
COUNT PER THREAD: 100000
SLOOPY VALUE: 512
TIME: 0.145947
SUM: 5300000
THREADS: 53
COUNT PER THREAD: 100000
SLOOPY VALUE: 512
TIME: 0.150405
SUM: 5300000
THREADS: 53
COUNT PER THREAD: 100000
SLOOPY VALUE: 512
TIME: 0.146675
SUM: 5300000
THREADS: 53
COUNT PER THREAD: 100000
SLOOPY VALUE: 512
TIME: 0.139714
SUM: 5300000
THREADS: 53
COUNT PER THREAD: 100000
SLOOPY VALUE: 512
TIME: 0.151422
SUM: 5300000
THREADS: 53
COUNT PER THREAD: 100000
SLOOPY VALUE: 512
TIME: 0.150184
SUM: 5300000
THREADS: 54
COUNT PER THREAD: 100000
SLOOPY VALUE: 512
TIME: 0.174271
SUM: 5400000
THREADS: 54
COUNT PER THREAD: 100000
SLOOPY VALUE: 512
TIME: 0.162707
SUM: 5400000
THREADS: 54
COUNT PER THREAD: 100000
SLOOPY VALUE: 512
TIME: 0.170094
SUM: 5400000
THREADS: 54
COUNT PER THREAD: 100000
SLOOPY VALUE: 512
TIME: 0.158820
SUM: 5400000
THREADS: 54
COUNT PER THREAD: 100000
SLOOPY VALUE: 512
TIME: 0.172516
SUM: 5400000
THREADS: 54
COUNT PER THREAD: 100000
SLOOPY VALUE: 512
TIME: 0.159491
SUM: 5400000
THREADS: 54
COUNT PER THREAD: 100000
SLOOPY VALUE: 512
TIME: 0.173485
SUM: 5400000
THREADS: 54
COUNT PER THREAD: 100000
SLOOPY VALUE: 512
TIME: 0.180140
SUM: 5400000
THREADS: 54
COUNT PER THREAD: 100000
SLOOPY VALUE: 512
TIME: 0.162609
SUM: 5400000
THREADS: 54
COUNT PER THREAD: 100000
SLOOPY VALUE: 512
TIME: 0.158481
SUM: 5400000
THREADS: 55
COUNT PER THREAD: 100000
SLOOPY VALUE: 512
TIME: 0.156886
SUM: 5500000
THREADS: 55
COUNT PER THREAD: 100000
SLOOPY VALUE: 512
TIME: 0.158818
SUM: 5500000
THREADS: 55
COUNT PER THREAD: 100000
SLOOPY VALUE: 512
TIME: 0.154168
SUM: 5500000
THREADS: 55
COUNT PER THREAD: 100000
SLOOPY VALUE: 512
TIME: 0.159995
SUM: 5500000
THREADS: 55
COUNT PER THREAD: 100000
SLOOPY VALUE: 512
TIME: 0.154711
SUM: 5500000
THREADS: 55
COUNT PER THREAD: 100000
SLOOPY VALUE: 512
TIME: 0.160311
SUM: 5500000
THREADS: 55
COUNT PER THREAD: 100000
SLOOPY VALUE: 512
TIME: 0.164807
SUM: 5500000
THREADS: 55
COUNT PER THREAD: 100000
SLOOPY VALUE: 512
TIME: 0.155516
SUM: 5500000
THREADS: 55
COUNT PER THREAD: 100000
SLOOPY VALUE: 512
TIME: 0.157146
SUM: 5500000
THREADS: 55
COUNT PER THREAD: 100000
SLOOPY VALUE: 512
TIME: 0.157825
SUM: 5500000
THREADS: 56
COUNT PER THREAD: 100000
SLOOPY VALUE: 512
TIME: 0.202163
SUM: 5600000
THREADS: 56
COUNT PER THREAD: 100000
SLOOPY VALUE: 512
TIME: 0.180341
SUM: 5600000
THREADS: 56
COUNT PER THREAD: 100000
SLOOPY VALUE: 512
TIME: 0.190347
SUM: 5600000
THREADS: 56
COUNT PER THREAD: 100000
SLOOPY VALUE: 512
TIME: 0.197062
SUM: 5600000
THREADS: 56
COUNT PER THREAD: 100000
SLOOPY VALUE: 512
TIME: 0.184425
SUM: 5600000
THREADS: 56
COUNT PER THREAD: 100000
SLOOPY VALUE: 512
TIME: 0.189885
SUM: 5600000
THREADS: 56
COUNT PER THREAD: 100000
SLOOPY VALUE: 512
TIME: 0.186665
SUM: 5600000
THREADS: 56
COUNT PER THREAD: 100000
SLOOPY VALUE: 512
TIME: 0.179908
SUM: 5600000
THREADS: 56
COUNT PER THREAD: 100000
SLOOPY VALUE: 512
TIME: 0.190565
SUM: 5600000
THREADS: 56
COUNT PER THREAD: 100000
SLOOPY VALUE: 512
TIME: 0.190857
SUM: 5600000
THREADS: 57
COUNT PER THREAD: 100000
SLOOPY VALUE: 512
TIME: 0.160846
SUM: 5700000
THREADS: 57
COUNT PER THREAD: 100000
SLOOPY VALUE: 512
TIME: 0.161283
SUM: 5700000
THREADS: 57
COUNT PER THREAD: 100000
SLOOPY VALUE: 512
TIME: 0.170268
SUM: 5700000
THREADS: 57
COUNT PER THREAD: 100000
SLOOPY VALUE: 512
TIME: 0.162391
SUM: 5700000
THREADS: 57
COUNT PER THREAD: 100000
SLOOPY VALUE: 512
TIME: 0.161001
SUM: 5700000
THREADS: 57
COUNT PER THREAD: 100000
SLOOPY VALUE: 512
TIME: 0.165830
SUM: 5700000
THREADS: 57
COUNT PER THREAD: 100000
SLOOPY VALUE: 512
TIME: 0.167037
SUM: 5700000
THREADS: 57
COUNT PER THREAD: 100000
SLOOPY VALUE: 512
TIME: 0.171265
SUM: 5700000
THREADS: 57
COUNT PER THREAD: 100000
SLOOPY VALUE: 512
TIME: 0.163533
SUM: 5700000
THREADS: 57
COUNT PER THREAD: 100000
SLOOPY VALUE: 512
TIME: 0.161281
SUM: 5700000
THREADS: 58
COUNT PER THREAD: 100000
SLOOPY VALUE: 512
TIME: 0.174140
SUM: 5800000
THREADS: 58
COUNT PER THREAD: 100000
SLOOPY VALUE: 512
TIME: 0.166644
SUM: 5800000
THREADS: 58
COUNT PER THREAD: 100000
SLOOPY VALUE: 512
TIME: 0.165902
SUM: 5800000
THREADS: 58
COUNT PER THREAD: 100000
SLOOPY VALUE: 512
TIME: 0.168302
SUM: 5800000
THREADS: 58
COUNT PER THREAD: 100000
SLOOPY VALUE: 512
TIME: 0.167588
SUM: 5800000
THREADS: 58
COUNT PER THREAD: 100000
SLOOPY VALUE: 512
TIME: 0.173772
SUM: 5800000
THREADS: 58
COUNT PER THREAD: 100000
SLOOPY VALUE: 512
TIME: 0.177669
SUM: 5800000
THREADS: 58
COUNT PER THREAD: 100000
SLOOPY VALUE: 512
TIME: 0.176234
SUM: 5800000
THREADS: 58
COUNT PER THREAD: 100000
SLOOPY VALUE: 512
TIME: 0.185822
SUM: 5800000
THREADS: 58
COUNT PER THREAD: 100000
SLOOPY VALUE: 512
TIME: 0.181890
SUM: 5800000
THREADS: 59
COUNT PER THREAD: 100000
SLOOPY VALUE: 512
TIME: 0.179267
SUM: 5900000
THREADS: 59
COUNT PER THREAD: 100000
SLOOPY VALUE: 512
TIME: 0.179620
SUM: 5900000
THREADS: 59
COUNT PER THREAD: 100000
SLOOPY VALUE: 512
TIME: 0.188620
SUM: 5900000
THREADS: 59
COUNT PER THREAD: 100000
SLOOPY VALUE: 512
TIME: 0.192063
SUM: 5900000
THREADS: 59
COUNT PER THREAD: 100000
SLOOPY VALUE: 512
TIME: 0.185313
SUM: 5900000
THREADS: 59
COUNT PER THREAD: 100000
SLOOPY VALUE: 512
TIME: 0.176573
SUM: 5900000
THREADS: 59
COUNT PER THREAD: 100000
SLOOPY VALUE: 512
TIME: 0.179592
SUM: 5900000
THREADS: 59
COUNT PER THREAD: 100000
SLOOPY VALUE: 512
TIME: 0.186116
SUM: 5900000
THREADS: 59
COUNT PER THREAD: 100000
SLOOPY VALUE: 512
TIME: 0.202004
SUM: 5900000
THREADS: 59
COUNT PER THREAD: 100000
SLOOPY VALUE: 512
TIME: 0.206820
SUM: 5900000
THREADS: 60
COUNT PER THREAD: 100000
SLOOPY VALUE: 512
TIME: 0.193531
SUM: 6000000
THREADS: 60
COUNT PER THREAD: 100000
SLOOPY VALUE: 512
TIME: 0.209061
SUM: 6000000
THREADS: 60
COUNT PER THREAD: 100000
SLOOPY VALUE: 512
TIME: 0.180323
SUM: 6000000
THREADS: 60
COUNT PER THREAD: 100000
SLOOPY VALUE: 512
TIME: 0.183058
SUM: 6000000
THREADS: 60
COUNT PER THREAD: 100000
SLOOPY VALUE: 512
TIME: 0.206107
SUM: 6000000
THREADS: 60
COUNT PER THREAD: 100000
SLOOPY VALUE: 512
TIME: 0.188775
SUM: 6000000
THREADS: 60
COUNT PER THREAD: 100000
SLOOPY VALUE: 512
TIME: 0.185790
SUM: 6000000
THREADS: 60
COUNT PER THREAD: 100000
SLOOPY VALUE: 512
TIME: 0.184424
SUM: 6000000
THREADS: 60
COUNT PER THREAD: 100000
SLOOPY VALUE: 512
TIME: 0.188083
SUM: 6000000
THREADS: 60
COUNT PER THREAD: 100000
SLOOPY VALUE: 512
TIME: 0.184293
SUM: 6000000
THREADS: 61
COUNT PER THREAD: 100000
SLOOPY VALUE: 512
TIME: 0.180601
SUM: 6100000
THREADS: 61
COUNT PER THREAD: 100000
SLOOPY VALUE: 512
TIME: 0.208456
SUM: 6100000
THREADS: 61
COUNT PER THREAD: 100000
SLOOPY VALUE: 512
TIME: 0.199654
SUM: 6100000
THREADS: 61
COUNT PER THREAD: 100000
SLOOPY VALUE: 512
TIME: 0.185761
SUM: 6100000
THREADS: 61
COUNT PER THREAD: 100000
SLOOPY VALUE: 512
TIME: 0.178745
SUM: 6100000
THREADS: 61
COUNT PER THREAD: 100000
SLOOPY VALUE: 512
TIME: 0.185227
SUM: 6100000
THREADS: 61
COUNT PER THREAD: 100000
SLOOPY VALUE: 512
TIME: 0.187902
SUM: 6100000
THREADS: 61
COUNT PER THREAD: 100000
SLOOPY VALUE: 512
TIME: 0.187834
SUM: 6100000
THREADS: 61
COUNT PER THREAD: 100000
SLOOPY VALUE: 512
TIME: 0.177165
SUM: 6100000
THREADS: 61
COUNT PER THREAD: 100000
SLOOPY VALUE: 512
TIME: 0.190335
SUM: 6100000
THREADS: 62
COUNT PER THREAD: 100000
SLOOPY VALUE: 512
TIME: 0.209116
SUM: 6200000
THREADS: 62
COUNT PER THREAD: 100000
SLOOPY VALUE: 512
TIME: 0.204471
SUM: 6200000
THREADS: 62
COUNT PER THREAD: 100000
SLOOPY VALUE: 512
TIME: 0.207054
SUM: 6200000
THREADS: 62
COUNT PER THREAD: 100000
SLOOPY VALUE: 512
TIME: 0.187476
SUM: 6200000
THREADS: 62
COUNT PER THREAD: 100000
SLOOPY VALUE: 512
TIME: 0.195567
SUM: 6200000
THREADS: 62
COUNT PER THREAD: 100000
SLOOPY VALUE: 512
TIME: 0.207810
SUM: 6200000
THREADS: 62
COUNT PER THREAD: 100000
SLOOPY VALUE: 512
TIME: 0.197988
SUM: 6200000
THREADS: 62
COUNT PER THREAD: 100000
SLOOPY VALUE: 512
TIME: 0.192518
SUM: 6200000
THREADS: 62
COUNT PER THREAD: 100000
SLOOPY VALUE: 512
TIME: 0.193789
SUM: 6200000
THREADS: 62
COUNT PER THREAD: 100000
SLOOPY VALUE: 512
TIME: 0.207103
SUM: 6200000
THREADS: 63
COUNT PER THREAD: 100000
SLOOPY VALUE: 512
TIME: 0.181817
SUM: 6300000
THREADS: 63
COUNT PER THREAD: 100000
SLOOPY VALUE: 512
TIME: 0.189288
SUM: 6300000
THREADS: 63
COUNT PER THREAD: 100000
SLOOPY VALUE: 512
TIME: 0.184820
SUM: 6300000
THREADS: 63
COUNT PER THREAD: 100000
SLOOPY VALUE: 512
TIME: 0.184730
SUM: 6300000
THREADS: 63
COUNT PER THREAD: 100000
SLOOPY VALUE: 512
TIME: 0.191005
SUM: 6300000
THREADS: 63
COUNT PER THREAD: 100000
SLOOPY VALUE: 512
TIME: 0.180522
SUM: 6300000
THREADS: 63
COUNT PER THREAD: 100000
SLOOPY VALUE: 512
TIME: 0.185942
SUM: 6300000
THREADS: 63
COUNT PER THREAD: 100000
SLOOPY VALUE: 512
TIME: 0.183438
SUM: 6300000
THREADS: 63
COUNT PER THREAD: 100000
SLOOPY VALUE: 512
TIME: 0.178484
SUM: 6300000
THREADS: 63
COUNT PER THREAD: 100000
SLOOPY VALUE: 512
TIME: 0.190474
SUM: 6300000
THREADS: 64
COUNT PER THREAD: 100000
SLOOPY VALUE: 512
TIME: 0.213858
SUM: 6400000
THREADS: 64
COUNT PER THREAD: 100000
SLOOPY VALUE: 512
TIME: 0.220571
SUM: 6400000
THREADS: 64
COUNT PER THREAD: 100000
SLOOPY VALUE: 512
TIME: 0.197908
SUM: 6400000
THREADS: 64
COUNT PER THREAD: 100000
SLOOPY VALUE: 512
TIME: 0.201453
SUM: 6400000
THREADS: 64
COUNT PER THREAD: 100000
SLOOPY VALUE: 512
TIME: 0.226278
SUM: 6400000
THREADS: 64
COUNT PER THREAD: 100000
SLOOPY VALUE: 512
TIME: 0.215213
SUM: 6400000
THREADS: 64
COUNT PER THREAD: 100000
SLOOPY VALUE: 512
TIME: 0.209680
SUM: 6400000
THREADS: 64
COUNT PER THREAD: 100000
SLOOPY VALUE: 512
TIME: 0.206399
SUM: 6400000
THREADS: 64
COUNT PER THREAD: 100000
SLOOPY VALUE: 512
TIME: 0.191060
SUM: 6400000
THREADS: 64
COUNT PER THREAD: 100000
SLOOPY VALUE: 512
TIME: 0.195931
SUM: 6400000
THREADS: 65
COUNT PER THREAD: 100000
SLOOPY VALUE: 512
TIME: 0.188573
SUM: 6500000
THREADS: 65
COUNT PER THREAD: 100000
SLOOPY VALUE: 512
TIME: 0.186348
SUM: 6500000
THREADS: 65
COUNT PER THREAD: 100000
SLOOPY VALUE: 512
TIME: 0.189056
SUM: 6500000
THREADS: 65
COUNT PER THREAD: 100000
SLOOPY VALUE: 512
TIME: 0.191531
SUM: 6500000
THREADS: 65
COUNT PER THREAD: 100000
SLOOPY VALUE: 512
TIME: 0.215893
SUM: 6500000
THREADS: 65
COUNT PER THREAD: 100000
SLOOPY VALUE: 512
TIME: 0.197226
SUM: 6500000
THREADS: 65
COUNT PER THREAD: 100000
SLOOPY VALUE: 512
TIME: 0.196940
SUM: 6500000
THREADS: 65
COUNT PER THREAD: 100000
SLOOPY VALUE: 512
TIME: 0.201518
SUM: 6500000
THREADS: 65
COUNT PER THREAD: 100000
SLOOPY VALUE: 512
TIME: 0.199741
SUM: 6500000
THREADS: 65
COUNT PER THREAD: 100000
SLOOPY VALUE: 512
TIME: 0.207718
SUM: 6500000
THREADS: 66
COUNT PER THREAD: 100000
SLOOPY VALUE: 512
TIME: 0.199689
SUM: 6600000
THREADS: 66
COUNT PER THREAD: 100000
SLOOPY VALUE: 512
TIME: 0.215105
SUM: 6600000
THREADS: 66
COUNT PER THREAD: 100000
SLOOPY VALUE: 512
TIME: 0.199121
SUM: 6600000
THREADS: 66
COUNT PER THREAD: 100000
SLOOPY VALUE: 512
TIME: 0.200448
SUM: 6600000
THREADS: 66
COUNT PER THREAD: 100000
SLOOPY VALUE: 512
TIME: 0.205140
SUM: 6600000
THREADS: 66
COUNT PER THREAD: 100000
SLOOPY VALUE: 512
TIME: 0.201876
SUM: 6600000
THREADS: 66
COUNT PER THREAD: 100000
SLOOPY VALUE: 512
TIME: 0.203120
SUM: 6600000
THREADS: 66
COUNT PER THREAD: 100000
SLOOPY VALUE: 512
TIME: 0.193767
SUM: 6600000
THREADS: 66
COUNT PER THREAD: 100000
SLOOPY VALUE: 512
TIME: 0.186860
SUM: 6600000
THREADS: 66
COUNT PER THREAD: 100000
SLOOPY VALUE: 512
TIME: 0.189576
SUM: 6600000
THREADS: 67
COUNT PER THREAD: 100000
SLOOPY VALUE: 512
TIME: 0.272783
SUM: 6700000
THREADS: 67
COUNT PER THREAD: 100000
SLOOPY VALUE: 512
TIME: 0.284498
SUM: 6700000
THREADS: 67
COUNT PER THREAD: 100000
SLOOPY VALUE: 512
TIME: 0.267086
SUM: 6700000
THREADS: 67
COUNT PER THREAD: 100000
SLOOPY VALUE: 512
TIME: 0.269123
SUM: 6700000
THREADS: 67
COUNT PER THREAD: 100000
SLOOPY VALUE: 512
TIME: 0.246751
SUM: 6700000
THREADS: 67
COUNT PER THREAD: 100000
SLOOPY VALUE: 512
TIME: 0.241420
SUM: 6700000
THREADS: 67
COUNT PER THREAD: 100000
SLOOPY VALUE: 512
TIME: 0.237450
SUM: 6700000
THREADS: 67
COUNT PER THREAD: 100000
SLOOPY VALUE: 512
TIME: 0.235570
SUM: 6700000
THREADS: 67
COUNT PER THREAD: 100000
SLOOPY VALUE: 512
TIME: 0.237466
SUM: 6700000
THREADS: 67
COUNT PER THREAD: 100000
SLOOPY VALUE: 512
TIME: 0.230305
SUM: 6700000
THREADS: 68
COUNT PER THREAD: 100000
SLOOPY VALUE: 512
TIME: 0.179327
SUM: 6800000
THREADS: 68
COUNT PER THREAD: 100000
SLOOPY VALUE: 512
TIME: 0.180545
SUM: 6800000
THREADS: 68
COUNT PER THREAD: 100000
SLOOPY VALUE: 512
TIME: 0.177573
SUM: 6800000
THREADS: 68
COUNT PER THREAD: 100000
SLOOPY VALUE: 512
TIME: 0.177236
SUM: 6800000
THREADS: 68
COUNT PER THREAD: 100000
SLOOPY VALUE: 512
TIME: 0.178885
SUM: 6800000
THREADS: 68
COUNT PER THREAD: 100000
SLOOPY VALUE: 512
TIME: 0.178325
SUM: 6800000
THREADS: 68
COUNT PER THREAD: 100000
SLOOPY VALUE: 512
TIME: 0.188177
SUM: 6800000
THREADS: 68
COUNT PER THREAD: 100000
SLOOPY VALUE: 512
TIME: 0.179026
SUM: 6800000
THREADS: 68
COUNT PER THREAD: 100000
SLOOPY VALUE: 512
TIME: 0.184480
SUM: 6800000
THREADS: 68
COUNT PER THREAD: 100000
SLOOPY VALUE: 512
TIME: 0.179284
SUM: 6800000
THREADS: 69
COUNT PER THREAD: 100000
SLOOPY VALUE: 512
TIME: 0.223270
SUM: 6900000
THREADS: 69
COUNT PER THREAD: 100000
SLOOPY VALUE: 512
TIME: 0.179596
SUM: 6900000
THREADS: 69
COUNT PER THREAD: 100000
SLOOPY VALUE: 512
TIME: 0.181930
SUM: 6900000
THREADS: 69
COUNT PER THREAD: 100000
SLOOPY VALUE: 512
TIME: 0.182524
SUM: 6900000
THREADS: 69
COUNT PER THREAD: 100000
SLOOPY VALUE: 512
TIME: 0.199241
SUM: 6900000
THREADS: 69
COUNT PER THREAD: 100000
SLOOPY VALUE: 512
TIME: 0.180610
SUM: 6900000
THREADS: 69
COUNT PER THREAD: 100000
SLOOPY VALUE: 512
TIME: 0.178558
SUM: 6900000
THREADS: 69
COUNT PER THREAD: 100000
SLOOPY VALUE: 512
TIME: 0.185356
SUM: 6900000
THREADS: 69
COUNT PER THREAD: 100000
SLOOPY VALUE: 512
TIME: 0.181300
SUM: 6900000
THREADS: 69
COUNT PER THREAD: 100000
SLOOPY VALUE: 512
TIME: 0.188324
SUM: 6900000
THREADS: 70
COUNT PER THREAD: 100000
SLOOPY VALUE: 512
TIME: 0.183220
SUM: 7000000
THREADS: 70
COUNT PER THREAD: 100000
SLOOPY VALUE: 512
TIME: 0.190705
SUM: 7000000
THREADS: 70
COUNT PER THREAD: 100000
SLOOPY VALUE: 512
TIME: 0.188933
SUM: 7000000
THREADS: 70
COUNT PER THREAD: 100000
SLOOPY VALUE: 512
TIME: 0.208364
SUM: 7000000
THREADS: 70
COUNT PER THREAD: 100000
SLOOPY VALUE: 512
TIME: 0.208496
SUM: 7000000
THREADS: 70
COUNT PER THREAD: 100000
SLOOPY VALUE: 512
TIME: 0.209559
SUM: 7000000
THREADS: 70
COUNT PER THREAD: 100000
SLOOPY VALUE: 512
TIME: 0.221184
SUM: 7000000
THREADS: 70
COUNT PER THREAD: 100000
SLOOPY VALUE: 512
TIME: 0.218781
SUM: 7000000
THREADS: 70
COUNT PER THREAD: 100000
SLOOPY VALUE: 512
TIME: 0.235432
SUM: 7000000
THREADS: 70
COUNT PER THREAD: 100000
SLOOPY VALUE: 512
TIME: 0.224933
SUM: 7000000
THREADS: 71
COUNT PER THREAD: 100000
SLOOPY VALUE: 512
TIME: 0.185902
SUM: 7100000
THREADS: 71
COUNT PER THREAD: 100000
SLOOPY VALUE: 512
TIME: 0.185837
SUM: 7100000
THREADS: 71
COUNT PER THREAD: 100000
SLOOPY VALUE: 512
TIME: 0.185027
SUM: 7100000
THREADS: 71
COUNT PER THREAD: 100000
SLOOPY VALUE: 512
TIME: 0.190391
SUM: 7100000
THREADS: 71
COUNT PER THREAD: 100000
SLOOPY VALUE: 512
TIME: 0.184650
SUM: 7100000
THREADS: 71
COUNT PER THREAD: 100000
SLOOPY VALUE: 512
TIME: 0.185911
SUM: 7100000
THREADS: 71
COUNT PER THREAD: 100000
SLOOPY VALUE: 512
TIME: 0.185324
SUM: 7100000
THREADS: 71
COUNT PER THREAD: 100000
SLOOPY VALUE: 512
TIME: 0.184211
SUM: 7100000
THREADS: 71
COUNT PER THREAD: 100000
SLOOPY VALUE: 512
TIME: 0.185302
SUM: 7100000
THREADS: 71
COUNT PER THREAD: 100000
SLOOPY VALUE: 512
TIME: 0.186740
SUM: 7100000
THREADS: 72
COUNT PER THREAD: 100000
SLOOPY VALUE: 512
TIME: 0.189202
SUM: 7200000
THREADS: 72
COUNT PER THREAD: 100000
SLOOPY VALUE: 512
TIME: 0.189271
SUM: 7200000
THREADS: 72
COUNT PER THREAD: 100000
SLOOPY VALUE: 512
TIME: 0.194441
SUM: 7200000
THREADS: 72
COUNT PER THREAD: 100000
SLOOPY VALUE: 512
TIME: 0.192686
SUM: 7200000
THREADS: 72
COUNT PER THREAD: 100000
SLOOPY VALUE: 512
TIME: 0.189972
SUM: 7200000
THREADS: 72
COUNT PER THREAD: 100000
SLOOPY VALUE: 512
TIME: 0.188656
SUM: 7200000
THREADS: 72
COUNT PER THREAD: 100000
SLOOPY VALUE: 512
TIME: 0.189533
SUM: 7200000
THREADS: 72
COUNT PER THREAD: 100000
SLOOPY VALUE: 512
TIME: 0.189474
SUM: 7200000
THREADS: 72
COUNT PER THREAD: 100000
SLOOPY VALUE: 512
TIME: 0.189359
SUM: 7200000
THREADS: 72
COUNT PER THREAD: 100000
SLOOPY VALUE: 512
TIME: 0.192960
SUM: 7200000
THREADS: 73
COUNT PER THREAD: 100000
SLOOPY VALUE: 512
TIME: 0.217413
SUM: 7300000
THREADS: 73
COUNT PER THREAD: 100000
SLOOPY VALUE: 512
TIME: 0.213362
SUM: 7300000
THREADS: 73
COUNT PER THREAD: 100000
SLOOPY VALUE: 512
TIME: 0.223961
SUM: 7300000
THREADS: 73
COUNT PER THREAD: 100000
SLOOPY VALUE: 512
TIME: 0.224952
SUM: 7300000
THREADS: 73
COUNT PER THREAD: 100000
SLOOPY VALUE: 512
TIME: 0.227475
SUM: 7300000
THREADS: 73
COUNT PER THREAD: 100000
SLOOPY VALUE: 512
TIME: 0.219801
SUM: 7300000
THREADS: 73
COUNT PER THREAD: 100000
SLOOPY VALUE: 512
TIME: 0.219953
SUM: 7300000
THREADS: 73
COUNT PER THREAD: 100000
SLOOPY VALUE: 512
TIME: 0.220623
SUM: 7300000
THREADS: 73
COUNT PER THREAD: 100000
SLOOPY VALUE: 512
TIME: 0.217908
SUM: 7300000
THREADS: 73
COUNT PER THREAD: 100000
SLOOPY VALUE: 512
TIME: 0.219004
SUM: 7300000
THREADS: 74
COUNT PER THREAD: 100000
SLOOPY VALUE: 512
TIME: 0.218733
SUM: 7400000
THREADS: 74
COUNT PER THREAD: 100000
SLOOPY VALUE: 512
TIME: 0.218053
SUM: 7400000
THREADS: 74
COUNT PER THREAD: 100000
SLOOPY VALUE: 512
TIME: 0.205442
SUM: 7400000
THREADS: 74
COUNT PER THREAD: 100000
SLOOPY VALUE: 512
TIME: 0.220784
SUM: 7400000
THREADS: 74
COUNT PER THREAD: 100000
SLOOPY VALUE: 512
TIME: 0.218012
SUM: 7400000
THREADS: 74
COUNT PER THREAD: 100000
SLOOPY VALUE: 512
TIME: 0.220167
SUM: 7400000
THREADS: 74
COUNT PER THREAD: 100000
SLOOPY VALUE: 512
TIME: 0.214491
SUM: 7400000
THREADS: 74
COUNT PER THREAD: 100000
SLOOPY VALUE: 512
TIME: 0.233756
SUM: 7400000
THREADS: 74
COUNT PER THREAD: 100000
SLOOPY VALUE: 512
TIME: 0.229033
SUM: 7400000
THREADS: 74
COUNT PER THREAD: 100000
SLOOPY VALUE: 512
TIME: 0.232482
SUM: 7400000
THREADS: 75
COUNT PER THREAD: 100000
SLOOPY VALUE: 512
TIME: 0.199959
SUM: 7500000
THREADS: 75
COUNT PER THREAD: 100000
SLOOPY VALUE: 512
TIME: 0.203830
SUM: 7500000
THREADS: 75
COUNT PER THREAD: 100000
SLOOPY VALUE: 512
TIME: 0.203078
SUM: 7500000
THREADS: 75
COUNT PER THREAD: 100000
SLOOPY VALUE: 512
TIME: 0.199003
SUM: 7500000
THREADS: 75
COUNT PER THREAD: 100000
SLOOPY VALUE: 512
TIME: 0.216838
SUM: 7500000
THREADS: 75
COUNT PER THREAD: 100000
SLOOPY VALUE: 512
TIME: 0.217123
SUM: 7500000
THREADS: 75
COUNT PER THREAD: 100000
SLOOPY VALUE: 512
TIME: 0.193616
SUM: 7500000
THREADS: 75
COUNT PER THREAD: 100000
SLOOPY VALUE: 512
TIME: 0.204622
SUM: 7500000
THREADS: 75
COUNT PER THREAD: 100000
SLOOPY VALUE: 512
TIME: 0.213367
SUM: 7500000
THREADS: 75
COUNT PER THREAD: 100000
SLOOPY VALUE: 512
TIME: 0.207304
SUM: 7500000
THREADS: 76
COUNT PER THREAD: 100000
SLOOPY VALUE: 512
TIME: 0.195687
SUM: 7600000
THREADS: 76
COUNT PER THREAD: 100000
SLOOPY VALUE: 512
TIME: 0.194171
SUM: 7600000
THREADS: 76
COUNT PER THREAD: 100000
SLOOPY VALUE: 512
TIME: 0.193348
SUM: 7600000
THREADS: 76
COUNT PER THREAD: 100000
SLOOPY VALUE: 512
TIME: 0.194828
SUM: 7600000
THREADS: 76
COUNT PER THREAD: 100000
SLOOPY VALUE: 512
TIME: 0.195677
SUM: 7600000
THREADS: 76
COUNT PER THREAD: 100000
SLOOPY VALUE: 512
TIME: 0.197609
SUM: 7600000
THREADS: 76
COUNT PER THREAD: 100000
SLOOPY VALUE: 512
TIME: 0.206373
SUM: 7600000
THREADS: 76
COUNT PER THREAD: 100000
SLOOPY VALUE: 512
TIME: 0.193799
SUM: 7600000
THREADS: 76
COUNT PER THREAD: 100000
SLOOPY VALUE: 512
TIME: 0.194817
SUM: 7600000
THREADS: 76
COUNT PER THREAD: 100000
SLOOPY VALUE: 512
TIME: 0.199617
SUM: 7600000
THREADS: 77
COUNT PER THREAD: 100000
SLOOPY VALUE: 512
TIME: 0.198213
SUM: 7700000
THREADS: 77
COUNT PER THREAD: 100000
SLOOPY VALUE: 512
TIME: 0.205861
SUM: 7700000
THREADS: 77
COUNT PER THREAD: 100000
SLOOPY VALUE: 512
TIME: 0.208881
SUM: 7700000
THREADS: 77
COUNT PER THREAD: 100000
SLOOPY VALUE: 512
TIME: 0.204224
SUM: 7700000
THREADS: 77
COUNT PER THREAD: 100000
SLOOPY VALUE: 512
TIME: 0.206535
SUM: 7700000
THREADS: 77
COUNT PER THREAD: 100000
SLOOPY VALUE: 512
TIME: 0.202629
SUM: 7700000
THREADS: 77
COUNT PER THREAD: 100000
SLOOPY VALUE: 512
TIME: 0.211200
SUM: 7700000
THREADS: 77
COUNT PER THREAD: 100000
SLOOPY VALUE: 512
TIME: 0.201399
SUM: 7700000
THREADS: 77
COUNT PER THREAD: 100000
SLOOPY VALUE: 512
TIME: 0.208908
SUM: 7700000
THREADS: 77
COUNT PER THREAD: 100000
SLOOPY VALUE: 512
TIME: 0.205288
SUM: 7700000
THREADS: 78
COUNT PER THREAD: 100000
SLOOPY VALUE: 512
TIME: 0.209898
SUM: 7800000
THREADS: 78
COUNT PER THREAD: 100000
SLOOPY VALUE: 512
TIME: 0.230208
SUM: 7800000
THREADS: 78
COUNT PER THREAD: 100000
SLOOPY VALUE: 512
TIME: 0.208900
SUM: 7800000
THREADS: 78
COUNT PER THREAD: 100000
SLOOPY VALUE: 512
TIME: 0.210183
SUM: 7800000
THREADS: 78
COUNT PER THREAD: 100000
SLOOPY VALUE: 512
TIME: 0.201382
SUM: 7800000
THREADS: 78
COUNT PER THREAD: 100000
SLOOPY VALUE: 512
TIME: 0.202253
SUM: 7800000
THREADS: 78
COUNT PER THREAD: 100000
SLOOPY VALUE: 512
TIME: 0.212882
SUM: 7800000
THREADS: 78
COUNT PER THREAD: 100000
SLOOPY VALUE: 512
TIME: 0.222460
SUM: 7800000
THREADS: 78
COUNT PER THREAD: 100000
SLOOPY VALUE: 512
TIME: 0.213435
SUM: 7800000
THREADS: 78
COUNT PER THREAD: 100000
SLOOPY VALUE: 512
TIME: 0.207948
SUM: 7800000
THREADS: 79
COUNT PER THREAD: 100000
SLOOPY VALUE: 512
TIME: 0.217724
SUM: 7900000
THREADS: 79
COUNT PER THREAD: 100000
SLOOPY VALUE: 512
TIME: 0.229851
SUM: 7900000
THREADS: 79
COUNT PER THREAD: 100000
SLOOPY VALUE: 512
TIME: 0.244901
SUM: 7900000
THREADS: 79
COUNT PER THREAD: 100000
SLOOPY VALUE: 512
TIME: 0.242107
SUM: 7900000
THREADS: 79
COUNT PER THREAD: 100000
SLOOPY VALUE: 512
TIME: 0.252042
SUM: 7900000
THREADS: 79
COUNT PER THREAD: 100000
SLOOPY VALUE: 512
TIME: 0.251298
SUM: 7900000
THREADS: 79
COUNT PER THREAD: 100000
SLOOPY VALUE: 512
TIME: 0.239965
SUM: 7900000
THREADS: 79
COUNT PER THREAD: 100000
SLOOPY VALUE: 512
TIME: 0.236320
SUM: 7900000
THREADS: 79
COUNT PER THREAD: 100000
SLOOPY VALUE: 512
TIME: 0.238529
SUM: 7900000
THREADS: 79
COUNT PER THREAD: 100000
SLOOPY VALUE: 512
TIME: 0.217831
SUM: 7900000
THREADS: 80
COUNT PER THREAD: 100000
SLOOPY VALUE: 512
TIME: 0.206946
SUM: 8000000
THREADS: 80
COUNT PER THREAD: 100000
SLOOPY VALUE: 512
TIME: 0.206907
SUM: 8000000
THREADS: 80
COUNT PER THREAD: 100000
SLOOPY VALUE: 512
TIME: 0.205247
SUM: 8000000
THREADS: 80
COUNT PER THREAD: 100000
SLOOPY VALUE: 512
TIME: 0.206675
SUM: 8000000
THREADS: 80
COUNT PER THREAD: 100000
SLOOPY VALUE: 512
TIME: 0.203270
SUM: 8000000
THREADS: 80
COUNT PER THREAD: 100000
SLOOPY VALUE: 512
TIME: 0.206181
SUM: 8000000
THREADS: 80
COUNT PER THREAD: 100000
SLOOPY VALUE: 512
TIME: 0.205257
SUM: 8000000
THREADS: 80
COUNT PER THREAD: 100000
SLOOPY VALUE: 512
TIME: 0.232093
SUM: 8000000
THREADS: 80
COUNT PER THREAD: 100000
SLOOPY VALUE: 512
TIME: 0.222023
SUM: 8000000
THREADS: 80
COUNT PER THREAD: 100000
SLOOPY VALUE: 512
TIME: 0.205865
SUM: 8000000
THREADS: 81
COUNT PER THREAD: 100000
SLOOPY VALUE: 512
TIME: 0.222242
SUM: 8100000
THREADS: 81
COUNT PER THREAD: 100000
SLOOPY VALUE: 512
TIME: 0.228847
SUM: 8100000
THREADS: 81
COUNT PER THREAD: 100000
SLOOPY VALUE: 512
TIME: 0.211581
SUM: 8100000
THREADS: 81
COUNT PER THREAD: 100000
SLOOPY VALUE: 512
TIME: 0.212943
SUM: 8100000
THREADS: 81
COUNT PER THREAD: 100000
SLOOPY VALUE: 512
TIME: 0.225870
SUM: 8100000
THREADS: 81
COUNT PER THREAD: 100000
SLOOPY VALUE: 512
TIME: 0.248581
SUM: 8100000
THREADS: 81
COUNT PER THREAD: 100000
SLOOPY VALUE: 512
TIME: 0.236847
SUM: 8100000
THREADS: 81
COUNT PER THREAD: 100000
SLOOPY VALUE: 512
TIME: 0.221857
SUM: 8100000
THREADS: 81
COUNT PER THREAD: 100000
SLOOPY VALUE: 512
TIME: 0.216211
SUM: 8100000
THREADS: 81
COUNT PER THREAD: 100000
SLOOPY VALUE: 512
TIME: 0.242071
SUM: 8100000
THREADS: 82
COUNT PER THREAD: 100000
SLOOPY VALUE: 512
TIME: 0.248550
SUM: 8200000
THREADS: 82
COUNT PER THREAD: 100000
SLOOPY VALUE: 512
TIME: 0.213339
SUM: 8200000
THREADS: 82
COUNT PER THREAD: 100000
SLOOPY VALUE: 512
TIME: 0.236013
SUM: 8200000
THREADS: 82
COUNT PER THREAD: 100000
SLOOPY VALUE: 512
TIME: 0.235559
SUM: 8200000
THREADS: 82
COUNT PER THREAD: 100000
SLOOPY VALUE: 512
TIME: 0.244602
SUM: 8200000
THREADS: 82
COUNT PER THREAD: 100000
SLOOPY VALUE: 512
TIME: 0.242356
SUM: 8200000
THREADS: 82
COUNT PER THREAD: 100000
SLOOPY VALUE: 512
TIME: 0.224263
SUM: 8200000
THREADS: 82
COUNT PER THREAD: 100000
SLOOPY VALUE: 512
TIME: 0.234800
SUM: 8200000
THREADS: 82
COUNT PER THREAD: 100000
SLOOPY VALUE: 512
TIME: 0.238439
SUM: 8200000
THREADS: 82
COUNT PER THREAD: 100000
SLOOPY VALUE: 512
TIME: 0.230730
SUM: 8200000
THREADS: 83
COUNT PER THREAD: 100000
SLOOPY VALUE: 512
TIME: 0.228843
SUM: 8300000
THREADS: 83
COUNT PER THREAD: 100000
SLOOPY VALUE: 512
TIME: 0.232632
SUM: 8300000
THREADS: 83
COUNT PER THREAD: 100000
SLOOPY VALUE: 512
TIME: 0.246340
SUM: 8300000
THREADS: 83
COUNT PER THREAD: 100000
SLOOPY VALUE: 512
TIME: 0.237821
SUM: 8300000
THREADS: 83
COUNT PER THREAD: 100000
SLOOPY VALUE: 512
TIME: 0.282051
SUM: 8300000
THREADS: 83
COUNT PER THREAD: 100000
SLOOPY VALUE: 512
TIME: 0.246684
SUM: 8300000
THREADS: 83
COUNT PER THREAD: 100000
SLOOPY VALUE: 512
TIME: 0.250175
SUM: 8300000
THREADS: 83
COUNT PER THREAD: 100000
SLOOPY VALUE: 512
TIME: 0.234907
SUM: 8300000
THREADS: 83
COUNT PER THREAD: 100000
SLOOPY VALUE: 512
TIME: 0.261824
SUM: 8300000
THREADS: 83
COUNT PER THREAD: 100000
SLOOPY VALUE: 512
TIME: 0.242129
SUM: 8300000
THREADS: 84
COUNT PER THREAD: 100000
SLOOPY VALUE: 512
TIME: 0.227625
SUM: 8400000
THREADS: 84
COUNT PER THREAD: 100000
SLOOPY VALUE: 512
TIME: 0.240985
SUM: 8400000
THREADS: 84
COUNT PER THREAD: 100000
SLOOPY VALUE: 512
TIME: 0.233048
SUM: 8400000
THREADS: 84
COUNT PER THREAD: 100000
SLOOPY VALUE: 512
TIME: 0.254397
SUM: 8400000
THREADS: 84
COUNT PER THREAD: 100000
SLOOPY VALUE: 512
TIME: 0.220481
SUM: 8400000
THREADS: 84
COUNT PER THREAD: 100000
SLOOPY VALUE: 512
TIME: 0.231299
SUM: 8400000
THREADS: 84
COUNT PER THREAD: 100000
SLOOPY VALUE: 512
TIME: 0.238820
SUM: 8400000
THREADS: 84
COUNT PER THREAD: 100000
SLOOPY VALUE: 512
TIME: 0.231710
SUM: 8400000
THREADS: 84
COUNT PER THREAD: 100000
SLOOPY VALUE: 512
TIME: 0.242553
SUM: 8400000
THREADS: 84
COUNT PER THREAD: 100000
SLOOPY VALUE: 512
TIME: 0.240173
SUM: 8400000
THREADS: 85
COUNT PER THREAD: 100000
SLOOPY VALUE: 512
TIME: 0.243733
SUM: 8500000
THREADS: 85
COUNT PER THREAD: 100000
SLOOPY VALUE: 512
TIME: 0.221601
SUM: 8500000
THREADS: 85
COUNT PER THREAD: 100000
SLOOPY VALUE: 512
TIME: 0.263245
SUM: 8500000
THREADS: 85
COUNT PER THREAD: 100000
SLOOPY VALUE: 512
TIME: 0.222949
SUM: 8500000
THREADS: 85
COUNT PER THREAD: 100000
SLOOPY VALUE: 512
TIME: 0.225113
SUM: 8500000
THREADS: 85
COUNT PER THREAD: 100000
SLOOPY VALUE: 512
TIME: 0.229870
SUM: 8500000
THREADS: 85
COUNT PER THREAD: 100000
SLOOPY VALUE: 512
TIME: 0.223045
SUM: 8500000
THREADS: 85
COUNT PER THREAD: 100000
SLOOPY VALUE: 512
TIME: 0.242144
SUM: 8500000
THREADS: 85
COUNT PER THREAD: 100000
SLOOPY VALUE: 512
TIME: 0.223804
SUM: 8500000
THREADS: 85
COUNT PER THREAD: 100000
SLOOPY VALUE: 512
TIME: 0.230262
SUM: 8500000
THREADS: 86
COUNT PER THREAD: 100000
SLOOPY VALUE: 512
TIME: 0.296188
SUM: 8600000
THREADS: 86
COUNT PER THREAD: 100000
SLOOPY VALUE: 512
TIME: 0.293735
SUM: 8600000
THREADS: 86
COUNT PER THREAD: 100000
SLOOPY VALUE: 512
TIME: 0.274168
SUM: 8600000
THREADS: 86
COUNT PER THREAD: 100000
SLOOPY VALUE: 512
TIME: 0.305572
SUM: 8600000
THREADS: 86
COUNT PER THREAD: 100000
SLOOPY VALUE: 512
TIME: 0.256294
SUM: 8600000
THREADS: 86
COUNT PER THREAD: 100000
SLOOPY VALUE: 512
TIME: 0.278048
SUM: 8600000
THREADS: 86
COUNT PER THREAD: 100000
SLOOPY VALUE: 512
TIME: 0.283169
SUM: 8600000
THREADS: 86
COUNT PER THREAD: 100000
SLOOPY VALUE: 512
TIME: 0.282195
SUM: 8600000
THREADS: 86
COUNT PER THREAD: 100000
SLOOPY VALUE: 512
TIME: 0.270394
SUM: 8600000
THREADS: 86
COUNT PER THREAD: 100000
SLOOPY VALUE: 512
TIME: 0.232348
SUM: 8600000
THREADS: 87
COUNT PER THREAD: 100000
SLOOPY VALUE: 512
TIME: 0.227582
SUM: 8700000
THREADS: 87
COUNT PER THREAD: 100000
SLOOPY VALUE: 512
TIME: 0.228326
SUM: 8700000
THREADS: 87
COUNT PER THREAD: 100000
SLOOPY VALUE: 512
TIME: 0.224611
SUM: 8700000
THREADS: 87
COUNT PER THREAD: 100000
SLOOPY VALUE: 512
TIME: 0.226915
SUM: 8700000
THREADS: 87
COUNT PER THREAD: 100000
SLOOPY VALUE: 512
TIME: 0.226056
SUM: 8700000
THREADS: 87
COUNT PER THREAD: 100000
SLOOPY VALUE: 512
TIME: 0.224303
SUM: 8700000
THREADS: 87
COUNT PER THREAD: 100000
SLOOPY VALUE: 512
TIME: 0.237796
SUM: 8700000
THREADS: 87
COUNT PER THREAD: 100000
SLOOPY VALUE: 512
TIME: 0.228188
SUM: 8700000
THREADS: 87
COUNT PER THREAD: 100000
SLOOPY VALUE: 512
TIME: 0.225134
SUM: 8700000
THREADS: 87
COUNT PER THREAD: 100000
SLOOPY VALUE: 512
TIME: 0.223329
SUM: 8700000
THREADS: 88
COUNT PER THREAD: 100000
SLOOPY VALUE: 512
TIME: 0.234250
SUM: 8800000
THREADS: 88
COUNT PER THREAD: 100000
SLOOPY VALUE: 512
TIME: 0.230765
SUM: 8800000
THREADS: 88
COUNT PER THREAD: 100000
SLOOPY VALUE: 512
TIME: 0.231227
SUM: 8800000
THREADS: 88
COUNT PER THREAD: 100000
SLOOPY VALUE: 512
TIME: 0.228584
SUM: 8800000
THREADS: 88
COUNT PER THREAD: 100000
SLOOPY VALUE: 512
TIME: 0.226135
SUM: 8800000
THREADS: 88
COUNT PER THREAD: 100000
SLOOPY VALUE: 512
TIME: 0.225756
SUM: 8800000
THREADS: 88
COUNT PER THREAD: 100000
SLOOPY VALUE: 512
TIME: 0.222532
SUM: 8800000
THREADS: 88
COUNT PER THREAD: 100000
SLOOPY VALUE: 512
TIME: 0.223671
SUM: 8800000
THREADS: 88
COUNT PER THREAD: 100000
SLOOPY VALUE: 512
TIME: 0.223328
SUM: 8800000
THREADS: 88
COUNT PER THREAD: 100000
SLOOPY VALUE: 512
TIME: 0.222495
SUM: 8800000
THREADS: 89
COUNT PER THREAD: 100000
SLOOPY VALUE: 512
TIME: 0.227910
SUM: 8900000
THREADS: 89
COUNT PER THREAD: 100000
SLOOPY VALUE: 512
TIME: 0.245940
SUM: 8900000
THREADS: 89
COUNT PER THREAD: 100000
SLOOPY VALUE: 512
TIME: 0.233196
SUM: 8900000
THREADS: 89
COUNT PER THREAD: 100000
SLOOPY VALUE: 512
TIME: 0.282359
SUM: 8900000
THREADS: 89
COUNT PER THREAD: 100000
SLOOPY VALUE: 512
TIME: 0.257140
SUM: 8900000
THREADS: 89
COUNT PER THREAD: 100000
SLOOPY VALUE: 512
TIME: 0.251794
SUM: 8900000
THREADS: 89
COUNT PER THREAD: 100000
SLOOPY VALUE: 512
TIME: 0.246390
SUM: 8900000
THREADS: 89
COUNT PER THREAD: 100000
SLOOPY VALUE: 512
TIME: 0.239511
SUM: 8900000
THREADS: 89
COUNT PER THREAD: 100000
SLOOPY VALUE: 512
TIME: 0.259856
SUM: 8900000
THREADS: 89
COUNT PER THREAD: 100000
SLOOPY VALUE: 512
TIME: 0.255111
SUM: 8900000
THREADS: 90
COUNT PER THREAD: 100000
SLOOPY VALUE: 512
TIME: 0.233144
SUM: 9000000
THREADS: 90
COUNT PER THREAD: 100000
SLOOPY VALUE: 512
TIME: 0.227434
SUM: 9000000
THREADS: 90
COUNT PER THREAD: 100000
SLOOPY VALUE: 512
TIME: 0.230221
SUM: 9000000
THREADS: 90
COUNT PER THREAD: 100000
SLOOPY VALUE: 512
TIME: 0.234374
SUM: 9000000
THREADS: 90
COUNT PER THREAD: 100000
SLOOPY VALUE: 512
TIME: 0.231213
SUM: 9000000
THREADS: 90
COUNT PER THREAD: 100000
SLOOPY VALUE: 512
TIME: 0.233927
SUM: 9000000
THREADS: 90
COUNT PER THREAD: 100000
SLOOPY VALUE: 512
TIME: 0.233575
SUM: 9000000
THREADS: 90
COUNT PER THREAD: 100000
SLOOPY VALUE: 512
TIME: 0.233417
SUM: 9000000
THREADS: 90
COUNT PER THREAD: 100000
SLOOPY VALUE: 512
TIME: 0.243414
SUM: 9000000
THREADS: 90
COUNT PER THREAD: 100000
SLOOPY VALUE: 512
TIME: 0.234900
SUM: 9000000
THREADS: 91
COUNT PER THREAD: 100000
SLOOPY VALUE: 512
TIME: 0.234558
SUM: 9100000
THREADS: 91
COUNT PER THREAD: 100000
SLOOPY VALUE: 512
TIME: 0.239257
SUM: 9100000
THREADS: 91
COUNT PER THREAD: 100000
SLOOPY VALUE: 512
TIME: 0.237414
SUM: 9100000
THREADS: 91
COUNT PER THREAD: 100000
SLOOPY VALUE: 512
TIME: 0.231095
SUM: 9100000
THREADS: 91
COUNT PER THREAD: 100000
SLOOPY VALUE: 512
TIME: 0.236674
SUM: 9100000
THREADS: 91
COUNT PER THREAD: 100000
SLOOPY VALUE: 512
TIME: 0.235780
SUM: 9100000
THREADS: 91
COUNT PER THREAD: 100000
SLOOPY VALUE: 512
TIME: 0.236265
SUM: 9100000
THREADS: 91
COUNT PER THREAD: 100000
SLOOPY VALUE: 512
TIME: 0.228239
SUM: 9100000
THREADS: 91
COUNT PER THREAD: 100000
SLOOPY VALUE: 512
TIME: 0.229001
SUM: 9100000
THREADS: 91
COUNT PER THREAD: 100000
SLOOPY VALUE: 512
TIME: 0.228548
SUM: 9100000
THREADS: 92
COUNT PER THREAD: 100000
SLOOPY VALUE: 512
TIME: 0.238518
SUM: 9200000
THREADS: 92
COUNT PER THREAD: 100000
SLOOPY VALUE: 512
TIME: 0.232593
SUM: 9200000
THREADS: 92
COUNT PER THREAD: 100000
SLOOPY VALUE: 512
TIME: 0.241734
SUM: 9200000
THREADS: 92
COUNT PER THREAD: 100000
SLOOPY VALUE: 512
TIME: 0.236448
SUM: 9200000
THREADS: 92
COUNT PER THREAD: 100000
SLOOPY VALUE: 512
TIME: 0.237116
SUM: 9200000
THREADS: 92
COUNT PER THREAD: 100000
SLOOPY VALUE: 512
TIME: 0.235517
SUM: 9200000
THREADS: 92
COUNT PER THREAD: 100000
SLOOPY VALUE: 512
TIME: 0.237881
SUM: 9200000
THREADS: 92
COUNT PER THREAD: 100000
SLOOPY VALUE: 512
TIME: 0.237384
SUM: 9200000
THREADS: 92
COUNT PER THREAD: 100000
SLOOPY VALUE: 512
TIME: 0.233926
SUM: 9200000
THREADS: 92
COUNT PER THREAD: 100000
SLOOPY VALUE: 512
TIME: 0.241042
SUM: 9200000
THREADS: 93
COUNT PER THREAD: 100000
SLOOPY VALUE: 512
TIME: 0.263871
SUM: 9300000
THREADS: 93
COUNT PER THREAD: 100000
SLOOPY VALUE: 512
TIME: 0.293131
SUM: 9300000
THREADS: 93
COUNT PER THREAD: 100000
SLOOPY VALUE: 512
TIME: 0.245404
SUM: 9300000
THREADS: 93
COUNT PER THREAD: 100000
SLOOPY VALUE: 512
TIME: 0.256792
SUM: 9300000
THREADS: 93
COUNT PER THREAD: 100000
SLOOPY VALUE: 512
TIME: 0.253181
SUM: 9300000
THREADS: 93
COUNT PER THREAD: 100000
SLOOPY VALUE: 512
TIME: 0.245781
SUM: 9300000
THREADS: 93
COUNT PER THREAD: 100000
SLOOPY VALUE: 512
TIME: 0.252869
SUM: 9300000
THREADS: 93
COUNT PER THREAD: 100000
SLOOPY VALUE: 512
TIME: 0.252350
SUM: 9300000
THREADS: 93
COUNT PER THREAD: 100000
SLOOPY VALUE: 512
TIME: 0.249928
SUM: 9300000
THREADS: 93
COUNT PER THREAD: 100000
SLOOPY VALUE: 512
TIME: 0.244513
SUM: 9300000
THREADS: 94
COUNT PER THREAD: 100000
SLOOPY VALUE: 512
TIME: 0.242577
SUM: 9400000
THREADS: 94
COUNT PER THREAD: 100000
SLOOPY VALUE: 512
TIME: 0.242950
SUM: 9400000
THREADS: 94
COUNT PER THREAD: 100000
SLOOPY VALUE: 512
TIME: 0.242086
SUM: 9400000
THREADS: 94
COUNT PER THREAD: 100000
SLOOPY VALUE: 512
TIME: 0.239502
SUM: 9400000
THREADS: 94
COUNT PER THREAD: 100000
SLOOPY VALUE: 512
TIME: 0.246640
SUM: 9400000
THREADS: 94
COUNT PER THREAD: 100000
SLOOPY VALUE: 512
TIME: 0.241148
SUM: 9400000
THREADS: 94
COUNT PER THREAD: 100000
SLOOPY VALUE: 512
TIME: 0.237679
SUM: 9400000
THREADS: 94
COUNT PER THREAD: 100000
SLOOPY VALUE: 512
TIME: 0.243731
SUM: 9400000
THREADS: 94
COUNT PER THREAD: 100000
SLOOPY VALUE: 512
TIME: 0.242668
SUM: 9400000
THREADS: 94
COUNT PER THREAD: 100000
SLOOPY VALUE: 512
TIME: 0.245042
SUM: 9400000
THREADS: 95
COUNT PER THREAD: 100000
SLOOPY VALUE: 512
TIME: 0.272653
SUM: 9500000
THREADS: 95
COUNT PER THREAD: 100000
SLOOPY VALUE: 512
TIME: 0.276747
SUM: 9500000
THREADS: 95
COUNT PER THREAD: 100000
SLOOPY VALUE: 512
TIME: 0.273663
SUM: 9500000
THREADS: 95
COUNT PER THREAD: 100000
SLOOPY VALUE: 512
TIME: 0.266679
SUM: 9500000
THREADS: 95
COUNT PER THREAD: 100000
SLOOPY VALUE: 512
TIME: 0.274949
SUM: 9500000
THREADS: 95
COUNT PER THREAD: 100000
SLOOPY VALUE: 512
TIME: 0.271531
SUM: 9500000
THREADS: 95
COUNT PER THREAD: 100000
SLOOPY VALUE: 512
TIME: 0.284610
SUM: 9500000
THREADS: 95
COUNT PER THREAD: 100000
SLOOPY VALUE: 512
TIME: 0.280629
SUM: 9500000
THREADS: 95
COUNT PER THREAD: 100000
SLOOPY VALUE: 512
TIME: 0.260431
SUM: 9500000
THREADS: 95
COUNT PER THREAD: 100000
SLOOPY VALUE: 512
TIME: 0.279377
SUM: 9500000
THREADS: 96
COUNT PER THREAD: 100000
SLOOPY VALUE: 512
TIME: 0.300496
SUM: 9600000
THREADS: 96
COUNT PER THREAD: 100000
SLOOPY VALUE: 512
TIME: 0.248160
SUM: 9600000
THREADS: 96
COUNT PER THREAD: 100000
SLOOPY VALUE: 512
TIME: 0.259834
SUM: 9600000
THREADS: 96
COUNT PER THREAD: 100000
SLOOPY VALUE: 512
TIME: 0.305690
SUM: 9600000
THREADS: 96
COUNT PER THREAD: 100000
SLOOPY VALUE: 512
TIME: 0.251957
SUM: 9600000
THREADS: 96
COUNT PER THREAD: 100000
SLOOPY VALUE: 512
TIME: 0.316420
SUM: 9600000
THREADS: 96
COUNT PER THREAD: 100000
SLOOPY VALUE: 512
TIME: 0.302579
SUM: 9600000
THREADS: 96
COUNT PER THREAD: 100000
SLOOPY VALUE: 512
TIME: 0.290603
SUM: 9600000
THREADS: 96
COUNT PER THREAD: 100000
SLOOPY VALUE: 512
TIME: 0.261369
SUM: 9600000
THREADS: 96
COUNT PER THREAD: 100000
SLOOPY VALUE: 512
TIME: 0.279106
SUM: 9600000
THREADS: 97
COUNT PER THREAD: 100000
SLOOPY VALUE: 512
TIME: 0.254045
SUM: 9700000
THREADS: 97
COUNT PER THREAD: 100000
SLOOPY VALUE: 512
TIME: 0.260907
SUM: 9700000
THREADS: 97
COUNT PER THREAD: 100000
SLOOPY VALUE: 512
TIME: 0.256196
SUM: 9700000
THREADS: 97
COUNT PER THREAD: 100000
SLOOPY VALUE: 512
TIME: 0.277129
SUM: 9700000
THREADS: 97
COUNT PER THREAD: 100000
SLOOPY VALUE: 512
TIME: 0.256906
SUM: 9700000
THREADS: 97
COUNT PER THREAD: 100000
SLOOPY VALUE: 512
TIME: 0.250574
SUM: 9700000
THREADS: 97
COUNT PER THREAD: 100000
SLOOPY VALUE: 512
TIME: 0.254942
SUM: 9700000
THREADS: 97
COUNT PER THREAD: 100000
SLOOPY VALUE: 512
TIME: 0.277126
SUM: 9700000
THREADS: 97
COUNT PER THREAD: 100000
SLOOPY VALUE: 512
TIME: 0.288985
SUM: 9700000
THREADS: 97
COUNT PER THREAD: 100000
SLOOPY VALUE: 512
TIME: 0.257081
SUM: 9700000
THREADS: 98
COUNT PER THREAD: 100000
SLOOPY VALUE: 512
TIME: 0.262870
SUM: 9800000
THREADS: 98
COUNT PER THREAD: 100000
SLOOPY VALUE: 512
TIME: 0.292542
SUM: 9800000
THREADS: 98
COUNT PER THREAD: 100000
SLOOPY VALUE: 512
TIME: 0.295675
SUM: 9800000
THREADS: 98
COUNT PER THREAD: 100000
SLOOPY VALUE: 512
TIME: 0.267360
SUM: 9800000
THREADS: 98
COUNT PER THREAD: 100000
SLOOPY VALUE: 512
TIME: 0.296698
SUM: 9800000
THREADS: 98
COUNT PER THREAD: 100000
SLOOPY VALUE: 512
TIME: 0.294185
SUM: 9800000
THREADS: 98
COUNT PER THREAD: 100000
SLOOPY VALUE: 512
TIME: 0.293198
SUM: 9800000
THREADS: 98
COUNT PER THREAD: 100000
SLOOPY VALUE: 512
TIME: 0.267698
SUM: 9800000
THREADS: 98
COUNT PER THREAD: 100000
SLOOPY VALUE: 512
TIME: 0.291647
SUM: 9800000
THREADS: 98
COUNT PER THREAD: 100000
SLOOPY VALUE: 512
TIME: 0.287153
SUM: 9800000
THREADS: 99
COUNT PER THREAD: 100000
SLOOPY VALUE: 512
TIME: 0.274005
SUM: 9900000
THREADS: 99
COUNT PER THREAD: 100000
SLOOPY VALUE: 512
TIME: 0.262895
SUM: 9900000
THREADS: 99
COUNT PER THREAD: 100000
SLOOPY VALUE: 512
TIME: 0.256106
SUM: 9900000
THREADS: 99
COUNT PER THREAD: 100000
SLOOPY VALUE: 512
TIME: 0.279250
SUM: 9900000
THREADS: 99
COUNT PER THREAD: 100000
SLOOPY VALUE: 512
TIME: 0.260199
SUM: 9900000
THREADS: 99
COUNT PER THREAD: 100000
SLOOPY VALUE: 512
TIME: 0.301318
SUM: 9900000
THREADS: 99
COUNT PER THREAD: 100000
SLOOPY VALUE: 512
TIME: 0.284491
SUM: 9900000
THREADS: 99
COUNT PER THREAD: 100000
SLOOPY VALUE: 512
TIME: 0.261321
SUM: 9900000
THREADS: 99
COUNT PER THREAD: 100000
SLOOPY VALUE: 512
TIME: 0.287231
SUM: 9900000
THREADS: 99
COUNT PER THREAD: 100000
SLOOPY VALUE: 512
TIME: 0.279256
SUM: 9900000
THREADS: 100
COUNT PER THREAD: 100000
SLOOPY VALUE: 512
TIME: 0.293809
SUM: 10000000
THREADS: 100
COUNT PER THREAD: 100000
SLOOPY VALUE: 512
TIME: 0.288327
SUM: 10000000
THREADS: 100
COUNT PER THREAD: 100000
SLOOPY VALUE: 512
TIME: 0.268847
SUM: 10000000
THREADS: 100
COUNT PER THREAD: 100000
SLOOPY VALUE: 512
TIME: 0.290573
SUM: 10000000
THREADS: 100
COUNT PER THREAD: 100000
SLOOPY VALUE: 512
TIME: 0.269876
SUM: 10000000
THREADS: 100
COUNT PER THREAD: 100000
SLOOPY VALUE: 512
TIME: 0.283364
SUM: 10000000
THREADS: 100
COUNT PER THREAD: 100000
SLOOPY VALUE: 512
TIME: 0.292879
SUM: 10000000
THREADS: 100
COUNT PER THREAD: 100000
SLOOPY VALUE: 512
TIME: 0.301529
SUM: 10000000
THREADS: 100
COUNT PER THREAD: 100000
SLOOPY VALUE: 512
TIME: 0.273595
SUM: 10000000
THREADS: 100
COUNT PER THREAD: 100000
SLOOPY VALUE: 512
TIME: 0.305619
SUM: 10000000
