THREADS: 1
COUNT PER THREAD: 1000000
SLOOPY VALUE: 1
TIME: 0.047618
SUM: 1000000
THREADS: 1
COUNT PER THREAD: 1000000
SLOOPY VALUE: 1
TIME: 0.073648
SUM: 1000000
THREADS: 1
COUNT PER THREAD: 1000000
SLOOPY VALUE: 1
TIME: 0.047144
SUM: 1000000
THREADS: 1
COUNT PER THREAD: 1000000
SLOOPY VALUE: 1
TIME: 0.049295
SUM: 1000000
THREADS: 1
COUNT PER THREAD: 1000000
SLOOPY VALUE: 1
TIME: 0.062079
SUM: 1000000
THREADS: 1
COUNT PER THREAD: 1000000
SLOOPY VALUE: 1
TIME: 0.053195
SUM: 1000000
THREADS: 1
COUNT PER THREAD: 1000000
SLOOPY VALUE: 1
TIME: 0.071677
SUM: 1000000
THREADS: 1
COUNT PER THREAD: 1000000
SLOOPY VALUE: 1
TIME: 0.049967
SUM: 1000000
THREADS: 1
COUNT PER THREAD: 1000000
SLOOPY VALUE: 1
TIME: 0.062756
SUM: 1000000
THREADS: 1
COUNT PER THREAD: 1000000
SLOOPY VALUE: 1
TIME: 0.056129
SUM: 1000000
THREADS: 2
COUNT PER THREAD: 1000000
SLOOPY VALUE: 1
TIME: 0.121386
SUM: 2000000
THREADS: 2
COUNT PER THREAD: 1000000
SLOOPY VALUE: 1
TIME: 0.122682
SUM: 2000000
THREADS: 2
COUNT PER THREAD: 1000000
SLOOPY VALUE: 1
TIME: 0.094500
SUM: 2000000
THREADS: 2
COUNT PER THREAD: 1000000
SLOOPY VALUE: 1
TIME: 0.118875
SUM: 2000000
THREADS: 2
COUNT PER THREAD: 1000000
SLOOPY VALUE: 1
TIME: 0.118149
SUM: 2000000
THREADS: 2
COUNT PER THREAD: 1000000
SLOOPY VALUE: 1
TIME: 0.134968
SUM: 2000000
THREADS: 2
COUNT PER THREAD: 1000000
SLOOPY VALUE: 1
TIME: 0.129825
SUM: 2000000
THREADS: 2
COUNT PER THREAD: 1000000
SLOOPY VALUE: 1
TIME: 0.121932
SUM: 2000000
THREADS: 2
COUNT PER THREAD: 1000000
SLOOPY VALUE: 1
TIME: 0.141855
SUM: 2000000
THREADS: 2
COUNT PER THREAD: 1000000
SLOOPY VALUE: 1
TIME: 0.107660
SUM: 2000000
THREADS: 3
COUNT PER THREAD: 1000000
SLOOPY VALUE: 1
TIME: 0.154081
SUM: 3000000
THREADS: 3
COUNT PER THREAD: 1000000
SLOOPY VALUE: 1
TIME: 0.173905
SUM: 3000000
THREADS: 3
COUNT PER THREAD: 1000000
SLOOPY VALUE: 1
TIME: 0.178713
SUM: 3000000
THREADS: 3
COUNT PER THREAD: 1000000
SLOOPY VALUE: 1
TIME: 0.179277
SUM: 3000000
THREADS: 3
COUNT PER THREAD: 1000000
SLOOPY VALUE: 1
TIME: 0.174115
SUM: 3000000
THREADS: 3
COUNT PER THREAD: 1000000
SLOOPY VALUE: 1
TIME: 0.186306
SUM: 3000000
THREADS: 3
COUNT PER THREAD: 1000000
SLOOPY VALUE: 1
TIME: 0.178816
SUM: 3000000
THREADS: 3
COUNT PER THREAD: 1000000
SLOOPY VALUE: 1
TIME: 0.155144
SUM: 3000000
THREADS: 3
COUNT PER THREAD: 1000000
SLOOPY VALUE: 1
TIME: 0.156715
SUM: 3000000
THREADS: 3
COUNT PER THREAD: 1000000
SLOOPY VALUE: 1
TIME: 0.153095
SUM: 3000000
THREADS: 4
COUNT PER THREAD: 1000000
SLOOPY VALUE: 1
TIME: 0.204157
SUM: 4000000
THREADS: 4
COUNT PER THREAD: 1000000
SLOOPY VALUE: 1
TIME: 0.201778
SUM: 4000000
THREADS: 4
COUNT PER THREAD: 1000000
SLOOPY VALUE: 1
TIME: 0.233636
SUM: 4000000
THREADS: 4
COUNT PER THREAD: 1000000
SLOOPY VALUE: 1
TIME: 0.216567
SUM: 4000000
THREADS: 4
COUNT PER THREAD: 1000000
SLOOPY VALUE: 1
TIME: 0.227816
SUM: 4000000
THREADS: 4
COUNT PER THREAD: 1000000
SLOOPY VALUE: 1
TIME: 0.225540
SUM: 4000000
THREADS: 4
COUNT PER THREAD: 1000000
SLOOPY VALUE: 1
TIME: 0.210447
SUM: 4000000
THREADS: 4
COUNT PER THREAD: 1000000
SLOOPY VALUE: 1
TIME: 0.206159
SUM: 4000000
THREADS: 4
COUNT PER THREAD: 1000000
SLOOPY VALUE: 1
TIME: 0.202341
SUM: 4000000
THREADS: 4
COUNT PER THREAD: 1000000
SLOOPY VALUE: 1
TIME: 0.202482
SUM: 4000000
THREADS: 5
COUNT PER THREAD: 1000000
SLOOPY VALUE: 1
TIME: 0.286024
SUM: 5000000
THREADS: 5
COUNT PER THREAD: 1000000
SLOOPY VALUE: 1
TIME: 0.335659
SUM: 5000000
THREADS: 5
COUNT PER THREAD: 1000000
SLOOPY VALUE: 1
TIME: 0.312138
SUM: 5000000
THREADS: 5
COUNT PER THREAD: 1000000
SLOOPY VALUE: 1
TIME: 0.339635
SUM: 5000000
THREADS: 5
COUNT PER THREAD: 1000000
SLOOPY VALUE: 1
TIME: 0.302295
SUM: 5000000
THREADS: 5
COUNT PER THREAD: 1000000
SLOOPY VALUE: 1
TIME: 0.298007
SUM: 5000000
THREADS: 5
COUNT PER THREAD: 1000000
SLOOPY VALUE: 1
TIME: 0.265130
SUM: 5000000
THREADS: 5
COUNT PER THREAD: 1000000
SLOOPY VALUE: 1
TIME: 0.282718
SUM: 5000000
THREADS: 5
COUNT PER THREAD: 1000000
SLOOPY VALUE: 1
TIME: 0.263813
SUM: 5000000
THREADS: 5
COUNT PER THREAD: 1000000
SLOOPY VALUE: 1
TIME: 0.299537
SUM: 5000000
THREADS: 6
COUNT PER THREAD: 1000000
SLOOPY VALUE: 1
TIME: 0.337224
SUM: 6000000
THREADS: 6
COUNT PER THREAD: 1000000
SLOOPY VALUE: 1
TIME: 0.330930
SUM: 6000000
THREADS: 6
COUNT PER THREAD: 1000000
SLOOPY VALUE: 1
TIME: 0.306595
SUM: 6000000
THREADS: 6
COUNT PER THREAD: 1000000
SLOOPY VALUE: 1
TIME: 0.309059
SUM: 6000000
THREADS: 6
COUNT PER THREAD: 1000000
SLOOPY VALUE: 1
TIME: 0.306147
SUM: 6000000
THREADS: 6
COUNT PER THREAD: 1000000
SLOOPY VALUE: 1
TIME: 0.311481
SUM: 6000000
THREADS: 6
COUNT PER THREAD: 1000000
SLOOPY VALUE: 1
TIME: 0.312241
SUM: 6000000
THREADS: 6
COUNT PER THREAD: 1000000
SLOOPY VALUE: 1
TIME: 0.309554
SUM: 6000000
THREADS: 6
COUNT PER THREAD: 1000000
SLOOPY VALUE: 1
TIME: 0.307633
SUM: 6000000
THREADS: 6
COUNT PER THREAD: 1000000
SLOOPY VALUE: 1
TIME: 0.313882
SUM: 6000000
THREADS: 7
COUNT PER THREAD: 1000000
SLOOPY VALUE: 1
TIME: 0.352062
SUM: 7000000
THREADS: 7
COUNT PER THREAD: 1000000
SLOOPY VALUE: 1
TIME: 0.344702
SUM: 7000000
THREADS: 7
COUNT PER THREAD: 1000000
SLOOPY VALUE: 1
TIME: 0.346178
SUM: 7000000
THREADS: 7
COUNT PER THREAD: 1000000
SLOOPY VALUE: 1
TIME: 0.343527
SUM: 7000000
THREADS: 7
COUNT PER THREAD: 1000000
SLOOPY VALUE: 1
TIME: 0.346708
SUM: 7000000
THREADS: 7
COUNT PER THREAD: 1000000
SLOOPY VALUE: 1
TIME: 0.346908
SUM: 7000000
THREADS: 7
COUNT PER THREAD: 1000000
SLOOPY VALUE: 1
TIME: 0.353748
SUM: 7000000
THREADS: 7
COUNT PER THREAD: 1000000
SLOOPY VALUE: 1
TIME: 0.347606
SUM: 7000000
THREADS: 7
COUNT PER THREAD: 1000000
SLOOPY VALUE: 1
TIME: 0.352593
SUM: 7000000
THREADS: 7
COUNT PER THREAD: 1000000
SLOOPY VALUE: 1
TIME: 0.345496
SUM: 7000000
THREADS: 8
COUNT PER THREAD: 1000000
SLOOPY VALUE: 1
TIME: 0.396233
SUM: 8000000
THREADS: 8
COUNT PER THREAD: 1000000
SLOOPY VALUE: 1
TIME: 0.459340
SUM: 8000000
THREADS: 8
COUNT PER THREAD: 1000000
SLOOPY VALUE: 1
TIME: 0.495919
SUM: 8000000
THREADS: 8
COUNT PER THREAD: 1000000
SLOOPY VALUE: 1
TIME: 0.498724
SUM: 8000000
THREADS: 8
COUNT PER THREAD: 1000000
SLOOPY VALUE: 1
TIME: 0.420795
SUM: 8000000
THREADS: 8
COUNT PER THREAD: 1000000
SLOOPY VALUE: 1
TIME: 0.420341
SUM: 8000000
THREADS: 8
COUNT PER THREAD: 1000000
SLOOPY VALUE: 1
TIME: 0.483343
SUM: 8000000
THREADS: 8
COUNT PER THREAD: 1000000
SLOOPY VALUE: 1
TIME: 0.451458
SUM: 8000000
THREADS: 8
COUNT PER THREAD: 1000000
SLOOPY VALUE: 1
TIME: 0.446136
SUM: 8000000
THREADS: 8
COUNT PER THREAD: 1000000
SLOOPY VALUE: 1
TIME: 0.423330
SUM: 8000000
THREADS: 9
COUNT PER THREAD: 1000000
SLOOPY VALUE: 1
TIME: 0.511079
SUM: 9000000
THREADS: 9
COUNT PER THREAD: 1000000
SLOOPY VALUE: 1
TIME: 0.505878
SUM: 9000000
THREADS: 9
COUNT PER THREAD: 1000000
SLOOPY VALUE: 1
TIME: 0.478015
SUM: 9000000
THREADS: 9
COUNT PER THREAD: 1000000
SLOOPY VALUE: 1
TIME: 0.502044
SUM: 9000000
THREADS: 9
COUNT PER THREAD: 1000000
SLOOPY VALUE: 1
TIME: 0.500542
SUM: 9000000
THREADS: 9
COUNT PER THREAD: 1000000
SLOOPY VALUE: 1
TIME: 0.495399
SUM: 9000000
THREADS: 9
COUNT PER THREAD: 1000000
SLOOPY VALUE: 1
TIME: 0.510096
SUM: 9000000
THREADS: 9
COUNT PER THREAD: 1000000
SLOOPY VALUE: 1
TIME: 0.493984
SUM: 9000000
THREADS: 9
COUNT PER THREAD: 1000000
SLOOPY VALUE: 1
TIME: 0.512141
SUM: 9000000
THREADS: 9
COUNT PER THREAD: 1000000
SLOOPY VALUE: 1
TIME: 0.520455
SUM: 9000000
THREADS: 10
COUNT PER THREAD: 1000000
SLOOPY VALUE: 1
TIME: 0.559098
SUM: 10000000
THREADS: 10
COUNT PER THREAD: 1000000
SLOOPY VALUE: 1
TIME: 0.589814
SUM: 10000000
THREADS: 10
COUNT PER THREAD: 1000000
SLOOPY VALUE: 1
TIME: 0.565317
SUM: 10000000
THREADS: 10
COUNT PER THREAD: 1000000
SLOOPY VALUE: 1
TIME: 0.565619
SUM: 10000000
THREADS: 10
COUNT PER THREAD: 1000000
SLOOPY VALUE: 1
TIME: 0.562942
SUM: 10000000
THREADS: 10
COUNT PER THREAD: 1000000
SLOOPY VALUE: 1
TIME: 0.567375
SUM: 10000000
THREADS: 10
COUNT PER THREAD: 1000000
SLOOPY VALUE: 1
TIME: 0.528701
SUM: 10000000
THREADS: 10
COUNT PER THREAD: 1000000
SLOOPY VALUE: 1
TIME: 0.565982
SUM: 10000000
THREADS: 10
COUNT PER THREAD: 1000000
SLOOPY VALUE: 1
TIME: 0.633896
SUM: 10000000
THREADS: 10
COUNT PER THREAD: 1000000
SLOOPY VALUE: 1
TIME: 0.646408
SUM: 10000000
THREADS: 11
COUNT PER THREAD: 1000000
SLOOPY VALUE: 1
TIME: 0.681559
SUM: 11000000
THREADS: 11
COUNT PER THREAD: 1000000
SLOOPY VALUE: 1
TIME: 0.708003
SUM: 11000000
THREADS: 11
COUNT PER THREAD: 1000000
SLOOPY VALUE: 1
TIME: 0.639399
SUM: 11000000
THREADS: 11
COUNT PER THREAD: 1000000
SLOOPY VALUE: 1
TIME: 0.621822
SUM: 11000000
THREADS: 11
COUNT PER THREAD: 1000000
SLOOPY VALUE: 1
TIME: 0.671277
SUM: 11000000
THREADS: 11
COUNT PER THREAD: 1000000
SLOOPY VALUE: 1
TIME: 0.753944
SUM: 11000000
THREADS: 11
COUNT PER THREAD: 1000000
SLOOPY VALUE: 1
TIME: 0.644659
SUM: 11000000
THREADS: 11
COUNT PER THREAD: 1000000
SLOOPY VALUE: 1
TIME: 0.638200
SUM: 11000000
THREADS: 11
COUNT PER THREAD: 1000000
SLOOPY VALUE: 1
TIME: 0.717636
SUM: 11000000
THREADS: 11
COUNT PER THREAD: 1000000
SLOOPY VALUE: 1
TIME: 0.637984
SUM: 11000000
THREADS: 12
COUNT PER THREAD: 1000000
SLOOPY VALUE: 1
TIME: 0.722924
SUM: 12000000
THREADS: 12
COUNT PER THREAD: 1000000
SLOOPY VALUE: 1
TIME: 0.673591
SUM: 12000000
THREADS: 12
COUNT PER THREAD: 1000000
SLOOPY VALUE: 1
TIME: 0.657554
SUM: 12000000
THREADS: 12
COUNT PER THREAD: 1000000
SLOOPY VALUE: 1
TIME: 0.760839
SUM: 12000000
THREADS: 12
COUNT PER THREAD: 1000000
SLOOPY VALUE: 1
TIME: 0.753238
SUM: 12000000
THREADS: 12
COUNT PER THREAD: 1000000
SLOOPY VALUE: 1
TIME: 0.692374
SUM: 12000000
THREADS: 12
COUNT PER THREAD: 1000000
SLOOPY VALUE: 1
TIME: 0.686668
SUM: 12000000
THREADS: 12
COUNT PER THREAD: 1000000
SLOOPY VALUE: 1
TIME: 0.739428
SUM: 12000000
THREADS: 12
COUNT PER THREAD: 1000000
SLOOPY VALUE: 1
TIME: 0.736397
SUM: 12000000
THREADS: 12
COUNT PER THREAD: 1000000
SLOOPY VALUE: 1
TIME: 0.714319
SUM: 12000000
THREADS: 13
COUNT PER THREAD: 1000000
SLOOPY VALUE: 1
TIME: 0.800721
SUM: 13000000
THREADS: 13
COUNT PER THREAD: 1000000
SLOOPY VALUE: 1
TIME: 0.747990
SUM: 13000000
THREADS: 13
COUNT PER THREAD: 1000000
SLOOPY VALUE: 1
TIME: 0.708527
SUM: 13000000
THREADS: 13
COUNT PER THREAD: 1000000
SLOOPY VALUE: 1
TIME: 0.694907
SUM: 13000000
THREADS: 13
COUNT PER THREAD: 1000000
SLOOPY VALUE: 1
TIME: 0.709651
SUM: 13000000
THREADS: 13
COUNT PER THREAD: 1000000
SLOOPY VALUE: 1
TIME: 0.729942
SUM: 13000000
THREADS: 13
COUNT PER THREAD: 1000000
SLOOPY VALUE: 1
TIME: 0.728227
SUM: 13000000
THREADS: 13
COUNT PER THREAD: 1000000
SLOOPY VALUE: 1
TIME: 0.713615
SUM: 13000000
THREADS: 13
COUNT PER THREAD: 1000000
SLOOPY VALUE: 1
TIME: 0.698748
SUM: 13000000
THREADS: 13
COUNT PER THREAD: 1000000
SLOOPY VALUE: 1
TIME: 0.696399
SUM: 13000000
THREADS: 14
COUNT PER THREAD: 1000000
SLOOPY VALUE: 1
TIME: 0.757126
SUM: 14000000
THREADS: 14
COUNT PER THREAD: 1000000
SLOOPY VALUE: 1
TIME: 0.746305
SUM: 14000000
THREADS: 14
COUNT PER THREAD: 1000000
SLOOPY VALUE: 1
TIME: 0.728023
SUM: 14000000
THREADS: 14
COUNT PER THREAD: 1000000
SLOOPY VALUE: 1
TIME: 0.771813
SUM: 14000000
THREADS: 14
COUNT PER THREAD: 1000000
SLOOPY VALUE: 1
TIME: 0.780707
SUM: 14000000
THREADS: 14
COUNT PER THREAD: 1000000
SLOOPY VALUE: 1
TIME: 0.739635
SUM: 14000000
THREADS: 14
COUNT PER THREAD: 1000000
SLOOPY VALUE: 1
TIME: 0.753492
SUM: 14000000
THREADS: 14
COUNT PER THREAD: 1000000
SLOOPY VALUE: 1
TIME: 0.764318
SUM: 14000000
THREADS: 14
COUNT PER THREAD: 1000000
SLOOPY VALUE: 1
TIME: 0.748639
SUM: 14000000
THREADS: 14
COUNT PER THREAD: 1000000
SLOOPY VALUE: 1
TIME: 0.763561
SUM: 14000000
THREADS: 15
COUNT PER THREAD: 1000000
SLOOPY VALUE: 1
TIME: 0.858679
SUM: 15000000
THREADS: 15
COUNT PER THREAD: 1000000
SLOOPY VALUE: 1
TIME: 0.843878
SUM: 15000000
THREADS: 15
COUNT PER THREAD: 1000000
SLOOPY VALUE: 1
TIME: 0.787969
SUM: 15000000
THREADS: 15
COUNT PER THREAD: 1000000
SLOOPY VALUE: 1
TIME: 0.774715
SUM: 15000000
THREADS: 15
COUNT PER THREAD: 1000000
SLOOPY VALUE: 1
TIME: 0.757430
SUM: 15000000
THREADS: 15
COUNT PER THREAD: 1000000
SLOOPY VALUE: 1
TIME: 0.740689
SUM: 15000000
THREADS: 15
COUNT PER THREAD: 1000000
SLOOPY VALUE: 1
TIME: 0.745496
SUM: 15000000
THREADS: 15
COUNT PER THREAD: 1000000
SLOOPY VALUE: 1
TIME: 0.758632
SUM: 15000000
THREADS: 15
COUNT PER THREAD: 1000000
SLOOPY VALUE: 1
TIME: 0.822668
SUM: 15000000
THREADS: 15
COUNT PER THREAD: 1000000
SLOOPY VALUE: 1
TIME: 0.827091
SUM: 15000000
THREADS: 16
COUNT PER THREAD: 1000000
SLOOPY VALUE: 1
TIME: 0.866220
SUM: 16000000
THREADS: 16
COUNT PER THREAD: 1000000
SLOOPY VALUE: 1
TIME: 0.871501
SUM: 16000000
THREADS: 16
COUNT PER THREAD: 1000000
SLOOPY VALUE: 1
TIME: 0.863814
SUM: 16000000
THREADS: 16
COUNT PER THREAD: 1000000
SLOOPY VALUE: 1
TIME: 0.886171
SUM: 16000000
THREADS: 16
COUNT PER THREAD: 1000000
SLOOPY VALUE: 1
TIME: 0.855355
SUM: 16000000
THREADS: 16
COUNT PER THREAD: 1000000
SLOOPY VALUE: 1
TIME: 0.843406
SUM: 16000000
THREADS: 16
COUNT PER THREAD: 1000000
SLOOPY VALUE: 1
TIME: 0.893618
SUM: 16000000
THREADS: 16
COUNT PER THREAD: 1000000
SLOOPY VALUE: 1
TIME: 0.877445
SUM: 16000000
THREADS: 16
COUNT PER THREAD: 1000000
SLOOPY VALUE: 1
TIME: 0.849618
SUM: 16000000
THREADS: 16
COUNT PER THREAD: 1000000
SLOOPY VALUE: 1
TIME: 0.855092
SUM: 16000000
THREADS: 17
COUNT PER THREAD: 1000000
SLOOPY VALUE: 1
TIME: 0.875562
SUM: 17000000
THREADS: 17
COUNT PER THREAD: 1000000
SLOOPY VALUE: 1
TIME: 1.005811
SUM: 17000000
THREADS: 17
COUNT PER THREAD: 1000000
SLOOPY VALUE: 1
TIME: 0.858843
SUM: 17000000
THREADS: 17
COUNT PER THREAD: 1000000
SLOOPY VALUE: 1
TIME: 0.825228
SUM: 17000000
THREADS: 17
COUNT PER THREAD: 1000000
SLOOPY VALUE: 1
TIME: 0.826190
SUM: 17000000
THREADS: 17
COUNT PER THREAD: 1000000
SLOOPY VALUE: 1
TIME: 0.825864
SUM: 17000000
THREADS: 17
COUNT PER THREAD: 1000000
SLOOPY VALUE: 1
TIME: 0.835396
SUM: 17000000
THREADS: 17
COUNT PER THREAD: 1000000
SLOOPY VALUE: 1
TIME: 0.828927
SUM: 17000000
THREADS: 17
COUNT PER THREAD: 1000000
SLOOPY VALUE: 1
TIME: 0.820203
SUM: 17000000
THREADS: 17
COUNT PER THREAD: 1000000
SLOOPY VALUE: 1
TIME: 0.807294
SUM: 17000000
THREADS: 18
COUNT PER THREAD: 1000000
SLOOPY VALUE: 1
TIME: 0.961140
SUM: 18000000
THREADS: 18
COUNT PER THREAD: 1000000
SLOOPY VALUE: 1
TIME: 0.943862
SUM: 18000000
THREADS: 18
COUNT PER THREAD: 1000000
SLOOPY VALUE: 1
TIME: 1.023145
SUM: 18000000
THREADS: 18
COUNT PER THREAD: 1000000
SLOOPY VALUE: 1
TIME: 1.018232
SUM: 18000000
THREADS: 18
COUNT PER THREAD: 1000000
SLOOPY VALUE: 1
TIME: 1.053567
SUM: 18000000
THREADS: 18
COUNT PER THREAD: 1000000
SLOOPY VALUE: 1
TIME: 1.052395
SUM: 18000000
THREADS: 18
COUNT PER THREAD: 1000000
SLOOPY VALUE: 1
TIME: 1.042178
SUM: 18000000
THREADS: 18
COUNT PER THREAD: 1000000
SLOOPY VALUE: 1
TIME: 1.043046
SUM: 18000000
THREADS: 18
COUNT PER THREAD: 1000000
SLOOPY VALUE: 1
TIME: 1.034249
SUM: 18000000
THREADS: 18
COUNT PER THREAD: 1000000
SLOOPY VALUE: 1
TIME: 0.949415
SUM: 18000000
THREADS: 19
COUNT PER THREAD: 1000000
SLOOPY VALUE: 1
TIME: 1.089927
SUM: 19000000
THREADS: 19
COUNT PER THREAD: 1000000
SLOOPY VALUE: 1
TIME: 1.065200
SUM: 19000000
THREADS: 19
COUNT PER THREAD: 1000000
SLOOPY VALUE: 1
TIME: 1.072457
SUM: 19000000
THREADS: 19
COUNT PER THREAD: 1000000
SLOOPY VALUE: 1
TIME: 1.087143
SUM: 19000000
THREADS: 19
COUNT PER THREAD: 1000000
SLOOPY VALUE: 1
TIME: 1.103741
SUM: 19000000
THREADS: 19
COUNT PER THREAD: 1000000
SLOOPY VALUE: 1
TIME: 1.105328
SUM: 19000000
THREADS: 19
COUNT PER THREAD: 1000000
SLOOPY VALUE: 1
TIME: 1.082640
SUM: 19000000
THREADS: 19
COUNT PER THREAD: 1000000
SLOOPY VALUE: 1
TIME: 1.111010
SUM: 19000000
THREADS: 19
COUNT PER THREAD: 1000000
SLOOPY VALUE: 1
TIME: 1.094933
SUM: 19000000
THREADS: 19
COUNT PER THREAD: 1000000
SLOOPY VALUE: 1
TIME: 1.095807
SUM: 19000000
THREADS: 20
COUNT PER THREAD: 1000000
SLOOPY VALUE: 1
TIME: 1.095404
SUM: 20000000
THREADS: 20
COUNT PER THREAD: 1000000
SLOOPY VALUE: 1
TIME: 1.130691
SUM: 20000000
THREADS: 20
COUNT PER THREAD: 1000000
SLOOPY VALUE: 1
TIME: 1.114352
SUM: 20000000
THREADS: 20
COUNT PER THREAD: 1000000
SLOOPY VALUE: 1
TIME: 1.053866
SUM: 20000000
THREADS: 20
COUNT PER THREAD: 1000000
SLOOPY VALUE: 1
TIME: 1.082417
SUM: 20000000
THREADS: 20
COUNT PER THREAD: 1000000
SLOOPY VALUE: 1
TIME: 1.102128
SUM: 20000000
THREADS: 20
COUNT PER THREAD: 1000000
SLOOPY VALUE: 1
TIME: 1.090082
SUM: 20000000
THREADS: 20
COUNT PER THREAD: 1000000
SLOOPY VALUE: 1
TIME: 1.115627
SUM: 20000000
THREADS: 20
COUNT PER THREAD: 1000000
SLOOPY VALUE: 1
TIME: 1.119557
SUM: 20000000
THREADS: 20
COUNT PER THREAD: 1000000
SLOOPY VALUE: 1
TIME: 1.099060
SUM: 20000000
THREADS: 21
COUNT PER THREAD: 1000000
SLOOPY VALUE: 1
TIME: 1.100759
SUM: 21000000
THREADS: 21
COUNT PER THREAD: 1000000
SLOOPY VALUE: 1
TIME: 1.093772
SUM: 21000000
THREADS: 21
COUNT PER THREAD: 1000000
SLOOPY VALUE: 1
TIME: 1.089755
SUM: 21000000
THREADS: 21
COUNT PER THREAD: 1000000
SLOOPY VALUE: 1
TIME: 1.070547
SUM: 21000000
THREADS: 21
COUNT PER THREAD: 1000000
SLOOPY VALUE: 1
TIME: 1.108733
SUM: 21000000
THREADS: 21
COUNT PER THREAD: 1000000
SLOOPY VALUE: 1
TIME: 1.053015
SUM: 21000000
THREADS: 21
COUNT PER THREAD: 1000000
SLOOPY VALUE: 1
TIME: 1.065271
SUM: 21000000
THREADS: 21
COUNT PER THREAD: 1000000
SLOOPY VALUE: 1
TIME: 1.064338
SUM: 21000000
THREADS: 21
COUNT PER THREAD: 1000000
SLOOPY VALUE: 1
TIME: 1.072261
SUM: 21000000
THREADS: 21
COUNT PER THREAD: 1000000
SLOOPY VALUE: 1
TIME: 1.088770
SUM: 21000000
THREADS: 22
COUNT PER THREAD: 1000000
SLOOPY VALUE: 1
TIME: 1.076471
SUM: 22000000
THREADS: 22
COUNT PER THREAD: 1000000
SLOOPY VALUE: 1
TIME: 1.052122
SUM: 22000000
THREADS: 22
COUNT PER THREAD: 1000000
SLOOPY VALUE: 1
TIME: 1.057555
SUM: 22000000
THREADS: 22
COUNT PER THREAD: 1000000
SLOOPY VALUE: 1
TIME: 1.054076
SUM: 22000000
THREADS: 22
COUNT PER THREAD: 1000000
SLOOPY VALUE: 1
TIME: 1.046067
SUM: 22000000
THREADS: 22
COUNT PER THREAD: 1000000
SLOOPY VALUE: 1
TIME: 1.046709
SUM: 22000000
THREADS: 22
COUNT PER THREAD: 1000000
SLOOPY VALUE: 1
TIME: 1.042014
SUM: 22000000
THREADS: 22
COUNT PER THREAD: 1000000
SLOOPY VALUE: 1
TIME: 1.092814
SUM: 22000000
THREADS: 22
COUNT PER THREAD: 1000000
SLOOPY VALUE: 1
TIME: 1.083741
SUM: 22000000
THREADS: 22
COUNT PER THREAD: 1000000
SLOOPY VALUE: 1
TIME: 1.054546
SUM: 22000000
THREADS: 23
COUNT PER THREAD: 1000000
SLOOPY VALUE: 1
TIME: 1.117538
SUM: 23000000
THREADS: 23
COUNT PER THREAD: 1000000
SLOOPY VALUE: 1
TIME: 1.123993
SUM: 23000000
THREADS: 23
COUNT PER THREAD: 1000000
SLOOPY VALUE: 1
TIME: 1.349319
SUM: 23000000
THREADS: 23
COUNT PER THREAD: 1000000
SLOOPY VALUE: 1
TIME: 1.153637
SUM: 23000000
THREADS: 23
COUNT PER THREAD: 1000000
SLOOPY VALUE: 1
TIME: 1.149678
SUM: 23000000
THREADS: 23
COUNT PER THREAD: 1000000
SLOOPY VALUE: 1
TIME: 1.145135
SUM: 23000000
THREADS: 23
COUNT PER THREAD: 1000000
SLOOPY VALUE: 1
TIME: 1.151791
SUM: 23000000
THREADS: 23
COUNT PER THREAD: 1000000
SLOOPY VALUE: 1
TIME: 1.176147
SUM: 23000000
THREADS: 23
COUNT PER THREAD: 1000000
SLOOPY VALUE: 1
TIME: 1.112022
SUM: 23000000
THREADS: 23
COUNT PER THREAD: 1000000
SLOOPY VALUE: 1
TIME: 1.101645
SUM: 23000000
THREADS: 24
COUNT PER THREAD: 1000000
SLOOPY VALUE: 1
TIME: 1.262359
SUM: 24000000
THREADS: 24
COUNT PER THREAD: 1000000
SLOOPY VALUE: 1
TIME: 1.269087
SUM: 24000000
THREADS: 24
COUNT PER THREAD: 1000000
SLOOPY VALUE: 1
TIME: 1.903174
SUM: 24000000
THREADS: 24
COUNT PER THREAD: 1000000
SLOOPY VALUE: 1
TIME: 1.363235
SUM: 24000000
THREADS: 24
COUNT PER THREAD: 1000000
SLOOPY VALUE: 1
TIME: 1.151410
SUM: 24000000
THREADS: 24
COUNT PER THREAD: 1000000
SLOOPY VALUE: 1
TIME: 1.147289
SUM: 24000000
THREADS: 24
COUNT PER THREAD: 1000000
SLOOPY VALUE: 1
TIME: 1.150298
SUM: 24000000
THREADS: 24
COUNT PER THREAD: 1000000
SLOOPY VALUE: 1
TIME: 1.139603
SUM: 24000000
THREADS: 24
COUNT PER THREAD: 1000000
SLOOPY VALUE: 1
TIME: 1.156717
SUM: 24000000
THREADS: 24
COUNT PER THREAD: 1000000
SLOOPY VALUE: 1
TIME: 1.150458
SUM: 24000000
THREADS: 25
COUNT PER THREAD: 1000000
SLOOPY VALUE: 1
TIME: 1.196746
SUM: 25000000
THREADS: 25
COUNT PER THREAD: 1000000
SLOOPY VALUE: 1
TIME: 1.189884
SUM: 25000000
THREADS: 25
COUNT PER THREAD: 1000000
SLOOPY VALUE: 1
TIME: 1.184668
SUM: 25000000
THREADS: 25
COUNT PER THREAD: 1000000
SLOOPY VALUE: 1
TIME: 1.203212
SUM: 25000000
THREADS: 25
COUNT PER THREAD: 1000000
SLOOPY VALUE: 1
TIME: 1.246014
SUM: 25000000
THREADS: 25
COUNT PER THREAD: 1000000
SLOOPY VALUE: 1
TIME: 1.203242
SUM: 25000000
THREADS: 25
COUNT PER THREAD: 1000000
SLOOPY VALUE: 1
TIME: 1.209380
SUM: 25000000
THREADS: 25
COUNT PER THREAD: 1000000
SLOOPY VALUE: 1
TIME: 1.202039
SUM: 25000000
THREADS: 25
COUNT PER THREAD: 1000000
SLOOPY VALUE: 1
TIME: 1.213478
SUM: 25000000
THREADS: 25
COUNT PER THREAD: 1000000
SLOOPY VALUE: 1
TIME: 1.190591
SUM: 25000000
THREADS: 26
COUNT PER THREAD: 1000000
SLOOPY VALUE: 1
TIME: 1.355498
SUM: 26000000
THREADS: 26
COUNT PER THREAD: 1000000
SLOOPY VALUE: 1
TIME: 1.370359
SUM: 26000000
THREADS: 26
COUNT PER THREAD: 1000000
SLOOPY VALUE: 1
TIME: 1.304915
SUM: 26000000
THREADS: 26
COUNT PER THREAD: 1000000
SLOOPY VALUE: 1
TIME: 1.386822
SUM: 26000000
THREADS: 26
COUNT PER THREAD: 1000000
SLOOPY VALUE: 1
TIME: 1.510142
SUM: 26000000
THREADS: 26
COUNT PER THREAD: 1000000
SLOOPY VALUE: 1
TIME: 1.424290
SUM: 26000000
THREADS: 26
COUNT PER THREAD: 1000000
SLOOPY VALUE: 1
TIME: 1.461119
SUM: 26000000
THREADS: 26
COUNT PER THREAD: 1000000
SLOOPY VALUE: 1
TIME: 1.462323
SUM: 26000000
THREADS: 26
COUNT PER THREAD: 1000000
SLOOPY VALUE: 1
TIME: 1.444776
SUM: 26000000
THREADS: 26
COUNT PER THREAD: 1000000
SLOOPY VALUE: 1
TIME: 1.415517
SUM: 26000000
THREADS: 27
COUNT PER THREAD: 1000000
SLOOPY VALUE: 1
TIME: 1.518222
SUM: 27000000
THREADS: 27
COUNT PER THREAD: 1000000
SLOOPY VALUE: 1
TIME: 1.545120
SUM: 27000000
THREADS: 27
COUNT PER THREAD: 1000000
SLOOPY VALUE: 1
TIME: 1.499414
SUM: 27000000
THREADS: 27
COUNT PER THREAD: 1000000
SLOOPY VALUE: 1
TIME: 1.499691
SUM: 27000000
THREADS: 27
COUNT PER THREAD: 1000000
SLOOPY VALUE: 1
TIME: 1.475732
SUM: 27000000
THREADS: 27
COUNT PER THREAD: 1000000
SLOOPY VALUE: 1
TIME: 1.493651
SUM: 27000000
THREADS: 27
COUNT PER THREAD: 1000000
SLOOPY VALUE: 1
TIME: 1.490610
SUM: 27000000
THREADS: 27
COUNT PER THREAD: 1000000
SLOOPY VALUE: 1
TIME: 1.496636
SUM: 27000000
THREADS: 27
COUNT PER THREAD: 1000000
SLOOPY VALUE: 1
TIME: 1.523539
SUM: 27000000
THREADS: 27
COUNT PER THREAD: 1000000
SLOOPY VALUE: 1
TIME: 1.533958
SUM: 27000000
THREADS: 28
COUNT PER THREAD: 1000000
SLOOPY VALUE: 1
TIME: 1.426685
SUM: 28000000
THREADS: 28
COUNT PER THREAD: 1000000
SLOOPY VALUE: 1
TIME: 1.454694
SUM: 28000000
THREADS: 28
COUNT PER THREAD: 1000000
SLOOPY VALUE: 1
TIME: 1.469142
SUM: 28000000
THREADS: 28
COUNT PER THREAD: 1000000
SLOOPY VALUE: 1
TIME: 1.449189
SUM: 28000000
THREADS: 28
COUNT PER THREAD: 1000000
SLOOPY VALUE: 1
TIME: 1.471737
SUM: 28000000
THREADS: 28
COUNT PER THREAD: 1000000
SLOOPY VALUE: 1
TIME: 1.501073
SUM: 28000000
THREADS: 28
COUNT PER THREAD: 1000000
SLOOPY VALUE: 1
TIME: 1.582594
SUM: 28000000
THREADS: 28
COUNT PER THREAD: 1000000
SLOOPY VALUE: 1
TIME: 1.551146
SUM: 28000000
THREADS: 28
COUNT PER THREAD: 1000000
SLOOPY VALUE: 1
TIME: 2.095376
SUM: 28000000
THREADS: 28
COUNT PER THREAD: 1000000
SLOOPY VALUE: 1
TIME: 1.942797
SUM: 28000000
THREADS: 29
COUNT PER THREAD: 1000000
SLOOPY VALUE: 1
TIME: 1.510695
SUM: 29000000
THREADS: 29
COUNT PER THREAD: 1000000
SLOOPY VALUE: 1
TIME: 1.521310
SUM: 29000000
THREADS: 29
COUNT PER THREAD: 1000000
SLOOPY VALUE: 1
TIME: 1.661304
SUM: 29000000
THREADS: 29
COUNT PER THREAD: 1000000
SLOOPY VALUE: 1
TIME: 1.868317
SUM: 29000000
THREADS: 29
COUNT PER THREAD: 1000000
SLOOPY VALUE: 1
TIME: 2.736111
SUM: 29000000
THREADS: 29
COUNT PER THREAD: 1000000
SLOOPY VALUE: 1
TIME: 1.724914
SUM: 29000000
THREADS: 29
COUNT PER THREAD: 1000000
SLOOPY VALUE: 1
TIME: 1.933394
SUM: 29000000
THREADS: 29
COUNT PER THREAD: 1000000
SLOOPY VALUE: 1
TIME: 1.731929
SUM: 29000000
THREADS: 29
COUNT PER THREAD: 1000000
SLOOPY VALUE: 1
TIME: 1.753253
SUM: 29000000
THREADS: 29
COUNT PER THREAD: 1000000
SLOOPY VALUE: 1
TIME: 1.985979
SUM: 29000000
THREADS: 30
COUNT PER THREAD: 1000000
SLOOPY VALUE: 1
TIME: 1.639442
SUM: 30000000
THREADS: 30
COUNT PER THREAD: 1000000
SLOOPY VALUE: 1
TIME: 1.637800
SUM: 30000000
THREADS: 30
COUNT PER THREAD: 1000000
SLOOPY VALUE: 1
TIME: 1.605632
SUM: 30000000
THREADS: 30
COUNT PER THREAD: 1000000
SLOOPY VALUE: 1
TIME: 1.555547
SUM: 30000000
THREADS: 30
COUNT PER THREAD: 1000000
SLOOPY VALUE: 1
TIME: 1.533722
SUM: 30000000
THREADS: 30
COUNT PER THREAD: 1000000
SLOOPY VALUE: 1
TIME: 1.519165
SUM: 30000000
THREADS: 30
COUNT PER THREAD: 1000000
SLOOPY VALUE: 1
TIME: 1.623953
SUM: 30000000
THREADS: 30
COUNT PER THREAD: 1000000
SLOOPY VALUE: 1
TIME: 1.577967
SUM: 30000000
THREADS: 30
COUNT PER THREAD: 1000000
SLOOPY VALUE: 1
TIME: 1.588157
SUM: 30000000
THREADS: 30
COUNT PER THREAD: 1000000
SLOOPY VALUE: 1
TIME: 1.632946
SUM: 30000000
THREADS: 31
COUNT PER THREAD: 1000000
SLOOPY VALUE: 1
TIME: 1.592714
SUM: 31000000
THREADS: 31
COUNT PER THREAD: 1000000
SLOOPY VALUE: 1
TIME: 1.591493
SUM: 31000000
THREADS: 31
COUNT PER THREAD: 1000000
SLOOPY VALUE: 1
TIME: 1.575762
SUM: 31000000
THREADS: 31
COUNT PER THREAD: 1000000
SLOOPY VALUE: 1
TIME: 1.636760
SUM: 31000000
THREADS: 31
COUNT PER THREAD: 1000000
SLOOPY VALUE: 1
TIME: 1.625639
SUM: 31000000
THREADS: 31
COUNT PER THREAD: 1000000
SLOOPY VALUE: 1
TIME: 1.623840
SUM: 31000000
THREADS: 31
COUNT PER THREAD: 1000000
SLOOPY VALUE: 1
TIME: 1.810625
SUM: 31000000
THREADS: 31
COUNT PER THREAD: 1000000
SLOOPY VALUE: 1
TIME: 1.803568
SUM: 31000000
THREADS: 31
COUNT PER THREAD: 1000000
SLOOPY VALUE: 1
TIME: 1.818587
SUM: 31000000
THREADS: 31
COUNT PER THREAD: 1000000
SLOOPY VALUE: 1
TIME: 1.797020
SUM: 31000000
THREADS: 32
COUNT PER THREAD: 1000000
SLOOPY VALUE: 1
TIME: 1.746425
SUM: 32000000
THREADS: 32
COUNT PER THREAD: 1000000
SLOOPY VALUE: 1
TIME: 1.777470
SUM: 32000000
THREADS: 32
COUNT PER THREAD: 1000000
SLOOPY VALUE: 1
TIME: 1.750020
SUM: 32000000
THREADS: 32
COUNT PER THREAD: 1000000
SLOOPY VALUE: 1
TIME: 1.750647
SUM: 32000000
THREADS: 32
COUNT PER THREAD: 1000000
SLOOPY VALUE: 1
TIME: 1.760522
SUM: 32000000
THREADS: 32
COUNT PER THREAD: 1000000
SLOOPY VALUE: 1
TIME: 1.721140
SUM: 32000000
THREADS: 32
COUNT PER THREAD: 1000000
SLOOPY VALUE: 1
TIME: 1.700506
SUM: 32000000
THREADS: 32
COUNT PER THREAD: 1000000
SLOOPY VALUE: 1
TIME: 1.800913
SUM: 32000000
THREADS: 32
COUNT PER THREAD: 1000000
SLOOPY VALUE: 1
TIME: 1.716496
SUM: 32000000
THREADS: 32
COUNT PER THREAD: 1000000
SLOOPY VALUE: 1
TIME: 1.721217
SUM: 32000000
THREADS: 33
COUNT PER THREAD: 1000000
SLOOPY VALUE: 1
TIME: 1.727774
SUM: 33000000
THREADS: 33
COUNT PER THREAD: 1000000
SLOOPY VALUE: 1
TIME: 1.835532
SUM: 33000000
THREADS: 33
COUNT PER THREAD: 1000000
SLOOPY VALUE: 1
TIME: 1.790804
SUM: 33000000
THREADS: 33
COUNT PER THREAD: 1000000
SLOOPY VALUE: 1
TIME: 1.732856
SUM: 33000000
THREADS: 33
COUNT PER THREAD: 1000000
SLOOPY VALUE: 1
TIME: 1.713426
SUM: 33000000
THREADS: 33
COUNT PER THREAD: 1000000
SLOOPY VALUE: 1
TIME: 1.704219
SUM: 33000000
THREADS: 33
COUNT PER THREAD: 1000000
SLOOPY VALUE: 1
TIME: 1.725557
SUM: 33000000
THREADS: 33
COUNT PER THREAD: 1000000
SLOOPY VALUE: 1
TIME: 1.764761
SUM: 33000000
THREADS: 33
COUNT PER THREAD: 1000000
SLOOPY VALUE: 1
TIME: 1.710142
SUM: 33000000
THREADS: 33
COUNT PER THREAD: 1000000
SLOOPY VALUE: 1
TIME: 1.703485
SUM: 33000000
THREADS: 34
COUNT PER THREAD: 1000000
SLOOPY VALUE: 1
TIME: 1.835540
SUM: 34000000
THREADS: 34
COUNT PER THREAD: 1000000
SLOOPY VALUE: 1
TIME: 1.796072
SUM: 34000000
THREADS: 34
COUNT PER THREAD: 1000000
SLOOPY VALUE: 1
TIME: 1.758164
SUM: 34000000
THREADS: 34
COUNT PER THREAD: 1000000
SLOOPY VALUE: 1
TIME: 1.762449
SUM: 34000000
THREADS: 34
COUNT PER THREAD: 1000000
SLOOPY VALUE: 1
TIME: 1.863736
SUM: 34000000
THREADS: 34
COUNT PER THREAD: 1000000
SLOOPY VALUE: 1
TIME: 1.804038
SUM: 34000000
THREADS: 34
COUNT PER THREAD: 1000000
SLOOPY VALUE: 1
TIME: 1.744111
SUM: 34000000
THREADS: 34
COUNT PER THREAD: 1000000
SLOOPY VALUE: 1
TIME: 1.752536
SUM: 34000000
THREADS: 34
COUNT PER THREAD: 1000000
SLOOPY VALUE: 1
TIME: 1.759039
SUM: 34000000
THREADS: 34
COUNT PER THREAD: 1000000
SLOOPY VALUE: 1
TIME: 1.755499
SUM: 34000000
THREADS: 35
COUNT PER THREAD: 1000000
SLOOPY VALUE: 1
TIME: 1.778569
SUM: 35000000
THREADS: 35
COUNT PER THREAD: 1000000
SLOOPY VALUE: 1
TIME: 1.786052
SUM: 35000000
THREADS: 35
COUNT PER THREAD: 1000000
SLOOPY VALUE: 1
TIME: 1.854566
SUM: 35000000
THREADS: 35
COUNT PER THREAD: 1000000
SLOOPY VALUE: 1
TIME: 1.837092
SUM: 35000000
THREADS: 35
COUNT PER THREAD: 1000000
SLOOPY VALUE: 1
TIME: 1.777563
SUM: 35000000
THREADS: 35
COUNT PER THREAD: 1000000
SLOOPY VALUE: 1
TIME: 1.793896
SUM: 35000000
THREADS: 35
COUNT PER THREAD: 1000000
SLOOPY VALUE: 1
TIME: 1.852021
SUM: 35000000
THREADS: 35
COUNT PER THREAD: 1000000
SLOOPY VALUE: 1
TIME: 1.847005
SUM: 35000000
THREADS: 35
COUNT PER THREAD: 1000000
SLOOPY VALUE: 1
TIME: 1.921621
SUM: 35000000
THREADS: 35
COUNT PER THREAD: 1000000
SLOOPY VALUE: 1
TIME: 1.863566
SUM: 35000000
THREADS: 36
COUNT PER THREAD: 1000000
SLOOPY VALUE: 1
TIME: 1.876862
SUM: 36000000
THREADS: 36
COUNT PER THREAD: 1000000
SLOOPY VALUE: 1
TIME: 1.843898
SUM: 36000000
THREADS: 36
COUNT PER THREAD: 1000000
SLOOPY VALUE: 1
TIME: 1.866873
SUM: 36000000
THREADS: 36
COUNT PER THREAD: 1000000
SLOOPY VALUE: 1
TIME: 1.835677
SUM: 36000000
THREADS: 36
COUNT PER THREAD: 1000000
SLOOPY VALUE: 1
TIME: 1.914928
SUM: 36000000
THREADS: 36
COUNT PER THREAD: 1000000
SLOOPY VALUE: 1
TIME: 1.943005
SUM: 36000000
THREADS: 36
COUNT PER THREAD: 1000000
SLOOPY VALUE: 1
TIME: 1.867544
SUM: 36000000
THREADS: 36
COUNT PER THREAD: 1000000
SLOOPY VALUE: 1
TIME: 1.867293
SUM: 36000000
THREADS: 36
COUNT PER THREAD: 1000000
SLOOPY VALUE: 1
TIME: 1.879339
SUM: 36000000
THREADS: 36
COUNT PER THREAD: 1000000
SLOOPY VALUE: 1
TIME: 1.942605
SUM: 36000000
THREADS: 37
COUNT PER THREAD: 1000000
SLOOPY VALUE: 1
TIME: 1.887069
SUM: 37000000
THREADS: 37
COUNT PER THREAD: 1000000
SLOOPY VALUE: 1
TIME: 1.941977
SUM: 37000000
THREADS: 37
COUNT PER THREAD: 1000000
SLOOPY VALUE: 1
TIME: 1.951101
SUM: 37000000
THREADS: 37
COUNT PER THREAD: 1000000
SLOOPY VALUE: 1
TIME: 1.915662
SUM: 37000000
THREADS: 37
COUNT PER THREAD: 1000000
SLOOPY VALUE: 1
TIME: 1.917343
SUM: 37000000
THREADS: 37
COUNT PER THREAD: 1000000
SLOOPY VALUE: 1
TIME: 1.878248
SUM: 37000000
THREADS: 37
COUNT PER THREAD: 1000000
SLOOPY VALUE: 1
TIME: 1.944961
SUM: 37000000
THREADS: 37
COUNT PER THREAD: 1000000
SLOOPY VALUE: 1
TIME: 1.954279
SUM: 37000000
THREADS: 37
COUNT PER THREAD: 1000000
SLOOPY VALUE: 1
TIME: 1.941578
SUM: 37000000
THREADS: 37
COUNT PER THREAD: 1000000
SLOOPY VALUE: 1
TIME: 1.895344
SUM: 37000000
THREADS: 38
COUNT PER THREAD: 1000000
SLOOPY VALUE: 1
TIME: 1.942219
SUM: 38000000
THREADS: 38
COUNT PER THREAD: 1000000
SLOOPY VALUE: 1
TIME: 2.009313
SUM: 38000000
THREADS: 38
COUNT PER THREAD: 1000000
SLOOPY VALUE: 1
TIME: 2.074507
SUM: 38000000
THREADS: 38
COUNT PER THREAD: 1000000
SLOOPY VALUE: 1
TIME: 2.017443
SUM: 38000000
THREADS: 38
COUNT PER THREAD: 1000000
SLOOPY VALUE: 1
TIME: 1.957999
SUM: 38000000
THREADS: 38
COUNT PER THREAD: 1000000
SLOOPY VALUE: 1
TIME: 2.021759
SUM: 38000000
THREADS: 38
COUNT PER THREAD: 1000000
SLOOPY VALUE: 1
TIME: 2.026380
SUM: 38000000
THREADS: 38
COUNT PER THREAD: 1000000
SLOOPY VALUE: 1
TIME: 2.037590
SUM: 38000000
THREADS: 38
COUNT PER THREAD: 1000000
SLOOPY VALUE: 1
TIME: 1.983909
SUM: 38000000
THREADS: 38
COUNT PER THREAD: 1000000
SLOOPY VALUE: 1
TIME: 2.092384
SUM: 38000000
THREADS: 39
COUNT PER THREAD: 1000000
SLOOPY VALUE: 1
TIME: 2.005794
SUM: 39000000
THREADS: 39
COUNT PER THREAD: 1000000
SLOOPY VALUE: 1
TIME: 2.024435
SUM: 39000000
THREADS: 39
COUNT PER THREAD: 1000000
SLOOPY VALUE: 1
TIME: 2.147237
SUM: 39000000
THREADS: 39
COUNT PER THREAD: 1000000
SLOOPY VALUE: 1
TIME: 2.195731
SUM: 39000000
THREADS: 39
COUNT PER THREAD: 1000000
SLOOPY VALUE: 1
TIME: 2.118351
SUM: 39000000
THREADS: 39
COUNT PER THREAD: 1000000
SLOOPY VALUE: 1
TIME: 2.014579
SUM: 39000000
THREADS: 39
COUNT PER THREAD: 1000000
SLOOPY VALUE: 1
TIME: 2.042197
SUM: 39000000
THREADS: 39
COUNT PER THREAD: 1000000
SLOOPY VALUE: 1
TIME: 2.006747
SUM: 39000000
THREADS: 39
COUNT PER THREAD: 1000000
SLOOPY VALUE: 1
TIME: 2.146328
SUM: 39000000
THREADS: 39
COUNT PER THREAD: 1000000
SLOOPY VALUE: 1
TIME: 2.084723
SUM: 39000000
THREADS: 40
COUNT PER THREAD: 1000000
SLOOPY VALUE: 1
TIME: 2.374456
SUM: 40000000
THREADS: 40
COUNT PER THREAD: 1000000
SLOOPY VALUE: 1
TIME: 2.332195
SUM: 40000000
THREADS: 40
COUNT PER THREAD: 1000000
SLOOPY VALUE: 1
TIME: 2.243577
SUM: 40000000
THREADS: 40
COUNT PER THREAD: 1000000
SLOOPY VALUE: 1
TIME: 2.165450
SUM: 40000000
THREADS: 40
COUNT PER THREAD: 1000000
SLOOPY VALUE: 1
TIME: 2.233584
SUM: 40000000
THREADS: 40
COUNT PER THREAD: 1000000
SLOOPY VALUE: 1
TIME: 2.064155
SUM: 40000000
THREADS: 40
COUNT PER THREAD: 1000000
SLOOPY VALUE: 1
TIME: 2.150949
SUM: 40000000
THREADS: 40
COUNT PER THREAD: 1000000
SLOOPY VALUE: 1
TIME: 2.141000
SUM: 40000000
THREADS: 40
COUNT PER THREAD: 1000000
SLOOPY VALUE: 1
TIME: 2.078289
SUM: 40000000
THREADS: 40
COUNT PER THREAD: 1000000
SLOOPY VALUE: 1
TIME: 2.000100
SUM: 40000000
THREADS: 41
COUNT PER THREAD: 1000000
SLOOPY VALUE: 1
TIME: 2.332222
SUM: 41000000
THREADS: 41
COUNT PER THREAD: 1000000
SLOOPY VALUE: 1
TIME: 2.225147
SUM: 41000000
THREADS: 41
COUNT PER THREAD: 1000000
SLOOPY VALUE: 1
TIME: 2.332222
SUM: 41000000
THREADS: 41
COUNT PER THREAD: 1000000
SLOOPY VALUE: 1
TIME: 2.332222
SUM: 41000000
THREADS: 41
COUNT PER THREAD: 1000000
SLOOPY VALUE: 1
TIME: 2.372410
SUM: 41000000
THREADS: 41
COUNT PER THREAD: 1000000
SLOOPY VALUE: 1
TIME: 2.536672
SUM: 41000000
THREADS: 41
COUNT PER THREAD: 1000000
SLOOPY VALUE: 1
TIME: 2.748150
SUM: 41000000
THREADS: 41
COUNT PER THREAD: 1000000
SLOOPY VALUE: 1
TIME: 3.271017
SUM: 41000000
THREADS: 41
COUNT PER THREAD: 1000000
SLOOPY VALUE: 1
TIME: 2.832222
SUM: 41000000
THREADS: 41
COUNT PER THREAD: 1000000
SLOOPY VALUE: 1
TIME: 2.722222
SUM: 41000000
THREADS: 42
COUNT PER THREAD: 1000000
SLOOPY VALUE: 1
TIME: 2.329140
SUM: 42000000
THREADS: 42
COUNT PER THREAD: 1000000
SLOOPY VALUE: 1
TIME: 2.291434
SUM: 42000000
THREADS: 42
COUNT PER THREAD: 1000000
SLOOPY VALUE: 1
TIME: 2.230483
SUM: 42000000
THREADS: 42
COUNT PER THREAD: 1000000
SLOOPY VALUE: 1
TIME: 2.300590
SUM: 42000000
THREADS: 42
COUNT PER THREAD: 1000000
SLOOPY VALUE: 1
TIME: 2.274731
SUM: 42000000
THREADS: 42
COUNT PER THREAD: 1000000
SLOOPY VALUE: 1
TIME: 2.077261
SUM: 42000000
THREADS: 42
COUNT PER THREAD: 1000000
SLOOPY VALUE: 1
TIME: 2.092210
SUM: 42000000
THREADS: 42
COUNT PER THREAD: 1000000
SLOOPY VALUE: 1
TIME: 2.157159
SUM: 42000000
THREADS: 42
COUNT PER THREAD: 1000000
SLOOPY VALUE: 1
TIME: 2.122645
SUM: 42000000
THREADS: 42
COUNT PER THREAD: 1000000
SLOOPY VALUE: 1
TIME: 2.095612
SUM: 42000000
THREADS: 43
COUNT PER THREAD: 1000000
SLOOPY VALUE: 1
TIME: 2.541682
SUM: 43000000
THREADS: 43
COUNT PER THREAD: 1000000
SLOOPY VALUE: 1
TIME: 2.370079
SUM: 43000000
THREADS: 43
COUNT PER THREAD: 1000000
SLOOPY VALUE: 1
TIME: 2.344653
SUM: 43000000
THREADS: 43
COUNT PER THREAD: 1000000
SLOOPY VALUE: 1
TIME: 2.317973
SUM: 43000000
THREADS: 43
COUNT PER THREAD: 1000000
SLOOPY VALUE: 1
TIME: 2.272072
SUM: 43000000
THREADS: 43
COUNT PER THREAD: 1000000
SLOOPY VALUE: 1
TIME: 2.271081
SUM: 43000000
THREADS: 43
COUNT PER THREAD: 1000000
SLOOPY VALUE: 1
TIME: 2.331056
SUM: 43000000
THREADS: 43
COUNT PER THREAD: 1000000
SLOOPY VALUE: 1
TIME: 2.283132
SUM: 43000000
THREADS: 43
COUNT PER THREAD: 1000000
SLOOPY VALUE: 1
TIME: 2.340868
SUM: 43000000
THREADS: 43
COUNT PER THREAD: 1000000
SLOOPY VALUE: 1
TIME: 2.365227
SUM: 43000000
THREADS: 44
COUNT PER THREAD: 1000000
SLOOPY VALUE: 1
TIME: 2.459189
SUM: 44000000
THREADS: 44
COUNT PER THREAD: 1000000
SLOOPY VALUE: 1
TIME: 2.380437
SUM: 44000000
THREADS: 44
COUNT PER THREAD: 1000000
SLOOPY VALUE: 1
TIME: 2.396460
SUM: 44000000
THREADS: 44
COUNT PER THREAD: 1000000
SLOOPY VALUE: 1
TIME: 2.402789
SUM: 44000000
THREADS: 44
COUNT PER THREAD: 1000000
SLOOPY VALUE: 1
TIME: 2.374066
SUM: 44000000
THREADS: 44
COUNT PER THREAD: 1000000
SLOOPY VALUE: 1
TIME: 2.402647
SUM: 44000000
THREADS: 44
COUNT PER THREAD: 1000000
SLOOPY VALUE: 1
TIME: 2.376521
SUM: 44000000
THREADS: 44
COUNT PER THREAD: 1000000
SLOOPY VALUE: 1
TIME: 2.326088
SUM: 44000000
THREADS: 44
COUNT PER THREAD: 1000000
SLOOPY VALUE: 1
TIME: 2.375239
SUM: 44000000
THREADS: 44
COUNT PER THREAD: 1000000
SLOOPY VALUE: 1
TIME: 2.397837
SUM: 44000000
THREADS: 45
COUNT PER THREAD: 1000000
SLOOPY VALUE: 1
TIME: 2.273178
SUM: 45000000
THREADS: 45
COUNT PER THREAD: 1000000
SLOOPY VALUE: 1
TIME: 2.275529
SUM: 45000000
THREADS: 45
COUNT PER THREAD: 1000000
SLOOPY VALUE: 1
TIME: 2.468194
SUM: 45000000
THREADS: 45
COUNT PER THREAD: 1000000
SLOOPY VALUE: 1
TIME: 2.409931
SUM: 45000000
THREADS: 45
COUNT PER THREAD: 1000000
SLOOPY VALUE: 1
TIME: 2.384562
SUM: 45000000
THREADS: 45
COUNT PER THREAD: 1000000
SLOOPY VALUE: 1
TIME: 2.372035
SUM: 45000000
THREADS: 45
COUNT PER THREAD: 1000000
SLOOPY VALUE: 1
TIME: 2.420064
SUM: 45000000
THREADS: 45
COUNT PER THREAD: 1000000
SLOOPY VALUE: 1
TIME: 2.426154
SUM: 45000000
THREADS: 45
COUNT PER THREAD: 1000000
SLOOPY VALUE: 1
TIME: 2.397162
SUM: 45000000
THREADS: 45
COUNT PER THREAD: 1000000
SLOOPY VALUE: 1
TIME: 2.385998
SUM: 45000000
THREADS: 46
COUNT PER THREAD: 1000000
SLOOPY VALUE: 1
TIME: 2.370445
SUM: 46000000
THREADS: 46
COUNT PER THREAD: 1000000
SLOOPY VALUE: 1
TIME: 2.434054
SUM: 46000000
THREADS: 46
COUNT PER THREAD: 1000000
SLOOPY VALUE: 1
TIME: 2.590894
SUM: 46000000
THREADS: 46
COUNT PER THREAD: 1000000
SLOOPY VALUE: 1
TIME: 2.506167
SUM: 46000000
THREADS: 46
COUNT PER THREAD: 1000000
SLOOPY VALUE: 1
TIME: 2.486187
SUM: 46000000
THREADS: 46
COUNT PER THREAD: 1000000
SLOOPY VALUE: 1
TIME: 2.498529
SUM: 46000000
THREADS: 46
COUNT PER THREAD: 1000000
SLOOPY VALUE: 1
TIME: 2.450438
SUM: 46000000
THREADS: 46
COUNT PER THREAD: 1000000
SLOOPY VALUE: 1
TIME: 2.491211
SUM: 46000000
THREADS: 46
COUNT PER THREAD: 1000000
SLOOPY VALUE: 1
TIME: 2.446146
SUM: 46000000
THREADS: 46
COUNT PER THREAD: 1000000
SLOOPY VALUE: 1
TIME: 2.504497
SUM: 46000000
THREADS: 47
COUNT PER THREAD: 1000000
SLOOPY VALUE: 1
TIME: 2.668977
SUM: 47000000
THREADS: 47
COUNT PER THREAD: 1000000
SLOOPY VALUE: 1
TIME: 3.545798
SUM: 47000000
THREADS: 47
COUNT PER THREAD: 1000000
SLOOPY VALUE: 1
TIME: 2.847152
SUM: 47000000
THREADS: 47
COUNT PER THREAD: 1000000
SLOOPY VALUE: 1
TIME: 2.687608
SUM: 47000000
THREADS: 47
COUNT PER THREAD: 1000000
SLOOPY VALUE: 1
TIME: 2.905187
SUM: 47000000
THREADS: 47
COUNT PER THREAD: 1000000
SLOOPY VALUE: 1
TIME: 3.624735
SUM: 47000000
THREADS: 47
COUNT PER THREAD: 1000000
SLOOPY VALUE: 1
TIME: 2.427882
SUM: 47000000
THREADS: 47
COUNT PER THREAD: 1000000
SLOOPY VALUE: 1
TIME: 2.522861
SUM: 47000000
THREADS: 47
COUNT PER THREAD: 1000000
SLOOPY VALUE: 1
TIME: 2.558335
SUM: 47000000
THREADS: 47
COUNT PER THREAD: 1000000
SLOOPY VALUE: 1
TIME: 2.747099
SUM: 47000000
THREADS: 48
COUNT PER THREAD: 1000000
SLOOPY VALUE: 1
TIME: 2.523049
SUM: 48000000
THREADS: 48
COUNT PER THREAD: 1000000
SLOOPY VALUE: 1
TIME: 2.793688
SUM: 48000000
THREADS: 48
COUNT PER THREAD: 1000000
SLOOPY VALUE: 1
TIME: 2.995137
SUM: 48000000
THREADS: 48
COUNT PER THREAD: 1000000
SLOOPY VALUE: 1
TIME: 2.587085
SUM: 48000000
THREADS: 48
COUNT PER THREAD: 1000000
SLOOPY VALUE: 1
TIME: 2.477205
SUM: 48000000
THREADS: 48
COUNT PER THREAD: 1000000
SLOOPY VALUE: 1
TIME: 2.454906
SUM: 48000000
THREADS: 48
COUNT PER THREAD: 1000000
SLOOPY VALUE: 1
TIME: 2.475882
SUM: 48000000
THREADS: 48
COUNT PER THREAD: 1000000
SLOOPY VALUE: 1
TIME: 2.503407
SUM: 48000000
THREADS: 48
COUNT PER THREAD: 1000000
SLOOPY VALUE: 1
TIME: 2.511509
SUM: 48000000
THREADS: 48
COUNT PER THREAD: 1000000
SLOOPY VALUE: 1
TIME: 2.500920
SUM: 48000000
THREADS: 49
COUNT PER THREAD: 1000000
SLOOPY VALUE: 1
TIME: 2.696572
SUM: 49000000
THREADS: 49
COUNT PER THREAD: 1000000
SLOOPY VALUE: 1
TIME: 2.515116
SUM: 49000000
THREADS: 49
COUNT PER THREAD: 1000000
SLOOPY VALUE: 1
TIME: 2.601627
SUM: 49000000
THREADS: 49
COUNT PER THREAD: 1000000
SLOOPY VALUE: 1
TIME: 2.616490
SUM: 49000000
THREADS: 49
COUNT PER THREAD: 1000000
SLOOPY VALUE: 1
TIME: 2.559994
SUM: 49000000
THREADS: 49
COUNT PER THREAD: 1000000
SLOOPY VALUE: 1
TIME: 2.560135
SUM: 49000000
THREADS: 49
COUNT PER THREAD: 1000000
SLOOPY VALUE: 1
TIME: 2.550866
SUM: 49000000
THREADS: 49
COUNT PER THREAD: 1000000
SLOOPY VALUE: 1
TIME: 2.547114
SUM: 49000000
THREADS: 49
COUNT PER THREAD: 1000000
SLOOPY VALUE: 1
TIME: 2.623032
SUM: 49000000
THREADS: 49
COUNT PER THREAD: 1000000
SLOOPY VALUE: 1
TIME: 2.517296
SUM: 49000000
THREADS: 50
COUNT PER THREAD: 1000000
SLOOPY VALUE: 1
TIME: 2.447708
SUM: 50000000
THREADS: 50
COUNT PER THREAD: 1000000
SLOOPY VALUE: 1
TIME: 2.441651
SUM: 50000000
THREADS: 50
COUNT PER THREAD: 1000000
SLOOPY VALUE: 1
TIME: 2.484431
SUM: 50000000
THREADS: 50
COUNT PER THREAD: 1000000
SLOOPY VALUE: 1
TIME: 2.546744
SUM: 50000000
THREADS: 50
COUNT PER THREAD: 1000000
SLOOPY VALUE: 1
TIME: 2.483111
SUM: 50000000
THREADS: 50
COUNT PER THREAD: 1000000
SLOOPY VALUE: 1
TIME: 2.686331
SUM: 50000000
THREADS: 50
COUNT PER THREAD: 1000000
SLOOPY VALUE: 1
TIME: 2.796232
SUM: 50000000
THREADS: 50
COUNT PER THREAD: 1000000
SLOOPY VALUE: 1
TIME: 2.800550
SUM: 50000000
THREADS: 50
COUNT PER THREAD: 1000000
SLOOPY VALUE: 1
TIME: 2.784370
SUM: 50000000
THREADS: 50
COUNT PER THREAD: 1000000
SLOOPY VALUE: 1
TIME: 2.813597
SUM: 50000000
THREADS: 51
COUNT PER THREAD: 1000000
SLOOPY VALUE: 1
TIME: 2.618612
SUM: 51000000
THREADS: 51
COUNT PER THREAD: 1000000
SLOOPY VALUE: 1
TIME: 2.939780
SUM: 51000000
THREADS: 51
COUNT PER THREAD: 1000000
SLOOPY VALUE: 1
TIME: 2.905600
SUM: 51000000
THREADS: 51
COUNT PER THREAD: 1000000
SLOOPY VALUE: 1
TIME: 2.838078
SUM: 51000000
THREADS: 51
COUNT PER THREAD: 1000000
SLOOPY VALUE: 1
TIME: 2.866562
SUM: 51000000
THREADS: 51
COUNT PER THREAD: 1000000
SLOOPY VALUE: 1
TIME: 2.694243
SUM: 51000000
THREADS: 51
COUNT PER THREAD: 1000000
SLOOPY VALUE: 1
TIME: 2.739056
SUM: 51000000
THREADS: 51
COUNT PER THREAD: 1000000
SLOOPY VALUE: 1
TIME: 2.839263
SUM: 51000000
THREADS: 51
COUNT PER THREAD: 1000000
SLOOPY VALUE: 1
TIME: 2.778016
SUM: 51000000
THREADS: 51
COUNT PER THREAD: 1000000
SLOOPY VALUE: 1
TIME: 2.777316
SUM: 51000000
THREADS: 52
COUNT PER THREAD: 1000000
SLOOPY VALUE: 1
TIME: 2.515367
SUM: 52000000
THREADS: 52
COUNT PER THREAD: 1000000
SLOOPY VALUE: 1
TIME: 2.504507
SUM: 52000000
THREADS: 52
COUNT PER THREAD: 1000000
SLOOPY VALUE: 1
TIME: 2.478197
SUM: 52000000
THREADS: 52
COUNT PER THREAD: 1000000
SLOOPY VALUE: 1
TIME: 2.814439
SUM: 52000000
THREADS: 52
COUNT PER THREAD: 1000000
SLOOPY VALUE: 1
TIME: 2.776540
SUM: 52000000
THREADS: 52
COUNT PER THREAD: 1000000
SLOOPY VALUE: 1
TIME: 2.810350
SUM: 52000000
THREADS: 52
COUNT PER THREAD: 1000000
SLOOPY VALUE: 1
TIME: 3.234519
SUM: 52000000
THREADS: 52
COUNT PER THREAD: 1000000
SLOOPY VALUE: 1
TIME: 2.706023
SUM: 52000000
THREADS: 52
COUNT PER THREAD: 1000000
SLOOPY VALUE: 1
TIME: 2.773159
SUM: 52000000
THREADS: 52
COUNT PER THREAD: 1000000
SLOOPY VALUE: 1
TIME: 2.691076
SUM: 52000000
THREADS: 53
COUNT PER THREAD: 1000000
SLOOPY VALUE: 1
TIME: 2.673043
SUM: 53000000
THREADS: 53
COUNT PER THREAD: 1000000
SLOOPY VALUE: 1
TIME: 2.709193
SUM: 53000000
THREADS: 53
COUNT PER THREAD: 1000000
SLOOPY VALUE: 1
TIME: 2.802276
SUM: 53000000
THREADS: 53
COUNT PER THREAD: 1000000
SLOOPY VALUE: 1
TIME: 2.800052
SUM: 53000000
THREADS: 53
COUNT PER THREAD: 1000000
SLOOPY VALUE: 1
TIME: 2.912773
SUM: 53000000
THREADS: 53
COUNT PER THREAD: 1000000
SLOOPY VALUE: 1
TIME: 3.958556
SUM: 53000000
THREADS: 53
COUNT PER THREAD: 1000000
SLOOPY VALUE: 1
TIME: 2.840382
SUM: 53000000
THREADS: 53
COUNT PER THREAD: 1000000
SLOOPY VALUE: 1
TIME: 2.758502
SUM: 53000000
THREADS: 53
COUNT PER THREAD: 1000000
SLOOPY VALUE: 1
TIME: 2.635214
SUM: 53000000
THREADS: 53
COUNT PER THREAD: 1000000
SLOOPY VALUE: 1
TIME: 2.680134
SUM: 53000000
THREADS: 54
COUNT PER THREAD: 1000000
SLOOPY VALUE: 1
TIME: 2.812873
SUM: 54000000
THREADS: 54
COUNT PER THREAD: 1000000
SLOOPY VALUE: 1
TIME: 2.804275
SUM: 54000000
THREADS: 54
COUNT PER THREAD: 1000000
SLOOPY VALUE: 1
TIME: 2.835438
SUM: 54000000
THREADS: 54
COUNT PER THREAD: 1000000
SLOOPY VALUE: 1
TIME: 2.892293
SUM: 54000000
THREADS: 54
COUNT PER THREAD: 1000000
SLOOPY VALUE: 1
TIME: 2.905568
SUM: 54000000
THREADS: 54
COUNT PER THREAD: 1000000
SLOOPY VALUE: 1
TIME: 2.894828
SUM: 54000000
THREADS: 54
COUNT PER THREAD: 1000000
SLOOPY VALUE: 1
TIME: 2.890667
SUM: 54000000
THREADS: 54
COUNT PER THREAD: 1000000
SLOOPY VALUE: 1
TIME: 2.958372
SUM: 54000000
THREADS: 54
COUNT PER THREAD: 1000000
SLOOPY VALUE: 1
TIME: 2.908053
SUM: 54000000
THREADS: 54
COUNT PER THREAD: 1000000
SLOOPY VALUE: 1
TIME: 2.931727
SUM: 54000000
THREADS: 55
COUNT PER THREAD: 1000000
SLOOPY VALUE: 1
TIME: 2.753399
SUM: 55000000
THREADS: 55
COUNT PER THREAD: 1000000
SLOOPY VALUE: 1
TIME: 2.779409
SUM: 55000000
THREADS: 55
COUNT PER THREAD: 1000000
SLOOPY VALUE: 1
TIME: 2.771562
SUM: 55000000
THREADS: 55
COUNT PER THREAD: 1000000
SLOOPY VALUE: 1
TIME: 2.791313
SUM: 55000000
THREADS: 55
COUNT PER THREAD: 1000000
SLOOPY VALUE: 1
TIME: 2.770873
SUM: 55000000
THREADS: 55
COUNT PER THREAD: 1000000
SLOOPY VALUE: 1
TIME: 2.772830
SUM: 55000000
THREADS: 55
COUNT PER THREAD: 1000000
SLOOPY VALUE: 1
TIME: 2.768604
SUM: 55000000
THREADS: 55
COUNT PER THREAD: 1000000
SLOOPY VALUE: 1
TIME: 2.762625
SUM: 55000000
THREADS: 55
COUNT PER THREAD: 1000000
SLOOPY VALUE: 1
TIME: 2.780465
SUM: 55000000
THREADS: 55
COUNT PER THREAD: 1000000
SLOOPY VALUE: 1
TIME: 2.771273
SUM: 55000000
THREADS: 56
COUNT PER THREAD: 1000000
SLOOPY VALUE: 1
TIME: 3.073500
SUM: 56000000
THREADS: 56
COUNT PER THREAD: 1000000
SLOOPY VALUE: 1
TIME: 3.074249
SUM: 56000000
THREADS: 56
COUNT PER THREAD: 1000000
SLOOPY VALUE: 1
TIME: 3.100999
SUM: 56000000
THREADS: 56
COUNT PER THREAD: 1000000
SLOOPY VALUE: 1
TIME: 3.024384
SUM: 56000000
THREADS: 56
COUNT PER THREAD: 1000000
SLOOPY VALUE: 1
TIME: 3.078762
SUM: 56000000
THREADS: 56
COUNT PER THREAD: 1000000
SLOOPY VALUE: 1
TIME: 3.000853
SUM: 56000000
THREADS: 56
COUNT PER THREAD: 1000000
SLOOPY VALUE: 1
TIME: 2.961010
SUM: 56000000
THREADS: 56
COUNT PER THREAD: 1000000
SLOOPY VALUE: 1
TIME: 2.961149
SUM: 56000000
THREADS: 56
COUNT PER THREAD: 1000000
SLOOPY VALUE: 1
TIME: 2.958379
SUM: 56000000
THREADS: 56
COUNT PER THREAD: 1000000
SLOOPY VALUE: 1
TIME: 3.007544
SUM: 56000000
THREADS: 57
COUNT PER THREAD: 1000000
SLOOPY VALUE: 1
TIME: 2.933129
SUM: 57000000
THREADS: 57
COUNT PER THREAD: 1000000
SLOOPY VALUE: 1
TIME: 2.932439
SUM: 57000000
THREADS: 57
COUNT PER THREAD: 1000000
SLOOPY VALUE: 1
TIME: 2.860654
SUM: 57000000
THREADS: 57
COUNT PER THREAD: 1000000
SLOOPY VALUE: 1
TIME: 2.931725
SUM: 57000000
THREADS: 57
COUNT PER THREAD: 1000000
SLOOPY VALUE: 1
TIME: 2.874558
SUM: 57000000
THREADS: 57
COUNT PER THREAD: 1000000
SLOOPY VALUE: 1
TIME: 2.987790
SUM: 57000000
THREADS: 57
COUNT PER THREAD: 1000000
SLOOPY VALUE: 1
TIME: 3.281244
SUM: 57000000
THREADS: 57
COUNT PER THREAD: 1000000
SLOOPY VALUE: 1
TIME: 3.069642
SUM: 57000000
THREADS: 57
COUNT PER THREAD: 1000000
SLOOPY VALUE: 1
TIME: 3.054067
SUM: 57000000
THREADS: 57
COUNT PER THREAD: 1000000
SLOOPY VALUE: 1
TIME: 3.177476
SUM: 57000000
THREADS: 58
COUNT PER THREAD: 1000000
SLOOPY VALUE: 1
TIME: 3.191953
SUM: 58000000
THREADS: 58
COUNT PER THREAD: 1000000
SLOOPY VALUE: 1
TIME: 3.195112
SUM: 58000000
THREADS: 58
COUNT PER THREAD: 1000000
SLOOPY VALUE: 1
TIME: 3.174757
SUM: 58000000
THREADS: 58
COUNT PER THREAD: 1000000
SLOOPY VALUE: 1
TIME: 3.181406
SUM: 58000000
THREADS: 58
COUNT PER THREAD: 1000000
SLOOPY VALUE: 1
TIME: 3.183384
SUM: 58000000
THREADS: 58
COUNT PER THREAD: 1000000
SLOOPY VALUE: 1
TIME: 3.179851
SUM: 58000000
THREADS: 58
COUNT PER THREAD: 1000000
SLOOPY VALUE: 1
TIME: 3.111025
SUM: 58000000
THREADS: 58
COUNT PER THREAD: 1000000
SLOOPY VALUE: 1
TIME: 2.983581
SUM: 58000000
THREADS: 58
COUNT PER THREAD: 1000000
SLOOPY VALUE: 1
TIME: 2.980959
SUM: 58000000
THREADS: 58
COUNT PER THREAD: 1000000
SLOOPY VALUE: 1
TIME: 3.124264
SUM: 58000000
THREADS: 59
COUNT PER THREAD: 1000000
SLOOPY VALUE: 1
TIME: 3.203110
SUM: 59000000
THREADS: 59
COUNT PER THREAD: 1000000
SLOOPY VALUE: 1
TIME: 3.167307
SUM: 59000000
THREADS: 59
COUNT PER THREAD: 1000000
SLOOPY VALUE: 1
TIME: 3.124997
SUM: 59000000
THREADS: 59
COUNT PER THREAD: 1000000
SLOOPY VALUE: 1
TIME: 3.187945
SUM: 59000000
THREADS: 59
COUNT PER THREAD: 1000000
SLOOPY VALUE: 1
TIME: 3.194629
SUM: 59000000
THREADS: 59
COUNT PER THREAD: 1000000
SLOOPY VALUE: 1
TIME: 3.264936
SUM: 59000000
THREADS: 59
COUNT PER THREAD: 1000000
SLOOPY VALUE: 1
TIME: 3.241231
SUM: 59000000
THREADS: 59
COUNT PER THREAD: 1000000
SLOOPY VALUE: 1
TIME: 3.257129
SUM: 59000000
THREADS: 59
COUNT PER THREAD: 1000000
SLOOPY VALUE: 1
TIME: 3.259542
SUM: 59000000
THREADS: 59
COUNT PER THREAD: 1000000
SLOOPY VALUE: 1
TIME: 3.270674
SUM: 59000000
THREADS: 60
COUNT PER THREAD: 1000000
SLOOPY VALUE: 1
TIME: 3.316039
SUM: 60000000
THREADS: 60
COUNT PER THREAD: 1000000
SLOOPY VALUE: 1
TIME: 3.249385
SUM: 60000000
THREADS: 60
COUNT PER THREAD: 1000000
SLOOPY VALUE: 1
TIME: 3.318608
SUM: 60000000
THREADS: 60
COUNT PER THREAD: 1000000
SLOOPY VALUE: 1
TIME: 3.276312
SUM: 60000000
THREADS: 60
COUNT PER THREAD: 1000000
SLOOPY VALUE: 1
TIME: 3.270630
SUM: 60000000
THREADS: 60
COUNT PER THREAD: 1000000
SLOOPY VALUE: 1
TIME: 3.222734
SUM: 60000000
THREADS: 60
COUNT PER THREAD: 1000000
SLOOPY VALUE: 1
TIME: 3.275021
SUM: 60000000
THREADS: 60
COUNT PER THREAD: 1000000
SLOOPY VALUE: 1
TIME: 3.276109
SUM: 60000000
THREADS: 60
COUNT PER THREAD: 1000000
SLOOPY VALUE: 1
TIME: 3.252592
SUM: 60000000
THREADS: 60
COUNT PER THREAD: 1000000
SLOOPY VALUE: 1
TIME: 3.267366
SUM: 60000000
THREADS: 61
COUNT PER THREAD: 1000000
SLOOPY VALUE: 1
TIME: 3.327655
SUM: 61000000
THREADS: 61
COUNT PER THREAD: 1000000
SLOOPY VALUE: 1
TIME: 3.288749
SUM: 61000000
THREADS: 61
COUNT PER THREAD: 1000000
SLOOPY VALUE: 1
TIME: 3.332346
SUM: 61000000
THREADS: 61
COUNT PER THREAD: 1000000
SLOOPY VALUE: 1
TIME: 3.374567
SUM: 61000000
THREADS: 61
COUNT PER THREAD: 1000000
SLOOPY VALUE: 1
TIME: 3.282853
SUM: 61000000
THREADS: 61
COUNT PER THREAD: 1000000
SLOOPY VALUE: 1
TIME: 3.805859
SUM: 61000000
THREADS: 61
COUNT PER THREAD: 1000000
SLOOPY VALUE: 1
TIME: 3.740338
SUM: 61000000
THREADS: 61
COUNT PER THREAD: 1000000
SLOOPY VALUE: 1
TIME: 3.099001
SUM: 61000000
THREADS: 61
COUNT PER THREAD: 1000000
SLOOPY VALUE: 1
TIME: 3.117358
SUM: 61000000
THREADS: 61
COUNT PER THREAD: 1000000
SLOOPY VALUE: 1
TIME: 3.134340
SUM: 61000000
THREADS: 62
COUNT PER THREAD: 1000000
SLOOPY VALUE: 1
TIME: 3.437841
SUM: 62000000
THREADS: 62
COUNT PER THREAD: 1000000
SLOOPY VALUE: 1
TIME: 3.379947
SUM: 62000000
THREADS: 62
COUNT PER THREAD: 1000000
SLOOPY VALUE: 1
TIME: 3.231353
SUM: 62000000
THREADS: 62
COUNT PER THREAD: 1000000
SLOOPY VALUE: 1
TIME: 3.238491
SUM: 62000000
THREADS: 62
COUNT PER THREAD: 1000000
SLOOPY VALUE: 1
TIME: 3.390582
SUM: 62000000
THREADS: 62
COUNT PER THREAD: 1000000
SLOOPY VALUE: 1
TIME: 3.198638
SUM: 62000000
THREADS: 62
COUNT PER THREAD: 1000000
SLOOPY VALUE: 1
TIME: 3.041095
SUM: 62000000
THREADS: 62
COUNT PER THREAD: 1000000
SLOOPY VALUE: 1
TIME: 2.951331
SUM: 62000000
THREADS: 62
COUNT PER THREAD: 1000000
SLOOPY VALUE: 1
TIME: 3.237152
SUM: 62000000
THREADS: 62
COUNT PER THREAD: 1000000
SLOOPY VALUE: 1
TIME: 3.330260
SUM: 62000000
THREADS: 63
COUNT PER THREAD: 1000000
SLOOPY VALUE: 1
TIME: 3.247899
SUM: 63000000
THREADS: 63
COUNT PER THREAD: 1000000
SLOOPY VALUE: 1
TIME: 3.423146
SUM: 63000000
THREADS: 63
COUNT PER THREAD: 1000000
SLOOPY VALUE: 1
TIME: 3.250852
SUM: 63000000
THREADS: 63
COUNT PER THREAD: 1000000
SLOOPY VALUE: 1
TIME: 3.192831
SUM: 63000000
THREADS: 63
COUNT PER THREAD: 1000000
SLOOPY VALUE: 1
TIME: 3.225359
SUM: 63000000
THREADS: 63
COUNT PER THREAD: 1000000
SLOOPY VALUE: 1
TIME: 3.202472
SUM: 63000000
THREADS: 63
COUNT PER THREAD: 1000000
SLOOPY VALUE: 1
TIME: 3.231283
SUM: 63000000
THREADS: 63
COUNT PER THREAD: 1000000
SLOOPY VALUE: 1
TIME: 3.216643
SUM: 63000000
THREADS: 63
COUNT PER THREAD: 1000000
SLOOPY VALUE: 1
TIME: 3.204550
SUM: 63000000
THREADS: 63
COUNT PER THREAD: 1000000
SLOOPY VALUE: 1
TIME: 3.199140
SUM: 63000000
THREADS: 64
COUNT PER THREAD: 1000000
SLOOPY VALUE: 1
TIME: 3.439273
SUM: 64000000
THREADS: 64
COUNT PER THREAD: 1000000
SLOOPY VALUE: 1
TIME: 3.531904
SUM: 64000000
THREADS: 64
COUNT PER THREAD: 1000000
SLOOPY VALUE: 1
TIME: 3.469076
SUM: 64000000
THREADS: 64
COUNT PER THREAD: 1000000
SLOOPY VALUE: 1
TIME: 3.329183
SUM: 64000000
THREADS: 64
COUNT PER THREAD: 1000000
SLOOPY VALUE: 1
TIME: 3.167507
SUM: 64000000
THREADS: 64
COUNT PER THREAD: 1000000
SLOOPY VALUE: 1
TIME: 3.155448
SUM: 64000000
THREADS: 64
COUNT PER THREAD: 1000000
SLOOPY VALUE: 1
TIME: 3.195803
SUM: 64000000
THREADS: 64
COUNT PER THREAD: 1000000
SLOOPY VALUE: 1
TIME: 3.216552
SUM: 64000000
THREADS: 64
COUNT PER THREAD: 1000000
SLOOPY VALUE: 1
TIME: 3.142765
SUM: 64000000
THREADS: 64
COUNT PER THREAD: 1000000
SLOOPY VALUE: 1
TIME: 3.217487
SUM: 64000000
THREADS: 65
COUNT PER THREAD: 1000000
SLOOPY VALUE: 1
TIME: 3.512225
SUM: 65000000
THREADS: 65
COUNT PER THREAD: 1000000
SLOOPY VALUE: 1
TIME: 3.524734
SUM: 65000000
THREADS: 65
COUNT PER THREAD: 1000000
SLOOPY VALUE: 1
TIME: 3.401786
SUM: 65000000
THREADS: 65
COUNT PER THREAD: 1000000
SLOOPY VALUE: 1
TIME: 3.402865
SUM: 65000000
THREADS: 65
COUNT PER THREAD: 1000000
SLOOPY VALUE: 1
TIME: 3.450245
SUM: 65000000
THREADS: 65
COUNT PER THREAD: 1000000
SLOOPY VALUE: 1
TIME: 3.455976
SUM: 65000000
THREADS: 65
COUNT PER THREAD: 1000000
SLOOPY VALUE: 1
TIME: 3.468054
SUM: 65000000
THREADS: 65
COUNT PER THREAD: 1000000
SLOOPY VALUE: 1
TIME: 3.464219
SUM: 65000000
THREADS: 65
COUNT PER THREAD: 1000000
SLOOPY VALUE: 1
TIME: 3.376849
SUM: 65000000
THREADS: 65
COUNT PER THREAD: 1000000
SLOOPY VALUE: 1
TIME: 3.383370
SUM: 65000000
THREADS: 66
COUNT PER THREAD: 1000000
SLOOPY VALUE: 1
TIME: 3.436662
SUM: 66000000
THREADS: 66
COUNT PER THREAD: 1000000
SLOOPY VALUE: 1
TIME: 3.380785
SUM: 66000000
THREADS: 66
COUNT PER THREAD: 1000000
SLOOPY VALUE: 1
TIME: 3.389855
SUM: 66000000
THREADS: 66
COUNT PER THREAD: 1000000
SLOOPY VALUE: 1
TIME: 3.449608
SUM: 66000000
THREADS: 66
COUNT PER THREAD: 1000000
SLOOPY VALUE: 1
TIME: 3.537715
SUM: 66000000
THREADS: 66
COUNT PER THREAD: 1000000
SLOOPY VALUE: 1
TIME: 3.472164
SUM: 66000000
THREADS: 66
COUNT PER THREAD: 1000000
SLOOPY VALUE: 1
TIME: 3.482027
SUM: 66000000
THREADS: 66
COUNT PER THREAD: 1000000
SLOOPY VALUE: 1
TIME: 3.431062
SUM: 66000000
THREADS: 66
COUNT PER THREAD: 1000000
SLOOPY VALUE: 1
TIME: 3.510275
SUM: 66000000
THREADS: 66
COUNT PER THREAD: 1000000
SLOOPY VALUE: 1
TIME: 3.392776
SUM: 66000000
THREADS: 67
COUNT PER THREAD: 1000000
SLOOPY VALUE: 1
TIME: 4.371182
SUM: 67000000
THREADS: 67
COUNT PER THREAD: 1000000
SLOOPY VALUE: 1
TIME: 3.535142
SUM: 67000000
THREADS: 67
COUNT PER THREAD: 1000000
SLOOPY VALUE: 1
TIME: 4.564450
SUM: 67000000
THREADS: 67
COUNT PER THREAD: 1000000
SLOOPY VALUE: 1
TIME: 3.630644
SUM: 67000000
THREADS: 67
COUNT PER THREAD: 1000000
SLOOPY VALUE: 1
TIME: 3.508220
SUM: 67000000
THREADS: 67
COUNT PER THREAD: 1000000
SLOOPY VALUE: 1
TIME: 3.513120
SUM: 67000000
THREADS: 67
COUNT PER THREAD: 1000000
SLOOPY VALUE: 1
TIME: 3.716617
SUM: 67000000
THREADS: 67
COUNT PER THREAD: 1000000
SLOOPY VALUE: 1
TIME: 3.608002
SUM: 67000000
THREADS: 67
COUNT PER THREAD: 1000000
SLOOPY VALUE: 1
TIME: 4.538735
SUM: 67000000
THREADS: 67
COUNT PER THREAD: 1000000
SLOOPY VALUE: 1
TIME: 3.867509
SUM: 67000000
THREADS: 68
COUNT PER THREAD: 1000000
SLOOPY VALUE: 1
TIME: 5.089517
SUM: 68000000
THREADS: 68
COUNT PER THREAD: 1000000
SLOOPY VALUE: 1
TIME: 3.808252
SUM: 68000000
THREADS: 68
COUNT PER THREAD: 1000000
SLOOPY VALUE: 1
TIME: 3.737297
SUM: 68000000
THREADS: 68
COUNT PER THREAD: 1000000
SLOOPY VALUE: 1
TIME: 3.510180
SUM: 68000000
THREADS: 68
COUNT PER THREAD: 1000000
SLOOPY VALUE: 1
TIME: 3.588964
SUM: 68000000
THREADS: 68
COUNT PER THREAD: 1000000
SLOOPY VALUE: 1
TIME: 3.491784
SUM: 68000000
THREADS: 68
COUNT PER THREAD: 1000000
SLOOPY VALUE: 1
TIME: 3.489931
SUM: 68000000
THREADS: 68
COUNT PER THREAD: 1000000
SLOOPY VALUE: 1
TIME: 3.748669
SUM: 68000000
THREADS: 68
COUNT PER THREAD: 1000000
SLOOPY VALUE: 1
TIME: 3.881703
SUM: 68000000
THREADS: 68
COUNT PER THREAD: 1000000
SLOOPY VALUE: 1
TIME: 3.762176
SUM: 68000000
THREADS: 69
COUNT PER THREAD: 1000000
SLOOPY VALUE: 1
TIME: 3.339678
SUM: 69000000
THREADS: 69
COUNT PER THREAD: 1000000
SLOOPY VALUE: 1
TIME: 3.264252
SUM: 69000000
THREADS: 69
COUNT PER THREAD: 1000000
SLOOPY VALUE: 1
TIME: 3.288632
SUM: 69000000
THREADS: 69
COUNT PER THREAD: 1000000
SLOOPY VALUE: 1
TIME: 3.257628
SUM: 69000000
THREADS: 69
COUNT PER THREAD: 1000000
SLOOPY VALUE: 1
TIME: 3.278052
SUM: 69000000
THREADS: 69
COUNT PER THREAD: 1000000
SLOOPY VALUE: 1
TIME: 3.269517
SUM: 69000000
THREADS: 69
COUNT PER THREAD: 1000000
SLOOPY VALUE: 1
TIME: 3.258952
SUM: 69000000
THREADS: 69
COUNT PER THREAD: 1000000
SLOOPY VALUE: 1
TIME: 3.267810
SUM: 69000000
THREADS: 69
COUNT PER THREAD: 1000000
SLOOPY VALUE: 1
TIME: 3.262087
SUM: 69000000
THREADS: 69
COUNT PER THREAD: 1000000
SLOOPY VALUE: 1
TIME: 3.261709
SUM: 69000000
THREADS: 70
COUNT PER THREAD: 1000000
SLOOPY VALUE: 1
TIME: 3.468823
SUM: 70000000
THREADS: 70
COUNT PER THREAD: 1000000
SLOOPY VALUE: 1
TIME: 3.367378
SUM: 70000000
THREADS: 70
COUNT PER THREAD: 1000000
SLOOPY VALUE: 1
TIME: 3.315758
SUM: 70000000
THREADS: 70
COUNT PER THREAD: 1000000
SLOOPY VALUE: 1
TIME: 3.364729
SUM: 70000000
THREADS: 70
COUNT PER THREAD: 1000000
SLOOPY VALUE: 1
TIME: 3.345243
SUM: 70000000
THREADS: 70
COUNT PER THREAD: 1000000
SLOOPY VALUE: 1
TIME: 3.317539
SUM: 70000000
THREADS: 70
COUNT PER THREAD: 1000000
SLOOPY VALUE: 1
TIME: 3.336037
SUM: 70000000
THREADS: 70
COUNT PER THREAD: 1000000
SLOOPY VALUE: 1
TIME: 3.321568
SUM: 70000000
THREADS: 70
COUNT PER THREAD: 1000000
SLOOPY VALUE: 1
TIME: 3.314165
SUM: 70000000
THREADS: 70
COUNT PER THREAD: 1000000
SLOOPY VALUE: 1
TIME: 3.328024
SUM: 70000000
THREADS: 71
COUNT PER THREAD: 1000000
SLOOPY VALUE: 1
TIME: 3.362574
SUM: 71000000
THREADS: 71
COUNT PER THREAD: 1000000
SLOOPY VALUE: 1
TIME: 3.366627
SUM: 71000000
THREADS: 71
COUNT PER THREAD: 1000000
SLOOPY VALUE: 1
TIME: 3.366196
SUM: 71000000
THREADS: 71
COUNT PER THREAD: 1000000
SLOOPY VALUE: 1
TIME: 3.336540
SUM: 71000000
THREADS: 71
COUNT PER THREAD: 1000000
SLOOPY VALUE: 1
TIME: 3.351309
SUM: 71000000
THREADS: 71
COUNT PER THREAD: 1000000
SLOOPY VALUE: 1
TIME: 3.350983
SUM: 71000000
THREADS: 71
COUNT PER THREAD: 1000000
SLOOPY VALUE: 1
TIME: 3.320233
SUM: 71000000
THREADS: 71
COUNT PER THREAD: 1000000
SLOOPY VALUE: 1
TIME: 3.349919
SUM: 71000000
THREADS: 71
COUNT PER THREAD: 1000000
SLOOPY VALUE: 1
TIME: 3.423099
SUM: 71000000
THREADS: 71
COUNT PER THREAD: 1000000
SLOOPY VALUE: 1
TIME: 3.400603
SUM: 71000000
THREADS: 72
COUNT PER THREAD: 1000000
SLOOPY VALUE: 1
TIME: 3.502702
SUM: 72000000
THREADS: 72
COUNT PER THREAD: 1000000
SLOOPY VALUE: 1
TIME: 3.846325
SUM: 72000000
THREADS: 72
COUNT PER THREAD: 1000000
SLOOPY VALUE: 1
TIME: 3.765474
SUM: 72000000
THREADS: 72
COUNT PER THREAD: 1000000
SLOOPY VALUE: 1
TIME: 3.696126
SUM: 72000000
THREADS: 72
COUNT PER THREAD: 1000000
SLOOPY VALUE: 1
TIME: 3.625374
SUM: 72000000
THREADS: 72
COUNT PER THREAD: 1000000
SLOOPY VALUE: 1
TIME: 3.661176
SUM: 72000000
THREADS: 72
COUNT PER THREAD: 1000000
SLOOPY VALUE: 1
TIME: 3.498607
SUM: 72000000
THREADS: 72
COUNT PER THREAD: 1000000
SLOOPY VALUE: 1
TIME: 3.609377
SUM: 72000000
THREADS: 72
COUNT PER THREAD: 1000000
SLOOPY VALUE: 1
TIME: 3.703332
SUM: 72000000
THREADS: 72
COUNT PER THREAD: 1000000
SLOOPY VALUE: 1
TIME: 3.835364
SUM: 72000000
THREADS: 73
COUNT PER THREAD: 1000000
SLOOPY VALUE: 1
TIME: 4.431432
SUM: 73000000
THREADS: 73
COUNT PER THREAD: 1000000
SLOOPY VALUE: 1
TIME: 4.491210
SUM: 73000000
THREADS: 73
COUNT PER THREAD: 1000000
SLOOPY VALUE: 1
TIME: 4.501263
SUM: 73000000
THREADS: 73
COUNT PER THREAD: 1000000
SLOOPY VALUE: 1
TIME: 3.884554
SUM: 73000000
THREADS: 73
COUNT PER THREAD: 1000000
SLOOPY VALUE: 1
TIME: 3.759469
SUM: 73000000
THREADS: 73
COUNT PER THREAD: 1000000
SLOOPY VALUE: 1
TIME: 3.814359
SUM: 73000000
THREADS: 73
COUNT PER THREAD: 1000000
SLOOPY VALUE: 1
TIME: 3.818531
SUM: 73000000
THREADS: 73
COUNT PER THREAD: 1000000
SLOOPY VALUE: 1
TIME: 3.805289
SUM: 73000000
THREADS: 73
COUNT PER THREAD: 1000000
SLOOPY VALUE: 1
TIME: 3.793741
SUM: 73000000
THREADS: 73
COUNT PER THREAD: 1000000
SLOOPY VALUE: 1
TIME: 3.763998
SUM: 73000000
THREADS: 74
COUNT PER THREAD: 1000000
SLOOPY VALUE: 1
TIME: 3.920010
SUM: 74000000
THREADS: 74
COUNT PER THREAD: 1000000
SLOOPY VALUE: 1
TIME: 3.943972
SUM: 74000000
THREADS: 74
COUNT PER THREAD: 1000000
SLOOPY VALUE: 1
TIME: 3.915978
SUM: 74000000
THREADS: 74
COUNT PER THREAD: 1000000
SLOOPY VALUE: 1
TIME: 3.871414
SUM: 74000000
THREADS: 74
COUNT PER THREAD: 1000000
SLOOPY VALUE: 1
TIME: 3.801534
SUM: 74000000
THREADS: 74
COUNT PER THREAD: 1000000
SLOOPY VALUE: 1
TIME: 3.819081
SUM: 74000000
THREADS: 74
COUNT PER THREAD: 1000000
SLOOPY VALUE: 1
TIME: 3.799838
SUM: 74000000
THREADS: 74
COUNT PER THREAD: 1000000
SLOOPY VALUE: 1
TIME: 3.808330
SUM: 74000000
THREADS: 74
COUNT PER THREAD: 1000000
SLOOPY VALUE: 1
TIME: 3.790897
SUM: 74000000
THREADS: 74
COUNT PER THREAD: 1000000
SLOOPY VALUE: 1
TIME: 3.903667
SUM: 74000000
THREADS: 75
COUNT PER THREAD: 1000000
SLOOPY VALUE: 1
TIME: 5.033733
SUM: 75000000
THREADS: 75
COUNT PER THREAD: 1000000
SLOOPY VALUE: 1
TIME: 3.683842
SUM: 75000000
THREADS: 75
COUNT PER THREAD: 1000000
SLOOPY VALUE: 1
TIME: 3.606432
SUM: 75000000
THREADS: 75
COUNT PER THREAD: 1000000
SLOOPY VALUE: 1
TIME: 3.688920
SUM: 75000000
THREADS: 75
COUNT PER THREAD: 1000000
SLOOPY VALUE: 1
TIME: 3.916914
SUM: 75000000
THREADS: 75
COUNT PER THREAD: 1000000
SLOOPY VALUE: 1
TIME: 4.092769
SUM: 75000000
THREADS: 75
COUNT PER THREAD: 1000000
SLOOPY VALUE: 1
TIME: 3.752635
SUM: 75000000
THREADS: 75
COUNT PER THREAD: 1000000
SLOOPY VALUE: 1
TIME: 3.668462
SUM: 75000000
THREADS: 75
COUNT PER THREAD: 1000000
SLOOPY VALUE: 1
TIME: 3.772525
SUM: 75000000
THREADS: 75
COUNT PER THREAD: 1000000
SLOOPY VALUE: 1
TIME: 3.728299
SUM: 75000000
THREADS: 76
COUNT PER THREAD: 1000000
SLOOPY VALUE: 1
TIME: 3.720916
SUM: 76000000
THREADS: 76
COUNT PER THREAD: 1000000
SLOOPY VALUE: 1
TIME: 3.800944
SUM: 76000000
THREADS: 76
COUNT PER THREAD: 1000000
SLOOPY VALUE: 1
TIME: 3.811833
SUM: 76000000
THREADS: 76
COUNT PER THREAD: 1000000
SLOOPY VALUE: 1
TIME: 3.642152
SUM: 76000000
THREADS: 76
COUNT PER THREAD: 1000000
SLOOPY VALUE: 1
TIME: 3.801096
SUM: 76000000
THREADS: 76
COUNT PER THREAD: 1000000
SLOOPY VALUE: 1
TIME: 3.800214
SUM: 76000000
THREADS: 76
COUNT PER THREAD: 1000000
SLOOPY VALUE: 1
TIME: 3.791513
SUM: 76000000
THREADS: 76
COUNT PER THREAD: 1000000
SLOOPY VALUE: 1
TIME: 3.790402
SUM: 76000000
THREADS: 76
COUNT PER THREAD: 1000000
SLOOPY VALUE: 1
TIME: 3.652771
SUM: 76000000
THREADS: 76
COUNT PER THREAD: 1000000
SLOOPY VALUE: 1
TIME: 3.620948
SUM: 76000000
THREADS: 77
COUNT PER THREAD: 1000000
SLOOPY VALUE: 1
TIME: 3.683539
SUM: 77000000
THREADS: 77
COUNT PER THREAD: 1000000
SLOOPY VALUE: 1
TIME: 3.662274
SUM: 77000000
THREADS: 77
COUNT PER THREAD: 1000000
SLOOPY VALUE: 1
TIME: 3.672367
SUM: 77000000
THREADS: 77
COUNT PER THREAD: 1000000
SLOOPY VALUE: 1
TIME: 3.713366
SUM: 77000000
THREADS: 77
COUNT PER THREAD: 1000000
SLOOPY VALUE: 1
TIME: 3.820961
SUM: 77000000
THREADS: 77
COUNT PER THREAD: 1000000
SLOOPY VALUE: 1
TIME: 3.940512
SUM: 77000000
THREADS: 77
COUNT PER THREAD: 1000000
SLOOPY VALUE: 1
TIME: 4.014179
SUM: 77000000
THREADS: 77
COUNT PER THREAD: 1000000
SLOOPY VALUE: 1
TIME: 3.714291
SUM: 77000000
THREADS: 77
COUNT PER THREAD: 1000000
SLOOPY VALUE: 1
TIME: 3.706213
SUM: 77000000
THREADS: 77
COUNT PER THREAD: 1000000
SLOOPY VALUE: 1
TIME: 3.754298
SUM: 77000000
THREADS: 78
COUNT PER THREAD: 1000000
SLOOPY VALUE: 1
TIME: 3.776545
SUM: 78000000
THREADS: 78
COUNT PER THREAD: 1000000
SLOOPY VALUE: 1
TIME: 4.048178
SUM: 78000000
THREADS: 78
COUNT PER THREAD: 1000000
SLOOPY VALUE: 1
TIME: 4.330298
SUM: 78000000
THREADS: 78
COUNT PER THREAD: 1000000
SLOOPY VALUE: 1
TIME: 4.405333
SUM: 78000000
THREADS: 78
COUNT PER THREAD: 1000000
SLOOPY VALUE: 1
TIME: 4.431699
SUM: 78000000
THREADS: 78
COUNT PER THREAD: 1000000
SLOOPY VALUE: 1
TIME: 3.848385
SUM: 78000000
THREADS: 78
COUNT PER THREAD: 1000000
SLOOPY VALUE: 1
TIME: 5.366205
SUM: 78000000
THREADS: 78
COUNT PER THREAD: 1000000
SLOOPY VALUE: 1
TIME: 4.143026
SUM: 78000000
THREADS: 78
COUNT PER THREAD: 1000000
SLOOPY VALUE: 1
TIME: 3.766916
SUM: 78000000
THREADS: 78
COUNT PER THREAD: 1000000
SLOOPY VALUE: 1
TIME: 3.788455
SUM: 78000000
THREADS: 79
COUNT PER THREAD: 1000000
SLOOPY VALUE: 1
TIME: 3.914443
SUM: 79000000
THREADS: 79
COUNT PER THREAD: 1000000
SLOOPY VALUE: 1
TIME: 3.851410
SUM: 79000000
THREADS: 79
COUNT PER THREAD: 1000000
SLOOPY VALUE: 1
TIME: 3.927366
SUM: 79000000
THREADS: 79
COUNT PER THREAD: 1000000
SLOOPY VALUE: 1
TIME: 3.854324
SUM: 79000000
THREADS: 79
COUNT PER THREAD: 1000000
SLOOPY VALUE: 1
TIME: 3.833427
SUM: 79000000
THREADS: 79
COUNT PER THREAD: 1000000
SLOOPY VALUE: 1
TIME: 3.925260
SUM: 79000000
THREADS: 79
COUNT PER THREAD: 1000000
SLOOPY VALUE: 1
TIME: 3.847238
SUM: 79000000
THREADS: 79
COUNT PER THREAD: 1000000
SLOOPY VALUE: 1
TIME: 3.885737
SUM: 79000000
THREADS: 79
COUNT PER THREAD: 1000000
SLOOPY VALUE: 1
TIME: 3.926508
SUM: 79000000
THREADS: 79
COUNT PER THREAD: 1000000
SLOOPY VALUE: 1
TIME: 3.895642
SUM: 79000000
THREADS: 80
COUNT PER THREAD: 1000000
SLOOPY VALUE: 1
TIME: 4.092177
SUM: 80000000
THREADS: 80
COUNT PER THREAD: 1000000
SLOOPY VALUE: 1
TIME: 4.674469
SUM: 80000000
THREADS: 80
COUNT PER THREAD: 1000000
SLOOPY VALUE: 1
TIME: 4.456663
SUM: 80000000
THREADS: 80
COUNT PER THREAD: 1000000
SLOOPY VALUE: 1
TIME: 4.156095
SUM: 80000000
THREADS: 80
COUNT PER THREAD: 1000000
SLOOPY VALUE: 1
TIME: 4.110219
SUM: 80000000
THREADS: 80
COUNT PER THREAD: 1000000
SLOOPY VALUE: 1
TIME: 4.094693
SUM: 80000000
THREADS: 80
COUNT PER THREAD: 1000000
SLOOPY VALUE: 1
TIME: 4.319492
SUM: 80000000
THREADS: 80
COUNT PER THREAD: 1000000
SLOOPY VALUE: 1
TIME: 3.981965
SUM: 80000000
THREADS: 80
COUNT PER THREAD: 1000000
SLOOPY VALUE: 1
TIME: 4.303398
SUM: 80000000
THREADS: 80
COUNT PER THREAD: 1000000
SLOOPY VALUE: 1
TIME: 4.217486
SUM: 80000000
THREADS: 81
COUNT PER THREAD: 1000000
SLOOPY VALUE: 1
TIME: 3.969513
SUM: 81000000
THREADS: 81
COUNT PER THREAD: 1000000
SLOOPY VALUE: 1
TIME: 4.031996
SUM: 81000000
THREADS: 81
COUNT PER THREAD: 1000000
SLOOPY VALUE: 1
TIME: 4.053883
SUM: 81000000
THREADS: 81
COUNT PER THREAD: 1000000
SLOOPY VALUE: 1
TIME: 3.993562
SUM: 81000000
THREADS: 81
COUNT PER THREAD: 1000000
SLOOPY VALUE: 1
TIME: 3.982014
SUM: 81000000
THREADS: 81
COUNT PER THREAD: 1000000
SLOOPY VALUE: 1
TIME: 4.009550
SUM: 81000000
THREADS: 81
COUNT PER THREAD: 1000000
SLOOPY VALUE: 1
TIME: 3.998448
SUM: 81000000
THREADS: 81
COUNT PER THREAD: 1000000
SLOOPY VALUE: 1
TIME: 3.975411
SUM: 81000000
THREADS: 81
COUNT PER THREAD: 1000000
SLOOPY VALUE: 1
TIME: 4.128766
SUM: 81000000
THREADS: 81
COUNT PER THREAD: 1000000
SLOOPY VALUE: 1
TIME: 4.305541
SUM: 81000000
THREADS: 82
COUNT PER THREAD: 1000000
SLOOPY VALUE: 1
TIME: 4.141508
SUM: 82000000
THREADS: 82
COUNT PER THREAD: 1000000
SLOOPY VALUE: 1
TIME: 4.068398
SUM: 82000000
THREADS: 82
COUNT PER THREAD: 1000000
SLOOPY VALUE: 1
TIME: 4.217842
SUM: 82000000
THREADS: 82
COUNT PER THREAD: 1000000
SLOOPY VALUE: 1
TIME: 4.280361
SUM: 82000000
THREADS: 82
COUNT PER THREAD: 1000000
SLOOPY VALUE: 1
TIME: 4.294772
SUM: 82000000
THREADS: 82
COUNT PER THREAD: 1000000
SLOOPY VALUE: 1
TIME: 4.332661
SUM: 82000000
THREADS: 82
COUNT PER THREAD: 1000000
SLOOPY VALUE: 1
TIME: 4.163067
SUM: 82000000
THREADS: 82
COUNT PER THREAD: 1000000
SLOOPY VALUE: 1
TIME: 4.091784
SUM: 82000000
THREADS: 82
COUNT PER THREAD: 1000000
SLOOPY VALUE: 1
TIME: 4.057405
SUM: 82000000
THREADS: 82
COUNT PER THREAD: 1000000
SLOOPY VALUE: 1
TIME: 4.054427
SUM: 82000000
THREADS: 83
COUNT PER THREAD: 1000000
SLOOPY VALUE: 1
TIME: 4.305049
SUM: 83000000
THREADS: 83
COUNT PER THREAD: 1000000
SLOOPY VALUE: 1
TIME: 4.141465
SUM: 83000000
THREADS: 83
COUNT PER THREAD: 1000000
SLOOPY VALUE: 1
TIME: 4.353041
SUM: 83000000
THREADS: 83
COUNT PER THREAD: 1000000
SLOOPY VALUE: 1
TIME: 4.126267
SUM: 83000000
THREADS: 83
COUNT PER THREAD: 1000000
SLOOPY VALUE: 1
TIME: 4.421657
SUM: 83000000
THREADS: 83
COUNT PER THREAD: 1000000
SLOOPY VALUE: 1
TIME: 4.242227
SUM: 83000000
THREADS: 83
COUNT PER THREAD: 1000000
SLOOPY VALUE: 1
TIME: 4.198956
SUM: 83000000
THREADS: 83
COUNT PER THREAD: 1000000
SLOOPY VALUE: 1
TIME: 4.297896
SUM: 83000000
THREADS: 83
COUNT PER THREAD: 1000000
SLOOPY VALUE: 1
TIME: 4.320048
SUM: 83000000
THREADS: 83
COUNT PER THREAD: 1000000
SLOOPY VALUE: 1
TIME: 4.325049
SUM: 83000000
THREADS: 84
COUNT PER THREAD: 1000000
SLOOPY VALUE: 1
TIME: 4.151123
SUM: 84000000
THREADS: 84
COUNT PER THREAD: 1000000
SLOOPY VALUE: 1
TIME: 4.098662
SUM: 84000000
THREADS: 84
COUNT PER THREAD: 1000000
SLOOPY VALUE: 1
TIME: 4.211403
SUM: 84000000
THREADS: 84
COUNT PER THREAD: 1000000
SLOOPY VALUE: 1
TIME: 4.129015
SUM: 84000000
THREADS: 84
COUNT PER THREAD: 1000000
SLOOPY VALUE: 1
TIME: 4.129427
SUM: 84000000
THREADS: 84
COUNT PER THREAD: 1000000
SLOOPY VALUE: 1
TIME: 4.134448
SUM: 84000000
THREADS: 84
COUNT PER THREAD: 1000000
SLOOPY VALUE: 1
TIME: 4.075163
SUM: 84000000
THREADS: 84
COUNT PER THREAD: 1000000
SLOOPY VALUE: 1
TIME: 4.182340
SUM: 84000000
THREADS: 84
COUNT PER THREAD: 1000000
SLOOPY VALUE: 1
TIME: 4.124899
SUM: 84000000
THREADS: 84
COUNT PER THREAD: 1000000
SLOOPY VALUE: 1
TIME: 4.439697
SUM: 84000000
THREADS: 85
COUNT PER THREAD: 1000000
SLOOPY VALUE: 1
TIME: 4.244718
SUM: 85000000
THREADS: 85
COUNT PER THREAD: 1000000
SLOOPY VALUE: 1
TIME: 4.214169
SUM: 85000000
THREADS: 85
COUNT PER THREAD: 1000000
SLOOPY VALUE: 1
TIME: 4.410790
SUM: 85000000
THREADS: 85
COUNT PER THREAD: 1000000
SLOOPY VALUE: 1
TIME: 4.248576
SUM: 85000000
THREADS: 85
COUNT PER THREAD: 1000000
SLOOPY VALUE: 1
TIME: 4.269774
SUM: 85000000
THREADS: 85
COUNT PER THREAD: 1000000
SLOOPY VALUE: 1
TIME: 4.257044
SUM: 85000000
THREADS: 85
COUNT PER THREAD: 1000000
SLOOPY VALUE: 1
TIME: 4.429064
SUM: 85000000
THREADS: 85
COUNT PER THREAD: 1000000
SLOOPY VALUE: 1
TIME: 4.371374
SUM: 85000000
THREADS: 85
COUNT PER THREAD: 1000000
SLOOPY VALUE: 1
TIME: 4.331591
SUM: 85000000
THREADS: 85
COUNT PER THREAD: 1000000
SLOOPY VALUE: 1
TIME: 4.300735
SUM: 85000000
THREADS: 86
COUNT PER THREAD: 1000000
SLOOPY VALUE: 1
TIME: 4.846357
SUM: 86000000
THREADS: 86
COUNT PER THREAD: 1000000
SLOOPY VALUE: 1
TIME: 4.144226
SUM: 86000000
THREADS: 86
COUNT PER THREAD: 1000000
SLOOPY VALUE: 1
TIME: 4.089083
SUM: 86000000
THREADS: 86
COUNT PER THREAD: 1000000
SLOOPY VALUE: 1
TIME: 4.127300
SUM: 86000000
THREADS: 86
COUNT PER THREAD: 1000000
SLOOPY VALUE: 1
TIME: 4.163452
SUM: 86000000
THREADS: 86
COUNT PER THREAD: 1000000
SLOOPY VALUE: 1
TIME: 4.133396
SUM: 86000000
THREADS: 86
COUNT PER THREAD: 1000000
SLOOPY VALUE: 1
TIME: 4.150287
SUM: 86000000
THREADS: 86
COUNT PER THREAD: 1000000
SLOOPY VALUE: 1
TIME: 4.117373
SUM: 86000000
THREADS: 86
COUNT PER THREAD: 1000000
SLOOPY VALUE: 1
TIME: 4.121038
SUM: 86000000
THREADS: 86
COUNT PER THREAD: 1000000
SLOOPY VALUE: 1
TIME: 4.084354
SUM: 86000000
THREADS: 87
COUNT PER THREAD: 1000000
SLOOPY VALUE: 1
TIME: 4.170245
SUM: 87000000
THREADS: 87
COUNT PER THREAD: 1000000
SLOOPY VALUE: 1
TIME: 4.145910
SUM: 87000000
THREADS: 87
COUNT PER THREAD: 1000000
SLOOPY VALUE: 1
TIME: 4.143697
SUM: 87000000
THREADS: 87
COUNT PER THREAD: 1000000
SLOOPY VALUE: 1
TIME: 4.134581
SUM: 87000000
THREADS: 87
COUNT PER THREAD: 1000000
SLOOPY VALUE: 1
TIME: 4.165354
SUM: 87000000
THREADS: 87
COUNT PER THREAD: 1000000
SLOOPY VALUE: 1
TIME: 4.203276
SUM: 87000000
THREADS: 87
COUNT PER THREAD: 1000000
SLOOPY VALUE: 1
TIME: 4.100164
SUM: 87000000
THREADS: 87
COUNT PER THREAD: 1000000
SLOOPY VALUE: 1
TIME: 4.131158
SUM: 87000000
THREADS: 87
COUNT PER THREAD: 1000000
SLOOPY VALUE: 1
TIME: 4.098813
SUM: 87000000
THREADS: 87
COUNT PER THREAD: 1000000
SLOOPY VALUE: 1
TIME: 5.554733
SUM: 87000000
THREADS: 88
COUNT PER THREAD: 1000000
SLOOPY VALUE: 1
TIME: 4.350498
SUM: 88000000
THREADS: 88
COUNT PER THREAD: 1000000
SLOOPY VALUE: 1
TIME: 4.280209
SUM: 88000000
THREADS: 88
COUNT PER THREAD: 1000000
SLOOPY VALUE: 1
TIME: 4.743639
SUM: 88000000
THREADS: 88
COUNT PER THREAD: 1000000
SLOOPY VALUE: 1
TIME: 4.886758
SUM: 88000000
THREADS: 88
COUNT PER THREAD: 1000000
SLOOPY VALUE: 1
TIME: 4.589105
SUM: 88000000
THREADS: 88
COUNT PER THREAD: 1000000
SLOOPY VALUE: 1
TIME: 4.295310
SUM: 88000000
THREADS: 88
COUNT PER THREAD: 1000000
SLOOPY VALUE: 1
TIME: 4.189394
SUM: 88000000
THREADS: 88
COUNT PER THREAD: 1000000
SLOOPY VALUE: 1
TIME: 4.193409
SUM: 88000000
THREADS: 88
COUNT PER THREAD: 1000000
SLOOPY VALUE: 1
TIME: 4.163330
SUM: 88000000
THREADS: 88
COUNT PER THREAD: 1000000
SLOOPY VALUE: 1
TIME: 4.173347
SUM: 88000000
THREADS: 89
COUNT PER THREAD: 1000000
SLOOPY VALUE: 1
TIME: 4.406388
SUM: 89000000
THREADS: 89
COUNT PER THREAD: 1000000
SLOOPY VALUE: 1
TIME: 4.349905
SUM: 89000000
THREADS: 89
COUNT PER THREAD: 1000000
SLOOPY VALUE: 1
TIME: 4.344777
SUM: 89000000
THREADS: 89
COUNT PER THREAD: 1000000
SLOOPY VALUE: 1
TIME: 4.870467
SUM: 89000000
THREADS: 89
COUNT PER THREAD: 1000000
SLOOPY VALUE: 1
TIME: 4.501034
SUM: 89000000
THREADS: 89
COUNT PER THREAD: 1000000
SLOOPY VALUE: 1
TIME: 4.648417
SUM: 89000000
THREADS: 89
COUNT PER THREAD: 1000000
SLOOPY VALUE: 1
TIME: 4.481493
SUM: 89000000
THREADS: 89
COUNT PER THREAD: 1000000
SLOOPY VALUE: 1
TIME: 4.577579
SUM: 89000000
THREADS: 89
COUNT PER THREAD: 1000000
SLOOPY VALUE: 1
TIME: 4.560859
SUM: 89000000
THREADS: 89
COUNT PER THREAD: 1000000
SLOOPY VALUE: 1
TIME: 4.351237
SUM: 89000000
THREADS: 90
COUNT PER THREAD: 1000000
SLOOPY VALUE: 1
TIME: 4.229970
SUM: 90000000
THREADS: 90
COUNT PER THREAD: 1000000
SLOOPY VALUE: 1
TIME: 4.232876
SUM: 90000000
THREADS: 90
COUNT PER THREAD: 1000000
SLOOPY VALUE: 1
TIME: 4.250367
SUM: 90000000
THREADS: 90
COUNT PER THREAD: 1000000
SLOOPY VALUE: 1
TIME: 4.221315
SUM: 90000000
THREADS: 90
COUNT PER THREAD: 1000000
SLOOPY VALUE: 1
TIME: 4.407251
SUM: 90000000
THREADS: 90
COUNT PER THREAD: 1000000
SLOOPY VALUE: 1
TIME: 5.107991
SUM: 90000000
THREADS: 90
COUNT PER THREAD: 1000000
SLOOPY VALUE: 1
TIME: 4.676659
SUM: 90000000
THREADS: 90
COUNT PER THREAD: 1000000
SLOOPY VALUE: 1
TIME: 5.076044
SUM: 90000000
THREADS: 90
COUNT PER THREAD: 1000000
SLOOPY VALUE: 1
TIME: 5.013291
SUM: 90000000
THREADS: 90
COUNT PER THREAD: 1000000
SLOOPY VALUE: 1
TIME: 5.534493
SUM: 90000000
THREADS: 91
COUNT PER THREAD: 1000000
SLOOPY VALUE: 1
TIME: 4.314029
SUM: 91000000
THREADS: 91
COUNT PER THREAD: 1000000
SLOOPY VALUE: 1
TIME: 4.309139
SUM: 91000000
THREADS: 91
COUNT PER THREAD: 1000000
SLOOPY VALUE: 1
TIME: 4.314804
SUM: 91000000
THREADS: 91
COUNT PER THREAD: 1000000
SLOOPY VALUE: 1
TIME: 4.331613
SUM: 91000000
THREADS: 91
COUNT PER THREAD: 1000000
SLOOPY VALUE: 1
TIME: 4.302958
SUM: 91000000
THREADS: 91
COUNT PER THREAD: 1000000
SLOOPY VALUE: 1
TIME: 4.319189
SUM: 91000000
THREADS: 91
COUNT PER THREAD: 1000000
SLOOPY VALUE: 1
TIME: 4.314068
SUM: 91000000
THREADS: 91
COUNT PER THREAD: 1000000
SLOOPY VALUE: 1
TIME: 4.652695
SUM: 91000000
THREADS: 91
COUNT PER THREAD: 1000000
SLOOPY VALUE: 1
TIME: 4.774220
SUM: 91000000
THREADS: 91
COUNT PER THREAD: 1000000
SLOOPY VALUE: 1
TIME: 4.681153
SUM: 91000000
THREADS: 92
COUNT PER THREAD: 1000000
SLOOPY VALUE: 1
TIME: 4.372327
SUM: 92000000
THREADS: 92
COUNT PER THREAD: 1000000
SLOOPY VALUE: 1
TIME: 4.367314
SUM: 92000000
THREADS: 92
COUNT PER THREAD: 1000000
SLOOPY VALUE: 1
TIME: 4.595757
SUM: 92000000
THREADS: 92
COUNT PER THREAD: 1000000
SLOOPY VALUE: 1
TIME: 4.351904
SUM: 92000000
THREADS: 92
COUNT PER THREAD: 1000000
SLOOPY VALUE: 1
TIME: 4.432142
SUM: 92000000
THREADS: 92
COUNT PER THREAD: 1000000
SLOOPY VALUE: 1
TIME: 4.568599
SUM: 92000000
THREADS: 92
COUNT PER THREAD: 1000000
SLOOPY VALUE: 1
TIME: 4.710126
SUM: 92000000
THREADS: 92
COUNT PER THREAD: 1000000
SLOOPY VALUE: 1
TIME: 4.687841
SUM: 92000000
THREADS: 92
COUNT PER THREAD: 1000000
SLOOPY VALUE: 1
TIME: 5.735154
SUM: 92000000
THREADS: 92
COUNT PER THREAD: 1000000
SLOOPY VALUE: 1
TIME: 5.134072
SUM: 92000000
THREADS: 93
COUNT PER THREAD: 1000000
SLOOPY VALUE: 1
TIME: 4.448459
SUM: 93000000
THREADS: 93
COUNT PER THREAD: 1000000
SLOOPY VALUE: 1
TIME: 4.491635
SUM: 93000000
THREADS: 93
COUNT PER THREAD: 1000000
SLOOPY VALUE: 1
TIME: 4.806728
SUM: 93000000
THREADS: 93
COUNT PER THREAD: 1000000
SLOOPY VALUE: 1
TIME: 4.811349
SUM: 93000000
THREADS: 93
COUNT PER THREAD: 1000000
SLOOPY VALUE: 1
TIME: 4.645969
SUM: 93000000
THREADS: 93
COUNT PER THREAD: 1000000
SLOOPY VALUE: 1
TIME: 4.810522
SUM: 93000000
THREADS: 93
COUNT PER THREAD: 1000000
SLOOPY VALUE: 1
TIME: 4.750057
SUM: 93000000
THREADS: 93
COUNT PER THREAD: 1000000
SLOOPY VALUE: 1
TIME: 4.456292
SUM: 93000000
THREADS: 93
COUNT PER THREAD: 1000000
SLOOPY VALUE: 1
TIME: 4.452616
SUM: 93000000
THREADS: 93
COUNT PER THREAD: 1000000
SLOOPY VALUE: 1
TIME: 4.441175
SUM: 93000000
THREADS: 94
COUNT PER THREAD: 1000000
SLOOPY VALUE: 1
TIME: 4.454076
SUM: 94000000
THREADS: 94
COUNT PER THREAD: 1000000
SLOOPY VALUE: 1
TIME: 4.429507
SUM: 94000000
THREADS: 94
COUNT PER THREAD: 1000000
SLOOPY VALUE: 1
TIME: 4.447619
SUM: 94000000
THREADS: 94
COUNT PER THREAD: 1000000
SLOOPY VALUE: 1
TIME: 4.412767
SUM: 94000000
THREADS: 94
COUNT PER THREAD: 1000000
SLOOPY VALUE: 1
TIME: 4.433795
SUM: 94000000
THREADS: 94
COUNT PER THREAD: 1000000
SLOOPY VALUE: 1
TIME: 4.417847
SUM: 94000000
THREADS: 94
COUNT PER THREAD: 1000000
SLOOPY VALUE: 1
TIME: 4.403786
SUM: 94000000
THREADS: 94
COUNT PER THREAD: 1000000
SLOOPY VALUE: 1
TIME: 4.399988
SUM: 94000000
THREADS: 94
COUNT PER THREAD: 1000000
SLOOPY VALUE: 1
TIME: 4.447751
SUM: 94000000
THREADS: 94
COUNT PER THREAD: 1000000
SLOOPY VALUE: 1
TIME: 4.427213
SUM: 94000000
THREADS: 95
COUNT PER THREAD: 1000000
SLOOPY VALUE: 1
TIME: 4.958732
SUM: 95000000
THREADS: 95
COUNT PER THREAD: 1000000
SLOOPY VALUE: 1
TIME: 4.987541
SUM: 95000000
THREADS: 95
COUNT PER THREAD: 1000000
SLOOPY VALUE: 1
TIME: 4.932952
SUM: 95000000
THREADS: 95
COUNT PER THREAD: 1000000
SLOOPY VALUE: 1
TIME: 4.880251
SUM: 95000000
THREADS: 95
COUNT PER THREAD: 1000000
SLOOPY VALUE: 1
TIME: 4.876238
SUM: 95000000
THREADS: 95
COUNT PER THREAD: 1000000
SLOOPY VALUE: 1
TIME: 5.065631
SUM: 95000000
THREADS: 95
COUNT PER THREAD: 1000000
SLOOPY VALUE: 1
TIME: 5.124863
SUM: 95000000
THREADS: 95
COUNT PER THREAD: 1000000
SLOOPY VALUE: 1
TIME: 5.101963
SUM: 95000000
THREADS: 95
COUNT PER THREAD: 1000000
SLOOPY VALUE: 1
TIME: 4.941722
SUM: 95000000
THREADS: 95
COUNT PER THREAD: 1000000
SLOOPY VALUE: 1
TIME: 4.982245
SUM: 95000000
THREADS: 96
COUNT PER THREAD: 1000000
SLOOPY VALUE: 1
TIME: 4.939121
SUM: 96000000
THREADS: 96
COUNT PER THREAD: 1000000
SLOOPY VALUE: 1
TIME: 5.025073
SUM: 96000000
THREADS: 96
COUNT PER THREAD: 1000000
SLOOPY VALUE: 1
TIME: 5.043265
SUM: 96000000
THREADS: 96
COUNT PER THREAD: 1000000
SLOOPY VALUE: 1
TIME: 4.656134
SUM: 96000000
THREADS: 96
COUNT PER THREAD: 1000000
SLOOPY VALUE: 1
TIME: 4.794623
SUM: 96000000
THREADS: 96
COUNT PER THREAD: 1000000
SLOOPY VALUE: 1
TIME: 5.059811
SUM: 96000000
THREADS: 96
COUNT PER THREAD: 1000000
SLOOPY VALUE: 1
TIME: 5.033767
SUM: 96000000
THREADS: 96
COUNT PER THREAD: 1000000
SLOOPY VALUE: 1
TIME: 4.902104
SUM: 96000000
THREADS: 96
COUNT PER THREAD: 1000000
SLOOPY VALUE: 1
TIME: 5.131256
SUM: 96000000
THREADS: 96
COUNT PER THREAD: 1000000
SLOOPY VALUE: 1
TIME: 5.229809
SUM: 96000000
THREADS: 97
COUNT PER THREAD: 1000000
SLOOPY VALUE: 1
TIME: 4.742666
SUM: 97000000
THREADS: 97
COUNT PER THREAD: 1000000
SLOOPY VALUE: 1
TIME: 4.673904
SUM: 97000000
THREADS: 97
COUNT PER THREAD: 1000000
SLOOPY VALUE: 1
TIME: 4.676954
SUM: 97000000
THREADS: 97
COUNT PER THREAD: 1000000
SLOOPY VALUE: 1
TIME: 4.596410
SUM: 97000000
THREADS: 97
COUNT PER THREAD: 1000000
SLOOPY VALUE: 1
TIME: 4.801015
SUM: 97000000
THREADS: 97
COUNT PER THREAD: 1000000
SLOOPY VALUE: 1
TIME: 4.981788
SUM: 97000000
THREADS: 97
COUNT PER THREAD: 1000000
SLOOPY VALUE: 1
TIME: 4.673827
SUM: 97000000
THREADS: 97
COUNT PER THREAD: 1000000
SLOOPY VALUE: 1
TIME: 4.777367
SUM: 97000000
THREADS: 97
COUNT PER THREAD: 1000000
SLOOPY VALUE: 1
TIME: 4.974349
SUM: 97000000
THREADS: 97
COUNT PER THREAD: 1000000
SLOOPY VALUE: 1
TIME: 4.887781
SUM: 97000000
THREADS: 98
COUNT PER THREAD: 1000000
SLOOPY VALUE: 1
TIME: 5.101419
SUM: 98000000
THREADS: 98
COUNT PER THREAD: 1000000
SLOOPY VALUE: 1
TIME: 5.154087
SUM: 98000000
THREADS: 98
COUNT PER THREAD: 1000000
SLOOPY VALUE: 1
TIME: 4.985182
SUM: 98000000
THREADS: 98
COUNT PER THREAD: 1000000
SLOOPY VALUE: 1
TIME: 5.042105
SUM: 98000000
THREADS: 98
COUNT PER THREAD: 1000000
SLOOPY VALUE: 1
TIME: 5.006601
SUM: 98000000
THREADS: 98
COUNT PER THREAD: 1000000
SLOOPY VALUE: 1
TIME: 4.897772
SUM: 98000000
THREADS: 98
COUNT PER THREAD: 1000000
SLOOPY VALUE: 1
TIME: 5.053633
SUM: 98000000
THREADS: 98
COUNT PER THREAD: 1000000
SLOOPY VALUE: 1
TIME: 4.837069
SUM: 98000000
THREADS: 98
COUNT PER THREAD: 1000000
SLOOPY VALUE: 1
TIME: 4.877097
SUM: 98000000
THREADS: 98
COUNT PER THREAD: 1000000
SLOOPY VALUE: 1
TIME: 4.826479
SUM: 98000000
THREADS: 99
COUNT PER THREAD: 1000000
SLOOPY VALUE: 1
TIME: 5.140120
SUM: 99000000
THREADS: 99
COUNT PER THREAD: 1000000
SLOOPY VALUE: 1
TIME: 5.028334
SUM: 99000000
THREADS: 99
COUNT PER THREAD: 1000000
SLOOPY VALUE: 1
TIME: 5.222010
SUM: 99000000
THREADS: 99
COUNT PER THREAD: 1000000
SLOOPY VALUE: 1
TIME: 5.032502
SUM: 99000000
THREADS: 99
COUNT PER THREAD: 1000000
SLOOPY VALUE: 1
TIME: 5.144799
SUM: 99000000
THREADS: 99
COUNT PER THREAD: 1000000
SLOOPY VALUE: 1
TIME: 5.157229
SUM: 99000000
THREADS: 99
COUNT PER THREAD: 1000000
SLOOPY VALUE: 1
TIME: 4.798247
SUM: 99000000
THREADS: 99
COUNT PER THREAD: 1000000
SLOOPY VALUE: 1
TIME: 4.874692
SUM: 99000000
THREADS: 99
COUNT PER THREAD: 1000000
SLOOPY VALUE: 1
TIME: 4.891076
SUM: 99000000
THREADS: 99
COUNT PER THREAD: 1000000
SLOOPY VALUE: 1
TIME: 4.980945
SUM: 99000000
THREADS: 100
COUNT PER THREAD: 1000000
SLOOPY VALUE: 1
TIME: 5.121257
SUM: 100000000
THREADS: 100
COUNT PER THREAD: 1000000
SLOOPY VALUE: 1
TIME: 5.271156
SUM: 100000000
THREADS: 100
COUNT PER THREAD: 1000000
SLOOPY VALUE: 1
TIME: 4.882568
SUM: 100000000
THREADS: 100
COUNT PER THREAD: 1000000
SLOOPY VALUE: 1
TIME: 5.032439
SUM: 100000000
THREADS: 100
COUNT PER THREAD: 1000000
SLOOPY VALUE: 1
TIME: 4.942056
SUM: 100000000
THREADS: 100
COUNT PER THREAD: 1000000
SLOOPY VALUE: 1
TIME: 4.779438
SUM: 100000000
THREADS: 100
COUNT PER THREAD: 1000000
SLOOPY VALUE: 1
TIME: 4.766499
SUM: 100000000
THREADS: 100
COUNT PER THREAD: 1000000
SLOOPY VALUE: 1
TIME: 4.913135
SUM: 100000000
THREADS: 100
COUNT PER THREAD: 1000000
SLOOPY VALUE: 1
TIME: 4.822367
SUM: 100000000
THREADS: 100
COUNT PER THREAD: 1000000
SLOOPY VALUE: 1
TIME: 4.822176
SUM: 100000000
