THREADS: 1
COUNT PER THREAD: 1000000
SLOOPY VALUE: 1024
TIME: 0.033718
SUM: 1000000
THREADS: 1
COUNT PER THREAD: 1000000
SLOOPY VALUE: 1024
TIME: 0.047995
SUM: 1000000
THREADS: 1
COUNT PER THREAD: 1000000
SLOOPY VALUE: 1024
TIME: 0.025210
SUM: 1000000
THREADS: 1
COUNT PER THREAD: 1000000
SLOOPY VALUE: 1024
TIME: 0.029578
SUM: 1000000
THREADS: 1
COUNT PER THREAD: 1000000
SLOOPY VALUE: 1024
TIME: 0.028876
SUM: 1000000
THREADS: 1
COUNT PER THREAD: 1000000
SLOOPY VALUE: 1024
TIME: 0.041529
SUM: 1000000
THREADS: 1
COUNT PER THREAD: 1000000
SLOOPY VALUE: 1024
TIME: 0.024514
SUM: 1000000
THREADS: 1
COUNT PER THREAD: 1000000
SLOOPY VALUE: 1024
TIME: 0.031665
SUM: 1000000
THREADS: 1
COUNT PER THREAD: 1000000
SLOOPY VALUE: 1024
TIME: 0.028993
SUM: 1000000
THREADS: 1
COUNT PER THREAD: 1000000
SLOOPY VALUE: 1024
TIME: 0.039199
SUM: 1000000
THREADS: 2
COUNT PER THREAD: 1000000
SLOOPY VALUE: 1024
TIME: 0.065326
SUM: 2000000
THREADS: 2
COUNT PER THREAD: 1000000
SLOOPY VALUE: 1024
TIME: 0.054542
SUM: 2000000
THREADS: 2
COUNT PER THREAD: 1000000
SLOOPY VALUE: 1024
TIME: 0.069162
SUM: 2000000
THREADS: 2
COUNT PER THREAD: 1000000
SLOOPY VALUE: 1024
TIME: 0.060557
SUM: 2000000
THREADS: 2
COUNT PER THREAD: 1000000
SLOOPY VALUE: 1024
TIME: 0.070756
SUM: 2000000
THREADS: 2
COUNT PER THREAD: 1000000
SLOOPY VALUE: 1024
TIME: 0.052714
SUM: 2000000
THREADS: 2
COUNT PER THREAD: 1000000
SLOOPY VALUE: 1024
TIME: 0.058724
SUM: 2000000
THREADS: 2
COUNT PER THREAD: 1000000
SLOOPY VALUE: 1024
TIME: 0.049446
SUM: 2000000
THREADS: 2
COUNT PER THREAD: 1000000
SLOOPY VALUE: 1024
TIME: 0.046860
SUM: 2000000
THREADS: 2
COUNT PER THREAD: 1000000
SLOOPY VALUE: 1024
TIME: 0.052839
SUM: 2000000
THREADS: 3
COUNT PER THREAD: 1000000
SLOOPY VALUE: 1024
TIME: 0.068843
SUM: 3000000
THREADS: 3
COUNT PER THREAD: 1000000
SLOOPY VALUE: 1024
TIME: 0.083189
SUM: 3000000
THREADS: 3
COUNT PER THREAD: 1000000
SLOOPY VALUE: 1024
TIME: 0.070569
SUM: 3000000
THREADS: 3
COUNT PER THREAD: 1000000
SLOOPY VALUE: 1024
TIME: 0.082540
SUM: 3000000
THREADS: 3
COUNT PER THREAD: 1000000
SLOOPY VALUE: 1024
TIME: 0.068506
SUM: 3000000
THREADS: 3
COUNT PER THREAD: 1000000
SLOOPY VALUE: 1024
TIME: 0.083802
SUM: 3000000
THREADS: 3
COUNT PER THREAD: 1000000
SLOOPY VALUE: 1024
TIME: 0.069530
SUM: 3000000
THREADS: 3
COUNT PER THREAD: 1000000
SLOOPY VALUE: 1024
TIME: 0.082243
SUM: 3000000
THREADS: 3
COUNT PER THREAD: 1000000
SLOOPY VALUE: 1024
TIME: 0.068932
SUM: 3000000
THREADS: 3
COUNT PER THREAD: 1000000
SLOOPY VALUE: 1024
TIME: 0.082836
SUM: 3000000
THREADS: 4
COUNT PER THREAD: 1000000
SLOOPY VALUE: 1024
TIME: 0.093964
SUM: 4000000
THREADS: 4
COUNT PER THREAD: 1000000
SLOOPY VALUE: 1024
TIME: 0.109035
SUM: 4000000
THREADS: 4
COUNT PER THREAD: 1000000
SLOOPY VALUE: 1024
TIME: 0.098447
SUM: 4000000
THREADS: 4
COUNT PER THREAD: 1000000
SLOOPY VALUE: 1024
TIME: 0.126704
SUM: 4000000
THREADS: 4
COUNT PER THREAD: 1000000
SLOOPY VALUE: 1024
TIME: 0.154024
SUM: 4000000
THREADS: 4
COUNT PER THREAD: 1000000
SLOOPY VALUE: 1024
TIME: 0.120240
SUM: 4000000
THREADS: 4
COUNT PER THREAD: 1000000
SLOOPY VALUE: 1024
TIME: 0.140552
SUM: 4000000
THREADS: 4
COUNT PER THREAD: 1000000
SLOOPY VALUE: 1024
TIME: 0.147538
SUM: 4000000
THREADS: 4
COUNT PER THREAD: 1000000
SLOOPY VALUE: 1024
TIME: 0.132727
SUM: 4000000
THREADS: 4
COUNT PER THREAD: 1000000
SLOOPY VALUE: 1024
TIME: 0.137684
SUM: 4000000
THREADS: 5
COUNT PER THREAD: 1000000
SLOOPY VALUE: 1024
TIME: 0.139347
SUM: 5000000
THREADS: 5
COUNT PER THREAD: 1000000
SLOOPY VALUE: 1024
TIME: 0.137157
SUM: 5000000
THREADS: 5
COUNT PER THREAD: 1000000
SLOOPY VALUE: 1024
TIME: 0.145071
SUM: 5000000
THREADS: 5
COUNT PER THREAD: 1000000
SLOOPY VALUE: 1024
TIME: 0.138848
SUM: 5000000
THREADS: 5
COUNT PER THREAD: 1000000
SLOOPY VALUE: 1024
TIME: 0.133661
SUM: 5000000
THREADS: 5
COUNT PER THREAD: 1000000
SLOOPY VALUE: 1024
TIME: 0.133798
SUM: 5000000
THREADS: 5
COUNT PER THREAD: 1000000
SLOOPY VALUE: 1024
TIME: 0.134097
SUM: 5000000
THREADS: 5
COUNT PER THREAD: 1000000
SLOOPY VALUE: 1024
TIME: 0.133356
SUM: 5000000
THREADS: 5
COUNT PER THREAD: 1000000
SLOOPY VALUE: 1024
TIME: 0.133301
SUM: 5000000
THREADS: 5
COUNT PER THREAD: 1000000
SLOOPY VALUE: 1024
TIME: 0.132626
SUM: 5000000
THREADS: 6
COUNT PER THREAD: 1000000
SLOOPY VALUE: 1024
TIME: 0.157137
SUM: 6000000
THREADS: 6
COUNT PER THREAD: 1000000
SLOOPY VALUE: 1024
TIME: 0.158234
SUM: 6000000
THREADS: 6
COUNT PER THREAD: 1000000
SLOOPY VALUE: 1024
TIME: 0.158057
SUM: 6000000
THREADS: 6
COUNT PER THREAD: 1000000
SLOOPY VALUE: 1024
TIME: 0.156756
SUM: 6000000
THREADS: 6
COUNT PER THREAD: 1000000
SLOOPY VALUE: 1024
TIME: 0.157201
SUM: 6000000
THREADS: 6
COUNT PER THREAD: 1000000
SLOOPY VALUE: 1024
TIME: 0.157323
SUM: 6000000
THREADS: 6
COUNT PER THREAD: 1000000
SLOOPY VALUE: 1024
TIME: 0.156026
SUM: 6000000
THREADS: 6
COUNT PER THREAD: 1000000
SLOOPY VALUE: 1024
TIME: 0.155872
SUM: 6000000
THREADS: 6
COUNT PER THREAD: 1000000
SLOOPY VALUE: 1024
TIME: 0.156916
SUM: 6000000
THREADS: 6
COUNT PER THREAD: 1000000
SLOOPY VALUE: 1024
TIME: 0.157126
SUM: 6000000
THREADS: 7
COUNT PER THREAD: 1000000
SLOOPY VALUE: 1024
TIME: 0.181857
SUM: 7000000
THREADS: 7
COUNT PER THREAD: 1000000
SLOOPY VALUE: 1024
TIME: 0.178962
SUM: 7000000
THREADS: 7
COUNT PER THREAD: 1000000
SLOOPY VALUE: 1024
TIME: 0.190212
SUM: 7000000
THREADS: 7
COUNT PER THREAD: 1000000
SLOOPY VALUE: 1024
TIME: 0.184927
SUM: 7000000
THREADS: 7
COUNT PER THREAD: 1000000
SLOOPY VALUE: 1024
TIME: 0.182820
SUM: 7000000
THREADS: 7
COUNT PER THREAD: 1000000
SLOOPY VALUE: 1024
TIME: 0.182863
SUM: 7000000
THREADS: 7
COUNT PER THREAD: 1000000
SLOOPY VALUE: 1024
TIME: 0.183775
SUM: 7000000
THREADS: 7
COUNT PER THREAD: 1000000
SLOOPY VALUE: 1024
TIME: 0.180536
SUM: 7000000
THREADS: 7
COUNT PER THREAD: 1000000
SLOOPY VALUE: 1024
TIME: 0.179536
SUM: 7000000
THREADS: 7
COUNT PER THREAD: 1000000
SLOOPY VALUE: 1024
TIME: 0.181496
SUM: 7000000
THREADS: 8
COUNT PER THREAD: 1000000
SLOOPY VALUE: 1024
TIME: 0.243584
SUM: 8000000
THREADS: 8
COUNT PER THREAD: 1000000
SLOOPY VALUE: 1024
TIME: 0.244223
SUM: 8000000
THREADS: 8
COUNT PER THREAD: 1000000
SLOOPY VALUE: 1024
TIME: 0.229550
SUM: 8000000
THREADS: 8
COUNT PER THREAD: 1000000
SLOOPY VALUE: 1024
TIME: 0.235015
SUM: 8000000
THREADS: 8
COUNT PER THREAD: 1000000
SLOOPY VALUE: 1024
TIME: 0.226573
SUM: 8000000
THREADS: 8
COUNT PER THREAD: 1000000
SLOOPY VALUE: 1024
TIME: 0.227084
SUM: 8000000
THREADS: 8
COUNT PER THREAD: 1000000
SLOOPY VALUE: 1024
TIME: 0.250522
SUM: 8000000
THREADS: 8
COUNT PER THREAD: 1000000
SLOOPY VALUE: 1024
TIME: 0.241535
SUM: 8000000
THREADS: 8
COUNT PER THREAD: 1000000
SLOOPY VALUE: 1024
TIME: 0.207546
SUM: 8000000
THREADS: 8
COUNT PER THREAD: 1000000
SLOOPY VALUE: 1024
TIME: 0.221975
SUM: 8000000
THREADS: 9
COUNT PER THREAD: 1000000
SLOOPY VALUE: 1024
TIME: 0.273944
SUM: 9000000
THREADS: 9
COUNT PER THREAD: 1000000
SLOOPY VALUE: 1024
TIME: 0.262148
SUM: 9000000
THREADS: 9
COUNT PER THREAD: 1000000
SLOOPY VALUE: 1024
TIME: 0.255162
SUM: 9000000
THREADS: 9
COUNT PER THREAD: 1000000
SLOOPY VALUE: 1024
TIME: 0.253860
SUM: 9000000
THREADS: 9
COUNT PER THREAD: 1000000
SLOOPY VALUE: 1024
TIME: 0.266166
SUM: 9000000
THREADS: 9
COUNT PER THREAD: 1000000
SLOOPY VALUE: 1024
TIME: 0.258156
SUM: 9000000
THREADS: 9
COUNT PER THREAD: 1000000
SLOOPY VALUE: 1024
TIME: 0.270906
SUM: 9000000
THREADS: 9
COUNT PER THREAD: 1000000
SLOOPY VALUE: 1024
TIME: 0.265187
SUM: 9000000
THREADS: 9
COUNT PER THREAD: 1000000
SLOOPY VALUE: 1024
TIME: 0.287642
SUM: 9000000
THREADS: 9
COUNT PER THREAD: 1000000
SLOOPY VALUE: 1024
TIME: 0.279413
SUM: 9000000
THREADS: 10
COUNT PER THREAD: 1000000
SLOOPY VALUE: 1024
TIME: 0.313901
SUM: 10000000
THREADS: 10
COUNT PER THREAD: 1000000
SLOOPY VALUE: 1024
TIME: 0.331749
SUM: 10000000
THREADS: 10
COUNT PER THREAD: 1000000
SLOOPY VALUE: 1024
TIME: 0.317688
SUM: 10000000
THREADS: 10
COUNT PER THREAD: 1000000
SLOOPY VALUE: 1024
TIME: 0.295148
SUM: 10000000
THREADS: 10
COUNT PER THREAD: 1000000
SLOOPY VALUE: 1024
TIME: 0.315733
SUM: 10000000
THREADS: 10
COUNT PER THREAD: 1000000
SLOOPY VALUE: 1024
TIME: 0.351512
SUM: 10000000
THREADS: 10
COUNT PER THREAD: 1000000
SLOOPY VALUE: 1024
TIME: 0.341165
SUM: 10000000
THREADS: 10
COUNT PER THREAD: 1000000
SLOOPY VALUE: 1024
TIME: 0.304486
SUM: 10000000
THREADS: 10
COUNT PER THREAD: 1000000
SLOOPY VALUE: 1024
TIME: 0.268383
SUM: 10000000
THREADS: 10
COUNT PER THREAD: 1000000
SLOOPY VALUE: 1024
TIME: 0.265013
SUM: 10000000
THREADS: 11
COUNT PER THREAD: 1000000
SLOOPY VALUE: 1024
TIME: 0.336592
SUM: 11000000
THREADS: 11
COUNT PER THREAD: 1000000
SLOOPY VALUE: 1024
TIME: 0.309167
SUM: 11000000
THREADS: 11
COUNT PER THREAD: 1000000
SLOOPY VALUE: 1024
TIME: 0.320961
SUM: 11000000
THREADS: 11
COUNT PER THREAD: 1000000
SLOOPY VALUE: 1024
TIME: 0.346144
SUM: 11000000
THREADS: 11
COUNT PER THREAD: 1000000
SLOOPY VALUE: 1024
TIME: 0.414602
SUM: 11000000
THREADS: 11
COUNT PER THREAD: 1000000
SLOOPY VALUE: 1024
TIME: 0.405871
SUM: 11000000
THREADS: 11
COUNT PER THREAD: 1000000
SLOOPY VALUE: 1024
TIME: 0.374129
SUM: 11000000
THREADS: 11
COUNT PER THREAD: 1000000
SLOOPY VALUE: 1024
TIME: 0.342089
SUM: 11000000
THREADS: 11
COUNT PER THREAD: 1000000
SLOOPY VALUE: 1024
TIME: 0.346034
SUM: 11000000
THREADS: 11
COUNT PER THREAD: 1000000
SLOOPY VALUE: 1024
TIME: 0.324133
SUM: 11000000
THREADS: 12
COUNT PER THREAD: 1000000
SLOOPY VALUE: 1024
TIME: 0.347490
SUM: 12000000
THREADS: 12
COUNT PER THREAD: 1000000
SLOOPY VALUE: 1024
TIME: 0.383956
SUM: 12000000
THREADS: 12
COUNT PER THREAD: 1000000
SLOOPY VALUE: 1024
TIME: 0.387749
SUM: 12000000
THREADS: 12
COUNT PER THREAD: 1000000
SLOOPY VALUE: 1024
TIME: 0.367400
SUM: 12000000
THREADS: 12
COUNT PER THREAD: 1000000
SLOOPY VALUE: 1024
TIME: 0.356982
SUM: 12000000
THREADS: 12
COUNT PER THREAD: 1000000
SLOOPY VALUE: 1024
TIME: 0.372124
SUM: 12000000
THREADS: 12
COUNT PER THREAD: 1000000
SLOOPY VALUE: 1024
TIME: 0.415194
SUM: 12000000
THREADS: 12
COUNT PER THREAD: 1000000
SLOOPY VALUE: 1024
TIME: 0.364723
SUM: 12000000
THREADS: 12
COUNT PER THREAD: 1000000
SLOOPY VALUE: 1024
TIME: 0.332932
SUM: 12000000
THREADS: 12
COUNT PER THREAD: 1000000
SLOOPY VALUE: 1024
TIME: 0.346143
SUM: 12000000
THREADS: 13
COUNT PER THREAD: 1000000
SLOOPY VALUE: 1024
TIME: 0.355310
SUM: 13000000
THREADS: 13
COUNT PER THREAD: 1000000
SLOOPY VALUE: 1024
TIME: 0.366376
SUM: 13000000
THREADS: 13
COUNT PER THREAD: 1000000
SLOOPY VALUE: 1024
TIME: 0.355721
SUM: 13000000
THREADS: 13
COUNT PER THREAD: 1000000
SLOOPY VALUE: 1024
TIME: 0.376672
SUM: 13000000
THREADS: 13
COUNT PER THREAD: 1000000
SLOOPY VALUE: 1024
TIME: 0.380392
SUM: 13000000
THREADS: 13
COUNT PER THREAD: 1000000
SLOOPY VALUE: 1024
TIME: 0.380243
SUM: 13000000
THREADS: 13
COUNT PER THREAD: 1000000
SLOOPY VALUE: 1024
TIME: 0.355674
SUM: 13000000
THREADS: 13
COUNT PER THREAD: 1000000
SLOOPY VALUE: 1024
TIME: 0.358501
SUM: 13000000
THREADS: 13
COUNT PER THREAD: 1000000
SLOOPY VALUE: 1024
TIME: 0.356831
SUM: 13000000
THREADS: 13
COUNT PER THREAD: 1000000
SLOOPY VALUE: 1024
TIME: 0.365903
SUM: 13000000
THREADS: 14
COUNT PER THREAD: 1000000
SLOOPY VALUE: 1024
TIME: 0.376107
SUM: 14000000
THREADS: 14
COUNT PER THREAD: 1000000
SLOOPY VALUE: 1024
TIME: 0.389529
SUM: 14000000
THREADS: 14
COUNT PER THREAD: 1000000
SLOOPY VALUE: 1024
TIME: 0.393605
SUM: 14000000
THREADS: 14
COUNT PER THREAD: 1000000
SLOOPY VALUE: 1024
TIME: 0.402566
SUM: 14000000
THREADS: 14
COUNT PER THREAD: 1000000
SLOOPY VALUE: 1024
TIME: 0.387855
SUM: 14000000
THREADS: 14
COUNT PER THREAD: 1000000
SLOOPY VALUE: 1024
TIME: 0.391711
SUM: 14000000
THREADS: 14
COUNT PER THREAD: 1000000
SLOOPY VALUE: 1024
TIME: 0.403959
SUM: 14000000
THREADS: 14
COUNT PER THREAD: 1000000
SLOOPY VALUE: 1024
TIME: 0.386424
SUM: 14000000
THREADS: 14
COUNT PER THREAD: 1000000
SLOOPY VALUE: 1024
TIME: 0.381444
SUM: 14000000
THREADS: 14
COUNT PER THREAD: 1000000
SLOOPY VALUE: 1024
TIME: 0.393714
SUM: 14000000
THREADS: 15
COUNT PER THREAD: 1000000
SLOOPY VALUE: 1024
TIME: 0.409822
SUM: 15000000
THREADS: 15
COUNT PER THREAD: 1000000
SLOOPY VALUE: 1024
TIME: 0.450647
SUM: 15000000
THREADS: 15
COUNT PER THREAD: 1000000
SLOOPY VALUE: 1024
TIME: 0.418751
SUM: 15000000
THREADS: 15
COUNT PER THREAD: 1000000
SLOOPY VALUE: 1024
TIME: 0.440294
SUM: 15000000
THREADS: 15
COUNT PER THREAD: 1000000
SLOOPY VALUE: 1024
TIME: 0.444717
SUM: 15000000
THREADS: 15
COUNT PER THREAD: 1000000
SLOOPY VALUE: 1024
TIME: 0.414560
SUM: 15000000
THREADS: 15
COUNT PER THREAD: 1000000
SLOOPY VALUE: 1024
TIME: 0.404093
SUM: 15000000
THREADS: 15
COUNT PER THREAD: 1000000
SLOOPY VALUE: 1024
TIME: 0.426539
SUM: 15000000
THREADS: 15
COUNT PER THREAD: 1000000
SLOOPY VALUE: 1024
TIME: 0.428356
SUM: 15000000
THREADS: 15
COUNT PER THREAD: 1000000
SLOOPY VALUE: 1024
TIME: 0.418091
SUM: 15000000
THREADS: 16
COUNT PER THREAD: 1000000
SLOOPY VALUE: 1024
TIME: 0.434048
SUM: 16000000
THREADS: 16
COUNT PER THREAD: 1000000
SLOOPY VALUE: 1024
TIME: 0.434634
SUM: 16000000
THREADS: 16
COUNT PER THREAD: 1000000
SLOOPY VALUE: 1024
TIME: 0.480467
SUM: 16000000
THREADS: 16
COUNT PER THREAD: 1000000
SLOOPY VALUE: 1024
TIME: 0.452495
SUM: 16000000
THREADS: 16
COUNT PER THREAD: 1000000
SLOOPY VALUE: 1024
TIME: 0.466245
SUM: 16000000
THREADS: 16
COUNT PER THREAD: 1000000
SLOOPY VALUE: 1024
TIME: 0.459279
SUM: 16000000
THREADS: 16
COUNT PER THREAD: 1000000
SLOOPY VALUE: 1024
TIME: 0.456559
SUM: 16000000
THREADS: 16
COUNT PER THREAD: 1000000
SLOOPY VALUE: 1024
TIME: 0.452441
SUM: 16000000
THREADS: 16
COUNT PER THREAD: 1000000
SLOOPY VALUE: 1024
TIME: 0.471814
SUM: 16000000
THREADS: 16
COUNT PER THREAD: 1000000
SLOOPY VALUE: 1024
TIME: 0.403998
SUM: 16000000
THREADS: 17
COUNT PER THREAD: 1000000
SLOOPY VALUE: 1024
TIME: 0.454407
SUM: 17000000
THREADS: 17
COUNT PER THREAD: 1000000
SLOOPY VALUE: 1024
TIME: 0.486570
SUM: 17000000
THREADS: 17
COUNT PER THREAD: 1000000
SLOOPY VALUE: 1024
TIME: 0.455293
SUM: 17000000
THREADS: 17
COUNT PER THREAD: 1000000
SLOOPY VALUE: 1024
TIME: 0.452702
SUM: 17000000
THREADS: 17
COUNT PER THREAD: 1000000
SLOOPY VALUE: 1024
TIME: 0.463074
SUM: 17000000
THREADS: 17
COUNT PER THREAD: 1000000
SLOOPY VALUE: 1024
TIME: 0.457804
SUM: 17000000
THREADS: 17
COUNT PER THREAD: 1000000
SLOOPY VALUE: 1024
TIME: 0.450532
SUM: 17000000
THREADS: 17
COUNT PER THREAD: 1000000
SLOOPY VALUE: 1024
TIME: 0.458489
SUM: 17000000
THREADS: 17
COUNT PER THREAD: 1000000
SLOOPY VALUE: 1024
TIME: 0.472778
SUM: 17000000
THREADS: 17
COUNT PER THREAD: 1000000
SLOOPY VALUE: 1024
TIME: 0.501945
SUM: 17000000
THREADS: 18
COUNT PER THREAD: 1000000
SLOOPY VALUE: 1024
TIME: 0.530952
SUM: 18000000
THREADS: 18
COUNT PER THREAD: 1000000
SLOOPY VALUE: 1024
TIME: 0.540212
SUM: 18000000
THREADS: 18
COUNT PER THREAD: 1000000
SLOOPY VALUE: 1024
TIME: 0.527993
SUM: 18000000
THREADS: 18
COUNT PER THREAD: 1000000
SLOOPY VALUE: 1024
TIME: 0.519777
SUM: 18000000
THREADS: 18
COUNT PER THREAD: 1000000
SLOOPY VALUE: 1024
TIME: 0.540870
SUM: 18000000
THREADS: 18
COUNT PER THREAD: 1000000
SLOOPY VALUE: 1024
TIME: 0.531216
SUM: 18000000
THREADS: 18
COUNT PER THREAD: 1000000
SLOOPY VALUE: 1024
TIME: 0.519576
SUM: 18000000
THREADS: 18
COUNT PER THREAD: 1000000
SLOOPY VALUE: 1024
TIME: 0.543647
SUM: 18000000
THREADS: 18
COUNT PER THREAD: 1000000
SLOOPY VALUE: 1024
TIME: 0.538252
SUM: 18000000
THREADS: 18
COUNT PER THREAD: 1000000
SLOOPY VALUE: 1024
TIME: 0.537576
SUM: 18000000
THREADS: 19
COUNT PER THREAD: 1000000
SLOOPY VALUE: 1024
TIME: 0.512722
SUM: 19000000
THREADS: 19
COUNT PER THREAD: 1000000
SLOOPY VALUE: 1024
TIME: 0.491334
SUM: 19000000
THREADS: 19
COUNT PER THREAD: 1000000
SLOOPY VALUE: 1024
TIME: 0.481375
SUM: 19000000
THREADS: 19
COUNT PER THREAD: 1000000
SLOOPY VALUE: 1024
TIME: 0.524182
SUM: 19000000
THREADS: 19
COUNT PER THREAD: 1000000
SLOOPY VALUE: 1024
TIME: 0.517714
SUM: 19000000
THREADS: 19
COUNT PER THREAD: 1000000
SLOOPY VALUE: 1024
TIME: 0.554225
SUM: 19000000
THREADS: 19
COUNT PER THREAD: 1000000
SLOOPY VALUE: 1024
TIME: 0.538983
SUM: 19000000
THREADS: 19
COUNT PER THREAD: 1000000
SLOOPY VALUE: 1024
TIME: 0.538364
SUM: 19000000
THREADS: 19
COUNT PER THREAD: 1000000
SLOOPY VALUE: 1024
TIME: 0.544193
SUM: 19000000
THREADS: 19
COUNT PER THREAD: 1000000
SLOOPY VALUE: 1024
TIME: 0.548588
SUM: 19000000
THREADS: 20
COUNT PER THREAD: 1000000
SLOOPY VALUE: 1024
TIME: 0.571152
SUM: 20000000
THREADS: 20
COUNT PER THREAD: 1000000
SLOOPY VALUE: 1024
TIME: 0.556323
SUM: 20000000
THREADS: 20
COUNT PER THREAD: 1000000
SLOOPY VALUE: 1024
TIME: 0.546204
SUM: 20000000
THREADS: 20
COUNT PER THREAD: 1000000
SLOOPY VALUE: 1024
TIME: 0.545315
SUM: 20000000
THREADS: 20
COUNT PER THREAD: 1000000
SLOOPY VALUE: 1024
TIME: 0.561996
SUM: 20000000
THREADS: 20
COUNT PER THREAD: 1000000
SLOOPY VALUE: 1024
TIME: 0.553092
SUM: 20000000
THREADS: 20
COUNT PER THREAD: 1000000
SLOOPY VALUE: 1024
TIME: 0.547760
SUM: 20000000
THREADS: 20
COUNT PER THREAD: 1000000
SLOOPY VALUE: 1024
TIME: 0.588017
SUM: 20000000
THREADS: 20
COUNT PER THREAD: 1000000
SLOOPY VALUE: 1024
TIME: 0.592009
SUM: 20000000
THREADS: 20
COUNT PER THREAD: 1000000
SLOOPY VALUE: 1024
TIME: 0.565872
SUM: 20000000
THREADS: 21
COUNT PER THREAD: 1000000
SLOOPY VALUE: 1024
TIME: 0.582629
SUM: 21000000
THREADS: 21
COUNT PER THREAD: 1000000
SLOOPY VALUE: 1024
TIME: 0.572981
SUM: 21000000
THREADS: 21
COUNT PER THREAD: 1000000
SLOOPY VALUE: 1024
TIME: 0.591137
SUM: 21000000
THREADS: 21
COUNT PER THREAD: 1000000
SLOOPY VALUE: 1024
TIME: 0.526932
SUM: 21000000
THREADS: 21
COUNT PER THREAD: 1000000
SLOOPY VALUE: 1024
TIME: 0.513241
SUM: 21000000
THREADS: 21
COUNT PER THREAD: 1000000
SLOOPY VALUE: 1024
TIME: 0.513785
SUM: 21000000
THREADS: 21
COUNT PER THREAD: 1000000
SLOOPY VALUE: 1024
TIME: 0.561368
SUM: 21000000
THREADS: 21
COUNT PER THREAD: 1000000
SLOOPY VALUE: 1024
TIME: 0.573541
SUM: 21000000
THREADS: 21
COUNT PER THREAD: 1000000
SLOOPY VALUE: 1024
TIME: 0.543111
SUM: 21000000
THREADS: 21
COUNT PER THREAD: 1000000
SLOOPY VALUE: 1024
TIME: 0.554526
SUM: 21000000
THREADS: 22
COUNT PER THREAD: 1000000
SLOOPY VALUE: 1024
TIME: 0.531856
SUM: 22000000
THREADS: 22
COUNT PER THREAD: 1000000
SLOOPY VALUE: 1024
TIME: 0.532547
SUM: 22000000
THREADS: 22
COUNT PER THREAD: 1000000
SLOOPY VALUE: 1024
TIME: 0.533573
SUM: 22000000
THREADS: 22
COUNT PER THREAD: 1000000
SLOOPY VALUE: 1024
TIME: 0.529726
SUM: 22000000
THREADS: 22
COUNT PER THREAD: 1000000
SLOOPY VALUE: 1024
TIME: 0.542413
SUM: 22000000
THREADS: 22
COUNT PER THREAD: 1000000
SLOOPY VALUE: 1024
TIME: 0.531285
SUM: 22000000
THREADS: 22
COUNT PER THREAD: 1000000
SLOOPY VALUE: 1024
TIME: 0.528502
SUM: 22000000
THREADS: 22
COUNT PER THREAD: 1000000
SLOOPY VALUE: 1024
TIME: 0.529672
SUM: 22000000
THREADS: 22
COUNT PER THREAD: 1000000
SLOOPY VALUE: 1024
TIME: 0.536890
SUM: 22000000
THREADS: 22
COUNT PER THREAD: 1000000
SLOOPY VALUE: 1024
TIME: 0.542622
SUM: 22000000
THREADS: 23
COUNT PER THREAD: 1000000
SLOOPY VALUE: 1024
TIME: 0.549866
SUM: 23000000
THREADS: 23
COUNT PER THREAD: 1000000
SLOOPY VALUE: 1024
TIME: 0.557220
SUM: 23000000
THREADS: 23
COUNT PER THREAD: 1000000
SLOOPY VALUE: 1024
TIME: 0.547359
SUM: 23000000
THREADS: 23
COUNT PER THREAD: 1000000
SLOOPY VALUE: 1024
TIME: 0.548575
SUM: 23000000
THREADS: 23
COUNT PER THREAD: 1000000
SLOOPY VALUE: 1024
TIME: 0.553405
SUM: 23000000
THREADS: 23
COUNT PER THREAD: 1000000
SLOOPY VALUE: 1024
TIME: 0.605796
SUM: 23000000
THREADS: 23
COUNT PER THREAD: 1000000
SLOOPY VALUE: 1024
TIME: 0.616572
SUM: 23000000
THREADS: 23
COUNT PER THREAD: 1000000
SLOOPY VALUE: 1024
TIME: 0.629695
SUM: 23000000
THREADS: 23
COUNT PER THREAD: 1000000
SLOOPY VALUE: 1024
TIME: 0.623929
SUM: 23000000
THREADS: 23
COUNT PER THREAD: 1000000
SLOOPY VALUE: 1024
TIME: 0.621277
SUM: 23000000
THREADS: 24
COUNT PER THREAD: 1000000
SLOOPY VALUE: 1024
TIME: 0.601481
SUM: 24000000
THREADS: 24
COUNT PER THREAD: 1000000
SLOOPY VALUE: 1024
TIME: 0.600816
SUM: 24000000
THREADS: 24
COUNT PER THREAD: 1000000
SLOOPY VALUE: 1024
TIME: 0.592532
SUM: 24000000
THREADS: 24
COUNT PER THREAD: 1000000
SLOOPY VALUE: 1024
TIME: 0.588585
SUM: 24000000
THREADS: 24
COUNT PER THREAD: 1000000
SLOOPY VALUE: 1024
TIME: 0.584373
SUM: 24000000
THREADS: 24
COUNT PER THREAD: 1000000
SLOOPY VALUE: 1024
TIME: 0.586758
SUM: 24000000
THREADS: 24
COUNT PER THREAD: 1000000
SLOOPY VALUE: 1024
TIME: 0.589275
SUM: 24000000
THREADS: 24
COUNT PER THREAD: 1000000
SLOOPY VALUE: 1024
TIME: 0.587650
SUM: 24000000
THREADS: 24
COUNT PER THREAD: 1000000
SLOOPY VALUE: 1024
TIME: 0.593792
SUM: 24000000
THREADS: 24
COUNT PER THREAD: 1000000
SLOOPY VALUE: 1024
TIME: 0.591533
SUM: 24000000
THREADS: 25
COUNT PER THREAD: 1000000
SLOOPY VALUE: 1024
TIME: 0.608318
SUM: 25000000
THREADS: 25
COUNT PER THREAD: 1000000
SLOOPY VALUE: 1024
TIME: 0.605261
SUM: 25000000
THREADS: 25
COUNT PER THREAD: 1000000
SLOOPY VALUE: 1024
TIME: 0.603633
SUM: 25000000
THREADS: 25
COUNT PER THREAD: 1000000
SLOOPY VALUE: 1024
TIME: 0.606287
SUM: 25000000
THREADS: 25
COUNT PER THREAD: 1000000
SLOOPY VALUE: 1024
TIME: 0.603449
SUM: 25000000
THREADS: 25
COUNT PER THREAD: 1000000
SLOOPY VALUE: 1024
TIME: 0.608810
SUM: 25000000
THREADS: 25
COUNT PER THREAD: 1000000
SLOOPY VALUE: 1024
TIME: 0.599720
SUM: 25000000
THREADS: 25
COUNT PER THREAD: 1000000
SLOOPY VALUE: 1024
TIME: 0.602935
SUM: 25000000
THREADS: 25
COUNT PER THREAD: 1000000
SLOOPY VALUE: 1024
TIME: 0.595215
SUM: 25000000
THREADS: 25
COUNT PER THREAD: 1000000
SLOOPY VALUE: 1024
TIME: 0.623514
SUM: 25000000
THREADS: 26
COUNT PER THREAD: 1000000
SLOOPY VALUE: 1024
TIME: 0.740636
SUM: 26000000
THREADS: 26
COUNT PER THREAD: 1000000
SLOOPY VALUE: 1024
TIME: 0.748832
SUM: 26000000
THREADS: 26
COUNT PER THREAD: 1000000
SLOOPY VALUE: 1024
TIME: 0.732802
SUM: 26000000
THREADS: 26
COUNT PER THREAD: 1000000
SLOOPY VALUE: 1024
TIME: 0.755897
SUM: 26000000
THREADS: 26
COUNT PER THREAD: 1000000
SLOOPY VALUE: 1024
TIME: 0.760531
SUM: 26000000
THREADS: 26
COUNT PER THREAD: 1000000
SLOOPY VALUE: 1024
TIME: 0.766603
SUM: 26000000
THREADS: 26
COUNT PER THREAD: 1000000
SLOOPY VALUE: 1024
TIME: 0.756943
SUM: 26000000
THREADS: 26
COUNT PER THREAD: 1000000
SLOOPY VALUE: 1024
TIME: 0.755430
SUM: 26000000
THREADS: 26
COUNT PER THREAD: 1000000
SLOOPY VALUE: 1024
TIME: 0.757303
SUM: 26000000
THREADS: 26
COUNT PER THREAD: 1000000
SLOOPY VALUE: 1024
TIME: 0.757368
SUM: 26000000
THREADS: 27
COUNT PER THREAD: 1000000
SLOOPY VALUE: 1024
TIME: 0.713797
SUM: 27000000
THREADS: 27
COUNT PER THREAD: 1000000
SLOOPY VALUE: 1024
TIME: 0.693955
SUM: 27000000
THREADS: 27
COUNT PER THREAD: 1000000
SLOOPY VALUE: 1024
TIME: 0.695992
SUM: 27000000
THREADS: 27
COUNT PER THREAD: 1000000
SLOOPY VALUE: 1024
TIME: 0.723515
SUM: 27000000
THREADS: 27
COUNT PER THREAD: 1000000
SLOOPY VALUE: 1024
TIME: 0.709128
SUM: 27000000
THREADS: 27
COUNT PER THREAD: 1000000
SLOOPY VALUE: 1024
TIME: 0.697192
SUM: 27000000
THREADS: 27
COUNT PER THREAD: 1000000
SLOOPY VALUE: 1024
TIME: 0.692181
SUM: 27000000
THREADS: 27
COUNT PER THREAD: 1000000
SLOOPY VALUE: 1024
TIME: 0.724937
SUM: 27000000
THREADS: 27
COUNT PER THREAD: 1000000
SLOOPY VALUE: 1024
TIME: 0.710185
SUM: 27000000
THREADS: 27
COUNT PER THREAD: 1000000
SLOOPY VALUE: 1024
TIME: 0.683950
SUM: 27000000
THREADS: 28
COUNT PER THREAD: 1000000
SLOOPY VALUE: 1024
TIME: 0.920846
SUM: 28000000
THREADS: 28
COUNT PER THREAD: 1000000
SLOOPY VALUE: 1024
TIME: 1.035109
SUM: 28000000
THREADS: 28
COUNT PER THREAD: 1000000
SLOOPY VALUE: 1024
TIME: 0.829849
SUM: 28000000
THREADS: 28
COUNT PER THREAD: 1000000
SLOOPY VALUE: 1024
TIME: 0.730284
SUM: 28000000
THREADS: 28
COUNT PER THREAD: 1000000
SLOOPY VALUE: 1024
TIME: 0.760412
SUM: 28000000
THREADS: 28
COUNT PER THREAD: 1000000
SLOOPY VALUE: 1024
TIME: 0.750633
SUM: 28000000
THREADS: 28
COUNT PER THREAD: 1000000
SLOOPY VALUE: 1024
TIME: 0.768280
SUM: 28000000
THREADS: 28
COUNT PER THREAD: 1000000
SLOOPY VALUE: 1024
TIME: 0.803479
SUM: 28000000
THREADS: 28
COUNT PER THREAD: 1000000
SLOOPY VALUE: 1024
TIME: 0.868878
SUM: 28000000
THREADS: 28
COUNT PER THREAD: 1000000
SLOOPY VALUE: 1024
TIME: 0.794651
SUM: 28000000
THREADS: 29
COUNT PER THREAD: 1000000
SLOOPY VALUE: 1024
TIME: 0.856500
SUM: 29000000
THREADS: 29
COUNT PER THREAD: 1000000
SLOOPY VALUE: 1024
TIME: 0.832151
SUM: 29000000
THREADS: 29
COUNT PER THREAD: 1000000
SLOOPY VALUE: 1024
TIME: 0.897076
SUM: 29000000
THREADS: 29
COUNT PER THREAD: 1000000
SLOOPY VALUE: 1024
TIME: 0.901736
SUM: 29000000
THREADS: 29
COUNT PER THREAD: 1000000
SLOOPY VALUE: 1024
TIME: 1.008701
SUM: 29000000
THREADS: 29
COUNT PER THREAD: 1000000
SLOOPY VALUE: 1024
TIME: 0.878958
SUM: 29000000
THREADS: 29
COUNT PER THREAD: 1000000
SLOOPY VALUE: 1024
TIME: 0.895929
SUM: 29000000
THREADS: 29
COUNT PER THREAD: 1000000
SLOOPY VALUE: 1024
TIME: 0.873738
SUM: 29000000
THREADS: 29
COUNT PER THREAD: 1000000
SLOOPY VALUE: 1024
TIME: 0.877873
SUM: 29000000
THREADS: 29
COUNT PER THREAD: 1000000
SLOOPY VALUE: 1024
TIME: 0.906611
SUM: 29000000
THREADS: 30
COUNT PER THREAD: 1000000
SLOOPY VALUE: 1024
TIME: 0.816408
SUM: 30000000
THREADS: 30
COUNT PER THREAD: 1000000
SLOOPY VALUE: 1024
TIME: 0.759757
SUM: 30000000
THREADS: 30
COUNT PER THREAD: 1000000
SLOOPY VALUE: 1024
TIME: 0.874018
SUM: 30000000
THREADS: 30
COUNT PER THREAD: 1000000
SLOOPY VALUE: 1024
TIME: 0.844364
SUM: 30000000
THREADS: 30
COUNT PER THREAD: 1000000
SLOOPY VALUE: 1024
TIME: 0.836551
SUM: 30000000
THREADS: 30
COUNT PER THREAD: 1000000
SLOOPY VALUE: 1024
TIME: 0.845896
SUM: 30000000
THREADS: 30
COUNT PER THREAD: 1000000
SLOOPY VALUE: 1024
TIME: 0.763709
SUM: 30000000
THREADS: 30
COUNT PER THREAD: 1000000
SLOOPY VALUE: 1024
TIME: 0.857932
SUM: 30000000
THREADS: 30
COUNT PER THREAD: 1000000
SLOOPY VALUE: 1024
TIME: 0.960565
SUM: 30000000
THREADS: 30
COUNT PER THREAD: 1000000
SLOOPY VALUE: 1024
TIME: 0.931205
SUM: 30000000
THREADS: 31
COUNT PER THREAD: 1000000
SLOOPY VALUE: 1024
TIME: 0.912680
SUM: 31000000
THREADS: 31
COUNT PER THREAD: 1000000
SLOOPY VALUE: 1024
TIME: 0.933142
SUM: 31000000
THREADS: 31
COUNT PER THREAD: 1000000
SLOOPY VALUE: 1024
TIME: 0.920081
SUM: 31000000
THREADS: 31
COUNT PER THREAD: 1000000
SLOOPY VALUE: 1024
TIME: 0.936941
SUM: 31000000
THREADS: 31
COUNT PER THREAD: 1000000
SLOOPY VALUE: 1024
TIME: 0.922426
SUM: 31000000
THREADS: 31
COUNT PER THREAD: 1000000
SLOOPY VALUE: 1024
TIME: 0.960051
SUM: 31000000
THREADS: 31
COUNT PER THREAD: 1000000
SLOOPY VALUE: 1024
TIME: 0.949783
SUM: 31000000
THREADS: 31
COUNT PER THREAD: 1000000
SLOOPY VALUE: 1024
TIME: 0.893079
SUM: 31000000
THREADS: 31
COUNT PER THREAD: 1000000
SLOOPY VALUE: 1024
TIME: 0.900969
SUM: 31000000
THREADS: 31
COUNT PER THREAD: 1000000
SLOOPY VALUE: 1024
TIME: 0.887809
SUM: 31000000
THREADS: 32
COUNT PER THREAD: 1000000
SLOOPY VALUE: 1024
TIME: 0.860452
SUM: 32000000
THREADS: 32
COUNT PER THREAD: 1000000
SLOOPY VALUE: 1024
TIME: 0.839434
SUM: 32000000
THREADS: 32
COUNT PER THREAD: 1000000
SLOOPY VALUE: 1024
TIME: 0.826926
SUM: 32000000
THREADS: 32
COUNT PER THREAD: 1000000
SLOOPY VALUE: 1024
TIME: 0.849654
SUM: 32000000
THREADS: 32
COUNT PER THREAD: 1000000
SLOOPY VALUE: 1024
TIME: 0.883991
SUM: 32000000
THREADS: 32
COUNT PER THREAD: 1000000
SLOOPY VALUE: 1024
TIME: 0.834052
SUM: 32000000
THREADS: 32
COUNT PER THREAD: 1000000
SLOOPY VALUE: 1024
TIME: 0.830710
SUM: 32000000
THREADS: 32
COUNT PER THREAD: 1000000
SLOOPY VALUE: 1024
TIME: 0.834867
SUM: 32000000
THREADS: 32
COUNT PER THREAD: 1000000
SLOOPY VALUE: 1024
TIME: 0.817590
SUM: 32000000
THREADS: 32
COUNT PER THREAD: 1000000
SLOOPY VALUE: 1024
TIME: 0.826355
SUM: 32000000
THREADS: 33
COUNT PER THREAD: 1000000
SLOOPY VALUE: 1024
TIME: 0.877026
SUM: 33000000
THREADS: 33
COUNT PER THREAD: 1000000
SLOOPY VALUE: 1024
TIME: 0.881421
SUM: 33000000
THREADS: 33
COUNT PER THREAD: 1000000
SLOOPY VALUE: 1024
TIME: 0.873230
SUM: 33000000
THREADS: 33
COUNT PER THREAD: 1000000
SLOOPY VALUE: 1024
TIME: 0.903642
SUM: 33000000
THREADS: 33
COUNT PER THREAD: 1000000
SLOOPY VALUE: 1024
TIME: 0.918574
SUM: 33000000
THREADS: 33
COUNT PER THREAD: 1000000
SLOOPY VALUE: 1024
TIME: 0.900808
SUM: 33000000
THREADS: 33
COUNT PER THREAD: 1000000
SLOOPY VALUE: 1024
TIME: 0.924408
SUM: 33000000
THREADS: 33
COUNT PER THREAD: 1000000
SLOOPY VALUE: 1024
TIME: 0.868707
SUM: 33000000
THREADS: 33
COUNT PER THREAD: 1000000
SLOOPY VALUE: 1024
TIME: 0.875451
SUM: 33000000
THREADS: 33
COUNT PER THREAD: 1000000
SLOOPY VALUE: 1024
TIME: 0.914828
SUM: 33000000
THREADS: 34
COUNT PER THREAD: 1000000
SLOOPY VALUE: 1024
TIME: 0.878336
SUM: 34000000
THREADS: 34
COUNT PER THREAD: 1000000
SLOOPY VALUE: 1024
TIME: 0.882530
SUM: 34000000
THREADS: 34
COUNT PER THREAD: 1000000
SLOOPY VALUE: 1024
TIME: 0.907914
SUM: 34000000
THREADS: 34
COUNT PER THREAD: 1000000
SLOOPY VALUE: 1024
TIME: 0.914900
SUM: 34000000
THREADS: 34
COUNT PER THREAD: 1000000
SLOOPY VALUE: 1024
TIME: 0.887775
SUM: 34000000
THREADS: 34
COUNT PER THREAD: 1000000
SLOOPY VALUE: 1024
TIME: 0.885862
SUM: 34000000
THREADS: 34
COUNT PER THREAD: 1000000
SLOOPY VALUE: 1024
TIME: 0.902642
SUM: 34000000
THREADS: 34
COUNT PER THREAD: 1000000
SLOOPY VALUE: 1024
TIME: 0.898367
SUM: 34000000
THREADS: 34
COUNT PER THREAD: 1000000
SLOOPY VALUE: 1024
TIME: 0.953593
SUM: 34000000
THREADS: 34
COUNT PER THREAD: 1000000
SLOOPY VALUE: 1024
TIME: 0.913421
SUM: 34000000
THREADS: 35
COUNT PER THREAD: 1000000
SLOOPY VALUE: 1024
TIME: 0.920611
SUM: 35000000
THREADS: 35
COUNT PER THREAD: 1000000
SLOOPY VALUE: 1024
TIME: 0.913931
SUM: 35000000
THREADS: 35
COUNT PER THREAD: 1000000
SLOOPY VALUE: 1024
TIME: 0.898755
SUM: 35000000
THREADS: 35
COUNT PER THREAD: 1000000
SLOOPY VALUE: 1024
TIME: 0.925944
SUM: 35000000
THREADS: 35
COUNT PER THREAD: 1000000
SLOOPY VALUE: 1024
TIME: 0.976839
SUM: 35000000
THREADS: 35
COUNT PER THREAD: 1000000
SLOOPY VALUE: 1024
TIME: 0.898918
SUM: 35000000
THREADS: 35
COUNT PER THREAD: 1000000
SLOOPY VALUE: 1024
TIME: 0.913155
SUM: 35000000
THREADS: 35
COUNT PER THREAD: 1000000
SLOOPY VALUE: 1024
TIME: 0.924108
SUM: 35000000
THREADS: 35
COUNT PER THREAD: 1000000
SLOOPY VALUE: 1024
TIME: 0.912893
SUM: 35000000
THREADS: 35
COUNT PER THREAD: 1000000
SLOOPY VALUE: 1024
TIME: 0.926178
SUM: 35000000
THREADS: 36
COUNT PER THREAD: 1000000
SLOOPY VALUE: 1024
TIME: 0.965848
SUM: 36000000
THREADS: 36
COUNT PER THREAD: 1000000
SLOOPY VALUE: 1024
TIME: 0.938797
SUM: 36000000
THREADS: 36
COUNT PER THREAD: 1000000
SLOOPY VALUE: 1024
TIME: 0.946791
SUM: 36000000
THREADS: 36
COUNT PER THREAD: 1000000
SLOOPY VALUE: 1024
TIME: 0.944011
SUM: 36000000
THREADS: 36
COUNT PER THREAD: 1000000
SLOOPY VALUE: 1024
TIME: 0.975590
SUM: 36000000
THREADS: 36
COUNT PER THREAD: 1000000
SLOOPY VALUE: 1024
TIME: 0.950101
SUM: 36000000
THREADS: 36
COUNT PER THREAD: 1000000
SLOOPY VALUE: 1024
TIME: 0.927334
SUM: 36000000
THREADS: 36
COUNT PER THREAD: 1000000
SLOOPY VALUE: 1024
TIME: 0.930546
SUM: 36000000
THREADS: 36
COUNT PER THREAD: 1000000
SLOOPY VALUE: 1024
TIME: 0.938522
SUM: 36000000
THREADS: 36
COUNT PER THREAD: 1000000
SLOOPY VALUE: 1024
TIME: 1.004196
SUM: 36000000
THREADS: 37
COUNT PER THREAD: 1000000
SLOOPY VALUE: 1024
TIME: 0.988456
SUM: 37000000
THREADS: 37
COUNT PER THREAD: 1000000
SLOOPY VALUE: 1024
TIME: 0.990192
SUM: 37000000
THREADS: 37
COUNT PER THREAD: 1000000
SLOOPY VALUE: 1024
TIME: 0.989324
SUM: 37000000
THREADS: 37
COUNT PER THREAD: 1000000
SLOOPY VALUE: 1024
TIME: 0.962488
SUM: 37000000
THREADS: 37
COUNT PER THREAD: 1000000
SLOOPY VALUE: 1024
TIME: 0.969214
SUM: 37000000
THREADS: 37
COUNT PER THREAD: 1000000
SLOOPY VALUE: 1024
TIME: 0.973888
SUM: 37000000
THREADS: 37
COUNT PER THREAD: 1000000
SLOOPY VALUE: 1024
TIME: 0.963961
SUM: 37000000
THREADS: 37
COUNT PER THREAD: 1000000
SLOOPY VALUE: 1024
TIME: 0.964043
SUM: 37000000
THREADS: 37
COUNT PER THREAD: 1000000
SLOOPY VALUE: 1024
TIME: 0.998904
SUM: 37000000
THREADS: 37
COUNT PER THREAD: 1000000
SLOOPY VALUE: 1024
TIME: 0.985756
SUM: 37000000
THREADS: 38
COUNT PER THREAD: 1000000
SLOOPY VALUE: 1024
TIME: 0.987928
SUM: 38000000
THREADS: 38
COUNT PER THREAD: 1000000
SLOOPY VALUE: 1024
TIME: 1.045501
SUM: 38000000
THREADS: 38
COUNT PER THREAD: 1000000
SLOOPY VALUE: 1024
TIME: 1.096313
SUM: 38000000
THREADS: 38
COUNT PER THREAD: 1000000
SLOOPY VALUE: 1024
TIME: 1.087801
SUM: 38000000
THREADS: 38
COUNT PER THREAD: 1000000
SLOOPY VALUE: 1024
TIME: 1.049457
SUM: 38000000
THREADS: 38
COUNT PER THREAD: 1000000
SLOOPY VALUE: 1024
TIME: 1.051731
SUM: 38000000
THREADS: 38
COUNT PER THREAD: 1000000
SLOOPY VALUE: 1024
TIME: 1.035797
SUM: 38000000
THREADS: 38
COUNT PER THREAD: 1000000
SLOOPY VALUE: 1024
TIME: 1.011164
SUM: 38000000
THREADS: 38
COUNT PER THREAD: 1000000
SLOOPY VALUE: 1024
TIME: 1.011714
SUM: 38000000
THREADS: 38
COUNT PER THREAD: 1000000
SLOOPY VALUE: 1024
TIME: 0.978695
SUM: 38000000
THREADS: 39
COUNT PER THREAD: 1000000
SLOOPY VALUE: 1024
TIME: 1.092301
SUM: 39000000
THREADS: 39
COUNT PER THREAD: 1000000
SLOOPY VALUE: 1024
TIME: 1.060252
SUM: 39000000
THREADS: 39
COUNT PER THREAD: 1000000
SLOOPY VALUE: 1024
TIME: 1.081821
SUM: 39000000
THREADS: 39
COUNT PER THREAD: 1000000
SLOOPY VALUE: 1024
TIME: 1.042132
SUM: 39000000
THREADS: 39
COUNT PER THREAD: 1000000
SLOOPY VALUE: 1024
TIME: 1.012326
SUM: 39000000
THREADS: 39
COUNT PER THREAD: 1000000
SLOOPY VALUE: 1024
TIME: 1.060423
SUM: 39000000
THREADS: 39
COUNT PER THREAD: 1000000
SLOOPY VALUE: 1024
TIME: 1.068186
SUM: 39000000
THREADS: 39
COUNT PER THREAD: 1000000
SLOOPY VALUE: 1024
TIME: 1.028585
SUM: 39000000
THREADS: 39
COUNT PER THREAD: 1000000
SLOOPY VALUE: 1024
TIME: 1.041066
SUM: 39000000
THREADS: 39
COUNT PER THREAD: 1000000
SLOOPY VALUE: 1024
TIME: 1.007390
SUM: 39000000
THREADS: 40
COUNT PER THREAD: 1000000
SLOOPY VALUE: 1024
TIME: 1.166310
SUM: 40000000
THREADS: 40
COUNT PER THREAD: 1000000
SLOOPY VALUE: 1024
TIME: 1.241228
SUM: 40000000
THREADS: 40
COUNT PER THREAD: 1000000
SLOOPY VALUE: 1024
TIME: 1.122009
SUM: 40000000
THREADS: 40
COUNT PER THREAD: 1000000
SLOOPY VALUE: 1024
TIME: 1.104451
SUM: 40000000
THREADS: 40
COUNT PER THREAD: 1000000
SLOOPY VALUE: 1024
TIME: 1.111803
SUM: 40000000
THREADS: 40
COUNT PER THREAD: 1000000
SLOOPY VALUE: 1024
TIME: 1.148396
SUM: 40000000
THREADS: 40
COUNT PER THREAD: 1000000
SLOOPY VALUE: 1024
TIME: 1.240486
SUM: 40000000
THREADS: 40
COUNT PER THREAD: 1000000
SLOOPY VALUE: 1024
TIME: 1.223409
SUM: 40000000
THREADS: 40
COUNT PER THREAD: 1000000
SLOOPY VALUE: 1024
TIME: 1.172953
SUM: 40000000
THREADS: 40
COUNT PER THREAD: 1000000
SLOOPY VALUE: 1024
TIME: 1.069392
SUM: 40000000
THREADS: 41
COUNT PER THREAD: 1000000
SLOOPY VALUE: 1024
TIME: 1.155765
SUM: 41000000
THREADS: 41
COUNT PER THREAD: 1000000
SLOOPY VALUE: 1024
TIME: 1.161656
SUM: 41000000
THREADS: 41
COUNT PER THREAD: 1000000
SLOOPY VALUE: 1024
TIME: 1.282905
SUM: 41000000
THREADS: 41
COUNT PER THREAD: 1000000
SLOOPY VALUE: 1024
TIME: 1.158726
SUM: 41000000
THREADS: 41
COUNT PER THREAD: 1000000
SLOOPY VALUE: 1024
TIME: 1.123130
SUM: 41000000
THREADS: 41
COUNT PER THREAD: 1000000
SLOOPY VALUE: 1024
TIME: 1.159117
SUM: 41000000
THREADS: 41
COUNT PER THREAD: 1000000
SLOOPY VALUE: 1024
TIME: 1.090305
SUM: 41000000
THREADS: 41
COUNT PER THREAD: 1000000
SLOOPY VALUE: 1024
TIME: 1.063649
SUM: 41000000
THREADS: 41
COUNT PER THREAD: 1000000
SLOOPY VALUE: 1024
TIME: 1.113383
SUM: 41000000
THREADS: 41
COUNT PER THREAD: 1000000
SLOOPY VALUE: 1024
TIME: 1.101222
SUM: 41000000
THREADS: 42
COUNT PER THREAD: 1000000
SLOOPY VALUE: 1024
TIME: 1.170267
SUM: 42000000
THREADS: 42
COUNT PER THREAD: 1000000
SLOOPY VALUE: 1024
TIME: 1.169010
SUM: 42000000
THREADS: 42
COUNT PER THREAD: 1000000
SLOOPY VALUE: 1024
TIME: 1.140068
SUM: 42000000
THREADS: 42
COUNT PER THREAD: 1000000
SLOOPY VALUE: 1024
TIME: 1.148541
SUM: 42000000
THREADS: 42
COUNT PER THREAD: 1000000
SLOOPY VALUE: 1024
TIME: 1.140766
SUM: 42000000
THREADS: 42
COUNT PER THREAD: 1000000
SLOOPY VALUE: 1024
TIME: 1.168557
SUM: 42000000
THREADS: 42
COUNT PER THREAD: 1000000
SLOOPY VALUE: 1024
TIME: 1.165226
SUM: 42000000
THREADS: 42
COUNT PER THREAD: 1000000
SLOOPY VALUE: 1024
TIME: 1.182196
SUM: 42000000
THREADS: 42
COUNT PER THREAD: 1000000
SLOOPY VALUE: 1024
TIME: 1.140959
SUM: 42000000
THREADS: 42
COUNT PER THREAD: 1000000
SLOOPY VALUE: 1024
TIME: 1.194412
SUM: 42000000
THREADS: 43
COUNT PER THREAD: 1000000
SLOOPY VALUE: 1024
TIME: 1.215922
SUM: 43000000
THREADS: 43
COUNT PER THREAD: 1000000
SLOOPY VALUE: 1024
TIME: 1.247796
SUM: 43000000
THREADS: 43
COUNT PER THREAD: 1000000
SLOOPY VALUE: 1024
TIME: 1.269957
SUM: 43000000
THREADS: 43
COUNT PER THREAD: 1000000
SLOOPY VALUE: 1024
TIME: 1.299953
SUM: 43000000
THREADS: 43
COUNT PER THREAD: 1000000
SLOOPY VALUE: 1024
TIME: 1.162194
SUM: 43000000
THREADS: 43
COUNT PER THREAD: 1000000
SLOOPY VALUE: 1024
TIME: 1.312552
SUM: 43000000
THREADS: 43
COUNT PER THREAD: 1000000
SLOOPY VALUE: 1024
TIME: 1.221777
SUM: 43000000
THREADS: 43
COUNT PER THREAD: 1000000
SLOOPY VALUE: 1024
TIME: 1.232567
SUM: 43000000
THREADS: 43
COUNT PER THREAD: 1000000
SLOOPY VALUE: 1024
TIME: 1.217894
SUM: 43000000
THREADS: 43
COUNT PER THREAD: 1000000
SLOOPY VALUE: 1024
TIME: 1.207463
SUM: 43000000
THREADS: 44
COUNT PER THREAD: 1000000
SLOOPY VALUE: 1024
TIME: 1.188414
SUM: 44000000
THREADS: 44
COUNT PER THREAD: 1000000
SLOOPY VALUE: 1024
TIME: 1.179152
SUM: 44000000
THREADS: 44
COUNT PER THREAD: 1000000
SLOOPY VALUE: 1024
TIME: 1.163276
SUM: 44000000
THREADS: 44
COUNT PER THREAD: 1000000
SLOOPY VALUE: 1024
TIME: 1.152995
SUM: 44000000
THREADS: 44
COUNT PER THREAD: 1000000
SLOOPY VALUE: 1024
TIME: 1.153763
SUM: 44000000
THREADS: 44
COUNT PER THREAD: 1000000
SLOOPY VALUE: 1024
TIME: 1.164268
SUM: 44000000
THREADS: 44
COUNT PER THREAD: 1000000
SLOOPY VALUE: 1024
TIME: 1.183421
SUM: 44000000
THREADS: 44
COUNT PER THREAD: 1000000
SLOOPY VALUE: 1024
TIME: 1.171825
SUM: 44000000
THREADS: 44
COUNT PER THREAD: 1000000
SLOOPY VALUE: 1024
TIME: 1.144097
SUM: 44000000
THREADS: 44
COUNT PER THREAD: 1000000
SLOOPY VALUE: 1024
TIME: 1.153891
SUM: 44000000
THREADS: 45
COUNT PER THREAD: 1000000
SLOOPY VALUE: 1024
TIME: 1.210991
SUM: 45000000
THREADS: 45
COUNT PER THREAD: 1000000
SLOOPY VALUE: 1024
TIME: 1.170242
SUM: 45000000
THREADS: 45
COUNT PER THREAD: 1000000
SLOOPY VALUE: 1024
TIME: 1.135222
SUM: 45000000
THREADS: 45
COUNT PER THREAD: 1000000
SLOOPY VALUE: 1024
TIME: 1.151538
SUM: 45000000
THREADS: 45
COUNT PER THREAD: 1000000
SLOOPY VALUE: 1024
TIME: 1.162845
SUM: 45000000
THREADS: 45
COUNT PER THREAD: 1000000
SLOOPY VALUE: 1024
TIME: 1.187342
SUM: 45000000
THREADS: 45
COUNT PER THREAD: 1000000
SLOOPY VALUE: 1024
TIME: 1.192747
SUM: 45000000
THREADS: 45
COUNT PER THREAD: 1000000
SLOOPY VALUE: 1024
TIME: 1.206191
SUM: 45000000
THREADS: 45
COUNT PER THREAD: 1000000
SLOOPY VALUE: 1024
TIME: 1.183805
SUM: 45000000
THREADS: 45
COUNT PER THREAD: 1000000
SLOOPY VALUE: 1024
TIME: 1.175223
SUM: 45000000
THREADS: 46
COUNT PER THREAD: 1000000
SLOOPY VALUE: 1024
TIME: 1.502338
SUM: 46000000
THREADS: 46
COUNT PER THREAD: 1000000
SLOOPY VALUE: 1024
TIME: 1.375411
SUM: 46000000
THREADS: 46
COUNT PER THREAD: 1000000
SLOOPY VALUE: 1024
TIME: 1.353176
SUM: 46000000
THREADS: 46
COUNT PER THREAD: 1000000
SLOOPY VALUE: 1024
TIME: 1.411883
SUM: 46000000
THREADS: 46
COUNT PER THREAD: 1000000
SLOOPY VALUE: 1024
TIME: 1.335774
SUM: 46000000
THREADS: 46
COUNT PER THREAD: 1000000
SLOOPY VALUE: 1024
TIME: 1.386965
SUM: 46000000
THREADS: 46
COUNT PER THREAD: 1000000
SLOOPY VALUE: 1024
TIME: 1.360999
SUM: 46000000
THREADS: 46
COUNT PER THREAD: 1000000
SLOOPY VALUE: 1024
TIME: 1.350772
SUM: 46000000
THREADS: 46
COUNT PER THREAD: 1000000
SLOOPY VALUE: 1024
TIME: 2.156500
SUM: 46000000
THREADS: 46
COUNT PER THREAD: 1000000
SLOOPY VALUE: 1024
TIME: 1.579574
SUM: 46000000
THREADS: 47
COUNT PER THREAD: 1000000
SLOOPY VALUE: 1024
TIME: 1.207493
SUM: 47000000
THREADS: 47
COUNT PER THREAD: 1000000
SLOOPY VALUE: 1024
TIME: 1.217780
SUM: 47000000
THREADS: 47
COUNT PER THREAD: 1000000
SLOOPY VALUE: 1024
TIME: 1.213080
SUM: 47000000
THREADS: 47
COUNT PER THREAD: 1000000
SLOOPY VALUE: 1024
TIME: 1.259557
SUM: 47000000
THREADS: 47
COUNT PER THREAD: 1000000
SLOOPY VALUE: 1024
TIME: 1.261170
SUM: 47000000
THREADS: 47
COUNT PER THREAD: 1000000
SLOOPY VALUE: 1024
TIME: 1.246863
SUM: 47000000
THREADS: 47
COUNT PER THREAD: 1000000
SLOOPY VALUE: 1024
TIME: 1.205875
SUM: 47000000
THREADS: 47
COUNT PER THREAD: 1000000
SLOOPY VALUE: 1024
TIME: 1.226425
SUM: 47000000
THREADS: 47
COUNT PER THREAD: 1000000
SLOOPY VALUE: 1024
TIME: 1.202354
SUM: 47000000
THREADS: 47
COUNT PER THREAD: 1000000
SLOOPY VALUE: 1024
TIME: 1.211386
SUM: 47000000
THREADS: 48
COUNT PER THREAD: 1000000
SLOOPY VALUE: 1024
TIME: 1.360399
SUM: 48000000
THREADS: 48
COUNT PER THREAD: 1000000
SLOOPY VALUE: 1024
TIME: 1.349846
SUM: 48000000
THREADS: 48
COUNT PER THREAD: 1000000
SLOOPY VALUE: 1024
TIME: 1.339460
SUM: 48000000
THREADS: 48
COUNT PER THREAD: 1000000
SLOOPY VALUE: 1024
TIME: 1.357107
SUM: 48000000
THREADS: 48
COUNT PER THREAD: 1000000
SLOOPY VALUE: 1024
TIME: 1.374428
SUM: 48000000
THREADS: 48
COUNT PER THREAD: 1000000
SLOOPY VALUE: 1024
TIME: 1.379753
SUM: 48000000
THREADS: 48
COUNT PER THREAD: 1000000
SLOOPY VALUE: 1024
TIME: 1.387287
SUM: 48000000
THREADS: 48
COUNT PER THREAD: 1000000
SLOOPY VALUE: 1024
TIME: 1.325654
SUM: 48000000
THREADS: 48
COUNT PER THREAD: 1000000
SLOOPY VALUE: 1024
TIME: 1.357101
SUM: 48000000
THREADS: 48
COUNT PER THREAD: 1000000
SLOOPY VALUE: 1024
TIME: 1.350038
SUM: 48000000
THREADS: 49
COUNT PER THREAD: 1000000
SLOOPY VALUE: 1024
TIME: 1.211001
SUM: 49000000
THREADS: 49
COUNT PER THREAD: 1000000
SLOOPY VALUE: 1024
TIME: 1.219229
SUM: 49000000
THREADS: 49
COUNT PER THREAD: 1000000
SLOOPY VALUE: 1024
TIME: 1.209546
SUM: 49000000
THREADS: 49
COUNT PER THREAD: 1000000
SLOOPY VALUE: 1024
TIME: 1.231781
SUM: 49000000
THREADS: 49
COUNT PER THREAD: 1000000
SLOOPY VALUE: 1024
TIME: 1.212967
SUM: 49000000
THREADS: 49
COUNT PER THREAD: 1000000
SLOOPY VALUE: 1024
TIME: 1.264730
SUM: 49000000
THREADS: 49
COUNT PER THREAD: 1000000
SLOOPY VALUE: 1024
TIME: 1.271487
SUM: 49000000
THREADS: 49
COUNT PER THREAD: 1000000
SLOOPY VALUE: 1024
TIME: 1.233964
SUM: 49000000
THREADS: 49
COUNT PER THREAD: 1000000
SLOOPY VALUE: 1024
TIME: 1.234511
SUM: 49000000
THREADS: 49
COUNT PER THREAD: 1000000
SLOOPY VALUE: 1024
TIME: 1.216744
SUM: 49000000
THREADS: 50
COUNT PER THREAD: 1000000
SLOOPY VALUE: 1024
TIME: 1.462908
SUM: 50000000
THREADS: 50
COUNT PER THREAD: 1000000
SLOOPY VALUE: 1024
TIME: 1.448134
SUM: 50000000
THREADS: 50
COUNT PER THREAD: 1000000
SLOOPY VALUE: 1024
TIME: 1.436519
SUM: 50000000
THREADS: 50
COUNT PER THREAD: 1000000
SLOOPY VALUE: 1024
TIME: 1.432238
SUM: 50000000
THREADS: 50
COUNT PER THREAD: 1000000
SLOOPY VALUE: 1024
TIME: 1.556590
SUM: 50000000
THREADS: 50
COUNT PER THREAD: 1000000
SLOOPY VALUE: 1024
TIME: 1.375552
SUM: 50000000
THREADS: 50
COUNT PER THREAD: 1000000
SLOOPY VALUE: 1024
TIME: 1.619739
SUM: 50000000
THREADS: 50
COUNT PER THREAD: 1000000
SLOOPY VALUE: 1024
TIME: 1.255858
SUM: 50000000
THREADS: 50
COUNT PER THREAD: 1000000
SLOOPY VALUE: 1024
TIME: 1.284231
SUM: 50000000
THREADS: 50
COUNT PER THREAD: 1000000
SLOOPY VALUE: 1024
TIME: 1.243342
SUM: 50000000
THREADS: 51
COUNT PER THREAD: 1000000
SLOOPY VALUE: 1024
TIME: 1.374666
SUM: 51000000
THREADS: 51
COUNT PER THREAD: 1000000
SLOOPY VALUE: 1024
TIME: 1.318573
SUM: 51000000
THREADS: 51
COUNT PER THREAD: 1000000
SLOOPY VALUE: 1024
TIME: 1.306253
SUM: 51000000
THREADS: 51
COUNT PER THREAD: 1000000
SLOOPY VALUE: 1024
TIME: 1.340114
SUM: 51000000
THREADS: 51
COUNT PER THREAD: 1000000
SLOOPY VALUE: 1024
TIME: 1.458826
SUM: 51000000
THREADS: 51
COUNT PER THREAD: 1000000
SLOOPY VALUE: 1024
TIME: 1.285989
SUM: 51000000
THREADS: 51
COUNT PER THREAD: 1000000
SLOOPY VALUE: 1024
TIME: 1.325539
SUM: 51000000
THREADS: 51
COUNT PER THREAD: 1000000
SLOOPY VALUE: 1024
TIME: 1.343272
SUM: 51000000
THREADS: 51
COUNT PER THREAD: 1000000
SLOOPY VALUE: 1024
TIME: 1.309608
SUM: 51000000
THREADS: 51
COUNT PER THREAD: 1000000
SLOOPY VALUE: 1024
TIME: 1.319425
SUM: 51000000
THREADS: 52
COUNT PER THREAD: 1000000
SLOOPY VALUE: 1024
TIME: 1.433143
SUM: 52000000
THREADS: 52
COUNT PER THREAD: 1000000
SLOOPY VALUE: 1024
TIME: 1.374967
SUM: 52000000
THREADS: 52
COUNT PER THREAD: 1000000
SLOOPY VALUE: 1024
TIME: 1.395758
SUM: 52000000
THREADS: 52
COUNT PER THREAD: 1000000
SLOOPY VALUE: 1024
TIME: 1.247806
SUM: 52000000
THREADS: 52
COUNT PER THREAD: 1000000
SLOOPY VALUE: 1024
TIME: 1.277015
SUM: 52000000
THREADS: 52
COUNT PER THREAD: 1000000
SLOOPY VALUE: 1024
TIME: 1.428848
SUM: 52000000
THREADS: 52
COUNT PER THREAD: 1000000
SLOOPY VALUE: 1024
TIME: 1.428632
SUM: 52000000
THREADS: 52
COUNT PER THREAD: 1000000
SLOOPY VALUE: 1024
TIME: 1.350195
SUM: 52000000
THREADS: 52
COUNT PER THREAD: 1000000
SLOOPY VALUE: 1024
TIME: 1.252211
SUM: 52000000
THREADS: 52
COUNT PER THREAD: 1000000
SLOOPY VALUE: 1024
TIME: 1.261792
SUM: 52000000
THREADS: 53
COUNT PER THREAD: 1000000
SLOOPY VALUE: 1024
TIME: 1.294246
SUM: 53000000
THREADS: 53
COUNT PER THREAD: 1000000
SLOOPY VALUE: 1024
TIME: 1.295471
SUM: 53000000
THREADS: 53
COUNT PER THREAD: 1000000
SLOOPY VALUE: 1024
TIME: 1.309442
SUM: 53000000
THREADS: 53
COUNT PER THREAD: 1000000
SLOOPY VALUE: 1024
TIME: 1.319373
SUM: 53000000
THREADS: 53
COUNT PER THREAD: 1000000
SLOOPY VALUE: 1024
TIME: 1.311405
SUM: 53000000
THREADS: 53
COUNT PER THREAD: 1000000
SLOOPY VALUE: 1024
TIME: 1.318892
SUM: 53000000
THREADS: 53
COUNT PER THREAD: 1000000
SLOOPY VALUE: 1024
TIME: 1.354655
SUM: 53000000
THREADS: 53
COUNT PER THREAD: 1000000
SLOOPY VALUE: 1024
TIME: 1.501496
SUM: 53000000
THREADS: 53
COUNT PER THREAD: 1000000
SLOOPY VALUE: 1024
TIME: 1.457873
SUM: 53000000
THREADS: 53
COUNT PER THREAD: 1000000
SLOOPY VALUE: 1024
TIME: 1.468396
SUM: 53000000
THREADS: 54
COUNT PER THREAD: 1000000
SLOOPY VALUE: 1024
TIME: 1.489143
SUM: 54000000
THREADS: 54
COUNT PER THREAD: 1000000
SLOOPY VALUE: 1024
TIME: 1.488227
SUM: 54000000
THREADS: 54
COUNT PER THREAD: 1000000
SLOOPY VALUE: 1024
TIME: 1.568620
SUM: 54000000
THREADS: 54
COUNT PER THREAD: 1000000
SLOOPY VALUE: 1024
TIME: 1.612441
SUM: 54000000
THREADS: 54
COUNT PER THREAD: 1000000
SLOOPY VALUE: 1024
TIME: 1.560458
SUM: 54000000
THREADS: 54
COUNT PER THREAD: 1000000
SLOOPY VALUE: 1024
TIME: 1.491566
SUM: 54000000
THREADS: 54
COUNT PER THREAD: 1000000
SLOOPY VALUE: 1024
TIME: 1.512592
SUM: 54000000
THREADS: 54
COUNT PER THREAD: 1000000
SLOOPY VALUE: 1024
TIME: 1.435175
SUM: 54000000
THREADS: 54
COUNT PER THREAD: 1000000
SLOOPY VALUE: 1024
TIME: 1.365042
SUM: 54000000
THREADS: 54
COUNT PER THREAD: 1000000
SLOOPY VALUE: 1024
TIME: 1.376104
SUM: 54000000
THREADS: 55
COUNT PER THREAD: 1000000
SLOOPY VALUE: 1024
TIME: 1.479321
SUM: 55000000
THREADS: 55
COUNT PER THREAD: 1000000
SLOOPY VALUE: 1024
TIME: 1.510269
SUM: 55000000
THREADS: 55
COUNT PER THREAD: 1000000
SLOOPY VALUE: 1024
TIME: 1.436035
SUM: 55000000
THREADS: 55
COUNT PER THREAD: 1000000
SLOOPY VALUE: 1024
TIME: 1.388911
SUM: 55000000
THREADS: 55
COUNT PER THREAD: 1000000
SLOOPY VALUE: 1024
TIME: 1.474389
SUM: 55000000
THREADS: 55
COUNT PER THREAD: 1000000
SLOOPY VALUE: 1024
TIME: 1.554282
SUM: 55000000
THREADS: 55
COUNT PER THREAD: 1000000
SLOOPY VALUE: 1024
TIME: 1.584701
SUM: 55000000
THREADS: 55
COUNT PER THREAD: 1000000
SLOOPY VALUE: 1024
TIME: 1.480785
SUM: 55000000
THREADS: 55
COUNT PER THREAD: 1000000
SLOOPY VALUE: 1024
TIME: 1.652355
SUM: 55000000
THREADS: 55
COUNT PER THREAD: 1000000
SLOOPY VALUE: 1024
TIME: 1.670342
SUM: 55000000
THREADS: 56
COUNT PER THREAD: 1000000
SLOOPY VALUE: 1024
TIME: 1.421964
SUM: 56000000
THREADS: 56
COUNT PER THREAD: 1000000
SLOOPY VALUE: 1024
TIME: 1.505741
SUM: 56000000
THREADS: 56
COUNT PER THREAD: 1000000
SLOOPY VALUE: 1024
TIME: 1.470241
SUM: 56000000
THREADS: 56
COUNT PER THREAD: 1000000
SLOOPY VALUE: 1024
TIME: 1.426819
SUM: 56000000
THREADS: 56
COUNT PER THREAD: 1000000
SLOOPY VALUE: 1024
TIME: 1.438873
SUM: 56000000
THREADS: 56
COUNT PER THREAD: 1000000
SLOOPY VALUE: 1024
TIME: 1.500802
SUM: 56000000
THREADS: 56
COUNT PER THREAD: 1000000
SLOOPY VALUE: 1024
TIME: 1.430528
SUM: 56000000
THREADS: 56
COUNT PER THREAD: 1000000
SLOOPY VALUE: 1024
TIME: 1.457125
SUM: 56000000
THREADS: 56
COUNT PER THREAD: 1000000
SLOOPY VALUE: 1024
TIME: 1.514335
SUM: 56000000
THREADS: 56
COUNT PER THREAD: 1000000
SLOOPY VALUE: 1024
TIME: 1.440191
SUM: 56000000
THREADS: 57
COUNT PER THREAD: 1000000
SLOOPY VALUE: 1024
TIME: 1.530986
SUM: 57000000
THREADS: 57
COUNT PER THREAD: 1000000
SLOOPY VALUE: 1024
TIME: 1.500764
SUM: 57000000
THREADS: 57
COUNT PER THREAD: 1000000
SLOOPY VALUE: 1024
TIME: 1.463362
SUM: 57000000
THREADS: 57
COUNT PER THREAD: 1000000
SLOOPY VALUE: 1024
TIME: 1.474878
SUM: 57000000
THREADS: 57
COUNT PER THREAD: 1000000
SLOOPY VALUE: 1024
TIME: 1.528175
SUM: 57000000
THREADS: 57
COUNT PER THREAD: 1000000
SLOOPY VALUE: 1024
TIME: 1.554797
SUM: 57000000
THREADS: 57
COUNT PER THREAD: 1000000
SLOOPY VALUE: 1024
TIME: 1.462898
SUM: 57000000
THREADS: 57
COUNT PER THREAD: 1000000
SLOOPY VALUE: 1024
TIME: 1.459121
SUM: 57000000
THREADS: 57
COUNT PER THREAD: 1000000
SLOOPY VALUE: 1024
TIME: 1.465078
SUM: 57000000
THREADS: 57
COUNT PER THREAD: 1000000
SLOOPY VALUE: 1024
TIME: 1.452420
SUM: 57000000
THREADS: 58
COUNT PER THREAD: 1000000
SLOOPY VALUE: 1024
TIME: 1.540753
SUM: 58000000
THREADS: 58
COUNT PER THREAD: 1000000
SLOOPY VALUE: 1024
TIME: 1.534614
SUM: 58000000
THREADS: 58
COUNT PER THREAD: 1000000
SLOOPY VALUE: 1024
TIME: 1.546178
SUM: 58000000
THREADS: 58
COUNT PER THREAD: 1000000
SLOOPY VALUE: 1024
TIME: 1.605005
SUM: 58000000
THREADS: 58
COUNT PER THREAD: 1000000
SLOOPY VALUE: 1024
TIME: 1.619150
SUM: 58000000
THREADS: 58
COUNT PER THREAD: 1000000
SLOOPY VALUE: 1024
TIME: 1.639357
SUM: 58000000
THREADS: 58
COUNT PER THREAD: 1000000
SLOOPY VALUE: 1024
TIME: 1.608947
SUM: 58000000
THREADS: 58
COUNT PER THREAD: 1000000
SLOOPY VALUE: 1024
TIME: 1.655576
SUM: 58000000
THREADS: 58
COUNT PER THREAD: 1000000
SLOOPY VALUE: 1024
TIME: 1.584342
SUM: 58000000
THREADS: 58
COUNT PER THREAD: 1000000
SLOOPY VALUE: 1024
TIME: 1.634868
SUM: 58000000
THREADS: 59
COUNT PER THREAD: 1000000
SLOOPY VALUE: 1024
TIME: 1.664949
SUM: 59000000
THREADS: 59
COUNT PER THREAD: 1000000
SLOOPY VALUE: 1024
TIME: 1.612160
SUM: 59000000
THREADS: 59
COUNT PER THREAD: 1000000
SLOOPY VALUE: 1024
TIME: 1.677004
SUM: 59000000
THREADS: 59
COUNT PER THREAD: 1000000
SLOOPY VALUE: 1024
TIME: 1.683934
SUM: 59000000
THREADS: 59
COUNT PER THREAD: 1000000
SLOOPY VALUE: 1024
TIME: 1.665287
SUM: 59000000
THREADS: 59
COUNT PER THREAD: 1000000
SLOOPY VALUE: 1024
TIME: 1.654767
SUM: 59000000
THREADS: 59
COUNT PER THREAD: 1000000
SLOOPY VALUE: 1024
TIME: 1.630478
SUM: 59000000
THREADS: 59
COUNT PER THREAD: 1000000
SLOOPY VALUE: 1024
TIME: 1.637745
SUM: 59000000
THREADS: 59
COUNT PER THREAD: 1000000
SLOOPY VALUE: 1024
TIME: 1.625009
SUM: 59000000
THREADS: 59
COUNT PER THREAD: 1000000
SLOOPY VALUE: 1024
TIME: 1.675408
SUM: 59000000
THREADS: 60
COUNT PER THREAD: 1000000
SLOOPY VALUE: 1024
TIME: 1.677557
SUM: 60000000
THREADS: 60
COUNT PER THREAD: 1000000
SLOOPY VALUE: 1024
TIME: 1.719783
SUM: 60000000
THREADS: 60
COUNT PER THREAD: 1000000
SLOOPY VALUE: 1024
TIME: 1.649441
SUM: 60000000
THREADS: 60
COUNT PER THREAD: 1000000
SLOOPY VALUE: 1024
TIME: 1.683608
SUM: 60000000
THREADS: 60
COUNT PER THREAD: 1000000
SLOOPY VALUE: 1024
TIME: 1.657113
SUM: 60000000
THREADS: 60
COUNT PER THREAD: 1000000
SLOOPY VALUE: 1024
TIME: 1.682271
SUM: 60000000
THREADS: 60
COUNT PER THREAD: 1000000
SLOOPY VALUE: 1024
TIME: 1.624690
SUM: 60000000
THREADS: 60
COUNT PER THREAD: 1000000
SLOOPY VALUE: 1024
TIME: 1.735140
SUM: 60000000
THREADS: 60
COUNT PER THREAD: 1000000
SLOOPY VALUE: 1024
TIME: 1.873718
SUM: 60000000
THREADS: 60
COUNT PER THREAD: 1000000
SLOOPY VALUE: 1024
TIME: 1.857157
SUM: 60000000
THREADS: 61
COUNT PER THREAD: 1000000
SLOOPY VALUE: 1024
TIME: 1.791755
SUM: 61000000
THREADS: 61
COUNT PER THREAD: 1000000
SLOOPY VALUE: 1024
TIME: 1.775344
SUM: 61000000
THREADS: 61
COUNT PER THREAD: 1000000
SLOOPY VALUE: 1024
TIME: 1.753294
SUM: 61000000
THREADS: 61
COUNT PER THREAD: 1000000
SLOOPY VALUE: 1024
TIME: 1.743132
SUM: 61000000
THREADS: 61
COUNT PER THREAD: 1000000
SLOOPY VALUE: 1024
TIME: 1.727929
SUM: 61000000
THREADS: 61
COUNT PER THREAD: 1000000
SLOOPY VALUE: 1024
TIME: 1.782191
SUM: 61000000
THREADS: 61
COUNT PER THREAD: 1000000
SLOOPY VALUE: 1024
TIME: 1.755071
SUM: 61000000
THREADS: 61
COUNT PER THREAD: 1000000
SLOOPY VALUE: 1024
TIME: 1.765235
SUM: 61000000
THREADS: 61
COUNT PER THREAD: 1000000
SLOOPY VALUE: 1024
TIME: 1.688100
SUM: 61000000
THREADS: 61
COUNT PER THREAD: 1000000
SLOOPY VALUE: 1024
TIME: 1.767330
SUM: 61000000
THREADS: 62
COUNT PER THREAD: 1000000
SLOOPY VALUE: 1024
TIME: 1.583537
SUM: 62000000
THREADS: 62
COUNT PER THREAD: 1000000
SLOOPY VALUE: 1024
TIME: 1.590782
SUM: 62000000
THREADS: 62
COUNT PER THREAD: 1000000
SLOOPY VALUE: 1024
TIME: 1.592688
SUM: 62000000
THREADS: 62
COUNT PER THREAD: 1000000
SLOOPY VALUE: 1024
TIME: 1.609296
SUM: 62000000
THREADS: 62
COUNT PER THREAD: 1000000
SLOOPY VALUE: 1024
TIME: 1.591949
SUM: 62000000
THREADS: 62
COUNT PER THREAD: 1000000
SLOOPY VALUE: 1024
TIME: 1.603758
SUM: 62000000
THREADS: 62
COUNT PER THREAD: 1000000
SLOOPY VALUE: 1024
TIME: 1.596369
SUM: 62000000
THREADS: 62
COUNT PER THREAD: 1000000
SLOOPY VALUE: 1024
TIME: 1.598507
SUM: 62000000
THREADS: 62
COUNT PER THREAD: 1000000
SLOOPY VALUE: 1024
TIME: 1.592906
SUM: 62000000
THREADS: 62
COUNT PER THREAD: 1000000
SLOOPY VALUE: 1024
TIME: 1.602526
SUM: 62000000
THREADS: 63
COUNT PER THREAD: 1000000
SLOOPY VALUE: 1024
TIME: 1.622199
SUM: 63000000
THREADS: 63
COUNT PER THREAD: 1000000
SLOOPY VALUE: 1024
TIME: 1.752930
SUM: 63000000
THREADS: 63
COUNT PER THREAD: 1000000
SLOOPY VALUE: 1024
TIME: 1.848739
SUM: 63000000
THREADS: 63
COUNT PER THREAD: 1000000
SLOOPY VALUE: 1024
TIME: 2.636109
SUM: 63000000
THREADS: 63
COUNT PER THREAD: 1000000
SLOOPY VALUE: 1024
TIME: 2.150346
SUM: 63000000
THREADS: 63
COUNT PER THREAD: 1000000
SLOOPY VALUE: 1024
TIME: 2.102532
SUM: 63000000
THREADS: 63
COUNT PER THREAD: 1000000
SLOOPY VALUE: 1024
TIME: 1.860055
SUM: 63000000
THREADS: 63
COUNT PER THREAD: 1000000
SLOOPY VALUE: 1024
TIME: 1.741553
SUM: 63000000
THREADS: 63
COUNT PER THREAD: 1000000
SLOOPY VALUE: 1024
TIME: 1.805696
SUM: 63000000
THREADS: 63
COUNT PER THREAD: 1000000
SLOOPY VALUE: 1024
TIME: 2.049042
SUM: 63000000
THREADS: 64
COUNT PER THREAD: 1000000
SLOOPY VALUE: 1024
TIME: 1.924641
SUM: 64000000
THREADS: 64
COUNT PER THREAD: 1000000
SLOOPY VALUE: 1024
TIME: 1.866673
SUM: 64000000
THREADS: 64
COUNT PER THREAD: 1000000
SLOOPY VALUE: 1024
TIME: 1.842134
SUM: 64000000
THREADS: 64
COUNT PER THREAD: 1000000
SLOOPY VALUE: 1024
TIME: 1.853250
SUM: 64000000
THREADS: 64
COUNT PER THREAD: 1000000
SLOOPY VALUE: 1024
TIME: 1.860272
SUM: 64000000
THREADS: 64
COUNT PER THREAD: 1000000
SLOOPY VALUE: 1024
TIME: 1.892046
SUM: 64000000
THREADS: 64
COUNT PER THREAD: 1000000
SLOOPY VALUE: 1024
TIME: 1.831611
SUM: 64000000
THREADS: 64
COUNT PER THREAD: 1000000
SLOOPY VALUE: 1024
TIME: 1.783554
SUM: 64000000
THREADS: 64
COUNT PER THREAD: 1000000
SLOOPY VALUE: 1024
TIME: 1.890081
SUM: 64000000
THREADS: 64
COUNT PER THREAD: 1000000
SLOOPY VALUE: 1024
TIME: 1.858465
SUM: 64000000
THREADS: 65
COUNT PER THREAD: 1000000
SLOOPY VALUE: 1024
TIME: 1.678393
SUM: 65000000
THREADS: 65
COUNT PER THREAD: 1000000
SLOOPY VALUE: 1024
TIME: 1.683806
SUM: 65000000
THREADS: 65
COUNT PER THREAD: 1000000
SLOOPY VALUE: 1024
TIME: 1.689508
SUM: 65000000
THREADS: 65
COUNT PER THREAD: 1000000
SLOOPY VALUE: 1024
TIME: 1.786949
SUM: 65000000
THREADS: 65
COUNT PER THREAD: 1000000
SLOOPY VALUE: 1024
TIME: 1.723963
SUM: 65000000
THREADS: 65
COUNT PER THREAD: 1000000
SLOOPY VALUE: 1024
TIME: 1.719092
SUM: 65000000
THREADS: 65
COUNT PER THREAD: 1000000
SLOOPY VALUE: 1024
TIME: 1.767250
SUM: 65000000
THREADS: 65
COUNT PER THREAD: 1000000
SLOOPY VALUE: 1024
TIME: 1.722079
SUM: 65000000
THREADS: 65
COUNT PER THREAD: 1000000
SLOOPY VALUE: 1024
TIME: 1.777632
SUM: 65000000
THREADS: 65
COUNT PER THREAD: 1000000
SLOOPY VALUE: 1024
TIME: 1.811913
SUM: 65000000
THREADS: 66
COUNT PER THREAD: 1000000
SLOOPY VALUE: 1024
TIME: 1.867453
SUM: 66000000
THREADS: 66
COUNT PER THREAD: 1000000
SLOOPY VALUE: 1024
TIME: 1.899274
SUM: 66000000
THREADS: 66
COUNT PER THREAD: 1000000
SLOOPY VALUE: 1024
TIME: 1.900840
SUM: 66000000
THREADS: 66
COUNT PER THREAD: 1000000
SLOOPY VALUE: 1024
TIME: 1.739147
SUM: 66000000
THREADS: 66
COUNT PER THREAD: 1000000
SLOOPY VALUE: 1024
TIME: 1.724207
SUM: 66000000
THREADS: 66
COUNT PER THREAD: 1000000
SLOOPY VALUE: 1024
TIME: 1.622236
SUM: 66000000
THREADS: 66
COUNT PER THREAD: 1000000
SLOOPY VALUE: 1024
TIME: 1.727916
SUM: 66000000
THREADS: 66
COUNT PER THREAD: 1000000
SLOOPY VALUE: 1024
TIME: 1.844452
SUM: 66000000
THREADS: 66
COUNT PER THREAD: 1000000
SLOOPY VALUE: 1024
TIME: 1.900049
SUM: 66000000
THREADS: 66
COUNT PER THREAD: 1000000
SLOOPY VALUE: 1024
TIME: 2.241705
SUM: 66000000
THREADS: 67
COUNT PER THREAD: 1000000
SLOOPY VALUE: 1024
TIME: 1.576825
SUM: 67000000
THREADS: 67
COUNT PER THREAD: 1000000
SLOOPY VALUE: 1024
TIME: 1.714920
SUM: 67000000
THREADS: 67
COUNT PER THREAD: 1000000
SLOOPY VALUE: 1024
TIME: 1.630380
SUM: 67000000
THREADS: 67
COUNT PER THREAD: 1000000
SLOOPY VALUE: 1024
TIME: 1.890722
SUM: 67000000
THREADS: 67
COUNT PER THREAD: 1000000
SLOOPY VALUE: 1024
TIME: 2.699246
SUM: 67000000
THREADS: 67
COUNT PER THREAD: 1000000
SLOOPY VALUE: 1024
TIME: 2.247592
SUM: 67000000
THREADS: 67
COUNT PER THREAD: 1000000
SLOOPY VALUE: 1024
TIME: 2.023115
SUM: 67000000
THREADS: 67
COUNT PER THREAD: 1000000
SLOOPY VALUE: 1024
TIME: 1.856622
SUM: 67000000
THREADS: 67
COUNT PER THREAD: 1000000
SLOOPY VALUE: 1024
TIME: 1.724696
SUM: 67000000
THREADS: 67
COUNT PER THREAD: 1000000
SLOOPY VALUE: 1024
TIME: 1.576575
SUM: 67000000
THREADS: 68
COUNT PER THREAD: 1000000
SLOOPY VALUE: 1024
TIME: 1.750411
SUM: 68000000
THREADS: 68
COUNT PER THREAD: 1000000
SLOOPY VALUE: 1024
TIME: 1.807175
SUM: 68000000
THREADS: 68
COUNT PER THREAD: 1000000
SLOOPY VALUE: 1024
TIME: 1.790827
SUM: 68000000
THREADS: 68
COUNT PER THREAD: 1000000
SLOOPY VALUE: 1024
TIME: 1.834872
SUM: 68000000
THREADS: 68
COUNT PER THREAD: 1000000
SLOOPY VALUE: 1024
TIME: 1.656117
SUM: 68000000
THREADS: 68
COUNT PER THREAD: 1000000
SLOOPY VALUE: 1024
TIME: 1.649120
SUM: 68000000
THREADS: 68
COUNT PER THREAD: 1000000
SLOOPY VALUE: 1024
TIME: 1.628713
SUM: 68000000
THREADS: 68
COUNT PER THREAD: 1000000
SLOOPY VALUE: 1024
TIME: 1.634249
SUM: 68000000
THREADS: 68
COUNT PER THREAD: 1000000
SLOOPY VALUE: 1024
TIME: 1.618144
SUM: 68000000
THREADS: 68
COUNT PER THREAD: 1000000
SLOOPY VALUE: 1024
TIME: 1.637612
SUM: 68000000
THREADS: 69
COUNT PER THREAD: 1000000
SLOOPY VALUE: 1024
TIME: 1.634284
SUM: 69000000
THREADS: 69
COUNT PER THREAD: 1000000
SLOOPY VALUE: 1024
TIME: 1.635170
SUM: 69000000
THREADS: 69
COUNT PER THREAD: 1000000
SLOOPY VALUE: 1024
TIME: 1.658804
SUM: 69000000
THREADS: 69
COUNT PER THREAD: 1000000
SLOOPY VALUE: 1024
TIME: 1.656849
SUM: 69000000
THREADS: 69
COUNT PER THREAD: 1000000
SLOOPY VALUE: 1024
TIME: 1.641576
SUM: 69000000
THREADS: 69
COUNT PER THREAD: 1000000
SLOOPY VALUE: 1024
TIME: 1.775844
SUM: 69000000
THREADS: 69
COUNT PER THREAD: 1000000
SLOOPY VALUE: 1024
TIME: 1.837941
SUM: 69000000
THREADS: 69
COUNT PER THREAD: 1000000
SLOOPY VALUE: 1024
TIME: 2.009313
SUM: 69000000
THREADS: 69
COUNT PER THREAD: 1000000
SLOOPY VALUE: 1024
TIME: 2.106197
SUM: 69000000
THREADS: 69
COUNT PER THREAD: 1000000
SLOOPY VALUE: 1024
TIME: 2.178790
SUM: 69000000
THREADS: 70
COUNT PER THREAD: 1000000
SLOOPY VALUE: 1024
TIME: 1.671629
SUM: 70000000
THREADS: 70
COUNT PER THREAD: 1000000
SLOOPY VALUE: 1024
TIME: 1.647538
SUM: 70000000
THREADS: 70
COUNT PER THREAD: 1000000
SLOOPY VALUE: 1024
TIME: 1.654295
SUM: 70000000
THREADS: 70
COUNT PER THREAD: 1000000
SLOOPY VALUE: 1024
TIME: 1.670565
SUM: 70000000
THREADS: 70
COUNT PER THREAD: 1000000
SLOOPY VALUE: 1024
TIME: 1.647383
SUM: 70000000
THREADS: 70
COUNT PER THREAD: 1000000
SLOOPY VALUE: 1024
TIME: 1.642098
SUM: 70000000
THREADS: 70
COUNT PER THREAD: 1000000
SLOOPY VALUE: 1024
TIME: 1.662355
SUM: 70000000
THREADS: 70
COUNT PER THREAD: 1000000
SLOOPY VALUE: 1024
TIME: 1.650636
SUM: 70000000
THREADS: 70
COUNT PER THREAD: 1000000
SLOOPY VALUE: 1024
TIME: 1.665598
SUM: 70000000
THREADS: 70
COUNT PER THREAD: 1000000
SLOOPY VALUE: 1024
TIME: 1.639906
SUM: 70000000
THREADS: 71
COUNT PER THREAD: 1000000
SLOOPY VALUE: 1024
TIME: 1.698630
SUM: 71000000
THREADS: 71
COUNT PER THREAD: 1000000
SLOOPY VALUE: 1024
TIME: 1.683662
SUM: 71000000
THREADS: 71
COUNT PER THREAD: 1000000
SLOOPY VALUE: 1024
TIME: 1.702184
SUM: 71000000
THREADS: 71
COUNT PER THREAD: 1000000
SLOOPY VALUE: 1024
TIME: 1.745898
SUM: 71000000
THREADS: 71
COUNT PER THREAD: 1000000
SLOOPY VALUE: 1024
TIME: 1.683560
SUM: 71000000
THREADS: 71
COUNT PER THREAD: 1000000
SLOOPY VALUE: 1024
TIME: 1.689324
SUM: 71000000
THREADS: 71
COUNT PER THREAD: 1000000
SLOOPY VALUE: 1024
TIME: 1.769671
SUM: 71000000
THREADS: 71
COUNT PER THREAD: 1000000
SLOOPY VALUE: 1024
TIME: 1.687665
SUM: 71000000
THREADS: 71
COUNT PER THREAD: 1000000
SLOOPY VALUE: 1024
TIME: 1.681771
SUM: 71000000
THREADS: 71
COUNT PER THREAD: 1000000
SLOOPY VALUE: 1024
TIME: 1.713331
SUM: 71000000
THREADS: 72
COUNT PER THREAD: 1000000
SLOOPY VALUE: 1024
TIME: 1.946529
SUM: 72000000
THREADS: 72
COUNT PER THREAD: 1000000
SLOOPY VALUE: 1024
TIME: 1.898440
SUM: 72000000
THREADS: 72
COUNT PER THREAD: 1000000
SLOOPY VALUE: 1024
TIME: 1.921798
SUM: 72000000
THREADS: 72
COUNT PER THREAD: 1000000
SLOOPY VALUE: 1024
TIME: 1.928796
SUM: 72000000
THREADS: 72
COUNT PER THREAD: 1000000
SLOOPY VALUE: 1024
TIME: 1.914975
SUM: 72000000
THREADS: 72
COUNT PER THREAD: 1000000
SLOOPY VALUE: 1024
TIME: 1.893351
SUM: 72000000
THREADS: 72
COUNT PER THREAD: 1000000
SLOOPY VALUE: 1024
TIME: 1.977855
SUM: 72000000
THREADS: 72
COUNT PER THREAD: 1000000
SLOOPY VALUE: 1024
TIME: 1.957744
SUM: 72000000
THREADS: 72
COUNT PER THREAD: 1000000
SLOOPY VALUE: 1024
TIME: 1.981770
SUM: 72000000
THREADS: 72
COUNT PER THREAD: 1000000
SLOOPY VALUE: 1024
TIME: 2.027670
SUM: 72000000
THREADS: 73
COUNT PER THREAD: 1000000
SLOOPY VALUE: 1024
TIME: 1.965453
SUM: 73000000
THREADS: 73
COUNT PER THREAD: 1000000
SLOOPY VALUE: 1024
TIME: 1.951560
SUM: 73000000
THREADS: 73
COUNT PER THREAD: 1000000
SLOOPY VALUE: 1024
TIME: 1.991363
SUM: 73000000
THREADS: 73
COUNT PER THREAD: 1000000
SLOOPY VALUE: 1024
TIME: 1.986837
SUM: 73000000
THREADS: 73
COUNT PER THREAD: 1000000
SLOOPY VALUE: 1024
TIME: 1.959130
SUM: 73000000
THREADS: 73
COUNT PER THREAD: 1000000
SLOOPY VALUE: 1024
TIME: 1.973182
SUM: 73000000
THREADS: 73
COUNT PER THREAD: 1000000
SLOOPY VALUE: 1024
TIME: 1.980237
SUM: 73000000
THREADS: 73
COUNT PER THREAD: 1000000
SLOOPY VALUE: 1024
TIME: 1.982056
SUM: 73000000
THREADS: 73
COUNT PER THREAD: 1000000
SLOOPY VALUE: 1024
TIME: 2.037955
SUM: 73000000
THREADS: 73
COUNT PER THREAD: 1000000
SLOOPY VALUE: 1024
TIME: 2.085327
SUM: 73000000
THREADS: 74
COUNT PER THREAD: 1000000
SLOOPY VALUE: 1024
TIME: 2.040785
SUM: 74000000
THREADS: 74
COUNT PER THREAD: 1000000
SLOOPY VALUE: 1024
TIME: 2.054126
SUM: 74000000
THREADS: 74
COUNT PER THREAD: 1000000
SLOOPY VALUE: 1024
TIME: 2.092680
SUM: 74000000
THREADS: 74
COUNT PER THREAD: 1000000
SLOOPY VALUE: 1024
TIME: 2.748839
SUM: 74000000
THREADS: 74
COUNT PER THREAD: 1000000
SLOOPY VALUE: 1024
TIME: 2.141495
SUM: 74000000
THREADS: 74
COUNT PER THREAD: 1000000
SLOOPY VALUE: 1024
TIME: 2.096272
SUM: 74000000
THREADS: 74
COUNT PER THREAD: 1000000
SLOOPY VALUE: 1024
TIME: 2.166867
SUM: 74000000
THREADS: 74
COUNT PER THREAD: 1000000
SLOOPY VALUE: 1024
TIME: 1.969024
SUM: 74000000
THREADS: 74
COUNT PER THREAD: 1000000
SLOOPY VALUE: 1024
TIME: 1.761817
SUM: 74000000
THREADS: 74
COUNT PER THREAD: 1000000
SLOOPY VALUE: 1024
TIME: 1.941251
SUM: 74000000
THREADS: 75
COUNT PER THREAD: 1000000
SLOOPY VALUE: 1024
TIME: 1.792861
SUM: 75000000
THREADS: 75
COUNT PER THREAD: 1000000
SLOOPY VALUE: 1024
TIME: 1.783511
SUM: 75000000
THREADS: 75
COUNT PER THREAD: 1000000
SLOOPY VALUE: 1024
TIME: 1.793311
SUM: 75000000
THREADS: 75
COUNT PER THREAD: 1000000
SLOOPY VALUE: 1024
TIME: 1.773915
SUM: 75000000
THREADS: 75
COUNT PER THREAD: 1000000
SLOOPY VALUE: 1024
TIME: 1.802686
SUM: 75000000
THREADS: 75
COUNT PER THREAD: 1000000
SLOOPY VALUE: 1024
TIME: 1.835243
SUM: 75000000
THREADS: 75
COUNT PER THREAD: 1000000
SLOOPY VALUE: 1024
TIME: 1.891605
SUM: 75000000
THREADS: 75
COUNT PER THREAD: 1000000
SLOOPY VALUE: 1024
TIME: 1.791394
SUM: 75000000
THREADS: 75
COUNT PER THREAD: 1000000
SLOOPY VALUE: 1024
TIME: 1.768773
SUM: 75000000
THREADS: 75
COUNT PER THREAD: 1000000
SLOOPY VALUE: 1024
TIME: 1.776677
SUM: 75000000
THREADS: 76
COUNT PER THREAD: 1000000
SLOOPY VALUE: 1024
TIME: 1.808846
SUM: 76000000
THREADS: 76
COUNT PER THREAD: 1000000
SLOOPY VALUE: 1024
TIME: 1.800637
SUM: 76000000
THREADS: 76
COUNT PER THREAD: 1000000
SLOOPY VALUE: 1024
TIME: 1.900341
SUM: 76000000
THREADS: 76
COUNT PER THREAD: 1000000
SLOOPY VALUE: 1024
TIME: 1.888150
SUM: 76000000
THREADS: 76
COUNT PER THREAD: 1000000
SLOOPY VALUE: 1024
TIME: 1.958548
SUM: 76000000
THREADS: 76
COUNT PER THREAD: 1000000
SLOOPY VALUE: 1024
TIME: 1.887851
SUM: 76000000
THREADS: 76
COUNT PER THREAD: 1000000
SLOOPY VALUE: 1024
TIME: 1.846589
SUM: 76000000
THREADS: 76
COUNT PER THREAD: 1000000
SLOOPY VALUE: 1024
TIME: 1.940852
SUM: 76000000
THREADS: 76
COUNT PER THREAD: 1000000
SLOOPY VALUE: 1024
TIME: 1.833744
SUM: 76000000
THREADS: 76
COUNT PER THREAD: 1000000
SLOOPY VALUE: 1024
TIME: 1.831355
SUM: 76000000
THREADS: 77
COUNT PER THREAD: 1000000
SLOOPY VALUE: 1024
TIME: 1.908917
SUM: 77000000
THREADS: 77
COUNT PER THREAD: 1000000
SLOOPY VALUE: 1024
TIME: 1.852580
SUM: 77000000
THREADS: 77
COUNT PER THREAD: 1000000
SLOOPY VALUE: 1024
TIME: 1.893690
SUM: 77000000
THREADS: 77
COUNT PER THREAD: 1000000
SLOOPY VALUE: 1024
TIME: 1.877628
SUM: 77000000
THREADS: 77
COUNT PER THREAD: 1000000
SLOOPY VALUE: 1024
TIME: 1.896306
SUM: 77000000
THREADS: 77
COUNT PER THREAD: 1000000
SLOOPY VALUE: 1024
TIME: 1.880291
SUM: 77000000
THREADS: 77
COUNT PER THREAD: 1000000
SLOOPY VALUE: 1024
TIME: 1.843573
SUM: 77000000
THREADS: 77
COUNT PER THREAD: 1000000
SLOOPY VALUE: 1024
TIME: 2.014459
SUM: 77000000
THREADS: 77
COUNT PER THREAD: 1000000
SLOOPY VALUE: 1024
TIME: 2.105075
SUM: 77000000
THREADS: 77
COUNT PER THREAD: 1000000
SLOOPY VALUE: 1024
TIME: 2.084790
SUM: 77000000
THREADS: 78
COUNT PER THREAD: 1000000
SLOOPY VALUE: 1024
TIME: 2.180402
SUM: 78000000
THREADS: 78
COUNT PER THREAD: 1000000
SLOOPY VALUE: 1024
TIME: 2.138905
SUM: 78000000
THREADS: 78
COUNT PER THREAD: 1000000
SLOOPY VALUE: 1024
TIME: 2.238960
SUM: 78000000
THREADS: 78
COUNT PER THREAD: 1000000
SLOOPY VALUE: 1024
TIME: 2.274157
SUM: 78000000
THREADS: 78
COUNT PER THREAD: 1000000
SLOOPY VALUE: 1024
TIME: 2.086036
SUM: 78000000
THREADS: 78
COUNT PER THREAD: 1000000
SLOOPY VALUE: 1024
TIME: 1.921738
SUM: 78000000
THREADS: 78
COUNT PER THREAD: 1000000
SLOOPY VALUE: 1024
TIME: 1.863457
SUM: 78000000
THREADS: 78
COUNT PER THREAD: 1000000
SLOOPY VALUE: 1024
TIME: 1.876479
SUM: 78000000
THREADS: 78
COUNT PER THREAD: 1000000
SLOOPY VALUE: 1024
TIME: 1.839822
SUM: 78000000
THREADS: 78
COUNT PER THREAD: 1000000
SLOOPY VALUE: 1024
TIME: 1.844459
SUM: 78000000
THREADS: 79
COUNT PER THREAD: 1000000
SLOOPY VALUE: 1024
TIME: 1.882707
SUM: 79000000
THREADS: 79
COUNT PER THREAD: 1000000
SLOOPY VALUE: 1024
TIME: 2.339316
SUM: 79000000
THREADS: 79
COUNT PER THREAD: 1000000
SLOOPY VALUE: 1024
TIME: 1.883683
SUM: 79000000
THREADS: 79
COUNT PER THREAD: 1000000
SLOOPY VALUE: 1024
TIME: 1.878249
SUM: 79000000
THREADS: 79
COUNT PER THREAD: 1000000
SLOOPY VALUE: 1024
TIME: 1.881273
SUM: 79000000
THREADS: 79
COUNT PER THREAD: 1000000
SLOOPY VALUE: 1024
TIME: 1.882189
SUM: 79000000
THREADS: 79
COUNT PER THREAD: 1000000
SLOOPY VALUE: 1024
TIME: 1.870121
SUM: 79000000
THREADS: 79
COUNT PER THREAD: 1000000
SLOOPY VALUE: 1024
TIME: 1.871105
SUM: 79000000
THREADS: 79
COUNT PER THREAD: 1000000
SLOOPY VALUE: 1024
TIME: 1.916653
SUM: 79000000
THREADS: 79
COUNT PER THREAD: 1000000
SLOOPY VALUE: 1024
TIME: 1.879233
SUM: 79000000
THREADS: 80
COUNT PER THREAD: 1000000
SLOOPY VALUE: 1024
TIME: 2.088100
SUM: 80000000
THREADS: 80
COUNT PER THREAD: 1000000
SLOOPY VALUE: 1024
TIME: 2.079487
SUM: 80000000
THREADS: 80
COUNT PER THREAD: 1000000
SLOOPY VALUE: 1024
TIME: 2.117366
SUM: 80000000
THREADS: 80
COUNT PER THREAD: 1000000
SLOOPY VALUE: 1024
TIME: 2.233493
SUM: 80000000
THREADS: 80
COUNT PER THREAD: 1000000
SLOOPY VALUE: 1024
TIME: 2.166893
SUM: 80000000
THREADS: 80
COUNT PER THREAD: 1000000
SLOOPY VALUE: 1024
TIME: 2.063791
SUM: 80000000
THREADS: 80
COUNT PER THREAD: 1000000
SLOOPY VALUE: 1024
TIME: 2.020835
SUM: 80000000
THREADS: 80
COUNT PER THREAD: 1000000
SLOOPY VALUE: 1024
TIME: 2.087095
SUM: 80000000
THREADS: 80
COUNT PER THREAD: 1000000
SLOOPY VALUE: 1024
TIME: 2.075689
SUM: 80000000
THREADS: 80
COUNT PER THREAD: 1000000
SLOOPY VALUE: 1024
TIME: 2.046436
SUM: 80000000
THREADS: 81
COUNT PER THREAD: 1000000
SLOOPY VALUE: 1024
TIME: 2.085102
SUM: 81000000
THREADS: 81
COUNT PER THREAD: 1000000
SLOOPY VALUE: 1024
TIME: 2.100922
SUM: 81000000
THREADS: 81
COUNT PER THREAD: 1000000
SLOOPY VALUE: 1024
TIME: 2.101357
SUM: 81000000
THREADS: 81
COUNT PER THREAD: 1000000
SLOOPY VALUE: 1024
TIME: 2.093760
SUM: 81000000
THREADS: 81
COUNT PER THREAD: 1000000
SLOOPY VALUE: 1024
TIME: 2.042426
SUM: 81000000
THREADS: 81
COUNT PER THREAD: 1000000
SLOOPY VALUE: 1024
TIME: 2.242359
SUM: 81000000
THREADS: 81
COUNT PER THREAD: 1000000
SLOOPY VALUE: 1024
TIME: 2.104809
SUM: 81000000
THREADS: 81
COUNT PER THREAD: 1000000
SLOOPY VALUE: 1024
TIME: 2.126088
SUM: 81000000
THREADS: 81
COUNT PER THREAD: 1000000
SLOOPY VALUE: 1024
TIME: 2.142946
SUM: 81000000
THREADS: 81
COUNT PER THREAD: 1000000
SLOOPY VALUE: 1024
TIME: 2.169779
SUM: 81000000
THREADS: 82
COUNT PER THREAD: 1000000
SLOOPY VALUE: 1024
TIME: 2.334588
SUM: 82000000
THREADS: 82
COUNT PER THREAD: 1000000
SLOOPY VALUE: 1024
TIME: 2.261540
SUM: 82000000
THREADS: 82
COUNT PER THREAD: 1000000
SLOOPY VALUE: 1024
TIME: 2.339756
SUM: 82000000
THREADS: 82
COUNT PER THREAD: 1000000
SLOOPY VALUE: 1024
TIME: 2.268933
SUM: 82000000
THREADS: 82
COUNT PER THREAD: 1000000
SLOOPY VALUE: 1024
TIME: 2.257627
SUM: 82000000
THREADS: 82
COUNT PER THREAD: 1000000
SLOOPY VALUE: 1024
TIME: 2.282748
SUM: 82000000
THREADS: 82
COUNT PER THREAD: 1000000
SLOOPY VALUE: 1024
TIME: 2.300065
SUM: 82000000
THREADS: 82
COUNT PER THREAD: 1000000
SLOOPY VALUE: 1024
TIME: 2.238760
SUM: 82000000
THREADS: 82
COUNT PER THREAD: 1000000
SLOOPY VALUE: 1024
TIME: 2.159513
SUM: 82000000
THREADS: 82
COUNT PER THREAD: 1000000
SLOOPY VALUE: 1024
TIME: 2.189024
SUM: 82000000
THREADS: 83
COUNT PER THREAD: 1000000
SLOOPY VALUE: 1024
TIME: 2.239305
SUM: 83000000
THREADS: 83
COUNT PER THREAD: 1000000
SLOOPY VALUE: 1024
TIME: 2.292832
SUM: 83000000
THREADS: 83
COUNT PER THREAD: 1000000
SLOOPY VALUE: 1024
TIME: 2.161144
SUM: 83000000
THREADS: 83
COUNT PER THREAD: 1000000
SLOOPY VALUE: 1024
TIME: 2.069692
SUM: 83000000
THREADS: 83
COUNT PER THREAD: 1000000
SLOOPY VALUE: 1024
TIME: 2.223348
SUM: 83000000
THREADS: 83
COUNT PER THREAD: 1000000
SLOOPY VALUE: 1024
TIME: 2.301468
SUM: 83000000
THREADS: 83
COUNT PER THREAD: 1000000
SLOOPY VALUE: 1024
TIME: 2.250821
SUM: 83000000
THREADS: 83
COUNT PER THREAD: 1000000
SLOOPY VALUE: 1024
TIME: 2.183971
SUM: 83000000
THREADS: 83
COUNT PER THREAD: 1000000
SLOOPY VALUE: 1024
TIME: 2.179368
SUM: 83000000
THREADS: 83
COUNT PER THREAD: 1000000
SLOOPY VALUE: 1024
TIME: 2.160183
SUM: 83000000
THREADS: 84
COUNT PER THREAD: 1000000
SLOOPY VALUE: 1024
TIME: 2.134141
SUM: 84000000
THREADS: 84
COUNT PER THREAD: 1000000
SLOOPY VALUE: 1024
TIME: 2.065978
SUM: 84000000
THREADS: 84
COUNT PER THREAD: 1000000
SLOOPY VALUE: 1024
TIME: 2.095398
SUM: 84000000
THREADS: 84
COUNT PER THREAD: 1000000
SLOOPY VALUE: 1024
TIME: 2.093342
SUM: 84000000
THREADS: 84
COUNT PER THREAD: 1000000
SLOOPY VALUE: 1024
TIME: 2.053097
SUM: 84000000
THREADS: 84
COUNT PER THREAD: 1000000
SLOOPY VALUE: 1024
TIME: 2.101320
SUM: 84000000
THREADS: 84
COUNT PER THREAD: 1000000
SLOOPY VALUE: 1024
TIME: 2.093931
SUM: 84000000
THREADS: 84
COUNT PER THREAD: 1000000
SLOOPY VALUE: 1024
TIME: 2.101246
SUM: 84000000
THREADS: 84
COUNT PER THREAD: 1000000
SLOOPY VALUE: 1024
TIME: 2.101730
SUM: 84000000
THREADS: 84
COUNT PER THREAD: 1000000
SLOOPY VALUE: 1024
TIME: 2.077809
SUM: 84000000
THREADS: 85
COUNT PER THREAD: 1000000
SLOOPY VALUE: 1024
TIME: 2.270472
SUM: 85000000
THREADS: 85
COUNT PER THREAD: 1000000
SLOOPY VALUE: 1024
TIME: 2.167169
SUM: 85000000
THREADS: 85
COUNT PER THREAD: 1000000
SLOOPY VALUE: 1024
TIME: 2.178933
SUM: 85000000
THREADS: 85
COUNT PER THREAD: 1000000
SLOOPY VALUE: 1024
TIME: 2.132141
SUM: 85000000
THREADS: 85
COUNT PER THREAD: 1000000
SLOOPY VALUE: 1024
TIME: 2.121618
SUM: 85000000
THREADS: 85
COUNT PER THREAD: 1000000
SLOOPY VALUE: 1024
TIME: 2.108221
SUM: 85000000
THREADS: 85
COUNT PER THREAD: 1000000
SLOOPY VALUE: 1024
TIME: 2.108799
SUM: 85000000
THREADS: 85
COUNT PER THREAD: 1000000
SLOOPY VALUE: 1024
TIME: 2.256952
SUM: 85000000
THREADS: 85
COUNT PER THREAD: 1000000
SLOOPY VALUE: 1024
TIME: 2.223104
SUM: 85000000
THREADS: 85
COUNT PER THREAD: 1000000
SLOOPY VALUE: 1024
TIME: 2.116102
SUM: 85000000
THREADS: 86
COUNT PER THREAD: 1000000
SLOOPY VALUE: 1024
TIME: 2.036823
SUM: 86000000
THREADS: 86
COUNT PER THREAD: 1000000
SLOOPY VALUE: 1024
TIME: 2.056384
SUM: 86000000
THREADS: 86
COUNT PER THREAD: 1000000
SLOOPY VALUE: 1024
TIME: 2.041964
SUM: 86000000
THREADS: 86
COUNT PER THREAD: 1000000
SLOOPY VALUE: 1024
TIME: 2.062219
SUM: 86000000
THREADS: 86
COUNT PER THREAD: 1000000
SLOOPY VALUE: 1024
TIME: 2.060147
SUM: 86000000
THREADS: 86
COUNT PER THREAD: 1000000
SLOOPY VALUE: 1024
TIME: 2.038102
SUM: 86000000
THREADS: 86
COUNT PER THREAD: 1000000
SLOOPY VALUE: 1024
TIME: 2.051177
SUM: 86000000
THREADS: 86
COUNT PER THREAD: 1000000
SLOOPY VALUE: 1024
TIME: 2.055488
SUM: 86000000
THREADS: 86
COUNT PER THREAD: 1000000
SLOOPY VALUE: 1024
TIME: 2.051379
SUM: 86000000
THREADS: 86
COUNT PER THREAD: 1000000
SLOOPY VALUE: 1024
TIME: 2.050148
SUM: 86000000
THREADS: 87
COUNT PER THREAD: 1000000
SLOOPY VALUE: 1024
TIME: 2.629217
SUM: 87000000
THREADS: 87
COUNT PER THREAD: 1000000
SLOOPY VALUE: 1024
TIME: 2.636867
SUM: 87000000
THREADS: 87
COUNT PER THREAD: 1000000
SLOOPY VALUE: 1024
TIME: 2.480605
SUM: 87000000
THREADS: 87
COUNT PER THREAD: 1000000
SLOOPY VALUE: 1024
TIME: 2.670636
SUM: 87000000
THREADS: 87
COUNT PER THREAD: 1000000
SLOOPY VALUE: 1024
TIME: 2.191764
SUM: 87000000
THREADS: 87
COUNT PER THREAD: 1000000
SLOOPY VALUE: 1024
TIME: 2.312236
SUM: 87000000
THREADS: 87
COUNT PER THREAD: 1000000
SLOOPY VALUE: 1024
TIME: 2.379517
SUM: 87000000
THREADS: 87
COUNT PER THREAD: 1000000
SLOOPY VALUE: 1024
TIME: 2.376966
SUM: 87000000
THREADS: 87
COUNT PER THREAD: 1000000
SLOOPY VALUE: 1024
TIME: 2.676071
SUM: 87000000
THREADS: 87
COUNT PER THREAD: 1000000
SLOOPY VALUE: 1024
TIME: 2.603257
SUM: 87000000
THREADS: 88
COUNT PER THREAD: 1000000
SLOOPY VALUE: 1024
TIME: 2.086932
SUM: 88000000
THREADS: 88
COUNT PER THREAD: 1000000
SLOOPY VALUE: 1024
TIME: 2.042386
SUM: 88000000
THREADS: 88
COUNT PER THREAD: 1000000
SLOOPY VALUE: 1024
TIME: 2.051571
SUM: 88000000
THREADS: 88
COUNT PER THREAD: 1000000
SLOOPY VALUE: 1024
TIME: 2.072386
SUM: 88000000
THREADS: 88
COUNT PER THREAD: 1000000
SLOOPY VALUE: 1024
TIME: 2.043281
SUM: 88000000
THREADS: 88
COUNT PER THREAD: 1000000
SLOOPY VALUE: 1024
TIME: 2.080554
SUM: 88000000
THREADS: 88
COUNT PER THREAD: 1000000
SLOOPY VALUE: 1024
TIME: 2.079542
SUM: 88000000
THREADS: 88
COUNT PER THREAD: 1000000
SLOOPY VALUE: 1024
TIME: 2.047976
SUM: 88000000
THREADS: 88
COUNT PER THREAD: 1000000
SLOOPY VALUE: 1024
TIME: 2.079616
SUM: 88000000
THREADS: 88
COUNT PER THREAD: 1000000
SLOOPY VALUE: 1024
TIME: 2.058349
SUM: 88000000
THREADS: 89
COUNT PER THREAD: 1000000
SLOOPY VALUE: 1024
TIME: 2.458350
SUM: 89000000
THREADS: 89
COUNT PER THREAD: 1000000
SLOOPY VALUE: 1024
TIME: 2.345568
SUM: 89000000
THREADS: 89
COUNT PER THREAD: 1000000
SLOOPY VALUE: 1024
TIME: 2.341874
SUM: 89000000
THREADS: 89
COUNT PER THREAD: 1000000
SLOOPY VALUE: 1024
TIME: 2.419228
SUM: 89000000
THREADS: 89
COUNT PER THREAD: 1000000
SLOOPY VALUE: 1024
TIME: 2.392825
SUM: 89000000
THREADS: 89
COUNT PER THREAD: 1000000
SLOOPY VALUE: 1024
TIME: 2.440793
SUM: 89000000
THREADS: 89
COUNT PER THREAD: 1000000
SLOOPY VALUE: 1024
TIME: 2.413337
SUM: 89000000
THREADS: 89
COUNT PER THREAD: 1000000
SLOOPY VALUE: 1024
TIME: 2.322427
SUM: 89000000
THREADS: 89
COUNT PER THREAD: 1000000
SLOOPY VALUE: 1024
TIME: 2.261887
SUM: 89000000
THREADS: 89
COUNT PER THREAD: 1000000
SLOOPY VALUE: 1024
TIME: 2.079390
SUM: 89000000
THREADS: 90
COUNT PER THREAD: 1000000
SLOOPY VALUE: 1024
TIME: 2.364803
SUM: 90000000
THREADS: 90
COUNT PER THREAD: 1000000
SLOOPY VALUE: 1024
TIME: 2.201632
SUM: 90000000
THREADS: 90
COUNT PER THREAD: 1000000
SLOOPY VALUE: 1024
TIME: 2.183724
SUM: 90000000
THREADS: 90
COUNT PER THREAD: 1000000
SLOOPY VALUE: 1024
TIME: 2.434660
SUM: 90000000
THREADS: 90
COUNT PER THREAD: 1000000
SLOOPY VALUE: 1024
TIME: 2.461850
SUM: 90000000
THREADS: 90
COUNT PER THREAD: 1000000
SLOOPY VALUE: 1024
TIME: 2.483992
SUM: 90000000
THREADS: 90
COUNT PER THREAD: 1000000
SLOOPY VALUE: 1024
TIME: 2.496330
SUM: 90000000
THREADS: 90
COUNT PER THREAD: 1000000
SLOOPY VALUE: 1024
TIME: 2.384391
SUM: 90000000
THREADS: 90
COUNT PER THREAD: 1000000
SLOOPY VALUE: 1024
TIME: 2.145715
SUM: 90000000
THREADS: 90
COUNT PER THREAD: 1000000
SLOOPY VALUE: 1024
TIME: 2.134615
SUM: 90000000
THREADS: 91
COUNT PER THREAD: 1000000
SLOOPY VALUE: 1024
TIME: 2.166135
SUM: 91000000
THREADS: 91
COUNT PER THREAD: 1000000
SLOOPY VALUE: 1024
TIME: 2.136904
SUM: 91000000
THREADS: 91
COUNT PER THREAD: 1000000
SLOOPY VALUE: 1024
TIME: 2.184535
SUM: 91000000
THREADS: 91
COUNT PER THREAD: 1000000
SLOOPY VALUE: 1024
TIME: 2.149692
SUM: 91000000
THREADS: 91
COUNT PER THREAD: 1000000
SLOOPY VALUE: 1024
TIME: 2.166884
SUM: 91000000
THREADS: 91
COUNT PER THREAD: 1000000
SLOOPY VALUE: 1024
TIME: 2.317344
SUM: 91000000
THREADS: 91
COUNT PER THREAD: 1000000
SLOOPY VALUE: 1024
TIME: 2.410127
SUM: 91000000
THREADS: 91
COUNT PER THREAD: 1000000
SLOOPY VALUE: 1024
TIME: 2.456388
SUM: 91000000
THREADS: 91
COUNT PER THREAD: 1000000
SLOOPY VALUE: 1024
TIME: 2.268467
SUM: 91000000
THREADS: 91
COUNT PER THREAD: 1000000
SLOOPY VALUE: 1024
TIME: 2.345723
SUM: 91000000
THREADS: 92
COUNT PER THREAD: 1000000
SLOOPY VALUE: 1024
TIME: 2.336154
SUM: 92000000
THREADS: 92
COUNT PER THREAD: 1000000
SLOOPY VALUE: 1024
TIME: 2.502407
SUM: 92000000
THREADS: 92
COUNT PER THREAD: 1000000
SLOOPY VALUE: 1024
TIME: 2.329233
SUM: 92000000
THREADS: 92
COUNT PER THREAD: 1000000
SLOOPY VALUE: 1024
TIME: 2.145904
SUM: 92000000
THREADS: 92
COUNT PER THREAD: 1000000
SLOOPY VALUE: 1024
TIME: 2.248291
SUM: 92000000
THREADS: 92
COUNT PER THREAD: 1000000
SLOOPY VALUE: 1024
TIME: 2.280044
SUM: 92000000
THREADS: 92
COUNT PER THREAD: 1000000
SLOOPY VALUE: 1024
TIME: 2.358205
SUM: 92000000
THREADS: 92
COUNT PER THREAD: 1000000
SLOOPY VALUE: 1024
TIME: 2.350167
SUM: 92000000
THREADS: 92
COUNT PER THREAD: 1000000
SLOOPY VALUE: 1024
TIME: 2.383788
SUM: 92000000
THREADS: 92
COUNT PER THREAD: 1000000
SLOOPY VALUE: 1024
TIME: 2.307296
SUM: 92000000
THREADS: 93
COUNT PER THREAD: 1000000
SLOOPY VALUE: 1024
TIME: 2.248555
SUM: 93000000
THREADS: 93
COUNT PER THREAD: 1000000
SLOOPY VALUE: 1024
TIME: 2.179709
SUM: 93000000
THREADS: 93
COUNT PER THREAD: 1000000
SLOOPY VALUE: 1024
TIME: 2.240311
SUM: 93000000
THREADS: 93
COUNT PER THREAD: 1000000
SLOOPY VALUE: 1024
TIME: 2.347696
SUM: 93000000
THREADS: 93
COUNT PER THREAD: 1000000
SLOOPY VALUE: 1024
TIME: 2.167109
SUM: 93000000
THREADS: 93
COUNT PER THREAD: 1000000
SLOOPY VALUE: 1024
TIME: 2.166256
SUM: 93000000
THREADS: 93
COUNT PER THREAD: 1000000
SLOOPY VALUE: 1024
TIME: 2.173634
SUM: 93000000
THREADS: 93
COUNT PER THREAD: 1000000
SLOOPY VALUE: 1024
TIME: 2.183033
SUM: 93000000
THREADS: 93
COUNT PER THREAD: 1000000
SLOOPY VALUE: 1024
TIME: 2.163842
SUM: 93000000
THREADS: 93
COUNT PER THREAD: 1000000
SLOOPY VALUE: 1024
TIME: 2.173882
SUM: 93000000
THREADS: 94
COUNT PER THREAD: 1000000
SLOOPY VALUE: 1024
TIME: 2.237407
SUM: 94000000
THREADS: 94
COUNT PER THREAD: 1000000
SLOOPY VALUE: 1024
TIME: 2.668893
SUM: 94000000
THREADS: 94
COUNT PER THREAD: 1000000
SLOOPY VALUE: 1024
TIME: 2.600419
SUM: 94000000
THREADS: 94
COUNT PER THREAD: 1000000
SLOOPY VALUE: 1024
TIME: 2.333084
SUM: 94000000
THREADS: 94
COUNT PER THREAD: 1000000
SLOOPY VALUE: 1024
TIME: 2.711018
SUM: 94000000
THREADS: 94
COUNT PER THREAD: 1000000
SLOOPY VALUE: 1024
TIME: 2.545567
SUM: 94000000
THREADS: 94
COUNT PER THREAD: 1000000
SLOOPY VALUE: 1024
TIME: 2.455354
SUM: 94000000
THREADS: 94
COUNT PER THREAD: 1000000
SLOOPY VALUE: 1024
TIME: 2.558720
SUM: 94000000
THREADS: 94
COUNT PER THREAD: 1000000
SLOOPY VALUE: 1024
TIME: 2.522812
SUM: 94000000
THREADS: 94
COUNT PER THREAD: 1000000
SLOOPY VALUE: 1024
TIME: 2.423478
SUM: 94000000
THREADS: 95
COUNT PER THREAD: 1000000
SLOOPY VALUE: 1024
TIME: 2.434154
SUM: 95000000
THREADS: 95
COUNT PER THREAD: 1000000
SLOOPY VALUE: 1024
TIME: 2.266060
SUM: 95000000
THREADS: 95
COUNT PER THREAD: 1000000
SLOOPY VALUE: 1024
TIME: 2.296936
SUM: 95000000
THREADS: 95
COUNT PER THREAD: 1000000
SLOOPY VALUE: 1024
TIME: 2.296638
SUM: 95000000
THREADS: 95
COUNT PER THREAD: 1000000
SLOOPY VALUE: 1024
TIME: 2.307157
SUM: 95000000
THREADS: 95
COUNT PER THREAD: 1000000
SLOOPY VALUE: 1024
TIME: 2.352786
SUM: 95000000
THREADS: 95
COUNT PER THREAD: 1000000
SLOOPY VALUE: 1024
TIME: 2.487833
SUM: 95000000
THREADS: 95
COUNT PER THREAD: 1000000
SLOOPY VALUE: 1024
TIME: 2.633090
SUM: 95000000
THREADS: 95
COUNT PER THREAD: 1000000
SLOOPY VALUE: 1024
TIME: 2.493992
SUM: 95000000
THREADS: 95
COUNT PER THREAD: 1000000
SLOOPY VALUE: 1024
TIME: 2.473443
SUM: 95000000
THREADS: 96
COUNT PER THREAD: 1000000
SLOOPY VALUE: 1024
TIME: 2.371927
SUM: 96000000
THREADS: 96
COUNT PER THREAD: 1000000
SLOOPY VALUE: 1024
TIME: 2.442568
SUM: 96000000
THREADS: 96
COUNT PER THREAD: 1000000
SLOOPY VALUE: 1024
TIME: 2.384581
SUM: 96000000
THREADS: 96
COUNT PER THREAD: 1000000
SLOOPY VALUE: 1024
TIME: 2.435796
SUM: 96000000
THREADS: 96
COUNT PER THREAD: 1000000
SLOOPY VALUE: 1024
TIME: 2.490802
SUM: 96000000
THREADS: 96
COUNT PER THREAD: 1000000
SLOOPY VALUE: 1024
TIME: 2.541171
SUM: 96000000
THREADS: 96
COUNT PER THREAD: 1000000
SLOOPY VALUE: 1024
TIME: 2.435865
SUM: 96000000
THREADS: 96
COUNT PER THREAD: 1000000
SLOOPY VALUE: 1024
TIME: 2.442495
SUM: 96000000
THREADS: 96
COUNT PER THREAD: 1000000
SLOOPY VALUE: 1024
TIME: 2.601228
SUM: 96000000
THREADS: 96
COUNT PER THREAD: 1000000
SLOOPY VALUE: 1024
TIME: 2.462497
SUM: 96000000
THREADS: 97
COUNT PER THREAD: 1000000
SLOOPY VALUE: 1024
TIME: 2.844055
SUM: 97000000
THREADS: 97
COUNT PER THREAD: 1000000
SLOOPY VALUE: 1024
TIME: 2.924598
SUM: 97000000
THREADS: 97
COUNT PER THREAD: 1000000
SLOOPY VALUE: 1024
TIME: 2.851726
SUM: 97000000
THREADS: 97
COUNT PER THREAD: 1000000
SLOOPY VALUE: 1024
TIME: 2.978655
SUM: 97000000
THREADS: 97
COUNT PER THREAD: 1000000
SLOOPY VALUE: 1024
TIME: 2.450942
SUM: 97000000
THREADS: 97
COUNT PER THREAD: 1000000
SLOOPY VALUE: 1024
TIME: 2.550222
SUM: 97000000
THREADS: 97
COUNT PER THREAD: 1000000
SLOOPY VALUE: 1024
TIME: 2.491658
SUM: 97000000
THREADS: 97
COUNT PER THREAD: 1000000
SLOOPY VALUE: 1024
TIME: 2.465939
SUM: 97000000
THREADS: 97
COUNT PER THREAD: 1000000
SLOOPY VALUE: 1024
TIME: 2.485199
SUM: 97000000
THREADS: 97
COUNT PER THREAD: 1000000
SLOOPY VALUE: 1024
TIME: 2.447380
SUM: 97000000
THREADS: 98
COUNT PER THREAD: 1000000
SLOOPY VALUE: 1024
TIME: 2.498215
SUM: 98000000
THREADS: 98
COUNT PER THREAD: 1000000
SLOOPY VALUE: 1024
TIME: 2.469935
SUM: 98000000
THREADS: 98
COUNT PER THREAD: 1000000
SLOOPY VALUE: 1024
TIME: 2.353194
SUM: 98000000
THREADS: 98
COUNT PER THREAD: 1000000
SLOOPY VALUE: 1024
TIME: 2.484474
SUM: 98000000
THREADS: 98
COUNT PER THREAD: 1000000
SLOOPY VALUE: 1024
TIME: 2.532426
SUM: 98000000
THREADS: 98
COUNT PER THREAD: 1000000
SLOOPY VALUE: 1024
TIME: 2.384126
SUM: 98000000
THREADS: 98
COUNT PER THREAD: 1000000
SLOOPY VALUE: 1024
TIME: 2.401676
SUM: 98000000
THREADS: 98
COUNT PER THREAD: 1000000
SLOOPY VALUE: 1024
TIME: 2.469633
SUM: 98000000
THREADS: 98
COUNT PER THREAD: 1000000
SLOOPY VALUE: 1024
TIME: 2.505934
SUM: 98000000
THREADS: 98
COUNT PER THREAD: 1000000
SLOOPY VALUE: 1024
TIME: 2.410496
SUM: 98000000
THREADS: 99
COUNT PER THREAD: 1000000
SLOOPY VALUE: 1024
TIME: 2.664700
SUM: 99000000
THREADS: 99
COUNT PER THREAD: 1000000
SLOOPY VALUE: 1024
TIME: 2.661215
SUM: 99000000
THREADS: 99
COUNT PER THREAD: 1000000
SLOOPY VALUE: 1024
TIME: 2.514241
SUM: 99000000
THREADS: 99
COUNT PER THREAD: 1000000
SLOOPY VALUE: 1024
TIME: 2.543313
SUM: 99000000
THREADS: 99
COUNT PER THREAD: 1000000
SLOOPY VALUE: 1024
TIME: 2.483130
SUM: 99000000
THREADS: 99
COUNT PER THREAD: 1000000
SLOOPY VALUE: 1024
TIME: 2.522309
SUM: 99000000
THREADS: 99
COUNT PER THREAD: 1000000
SLOOPY VALUE: 1024
TIME: 2.631015
SUM: 99000000
THREADS: 99
COUNT PER THREAD: 1000000
SLOOPY VALUE: 1024
TIME: 2.543126
SUM: 99000000
THREADS: 99
COUNT PER THREAD: 1000000
SLOOPY VALUE: 1024
TIME: 2.596654
SUM: 99000000
THREADS: 99
COUNT PER THREAD: 1000000
SLOOPY VALUE: 1024
TIME: 2.616467
SUM: 99000000
THREADS: 100
COUNT PER THREAD: 1000000
SLOOPY VALUE: 1024
TIME: 2.655726
SUM: 100000000
THREADS: 100
COUNT PER THREAD: 1000000
SLOOPY VALUE: 1024
TIME: 2.579397
SUM: 100000000
THREADS: 100
COUNT PER THREAD: 1000000
SLOOPY VALUE: 1024
TIME: 2.515912
SUM: 100000000
THREADS: 100
COUNT PER THREAD: 1000000
SLOOPY VALUE: 1024
TIME: 2.496958
SUM: 100000000
THREADS: 100
COUNT PER THREAD: 1000000
SLOOPY VALUE: 1024
TIME: 2.492897
SUM: 100000000
THREADS: 100
COUNT PER THREAD: 1000000
SLOOPY VALUE: 1024
TIME: 2.563893
SUM: 100000000
THREADS: 100
COUNT PER THREAD: 1000000
SLOOPY VALUE: 1024
TIME: 2.584124
SUM: 100000000
THREADS: 100
COUNT PER THREAD: 1000000
SLOOPY VALUE: 1024
TIME: 2.561530
SUM: 100000000
THREADS: 100
COUNT PER THREAD: 1000000
SLOOPY VALUE: 1024
TIME: 2.513309
SUM: 100000000
THREADS: 100
COUNT PER THREAD: 1000000
SLOOPY VALUE: 1024
TIME: 2.546536
SUM: 100000000
