THREADS: 1
COUNT PER THREAD: 1000000
SLOOPY VALUE: 256
TIME: 0.024772
SUM: 1000000
THREADS: 1
COUNT PER THREAD: 1000000
SLOOPY VALUE: 256
TIME: 0.051992
SUM: 1000000
THREADS: 1
COUNT PER THREAD: 1000000
SLOOPY VALUE: 256
TIME: 0.025671
SUM: 1000000
THREADS: 1
COUNT PER THREAD: 1000000
SLOOPY VALUE: 256
TIME: 0.025150
SUM: 1000000
THREADS: 1
COUNT PER THREAD: 1000000
SLOOPY VALUE: 256
TIME: 0.029248
SUM: 1000000
THREADS: 1
COUNT PER THREAD: 1000000
SLOOPY VALUE: 256
TIME: 0.042270
SUM: 1000000
THREADS: 1
COUNT PER THREAD: 1000000
SLOOPY VALUE: 256
TIME: 0.025431
SUM: 1000000
THREADS: 1
COUNT PER THREAD: 1000000
SLOOPY VALUE: 256
TIME: 0.028508
SUM: 1000000
THREADS: 1
COUNT PER THREAD: 1000000
SLOOPY VALUE: 256
TIME: 0.025832
SUM: 1000000
THREADS: 1
COUNT PER THREAD: 1000000
SLOOPY VALUE: 256
TIME: 0.041646
SUM: 1000000
THREADS: 2
COUNT PER THREAD: 1000000
SLOOPY VALUE: 256
TIME: 0.055793
SUM: 2000000
THREADS: 2
COUNT PER THREAD: 1000000
SLOOPY VALUE: 256
TIME: 0.077230
SUM: 2000000
THREADS: 2
COUNT PER THREAD: 1000000
SLOOPY VALUE: 256
TIME: 0.065076
SUM: 2000000
THREADS: 2
COUNT PER THREAD: 1000000
SLOOPY VALUE: 256
TIME: 0.085675
SUM: 2000000
THREADS: 2
COUNT PER THREAD: 1000000
SLOOPY VALUE: 256
TIME: 0.066111
SUM: 2000000
THREADS: 2
COUNT PER THREAD: 1000000
SLOOPY VALUE: 256
TIME: 0.085010
SUM: 2000000
THREADS: 2
COUNT PER THREAD: 1000000
SLOOPY VALUE: 256
TIME: 0.058271
SUM: 2000000
THREADS: 2
COUNT PER THREAD: 1000000
SLOOPY VALUE: 256
TIME: 0.075450
SUM: 2000000
THREADS: 2
COUNT PER THREAD: 1000000
SLOOPY VALUE: 256
TIME: 0.049671
SUM: 2000000
THREADS: 2
COUNT PER THREAD: 1000000
SLOOPY VALUE: 256
TIME: 0.047798
SUM: 2000000
THREADS: 3
COUNT PER THREAD: 1000000
SLOOPY VALUE: 256
TIME: 0.074263
SUM: 3000000
THREADS: 3
COUNT PER THREAD: 1000000
SLOOPY VALUE: 256
TIME: 0.083553
SUM: 3000000
THREADS: 3
COUNT PER THREAD: 1000000
SLOOPY VALUE: 256
TIME: 0.072784
SUM: 3000000
THREADS: 3
COUNT PER THREAD: 1000000
SLOOPY VALUE: 256
TIME: 0.086428
SUM: 3000000
THREADS: 3
COUNT PER THREAD: 1000000
SLOOPY VALUE: 256
TIME: 0.069790
SUM: 3000000
THREADS: 3
COUNT PER THREAD: 1000000
SLOOPY VALUE: 256
TIME: 0.086147
SUM: 3000000
THREADS: 3
COUNT PER THREAD: 1000000
SLOOPY VALUE: 256
TIME: 0.074075
SUM: 3000000
THREADS: 3
COUNT PER THREAD: 1000000
SLOOPY VALUE: 256
TIME: 0.083015
SUM: 3000000
THREADS: 3
COUNT PER THREAD: 1000000
SLOOPY VALUE: 256
TIME: 0.069033
SUM: 3000000
THREADS: 3
COUNT PER THREAD: 1000000
SLOOPY VALUE: 256
TIME: 0.083291
SUM: 3000000
THREADS: 4
COUNT PER THREAD: 1000000
SLOOPY VALUE: 256
TIME: 0.109983
SUM: 4000000
THREADS: 4
COUNT PER THREAD: 1000000
SLOOPY VALUE: 256
TIME: 0.119985
SUM: 4000000
THREADS: 4
COUNT PER THREAD: 1000000
SLOOPY VALUE: 256
TIME: 0.094627
SUM: 4000000
THREADS: 4
COUNT PER THREAD: 1000000
SLOOPY VALUE: 256
TIME: 0.112895
SUM: 4000000
THREADS: 4
COUNT PER THREAD: 1000000
SLOOPY VALUE: 256
TIME: 0.125428
SUM: 4000000
THREADS: 4
COUNT PER THREAD: 1000000
SLOOPY VALUE: 256
TIME: 0.132399
SUM: 4000000
THREADS: 4
COUNT PER THREAD: 1000000
SLOOPY VALUE: 256
TIME: 0.123430
SUM: 4000000
THREADS: 4
COUNT PER THREAD: 1000000
SLOOPY VALUE: 256
TIME: 0.150736
SUM: 4000000
THREADS: 4
COUNT PER THREAD: 1000000
SLOOPY VALUE: 256
TIME: 0.148661
SUM: 4000000
THREADS: 4
COUNT PER THREAD: 1000000
SLOOPY VALUE: 256
TIME: 0.140521
SUM: 4000000
THREADS: 5
COUNT PER THREAD: 1000000
SLOOPY VALUE: 256
TIME: 0.166531
SUM: 5000000
THREADS: 5
COUNT PER THREAD: 1000000
SLOOPY VALUE: 256
TIME: 0.166701
SUM: 5000000
THREADS: 5
COUNT PER THREAD: 1000000
SLOOPY VALUE: 256
TIME: 0.156104
SUM: 5000000
THREADS: 5
COUNT PER THREAD: 1000000
SLOOPY VALUE: 256
TIME: 0.165932
SUM: 5000000
THREADS: 5
COUNT PER THREAD: 1000000
SLOOPY VALUE: 256
TIME: 0.186857
SUM: 5000000
THREADS: 5
COUNT PER THREAD: 1000000
SLOOPY VALUE: 256
TIME: 0.302045
SUM: 5000000
THREADS: 5
COUNT PER THREAD: 1000000
SLOOPY VALUE: 256
TIME: 0.159053
SUM: 5000000
THREADS: 5
COUNT PER THREAD: 1000000
SLOOPY VALUE: 256
TIME: 0.167636
SUM: 5000000
THREADS: 5
COUNT PER THREAD: 1000000
SLOOPY VALUE: 256
TIME: 0.152482
SUM: 5000000
THREADS: 5
COUNT PER THREAD: 1000000
SLOOPY VALUE: 256
TIME: 0.158218
SUM: 5000000
THREADS: 6
COUNT PER THREAD: 1000000
SLOOPY VALUE: 256
TIME: 0.161481
SUM: 6000000
THREADS: 6
COUNT PER THREAD: 1000000
SLOOPY VALUE: 256
TIME: 0.159689
SUM: 6000000
THREADS: 6
COUNT PER THREAD: 1000000
SLOOPY VALUE: 256
TIME: 0.163637
SUM: 6000000
THREADS: 6
COUNT PER THREAD: 1000000
SLOOPY VALUE: 256
TIME: 0.163655
SUM: 6000000
THREADS: 6
COUNT PER THREAD: 1000000
SLOOPY VALUE: 256
TIME: 0.164541
SUM: 6000000
THREADS: 6
COUNT PER THREAD: 1000000
SLOOPY VALUE: 256
TIME: 0.163496
SUM: 6000000
THREADS: 6
COUNT PER THREAD: 1000000
SLOOPY VALUE: 256
TIME: 0.167130
SUM: 6000000
THREADS: 6
COUNT PER THREAD: 1000000
SLOOPY VALUE: 256
TIME: 0.160323
SUM: 6000000
THREADS: 6
COUNT PER THREAD: 1000000
SLOOPY VALUE: 256
TIME: 0.167130
SUM: 6000000
THREADS: 6
COUNT PER THREAD: 1000000
SLOOPY VALUE: 256
TIME: 0.158635
SUM: 6000000
THREADS: 7
COUNT PER THREAD: 1000000
SLOOPY VALUE: 256
TIME: 0.180596
SUM: 7000000
THREADS: 7
COUNT PER THREAD: 1000000
SLOOPY VALUE: 256
TIME: 0.181487
SUM: 7000000
THREADS: 7
COUNT PER THREAD: 1000000
SLOOPY VALUE: 256
TIME: 0.178970
SUM: 7000000
THREADS: 7
COUNT PER THREAD: 1000000
SLOOPY VALUE: 256
TIME: 0.180289
SUM: 7000000
THREADS: 7
COUNT PER THREAD: 1000000
SLOOPY VALUE: 256
TIME: 0.179088
SUM: 7000000
THREADS: 7
COUNT PER THREAD: 1000000
SLOOPY VALUE: 256
TIME: 0.179211
SUM: 7000000
THREADS: 7
COUNT PER THREAD: 1000000
SLOOPY VALUE: 256
TIME: 0.179275
SUM: 7000000
THREADS: 7
COUNT PER THREAD: 1000000
SLOOPY VALUE: 256
TIME: 0.179838
SUM: 7000000
THREADS: 7
COUNT PER THREAD: 1000000
SLOOPY VALUE: 256
TIME: 0.183319
SUM: 7000000
THREADS: 7
COUNT PER THREAD: 1000000
SLOOPY VALUE: 256
TIME: 0.186327
SUM: 7000000
THREADS: 8
COUNT PER THREAD: 1000000
SLOOPY VALUE: 256
TIME: 0.270237
SUM: 8000000
THREADS: 8
COUNT PER THREAD: 1000000
SLOOPY VALUE: 256
TIME: 0.267887
SUM: 8000000
THREADS: 8
COUNT PER THREAD: 1000000
SLOOPY VALUE: 256
TIME: 0.262586
SUM: 8000000
THREADS: 8
COUNT PER THREAD: 1000000
SLOOPY VALUE: 256
TIME: 0.269011
SUM: 8000000
THREADS: 8
COUNT PER THREAD: 1000000
SLOOPY VALUE: 256
TIME: 0.256999
SUM: 8000000
THREADS: 8
COUNT PER THREAD: 1000000
SLOOPY VALUE: 256
TIME: 0.258895
SUM: 8000000
THREADS: 8
COUNT PER THREAD: 1000000
SLOOPY VALUE: 256
TIME: 0.234706
SUM: 8000000
THREADS: 8
COUNT PER THREAD: 1000000
SLOOPY VALUE: 256
TIME: 0.226212
SUM: 8000000
THREADS: 8
COUNT PER THREAD: 1000000
SLOOPY VALUE: 256
TIME: 0.245765
SUM: 8000000
THREADS: 8
COUNT PER THREAD: 1000000
SLOOPY VALUE: 256
TIME: 0.218163
SUM: 8000000
THREADS: 9
COUNT PER THREAD: 1000000
SLOOPY VALUE: 256
TIME: 0.255331
SUM: 9000000
THREADS: 9
COUNT PER THREAD: 1000000
SLOOPY VALUE: 256
TIME: 0.259472
SUM: 9000000
THREADS: 9
COUNT PER THREAD: 1000000
SLOOPY VALUE: 256
TIME: 0.261139
SUM: 9000000
THREADS: 9
COUNT PER THREAD: 1000000
SLOOPY VALUE: 256
TIME: 0.250489
SUM: 9000000
THREADS: 9
COUNT PER THREAD: 1000000
SLOOPY VALUE: 256
TIME: 0.264406
SUM: 9000000
THREADS: 9
COUNT PER THREAD: 1000000
SLOOPY VALUE: 256
TIME: 0.277439
SUM: 9000000
THREADS: 9
COUNT PER THREAD: 1000000
SLOOPY VALUE: 256
TIME: 0.287438
SUM: 9000000
THREADS: 9
COUNT PER THREAD: 1000000
SLOOPY VALUE: 256
TIME: 0.276667
SUM: 9000000
THREADS: 9
COUNT PER THREAD: 1000000
SLOOPY VALUE: 256
TIME: 0.256384
SUM: 9000000
THREADS: 9
COUNT PER THREAD: 1000000
SLOOPY VALUE: 256
TIME: 0.261289
SUM: 9000000
THREADS: 10
COUNT PER THREAD: 1000000
SLOOPY VALUE: 256
TIME: 0.295010
SUM: 10000000
THREADS: 10
COUNT PER THREAD: 1000000
SLOOPY VALUE: 256
TIME: 0.275430
SUM: 10000000
THREADS: 10
COUNT PER THREAD: 1000000
SLOOPY VALUE: 256
TIME: 0.298970
SUM: 10000000
THREADS: 10
COUNT PER THREAD: 1000000
SLOOPY VALUE: 256
TIME: 0.362328
SUM: 10000000
THREADS: 10
COUNT PER THREAD: 1000000
SLOOPY VALUE: 256
TIME: 0.375147
SUM: 10000000
THREADS: 10
COUNT PER THREAD: 1000000
SLOOPY VALUE: 256
TIME: 0.334386
SUM: 10000000
THREADS: 10
COUNT PER THREAD: 1000000
SLOOPY VALUE: 256
TIME: 0.294812
SUM: 10000000
THREADS: 10
COUNT PER THREAD: 1000000
SLOOPY VALUE: 256
TIME: 0.323460
SUM: 10000000
THREADS: 10
COUNT PER THREAD: 1000000
SLOOPY VALUE: 256
TIME: 0.316468
SUM: 10000000
THREADS: 10
COUNT PER THREAD: 1000000
SLOOPY VALUE: 256
TIME: 0.306345
SUM: 10000000
THREADS: 11
COUNT PER THREAD: 1000000
SLOOPY VALUE: 256
TIME: 0.320473
SUM: 11000000
THREADS: 11
COUNT PER THREAD: 1000000
SLOOPY VALUE: 256
TIME: 0.359232
SUM: 11000000
THREADS: 11
COUNT PER THREAD: 1000000
SLOOPY VALUE: 256
TIME: 0.349470
SUM: 11000000
THREADS: 11
COUNT PER THREAD: 1000000
SLOOPY VALUE: 256
TIME: 0.385410
SUM: 11000000
THREADS: 11
COUNT PER THREAD: 1000000
SLOOPY VALUE: 256
TIME: 0.407687
SUM: 11000000
THREADS: 11
COUNT PER THREAD: 1000000
SLOOPY VALUE: 256
TIME: 0.412432
SUM: 11000000
THREADS: 11
COUNT PER THREAD: 1000000
SLOOPY VALUE: 256
TIME: 0.350257
SUM: 11000000
THREADS: 11
COUNT PER THREAD: 1000000
SLOOPY VALUE: 256
TIME: 0.328585
SUM: 11000000
THREADS: 11
COUNT PER THREAD: 1000000
SLOOPY VALUE: 256
TIME: 0.341820
SUM: 11000000
THREADS: 11
COUNT PER THREAD: 1000000
SLOOPY VALUE: 256
TIME: 0.329410
SUM: 11000000
THREADS: 12
COUNT PER THREAD: 1000000
SLOOPY VALUE: 256
TIME: 0.423997
SUM: 12000000
THREADS: 12
COUNT PER THREAD: 1000000
SLOOPY VALUE: 256
TIME: 0.344351
SUM: 12000000
THREADS: 12
COUNT PER THREAD: 1000000
SLOOPY VALUE: 256
TIME: 0.374493
SUM: 12000000
THREADS: 12
COUNT PER THREAD: 1000000
SLOOPY VALUE: 256
TIME: 0.419822
SUM: 12000000
THREADS: 12
COUNT PER THREAD: 1000000
SLOOPY VALUE: 256
TIME: 0.408180
SUM: 12000000
THREADS: 12
COUNT PER THREAD: 1000000
SLOOPY VALUE: 256
TIME: 0.367692
SUM: 12000000
THREADS: 12
COUNT PER THREAD: 1000000
SLOOPY VALUE: 256
TIME: 0.348398
SUM: 12000000
THREADS: 12
COUNT PER THREAD: 1000000
SLOOPY VALUE: 256
TIME: 0.349271
SUM: 12000000
THREADS: 12
COUNT PER THREAD: 1000000
SLOOPY VALUE: 256
TIME: 0.330798
SUM: 12000000
THREADS: 12
COUNT PER THREAD: 1000000
SLOOPY VALUE: 256
TIME: 0.375026
SUM: 12000000
THREADS: 13
COUNT PER THREAD: 1000000
SLOOPY VALUE: 256
TIME: 0.366489
SUM: 13000000
THREADS: 13
COUNT PER THREAD: 1000000
SLOOPY VALUE: 256
TIME: 0.355447
SUM: 13000000
THREADS: 13
COUNT PER THREAD: 1000000
SLOOPY VALUE: 256
TIME: 0.360284
SUM: 13000000
THREADS: 13
COUNT PER THREAD: 1000000
SLOOPY VALUE: 256
TIME: 0.371051
SUM: 13000000
THREADS: 13
COUNT PER THREAD: 1000000
SLOOPY VALUE: 256
TIME: 0.375525
SUM: 13000000
THREADS: 13
COUNT PER THREAD: 1000000
SLOOPY VALUE: 256
TIME: 0.370775
SUM: 13000000
THREADS: 13
COUNT PER THREAD: 1000000
SLOOPY VALUE: 256
TIME: 0.374779
SUM: 13000000
THREADS: 13
COUNT PER THREAD: 1000000
SLOOPY VALUE: 256
TIME: 0.366474
SUM: 13000000
THREADS: 13
COUNT PER THREAD: 1000000
SLOOPY VALUE: 256
TIME: 0.362742
SUM: 13000000
THREADS: 13
COUNT PER THREAD: 1000000
SLOOPY VALUE: 256
TIME: 0.354747
SUM: 13000000
THREADS: 14
COUNT PER THREAD: 1000000
SLOOPY VALUE: 256
TIME: 0.402071
SUM: 14000000
THREADS: 14
COUNT PER THREAD: 1000000
SLOOPY VALUE: 256
TIME: 0.378277
SUM: 14000000
THREADS: 14
COUNT PER THREAD: 1000000
SLOOPY VALUE: 256
TIME: 0.385875
SUM: 14000000
THREADS: 14
COUNT PER THREAD: 1000000
SLOOPY VALUE: 256
TIME: 0.391549
SUM: 14000000
THREADS: 14
COUNT PER THREAD: 1000000
SLOOPY VALUE: 256
TIME: 0.399936
SUM: 14000000
THREADS: 14
COUNT PER THREAD: 1000000
SLOOPY VALUE: 256
TIME: 0.399822
SUM: 14000000
THREADS: 14
COUNT PER THREAD: 1000000
SLOOPY VALUE: 256
TIME: 0.405236
SUM: 14000000
THREADS: 14
COUNT PER THREAD: 1000000
SLOOPY VALUE: 256
TIME: 0.390319
SUM: 14000000
THREADS: 14
COUNT PER THREAD: 1000000
SLOOPY VALUE: 256
TIME: 0.379066
SUM: 14000000
THREADS: 14
COUNT PER THREAD: 1000000
SLOOPY VALUE: 256
TIME: 0.390232
SUM: 14000000
THREADS: 15
COUNT PER THREAD: 1000000
SLOOPY VALUE: 256
TIME: 0.448616
SUM: 15000000
THREADS: 15
COUNT PER THREAD: 1000000
SLOOPY VALUE: 256
TIME: 0.452233
SUM: 15000000
THREADS: 15
COUNT PER THREAD: 1000000
SLOOPY VALUE: 256
TIME: 0.453177
SUM: 15000000
THREADS: 15
COUNT PER THREAD: 1000000
SLOOPY VALUE: 256
TIME: 0.437066
SUM: 15000000
THREADS: 15
COUNT PER THREAD: 1000000
SLOOPY VALUE: 256
TIME: 0.425257
SUM: 15000000
THREADS: 15
COUNT PER THREAD: 1000000
SLOOPY VALUE: 256
TIME: 0.442722
SUM: 15000000
THREADS: 15
COUNT PER THREAD: 1000000
SLOOPY VALUE: 256
TIME: 0.392038
SUM: 15000000
THREADS: 15
COUNT PER THREAD: 1000000
SLOOPY VALUE: 256
TIME: 0.387956
SUM: 15000000
THREADS: 15
COUNT PER THREAD: 1000000
SLOOPY VALUE: 256
TIME: 0.441941
SUM: 15000000
THREADS: 15
COUNT PER THREAD: 1000000
SLOOPY VALUE: 256
TIME: 0.421006
SUM: 15000000
THREADS: 16
COUNT PER THREAD: 1000000
SLOOPY VALUE: 256
TIME: 0.442622
SUM: 16000000
THREADS: 16
COUNT PER THREAD: 1000000
SLOOPY VALUE: 256
TIME: 0.453379
SUM: 16000000
THREADS: 16
COUNT PER THREAD: 1000000
SLOOPY VALUE: 256
TIME: 0.433930
SUM: 16000000
THREADS: 16
COUNT PER THREAD: 1000000
SLOOPY VALUE: 256
TIME: 0.455296
SUM: 16000000
THREADS: 16
COUNT PER THREAD: 1000000
SLOOPY VALUE: 256
TIME: 0.444106
SUM: 16000000
THREADS: 16
COUNT PER THREAD: 1000000
SLOOPY VALUE: 256
TIME: 0.454865
SUM: 16000000
THREADS: 16
COUNT PER THREAD: 1000000
SLOOPY VALUE: 256
TIME: 0.474979
SUM: 16000000
THREADS: 16
COUNT PER THREAD: 1000000
SLOOPY VALUE: 256
TIME: 0.447602
SUM: 16000000
THREADS: 16
COUNT PER THREAD: 1000000
SLOOPY VALUE: 256
TIME: 0.418412
SUM: 16000000
THREADS: 16
COUNT PER THREAD: 1000000
SLOOPY VALUE: 256
TIME: 0.396527
SUM: 16000000
THREADS: 17
COUNT PER THREAD: 1000000
SLOOPY VALUE: 256
TIME: 0.414934
SUM: 17000000
THREADS: 17
COUNT PER THREAD: 1000000
SLOOPY VALUE: 256
TIME: 0.421582
SUM: 17000000
THREADS: 17
COUNT PER THREAD: 1000000
SLOOPY VALUE: 256
TIME: 0.418351
SUM: 17000000
THREADS: 17
COUNT PER THREAD: 1000000
SLOOPY VALUE: 256
TIME: 0.468819
SUM: 17000000
THREADS: 17
COUNT PER THREAD: 1000000
SLOOPY VALUE: 256
TIME: 0.447359
SUM: 17000000
THREADS: 17
COUNT PER THREAD: 1000000
SLOOPY VALUE: 256
TIME: 0.423087
SUM: 17000000
THREADS: 17
COUNT PER THREAD: 1000000
SLOOPY VALUE: 256
TIME: 0.418942
SUM: 17000000
THREADS: 17
COUNT PER THREAD: 1000000
SLOOPY VALUE: 256
TIME: 0.461561
SUM: 17000000
THREADS: 17
COUNT PER THREAD: 1000000
SLOOPY VALUE: 256
TIME: 0.481233
SUM: 17000000
THREADS: 17
COUNT PER THREAD: 1000000
SLOOPY VALUE: 256
TIME: 0.500393
SUM: 17000000
THREADS: 18
COUNT PER THREAD: 1000000
SLOOPY VALUE: 256
TIME: 0.502196
SUM: 18000000
THREADS: 18
COUNT PER THREAD: 1000000
SLOOPY VALUE: 256
TIME: 0.505442
SUM: 18000000
THREADS: 18
COUNT PER THREAD: 1000000
SLOOPY VALUE: 256
TIME: 0.507046
SUM: 18000000
THREADS: 18
COUNT PER THREAD: 1000000
SLOOPY VALUE: 256
TIME: 0.541630
SUM: 18000000
THREADS: 18
COUNT PER THREAD: 1000000
SLOOPY VALUE: 256
TIME: 0.537233
SUM: 18000000
THREADS: 18
COUNT PER THREAD: 1000000
SLOOPY VALUE: 256
TIME: 0.534068
SUM: 18000000
THREADS: 18
COUNT PER THREAD: 1000000
SLOOPY VALUE: 256
TIME: 0.545839
SUM: 18000000
THREADS: 18
COUNT PER THREAD: 1000000
SLOOPY VALUE: 256
TIME: 0.546171
SUM: 18000000
THREADS: 18
COUNT PER THREAD: 1000000
SLOOPY VALUE: 256
TIME: 0.548344
SUM: 18000000
THREADS: 18
COUNT PER THREAD: 1000000
SLOOPY VALUE: 256
TIME: 0.543886
SUM: 18000000
THREADS: 19
COUNT PER THREAD: 1000000
SLOOPY VALUE: 256
TIME: 0.563816
SUM: 19000000
THREADS: 19
COUNT PER THREAD: 1000000
SLOOPY VALUE: 256
TIME: 0.558042
SUM: 19000000
THREADS: 19
COUNT PER THREAD: 1000000
SLOOPY VALUE: 256
TIME: 0.566129
SUM: 19000000
THREADS: 19
COUNT PER THREAD: 1000000
SLOOPY VALUE: 256
TIME: 0.572877
SUM: 19000000
THREADS: 19
COUNT PER THREAD: 1000000
SLOOPY VALUE: 256
TIME: 0.526887
SUM: 19000000
THREADS: 19
COUNT PER THREAD: 1000000
SLOOPY VALUE: 256
TIME: 0.530302
SUM: 19000000
THREADS: 19
COUNT PER THREAD: 1000000
SLOOPY VALUE: 256
TIME: 0.533710
SUM: 19000000
THREADS: 19
COUNT PER THREAD: 1000000
SLOOPY VALUE: 256
TIME: 0.586435
SUM: 19000000
THREADS: 19
COUNT PER THREAD: 1000000
SLOOPY VALUE: 256
TIME: 0.562269
SUM: 19000000
THREADS: 19
COUNT PER THREAD: 1000000
SLOOPY VALUE: 256
TIME: 0.518629
SUM: 19000000
THREADS: 20
COUNT PER THREAD: 1000000
SLOOPY VALUE: 256
TIME: 0.592229
SUM: 20000000
THREADS: 20
COUNT PER THREAD: 1000000
SLOOPY VALUE: 256
TIME: 0.553289
SUM: 20000000
THREADS: 20
COUNT PER THREAD: 1000000
SLOOPY VALUE: 256
TIME: 0.568218
SUM: 20000000
THREADS: 20
COUNT PER THREAD: 1000000
SLOOPY VALUE: 256
TIME: 0.569937
SUM: 20000000
THREADS: 20
COUNT PER THREAD: 1000000
SLOOPY VALUE: 256
TIME: 0.558145
SUM: 20000000
THREADS: 20
COUNT PER THREAD: 1000000
SLOOPY VALUE: 256
TIME: 0.572681
SUM: 20000000
THREADS: 20
COUNT PER THREAD: 1000000
SLOOPY VALUE: 256
TIME: 0.591409
SUM: 20000000
THREADS: 20
COUNT PER THREAD: 1000000
SLOOPY VALUE: 256
TIME: 0.584433
SUM: 20000000
THREADS: 20
COUNT PER THREAD: 1000000
SLOOPY VALUE: 256
TIME: 0.549147
SUM: 20000000
THREADS: 20
COUNT PER THREAD: 1000000
SLOOPY VALUE: 256
TIME: 0.558782
SUM: 20000000
THREADS: 21
COUNT PER THREAD: 1000000
SLOOPY VALUE: 256
TIME: 0.562660
SUM: 21000000
THREADS: 21
COUNT PER THREAD: 1000000
SLOOPY VALUE: 256
TIME: 0.577864
SUM: 21000000
THREADS: 21
COUNT PER THREAD: 1000000
SLOOPY VALUE: 256
TIME: 0.581020
SUM: 21000000
THREADS: 21
COUNT PER THREAD: 1000000
SLOOPY VALUE: 256
TIME: 0.593615
SUM: 21000000
THREADS: 21
COUNT PER THREAD: 1000000
SLOOPY VALUE: 256
TIME: 0.566577
SUM: 21000000
THREADS: 21
COUNT PER THREAD: 1000000
SLOOPY VALUE: 256
TIME: 0.563703
SUM: 21000000
THREADS: 21
COUNT PER THREAD: 1000000
SLOOPY VALUE: 256
TIME: 0.583513
SUM: 21000000
THREADS: 21
COUNT PER THREAD: 1000000
SLOOPY VALUE: 256
TIME: 0.577553
SUM: 21000000
THREADS: 21
COUNT PER THREAD: 1000000
SLOOPY VALUE: 256
TIME: 0.604180
SUM: 21000000
THREADS: 21
COUNT PER THREAD: 1000000
SLOOPY VALUE: 256
TIME: 0.563446
SUM: 21000000
THREADS: 22
COUNT PER THREAD: 1000000
SLOOPY VALUE: 256
TIME: 0.526858
SUM: 22000000
THREADS: 22
COUNT PER THREAD: 1000000
SLOOPY VALUE: 256
TIME: 0.525959
SUM: 22000000
THREADS: 22
COUNT PER THREAD: 1000000
SLOOPY VALUE: 256
TIME: 0.524709
SUM: 22000000
THREADS: 22
COUNT PER THREAD: 1000000
SLOOPY VALUE: 256
TIME: 0.526119
SUM: 22000000
THREADS: 22
COUNT PER THREAD: 1000000
SLOOPY VALUE: 256
TIME: 0.530033
SUM: 22000000
THREADS: 22
COUNT PER THREAD: 1000000
SLOOPY VALUE: 256
TIME: 0.553087
SUM: 22000000
THREADS: 22
COUNT PER THREAD: 1000000
SLOOPY VALUE: 256
TIME: 0.526979
SUM: 22000000
THREADS: 22
COUNT PER THREAD: 1000000
SLOOPY VALUE: 256
TIME: 0.530042
SUM: 22000000
THREADS: 22
COUNT PER THREAD: 1000000
SLOOPY VALUE: 256
TIME: 0.537813
SUM: 22000000
THREADS: 22
COUNT PER THREAD: 1000000
SLOOPY VALUE: 256
TIME: 0.533277
SUM: 22000000
THREADS: 23
COUNT PER THREAD: 1000000
SLOOPY VALUE: 256
TIME: 0.561129
SUM: 23000000
THREADS: 23
COUNT PER THREAD: 1000000
SLOOPY VALUE: 256
TIME: 0.567541
SUM: 23000000
THREADS: 23
COUNT PER THREAD: 1000000
SLOOPY VALUE: 256
TIME: 0.561120
SUM: 23000000
THREADS: 23
COUNT PER THREAD: 1000000
SLOOPY VALUE: 256
TIME: 0.566907
SUM: 23000000
THREADS: 23
COUNT PER THREAD: 1000000
SLOOPY VALUE: 256
TIME: 0.559501
SUM: 23000000
THREADS: 23
COUNT PER THREAD: 1000000
SLOOPY VALUE: 256
TIME: 0.565825
SUM: 23000000
THREADS: 23
COUNT PER THREAD: 1000000
SLOOPY VALUE: 256
TIME: 0.590434
SUM: 23000000
THREADS: 23
COUNT PER THREAD: 1000000
SLOOPY VALUE: 256
TIME: 0.573435
SUM: 23000000
THREADS: 23
COUNT PER THREAD: 1000000
SLOOPY VALUE: 256
TIME: 0.569043
SUM: 23000000
THREADS: 23
COUNT PER THREAD: 1000000
SLOOPY VALUE: 256
TIME: 0.568868
SUM: 23000000
THREADS: 24
COUNT PER THREAD: 1000000
SLOOPY VALUE: 256
TIME: 0.571002
SUM: 24000000
THREADS: 24
COUNT PER THREAD: 1000000
SLOOPY VALUE: 256
TIME: 0.577344
SUM: 24000000
THREADS: 24
COUNT PER THREAD: 1000000
SLOOPY VALUE: 256
TIME: 0.583011
SUM: 24000000
THREADS: 24
COUNT PER THREAD: 1000000
SLOOPY VALUE: 256
TIME: 0.581236
SUM: 24000000
THREADS: 24
COUNT PER THREAD: 1000000
SLOOPY VALUE: 256
TIME: 0.575958
SUM: 24000000
THREADS: 24
COUNT PER THREAD: 1000000
SLOOPY VALUE: 256
TIME: 0.578039
SUM: 24000000
THREADS: 24
COUNT PER THREAD: 1000000
SLOOPY VALUE: 256
TIME: 0.575998
SUM: 24000000
THREADS: 24
COUNT PER THREAD: 1000000
SLOOPY VALUE: 256
TIME: 0.600098
SUM: 24000000
THREADS: 24
COUNT PER THREAD: 1000000
SLOOPY VALUE: 256
TIME: 0.584688
SUM: 24000000
THREADS: 24
COUNT PER THREAD: 1000000
SLOOPY VALUE: 256
TIME: 0.575695
SUM: 24000000
THREADS: 25
COUNT PER THREAD: 1000000
SLOOPY VALUE: 256
TIME: 0.595346
SUM: 25000000
THREADS: 25
COUNT PER THREAD: 1000000
SLOOPY VALUE: 256
TIME: 0.597382
SUM: 25000000
THREADS: 25
COUNT PER THREAD: 1000000
SLOOPY VALUE: 256
TIME: 0.609175
SUM: 25000000
THREADS: 25
COUNT PER THREAD: 1000000
SLOOPY VALUE: 256
TIME: 0.595704
SUM: 25000000
THREADS: 25
COUNT PER THREAD: 1000000
SLOOPY VALUE: 256
TIME: 0.597921
SUM: 25000000
THREADS: 25
COUNT PER THREAD: 1000000
SLOOPY VALUE: 256
TIME: 0.610476
SUM: 25000000
THREADS: 25
COUNT PER THREAD: 1000000
SLOOPY VALUE: 256
TIME: 0.603840
SUM: 25000000
THREADS: 25
COUNT PER THREAD: 1000000
SLOOPY VALUE: 256
TIME: 0.603927
SUM: 25000000
THREADS: 25
COUNT PER THREAD: 1000000
SLOOPY VALUE: 256
TIME: 0.597538
SUM: 25000000
THREADS: 25
COUNT PER THREAD: 1000000
SLOOPY VALUE: 256
TIME: 0.604264
SUM: 25000000
THREADS: 26
COUNT PER THREAD: 1000000
SLOOPY VALUE: 256
TIME: 0.756250
SUM: 26000000
THREADS: 26
COUNT PER THREAD: 1000000
SLOOPY VALUE: 256
TIME: 0.757496
SUM: 26000000
THREADS: 26
COUNT PER THREAD: 1000000
SLOOPY VALUE: 256
TIME: 0.761154
SUM: 26000000
THREADS: 26
COUNT PER THREAD: 1000000
SLOOPY VALUE: 256
TIME: 0.899260
SUM: 26000000
THREADS: 26
COUNT PER THREAD: 1000000
SLOOPY VALUE: 256
TIME: 0.906698
SUM: 26000000
THREADS: 26
COUNT PER THREAD: 1000000
SLOOPY VALUE: 256
TIME: 0.943628
SUM: 26000000
THREADS: 26
COUNT PER THREAD: 1000000
SLOOPY VALUE: 256
TIME: 0.950510
SUM: 26000000
THREADS: 26
COUNT PER THREAD: 1000000
SLOOPY VALUE: 256
TIME: 0.931294
SUM: 26000000
THREADS: 26
COUNT PER THREAD: 1000000
SLOOPY VALUE: 256
TIME: 1.232365
SUM: 26000000
THREADS: 26
COUNT PER THREAD: 1000000
SLOOPY VALUE: 256
TIME: 0.954097
SUM: 26000000
THREADS: 27
COUNT PER THREAD: 1000000
SLOOPY VALUE: 256
TIME: 0.793585
SUM: 27000000
THREADS: 27
COUNT PER THREAD: 1000000
SLOOPY VALUE: 256
TIME: 0.773016
SUM: 27000000
THREADS: 27
COUNT PER THREAD: 1000000
SLOOPY VALUE: 256
TIME: 0.768886
SUM: 27000000
THREADS: 27
COUNT PER THREAD: 1000000
SLOOPY VALUE: 256
TIME: 0.768414
SUM: 27000000
THREADS: 27
COUNT PER THREAD: 1000000
SLOOPY VALUE: 256
TIME: 0.751632
SUM: 27000000
THREADS: 27
COUNT PER THREAD: 1000000
SLOOPY VALUE: 256
TIME: 0.725485
SUM: 27000000
THREADS: 27
COUNT PER THREAD: 1000000
SLOOPY VALUE: 256
TIME: 0.717115
SUM: 27000000
THREADS: 27
COUNT PER THREAD: 1000000
SLOOPY VALUE: 256
TIME: 0.749276
SUM: 27000000
THREADS: 27
COUNT PER THREAD: 1000000
SLOOPY VALUE: 256
TIME: 0.722047
SUM: 27000000
THREADS: 27
COUNT PER THREAD: 1000000
SLOOPY VALUE: 256
TIME: 0.703026
SUM: 27000000
THREADS: 28
COUNT PER THREAD: 1000000
SLOOPY VALUE: 256
TIME: 0.836255
SUM: 28000000
THREADS: 28
COUNT PER THREAD: 1000000
SLOOPY VALUE: 256
TIME: 0.772015
SUM: 28000000
THREADS: 28
COUNT PER THREAD: 1000000
SLOOPY VALUE: 256
TIME: 0.693746
SUM: 28000000
THREADS: 28
COUNT PER THREAD: 1000000
SLOOPY VALUE: 256
TIME: 0.695323
SUM: 28000000
THREADS: 28
COUNT PER THREAD: 1000000
SLOOPY VALUE: 256
TIME: 0.692044
SUM: 28000000
THREADS: 28
COUNT PER THREAD: 1000000
SLOOPY VALUE: 256
TIME: 0.706685
SUM: 28000000
THREADS: 28
COUNT PER THREAD: 1000000
SLOOPY VALUE: 256
TIME: 0.849301
SUM: 28000000
THREADS: 28
COUNT PER THREAD: 1000000
SLOOPY VALUE: 256
TIME: 0.817742
SUM: 28000000
THREADS: 28
COUNT PER THREAD: 1000000
SLOOPY VALUE: 256
TIME: 0.797066
SUM: 28000000
THREADS: 28
COUNT PER THREAD: 1000000
SLOOPY VALUE: 256
TIME: 1.107233
SUM: 28000000
THREADS: 29
COUNT PER THREAD: 1000000
SLOOPY VALUE: 256
TIME: 0.842231
SUM: 29000000
THREADS: 29
COUNT PER THREAD: 1000000
SLOOPY VALUE: 256
TIME: 0.867444
SUM: 29000000
THREADS: 29
COUNT PER THREAD: 1000000
SLOOPY VALUE: 256
TIME: 0.892708
SUM: 29000000
THREADS: 29
COUNT PER THREAD: 1000000
SLOOPY VALUE: 256
TIME: 0.843508
SUM: 29000000
THREADS: 29
COUNT PER THREAD: 1000000
SLOOPY VALUE: 256
TIME: 0.869923
SUM: 29000000
THREADS: 29
COUNT PER THREAD: 1000000
SLOOPY VALUE: 256
TIME: 0.834770
SUM: 29000000
THREADS: 29
COUNT PER THREAD: 1000000
SLOOPY VALUE: 256
TIME: 0.858265
SUM: 29000000
THREADS: 29
COUNT PER THREAD: 1000000
SLOOPY VALUE: 256
TIME: 0.858984
SUM: 29000000
THREADS: 29
COUNT PER THREAD: 1000000
SLOOPY VALUE: 256
TIME: 0.858024
SUM: 29000000
THREADS: 29
COUNT PER THREAD: 1000000
SLOOPY VALUE: 256
TIME: 0.853263
SUM: 29000000
THREADS: 30
COUNT PER THREAD: 1000000
SLOOPY VALUE: 256
TIME: 0.876838
SUM: 30000000
THREADS: 30
COUNT PER THREAD: 1000000
SLOOPY VALUE: 256
TIME: 0.823561
SUM: 30000000
THREADS: 30
COUNT PER THREAD: 1000000
SLOOPY VALUE: 256
TIME: 0.834716
SUM: 30000000
THREADS: 30
COUNT PER THREAD: 1000000
SLOOPY VALUE: 256
TIME: 0.831770
SUM: 30000000
THREADS: 30
COUNT PER THREAD: 1000000
SLOOPY VALUE: 256
TIME: 0.841022
SUM: 30000000
THREADS: 30
COUNT PER THREAD: 1000000
SLOOPY VALUE: 256
TIME: 0.883395
SUM: 30000000
THREADS: 30
COUNT PER THREAD: 1000000
SLOOPY VALUE: 256
TIME: 0.821884
SUM: 30000000
THREADS: 30
COUNT PER THREAD: 1000000
SLOOPY VALUE: 256
TIME: 0.811396
SUM: 30000000
THREADS: 30
COUNT PER THREAD: 1000000
SLOOPY VALUE: 256
TIME: 0.823466
SUM: 30000000
THREADS: 30
COUNT PER THREAD: 1000000
SLOOPY VALUE: 256
TIME: 0.851103
SUM: 30000000
THREADS: 31
COUNT PER THREAD: 1000000
SLOOPY VALUE: 256
TIME: 0.910212
SUM: 31000000
THREADS: 31
COUNT PER THREAD: 1000000
SLOOPY VALUE: 256
TIME: 0.913813
SUM: 31000000
THREADS: 31
COUNT PER THREAD: 1000000
SLOOPY VALUE: 256
TIME: 0.976527
SUM: 31000000
THREADS: 31
COUNT PER THREAD: 1000000
SLOOPY VALUE: 256
TIME: 0.998614
SUM: 31000000
THREADS: 31
COUNT PER THREAD: 1000000
SLOOPY VALUE: 256
TIME: 0.987311
SUM: 31000000
THREADS: 31
COUNT PER THREAD: 1000000
SLOOPY VALUE: 256
TIME: 0.891974
SUM: 31000000
THREADS: 31
COUNT PER THREAD: 1000000
SLOOPY VALUE: 256
TIME: 0.899417
SUM: 31000000
THREADS: 31
COUNT PER THREAD: 1000000
SLOOPY VALUE: 256
TIME: 0.854407
SUM: 31000000
THREADS: 31
COUNT PER THREAD: 1000000
SLOOPY VALUE: 256
TIME: 0.873463
SUM: 31000000
THREADS: 31
COUNT PER THREAD: 1000000
SLOOPY VALUE: 256
TIME: 0.895604
SUM: 31000000
THREADS: 32
COUNT PER THREAD: 1000000
SLOOPY VALUE: 256
TIME: 0.926394
SUM: 32000000
THREADS: 32
COUNT PER THREAD: 1000000
SLOOPY VALUE: 256
TIME: 0.889485
SUM: 32000000
THREADS: 32
COUNT PER THREAD: 1000000
SLOOPY VALUE: 256
TIME: 0.837093
SUM: 32000000
THREADS: 32
COUNT PER THREAD: 1000000
SLOOPY VALUE: 256
TIME: 0.924001
SUM: 32000000
THREADS: 32
COUNT PER THREAD: 1000000
SLOOPY VALUE: 256
TIME: 0.847122
SUM: 32000000
THREADS: 32
COUNT PER THREAD: 1000000
SLOOPY VALUE: 256
TIME: 0.838628
SUM: 32000000
THREADS: 32
COUNT PER THREAD: 1000000
SLOOPY VALUE: 256
TIME: 0.857698
SUM: 32000000
THREADS: 32
COUNT PER THREAD: 1000000
SLOOPY VALUE: 256
TIME: 0.830995
SUM: 32000000
THREADS: 32
COUNT PER THREAD: 1000000
SLOOPY VALUE: 256
TIME: 0.884389
SUM: 32000000
THREADS: 32
COUNT PER THREAD: 1000000
SLOOPY VALUE: 256
TIME: 0.883140
SUM: 32000000
THREADS: 33
COUNT PER THREAD: 1000000
SLOOPY VALUE: 256
TIME: 0.860195
SUM: 33000000
THREADS: 33
COUNT PER THREAD: 1000000
SLOOPY VALUE: 256
TIME: 1.002215
SUM: 33000000
THREADS: 33
COUNT PER THREAD: 1000000
SLOOPY VALUE: 256
TIME: 1.002392
SUM: 33000000
THREADS: 33
COUNT PER THREAD: 1000000
SLOOPY VALUE: 256
TIME: 0.910388
SUM: 33000000
THREADS: 33
COUNT PER THREAD: 1000000
SLOOPY VALUE: 256
TIME: 0.876598
SUM: 33000000
THREADS: 33
COUNT PER THREAD: 1000000
SLOOPY VALUE: 256
TIME: 0.862496
SUM: 33000000
THREADS: 33
COUNT PER THREAD: 1000000
SLOOPY VALUE: 256
TIME: 0.888756
SUM: 33000000
THREADS: 33
COUNT PER THREAD: 1000000
SLOOPY VALUE: 256
TIME: 0.917083
SUM: 33000000
THREADS: 33
COUNT PER THREAD: 1000000
SLOOPY VALUE: 256
TIME: 0.870643
SUM: 33000000
THREADS: 33
COUNT PER THREAD: 1000000
SLOOPY VALUE: 256
TIME: 0.894035
SUM: 33000000
THREADS: 34
COUNT PER THREAD: 1000000
SLOOPY VALUE: 256
TIME: 0.890468
SUM: 34000000
THREADS: 34
COUNT PER THREAD: 1000000
SLOOPY VALUE: 256
TIME: 0.898690
SUM: 34000000
THREADS: 34
COUNT PER THREAD: 1000000
SLOOPY VALUE: 256
TIME: 0.883264
SUM: 34000000
THREADS: 34
COUNT PER THREAD: 1000000
SLOOPY VALUE: 256
TIME: 0.887530
SUM: 34000000
THREADS: 34
COUNT PER THREAD: 1000000
SLOOPY VALUE: 256
TIME: 0.888677
SUM: 34000000
THREADS: 34
COUNT PER THREAD: 1000000
SLOOPY VALUE: 256
TIME: 0.902851
SUM: 34000000
THREADS: 34
COUNT PER THREAD: 1000000
SLOOPY VALUE: 256
TIME: 0.888166
SUM: 34000000
THREADS: 34
COUNT PER THREAD: 1000000
SLOOPY VALUE: 256
TIME: 0.889911
SUM: 34000000
THREADS: 34
COUNT PER THREAD: 1000000
SLOOPY VALUE: 256
TIME: 0.901782
SUM: 34000000
THREADS: 34
COUNT PER THREAD: 1000000
SLOOPY VALUE: 256
TIME: 0.892865
SUM: 34000000
THREADS: 35
COUNT PER THREAD: 1000000
SLOOPY VALUE: 256
TIME: 0.946555
SUM: 35000000
THREADS: 35
COUNT PER THREAD: 1000000
SLOOPY VALUE: 256
TIME: 0.953323
SUM: 35000000
THREADS: 35
COUNT PER THREAD: 1000000
SLOOPY VALUE: 256
TIME: 1.055412
SUM: 35000000
THREADS: 35
COUNT PER THREAD: 1000000
SLOOPY VALUE: 256
TIME: 1.100782
SUM: 35000000
THREADS: 35
COUNT PER THREAD: 1000000
SLOOPY VALUE: 256
TIME: 1.102504
SUM: 35000000
THREADS: 35
COUNT PER THREAD: 1000000
SLOOPY VALUE: 256
TIME: 1.093445
SUM: 35000000
THREADS: 35
COUNT PER THREAD: 1000000
SLOOPY VALUE: 256
TIME: 1.078575
SUM: 35000000
THREADS: 35
COUNT PER THREAD: 1000000
SLOOPY VALUE: 256
TIME: 1.144215
SUM: 35000000
THREADS: 35
COUNT PER THREAD: 1000000
SLOOPY VALUE: 256
TIME: 1.118685
SUM: 35000000
THREADS: 35
COUNT PER THREAD: 1000000
SLOOPY VALUE: 256
TIME: 1.112809
SUM: 35000000
THREADS: 36
COUNT PER THREAD: 1000000
SLOOPY VALUE: 256
TIME: 0.976562
SUM: 36000000
THREADS: 36
COUNT PER THREAD: 1000000
SLOOPY VALUE: 256
TIME: 0.957591
SUM: 36000000
THREADS: 36
COUNT PER THREAD: 1000000
SLOOPY VALUE: 256
TIME: 0.937616
SUM: 36000000
THREADS: 36
COUNT PER THREAD: 1000000
SLOOPY VALUE: 256
TIME: 0.948245
SUM: 36000000
THREADS: 36
COUNT PER THREAD: 1000000
SLOOPY VALUE: 256
TIME: 0.945401
SUM: 36000000
THREADS: 36
COUNT PER THREAD: 1000000
SLOOPY VALUE: 256
TIME: 0.929868
SUM: 36000000
THREADS: 36
COUNT PER THREAD: 1000000
SLOOPY VALUE: 256
TIME: 0.970351
SUM: 36000000
THREADS: 36
COUNT PER THREAD: 1000000
SLOOPY VALUE: 256
TIME: 1.007496
SUM: 36000000
THREADS: 36
COUNT PER THREAD: 1000000
SLOOPY VALUE: 256
TIME: 0.949299
SUM: 36000000
THREADS: 36
COUNT PER THREAD: 1000000
SLOOPY VALUE: 256
TIME: 0.950498
SUM: 36000000
THREADS: 37
COUNT PER THREAD: 1000000
SLOOPY VALUE: 256
TIME: 1.016339
SUM: 37000000
THREADS: 37
COUNT PER THREAD: 1000000
SLOOPY VALUE: 256
TIME: 1.007082
SUM: 37000000
THREADS: 37
COUNT PER THREAD: 1000000
SLOOPY VALUE: 256
TIME: 1.014263
SUM: 37000000
THREADS: 37
COUNT PER THREAD: 1000000
SLOOPY VALUE: 256
TIME: 1.078686
SUM: 37000000
THREADS: 37
COUNT PER THREAD: 1000000
SLOOPY VALUE: 256
TIME: 1.035244
SUM: 37000000
THREADS: 37
COUNT PER THREAD: 1000000
SLOOPY VALUE: 256
TIME: 1.066293
SUM: 37000000
THREADS: 37
COUNT PER THREAD: 1000000
SLOOPY VALUE: 256
TIME: 1.041983
SUM: 37000000
THREADS: 37
COUNT PER THREAD: 1000000
SLOOPY VALUE: 256
TIME: 1.056525
SUM: 37000000
THREADS: 37
COUNT PER THREAD: 1000000
SLOOPY VALUE: 256
TIME: 1.011465
SUM: 37000000
THREADS: 37
COUNT PER THREAD: 1000000
SLOOPY VALUE: 256
TIME: 0.979041
SUM: 37000000
THREADS: 38
COUNT PER THREAD: 1000000
SLOOPY VALUE: 256
TIME: 1.058233
SUM: 38000000
THREADS: 38
COUNT PER THREAD: 1000000
SLOOPY VALUE: 256
TIME: 0.989568
SUM: 38000000
THREADS: 38
COUNT PER THREAD: 1000000
SLOOPY VALUE: 256
TIME: 0.989528
SUM: 38000000
THREADS: 38
COUNT PER THREAD: 1000000
SLOOPY VALUE: 256
TIME: 1.026206
SUM: 38000000
THREADS: 38
COUNT PER THREAD: 1000000
SLOOPY VALUE: 256
TIME: 1.024255
SUM: 38000000
THREADS: 38
COUNT PER THREAD: 1000000
SLOOPY VALUE: 256
TIME: 1.016659
SUM: 38000000
THREADS: 38
COUNT PER THREAD: 1000000
SLOOPY VALUE: 256
TIME: 1.008812
SUM: 38000000
THREADS: 38
COUNT PER THREAD: 1000000
SLOOPY VALUE: 256
TIME: 0.982280
SUM: 38000000
THREADS: 38
COUNT PER THREAD: 1000000
SLOOPY VALUE: 256
TIME: 1.010175
SUM: 38000000
THREADS: 38
COUNT PER THREAD: 1000000
SLOOPY VALUE: 256
TIME: 0.997716
SUM: 38000000
THREADS: 39
COUNT PER THREAD: 1000000
SLOOPY VALUE: 256
TIME: 1.018324
SUM: 39000000
THREADS: 39
COUNT PER THREAD: 1000000
SLOOPY VALUE: 256
TIME: 1.017098
SUM: 39000000
THREADS: 39
COUNT PER THREAD: 1000000
SLOOPY VALUE: 256
TIME: 1.004338
SUM: 39000000
THREADS: 39
COUNT PER THREAD: 1000000
SLOOPY VALUE: 256
TIME: 1.033055
SUM: 39000000
THREADS: 39
COUNT PER THREAD: 1000000
SLOOPY VALUE: 256
TIME: 1.134356
SUM: 39000000
THREADS: 39
COUNT PER THREAD: 1000000
SLOOPY VALUE: 256
TIME: 1.089450
SUM: 39000000
THREADS: 39
COUNT PER THREAD: 1000000
SLOOPY VALUE: 256
TIME: 1.091529
SUM: 39000000
THREADS: 39
COUNT PER THREAD: 1000000
SLOOPY VALUE: 256
TIME: 1.016351
SUM: 39000000
THREADS: 39
COUNT PER THREAD: 1000000
SLOOPY VALUE: 256
TIME: 1.029080
SUM: 39000000
THREADS: 39
COUNT PER THREAD: 1000000
SLOOPY VALUE: 256
TIME: 1.026189
SUM: 39000000
THREADS: 40
COUNT PER THREAD: 1000000
SLOOPY VALUE: 256
TIME: 1.064378
SUM: 40000000
THREADS: 40
COUNT PER THREAD: 1000000
SLOOPY VALUE: 256
TIME: 1.031384
SUM: 40000000
THREADS: 40
COUNT PER THREAD: 1000000
SLOOPY VALUE: 256
TIME: 1.017667
SUM: 40000000
THREADS: 40
COUNT PER THREAD: 1000000
SLOOPY VALUE: 256
TIME: 1.048776
SUM: 40000000
THREADS: 40
COUNT PER THREAD: 1000000
SLOOPY VALUE: 256
TIME: 1.072951
SUM: 40000000
THREADS: 40
COUNT PER THREAD: 1000000
SLOOPY VALUE: 256
TIME: 1.127522
SUM: 40000000
THREADS: 40
COUNT PER THREAD: 1000000
SLOOPY VALUE: 256
TIME: 1.060732
SUM: 40000000
THREADS: 40
COUNT PER THREAD: 1000000
SLOOPY VALUE: 256
TIME: 1.032331
SUM: 40000000
THREADS: 40
COUNT PER THREAD: 1000000
SLOOPY VALUE: 256
TIME: 1.132209
SUM: 40000000
THREADS: 40
COUNT PER THREAD: 1000000
SLOOPY VALUE: 256
TIME: 1.149285
SUM: 40000000
THREADS: 41
COUNT PER THREAD: 1000000
SLOOPY VALUE: 256
TIME: 1.482931
SUM: 41000000
THREADS: 41
COUNT PER THREAD: 1000000
SLOOPY VALUE: 256
TIME: 1.154266
SUM: 41000000
THREADS: 41
COUNT PER THREAD: 1000000
SLOOPY VALUE: 256
TIME: 1.179886
SUM: 41000000
THREADS: 41
COUNT PER THREAD: 1000000
SLOOPY VALUE: 256
TIME: 1.216339
SUM: 41000000
THREADS: 41
COUNT PER THREAD: 1000000
SLOOPY VALUE: 256
TIME: 1.178744
SUM: 41000000
THREADS: 41
COUNT PER THREAD: 1000000
SLOOPY VALUE: 256
TIME: 1.143110
SUM: 41000000
THREADS: 41
COUNT PER THREAD: 1000000
SLOOPY VALUE: 256
TIME: 1.194237
SUM: 41000000
THREADS: 41
COUNT PER THREAD: 1000000
SLOOPY VALUE: 256
TIME: 1.141784
SUM: 41000000
THREADS: 41
COUNT PER THREAD: 1000000
SLOOPY VALUE: 256
TIME: 1.178578
SUM: 41000000
THREADS: 41
COUNT PER THREAD: 1000000
SLOOPY VALUE: 256
TIME: 1.164949
SUM: 41000000
THREADS: 42
COUNT PER THREAD: 1000000
SLOOPY VALUE: 256
TIME: 1.087477
SUM: 42000000
THREADS: 42
COUNT PER THREAD: 1000000
SLOOPY VALUE: 256
TIME: 1.071687
SUM: 42000000
THREADS: 42
COUNT PER THREAD: 1000000
SLOOPY VALUE: 256
TIME: 1.070025
SUM: 42000000
THREADS: 42
COUNT PER THREAD: 1000000
SLOOPY VALUE: 256
TIME: 1.099529
SUM: 42000000
THREADS: 42
COUNT PER THREAD: 1000000
SLOOPY VALUE: 256
TIME: 1.071089
SUM: 42000000
THREADS: 42
COUNT PER THREAD: 1000000
SLOOPY VALUE: 256
TIME: 1.070255
SUM: 42000000
THREADS: 42
COUNT PER THREAD: 1000000
SLOOPY VALUE: 256
TIME: 1.112918
SUM: 42000000
THREADS: 42
COUNT PER THREAD: 1000000
SLOOPY VALUE: 256
TIME: 1.107945
SUM: 42000000
THREADS: 42
COUNT PER THREAD: 1000000
SLOOPY VALUE: 256
TIME: 1.223331
SUM: 42000000
THREADS: 42
COUNT PER THREAD: 1000000
SLOOPY VALUE: 256
TIME: 1.200960
SUM: 42000000
THREADS: 43
COUNT PER THREAD: 1000000
SLOOPY VALUE: 256
TIME: 1.225787
SUM: 43000000
THREADS: 43
COUNT PER THREAD: 1000000
SLOOPY VALUE: 256
TIME: 1.238699
SUM: 43000000
THREADS: 43
COUNT PER THREAD: 1000000
SLOOPY VALUE: 256
TIME: 1.218870
SUM: 43000000
THREADS: 43
COUNT PER THREAD: 1000000
SLOOPY VALUE: 256
TIME: 1.213175
SUM: 43000000
THREADS: 43
COUNT PER THREAD: 1000000
SLOOPY VALUE: 256
TIME: 1.195232
SUM: 43000000
THREADS: 43
COUNT PER THREAD: 1000000
SLOOPY VALUE: 256
TIME: 1.144309
SUM: 43000000
THREADS: 43
COUNT PER THREAD: 1000000
SLOOPY VALUE: 256
TIME: 1.150098
SUM: 43000000
THREADS: 43
COUNT PER THREAD: 1000000
SLOOPY VALUE: 256
TIME: 1.147991
SUM: 43000000
THREADS: 43
COUNT PER THREAD: 1000000
SLOOPY VALUE: 256
TIME: 1.136569
SUM: 43000000
THREADS: 43
COUNT PER THREAD: 1000000
SLOOPY VALUE: 256
TIME: 1.154976
SUM: 43000000
THREADS: 44
COUNT PER THREAD: 1000000
SLOOPY VALUE: 256
TIME: 1.239206
SUM: 44000000
THREADS: 44
COUNT PER THREAD: 1000000
SLOOPY VALUE: 256
TIME: 1.242275
SUM: 44000000
THREADS: 44
COUNT PER THREAD: 1000000
SLOOPY VALUE: 256
TIME: 1.213169
SUM: 44000000
THREADS: 44
COUNT PER THREAD: 1000000
SLOOPY VALUE: 256
TIME: 1.263349
SUM: 44000000
THREADS: 44
COUNT PER THREAD: 1000000
SLOOPY VALUE: 256
TIME: 1.249846
SUM: 44000000
THREADS: 44
COUNT PER THREAD: 1000000
SLOOPY VALUE: 256
TIME: 1.219364
SUM: 44000000
THREADS: 44
COUNT PER THREAD: 1000000
SLOOPY VALUE: 256
TIME: 1.188756
SUM: 44000000
THREADS: 44
COUNT PER THREAD: 1000000
SLOOPY VALUE: 256
TIME: 1.168392
SUM: 44000000
THREADS: 44
COUNT PER THREAD: 1000000
SLOOPY VALUE: 256
TIME: 1.171448
SUM: 44000000
THREADS: 44
COUNT PER THREAD: 1000000
SLOOPY VALUE: 256
TIME: 1.181810
SUM: 44000000
THREADS: 45
COUNT PER THREAD: 1000000
SLOOPY VALUE: 256
TIME: 1.241937
SUM: 45000000
THREADS: 45
COUNT PER THREAD: 1000000
SLOOPY VALUE: 256
TIME: 1.245189
SUM: 45000000
THREADS: 45
COUNT PER THREAD: 1000000
SLOOPY VALUE: 256
TIME: 1.193612
SUM: 45000000
THREADS: 45
COUNT PER THREAD: 1000000
SLOOPY VALUE: 256
TIME: 1.206192
SUM: 45000000
THREADS: 45
COUNT PER THREAD: 1000000
SLOOPY VALUE: 256
TIME: 1.240383
SUM: 45000000
THREADS: 45
COUNT PER THREAD: 1000000
SLOOPY VALUE: 256
TIME: 1.232006
SUM: 45000000
THREADS: 45
COUNT PER THREAD: 1000000
SLOOPY VALUE: 256
TIME: 1.246388
SUM: 45000000
THREADS: 45
COUNT PER THREAD: 1000000
SLOOPY VALUE: 256
TIME: 1.253821
SUM: 45000000
THREADS: 45
COUNT PER THREAD: 1000000
SLOOPY VALUE: 256
TIME: 1.294842
SUM: 45000000
THREADS: 45
COUNT PER THREAD: 1000000
SLOOPY VALUE: 256
TIME: 1.246410
SUM: 45000000
THREADS: 46
COUNT PER THREAD: 1000000
SLOOPY VALUE: 256
TIME: 1.305434
SUM: 46000000
THREADS: 46
COUNT PER THREAD: 1000000
SLOOPY VALUE: 256
TIME: 1.348072
SUM: 46000000
THREADS: 46
COUNT PER THREAD: 1000000
SLOOPY VALUE: 256
TIME: 1.338867
SUM: 46000000
THREADS: 46
COUNT PER THREAD: 1000000
SLOOPY VALUE: 256
TIME: 1.310562
SUM: 46000000
THREADS: 46
COUNT PER THREAD: 1000000
SLOOPY VALUE: 256
TIME: 1.263877
SUM: 46000000
THREADS: 46
COUNT PER THREAD: 1000000
SLOOPY VALUE: 256
TIME: 1.266749
SUM: 46000000
THREADS: 46
COUNT PER THREAD: 1000000
SLOOPY VALUE: 256
TIME: 1.306605
SUM: 46000000
THREADS: 46
COUNT PER THREAD: 1000000
SLOOPY VALUE: 256
TIME: 1.340370
SUM: 46000000
THREADS: 46
COUNT PER THREAD: 1000000
SLOOPY VALUE: 256
TIME: 1.331476
SUM: 46000000
THREADS: 46
COUNT PER THREAD: 1000000
SLOOPY VALUE: 256
TIME: 1.301495
SUM: 46000000
THREADS: 47
COUNT PER THREAD: 1000000
SLOOPY VALUE: 256
TIME: 2.053443
SUM: 47000000
THREADS: 47
COUNT PER THREAD: 1000000
SLOOPY VALUE: 256
TIME: 1.545351
SUM: 47000000
THREADS: 47
COUNT PER THREAD: 1000000
SLOOPY VALUE: 256
TIME: 1.463079
SUM: 47000000
THREADS: 47
COUNT PER THREAD: 1000000
SLOOPY VALUE: 256
TIME: 1.206035
SUM: 47000000
THREADS: 47
COUNT PER THREAD: 1000000
SLOOPY VALUE: 256
TIME: 1.331728
SUM: 47000000
THREADS: 47
COUNT PER THREAD: 1000000
SLOOPY VALUE: 256
TIME: 1.229834
SUM: 47000000
THREADS: 47
COUNT PER THREAD: 1000000
SLOOPY VALUE: 256
TIME: 1.181740
SUM: 47000000
THREADS: 47
COUNT PER THREAD: 1000000
SLOOPY VALUE: 256
TIME: 1.295519
SUM: 47000000
THREADS: 47
COUNT PER THREAD: 1000000
SLOOPY VALUE: 256
TIME: 1.321949
SUM: 47000000
THREADS: 47
COUNT PER THREAD: 1000000
SLOOPY VALUE: 256
TIME: 1.570955
SUM: 47000000
THREADS: 48
COUNT PER THREAD: 1000000
SLOOPY VALUE: 256
TIME: 1.376017
SUM: 48000000
THREADS: 48
COUNT PER THREAD: 1000000
SLOOPY VALUE: 256
TIME: 1.297426
SUM: 48000000
THREADS: 48
COUNT PER THREAD: 1000000
SLOOPY VALUE: 256
TIME: 1.253583
SUM: 48000000
THREADS: 48
COUNT PER THREAD: 1000000
SLOOPY VALUE: 256
TIME: 1.307323
SUM: 48000000
THREADS: 48
COUNT PER THREAD: 1000000
SLOOPY VALUE: 256
TIME: 1.367959
SUM: 48000000
THREADS: 48
COUNT PER THREAD: 1000000
SLOOPY VALUE: 256
TIME: 1.335060
SUM: 48000000
THREADS: 48
COUNT PER THREAD: 1000000
SLOOPY VALUE: 256
TIME: 1.248876
SUM: 48000000
THREADS: 48
COUNT PER THREAD: 1000000
SLOOPY VALUE: 256
TIME: 1.309332
SUM: 48000000
THREADS: 48
COUNT PER THREAD: 1000000
SLOOPY VALUE: 256
TIME: 1.345094
SUM: 48000000
THREADS: 48
COUNT PER THREAD: 1000000
SLOOPY VALUE: 256
TIME: 1.351334
SUM: 48000000
THREADS: 49
COUNT PER THREAD: 1000000
SLOOPY VALUE: 256
TIME: 1.298207
SUM: 49000000
THREADS: 49
COUNT PER THREAD: 1000000
SLOOPY VALUE: 256
TIME: 1.273314
SUM: 49000000
THREADS: 49
COUNT PER THREAD: 1000000
SLOOPY VALUE: 256
TIME: 1.282467
SUM: 49000000
THREADS: 49
COUNT PER THREAD: 1000000
SLOOPY VALUE: 256
TIME: 1.286094
SUM: 49000000
THREADS: 49
COUNT PER THREAD: 1000000
SLOOPY VALUE: 256
TIME: 1.264519
SUM: 49000000
THREADS: 49
COUNT PER THREAD: 1000000
SLOOPY VALUE: 256
TIME: 1.215051
SUM: 49000000
THREADS: 49
COUNT PER THREAD: 1000000
SLOOPY VALUE: 256
TIME: 1.197852
SUM: 49000000
THREADS: 49
COUNT PER THREAD: 1000000
SLOOPY VALUE: 256
TIME: 1.211678
SUM: 49000000
THREADS: 49
COUNT PER THREAD: 1000000
SLOOPY VALUE: 256
TIME: 1.211420
SUM: 49000000
THREADS: 49
COUNT PER THREAD: 1000000
SLOOPY VALUE: 256
TIME: 1.219590
SUM: 49000000
THREADS: 50
COUNT PER THREAD: 1000000
SLOOPY VALUE: 256
TIME: 1.445853
SUM: 50000000
THREADS: 50
COUNT PER THREAD: 1000000
SLOOPY VALUE: 256
TIME: 1.428030
SUM: 50000000
THREADS: 50
COUNT PER THREAD: 1000000
SLOOPY VALUE: 256
TIME: 1.446250
SUM: 50000000
THREADS: 50
COUNT PER THREAD: 1000000
SLOOPY VALUE: 256
TIME: 1.408466
SUM: 50000000
THREADS: 50
COUNT PER THREAD: 1000000
SLOOPY VALUE: 256
TIME: 1.326621
SUM: 50000000
THREADS: 50
COUNT PER THREAD: 1000000
SLOOPY VALUE: 256
TIME: 1.304454
SUM: 50000000
THREADS: 50
COUNT PER THREAD: 1000000
SLOOPY VALUE: 256
TIME: 1.354020
SUM: 50000000
THREADS: 50
COUNT PER THREAD: 1000000
SLOOPY VALUE: 256
TIME: 1.356478
SUM: 50000000
THREADS: 50
COUNT PER THREAD: 1000000
SLOOPY VALUE: 256
TIME: 1.333468
SUM: 50000000
THREADS: 50
COUNT PER THREAD: 1000000
SLOOPY VALUE: 256
TIME: 1.464116
SUM: 50000000
THREADS: 51
COUNT PER THREAD: 1000000
SLOOPY VALUE: 256
TIME: 1.393494
SUM: 51000000
THREADS: 51
COUNT PER THREAD: 1000000
SLOOPY VALUE: 256
TIME: 1.467730
SUM: 51000000
THREADS: 51
COUNT PER THREAD: 1000000
SLOOPY VALUE: 256
TIME: 1.348922
SUM: 51000000
THREADS: 51
COUNT PER THREAD: 1000000
SLOOPY VALUE: 256
TIME: 1.345534
SUM: 51000000
THREADS: 51
COUNT PER THREAD: 1000000
SLOOPY VALUE: 256
TIME: 1.386486
SUM: 51000000
THREADS: 51
COUNT PER THREAD: 1000000
SLOOPY VALUE: 256
TIME: 1.256096
SUM: 51000000
THREADS: 51
COUNT PER THREAD: 1000000
SLOOPY VALUE: 256
TIME: 1.278362
SUM: 51000000
THREADS: 51
COUNT PER THREAD: 1000000
SLOOPY VALUE: 256
TIME: 1.282575
SUM: 51000000
THREADS: 51
COUNT PER THREAD: 1000000
SLOOPY VALUE: 256
TIME: 1.223002
SUM: 51000000
THREADS: 51
COUNT PER THREAD: 1000000
SLOOPY VALUE: 256
TIME: 1.323527
SUM: 51000000
THREADS: 52
COUNT PER THREAD: 1000000
SLOOPY VALUE: 256
TIME: 1.407586
SUM: 52000000
THREADS: 52
COUNT PER THREAD: 1000000
SLOOPY VALUE: 256
TIME: 1.383211
SUM: 52000000
THREADS: 52
COUNT PER THREAD: 1000000
SLOOPY VALUE: 256
TIME: 1.368274
SUM: 52000000
THREADS: 52
COUNT PER THREAD: 1000000
SLOOPY VALUE: 256
TIME: 1.427614
SUM: 52000000
THREADS: 52
COUNT PER THREAD: 1000000
SLOOPY VALUE: 256
TIME: 1.394130
SUM: 52000000
THREADS: 52
COUNT PER THREAD: 1000000
SLOOPY VALUE: 256
TIME: 1.307427
SUM: 52000000
THREADS: 52
COUNT PER THREAD: 1000000
SLOOPY VALUE: 256
TIME: 1.312903
SUM: 52000000
THREADS: 52
COUNT PER THREAD: 1000000
SLOOPY VALUE: 256
TIME: 1.274095
SUM: 52000000
THREADS: 52
COUNT PER THREAD: 1000000
SLOOPY VALUE: 256
TIME: 1.360873
SUM: 52000000
THREADS: 52
COUNT PER THREAD: 1000000
SLOOPY VALUE: 256
TIME: 1.410174
SUM: 52000000
THREADS: 53
COUNT PER THREAD: 1000000
SLOOPY VALUE: 256
TIME: 1.520998
SUM: 53000000
THREADS: 53
COUNT PER THREAD: 1000000
SLOOPY VALUE: 256
TIME: 1.471098
SUM: 53000000
THREADS: 53
COUNT PER THREAD: 1000000
SLOOPY VALUE: 256
TIME: 1.522529
SUM: 53000000
THREADS: 53
COUNT PER THREAD: 1000000
SLOOPY VALUE: 256
TIME: 1.483226
SUM: 53000000
THREADS: 53
COUNT PER THREAD: 1000000
SLOOPY VALUE: 256
TIME: 1.399195
SUM: 53000000
THREADS: 53
COUNT PER THREAD: 1000000
SLOOPY VALUE: 256
TIME: 1.542318
SUM: 53000000
THREADS: 53
COUNT PER THREAD: 1000000
SLOOPY VALUE: 256
TIME: 1.477156
SUM: 53000000
THREADS: 53
COUNT PER THREAD: 1000000
SLOOPY VALUE: 256
TIME: 1.481533
SUM: 53000000
THREADS: 53
COUNT PER THREAD: 1000000
SLOOPY VALUE: 256
TIME: 1.495706
SUM: 53000000
THREADS: 53
COUNT PER THREAD: 1000000
SLOOPY VALUE: 256
TIME: 1.473089
SUM: 53000000
THREADS: 54
COUNT PER THREAD: 1000000
SLOOPY VALUE: 256
TIME: 1.680454
SUM: 54000000
THREADS: 54
COUNT PER THREAD: 1000000
SLOOPY VALUE: 256
TIME: 1.607635
SUM: 54000000
THREADS: 54
COUNT PER THREAD: 1000000
SLOOPY VALUE: 256
TIME: 1.551205
SUM: 54000000
THREADS: 54
COUNT PER THREAD: 1000000
SLOOPY VALUE: 256
TIME: 1.560965
SUM: 54000000
THREADS: 54
COUNT PER THREAD: 1000000
SLOOPY VALUE: 256
TIME: 1.556510
SUM: 54000000
THREADS: 54
COUNT PER THREAD: 1000000
SLOOPY VALUE: 256
TIME: 1.501571
SUM: 54000000
THREADS: 54
COUNT PER THREAD: 1000000
SLOOPY VALUE: 256
TIME: 1.494266
SUM: 54000000
THREADS: 54
COUNT PER THREAD: 1000000
SLOOPY VALUE: 256
TIME: 1.527885
SUM: 54000000
THREADS: 54
COUNT PER THREAD: 1000000
SLOOPY VALUE: 256
TIME: 1.530579
SUM: 54000000
THREADS: 54
COUNT PER THREAD: 1000000
SLOOPY VALUE: 256
TIME: 1.488823
SUM: 54000000
THREADS: 55
COUNT PER THREAD: 1000000
SLOOPY VALUE: 256
TIME: 1.435560
SUM: 55000000
THREADS: 55
COUNT PER THREAD: 1000000
SLOOPY VALUE: 256
TIME: 1.465962
SUM: 55000000
THREADS: 55
COUNT PER THREAD: 1000000
SLOOPY VALUE: 256
TIME: 1.406514
SUM: 55000000
THREADS: 55
COUNT PER THREAD: 1000000
SLOOPY VALUE: 256
TIME: 1.404352
SUM: 55000000
THREADS: 55
COUNT PER THREAD: 1000000
SLOOPY VALUE: 256
TIME: 1.460723
SUM: 55000000
THREADS: 55
COUNT PER THREAD: 1000000
SLOOPY VALUE: 256
TIME: 1.450909
SUM: 55000000
THREADS: 55
COUNT PER THREAD: 1000000
SLOOPY VALUE: 256
TIME: 1.404657
SUM: 55000000
THREADS: 55
COUNT PER THREAD: 1000000
SLOOPY VALUE: 256
TIME: 1.423838
SUM: 55000000
THREADS: 55
COUNT PER THREAD: 1000000
SLOOPY VALUE: 256
TIME: 1.446395
SUM: 55000000
THREADS: 55
COUNT PER THREAD: 1000000
SLOOPY VALUE: 256
TIME: 1.418610
SUM: 55000000
THREADS: 56
COUNT PER THREAD: 1000000
SLOOPY VALUE: 256
TIME: 1.472560
SUM: 56000000
THREADS: 56
COUNT PER THREAD: 1000000
SLOOPY VALUE: 256
TIME: 1.442465
SUM: 56000000
THREADS: 56
COUNT PER THREAD: 1000000
SLOOPY VALUE: 256
TIME: 1.443464
SUM: 56000000
THREADS: 56
COUNT PER THREAD: 1000000
SLOOPY VALUE: 256
TIME: 1.527161
SUM: 56000000
THREADS: 56
COUNT PER THREAD: 1000000
SLOOPY VALUE: 256
TIME: 1.471673
SUM: 56000000
THREADS: 56
COUNT PER THREAD: 1000000
SLOOPY VALUE: 256
TIME: 1.437331
SUM: 56000000
THREADS: 56
COUNT PER THREAD: 1000000
SLOOPY VALUE: 256
TIME: 1.476430
SUM: 56000000
THREADS: 56
COUNT PER THREAD: 1000000
SLOOPY VALUE: 256
TIME: 1.510534
SUM: 56000000
THREADS: 56
COUNT PER THREAD: 1000000
SLOOPY VALUE: 256
TIME: 1.419163
SUM: 56000000
THREADS: 56
COUNT PER THREAD: 1000000
SLOOPY VALUE: 256
TIME: 1.485920
SUM: 56000000
THREADS: 57
COUNT PER THREAD: 1000000
SLOOPY VALUE: 256
TIME: 1.696781
SUM: 57000000
THREADS: 57
COUNT PER THREAD: 1000000
SLOOPY VALUE: 256
TIME: 1.622910
SUM: 57000000
THREADS: 57
COUNT PER THREAD: 1000000
SLOOPY VALUE: 256
TIME: 1.605646
SUM: 57000000
THREADS: 57
COUNT PER THREAD: 1000000
SLOOPY VALUE: 256
TIME: 1.745129
SUM: 57000000
THREADS: 57
COUNT PER THREAD: 1000000
SLOOPY VALUE: 256
TIME: 1.679527
SUM: 57000000
THREADS: 57
COUNT PER THREAD: 1000000
SLOOPY VALUE: 256
TIME: 1.564138
SUM: 57000000
THREADS: 57
COUNT PER THREAD: 1000000
SLOOPY VALUE: 256
TIME: 1.715440
SUM: 57000000
THREADS: 57
COUNT PER THREAD: 1000000
SLOOPY VALUE: 256
TIME: 1.587894
SUM: 57000000
THREADS: 57
COUNT PER THREAD: 1000000
SLOOPY VALUE: 256
TIME: 1.567123
SUM: 57000000
THREADS: 57
COUNT PER THREAD: 1000000
SLOOPY VALUE: 256
TIME: 1.518890
SUM: 57000000
THREADS: 58
COUNT PER THREAD: 1000000
SLOOPY VALUE: 256
TIME: 1.592879
SUM: 58000000
THREADS: 58
COUNT PER THREAD: 1000000
SLOOPY VALUE: 256
TIME: 1.551560
SUM: 58000000
THREADS: 58
COUNT PER THREAD: 1000000
SLOOPY VALUE: 256
TIME: 1.602899
SUM: 58000000
THREADS: 58
COUNT PER THREAD: 1000000
SLOOPY VALUE: 256
TIME: 1.630630
SUM: 58000000
THREADS: 58
COUNT PER THREAD: 1000000
SLOOPY VALUE: 256
TIME: 1.571089
SUM: 58000000
THREADS: 58
COUNT PER THREAD: 1000000
SLOOPY VALUE: 256
TIME: 1.547147
SUM: 58000000
THREADS: 58
COUNT PER THREAD: 1000000
SLOOPY VALUE: 256
TIME: 1.583371
SUM: 58000000
THREADS: 58
COUNT PER THREAD: 1000000
SLOOPY VALUE: 256
TIME: 1.556464
SUM: 58000000
THREADS: 58
COUNT PER THREAD: 1000000
SLOOPY VALUE: 256
TIME: 1.572393
SUM: 58000000
THREADS: 58
COUNT PER THREAD: 1000000
SLOOPY VALUE: 256
TIME: 1.622553
SUM: 58000000
THREADS: 59
COUNT PER THREAD: 1000000
SLOOPY VALUE: 256
TIME: 1.706533
SUM: 59000000
THREADS: 59
COUNT PER THREAD: 1000000
SLOOPY VALUE: 256
TIME: 1.680861
SUM: 59000000
THREADS: 59
COUNT PER THREAD: 1000000
SLOOPY VALUE: 256
TIME: 1.631339
SUM: 59000000
THREADS: 59
COUNT PER THREAD: 1000000
SLOOPY VALUE: 256
TIME: 1.678744
SUM: 59000000
THREADS: 59
COUNT PER THREAD: 1000000
SLOOPY VALUE: 256
TIME: 1.670053
SUM: 59000000
THREADS: 59
COUNT PER THREAD: 1000000
SLOOPY VALUE: 256
TIME: 1.605862
SUM: 59000000
THREADS: 59
COUNT PER THREAD: 1000000
SLOOPY VALUE: 256
TIME: 1.633504
SUM: 59000000
THREADS: 59
COUNT PER THREAD: 1000000
SLOOPY VALUE: 256
TIME: 1.673825
SUM: 59000000
THREADS: 59
COUNT PER THREAD: 1000000
SLOOPY VALUE: 256
TIME: 1.658522
SUM: 59000000
THREADS: 59
COUNT PER THREAD: 1000000
SLOOPY VALUE: 256
TIME: 1.694218
SUM: 59000000
THREADS: 60
COUNT PER THREAD: 1000000
SLOOPY VALUE: 256
TIME: 1.690882
SUM: 60000000
THREADS: 60
COUNT PER THREAD: 1000000
SLOOPY VALUE: 256
TIME: 1.696154
SUM: 60000000
THREADS: 60
COUNT PER THREAD: 1000000
SLOOPY VALUE: 256
TIME: 1.714430
SUM: 60000000
THREADS: 60
COUNT PER THREAD: 1000000
SLOOPY VALUE: 256
TIME: 1.683900
SUM: 60000000
THREADS: 60
COUNT PER THREAD: 1000000
SLOOPY VALUE: 256
TIME: 1.706511
SUM: 60000000
THREADS: 60
COUNT PER THREAD: 1000000
SLOOPY VALUE: 256
TIME: 1.673585
SUM: 60000000
THREADS: 60
COUNT PER THREAD: 1000000
SLOOPY VALUE: 256
TIME: 1.701335
SUM: 60000000
THREADS: 60
COUNT PER THREAD: 1000000
SLOOPY VALUE: 256
TIME: 1.669024
SUM: 60000000
THREADS: 60
COUNT PER THREAD: 1000000
SLOOPY VALUE: 256
TIME: 1.729196
SUM: 60000000
THREADS: 60
COUNT PER THREAD: 1000000
SLOOPY VALUE: 256
TIME: 1.701991
SUM: 60000000
THREADS: 61
COUNT PER THREAD: 1000000
SLOOPY VALUE: 256
TIME: 1.579367
SUM: 61000000
THREADS: 61
COUNT PER THREAD: 1000000
SLOOPY VALUE: 256
TIME: 1.717111
SUM: 61000000
THREADS: 61
COUNT PER THREAD: 1000000
SLOOPY VALUE: 256
TIME: 1.854586
SUM: 61000000
THREADS: 61
COUNT PER THREAD: 1000000
SLOOPY VALUE: 256
TIME: 1.755581
SUM: 61000000
THREADS: 61
COUNT PER THREAD: 1000000
SLOOPY VALUE: 256
TIME: 1.716315
SUM: 61000000
THREADS: 61
COUNT PER THREAD: 1000000
SLOOPY VALUE: 256
TIME: 1.687340
SUM: 61000000
THREADS: 61
COUNT PER THREAD: 1000000
SLOOPY VALUE: 256
TIME: 1.665291
SUM: 61000000
THREADS: 61
COUNT PER THREAD: 1000000
SLOOPY VALUE: 256
TIME: 1.693861
SUM: 61000000
THREADS: 61
COUNT PER THREAD: 1000000
SLOOPY VALUE: 256
TIME: 1.721209
SUM: 61000000
THREADS: 61
COUNT PER THREAD: 1000000
SLOOPY VALUE: 256
TIME: 1.684111
SUM: 61000000
THREADS: 62
COUNT PER THREAD: 1000000
SLOOPY VALUE: 256
TIME: 1.728983
SUM: 62000000
THREADS: 62
COUNT PER THREAD: 1000000
SLOOPY VALUE: 256
TIME: 1.646861
SUM: 62000000
THREADS: 62
COUNT PER THREAD: 1000000
SLOOPY VALUE: 256
TIME: 1.655870
SUM: 62000000
THREADS: 62
COUNT PER THREAD: 1000000
SLOOPY VALUE: 256
TIME: 1.654702
SUM: 62000000
THREADS: 62
COUNT PER THREAD: 1000000
SLOOPY VALUE: 256
TIME: 1.681512
SUM: 62000000
THREADS: 62
COUNT PER THREAD: 1000000
SLOOPY VALUE: 256
TIME: 1.760014
SUM: 62000000
THREADS: 62
COUNT PER THREAD: 1000000
SLOOPY VALUE: 256
TIME: 1.608041
SUM: 62000000
THREADS: 62
COUNT PER THREAD: 1000000
SLOOPY VALUE: 256
TIME: 1.672544
SUM: 62000000
THREADS: 62
COUNT PER THREAD: 1000000
SLOOPY VALUE: 256
TIME: 1.692467
SUM: 62000000
THREADS: 62
COUNT PER THREAD: 1000000
SLOOPY VALUE: 256
TIME: 1.602030
SUM: 62000000
THREADS: 63
COUNT PER THREAD: 1000000
SLOOPY VALUE: 256
TIME: 1.639582
SUM: 63000000
THREADS: 63
COUNT PER THREAD: 1000000
SLOOPY VALUE: 256
TIME: 1.634545
SUM: 63000000
THREADS: 63
COUNT PER THREAD: 1000000
SLOOPY VALUE: 256
TIME: 1.626649
SUM: 63000000
THREADS: 63
COUNT PER THREAD: 1000000
SLOOPY VALUE: 256
TIME: 1.623448
SUM: 63000000
THREADS: 63
COUNT PER THREAD: 1000000
SLOOPY VALUE: 256
TIME: 1.644844
SUM: 63000000
THREADS: 63
COUNT PER THREAD: 1000000
SLOOPY VALUE: 256
TIME: 1.619340
SUM: 63000000
THREADS: 63
COUNT PER THREAD: 1000000
SLOOPY VALUE: 256
TIME: 1.629368
SUM: 63000000
THREADS: 63
COUNT PER THREAD: 1000000
SLOOPY VALUE: 256
TIME: 1.629088
SUM: 63000000
THREADS: 63
COUNT PER THREAD: 1000000
SLOOPY VALUE: 256
TIME: 1.647576
SUM: 63000000
THREADS: 63
COUNT PER THREAD: 1000000
SLOOPY VALUE: 256
TIME: 1.613946
SUM: 63000000
THREADS: 64
COUNT PER THREAD: 1000000
SLOOPY VALUE: 256
TIME: 1.631627
SUM: 64000000
THREADS: 64
COUNT PER THREAD: 1000000
SLOOPY VALUE: 256
TIME: 1.721957
SUM: 64000000
THREADS: 64
COUNT PER THREAD: 1000000
SLOOPY VALUE: 256
TIME: 1.712258
SUM: 64000000
THREADS: 64
COUNT PER THREAD: 1000000
SLOOPY VALUE: 256
TIME: 1.628462
SUM: 64000000
THREADS: 64
COUNT PER THREAD: 1000000
SLOOPY VALUE: 256
TIME: 1.623941
SUM: 64000000
THREADS: 64
COUNT PER THREAD: 1000000
SLOOPY VALUE: 256
TIME: 1.736594
SUM: 64000000
THREADS: 64
COUNT PER THREAD: 1000000
SLOOPY VALUE: 256
TIME: 1.825966
SUM: 64000000
THREADS: 64
COUNT PER THREAD: 1000000
SLOOPY VALUE: 256
TIME: 1.804954
SUM: 64000000
THREADS: 64
COUNT PER THREAD: 1000000
SLOOPY VALUE: 256
TIME: 1.835137
SUM: 64000000
THREADS: 64
COUNT PER THREAD: 1000000
SLOOPY VALUE: 256
TIME: 2.026341
SUM: 64000000
THREADS: 65
COUNT PER THREAD: 1000000
SLOOPY VALUE: 256
TIME: 1.707813
SUM: 65000000
THREADS: 65
COUNT PER THREAD: 1000000
SLOOPY VALUE: 256
TIME: 1.684511
SUM: 65000000
THREADS: 65
COUNT PER THREAD: 1000000
SLOOPY VALUE: 256
TIME: 1.796146
SUM: 65000000
THREADS: 65
COUNT PER THREAD: 1000000
SLOOPY VALUE: 256
TIME: 1.681558
SUM: 65000000
THREADS: 65
COUNT PER THREAD: 1000000
SLOOPY VALUE: 256
TIME: 1.784413
SUM: 65000000
THREADS: 65
COUNT PER THREAD: 1000000
SLOOPY VALUE: 256
TIME: 1.802459
SUM: 65000000
THREADS: 65
COUNT PER THREAD: 1000000
SLOOPY VALUE: 256
TIME: 1.699156
SUM: 65000000
THREADS: 65
COUNT PER THREAD: 1000000
SLOOPY VALUE: 256
TIME: 1.781909
SUM: 65000000
THREADS: 65
COUNT PER THREAD: 1000000
SLOOPY VALUE: 256
TIME: 1.687225
SUM: 65000000
THREADS: 65
COUNT PER THREAD: 1000000
SLOOPY VALUE: 256
TIME: 1.707924
SUM: 65000000
THREADS: 66
COUNT PER THREAD: 1000000
SLOOPY VALUE: 256
TIME: 1.682900
SUM: 66000000
THREADS: 66
COUNT PER THREAD: 1000000
SLOOPY VALUE: 256
TIME: 1.698224
SUM: 66000000
THREADS: 66
COUNT PER THREAD: 1000000
SLOOPY VALUE: 256
TIME: 1.710577
SUM: 66000000
THREADS: 66
COUNT PER THREAD: 1000000
SLOOPY VALUE: 256
TIME: 1.679187
SUM: 66000000
THREADS: 66
COUNT PER THREAD: 1000000
SLOOPY VALUE: 256
TIME: 1.693073
SUM: 66000000
THREADS: 66
COUNT PER THREAD: 1000000
SLOOPY VALUE: 256
TIME: 1.728069
SUM: 66000000
THREADS: 66
COUNT PER THREAD: 1000000
SLOOPY VALUE: 256
TIME: 1.780971
SUM: 66000000
THREADS: 66
COUNT PER THREAD: 1000000
SLOOPY VALUE: 256
TIME: 1.868203
SUM: 66000000
THREADS: 66
COUNT PER THREAD: 1000000
SLOOPY VALUE: 256
TIME: 1.852235
SUM: 66000000
THREADS: 66
COUNT PER THREAD: 1000000
SLOOPY VALUE: 256
TIME: 1.811889
SUM: 66000000
THREADS: 67
COUNT PER THREAD: 1000000
SLOOPY VALUE: 256
TIME: 1.833548
SUM: 67000000
THREADS: 67
COUNT PER THREAD: 1000000
SLOOPY VALUE: 256
TIME: 1.874086
SUM: 67000000
THREADS: 67
COUNT PER THREAD: 1000000
SLOOPY VALUE: 256
TIME: 1.744320
SUM: 67000000
THREADS: 67
COUNT PER THREAD: 1000000
SLOOPY VALUE: 256
TIME: 2.703428
SUM: 67000000
THREADS: 67
COUNT PER THREAD: 1000000
SLOOPY VALUE: 256
TIME: 2.246112
SUM: 67000000
THREADS: 67
COUNT PER THREAD: 1000000
SLOOPY VALUE: 256
TIME: 2.048973
SUM: 67000000
THREADS: 67
COUNT PER THREAD: 1000000
SLOOPY VALUE: 256
TIME: 2.297560
SUM: 67000000
THREADS: 67
COUNT PER THREAD: 1000000
SLOOPY VALUE: 256
TIME: 2.197016
SUM: 67000000
THREADS: 67
COUNT PER THREAD: 1000000
SLOOPY VALUE: 256
TIME: 1.953509
SUM: 67000000
THREADS: 67
COUNT PER THREAD: 1000000
SLOOPY VALUE: 256
TIME: 2.165845
SUM: 67000000
THREADS: 68
COUNT PER THREAD: 1000000
SLOOPY VALUE: 256
TIME: 1.865902
SUM: 68000000
THREADS: 68
COUNT PER THREAD: 1000000
SLOOPY VALUE: 256
TIME: 1.906712
SUM: 68000000
THREADS: 68
COUNT PER THREAD: 1000000
SLOOPY VALUE: 256
TIME: 1.811901
SUM: 68000000
THREADS: 68
COUNT PER THREAD: 1000000
SLOOPY VALUE: 256
TIME: 2.254966
SUM: 68000000
THREADS: 68
COUNT PER THREAD: 1000000
SLOOPY VALUE: 256
TIME: 1.915684
SUM: 68000000
THREADS: 68
COUNT PER THREAD: 1000000
SLOOPY VALUE: 256
TIME: 1.887741
SUM: 68000000
THREADS: 68
COUNT PER THREAD: 1000000
SLOOPY VALUE: 256
TIME: 1.796527
SUM: 68000000
THREADS: 68
COUNT PER THREAD: 1000000
SLOOPY VALUE: 256
TIME: 1.854815
SUM: 68000000
THREADS: 68
COUNT PER THREAD: 1000000
SLOOPY VALUE: 256
TIME: 1.777964
SUM: 68000000
THREADS: 68
COUNT PER THREAD: 1000000
SLOOPY VALUE: 256
TIME: 1.614909
SUM: 68000000
THREADS: 69
COUNT PER THREAD: 1000000
SLOOPY VALUE: 256
TIME: 1.632593
SUM: 69000000
THREADS: 69
COUNT PER THREAD: 1000000
SLOOPY VALUE: 256
TIME: 1.631920
SUM: 69000000
THREADS: 69
COUNT PER THREAD: 1000000
SLOOPY VALUE: 256
TIME: 1.699721
SUM: 69000000
THREADS: 69
COUNT PER THREAD: 1000000
SLOOPY VALUE: 256
TIME: 1.864863
SUM: 69000000
THREADS: 69
COUNT PER THREAD: 1000000
SLOOPY VALUE: 256
TIME: 1.839465
SUM: 69000000
THREADS: 69
COUNT PER THREAD: 1000000
SLOOPY VALUE: 256
TIME: 1.755854
SUM: 69000000
THREADS: 69
COUNT PER THREAD: 1000000
SLOOPY VALUE: 256
TIME: 1.813350
SUM: 69000000
THREADS: 69
COUNT PER THREAD: 1000000
SLOOPY VALUE: 256
TIME: 1.808326
SUM: 69000000
THREADS: 69
COUNT PER THREAD: 1000000
SLOOPY VALUE: 256
TIME: 1.827485
SUM: 69000000
THREADS: 69
COUNT PER THREAD: 1000000
SLOOPY VALUE: 256
TIME: 1.678803
SUM: 69000000
THREADS: 70
COUNT PER THREAD: 1000000
SLOOPY VALUE: 256
TIME: 1.638869
SUM: 70000000
THREADS: 70
COUNT PER THREAD: 1000000
SLOOPY VALUE: 256
TIME: 1.672306
SUM: 70000000
THREADS: 70
COUNT PER THREAD: 1000000
SLOOPY VALUE: 256
TIME: 1.649184
SUM: 70000000
THREADS: 70
COUNT PER THREAD: 1000000
SLOOPY VALUE: 256
TIME: 1.683783
SUM: 70000000
THREADS: 70
COUNT PER THREAD: 1000000
SLOOPY VALUE: 256
TIME: 1.651952
SUM: 70000000
THREADS: 70
COUNT PER THREAD: 1000000
SLOOPY VALUE: 256
TIME: 1.652807
SUM: 70000000
THREADS: 70
COUNT PER THREAD: 1000000
SLOOPY VALUE: 256
TIME: 1.649243
SUM: 70000000
THREADS: 70
COUNT PER THREAD: 1000000
SLOOPY VALUE: 256
TIME: 1.672734
SUM: 70000000
THREADS: 70
COUNT PER THREAD: 1000000
SLOOPY VALUE: 256
TIME: 1.670867
SUM: 70000000
THREADS: 70
COUNT PER THREAD: 1000000
SLOOPY VALUE: 256
TIME: 1.649015
SUM: 70000000
THREADS: 71
COUNT PER THREAD: 1000000
SLOOPY VALUE: 256
TIME: 1.684605
SUM: 71000000
THREADS: 71
COUNT PER THREAD: 1000000
SLOOPY VALUE: 256
TIME: 1.694025
SUM: 71000000
THREADS: 71
COUNT PER THREAD: 1000000
SLOOPY VALUE: 256
TIME: 1.661690
SUM: 71000000
THREADS: 71
COUNT PER THREAD: 1000000
SLOOPY VALUE: 256
TIME: 1.681562
SUM: 71000000
THREADS: 71
COUNT PER THREAD: 1000000
SLOOPY VALUE: 256
TIME: 1.678897
SUM: 71000000
THREADS: 71
COUNT PER THREAD: 1000000
SLOOPY VALUE: 256
TIME: 1.910562
SUM: 71000000
THREADS: 71
COUNT PER THREAD: 1000000
SLOOPY VALUE: 256
TIME: 1.697336
SUM: 71000000
THREADS: 71
COUNT PER THREAD: 1000000
SLOOPY VALUE: 256
TIME: 1.701567
SUM: 71000000
THREADS: 71
COUNT PER THREAD: 1000000
SLOOPY VALUE: 256
TIME: 1.686454
SUM: 71000000
THREADS: 71
COUNT PER THREAD: 1000000
SLOOPY VALUE: 256
TIME: 1.663184
SUM: 71000000
THREADS: 72
COUNT PER THREAD: 1000000
SLOOPY VALUE: 256
TIME: 2.084220
SUM: 72000000
THREADS: 72
COUNT PER THREAD: 1000000
SLOOPY VALUE: 256
TIME: 2.158780
SUM: 72000000
THREADS: 72
COUNT PER THREAD: 1000000
SLOOPY VALUE: 256
TIME: 2.154577
SUM: 72000000
THREADS: 72
COUNT PER THREAD: 1000000
SLOOPY VALUE: 256
TIME: 2.037579
SUM: 72000000
THREADS: 72
COUNT PER THREAD: 1000000
SLOOPY VALUE: 256
TIME: 2.199113
SUM: 72000000
THREADS: 72
COUNT PER THREAD: 1000000
SLOOPY VALUE: 256
TIME: 2.170593
SUM: 72000000
THREADS: 72
COUNT PER THREAD: 1000000
SLOOPY VALUE: 256
TIME: 2.146196
SUM: 72000000
THREADS: 72
COUNT PER THREAD: 1000000
SLOOPY VALUE: 256
TIME: 2.126366
SUM: 72000000
THREADS: 72
COUNT PER THREAD: 1000000
SLOOPY VALUE: 256
TIME: 2.091366
SUM: 72000000
THREADS: 72
COUNT PER THREAD: 1000000
SLOOPY VALUE: 256
TIME: 2.075385
SUM: 72000000
THREADS: 73
COUNT PER THREAD: 1000000
SLOOPY VALUE: 256
TIME: 2.103885
SUM: 73000000
THREADS: 73
COUNT PER THREAD: 1000000
SLOOPY VALUE: 256
TIME: 1.952075
SUM: 73000000
THREADS: 73
COUNT PER THREAD: 1000000
SLOOPY VALUE: 256
TIME: 1.965957
SUM: 73000000
THREADS: 73
COUNT PER THREAD: 1000000
SLOOPY VALUE: 256
TIME: 1.946558
SUM: 73000000
THREADS: 73
COUNT PER THREAD: 1000000
SLOOPY VALUE: 256
TIME: 1.979070
SUM: 73000000
THREADS: 73
COUNT PER THREAD: 1000000
SLOOPY VALUE: 256
TIME: 1.924705
SUM: 73000000
THREADS: 73
COUNT PER THREAD: 1000000
SLOOPY VALUE: 256
TIME: 1.911002
SUM: 73000000
THREADS: 73
COUNT PER THREAD: 1000000
SLOOPY VALUE: 256
TIME: 1.946485
SUM: 73000000
THREADS: 73
COUNT PER THREAD: 1000000
SLOOPY VALUE: 256
TIME: 1.919758
SUM: 73000000
THREADS: 73
COUNT PER THREAD: 1000000
SLOOPY VALUE: 256
TIME: 1.951379
SUM: 73000000
THREADS: 74
COUNT PER THREAD: 1000000
SLOOPY VALUE: 256
TIME: 2.087625
SUM: 74000000
THREADS: 74
COUNT PER THREAD: 1000000
SLOOPY VALUE: 256
TIME: 2.036511
SUM: 74000000
THREADS: 74
COUNT PER THREAD: 1000000
SLOOPY VALUE: 256
TIME: 2.115244
SUM: 74000000
THREADS: 74
COUNT PER THREAD: 1000000
SLOOPY VALUE: 256
TIME: 2.170202
SUM: 74000000
THREADS: 74
COUNT PER THREAD: 1000000
SLOOPY VALUE: 256
TIME: 2.060010
SUM: 74000000
THREADS: 74
COUNT PER THREAD: 1000000
SLOOPY VALUE: 256
TIME: 1.966240
SUM: 74000000
THREADS: 74
COUNT PER THREAD: 1000000
SLOOPY VALUE: 256
TIME: 2.134946
SUM: 74000000
THREADS: 74
COUNT PER THREAD: 1000000
SLOOPY VALUE: 256
TIME: 2.056835
SUM: 74000000
THREADS: 74
COUNT PER THREAD: 1000000
SLOOPY VALUE: 256
TIME: 2.097571
SUM: 74000000
THREADS: 74
COUNT PER THREAD: 1000000
SLOOPY VALUE: 256
TIME: 2.081240
SUM: 74000000
THREADS: 75
COUNT PER THREAD: 1000000
SLOOPY VALUE: 256
TIME: 1.892526
SUM: 75000000
THREADS: 75
COUNT PER THREAD: 1000000
SLOOPY VALUE: 256
TIME: 1.944483
SUM: 75000000
THREADS: 75
COUNT PER THREAD: 1000000
SLOOPY VALUE: 256
TIME: 1.890562
SUM: 75000000
THREADS: 75
COUNT PER THREAD: 1000000
SLOOPY VALUE: 256
TIME: 1.869857
SUM: 75000000
THREADS: 75
COUNT PER THREAD: 1000000
SLOOPY VALUE: 256
TIME: 1.864873
SUM: 75000000
THREADS: 75
COUNT PER THREAD: 1000000
SLOOPY VALUE: 256
TIME: 1.835071
SUM: 75000000
THREADS: 75
COUNT PER THREAD: 1000000
SLOOPY VALUE: 256
TIME: 1.911951
SUM: 75000000
THREADS: 75
COUNT PER THREAD: 1000000
SLOOPY VALUE: 256
TIME: 1.855838
SUM: 75000000
THREADS: 75
COUNT PER THREAD: 1000000
SLOOPY VALUE: 256
TIME: 1.845879
SUM: 75000000
THREADS: 75
COUNT PER THREAD: 1000000
SLOOPY VALUE: 256
TIME: 1.806203
SUM: 75000000
THREADS: 76
COUNT PER THREAD: 1000000
SLOOPY VALUE: 256
TIME: 1.820458
SUM: 76000000
THREADS: 76
COUNT PER THREAD: 1000000
SLOOPY VALUE: 256
TIME: 1.823005
SUM: 76000000
THREADS: 76
COUNT PER THREAD: 1000000
SLOOPY VALUE: 256
TIME: 1.863931
SUM: 76000000
THREADS: 76
COUNT PER THREAD: 1000000
SLOOPY VALUE: 256
TIME: 1.858050
SUM: 76000000
THREADS: 76
COUNT PER THREAD: 1000000
SLOOPY VALUE: 256
TIME: 1.833837
SUM: 76000000
THREADS: 76
COUNT PER THREAD: 1000000
SLOOPY VALUE: 256
TIME: 1.805494
SUM: 76000000
THREADS: 76
COUNT PER THREAD: 1000000
SLOOPY VALUE: 256
TIME: 1.819932
SUM: 76000000
THREADS: 76
COUNT PER THREAD: 1000000
SLOOPY VALUE: 256
TIME: 1.928808
SUM: 76000000
THREADS: 76
COUNT PER THREAD: 1000000
SLOOPY VALUE: 256
TIME: 1.878787
SUM: 76000000
THREADS: 76
COUNT PER THREAD: 1000000
SLOOPY VALUE: 256
TIME: 1.921173
SUM: 76000000
THREADS: 77
COUNT PER THREAD: 1000000
SLOOPY VALUE: 256
TIME: 1.886127
SUM: 77000000
THREADS: 77
COUNT PER THREAD: 1000000
SLOOPY VALUE: 256
TIME: 1.938120
SUM: 77000000
THREADS: 77
COUNT PER THREAD: 1000000
SLOOPY VALUE: 256
TIME: 1.870227
SUM: 77000000
THREADS: 77
COUNT PER THREAD: 1000000
SLOOPY VALUE: 256
TIME: 1.883387
SUM: 77000000
THREADS: 77
COUNT PER THREAD: 1000000
SLOOPY VALUE: 256
TIME: 1.904452
SUM: 77000000
THREADS: 77
COUNT PER THREAD: 1000000
SLOOPY VALUE: 256
TIME: 1.936045
SUM: 77000000
THREADS: 77
COUNT PER THREAD: 1000000
SLOOPY VALUE: 256
TIME: 1.989521
SUM: 77000000
THREADS: 77
COUNT PER THREAD: 1000000
SLOOPY VALUE: 256
TIME: 1.864333
SUM: 77000000
THREADS: 77
COUNT PER THREAD: 1000000
SLOOPY VALUE: 256
TIME: 1.888791
SUM: 77000000
THREADS: 77
COUNT PER THREAD: 1000000
SLOOPY VALUE: 256
TIME: 1.959191
SUM: 77000000
THREADS: 78
COUNT PER THREAD: 1000000
SLOOPY VALUE: 256
TIME: 1.871178
SUM: 78000000
THREADS: 78
COUNT PER THREAD: 1000000
SLOOPY VALUE: 256
TIME: 1.934512
SUM: 78000000
THREADS: 78
COUNT PER THREAD: 1000000
SLOOPY VALUE: 256
TIME: 1.907306
SUM: 78000000
THREADS: 78
COUNT PER THREAD: 1000000
SLOOPY VALUE: 256
TIME: 1.883371
SUM: 78000000
THREADS: 78
COUNT PER THREAD: 1000000
SLOOPY VALUE: 256
TIME: 1.924474
SUM: 78000000
THREADS: 78
COUNT PER THREAD: 1000000
SLOOPY VALUE: 256
TIME: 1.889132
SUM: 78000000
THREADS: 78
COUNT PER THREAD: 1000000
SLOOPY VALUE: 256
TIME: 1.900473
SUM: 78000000
THREADS: 78
COUNT PER THREAD: 1000000
SLOOPY VALUE: 256
TIME: 1.906365
SUM: 78000000
THREADS: 78
COUNT PER THREAD: 1000000
SLOOPY VALUE: 256
TIME: 1.889381
SUM: 78000000
THREADS: 78
COUNT PER THREAD: 1000000
SLOOPY VALUE: 256
TIME: 1.912705
SUM: 78000000
THREADS: 79
COUNT PER THREAD: 1000000
SLOOPY VALUE: 256
TIME: 1.900276
SUM: 79000000
THREADS: 79
COUNT PER THREAD: 1000000
SLOOPY VALUE: 256
TIME: 1.919145
SUM: 79000000
THREADS: 79
COUNT PER THREAD: 1000000
SLOOPY VALUE: 256
TIME: 1.916769
SUM: 79000000
THREADS: 79
COUNT PER THREAD: 1000000
SLOOPY VALUE: 256
TIME: 1.918063
SUM: 79000000
THREADS: 79
COUNT PER THREAD: 1000000
SLOOPY VALUE: 256
TIME: 1.929204
SUM: 79000000
THREADS: 79
COUNT PER THREAD: 1000000
SLOOPY VALUE: 256
TIME: 1.931680
SUM: 79000000
THREADS: 79
COUNT PER THREAD: 1000000
SLOOPY VALUE: 256
TIME: 1.906395
SUM: 79000000
THREADS: 79
COUNT PER THREAD: 1000000
SLOOPY VALUE: 256
TIME: 1.887413
SUM: 79000000
THREADS: 79
COUNT PER THREAD: 1000000
SLOOPY VALUE: 256
TIME: 1.870270
SUM: 79000000
THREADS: 79
COUNT PER THREAD: 1000000
SLOOPY VALUE: 256
TIME: 1.871925
SUM: 79000000
THREADS: 80
COUNT PER THREAD: 1000000
SLOOPY VALUE: 256
TIME: 2.124023
SUM: 80000000
THREADS: 80
COUNT PER THREAD: 1000000
SLOOPY VALUE: 256
TIME: 2.100066
SUM: 80000000
THREADS: 80
COUNT PER THREAD: 1000000
SLOOPY VALUE: 256
TIME: 2.059455
SUM: 80000000
THREADS: 80
COUNT PER THREAD: 1000000
SLOOPY VALUE: 256
TIME: 2.133107
SUM: 80000000
THREADS: 80
COUNT PER THREAD: 1000000
SLOOPY VALUE: 256
TIME: 2.155671
SUM: 80000000
THREADS: 80
COUNT PER THREAD: 1000000
SLOOPY VALUE: 256
TIME: 2.159436
SUM: 80000000
THREADS: 80
COUNT PER THREAD: 1000000
SLOOPY VALUE: 256
TIME: 2.145476
SUM: 80000000
THREADS: 80
COUNT PER THREAD: 1000000
SLOOPY VALUE: 256
TIME: 2.040753
SUM: 80000000
THREADS: 80
COUNT PER THREAD: 1000000
SLOOPY VALUE: 256
TIME: 2.121988
SUM: 80000000
THREADS: 80
COUNT PER THREAD: 1000000
SLOOPY VALUE: 256
TIME: 2.219735
SUM: 80000000
THREADS: 81
COUNT PER THREAD: 1000000
SLOOPY VALUE: 256
TIME: 2.233448
SUM: 81000000
THREADS: 81
COUNT PER THREAD: 1000000
SLOOPY VALUE: 256
TIME: 2.117514
SUM: 81000000
THREADS: 81
COUNT PER THREAD: 1000000
SLOOPY VALUE: 256
TIME: 2.117370
SUM: 81000000
THREADS: 81
COUNT PER THREAD: 1000000
SLOOPY VALUE: 256
TIME: 2.157484
SUM: 81000000
THREADS: 81
COUNT PER THREAD: 1000000
SLOOPY VALUE: 256
TIME: 2.104772
SUM: 81000000
THREADS: 81
COUNT PER THREAD: 1000000
SLOOPY VALUE: 256
TIME: 2.153542
SUM: 81000000
THREADS: 81
COUNT PER THREAD: 1000000
SLOOPY VALUE: 256
TIME: 1.999120
SUM: 81000000
THREADS: 81
COUNT PER THREAD: 1000000
SLOOPY VALUE: 256
TIME: 2.122834
SUM: 81000000
THREADS: 81
COUNT PER THREAD: 1000000
SLOOPY VALUE: 256
TIME: 2.168946
SUM: 81000000
THREADS: 81
COUNT PER THREAD: 1000000
SLOOPY VALUE: 256
TIME: 2.108617
SUM: 81000000
THREADS: 82
COUNT PER THREAD: 1000000
SLOOPY VALUE: 256
TIME: 2.120525
SUM: 82000000
THREADS: 82
COUNT PER THREAD: 1000000
SLOOPY VALUE: 256
TIME: 2.334595
SUM: 82000000
THREADS: 82
COUNT PER THREAD: 1000000
SLOOPY VALUE: 256
TIME: 2.286668
SUM: 82000000
THREADS: 82
COUNT PER THREAD: 1000000
SLOOPY VALUE: 256
TIME: 2.136055
SUM: 82000000
THREADS: 82
COUNT PER THREAD: 1000000
SLOOPY VALUE: 256
TIME: 2.098466
SUM: 82000000
THREADS: 82
COUNT PER THREAD: 1000000
SLOOPY VALUE: 256
TIME: 2.266753
SUM: 82000000
THREADS: 82
COUNT PER THREAD: 1000000
SLOOPY VALUE: 256
TIME: 2.471445
SUM: 82000000
THREADS: 82
COUNT PER THREAD: 1000000
SLOOPY VALUE: 256
TIME: 2.231694
SUM: 82000000
THREADS: 82
COUNT PER THREAD: 1000000
SLOOPY VALUE: 256
TIME: 2.316711
SUM: 82000000
THREADS: 82
COUNT PER THREAD: 1000000
SLOOPY VALUE: 256
TIME: 2.219504
SUM: 82000000
THREADS: 83
COUNT PER THREAD: 1000000
SLOOPY VALUE: 256
TIME: 2.348896
SUM: 83000000
THREADS: 83
COUNT PER THREAD: 1000000
SLOOPY VALUE: 256
TIME: 2.316824
SUM: 83000000
THREADS: 83
COUNT PER THREAD: 1000000
SLOOPY VALUE: 256
TIME: 2.187961
SUM: 83000000
THREADS: 83
COUNT PER THREAD: 1000000
SLOOPY VALUE: 256
TIME: 2.589388
SUM: 83000000
THREADS: 83
COUNT PER THREAD: 1000000
SLOOPY VALUE: 256
TIME: 2.345020
SUM: 83000000
THREADS: 83
COUNT PER THREAD: 1000000
SLOOPY VALUE: 256
TIME: 2.318281
SUM: 83000000
THREADS: 83
COUNT PER THREAD: 1000000
SLOOPY VALUE: 256
TIME: 2.351525
SUM: 83000000
THREADS: 83
COUNT PER THREAD: 1000000
SLOOPY VALUE: 256
TIME: 2.478384
SUM: 83000000
THREADS: 83
COUNT PER THREAD: 1000000
SLOOPY VALUE: 256
TIME: 2.205179
SUM: 83000000
THREADS: 83
COUNT PER THREAD: 1000000
SLOOPY VALUE: 256
TIME: 2.144500
SUM: 83000000
THREADS: 84
COUNT PER THREAD: 1000000
SLOOPY VALUE: 256
TIME: 2.064698
SUM: 84000000
THREADS: 84
COUNT PER THREAD: 1000000
SLOOPY VALUE: 256
TIME: 2.155150
SUM: 84000000
THREADS: 84
COUNT PER THREAD: 1000000
SLOOPY VALUE: 256
TIME: 2.239246
SUM: 84000000
THREADS: 84
COUNT PER THREAD: 1000000
SLOOPY VALUE: 256
TIME: 2.248136
SUM: 84000000
THREADS: 84
COUNT PER THREAD: 1000000
SLOOPY VALUE: 256
TIME: 2.144856
SUM: 84000000
THREADS: 84
COUNT PER THREAD: 1000000
SLOOPY VALUE: 256
TIME: 2.297905
SUM: 84000000
THREADS: 84
COUNT PER THREAD: 1000000
SLOOPY VALUE: 256
TIME: 2.227963
SUM: 84000000
THREADS: 84
COUNT PER THREAD: 1000000
SLOOPY VALUE: 256
TIME: 2.079100
SUM: 84000000
THREADS: 84
COUNT PER THREAD: 1000000
SLOOPY VALUE: 256
TIME: 2.118521
SUM: 84000000
THREADS: 84
COUNT PER THREAD: 1000000
SLOOPY VALUE: 256
TIME: 2.167749
SUM: 84000000
THREADS: 85
COUNT PER THREAD: 1000000
SLOOPY VALUE: 256
TIME: 2.167295
SUM: 85000000
THREADS: 85
COUNT PER THREAD: 1000000
SLOOPY VALUE: 256
TIME: 2.090998
SUM: 85000000
THREADS: 85
COUNT PER THREAD: 1000000
SLOOPY VALUE: 256
TIME: 2.151332
SUM: 85000000
THREADS: 85
COUNT PER THREAD: 1000000
SLOOPY VALUE: 256
TIME: 2.222913
SUM: 85000000
THREADS: 85
COUNT PER THREAD: 1000000
SLOOPY VALUE: 256
TIME: 2.234208
SUM: 85000000
THREADS: 85
COUNT PER THREAD: 1000000
SLOOPY VALUE: 256
TIME: 2.211028
SUM: 85000000
THREADS: 85
COUNT PER THREAD: 1000000
SLOOPY VALUE: 256
TIME: 2.312570
SUM: 85000000
THREADS: 85
COUNT PER THREAD: 1000000
SLOOPY VALUE: 256
TIME: 2.201241
SUM: 85000000
THREADS: 85
COUNT PER THREAD: 1000000
SLOOPY VALUE: 256
TIME: 2.267711
SUM: 85000000
THREADS: 85
COUNT PER THREAD: 1000000
SLOOPY VALUE: 256
TIME: 2.188797
SUM: 85000000
THREADS: 86
COUNT PER THREAD: 1000000
SLOOPY VALUE: 256
TIME: 2.081675
SUM: 86000000
THREADS: 86
COUNT PER THREAD: 1000000
SLOOPY VALUE: 256
TIME: 2.053479
SUM: 86000000
THREADS: 86
COUNT PER THREAD: 1000000
SLOOPY VALUE: 256
TIME: 2.071704
SUM: 86000000
THREADS: 86
COUNT PER THREAD: 1000000
SLOOPY VALUE: 256
TIME: 2.101444
SUM: 86000000
THREADS: 86
COUNT PER THREAD: 1000000
SLOOPY VALUE: 256
TIME: 2.071061
SUM: 86000000
THREADS: 86
COUNT PER THREAD: 1000000
SLOOPY VALUE: 256
TIME: 2.057077
SUM: 86000000
THREADS: 86
COUNT PER THREAD: 1000000
SLOOPY VALUE: 256
TIME: 2.090726
SUM: 86000000
THREADS: 86
COUNT PER THREAD: 1000000
SLOOPY VALUE: 256
TIME: 2.061111
SUM: 86000000
THREADS: 86
COUNT PER THREAD: 1000000
SLOOPY VALUE: 256
TIME: 2.045692
SUM: 86000000
THREADS: 86
COUNT PER THREAD: 1000000
SLOOPY VALUE: 256
TIME: 2.085698
SUM: 86000000
THREADS: 87
COUNT PER THREAD: 1000000
SLOOPY VALUE: 256
TIME: 2.577855
SUM: 87000000
THREADS: 87
COUNT PER THREAD: 1000000
SLOOPY VALUE: 256
TIME: 2.047280
SUM: 87000000
THREADS: 87
COUNT PER THREAD: 1000000
SLOOPY VALUE: 256
TIME: 2.056925
SUM: 87000000
THREADS: 87
COUNT PER THREAD: 1000000
SLOOPY VALUE: 256
TIME: 2.052342
SUM: 87000000
THREADS: 87
COUNT PER THREAD: 1000000
SLOOPY VALUE: 256
TIME: 2.052342
SUM: 87000000
THREADS: 87
COUNT PER THREAD: 1000000
SLOOPY VALUE: 256
TIME: 2.052342
SUM: 87000000
THREADS: 87
COUNT PER THREAD: 1000000
SLOOPY VALUE: 256
TIME: 2.052342
SUM: 87000000
THREADS: 87
COUNT PER THREAD: 1000000
SLOOPY VALUE: 256
TIME: 2.052342
SUM: 87000000
THREADS: 87
COUNT PER THREAD: 1000000
SLOOPY VALUE: 256
TIME: 2.052342
SUM: 87000000
THREADS: 87
COUNT PER THREAD: 1000000
SLOOPY VALUE: 256
TIME: 3.437200
SUM: 87000000
THREADS: 88
COUNT PER THREAD: 1000000
SLOOPY VALUE: 256
TIME: 2.082981
SUM: 88000000
THREADS: 88
COUNT PER THREAD: 1000000
SLOOPY VALUE: 256
TIME: 2.084312
SUM: 88000000
THREADS: 88
COUNT PER THREAD: 1000000
SLOOPY VALUE: 256
TIME: 2.097439
SUM: 88000000
THREADS: 88
COUNT PER THREAD: 1000000
SLOOPY VALUE: 256
TIME: 2.081595
SUM: 88000000
THREADS: 88
COUNT PER THREAD: 1000000
SLOOPY VALUE: 256
TIME: 2.148296
SUM: 88000000
THREADS: 88
COUNT PER THREAD: 1000000
SLOOPY VALUE: 256
TIME: 2.283425
SUM: 88000000
THREADS: 88
COUNT PER THREAD: 1000000
SLOOPY VALUE: 256
TIME: 2.077567
SUM: 88000000
THREADS: 88
COUNT PER THREAD: 1000000
SLOOPY VALUE: 256
TIME: 2.108651
SUM: 88000000
THREADS: 88
COUNT PER THREAD: 1000000
SLOOPY VALUE: 256
TIME: 2.228420
SUM: 88000000
THREADS: 88
COUNT PER THREAD: 1000000
SLOOPY VALUE: 256
TIME: 2.351962
SUM: 88000000
THREADS: 89
COUNT PER THREAD: 1000000
SLOOPY VALUE: 256
TIME: 2.349456
SUM: 89000000
THREADS: 89
COUNT PER THREAD: 1000000
SLOOPY VALUE: 256
TIME: 2.102760
SUM: 89000000
THREADS: 89
COUNT PER THREAD: 1000000
SLOOPY VALUE: 256
TIME: 2.093192
SUM: 89000000
THREADS: 89
COUNT PER THREAD: 1000000
SLOOPY VALUE: 256
TIME: 2.089956
SUM: 89000000
THREADS: 89
COUNT PER THREAD: 1000000
SLOOPY VALUE: 256
TIME: 2.108190
SUM: 89000000
THREADS: 89
COUNT PER THREAD: 1000000
SLOOPY VALUE: 256
TIME: 2.095093
SUM: 89000000
THREADS: 89
COUNT PER THREAD: 1000000
SLOOPY VALUE: 256
TIME: 2.108057
SUM: 89000000
THREADS: 89
COUNT PER THREAD: 1000000
SLOOPY VALUE: 256
TIME: 2.095108
SUM: 89000000
THREADS: 89
COUNT PER THREAD: 1000000
SLOOPY VALUE: 256
TIME: 2.105491
SUM: 89000000
THREADS: 89
COUNT PER THREAD: 1000000
SLOOPY VALUE: 256
TIME: 2.101722
SUM: 89000000
THREADS: 90
COUNT PER THREAD: 1000000
SLOOPY VALUE: 256
TIME: 2.311859
SUM: 90000000
THREADS: 90
COUNT PER THREAD: 1000000
SLOOPY VALUE: 256
TIME: 2.144867
SUM: 90000000
THREADS: 90
COUNT PER THREAD: 1000000
SLOOPY VALUE: 256
TIME: 2.342274
SUM: 90000000
THREADS: 90
COUNT PER THREAD: 1000000
SLOOPY VALUE: 256
TIME: 2.431951
SUM: 90000000
THREADS: 90
COUNT PER THREAD: 1000000
SLOOPY VALUE: 256
TIME: 2.395069
SUM: 90000000
THREADS: 90
COUNT PER THREAD: 1000000
SLOOPY VALUE: 256
TIME: 2.540179
SUM: 90000000
THREADS: 90
COUNT PER THREAD: 1000000
SLOOPY VALUE: 256
TIME: 2.492343
SUM: 90000000
THREADS: 90
COUNT PER THREAD: 1000000
SLOOPY VALUE: 256
TIME: 2.515691
SUM: 90000000
THREADS: 90
COUNT PER THREAD: 1000000
SLOOPY VALUE: 256
TIME: 2.488475
SUM: 90000000
THREADS: 90
COUNT PER THREAD: 1000000
SLOOPY VALUE: 256
TIME: 2.372802
SUM: 90000000
THREADS: 91
COUNT PER THREAD: 1000000
SLOOPY VALUE: 256
TIME: 2.466402
SUM: 91000000
THREADS: 91
COUNT PER THREAD: 1000000
SLOOPY VALUE: 256
TIME: 2.255819
SUM: 91000000
THREADS: 91
COUNT PER THREAD: 1000000
SLOOPY VALUE: 256
TIME: 2.160918
SUM: 91000000
THREADS: 91
COUNT PER THREAD: 1000000
SLOOPY VALUE: 256
TIME: 2.152999
SUM: 91000000
THREADS: 91
COUNT PER THREAD: 1000000
SLOOPY VALUE: 256
TIME: 2.156547
SUM: 91000000
THREADS: 91
COUNT PER THREAD: 1000000
SLOOPY VALUE: 256
TIME: 2.360024
SUM: 91000000
THREADS: 91
COUNT PER THREAD: 1000000
SLOOPY VALUE: 256
TIME: 2.388860
SUM: 91000000
THREADS: 91
COUNT PER THREAD: 1000000
SLOOPY VALUE: 256
TIME: 2.397656
SUM: 91000000
THREADS: 91
COUNT PER THREAD: 1000000
SLOOPY VALUE: 256
TIME: 2.555004
SUM: 91000000
THREADS: 91
COUNT PER THREAD: 1000000
SLOOPY VALUE: 256
TIME: 2.299059
SUM: 91000000
THREADS: 92
COUNT PER THREAD: 1000000
SLOOPY VALUE: 256
TIME: 2.452517
SUM: 92000000
THREADS: 92
COUNT PER THREAD: 1000000
SLOOPY VALUE: 256
TIME: 2.278412
SUM: 92000000
THREADS: 92
COUNT PER THREAD: 1000000
SLOOPY VALUE: 256
TIME: 2.493215
SUM: 92000000
THREADS: 92
COUNT PER THREAD: 1000000
SLOOPY VALUE: 256
TIME: 2.487150
SUM: 92000000
THREADS: 92
COUNT PER THREAD: 1000000
SLOOPY VALUE: 256
TIME: 2.502042
SUM: 92000000
THREADS: 92
COUNT PER THREAD: 1000000
SLOOPY VALUE: 256
TIME: 2.446255
SUM: 92000000
THREADS: 92
COUNT PER THREAD: 1000000
SLOOPY VALUE: 256
TIME: 2.453238
SUM: 92000000
THREADS: 92
COUNT PER THREAD: 1000000
SLOOPY VALUE: 256
TIME: 2.225906
SUM: 92000000
THREADS: 92
COUNT PER THREAD: 1000000
SLOOPY VALUE: 256
TIME: 2.206087
SUM: 92000000
THREADS: 92
COUNT PER THREAD: 1000000
SLOOPY VALUE: 256
TIME: 2.283264
SUM: 92000000
THREADS: 93
COUNT PER THREAD: 1000000
SLOOPY VALUE: 256
TIME: 2.244708
SUM: 93000000
THREADS: 93
COUNT PER THREAD: 1000000
SLOOPY VALUE: 256
TIME: 2.215022
SUM: 93000000
THREADS: 93
COUNT PER THREAD: 1000000
SLOOPY VALUE: 256
TIME: 2.238373
SUM: 93000000
THREADS: 93
COUNT PER THREAD: 1000000
SLOOPY VALUE: 256
TIME: 2.299185
SUM: 93000000
THREADS: 93
COUNT PER THREAD: 1000000
SLOOPY VALUE: 256
TIME: 2.235621
SUM: 93000000
THREADS: 93
COUNT PER THREAD: 1000000
SLOOPY VALUE: 256
TIME: 2.342770
SUM: 93000000
THREADS: 93
COUNT PER THREAD: 1000000
SLOOPY VALUE: 256
TIME: 2.396521
SUM: 93000000
THREADS: 93
COUNT PER THREAD: 1000000
SLOOPY VALUE: 256
TIME: 2.513532
SUM: 93000000
THREADS: 93
COUNT PER THREAD: 1000000
SLOOPY VALUE: 256
TIME: 2.396639
SUM: 93000000
THREADS: 93
COUNT PER THREAD: 1000000
SLOOPY VALUE: 256
TIME: 2.381807
SUM: 93000000
THREADS: 94
COUNT PER THREAD: 1000000
SLOOPY VALUE: 256
TIME: 2.206246
SUM: 94000000
THREADS: 94
COUNT PER THREAD: 1000000
SLOOPY VALUE: 256
TIME: 2.206553
SUM: 94000000
THREADS: 94
COUNT PER THREAD: 1000000
SLOOPY VALUE: 256
TIME: 2.480271
SUM: 94000000
THREADS: 94
COUNT PER THREAD: 1000000
SLOOPY VALUE: 256
TIME: 2.444290
SUM: 94000000
THREADS: 94
COUNT PER THREAD: 1000000
SLOOPY VALUE: 256
TIME: 2.466758
SUM: 94000000
THREADS: 94
COUNT PER THREAD: 1000000
SLOOPY VALUE: 256
TIME: 2.422731
SUM: 94000000
THREADS: 94
COUNT PER THREAD: 1000000
SLOOPY VALUE: 256
TIME: 2.257382
SUM: 94000000
THREADS: 94
COUNT PER THREAD: 1000000
SLOOPY VALUE: 256
TIME: 2.221697
SUM: 94000000
THREADS: 94
COUNT PER THREAD: 1000000
SLOOPY VALUE: 256
TIME: 2.325272
SUM: 94000000
THREADS: 94
COUNT PER THREAD: 1000000
SLOOPY VALUE: 256
TIME: 2.564748
SUM: 94000000
THREADS: 95
COUNT PER THREAD: 1000000
SLOOPY VALUE: 256
TIME: 2.419307
SUM: 95000000
THREADS: 95
COUNT PER THREAD: 1000000
SLOOPY VALUE: 256
TIME: 2.653942
SUM: 95000000
THREADS: 95
COUNT PER THREAD: 1000000
SLOOPY VALUE: 256
TIME: 3.766730
SUM: 95000000
THREADS: 95
COUNT PER THREAD: 1000000
SLOOPY VALUE: 256
TIME: 2.965224
SUM: 95000000
THREADS: 95
COUNT PER THREAD: 1000000
SLOOPY VALUE: 256
TIME: 3.109577
SUM: 95000000
THREADS: 95
COUNT PER THREAD: 1000000
SLOOPY VALUE: 256
TIME: 2.405518
SUM: 95000000
THREADS: 95
COUNT PER THREAD: 1000000
SLOOPY VALUE: 256
TIME: 2.553561
SUM: 95000000
THREADS: 95
COUNT PER THREAD: 1000000
SLOOPY VALUE: 256
TIME: 2.476420
SUM: 95000000
THREADS: 95
COUNT PER THREAD: 1000000
SLOOPY VALUE: 256
TIME: 2.771448
SUM: 95000000
THREADS: 95
COUNT PER THREAD: 1000000
SLOOPY VALUE: 256
TIME: 2.664114
SUM: 95000000
THREADS: 96
COUNT PER THREAD: 1000000
SLOOPY VALUE: 256
TIME: 2.600212
SUM: 96000000
THREADS: 96
COUNT PER THREAD: 1000000
SLOOPY VALUE: 256
TIME: 2.638383
SUM: 96000000
THREADS: 96
COUNT PER THREAD: 1000000
SLOOPY VALUE: 256
TIME: 2.685637
SUM: 96000000
THREADS: 96
COUNT PER THREAD: 1000000
SLOOPY VALUE: 256
TIME: 2.520308
SUM: 96000000
THREADS: 96
COUNT PER THREAD: 1000000
SLOOPY VALUE: 256
TIME: 2.491129
SUM: 96000000
THREADS: 96
COUNT PER THREAD: 1000000
SLOOPY VALUE: 256
TIME: 2.606092
SUM: 96000000
THREADS: 96
COUNT PER THREAD: 1000000
SLOOPY VALUE: 256
TIME: 2.619169
SUM: 96000000
THREADS: 96
COUNT PER THREAD: 1000000
SLOOPY VALUE: 256
TIME: 2.494222
SUM: 96000000
THREADS: 96
COUNT PER THREAD: 1000000
SLOOPY VALUE: 256
TIME: 2.535471
SUM: 96000000
THREADS: 96
COUNT PER THREAD: 1000000
SLOOPY VALUE: 256
TIME: 2.468022
SUM: 96000000
THREADS: 97
COUNT PER THREAD: 1000000
SLOOPY VALUE: 256
TIME: 2.455904
SUM: 97000000
THREADS: 97
COUNT PER THREAD: 1000000
SLOOPY VALUE: 256
TIME: 2.472881
SUM: 97000000
THREADS: 97
COUNT PER THREAD: 1000000
SLOOPY VALUE: 256
TIME: 2.490442
SUM: 97000000
THREADS: 97
COUNT PER THREAD: 1000000
SLOOPY VALUE: 256
TIME: 2.412638
SUM: 97000000
THREADS: 97
COUNT PER THREAD: 1000000
SLOOPY VALUE: 256
TIME: 2.351493
SUM: 97000000
THREADS: 97
COUNT PER THREAD: 1000000
SLOOPY VALUE: 256
TIME: 2.456270
SUM: 97000000
THREADS: 97
COUNT PER THREAD: 1000000
SLOOPY VALUE: 256
TIME: 2.467313
SUM: 97000000
THREADS: 97
COUNT PER THREAD: 1000000
SLOOPY VALUE: 256
TIME: 2.430585
SUM: 97000000
THREADS: 97
COUNT PER THREAD: 1000000
SLOOPY VALUE: 256
TIME: 2.498178
SUM: 97000000
THREADS: 97
COUNT PER THREAD: 1000000
SLOOPY VALUE: 256
TIME: 2.492877
SUM: 97000000
THREADS: 98
COUNT PER THREAD: 1000000
SLOOPY VALUE: 256
TIME: 2.518209
SUM: 98000000
THREADS: 98
COUNT PER THREAD: 1000000
SLOOPY VALUE: 256
TIME: 2.431162
SUM: 98000000
THREADS: 98
COUNT PER THREAD: 1000000
SLOOPY VALUE: 256
TIME: 2.535601
SUM: 98000000
THREADS: 98
COUNT PER THREAD: 1000000
SLOOPY VALUE: 256
TIME: 2.457031
SUM: 98000000
THREADS: 98
COUNT PER THREAD: 1000000
SLOOPY VALUE: 256
TIME: 2.450892
SUM: 98000000
THREADS: 98
COUNT PER THREAD: 1000000
SLOOPY VALUE: 256
TIME: 2.481533
SUM: 98000000
THREADS: 98
COUNT PER THREAD: 1000000
SLOOPY VALUE: 256
TIME: 2.451310
SUM: 98000000
THREADS: 98
COUNT PER THREAD: 1000000
SLOOPY VALUE: 256
TIME: 2.488944
SUM: 98000000
THREADS: 98
COUNT PER THREAD: 1000000
SLOOPY VALUE: 256
TIME: 2.432202
SUM: 98000000
THREADS: 98
COUNT PER THREAD: 1000000
SLOOPY VALUE: 256
TIME: 2.437202
SUM: 98000000
THREADS: 99
COUNT PER THREAD: 1000000
SLOOPY VALUE: 256
TIME: 2.670107
SUM: 99000000
THREADS: 99
COUNT PER THREAD: 1000000
SLOOPY VALUE: 256
TIME: 2.575594
SUM: 99000000
THREADS: 99
COUNT PER THREAD: 1000000
SLOOPY VALUE: 256
TIME: 2.676822
SUM: 99000000
THREADS: 99
COUNT PER THREAD: 1000000
SLOOPY VALUE: 256
TIME: 2.667715
SUM: 99000000
THREADS: 99
COUNT PER THREAD: 1000000
SLOOPY VALUE: 256
TIME: 2.592344
SUM: 99000000
THREADS: 99
COUNT PER THREAD: 1000000
SLOOPY VALUE: 256
TIME: 2.602711
SUM: 99000000
THREADS: 99
COUNT PER THREAD: 1000000
SLOOPY VALUE: 256
TIME: 2.612784
SUM: 99000000
THREADS: 99
COUNT PER THREAD: 1000000
SLOOPY VALUE: 256
TIME: 2.531826
SUM: 99000000
THREADS: 99
COUNT PER THREAD: 1000000
SLOOPY VALUE: 256
TIME: 2.575854
SUM: 99000000
THREADS: 99
COUNT PER THREAD: 1000000
SLOOPY VALUE: 256
TIME: 2.591290
SUM: 99000000
THREADS: 100
COUNT PER THREAD: 1000000
SLOOPY VALUE: 256
TIME: 2.385375
SUM: 100000000
THREADS: 100
COUNT PER THREAD: 1000000
SLOOPY VALUE: 256
TIME: 2.518097
SUM: 100000000
THREADS: 100
COUNT PER THREAD: 1000000
SLOOPY VALUE: 256
TIME: 2.491423
SUM: 100000000
THREADS: 100
COUNT PER THREAD: 1000000
SLOOPY VALUE: 256
TIME: 2.595051
SUM: 100000000
THREADS: 100
COUNT PER THREAD: 1000000
SLOOPY VALUE: 256
TIME: 2.859584
SUM: 100000000
THREADS: 100
COUNT PER THREAD: 1000000
SLOOPY VALUE: 256
TIME: 2.538135
SUM: 100000000
THREADS: 100
COUNT PER THREAD: 1000000
SLOOPY VALUE: 256
TIME: 2.654332
SUM: 100000000
THREADS: 100
COUNT PER THREAD: 1000000
SLOOPY VALUE: 256
TIME: 4.254906
SUM: 100000000
THREADS: 100
COUNT PER THREAD: 1000000
SLOOPY VALUE: 256
TIME: 2.806844
SUM: 100000000
THREADS: 100
COUNT PER THREAD: 1000000
SLOOPY VALUE: 256
TIME: 2.810067
SUM: 100000000
