THREADS: 1
COUNT PER THREAD: 100000
SLOOPY VALUE: 1
TIME: 0.005257
SUM: 100000
THREADS: 1
COUNT PER THREAD: 100000
SLOOPY VALUE: 1
TIME: 0.004743
SUM: 100000
THREADS: 1
COUNT PER THREAD: 100000
SLOOPY VALUE: 1
TIME: 0.004825
SUM: 100000
THREADS: 1
COUNT PER THREAD: 100000
SLOOPY VALUE: 1
TIME: 0.004674
SUM: 100000
THREADS: 1
COUNT PER THREAD: 100000
SLOOPY VALUE: 1
TIME: 0.004696
SUM: 100000
THREADS: 1
COUNT PER THREAD: 100000
SLOOPY VALUE: 1
TIME: 0.007597
SUM: 100000
THREADS: 1
COUNT PER THREAD: 100000
SLOOPY VALUE: 1
TIME: 0.004725
SUM: 100000
THREADS: 1
COUNT PER THREAD: 100000
SLOOPY VALUE: 1
TIME: 0.004757
SUM: 100000
THREADS: 1
COUNT PER THREAD: 100000
SLOOPY VALUE: 1
TIME: 0.004797
SUM: 100000
THREADS: 1
COUNT PER THREAD: 100000
SLOOPY VALUE: 1
TIME: 0.004767
SUM: 100000
THREADS: 2
COUNT PER THREAD: 100000
SLOOPY VALUE: 1
TIME: 0.011071
SUM: 200000
THREADS: 2
COUNT PER THREAD: 100000
SLOOPY VALUE: 1
TIME: 0.009768
SUM: 200000
THREADS: 2
COUNT PER THREAD: 100000
SLOOPY VALUE: 1
TIME: 0.027099
SUM: 200000
THREADS: 2
COUNT PER THREAD: 100000
SLOOPY VALUE: 1
TIME: 0.014046
SUM: 200000
THREADS: 2
COUNT PER THREAD: 100000
SLOOPY VALUE: 1
TIME: 0.010165
SUM: 200000
THREADS: 2
COUNT PER THREAD: 100000
SLOOPY VALUE: 1
TIME: 0.009898
SUM: 200000
THREADS: 2
COUNT PER THREAD: 100000
SLOOPY VALUE: 1
TIME: 0.012950
SUM: 200000
THREADS: 2
COUNT PER THREAD: 100000
SLOOPY VALUE: 1
TIME: 0.010017
SUM: 200000
THREADS: 2
COUNT PER THREAD: 100000
SLOOPY VALUE: 1
TIME: 0.010276
SUM: 200000
THREADS: 2
COUNT PER THREAD: 100000
SLOOPY VALUE: 1
TIME: 0.012479
SUM: 200000
THREADS: 3
COUNT PER THREAD: 100000
SLOOPY VALUE: 1
TIME: 0.014272
SUM: 300000
THREADS: 3
COUNT PER THREAD: 100000
SLOOPY VALUE: 1
TIME: 0.031753
SUM: 300000
THREADS: 3
COUNT PER THREAD: 100000
SLOOPY VALUE: 1
TIME: 0.014745
SUM: 300000
THREADS: 3
COUNT PER THREAD: 100000
SLOOPY VALUE: 1
TIME: 0.013859
SUM: 300000
THREADS: 3
COUNT PER THREAD: 100000
SLOOPY VALUE: 1
TIME: 0.013795
SUM: 300000
THREADS: 3
COUNT PER THREAD: 100000
SLOOPY VALUE: 1
TIME: 0.014226
SUM: 300000
THREADS: 3
COUNT PER THREAD: 100000
SLOOPY VALUE: 1
TIME: 0.013987
SUM: 300000
THREADS: 3
COUNT PER THREAD: 100000
SLOOPY VALUE: 1
TIME: 0.014233
SUM: 300000
THREADS: 3
COUNT PER THREAD: 100000
SLOOPY VALUE: 1
TIME: 0.025610
SUM: 300000
THREADS: 3
COUNT PER THREAD: 100000
SLOOPY VALUE: 1
TIME: 0.016258
SUM: 300000
THREADS: 4
COUNT PER THREAD: 100000
SLOOPY VALUE: 1
TIME: 0.033850
SUM: 400000
THREADS: 4
COUNT PER THREAD: 100000
SLOOPY VALUE: 1
TIME: 0.021757
SUM: 400000
THREADS: 4
COUNT PER THREAD: 100000
SLOOPY VALUE: 1
TIME: 0.018549
SUM: 400000
THREADS: 4
COUNT PER THREAD: 100000
SLOOPY VALUE: 1
TIME: 0.018941
SUM: 400000
THREADS: 4
COUNT PER THREAD: 100000
SLOOPY VALUE: 1
TIME: 0.018820
SUM: 400000
THREADS: 4
COUNT PER THREAD: 100000
SLOOPY VALUE: 1
TIME: 0.030050
SUM: 400000
THREADS: 4
COUNT PER THREAD: 100000
SLOOPY VALUE: 1
TIME: 0.021689
SUM: 400000
THREADS: 4
COUNT PER THREAD: 100000
SLOOPY VALUE: 1
TIME: 0.018801
SUM: 400000
THREADS: 4
COUNT PER THREAD: 100000
SLOOPY VALUE: 1
TIME: 0.018433
SUM: 400000
THREADS: 4
COUNT PER THREAD: 100000
SLOOPY VALUE: 1
TIME: 0.018730
SUM: 400000
THREADS: 5
COUNT PER THREAD: 100000
SLOOPY VALUE: 1
TIME: 0.028248
SUM: 500000
THREADS: 5
COUNT PER THREAD: 100000
SLOOPY VALUE: 1
TIME: 0.028344
SUM: 500000
THREADS: 5
COUNT PER THREAD: 100000
SLOOPY VALUE: 1
TIME: 0.036230
SUM: 500000
THREADS: 5
COUNT PER THREAD: 100000
SLOOPY VALUE: 1
TIME: 0.038774
SUM: 500000
THREADS: 5
COUNT PER THREAD: 100000
SLOOPY VALUE: 1
TIME: 0.025602
SUM: 500000
THREADS: 5
COUNT PER THREAD: 100000
SLOOPY VALUE: 1
TIME: 0.025302
SUM: 500000
THREADS: 5
COUNT PER THREAD: 100000
SLOOPY VALUE: 1
TIME: 0.047732
SUM: 500000
THREADS: 5
COUNT PER THREAD: 100000
SLOOPY VALUE: 1
TIME: 0.027233
SUM: 500000
THREADS: 5
COUNT PER THREAD: 100000
SLOOPY VALUE: 1
TIME: 0.028046
SUM: 500000
THREADS: 5
COUNT PER THREAD: 100000
SLOOPY VALUE: 1
TIME: 0.026584
SUM: 500000
THREADS: 6
COUNT PER THREAD: 100000
SLOOPY VALUE: 1
TIME: 0.028221
SUM: 600000
THREADS: 6
COUNT PER THREAD: 100000
SLOOPY VALUE: 1
TIME: 0.029593
SUM: 600000
THREADS: 6
COUNT PER THREAD: 100000
SLOOPY VALUE: 1
TIME: 0.029628
SUM: 600000
THREADS: 6
COUNT PER THREAD: 100000
SLOOPY VALUE: 1
TIME: 0.056330
SUM: 600000
THREADS: 6
COUNT PER THREAD: 100000
SLOOPY VALUE: 1
TIME: 0.031869
SUM: 600000
THREADS: 6
COUNT PER THREAD: 100000
SLOOPY VALUE: 1
TIME: 0.029861
SUM: 600000
THREADS: 6
COUNT PER THREAD: 100000
SLOOPY VALUE: 1
TIME: 0.028487
SUM: 600000
THREADS: 6
COUNT PER THREAD: 100000
SLOOPY VALUE: 1
TIME: 0.048878
SUM: 600000
THREADS: 6
COUNT PER THREAD: 100000
SLOOPY VALUE: 1
TIME: 0.028010
SUM: 600000
THREADS: 6
COUNT PER THREAD: 100000
SLOOPY VALUE: 1
TIME: 0.028595
SUM: 600000
THREADS: 7
COUNT PER THREAD: 100000
SLOOPY VALUE: 1
TIME: 0.032829
SUM: 700000
THREADS: 7
COUNT PER THREAD: 100000
SLOOPY VALUE: 1
TIME: 0.032685
SUM: 700000
THREADS: 7
COUNT PER THREAD: 100000
SLOOPY VALUE: 1
TIME: 0.057271
SUM: 700000
THREADS: 7
COUNT PER THREAD: 100000
SLOOPY VALUE: 1
TIME: 0.033849
SUM: 700000
THREADS: 7
COUNT PER THREAD: 100000
SLOOPY VALUE: 1
TIME: 0.032508
SUM: 700000
THREADS: 7
COUNT PER THREAD: 100000
SLOOPY VALUE: 1
TIME: 0.032528
SUM: 700000
THREADS: 7
COUNT PER THREAD: 100000
SLOOPY VALUE: 1
TIME: 0.051240
SUM: 700000
THREADS: 7
COUNT PER THREAD: 100000
SLOOPY VALUE: 1
TIME: 0.032623
SUM: 700000
THREADS: 7
COUNT PER THREAD: 100000
SLOOPY VALUE: 1
TIME: 0.032623
SUM: 700000
THREADS: 7
COUNT PER THREAD: 100000
SLOOPY VALUE: 1
TIME: 0.044938
SUM: 700000
THREADS: 8
COUNT PER THREAD: 100000
SLOOPY VALUE: 1
TIME: 0.037872
SUM: 800000
THREADS: 8
COUNT PER THREAD: 100000
SLOOPY VALUE: 1
TIME: 0.037347
SUM: 800000
THREADS: 8
COUNT PER THREAD: 100000
SLOOPY VALUE: 1
TIME: 0.061739
SUM: 800000
THREADS: 8
COUNT PER THREAD: 100000
SLOOPY VALUE: 1
TIME: 0.037813
SUM: 800000
THREADS: 8
COUNT PER THREAD: 100000
SLOOPY VALUE: 1
TIME: 0.059418
SUM: 800000
THREADS: 8
COUNT PER THREAD: 100000
SLOOPY VALUE: 1
TIME: 0.037674
SUM: 800000
THREADS: 8
COUNT PER THREAD: 100000
SLOOPY VALUE: 1
TIME: 0.037438
SUM: 800000
THREADS: 8
COUNT PER THREAD: 100000
SLOOPY VALUE: 1
TIME: 0.058707
SUM: 800000
THREADS: 8
COUNT PER THREAD: 100000
SLOOPY VALUE: 1
TIME: 0.037090
SUM: 800000
THREADS: 8
COUNT PER THREAD: 100000
SLOOPY VALUE: 1
TIME: 0.037346
SUM: 800000
THREADS: 9
COUNT PER THREAD: 100000
SLOOPY VALUE: 1
TIME: 0.073253
SUM: 900000
THREADS: 9
COUNT PER THREAD: 100000
SLOOPY VALUE: 1
TIME: 0.048562
SUM: 900000
THREADS: 9
COUNT PER THREAD: 100000
SLOOPY VALUE: 1
TIME: 0.043979
SUM: 900000
THREADS: 9
COUNT PER THREAD: 100000
SLOOPY VALUE: 1
TIME: 0.068500
SUM: 900000
THREADS: 9
COUNT PER THREAD: 100000
SLOOPY VALUE: 1
TIME: 0.047272
SUM: 900000
THREADS: 9
COUNT PER THREAD: 100000
SLOOPY VALUE: 1
TIME: 0.042580
SUM: 900000
THREADS: 9
COUNT PER THREAD: 100000
SLOOPY VALUE: 1
TIME: 0.064421
SUM: 900000
THREADS: 9
COUNT PER THREAD: 100000
SLOOPY VALUE: 1
TIME: 0.047405
SUM: 900000
THREADS: 9
COUNT PER THREAD: 100000
SLOOPY VALUE: 1
TIME: 0.041900
SUM: 900000
THREADS: 9
COUNT PER THREAD: 100000
SLOOPY VALUE: 1
TIME: 0.067161
SUM: 900000
THREADS: 10
COUNT PER THREAD: 100000
SLOOPY VALUE: 1
TIME: 0.078941
SUM: 1000000
THREADS: 10
COUNT PER THREAD: 100000
SLOOPY VALUE: 1
TIME: 0.055500
SUM: 1000000
THREADS: 10
COUNT PER THREAD: 100000
SLOOPY VALUE: 1
TIME: 0.072956
SUM: 1000000
THREADS: 10
COUNT PER THREAD: 100000
SLOOPY VALUE: 1
TIME: 0.055044
SUM: 1000000
THREADS: 10
COUNT PER THREAD: 100000
SLOOPY VALUE: 1
TIME: 0.077396
SUM: 1000000
THREADS: 10
COUNT PER THREAD: 100000
SLOOPY VALUE: 1
TIME: 0.056364
SUM: 1000000
THREADS: 10
COUNT PER THREAD: 100000
SLOOPY VALUE: 1
TIME: 0.079100
SUM: 1000000
THREADS: 10
COUNT PER THREAD: 100000
SLOOPY VALUE: 1
TIME: 0.053049
SUM: 1000000
THREADS: 10
COUNT PER THREAD: 100000
SLOOPY VALUE: 1
TIME: 0.077935
SUM: 1000000
THREADS: 10
COUNT PER THREAD: 100000
SLOOPY VALUE: 1
TIME: 0.056924
SUM: 1000000
THREADS: 11
COUNT PER THREAD: 100000
SLOOPY VALUE: 1
TIME: 0.082668
SUM: 1100000
THREADS: 11
COUNT PER THREAD: 100000
SLOOPY VALUE: 1
TIME: 0.060259
SUM: 1100000
THREADS: 11
COUNT PER THREAD: 100000
SLOOPY VALUE: 1
TIME: 0.088917
SUM: 1100000
THREADS: 11
COUNT PER THREAD: 100000
SLOOPY VALUE: 1
TIME: 0.066023
SUM: 1100000
THREADS: 11
COUNT PER THREAD: 100000
SLOOPY VALUE: 1
TIME: 0.094436
SUM: 1100000
THREADS: 11
COUNT PER THREAD: 100000
SLOOPY VALUE: 1
TIME: 0.067616
SUM: 1100000
THREADS: 11
COUNT PER THREAD: 100000
SLOOPY VALUE: 1
TIME: 0.119229
SUM: 1100000
THREADS: 11
COUNT PER THREAD: 100000
SLOOPY VALUE: 1
TIME: 0.071215
SUM: 1100000
THREADS: 11
COUNT PER THREAD: 100000
SLOOPY VALUE: 1
TIME: 0.089733
SUM: 1100000
THREADS: 11
COUNT PER THREAD: 100000
SLOOPY VALUE: 1
TIME: 0.068258
SUM: 1100000
THREADS: 12
COUNT PER THREAD: 100000
SLOOPY VALUE: 1
TIME: 0.086102
SUM: 1200000
THREADS: 12
COUNT PER THREAD: 100000
SLOOPY VALUE: 1
TIME: 0.101540
SUM: 1200000
THREADS: 12
COUNT PER THREAD: 100000
SLOOPY VALUE: 1
TIME: 0.076475
SUM: 1200000
THREADS: 12
COUNT PER THREAD: 100000
SLOOPY VALUE: 1
TIME: 0.137396
SUM: 1200000
THREADS: 12
COUNT PER THREAD: 100000
SLOOPY VALUE: 1
TIME: 0.076996
SUM: 1200000
THREADS: 12
COUNT PER THREAD: 100000
SLOOPY VALUE: 1
TIME: 0.094835
SUM: 1200000
THREADS: 12
COUNT PER THREAD: 100000
SLOOPY VALUE: 1
TIME: 0.079381
SUM: 1200000
THREADS: 12
COUNT PER THREAD: 100000
SLOOPY VALUE: 1
TIME: 0.096450
SUM: 1200000
THREADS: 12
COUNT PER THREAD: 100000
SLOOPY VALUE: 1
TIME: 0.075929
SUM: 1200000
THREADS: 12
COUNT PER THREAD: 100000
SLOOPY VALUE: 1
TIME: 0.106739
SUM: 1200000
THREADS: 13
COUNT PER THREAD: 100000
SLOOPY VALUE: 1
TIME: 0.099666
SUM: 1300000
THREADS: 13
COUNT PER THREAD: 100000
SLOOPY VALUE: 1
TIME: 0.110039
SUM: 1300000
THREADS: 13
COUNT PER THREAD: 100000
SLOOPY VALUE: 1
TIME: 0.079997
SUM: 1300000
THREADS: 13
COUNT PER THREAD: 100000
SLOOPY VALUE: 1
TIME: 0.116402
SUM: 1300000
THREADS: 13
COUNT PER THREAD: 100000
SLOOPY VALUE: 1
TIME: 0.081275
SUM: 1300000
THREADS: 13
COUNT PER THREAD: 100000
SLOOPY VALUE: 1
TIME: 0.099285
SUM: 1300000
THREADS: 13
COUNT PER THREAD: 100000
SLOOPY VALUE: 1
TIME: 0.078939
SUM: 1300000
THREADS: 13
COUNT PER THREAD: 100000
SLOOPY VALUE: 1
TIME: 0.105053
SUM: 1300000
THREADS: 13
COUNT PER THREAD: 100000
SLOOPY VALUE: 1
TIME: 0.074010
SUM: 1300000
THREADS: 13
COUNT PER THREAD: 100000
SLOOPY VALUE: 1
TIME: 0.096435
SUM: 1300000
THREADS: 14
COUNT PER THREAD: 100000
SLOOPY VALUE: 1
TIME: 0.075200
SUM: 1400000
THREADS: 14
COUNT PER THREAD: 100000
SLOOPY VALUE: 1
TIME: 0.106813
SUM: 1400000
THREADS: 14
COUNT PER THREAD: 100000
SLOOPY VALUE: 1
TIME: 0.068251
SUM: 1400000
THREADS: 14
COUNT PER THREAD: 100000
SLOOPY VALUE: 1
TIME: 0.093896
SUM: 1400000
THREADS: 14
COUNT PER THREAD: 100000
SLOOPY VALUE: 1
TIME: 0.074439
SUM: 1400000
THREADS: 14
COUNT PER THREAD: 100000
SLOOPY VALUE: 1
TIME: 0.096646
SUM: 1400000
THREADS: 14
COUNT PER THREAD: 100000
SLOOPY VALUE: 1
TIME: 0.080502
SUM: 1400000
THREADS: 14
COUNT PER THREAD: 100000
SLOOPY VALUE: 1
TIME: 0.091206
SUM: 1400000
THREADS: 14
COUNT PER THREAD: 100000
SLOOPY VALUE: 1
TIME: 0.076447
SUM: 1400000
THREADS: 14
COUNT PER THREAD: 100000
SLOOPY VALUE: 1
TIME: 0.089929
SUM: 1400000
THREADS: 15
COUNT PER THREAD: 100000
SLOOPY VALUE: 1
TIME: 0.110443
SUM: 1500000
THREADS: 15
COUNT PER THREAD: 100000
SLOOPY VALUE: 1
TIME: 0.073977
SUM: 1500000
THREADS: 15
COUNT PER THREAD: 100000
SLOOPY VALUE: 1
TIME: 0.105765
SUM: 1500000
THREADS: 15
COUNT PER THREAD: 100000
SLOOPY VALUE: 1
TIME: 0.072162
SUM: 1500000
THREADS: 15
COUNT PER THREAD: 100000
SLOOPY VALUE: 1
TIME: 0.099736
SUM: 1500000
THREADS: 15
COUNT PER THREAD: 100000
SLOOPY VALUE: 1
TIME: 0.074827
SUM: 1500000
THREADS: 15
COUNT PER THREAD: 100000
SLOOPY VALUE: 1
TIME: 0.102225
SUM: 1500000
THREADS: 15
COUNT PER THREAD: 100000
SLOOPY VALUE: 1
TIME: 0.072840
SUM: 1500000
THREADS: 15
COUNT PER THREAD: 100000
SLOOPY VALUE: 1
TIME: 0.096513
SUM: 1500000
THREADS: 15
COUNT PER THREAD: 100000
SLOOPY VALUE: 1
TIME: 0.078195
SUM: 1500000
THREADS: 16
COUNT PER THREAD: 100000
SLOOPY VALUE: 1
TIME: 0.100418
SUM: 1600000
THREADS: 16
COUNT PER THREAD: 100000
SLOOPY VALUE: 1
TIME: 0.091665
SUM: 1600000
THREADS: 16
COUNT PER THREAD: 100000
SLOOPY VALUE: 1
TIME: 0.102038
SUM: 1600000
THREADS: 16
COUNT PER THREAD: 100000
SLOOPY VALUE: 1
TIME: 0.087113
SUM: 1600000
THREADS: 16
COUNT PER THREAD: 100000
SLOOPY VALUE: 1
TIME: 0.112782
SUM: 1600000
THREADS: 16
COUNT PER THREAD: 100000
SLOOPY VALUE: 1
TIME: 0.088619
SUM: 1600000
THREADS: 16
COUNT PER THREAD: 100000
SLOOPY VALUE: 1
TIME: 0.102426
SUM: 1600000
THREADS: 16
COUNT PER THREAD: 100000
SLOOPY VALUE: 1
TIME: 0.086105
SUM: 1600000
THREADS: 16
COUNT PER THREAD: 100000
SLOOPY VALUE: 1
TIME: 0.113354
SUM: 1600000
THREADS: 16
COUNT PER THREAD: 100000
SLOOPY VALUE: 1
TIME: 0.084707
SUM: 1600000
THREADS: 17
COUNT PER THREAD: 100000
SLOOPY VALUE: 1
TIME: 0.104653
SUM: 1700000
THREADS: 17
COUNT PER THREAD: 100000
SLOOPY VALUE: 1
TIME: 0.088918
SUM: 1700000
THREADS: 17
COUNT PER THREAD: 100000
SLOOPY VALUE: 1
TIME: 0.118615
SUM: 1700000
THREADS: 17
COUNT PER THREAD: 100000
SLOOPY VALUE: 1
TIME: 0.088292
SUM: 1700000
THREADS: 17
COUNT PER THREAD: 100000
SLOOPY VALUE: 1
TIME: 0.107415
SUM: 1700000
THREADS: 17
COUNT PER THREAD: 100000
SLOOPY VALUE: 1
TIME: 0.089861
SUM: 1700000
THREADS: 17
COUNT PER THREAD: 100000
SLOOPY VALUE: 1
TIME: 0.111655
SUM: 1700000
THREADS: 17
COUNT PER THREAD: 100000
SLOOPY VALUE: 1
TIME: 0.089672
SUM: 1700000
THREADS: 17
COUNT PER THREAD: 100000
SLOOPY VALUE: 1
TIME: 0.109290
SUM: 1700000
THREADS: 17
COUNT PER THREAD: 100000
SLOOPY VALUE: 1
TIME: 0.081231
SUM: 1700000
THREADS: 18
COUNT PER THREAD: 100000
SLOOPY VALUE: 1
TIME: 0.119028
SUM: 1800000
THREADS: 18
COUNT PER THREAD: 100000
SLOOPY VALUE: 1
TIME: 0.107852
SUM: 1800000
THREADS: 18
COUNT PER THREAD: 100000
SLOOPY VALUE: 1
TIME: 0.104093
SUM: 1800000
THREADS: 18
COUNT PER THREAD: 100000
SLOOPY VALUE: 1
TIME: 0.121817
SUM: 1800000
THREADS: 18
COUNT PER THREAD: 100000
SLOOPY VALUE: 1
TIME: 0.124135
SUM: 1800000
THREADS: 18
COUNT PER THREAD: 100000
SLOOPY VALUE: 1
TIME: 0.090209
SUM: 1800000
THREADS: 18
COUNT PER THREAD: 100000
SLOOPY VALUE: 1
TIME: 0.109667
SUM: 1800000
THREADS: 18
COUNT PER THREAD: 100000
SLOOPY VALUE: 1
TIME: 0.093933
SUM: 1800000
THREADS: 18
COUNT PER THREAD: 100000
SLOOPY VALUE: 1
TIME: 0.115142
SUM: 1800000
THREADS: 18
COUNT PER THREAD: 100000
SLOOPY VALUE: 1
TIME: 0.092394
SUM: 1800000
THREADS: 19
COUNT PER THREAD: 100000
SLOOPY VALUE: 1
TIME: 0.129338
SUM: 1900000
THREADS: 19
COUNT PER THREAD: 100000
SLOOPY VALUE: 1
TIME: 0.134925
SUM: 1900000
THREADS: 19
COUNT PER THREAD: 100000
SLOOPY VALUE: 1
TIME: 0.132542
SUM: 1900000
THREADS: 19
COUNT PER THREAD: 100000
SLOOPY VALUE: 1
TIME: 0.130238
SUM: 1900000
THREADS: 19
COUNT PER THREAD: 100000
SLOOPY VALUE: 1
TIME: 0.133533
SUM: 1900000
THREADS: 19
COUNT PER THREAD: 100000
SLOOPY VALUE: 1
TIME: 0.131878
SUM: 1900000
THREADS: 19
COUNT PER THREAD: 100000
SLOOPY VALUE: 1
TIME: 0.129900
SUM: 1900000
THREADS: 19
COUNT PER THREAD: 100000
SLOOPY VALUE: 1
TIME: 0.132475
SUM: 1900000
THREADS: 19
COUNT PER THREAD: 100000
SLOOPY VALUE: 1
TIME: 0.129351
SUM: 1900000
THREADS: 19
COUNT PER THREAD: 100000
SLOOPY VALUE: 1
TIME: 0.136039
SUM: 1900000
THREADS: 20
COUNT PER THREAD: 100000
SLOOPY VALUE: 1
TIME: 0.132251
SUM: 2000000
THREADS: 20
COUNT PER THREAD: 100000
SLOOPY VALUE: 1
TIME: 0.135523
SUM: 2000000
THREADS: 20
COUNT PER THREAD: 100000
SLOOPY VALUE: 1
TIME: 0.132795
SUM: 2000000
THREADS: 20
COUNT PER THREAD: 100000
SLOOPY VALUE: 1
TIME: 0.128440
SUM: 2000000
THREADS: 20
COUNT PER THREAD: 100000
SLOOPY VALUE: 1
TIME: 0.136091
SUM: 2000000
THREADS: 20
COUNT PER THREAD: 100000
SLOOPY VALUE: 1
TIME: 0.127557
SUM: 2000000
THREADS: 20
COUNT PER THREAD: 100000
SLOOPY VALUE: 1
TIME: 0.132606
SUM: 2000000
THREADS: 20
COUNT PER THREAD: 100000
SLOOPY VALUE: 1
TIME: 0.128040
SUM: 2000000
THREADS: 20
COUNT PER THREAD: 100000
SLOOPY VALUE: 1
TIME: 0.128635
SUM: 2000000
THREADS: 20
COUNT PER THREAD: 100000
SLOOPY VALUE: 1
TIME: 0.128186
SUM: 2000000
THREADS: 21
COUNT PER THREAD: 100000
SLOOPY VALUE: 1
TIME: 0.130952
SUM: 2100000
THREADS: 21
COUNT PER THREAD: 100000
SLOOPY VALUE: 1
TIME: 0.132032
SUM: 2100000
THREADS: 21
COUNT PER THREAD: 100000
SLOOPY VALUE: 1
TIME: 0.131030
SUM: 2100000
THREADS: 21
COUNT PER THREAD: 100000
SLOOPY VALUE: 1
TIME: 0.137055
SUM: 2100000
THREADS: 21
COUNT PER THREAD: 100000
SLOOPY VALUE: 1
TIME: 0.128616
SUM: 2100000
THREADS: 21
COUNT PER THREAD: 100000
SLOOPY VALUE: 1
TIME: 0.140870
SUM: 2100000
THREADS: 21
COUNT PER THREAD: 100000
SLOOPY VALUE: 1
TIME: 0.131180
SUM: 2100000
THREADS: 21
COUNT PER THREAD: 100000
SLOOPY VALUE: 1
TIME: 0.131674
SUM: 2100000
THREADS: 21
COUNT PER THREAD: 100000
SLOOPY VALUE: 1
TIME: 0.137288
SUM: 2100000
THREADS: 21
COUNT PER THREAD: 100000
SLOOPY VALUE: 1
TIME: 0.132619
SUM: 2100000
THREADS: 22
COUNT PER THREAD: 100000
SLOOPY VALUE: 1
TIME: 0.129829
SUM: 2200000
THREADS: 22
COUNT PER THREAD: 100000
SLOOPY VALUE: 1
TIME: 0.128948
SUM: 2200000
THREADS: 22
COUNT PER THREAD: 100000
SLOOPY VALUE: 1
TIME: 0.133249
SUM: 2200000
THREADS: 22
COUNT PER THREAD: 100000
SLOOPY VALUE: 1
TIME: 0.136127
SUM: 2200000
THREADS: 22
COUNT PER THREAD: 100000
SLOOPY VALUE: 1
TIME: 0.134627
SUM: 2200000
THREADS: 22
COUNT PER THREAD: 100000
SLOOPY VALUE: 1
TIME: 0.134294
SUM: 2200000
THREADS: 22
COUNT PER THREAD: 100000
SLOOPY VALUE: 1
TIME: 0.129988
SUM: 2200000
THREADS: 22
COUNT PER THREAD: 100000
SLOOPY VALUE: 1
TIME: 0.130465
SUM: 2200000
THREADS: 22
COUNT PER THREAD: 100000
SLOOPY VALUE: 1
TIME: 0.122567
SUM: 2200000
THREADS: 22
COUNT PER THREAD: 100000
SLOOPY VALUE: 1
TIME: 0.125587
SUM: 2200000
THREADS: 23
COUNT PER THREAD: 100000
SLOOPY VALUE: 1
TIME: 0.131438
SUM: 2300000
THREADS: 23
COUNT PER THREAD: 100000
SLOOPY VALUE: 1
TIME: 0.125821
SUM: 2300000
THREADS: 23
COUNT PER THREAD: 100000
SLOOPY VALUE: 1
TIME: 0.130743
SUM: 2300000
THREADS: 23
COUNT PER THREAD: 100000
SLOOPY VALUE: 1
TIME: 0.126693
SUM: 2300000
THREADS: 23
COUNT PER THREAD: 100000
SLOOPY VALUE: 1
TIME: 0.126534
SUM: 2300000
THREADS: 23
COUNT PER THREAD: 100000
SLOOPY VALUE: 1
TIME: 0.131700
SUM: 2300000
THREADS: 23
COUNT PER THREAD: 100000
SLOOPY VALUE: 1
TIME: 0.128775
SUM: 2300000
THREADS: 23
COUNT PER THREAD: 100000
SLOOPY VALUE: 1
TIME: 0.126441
SUM: 2300000
THREADS: 23
COUNT PER THREAD: 100000
SLOOPY VALUE: 1
TIME: 0.130766
SUM: 2300000
THREADS: 23
COUNT PER THREAD: 100000
SLOOPY VALUE: 1
TIME: 0.126786
SUM: 2300000
THREADS: 24
COUNT PER THREAD: 100000
SLOOPY VALUE: 1
TIME: 0.145746
SUM: 2400000
THREADS: 24
COUNT PER THREAD: 100000
SLOOPY VALUE: 1
TIME: 0.146961
SUM: 2400000
THREADS: 24
COUNT PER THREAD: 100000
SLOOPY VALUE: 1
TIME: 0.149791
SUM: 2400000
THREADS: 24
COUNT PER THREAD: 100000
SLOOPY VALUE: 1
TIME: 0.146504
SUM: 2400000
THREADS: 24
COUNT PER THREAD: 100000
SLOOPY VALUE: 1
TIME: 0.146365
SUM: 2400000
THREADS: 24
COUNT PER THREAD: 100000
SLOOPY VALUE: 1
TIME: 0.145108
SUM: 2400000
THREADS: 24
COUNT PER THREAD: 100000
SLOOPY VALUE: 1
TIME: 0.145544
SUM: 2400000
THREADS: 24
COUNT PER THREAD: 100000
SLOOPY VALUE: 1
TIME: 0.143462
SUM: 2400000
THREADS: 24
COUNT PER THREAD: 100000
SLOOPY VALUE: 1
TIME: 0.143764
SUM: 2400000
THREADS: 24
COUNT PER THREAD: 100000
SLOOPY VALUE: 1
TIME: 0.146246
SUM: 2400000
THREADS: 25
COUNT PER THREAD: 100000
SLOOPY VALUE: 1
TIME: 0.138431
SUM: 2500000
THREADS: 25
COUNT PER THREAD: 100000
SLOOPY VALUE: 1
TIME: 0.134357
SUM: 2500000
THREADS: 25
COUNT PER THREAD: 100000
SLOOPY VALUE: 1
TIME: 0.133085
SUM: 2500000
THREADS: 25
COUNT PER THREAD: 100000
SLOOPY VALUE: 1
TIME: 0.133737
SUM: 2500000
THREADS: 25
COUNT PER THREAD: 100000
SLOOPY VALUE: 1
TIME: 0.134595
SUM: 2500000
THREADS: 25
COUNT PER THREAD: 100000
SLOOPY VALUE: 1
TIME: 0.136750
SUM: 2500000
THREADS: 25
COUNT PER THREAD: 100000
SLOOPY VALUE: 1
TIME: 0.133922
SUM: 2500000
THREADS: 25
COUNT PER THREAD: 100000
SLOOPY VALUE: 1
TIME: 0.133828
SUM: 2500000
THREADS: 25
COUNT PER THREAD: 100000
SLOOPY VALUE: 1
TIME: 0.136393
SUM: 2500000
THREADS: 25
COUNT PER THREAD: 100000
SLOOPY VALUE: 1
TIME: 0.132387
SUM: 2500000
THREADS: 26
COUNT PER THREAD: 100000
SLOOPY VALUE: 1
TIME: 0.141439
SUM: 2600000
THREADS: 26
COUNT PER THREAD: 100000
SLOOPY VALUE: 1
TIME: 0.153390
SUM: 2600000
THREADS: 26
COUNT PER THREAD: 100000
SLOOPY VALUE: 1
TIME: 0.149211
SUM: 2600000
THREADS: 26
COUNT PER THREAD: 100000
SLOOPY VALUE: 1
TIME: 0.148817
SUM: 2600000
THREADS: 26
COUNT PER THREAD: 100000
SLOOPY VALUE: 1
TIME: 0.146328
SUM: 2600000
THREADS: 26
COUNT PER THREAD: 100000
SLOOPY VALUE: 1
TIME: 0.148073
SUM: 2600000
THREADS: 26
COUNT PER THREAD: 100000
SLOOPY VALUE: 1
TIME: 0.142769
SUM: 2600000
THREADS: 26
COUNT PER THREAD: 100000
SLOOPY VALUE: 1
TIME: 0.147939
SUM: 2600000
THREADS: 26
COUNT PER THREAD: 100000
SLOOPY VALUE: 1
TIME: 0.147696
SUM: 2600000
THREADS: 26
COUNT PER THREAD: 100000
SLOOPY VALUE: 1
TIME: 0.155662
SUM: 2600000
THREADS: 27
COUNT PER THREAD: 100000
SLOOPY VALUE: 1
TIME: 0.168483
SUM: 2700000
THREADS: 27
COUNT PER THREAD: 100000
SLOOPY VALUE: 1
TIME: 0.169613
SUM: 2700000
THREADS: 27
COUNT PER THREAD: 100000
SLOOPY VALUE: 1
TIME: 0.170582
SUM: 2700000
THREADS: 27
COUNT PER THREAD: 100000
SLOOPY VALUE: 1
TIME: 0.169232
SUM: 2700000
THREADS: 27
COUNT PER THREAD: 100000
SLOOPY VALUE: 1
TIME: 0.173249
SUM: 2700000
THREADS: 27
COUNT PER THREAD: 100000
SLOOPY VALUE: 1
TIME: 0.174879
SUM: 2700000
THREADS: 27
COUNT PER THREAD: 100000
SLOOPY VALUE: 1
TIME: 0.175499
SUM: 2700000
THREADS: 27
COUNT PER THREAD: 100000
SLOOPY VALUE: 1
TIME: 0.174971
SUM: 2700000
THREADS: 27
COUNT PER THREAD: 100000
SLOOPY VALUE: 1
TIME: 0.170882
SUM: 2700000
THREADS: 27
COUNT PER THREAD: 100000
SLOOPY VALUE: 1
TIME: 0.172499
SUM: 2700000
THREADS: 28
COUNT PER THREAD: 100000
SLOOPY VALUE: 1
TIME: 0.158252
SUM: 2800000
THREADS: 28
COUNT PER THREAD: 100000
SLOOPY VALUE: 1
TIME: 0.161062
SUM: 2800000
THREADS: 28
COUNT PER THREAD: 100000
SLOOPY VALUE: 1
TIME: 0.165985
SUM: 2800000
THREADS: 28
COUNT PER THREAD: 100000
SLOOPY VALUE: 1
TIME: 0.160651
SUM: 2800000
THREADS: 28
COUNT PER THREAD: 100000
SLOOPY VALUE: 1
TIME: 0.153967
SUM: 2800000
THREADS: 28
COUNT PER THREAD: 100000
SLOOPY VALUE: 1
TIME: 0.154498
SUM: 2800000
THREADS: 28
COUNT PER THREAD: 100000
SLOOPY VALUE: 1
TIME: 0.159938
SUM: 2800000
THREADS: 28
COUNT PER THREAD: 100000
SLOOPY VALUE: 1
TIME: 0.158684
SUM: 2800000
THREADS: 28
COUNT PER THREAD: 100000
SLOOPY VALUE: 1
TIME: 0.155839
SUM: 2800000
THREADS: 28
COUNT PER THREAD: 100000
SLOOPY VALUE: 1
TIME: 0.158556
SUM: 2800000
THREADS: 29
COUNT PER THREAD: 100000
SLOOPY VALUE: 1
TIME: 0.178389
SUM: 2900000
THREADS: 29
COUNT PER THREAD: 100000
SLOOPY VALUE: 1
TIME: 0.208202
SUM: 2900000
THREADS: 29
COUNT PER THREAD: 100000
SLOOPY VALUE: 1
TIME: 0.202348
SUM: 2900000
THREADS: 29
COUNT PER THREAD: 100000
SLOOPY VALUE: 1
TIME: 0.190161
SUM: 2900000
THREADS: 29
COUNT PER THREAD: 100000
SLOOPY VALUE: 1
TIME: 0.211684
SUM: 2900000
THREADS: 29
COUNT PER THREAD: 100000
SLOOPY VALUE: 1
TIME: 0.189815
SUM: 2900000
THREADS: 29
COUNT PER THREAD: 100000
SLOOPY VALUE: 1
TIME: 0.182275
SUM: 2900000
THREADS: 29
COUNT PER THREAD: 100000
SLOOPY VALUE: 1
TIME: 0.173153
SUM: 2900000
THREADS: 29
COUNT PER THREAD: 100000
SLOOPY VALUE: 1
TIME: 0.173769
SUM: 2900000
THREADS: 29
COUNT PER THREAD: 100000
SLOOPY VALUE: 1
TIME: 0.166214
SUM: 2900000
THREADS: 30
COUNT PER THREAD: 100000
SLOOPY VALUE: 1
TIME: 0.205513
SUM: 3000000
THREADS: 30
COUNT PER THREAD: 100000
SLOOPY VALUE: 1
TIME: 0.195373
SUM: 3000000
THREADS: 30
COUNT PER THREAD: 100000
SLOOPY VALUE: 1
TIME: 0.195877
SUM: 3000000
THREADS: 30
COUNT PER THREAD: 100000
SLOOPY VALUE: 1
TIME: 0.201983
SUM: 3000000
THREADS: 30
COUNT PER THREAD: 100000
SLOOPY VALUE: 1
TIME: 0.191175
SUM: 3000000
THREADS: 30
COUNT PER THREAD: 100000
SLOOPY VALUE: 1
TIME: 0.194661
SUM: 3000000
THREADS: 30
COUNT PER THREAD: 100000
SLOOPY VALUE: 1
TIME: 0.196763
SUM: 3000000
THREADS: 30
COUNT PER THREAD: 100000
SLOOPY VALUE: 1
TIME: 0.193055
SUM: 3000000
THREADS: 30
COUNT PER THREAD: 100000
SLOOPY VALUE: 1
TIME: 0.199997
SUM: 3000000
THREADS: 30
COUNT PER THREAD: 100000
SLOOPY VALUE: 1
TIME: 0.189347
SUM: 3000000
THREADS: 31
COUNT PER THREAD: 100000
SLOOPY VALUE: 1
TIME: 0.218450
SUM: 3100000
THREADS: 31
COUNT PER THREAD: 100000
SLOOPY VALUE: 1
TIME: 0.198320
SUM: 3100000
THREADS: 31
COUNT PER THREAD: 100000
SLOOPY VALUE: 1
TIME: 0.195708
SUM: 3100000
THREADS: 31
COUNT PER THREAD: 100000
SLOOPY VALUE: 1
TIME: 0.192416
SUM: 3100000
THREADS: 31
COUNT PER THREAD: 100000
SLOOPY VALUE: 1
TIME: 0.191540
SUM: 3100000
THREADS: 31
COUNT PER THREAD: 100000
SLOOPY VALUE: 1
TIME: 0.195730
SUM: 3100000
THREADS: 31
COUNT PER THREAD: 100000
SLOOPY VALUE: 1
TIME: 0.198330
SUM: 3100000
THREADS: 31
COUNT PER THREAD: 100000
SLOOPY VALUE: 1
TIME: 0.189600
SUM: 3100000
THREADS: 31
COUNT PER THREAD: 100000
SLOOPY VALUE: 1
TIME: 0.196625
SUM: 3100000
THREADS: 31
COUNT PER THREAD: 100000
SLOOPY VALUE: 1
TIME: 0.215045
SUM: 3100000
THREADS: 32
COUNT PER THREAD: 100000
SLOOPY VALUE: 1
TIME: 0.189240
SUM: 3200000
THREADS: 32
COUNT PER THREAD: 100000
SLOOPY VALUE: 1
TIME: 0.188671
SUM: 3200000
THREADS: 32
COUNT PER THREAD: 100000
SLOOPY VALUE: 1
TIME: 0.191588
SUM: 3200000
THREADS: 32
COUNT PER THREAD: 100000
SLOOPY VALUE: 1
TIME: 0.197725
SUM: 3200000
THREADS: 32
COUNT PER THREAD: 100000
SLOOPY VALUE: 1
TIME: 0.194453
SUM: 3200000
THREADS: 32
COUNT PER THREAD: 100000
SLOOPY VALUE: 1
TIME: 0.203096
SUM: 3200000
THREADS: 32
COUNT PER THREAD: 100000
SLOOPY VALUE: 1
TIME: 0.210813
SUM: 3200000
THREADS: 32
COUNT PER THREAD: 100000
SLOOPY VALUE: 1
TIME: 0.205293
SUM: 3200000
THREADS: 32
COUNT PER THREAD: 100000
SLOOPY VALUE: 1
TIME: 0.202116
SUM: 3200000
THREADS: 32
COUNT PER THREAD: 100000
SLOOPY VALUE: 1
TIME: 0.208831
SUM: 3200000
THREADS: 33
COUNT PER THREAD: 100000
SLOOPY VALUE: 1
TIME: 0.209709
SUM: 3300000
THREADS: 33
COUNT PER THREAD: 100000
SLOOPY VALUE: 1
TIME: 0.196055
SUM: 3300000
THREADS: 33
COUNT PER THREAD: 100000
SLOOPY VALUE: 1
TIME: 0.201729
SUM: 3300000
THREADS: 33
COUNT PER THREAD: 100000
SLOOPY VALUE: 1
TIME: 0.198807
SUM: 3300000
THREADS: 33
COUNT PER THREAD: 100000
SLOOPY VALUE: 1
TIME: 0.192971
SUM: 3300000
THREADS: 33
COUNT PER THREAD: 100000
SLOOPY VALUE: 1
TIME: 0.190818
SUM: 3300000
THREADS: 33
COUNT PER THREAD: 100000
SLOOPY VALUE: 1
TIME: 0.191998
SUM: 3300000
THREADS: 33
COUNT PER THREAD: 100000
SLOOPY VALUE: 1
TIME: 0.186699
SUM: 3300000
THREADS: 33
COUNT PER THREAD: 100000
SLOOPY VALUE: 1
TIME: 0.194515
SUM: 3300000
THREADS: 33
COUNT PER THREAD: 100000
SLOOPY VALUE: 1
TIME: 0.187534
SUM: 3300000
THREADS: 34
COUNT PER THREAD: 100000
SLOOPY VALUE: 1
TIME: 0.203151
SUM: 3400000
THREADS: 34
COUNT PER THREAD: 100000
SLOOPY VALUE: 1
TIME: 0.207929
SUM: 3400000
THREADS: 34
COUNT PER THREAD: 100000
SLOOPY VALUE: 1
TIME: 0.219647
SUM: 3400000
THREADS: 34
COUNT PER THREAD: 100000
SLOOPY VALUE: 1
TIME: 0.216282
SUM: 3400000
THREADS: 34
COUNT PER THREAD: 100000
SLOOPY VALUE: 1
TIME: 0.220075
SUM: 3400000
THREADS: 34
COUNT PER THREAD: 100000
SLOOPY VALUE: 1
TIME: 0.209829
SUM: 3400000
THREADS: 34
COUNT PER THREAD: 100000
SLOOPY VALUE: 1
TIME: 0.213571
SUM: 3400000
THREADS: 34
COUNT PER THREAD: 100000
SLOOPY VALUE: 1
TIME: 0.255395
SUM: 3400000
THREADS: 34
COUNT PER THREAD: 100000
SLOOPY VALUE: 1
TIME: 0.223996
SUM: 3400000
THREADS: 34
COUNT PER THREAD: 100000
SLOOPY VALUE: 1
TIME: 0.250887
SUM: 3400000
THREADS: 35
COUNT PER THREAD: 100000
SLOOPY VALUE: 1
TIME: 0.198158
SUM: 3500000
THREADS: 35
COUNT PER THREAD: 100000
SLOOPY VALUE: 1
TIME: 0.196335
SUM: 3500000
THREADS: 35
COUNT PER THREAD: 100000
SLOOPY VALUE: 1
TIME: 0.200673
SUM: 3500000
THREADS: 35
COUNT PER THREAD: 100000
SLOOPY VALUE: 1
TIME: 0.195238
SUM: 3500000
THREADS: 35
COUNT PER THREAD: 100000
SLOOPY VALUE: 1
TIME: 0.208202
SUM: 3500000
THREADS: 35
COUNT PER THREAD: 100000
SLOOPY VALUE: 1
TIME: 0.197516
SUM: 3500000
THREADS: 35
COUNT PER THREAD: 100000
SLOOPY VALUE: 1
TIME: 0.209782
SUM: 3500000
THREADS: 35
COUNT PER THREAD: 100000
SLOOPY VALUE: 1
TIME: 0.202643
SUM: 3500000
THREADS: 35
COUNT PER THREAD: 100000
SLOOPY VALUE: 1
TIME: 0.200875
SUM: 3500000
THREADS: 35
COUNT PER THREAD: 100000
SLOOPY VALUE: 1
TIME: 0.212393
SUM: 3500000
THREADS: 36
COUNT PER THREAD: 100000
SLOOPY VALUE: 1
TIME: 0.201420
SUM: 3600000
THREADS: 36
COUNT PER THREAD: 100000
SLOOPY VALUE: 1
TIME: 0.210721
SUM: 3600000
THREADS: 36
COUNT PER THREAD: 100000
SLOOPY VALUE: 1
TIME: 0.207851
SUM: 3600000
THREADS: 36
COUNT PER THREAD: 100000
SLOOPY VALUE: 1
TIME: 0.203695
SUM: 3600000
THREADS: 36
COUNT PER THREAD: 100000
SLOOPY VALUE: 1
TIME: 0.215575
SUM: 3600000
THREADS: 36
COUNT PER THREAD: 100000
SLOOPY VALUE: 1
TIME: 0.200033
SUM: 3600000
THREADS: 36
COUNT PER THREAD: 100000
SLOOPY VALUE: 1
TIME: 0.209744
SUM: 3600000
THREADS: 36
COUNT PER THREAD: 100000
SLOOPY VALUE: 1
TIME: 0.195640
SUM: 3600000
THREADS: 36
COUNT PER THREAD: 100000
SLOOPY VALUE: 1
TIME: 0.203094
SUM: 3600000
THREADS: 36
COUNT PER THREAD: 100000
SLOOPY VALUE: 1
TIME: 0.203317
SUM: 3600000
THREADS: 37
COUNT PER THREAD: 100000
SLOOPY VALUE: 1
TIME: 0.207005
SUM: 3700000
THREADS: 37
COUNT PER THREAD: 100000
SLOOPY VALUE: 1
TIME: 0.210978
SUM: 3700000
THREADS: 37
COUNT PER THREAD: 100000
SLOOPY VALUE: 1
TIME: 0.208429
SUM: 3700000
THREADS: 37
COUNT PER THREAD: 100000
SLOOPY VALUE: 1
TIME: 0.227194
SUM: 3700000
THREADS: 37
COUNT PER THREAD: 100000
SLOOPY VALUE: 1
TIME: 0.212335
SUM: 3700000
THREADS: 37
COUNT PER THREAD: 100000
SLOOPY VALUE: 1
TIME: 0.211822
SUM: 3700000
THREADS: 37
COUNT PER THREAD: 100000
SLOOPY VALUE: 1
TIME: 0.211721
SUM: 3700000
THREADS: 37
COUNT PER THREAD: 100000
SLOOPY VALUE: 1
TIME: 0.205409
SUM: 3700000
THREADS: 37
COUNT PER THREAD: 100000
SLOOPY VALUE: 1
TIME: 0.209840
SUM: 3700000
THREADS: 37
COUNT PER THREAD: 100000
SLOOPY VALUE: 1
TIME: 0.206298
SUM: 3700000
THREADS: 38
COUNT PER THREAD: 100000
SLOOPY VALUE: 1
TIME: 0.217442
SUM: 3800000
THREADS: 38
COUNT PER THREAD: 100000
SLOOPY VALUE: 1
TIME: 0.223038
SUM: 3800000
THREADS: 38
COUNT PER THREAD: 100000
SLOOPY VALUE: 1
TIME: 0.213135
SUM: 3800000
THREADS: 38
COUNT PER THREAD: 100000
SLOOPY VALUE: 1
TIME: 0.211185
SUM: 3800000
THREADS: 38
COUNT PER THREAD: 100000
SLOOPY VALUE: 1
TIME: 0.214203
SUM: 3800000
THREADS: 38
COUNT PER THREAD: 100000
SLOOPY VALUE: 1
TIME: 0.218085
SUM: 3800000
THREADS: 38
COUNT PER THREAD: 100000
SLOOPY VALUE: 1
TIME: 0.213367
SUM: 3800000
THREADS: 38
COUNT PER THREAD: 100000
SLOOPY VALUE: 1
TIME: 0.209525
SUM: 3800000
THREADS: 38
COUNT PER THREAD: 100000
SLOOPY VALUE: 1
TIME: 0.214627
SUM: 3800000
THREADS: 38
COUNT PER THREAD: 100000
SLOOPY VALUE: 1
TIME: 0.211409
SUM: 3800000
THREADS: 39
COUNT PER THREAD: 100000
SLOOPY VALUE: 1
TIME: 0.223231
SUM: 3900000
THREADS: 39
COUNT PER THREAD: 100000
SLOOPY VALUE: 1
TIME: 0.217484
SUM: 3900000
THREADS: 39
COUNT PER THREAD: 100000
SLOOPY VALUE: 1
TIME: 0.224844
SUM: 3900000
THREADS: 39
COUNT PER THREAD: 100000
SLOOPY VALUE: 1
TIME: 0.221217
SUM: 3900000
THREADS: 39
COUNT PER THREAD: 100000
SLOOPY VALUE: 1
TIME: 0.220665
SUM: 3900000
THREADS: 39
COUNT PER THREAD: 100000
SLOOPY VALUE: 1
TIME: 0.215404
SUM: 3900000
THREADS: 39
COUNT PER THREAD: 100000
SLOOPY VALUE: 1
TIME: 0.223772
SUM: 3900000
THREADS: 39
COUNT PER THREAD: 100000
SLOOPY VALUE: 1
TIME: 0.232694
SUM: 3900000
THREADS: 39
COUNT PER THREAD: 100000
SLOOPY VALUE: 1
TIME: 0.219909
SUM: 3900000
THREADS: 39
COUNT PER THREAD: 100000
SLOOPY VALUE: 1
TIME: 0.230392
SUM: 3900000
THREADS: 40
COUNT PER THREAD: 100000
SLOOPY VALUE: 1
TIME: 0.246504
SUM: 4000000
THREADS: 40
COUNT PER THREAD: 100000
SLOOPY VALUE: 1
TIME: 0.251269
SUM: 4000000
THREADS: 40
COUNT PER THREAD: 100000
SLOOPY VALUE: 1
TIME: 0.246550
SUM: 4000000
THREADS: 40
COUNT PER THREAD: 100000
SLOOPY VALUE: 1
TIME: 0.261343
SUM: 4000000
THREADS: 40
COUNT PER THREAD: 100000
SLOOPY VALUE: 1
TIME: 0.262729
SUM: 4000000
THREADS: 40
COUNT PER THREAD: 100000
SLOOPY VALUE: 1
TIME: 0.251379
SUM: 4000000
THREADS: 40
COUNT PER THREAD: 100000
SLOOPY VALUE: 1
TIME: 0.238103
SUM: 4000000
THREADS: 40
COUNT PER THREAD: 100000
SLOOPY VALUE: 1
TIME: 0.244518
SUM: 4000000
THREADS: 40
COUNT PER THREAD: 100000
SLOOPY VALUE: 1
TIME: 0.263357
SUM: 4000000
THREADS: 40
COUNT PER THREAD: 100000
SLOOPY VALUE: 1
TIME: 0.253263
SUM: 4000000
THREADS: 41
COUNT PER THREAD: 100000
SLOOPY VALUE: 1
TIME: 0.251204
SUM: 4100000
THREADS: 41
COUNT PER THREAD: 100000
SLOOPY VALUE: 1
TIME: 0.256557
SUM: 4100000
THREADS: 41
COUNT PER THREAD: 100000
SLOOPY VALUE: 1
TIME: 0.259415
SUM: 4100000
THREADS: 41
COUNT PER THREAD: 100000
SLOOPY VALUE: 1
TIME: 0.258500
SUM: 4100000
THREADS: 41
COUNT PER THREAD: 100000
SLOOPY VALUE: 1
TIME: 0.263037
SUM: 4100000
THREADS: 41
COUNT PER THREAD: 100000
SLOOPY VALUE: 1
TIME: 0.252930
SUM: 4100000
THREADS: 41
COUNT PER THREAD: 100000
SLOOPY VALUE: 1
TIME: 0.247304
SUM: 4100000
THREADS: 41
COUNT PER THREAD: 100000
SLOOPY VALUE: 1
TIME: 0.242907
SUM: 4100000
THREADS: 41
COUNT PER THREAD: 100000
SLOOPY VALUE: 1
TIME: 0.264091
SUM: 4100000
THREADS: 41
COUNT PER THREAD: 100000
SLOOPY VALUE: 1
TIME: 0.261961
SUM: 4100000
THREADS: 42
COUNT PER THREAD: 100000
SLOOPY VALUE: 1
TIME: 0.227198
SUM: 4200000
THREADS: 42
COUNT PER THREAD: 100000
SLOOPY VALUE: 1
TIME: 0.216904
SUM: 4200000
THREADS: 42
COUNT PER THREAD: 100000
SLOOPY VALUE: 1
TIME: 0.229480
SUM: 4200000
THREADS: 42
COUNT PER THREAD: 100000
SLOOPY VALUE: 1
TIME: 0.219325
SUM: 4200000
THREADS: 42
COUNT PER THREAD: 100000
SLOOPY VALUE: 1
TIME: 0.222730
SUM: 4200000
THREADS: 42
COUNT PER THREAD: 100000
SLOOPY VALUE: 1
TIME: 0.232355
SUM: 4200000
THREADS: 42
COUNT PER THREAD: 100000
SLOOPY VALUE: 1
TIME: 0.215261
SUM: 4200000
THREADS: 42
COUNT PER THREAD: 100000
SLOOPY VALUE: 1
TIME: 0.233029
SUM: 4200000
THREADS: 42
COUNT PER THREAD: 100000
SLOOPY VALUE: 1
TIME: 0.234975
SUM: 4200000
THREADS: 42
COUNT PER THREAD: 100000
SLOOPY VALUE: 1
TIME: 0.226528
SUM: 4200000
THREADS: 43
COUNT PER THREAD: 100000
SLOOPY VALUE: 1
TIME: 0.237842
SUM: 4300000
THREADS: 43
COUNT PER THREAD: 100000
SLOOPY VALUE: 1
TIME: 0.239163
SUM: 4300000
THREADS: 43
COUNT PER THREAD: 100000
SLOOPY VALUE: 1
TIME: 0.252054
SUM: 4300000
THREADS: 43
COUNT PER THREAD: 100000
SLOOPY VALUE: 1
TIME: 0.242323
SUM: 4300000
THREADS: 43
COUNT PER THREAD: 100000
SLOOPY VALUE: 1
TIME: 0.230587
SUM: 4300000
THREADS: 43
COUNT PER THREAD: 100000
SLOOPY VALUE: 1
TIME: 0.246041
SUM: 4300000
THREADS: 43
COUNT PER THREAD: 100000
SLOOPY VALUE: 1
TIME: 0.239748
SUM: 4300000
THREADS: 43
COUNT PER THREAD: 100000
SLOOPY VALUE: 1
TIME: 0.244605
SUM: 4300000
THREADS: 43
COUNT PER THREAD: 100000
SLOOPY VALUE: 1
TIME: 0.241421
SUM: 4300000
THREADS: 43
COUNT PER THREAD: 100000
SLOOPY VALUE: 1
TIME: 0.244373
SUM: 4300000
THREADS: 44
COUNT PER THREAD: 100000
SLOOPY VALUE: 1
TIME: 0.241863
SUM: 4400000
THREADS: 44
COUNT PER THREAD: 100000
SLOOPY VALUE: 1
TIME: 0.259777
SUM: 4400000
THREADS: 44
COUNT PER THREAD: 100000
SLOOPY VALUE: 1
TIME: 0.258886
SUM: 4400000
THREADS: 44
COUNT PER THREAD: 100000
SLOOPY VALUE: 1
TIME: 0.242781
SUM: 4400000
THREADS: 44
COUNT PER THREAD: 100000
SLOOPY VALUE: 1
TIME: 0.228504
SUM: 4400000
THREADS: 44
COUNT PER THREAD: 100000
SLOOPY VALUE: 1
TIME: 0.246354
SUM: 4400000
THREADS: 44
COUNT PER THREAD: 100000
SLOOPY VALUE: 1
TIME: 0.250587
SUM: 4400000
THREADS: 44
COUNT PER THREAD: 100000
SLOOPY VALUE: 1
TIME: 0.248730
SUM: 4400000
THREADS: 44
COUNT PER THREAD: 100000
SLOOPY VALUE: 1
TIME: 0.241087
SUM: 4400000
THREADS: 44
COUNT PER THREAD: 100000
SLOOPY VALUE: 1
TIME: 0.250687
SUM: 4400000
THREADS: 45
COUNT PER THREAD: 100000
SLOOPY VALUE: 1
TIME: 0.253524
SUM: 4500000
THREADS: 45
COUNT PER THREAD: 100000
SLOOPY VALUE: 1
TIME: 0.254290
SUM: 4500000
THREADS: 45
COUNT PER THREAD: 100000
SLOOPY VALUE: 1
TIME: 0.241053
SUM: 4500000
THREADS: 45
COUNT PER THREAD: 100000
SLOOPY VALUE: 1
TIME: 0.251703
SUM: 4500000
THREADS: 45
COUNT PER THREAD: 100000
SLOOPY VALUE: 1
TIME: 0.245615
SUM: 4500000
THREADS: 45
COUNT PER THREAD: 100000
SLOOPY VALUE: 1
TIME: 0.235865
SUM: 4500000
THREADS: 45
COUNT PER THREAD: 100000
SLOOPY VALUE: 1
TIME: 0.245221
SUM: 4500000
THREADS: 45
COUNT PER THREAD: 100000
SLOOPY VALUE: 1
TIME: 0.226551
SUM: 4500000
THREADS: 45
COUNT PER THREAD: 100000
SLOOPY VALUE: 1
TIME: 0.235431
SUM: 4500000
THREADS: 45
COUNT PER THREAD: 100000
SLOOPY VALUE: 1
TIME: 0.238710
SUM: 4500000
THREADS: 46
COUNT PER THREAD: 100000
SLOOPY VALUE: 1
TIME: 0.234351
SUM: 4600000
THREADS: 46
COUNT PER THREAD: 100000
SLOOPY VALUE: 1
TIME: 0.240745
SUM: 4600000
THREADS: 46
COUNT PER THREAD: 100000
SLOOPY VALUE: 1
TIME: 0.231071
SUM: 4600000
THREADS: 46
COUNT PER THREAD: 100000
SLOOPY VALUE: 1
TIME: 0.249525
SUM: 4600000
THREADS: 46
COUNT PER THREAD: 100000
SLOOPY VALUE: 1
TIME: 0.231864
SUM: 4600000
THREADS: 46
COUNT PER THREAD: 100000
SLOOPY VALUE: 1
TIME: 0.240417
SUM: 4600000
THREADS: 46
COUNT PER THREAD: 100000
SLOOPY VALUE: 1
TIME: 0.225080
SUM: 4600000
THREADS: 46
COUNT PER THREAD: 100000
SLOOPY VALUE: 1
TIME: 0.235208
SUM: 4600000
THREADS: 46
COUNT PER THREAD: 100000
SLOOPY VALUE: 1
TIME: 0.235843
SUM: 4600000
THREADS: 46
COUNT PER THREAD: 100000
SLOOPY VALUE: 1
TIME: 0.228369
SUM: 4600000
THREADS: 47
COUNT PER THREAD: 100000
SLOOPY VALUE: 1
TIME: 0.271577
SUM: 4700000
THREADS: 47
COUNT PER THREAD: 100000
SLOOPY VALUE: 1
TIME: 0.273145
SUM: 4700000
THREADS: 47
COUNT PER THREAD: 100000
SLOOPY VALUE: 1
TIME: 0.371375
SUM: 4700000
THREADS: 47
COUNT PER THREAD: 100000
SLOOPY VALUE: 1
TIME: 0.343959
SUM: 4700000
THREADS: 47
COUNT PER THREAD: 100000
SLOOPY VALUE: 1
TIME: 0.275571
SUM: 4700000
THREADS: 47
COUNT PER THREAD: 100000
SLOOPY VALUE: 1
TIME: 0.273185
SUM: 4700000
THREADS: 47
COUNT PER THREAD: 100000
SLOOPY VALUE: 1
TIME: 0.267032
SUM: 4700000
THREADS: 47
COUNT PER THREAD: 100000
SLOOPY VALUE: 1
TIME: 0.271317
SUM: 4700000
THREADS: 47
COUNT PER THREAD: 100000
SLOOPY VALUE: 1
TIME: 0.276268
SUM: 4700000
THREADS: 47
COUNT PER THREAD: 100000
SLOOPY VALUE: 1
TIME: 0.274250
SUM: 4700000
THREADS: 48
COUNT PER THREAD: 100000
SLOOPY VALUE: 1
TIME: 0.256286
SUM: 4800000
THREADS: 48
COUNT PER THREAD: 100000
SLOOPY VALUE: 1
TIME: 0.271917
SUM: 4800000
THREADS: 48
COUNT PER THREAD: 100000
SLOOPY VALUE: 1
TIME: 0.273898
SUM: 4800000
THREADS: 48
COUNT PER THREAD: 100000
SLOOPY VALUE: 1
TIME: 0.268055
SUM: 4800000
THREADS: 48
COUNT PER THREAD: 100000
SLOOPY VALUE: 1
TIME: 0.257631
SUM: 4800000
THREADS: 48
COUNT PER THREAD: 100000
SLOOPY VALUE: 1
TIME: 0.256334
SUM: 4800000
THREADS: 48
COUNT PER THREAD: 100000
SLOOPY VALUE: 1
TIME: 0.273546
SUM: 4800000
THREADS: 48
COUNT PER THREAD: 100000
SLOOPY VALUE: 1
TIME: 0.268231
SUM: 4800000
THREADS: 48
COUNT PER THREAD: 100000
SLOOPY VALUE: 1
TIME: 0.271877
SUM: 4800000
THREADS: 48
COUNT PER THREAD: 100000
SLOOPY VALUE: 1
TIME: 0.258413
SUM: 4800000
THREADS: 49
COUNT PER THREAD: 100000
SLOOPY VALUE: 1
TIME: 0.298690
SUM: 4900000
THREADS: 49
COUNT PER THREAD: 100000
SLOOPY VALUE: 1
TIME: 0.304413
SUM: 4900000
THREADS: 49
COUNT PER THREAD: 100000
SLOOPY VALUE: 1
TIME: 0.290490
SUM: 4900000
THREADS: 49
COUNT PER THREAD: 100000
SLOOPY VALUE: 1
TIME: 0.294452
SUM: 4900000
THREADS: 49
COUNT PER THREAD: 100000
SLOOPY VALUE: 1
TIME: 0.299855
SUM: 4900000
THREADS: 49
COUNT PER THREAD: 100000
SLOOPY VALUE: 1
TIME: 0.293192
SUM: 4900000
THREADS: 49
COUNT PER THREAD: 100000
SLOOPY VALUE: 1
TIME: 0.297283
SUM: 4900000
THREADS: 49
COUNT PER THREAD: 100000
SLOOPY VALUE: 1
TIME: 0.298214
SUM: 4900000
THREADS: 49
COUNT PER THREAD: 100000
SLOOPY VALUE: 1
TIME: 0.293852
SUM: 4900000
THREADS: 49
COUNT PER THREAD: 100000
SLOOPY VALUE: 1
TIME: 0.297660
SUM: 4900000
THREADS: 50
COUNT PER THREAD: 100000
SLOOPY VALUE: 1
TIME: 0.270186
SUM: 5000000
THREADS: 50
COUNT PER THREAD: 100000
SLOOPY VALUE: 1
TIME: 0.270824
SUM: 5000000
THREADS: 50
COUNT PER THREAD: 100000
SLOOPY VALUE: 1
TIME: 0.276368
SUM: 5000000
THREADS: 50
COUNT PER THREAD: 100000
SLOOPY VALUE: 1
TIME: 0.274702
SUM: 5000000
THREADS: 50
COUNT PER THREAD: 100000
SLOOPY VALUE: 1
TIME: 0.279462
SUM: 5000000
THREADS: 50
COUNT PER THREAD: 100000
SLOOPY VALUE: 1
TIME: 0.270029
SUM: 5000000
THREADS: 50
COUNT PER THREAD: 100000
SLOOPY VALUE: 1
TIME: 0.275138
SUM: 5000000
THREADS: 50
COUNT PER THREAD: 100000
SLOOPY VALUE: 1
TIME: 0.270988
SUM: 5000000
THREADS: 50
COUNT PER THREAD: 100000
SLOOPY VALUE: 1
TIME: 0.273848
SUM: 5000000
THREADS: 50
COUNT PER THREAD: 100000
SLOOPY VALUE: 1
TIME: 0.270443
SUM: 5000000
THREADS: 51
COUNT PER THREAD: 100000
SLOOPY VALUE: 1
TIME: 0.267705
SUM: 5100000
THREADS: 51
COUNT PER THREAD: 100000
SLOOPY VALUE: 1
TIME: 0.275644
SUM: 5100000
THREADS: 51
COUNT PER THREAD: 100000
SLOOPY VALUE: 1
TIME: 0.279027
SUM: 5100000
THREADS: 51
COUNT PER THREAD: 100000
SLOOPY VALUE: 1
TIME: 0.275704
SUM: 5100000
THREADS: 51
COUNT PER THREAD: 100000
SLOOPY VALUE: 1
TIME: 0.275604
SUM: 5100000
THREADS: 51
COUNT PER THREAD: 100000
SLOOPY VALUE: 1
TIME: 0.265293
SUM: 5100000
THREADS: 51
COUNT PER THREAD: 100000
SLOOPY VALUE: 1
TIME: 0.276591
SUM: 5100000
THREADS: 51
COUNT PER THREAD: 100000
SLOOPY VALUE: 1
TIME: 0.277257
SUM: 5100000
THREADS: 51
COUNT PER THREAD: 100000
SLOOPY VALUE: 1
TIME: 0.267155
SUM: 5100000
THREADS: 51
COUNT PER THREAD: 100000
SLOOPY VALUE: 1
TIME: 0.285238
SUM: 5100000
THREADS: 52
COUNT PER THREAD: 100000
SLOOPY VALUE: 1
TIME: 0.312927
SUM: 5200000
THREADS: 52
COUNT PER THREAD: 100000
SLOOPY VALUE: 1
TIME: 0.305521
SUM: 5200000
THREADS: 52
COUNT PER THREAD: 100000
SLOOPY VALUE: 1
TIME: 0.310745
SUM: 5200000
THREADS: 52
COUNT PER THREAD: 100000
SLOOPY VALUE: 1
TIME: 0.298749
SUM: 5200000
THREADS: 52
COUNT PER THREAD: 100000
SLOOPY VALUE: 1
TIME: 0.287278
SUM: 5200000
THREADS: 52
COUNT PER THREAD: 100000
SLOOPY VALUE: 1
TIME: 0.319615
SUM: 5200000
THREADS: 52
COUNT PER THREAD: 100000
SLOOPY VALUE: 1
TIME: 0.306659
SUM: 5200000
THREADS: 52
COUNT PER THREAD: 100000
SLOOPY VALUE: 1
TIME: 0.301991
SUM: 5200000
THREADS: 52
COUNT PER THREAD: 100000
SLOOPY VALUE: 1
TIME: 0.307990
SUM: 5200000
THREADS: 52
COUNT PER THREAD: 100000
SLOOPY VALUE: 1
TIME: 0.276670
SUM: 5200000
THREADS: 53
COUNT PER THREAD: 100000
SLOOPY VALUE: 1
TIME: 0.272060
SUM: 5300000
THREADS: 53
COUNT PER THREAD: 100000
SLOOPY VALUE: 1
TIME: 0.269293
SUM: 5300000
THREADS: 53
COUNT PER THREAD: 100000
SLOOPY VALUE: 1
TIME: 0.268562
SUM: 5300000
THREADS: 53
COUNT PER THREAD: 100000
SLOOPY VALUE: 1
TIME: 0.278410
SUM: 5300000
THREADS: 53
COUNT PER THREAD: 100000
SLOOPY VALUE: 1
TIME: 0.273152
SUM: 5300000
THREADS: 53
COUNT PER THREAD: 100000
SLOOPY VALUE: 1
TIME: 0.274739
SUM: 5300000
THREADS: 53
COUNT PER THREAD: 100000
SLOOPY VALUE: 1
TIME: 0.276483
SUM: 5300000
THREADS: 53
COUNT PER THREAD: 100000
SLOOPY VALUE: 1
TIME: 0.275062
SUM: 5300000
THREADS: 53
COUNT PER THREAD: 100000
SLOOPY VALUE: 1
TIME: 0.277564
SUM: 5300000
THREADS: 53
COUNT PER THREAD: 100000
SLOOPY VALUE: 1
TIME: 0.286332
SUM: 5300000
THREADS: 54
COUNT PER THREAD: 100000
SLOOPY VALUE: 1
TIME: 0.313632
SUM: 5400000
THREADS: 54
COUNT PER THREAD: 100000
SLOOPY VALUE: 1
TIME: 0.308540
SUM: 5400000
THREADS: 54
COUNT PER THREAD: 100000
SLOOPY VALUE: 1
TIME: 0.308337
SUM: 5400000
THREADS: 54
COUNT PER THREAD: 100000
SLOOPY VALUE: 1
TIME: 0.322066
SUM: 5400000
THREADS: 54
COUNT PER THREAD: 100000
SLOOPY VALUE: 1
TIME: 0.319747
SUM: 5400000
THREADS: 54
COUNT PER THREAD: 100000
SLOOPY VALUE: 1
TIME: 0.308628
SUM: 5400000
THREADS: 54
COUNT PER THREAD: 100000
SLOOPY VALUE: 1
TIME: 0.319756
SUM: 5400000
THREADS: 54
COUNT PER THREAD: 100000
SLOOPY VALUE: 1
TIME: 0.305846
SUM: 5400000
THREADS: 54
COUNT PER THREAD: 100000
SLOOPY VALUE: 1
TIME: 0.311350
SUM: 5400000
THREADS: 54
COUNT PER THREAD: 100000
SLOOPY VALUE: 1
TIME: 0.319606
SUM: 5400000
THREADS: 55
COUNT PER THREAD: 100000
SLOOPY VALUE: 1
TIME: 0.302505
SUM: 5500000
THREADS: 55
COUNT PER THREAD: 100000
SLOOPY VALUE: 1
TIME: 0.300507
SUM: 5500000
THREADS: 55
COUNT PER THREAD: 100000
SLOOPY VALUE: 1
TIME: 0.295173
SUM: 5500000
THREADS: 55
COUNT PER THREAD: 100000
SLOOPY VALUE: 1
TIME: 0.297008
SUM: 5500000
THREADS: 55
COUNT PER THREAD: 100000
SLOOPY VALUE: 1
TIME: 0.299031
SUM: 5500000
THREADS: 55
COUNT PER THREAD: 100000
SLOOPY VALUE: 1
TIME: 0.302231
SUM: 5500000
THREADS: 55
COUNT PER THREAD: 100000
SLOOPY VALUE: 1
TIME: 0.305754
SUM: 5500000
THREADS: 55
COUNT PER THREAD: 100000
SLOOPY VALUE: 1
TIME: 0.308633
SUM: 5500000
THREADS: 55
COUNT PER THREAD: 100000
SLOOPY VALUE: 1
TIME: 0.296404
SUM: 5500000
THREADS: 55
COUNT PER THREAD: 100000
SLOOPY VALUE: 1
TIME: 0.300551
SUM: 5500000
THREADS: 56
COUNT PER THREAD: 100000
SLOOPY VALUE: 1
TIME: 0.350966
SUM: 5600000
THREADS: 56
COUNT PER THREAD: 100000
SLOOPY VALUE: 1
TIME: 0.354430
SUM: 5600000
THREADS: 56
COUNT PER THREAD: 100000
SLOOPY VALUE: 1
TIME: 0.351004
SUM: 5600000
THREADS: 56
COUNT PER THREAD: 100000
SLOOPY VALUE: 1
TIME: 0.337517
SUM: 5600000
THREADS: 56
COUNT PER THREAD: 100000
SLOOPY VALUE: 1
TIME: 0.354521
SUM: 5600000
THREADS: 56
COUNT PER THREAD: 100000
SLOOPY VALUE: 1
TIME: 0.296203
SUM: 5600000
THREADS: 56
COUNT PER THREAD: 100000
SLOOPY VALUE: 1
TIME: 0.322731
SUM: 5600000
THREADS: 56
COUNT PER THREAD: 100000
SLOOPY VALUE: 1
TIME: 0.334970
SUM: 5600000
THREADS: 56
COUNT PER THREAD: 100000
SLOOPY VALUE: 1
TIME: 0.339335
SUM: 5600000
THREADS: 56
COUNT PER THREAD: 100000
SLOOPY VALUE: 1
TIME: 0.346234
SUM: 5600000
THREADS: 57
COUNT PER THREAD: 100000
SLOOPY VALUE: 1
TIME: 0.321103
SUM: 5700000
THREADS: 57
COUNT PER THREAD: 100000
SLOOPY VALUE: 1
TIME: 0.307394
SUM: 5700000
THREADS: 57
COUNT PER THREAD: 100000
SLOOPY VALUE: 1
TIME: 0.314474
SUM: 5700000
THREADS: 57
COUNT PER THREAD: 100000
SLOOPY VALUE: 1
TIME: 0.307667
SUM: 5700000
THREADS: 57
COUNT PER THREAD: 100000
SLOOPY VALUE: 1
TIME: 0.307426
SUM: 5700000
THREADS: 57
COUNT PER THREAD: 100000
SLOOPY VALUE: 1
TIME: 0.311825
SUM: 5700000
THREADS: 57
COUNT PER THREAD: 100000
SLOOPY VALUE: 1
TIME: 0.312655
SUM: 5700000
THREADS: 57
COUNT PER THREAD: 100000
SLOOPY VALUE: 1
TIME: 0.337506
SUM: 5700000
THREADS: 57
COUNT PER THREAD: 100000
SLOOPY VALUE: 1
TIME: 0.328740
SUM: 5700000
THREADS: 57
COUNT PER THREAD: 100000
SLOOPY VALUE: 1
TIME: 0.330049
SUM: 5700000
THREADS: 58
COUNT PER THREAD: 100000
SLOOPY VALUE: 1
TIME: 0.316151
SUM: 5800000
THREADS: 58
COUNT PER THREAD: 100000
SLOOPY VALUE: 1
TIME: 0.313191
SUM: 5800000
THREADS: 58
COUNT PER THREAD: 100000
SLOOPY VALUE: 1
TIME: 0.326730
SUM: 5800000
THREADS: 58
COUNT PER THREAD: 100000
SLOOPY VALUE: 1
TIME: 0.330654
SUM: 5800000
THREADS: 58
COUNT PER THREAD: 100000
SLOOPY VALUE: 1
TIME: 0.332190
SUM: 5800000
THREADS: 58
COUNT PER THREAD: 100000
SLOOPY VALUE: 1
TIME: 0.343015
SUM: 5800000
THREADS: 58
COUNT PER THREAD: 100000
SLOOPY VALUE: 1
TIME: 0.343687
SUM: 5800000
THREADS: 58
COUNT PER THREAD: 100000
SLOOPY VALUE: 1
TIME: 0.322562
SUM: 5800000
THREADS: 58
COUNT PER THREAD: 100000
SLOOPY VALUE: 1
TIME: 0.326198
SUM: 5800000
THREADS: 58
COUNT PER THREAD: 100000
SLOOPY VALUE: 1
TIME: 0.316625
SUM: 5800000
THREADS: 59
COUNT PER THREAD: 100000
SLOOPY VALUE: 1
TIME: 0.335894
SUM: 5900000
THREADS: 59
COUNT PER THREAD: 100000
SLOOPY VALUE: 1
TIME: 0.355207
SUM: 5900000
THREADS: 59
COUNT PER THREAD: 100000
SLOOPY VALUE: 1
TIME: 0.346649
SUM: 5900000
THREADS: 59
COUNT PER THREAD: 100000
SLOOPY VALUE: 1
TIME: 0.356944
SUM: 5900000
THREADS: 59
COUNT PER THREAD: 100000
SLOOPY VALUE: 1
TIME: 0.339655
SUM: 5900000
THREADS: 59
COUNT PER THREAD: 100000
SLOOPY VALUE: 1
TIME: 0.339372
SUM: 5900000
THREADS: 59
COUNT PER THREAD: 100000
SLOOPY VALUE: 1
TIME: 0.351071
SUM: 5900000
THREADS: 59
COUNT PER THREAD: 100000
SLOOPY VALUE: 1
TIME: 0.356523
SUM: 5900000
THREADS: 59
COUNT PER THREAD: 100000
SLOOPY VALUE: 1
TIME: 0.342540
SUM: 5900000
THREADS: 59
COUNT PER THREAD: 100000
SLOOPY VALUE: 1
TIME: 0.353451
SUM: 5900000
THREADS: 60
COUNT PER THREAD: 100000
SLOOPY VALUE: 1
TIME: 0.350204
SUM: 6000000
THREADS: 60
COUNT PER THREAD: 100000
SLOOPY VALUE: 1
TIME: 0.350026
SUM: 6000000
THREADS: 60
COUNT PER THREAD: 100000
SLOOPY VALUE: 1
TIME: 0.358184
SUM: 6000000
THREADS: 60
COUNT PER THREAD: 100000
SLOOPY VALUE: 1
TIME: 0.371564
SUM: 6000000
THREADS: 60
COUNT PER THREAD: 100000
SLOOPY VALUE: 1
TIME: 0.341139
SUM: 6000000
THREADS: 60
COUNT PER THREAD: 100000
SLOOPY VALUE: 1
TIME: 0.346055
SUM: 6000000
THREADS: 60
COUNT PER THREAD: 100000
SLOOPY VALUE: 1
TIME: 0.354748
SUM: 6000000
THREADS: 60
COUNT PER THREAD: 100000
SLOOPY VALUE: 1
TIME: 0.343506
SUM: 6000000
THREADS: 60
COUNT PER THREAD: 100000
SLOOPY VALUE: 1
TIME: 0.353262
SUM: 6000000
THREADS: 60
COUNT PER THREAD: 100000
SLOOPY VALUE: 1
TIME: 0.350131
SUM: 6000000
THREADS: 61
COUNT PER THREAD: 100000
SLOOPY VALUE: 1
TIME: 0.381568
SUM: 6100000
THREADS: 61
COUNT PER THREAD: 100000
SLOOPY VALUE: 1
TIME: 0.396932
SUM: 6100000
THREADS: 61
COUNT PER THREAD: 100000
SLOOPY VALUE: 1
TIME: 0.385651
SUM: 6100000
THREADS: 61
COUNT PER THREAD: 100000
SLOOPY VALUE: 1
TIME: 0.407410
SUM: 6100000
THREADS: 61
COUNT PER THREAD: 100000
SLOOPY VALUE: 1
TIME: 0.396858
SUM: 6100000
THREADS: 61
COUNT PER THREAD: 100000
SLOOPY VALUE: 1
TIME: 0.393715
SUM: 6100000
THREADS: 61
COUNT PER THREAD: 100000
SLOOPY VALUE: 1
TIME: 0.400045
SUM: 6100000
THREADS: 61
COUNT PER THREAD: 100000
SLOOPY VALUE: 1
TIME: 0.391689
SUM: 6100000
THREADS: 61
COUNT PER THREAD: 100000
SLOOPY VALUE: 1
TIME: 0.384448
SUM: 6100000
THREADS: 61
COUNT PER THREAD: 100000
SLOOPY VALUE: 1
TIME: 0.422828
SUM: 6100000
THREADS: 62
COUNT PER THREAD: 100000
SLOOPY VALUE: 1
TIME: 0.368910
SUM: 6200000
THREADS: 62
COUNT PER THREAD: 100000
SLOOPY VALUE: 1
TIME: 0.366798
SUM: 6200000
THREADS: 62
COUNT PER THREAD: 100000
SLOOPY VALUE: 1
TIME: 0.379876
SUM: 6200000
THREADS: 62
COUNT PER THREAD: 100000
SLOOPY VALUE: 1
TIME: 0.368885
SUM: 6200000
THREADS: 62
COUNT PER THREAD: 100000
SLOOPY VALUE: 1
TIME: 0.365187
SUM: 6200000
THREADS: 62
COUNT PER THREAD: 100000
SLOOPY VALUE: 1
TIME: 0.367298
SUM: 6200000
THREADS: 62
COUNT PER THREAD: 100000
SLOOPY VALUE: 1
TIME: 0.362401
SUM: 6200000
THREADS: 62
COUNT PER THREAD: 100000
SLOOPY VALUE: 1
TIME: 0.360428
SUM: 6200000
THREADS: 62
COUNT PER THREAD: 100000
SLOOPY VALUE: 1
TIME: 0.371507
SUM: 6200000
THREADS: 62
COUNT PER THREAD: 100000
SLOOPY VALUE: 1
TIME: 0.375447
SUM: 6200000
THREADS: 63
COUNT PER THREAD: 100000
SLOOPY VALUE: 1
TIME: 0.338313
SUM: 6300000
THREADS: 63
COUNT PER THREAD: 100000
SLOOPY VALUE: 1
TIME: 0.342804
SUM: 6300000
THREADS: 63
COUNT PER THREAD: 100000
SLOOPY VALUE: 1
TIME: 0.342276
SUM: 6300000
THREADS: 63
COUNT PER THREAD: 100000
SLOOPY VALUE: 1
TIME: 0.338430
SUM: 6300000
THREADS: 63
COUNT PER THREAD: 100000
SLOOPY VALUE: 1
TIME: 0.339462
SUM: 6300000
THREADS: 63
COUNT PER THREAD: 100000
SLOOPY VALUE: 1
TIME: 0.344838
SUM: 6300000
THREADS: 63
COUNT PER THREAD: 100000
SLOOPY VALUE: 1
TIME: 0.347811
SUM: 6300000
THREADS: 63
COUNT PER THREAD: 100000
SLOOPY VALUE: 1
TIME: 0.338847
SUM: 6300000
THREADS: 63
COUNT PER THREAD: 100000
SLOOPY VALUE: 1
TIME: 0.344752
SUM: 6300000
THREADS: 63
COUNT PER THREAD: 100000
SLOOPY VALUE: 1
TIME: 0.337348
SUM: 6300000
THREADS: 64
COUNT PER THREAD: 100000
SLOOPY VALUE: 1
TIME: 0.402161
SUM: 6400000
THREADS: 64
COUNT PER THREAD: 100000
SLOOPY VALUE: 1
TIME: 0.356870
SUM: 6400000
THREADS: 64
COUNT PER THREAD: 100000
SLOOPY VALUE: 1
TIME: 0.379883
SUM: 6400000
THREADS: 64
COUNT PER THREAD: 100000
SLOOPY VALUE: 1
TIME: 0.357992
SUM: 6400000
THREADS: 64
COUNT PER THREAD: 100000
SLOOPY VALUE: 1
TIME: 0.368076
SUM: 6400000
THREADS: 64
COUNT PER THREAD: 100000
SLOOPY VALUE: 1
TIME: 0.403555
SUM: 6400000
THREADS: 64
COUNT PER THREAD: 100000
SLOOPY VALUE: 1
TIME: 0.395705
SUM: 6400000
THREADS: 64
COUNT PER THREAD: 100000
SLOOPY VALUE: 1
TIME: 0.381318
SUM: 6400000
THREADS: 64
COUNT PER THREAD: 100000
SLOOPY VALUE: 1
TIME: 0.371976
SUM: 6400000
THREADS: 64
COUNT PER THREAD: 100000
SLOOPY VALUE: 1
TIME: 0.370640
SUM: 6400000
THREADS: 65
COUNT PER THREAD: 100000
SLOOPY VALUE: 1
TIME: 0.406590
SUM: 6500000
THREADS: 65
COUNT PER THREAD: 100000
SLOOPY VALUE: 1
TIME: 0.392059
SUM: 6500000
THREADS: 65
COUNT PER THREAD: 100000
SLOOPY VALUE: 1
TIME: 0.378431
SUM: 6500000
THREADS: 65
COUNT PER THREAD: 100000
SLOOPY VALUE: 1
TIME: 0.375430
SUM: 6500000
THREADS: 65
COUNT PER THREAD: 100000
SLOOPY VALUE: 1
TIME: 0.376743
SUM: 6500000
THREADS: 65
COUNT PER THREAD: 100000
SLOOPY VALUE: 1
TIME: 0.401568
SUM: 6500000
THREADS: 65
COUNT PER THREAD: 100000
SLOOPY VALUE: 1
TIME: 0.394806
SUM: 6500000
THREADS: 65
COUNT PER THREAD: 100000
SLOOPY VALUE: 1
TIME: 0.405654
SUM: 6500000
THREADS: 65
COUNT PER THREAD: 100000
SLOOPY VALUE: 1
TIME: 0.382145
SUM: 6500000
THREADS: 65
COUNT PER THREAD: 100000
SLOOPY VALUE: 1
TIME: 0.378637
SUM: 6500000
THREADS: 66
COUNT PER THREAD: 100000
SLOOPY VALUE: 1
TIME: 0.397767
SUM: 6600000
THREADS: 66
COUNT PER THREAD: 100000
SLOOPY VALUE: 1
TIME: 0.377598
SUM: 6600000
THREADS: 66
COUNT PER THREAD: 100000
SLOOPY VALUE: 1
TIME: 0.392244
SUM: 6600000
THREADS: 66
COUNT PER THREAD: 100000
SLOOPY VALUE: 1
TIME: 0.378726
SUM: 6600000
THREADS: 66
COUNT PER THREAD: 100000
SLOOPY VALUE: 1
TIME: 0.387978
SUM: 6600000
THREADS: 66
COUNT PER THREAD: 100000
SLOOPY VALUE: 1
TIME: 0.368488
SUM: 6600000
THREADS: 66
COUNT PER THREAD: 100000
SLOOPY VALUE: 1
TIME: 0.381126
SUM: 6600000
THREADS: 66
COUNT PER THREAD: 100000
SLOOPY VALUE: 1
TIME: 0.356931
SUM: 6600000
THREADS: 66
COUNT PER THREAD: 100000
SLOOPY VALUE: 1
TIME: 0.367794
SUM: 6600000
THREADS: 66
COUNT PER THREAD: 100000
SLOOPY VALUE: 1
TIME: 0.359610
SUM: 6600000
THREADS: 67
COUNT PER THREAD: 100000
SLOOPY VALUE: 1
TIME: 0.396911
SUM: 6700000
THREADS: 67
COUNT PER THREAD: 100000
SLOOPY VALUE: 1
TIME: 0.402492
SUM: 6700000
THREADS: 67
COUNT PER THREAD: 100000
SLOOPY VALUE: 1
TIME: 0.404696
SUM: 6700000
THREADS: 67
COUNT PER THREAD: 100000
SLOOPY VALUE: 1
TIME: 0.407774
SUM: 6700000
THREADS: 67
COUNT PER THREAD: 100000
SLOOPY VALUE: 1
TIME: 0.390729
SUM: 6700000
THREADS: 67
COUNT PER THREAD: 100000
SLOOPY VALUE: 1
TIME: 0.456369
SUM: 6700000
THREADS: 67
COUNT PER THREAD: 100000
SLOOPY VALUE: 1
TIME: 0.480673
SUM: 6700000
THREADS: 67
COUNT PER THREAD: 100000
SLOOPY VALUE: 1
TIME: 0.513697
SUM: 6700000
THREADS: 67
COUNT PER THREAD: 100000
SLOOPY VALUE: 1
TIME: 0.448680
SUM: 6700000
THREADS: 67
COUNT PER THREAD: 100000
SLOOPY VALUE: 1
TIME: 0.449642
SUM: 6700000
THREADS: 68
COUNT PER THREAD: 100000
SLOOPY VALUE: 1
TIME: 0.339569
SUM: 6800000
THREADS: 68
COUNT PER THREAD: 100000
SLOOPY VALUE: 1
TIME: 0.341662
SUM: 6800000
THREADS: 68
COUNT PER THREAD: 100000
SLOOPY VALUE: 1
TIME: 0.341832
SUM: 6800000
THREADS: 68
COUNT PER THREAD: 100000
SLOOPY VALUE: 1
TIME: 0.347764
SUM: 6800000
THREADS: 68
COUNT PER THREAD: 100000
SLOOPY VALUE: 1
TIME: 0.348620
SUM: 6800000
THREADS: 68
COUNT PER THREAD: 100000
SLOOPY VALUE: 1
TIME: 0.343810
SUM: 6800000
THREADS: 68
COUNT PER THREAD: 100000
SLOOPY VALUE: 1
TIME: 0.341760
SUM: 6800000
THREADS: 68
COUNT PER THREAD: 100000
SLOOPY VALUE: 1
TIME: 0.342055
SUM: 6800000
THREADS: 68
COUNT PER THREAD: 100000
SLOOPY VALUE: 1
TIME: 0.340208
SUM: 6800000
THREADS: 68
COUNT PER THREAD: 100000
SLOOPY VALUE: 1
TIME: 0.341570
SUM: 6800000
THREADS: 69
COUNT PER THREAD: 100000
SLOOPY VALUE: 1
TIME: 0.359495
SUM: 6900000
THREADS: 69
COUNT PER THREAD: 100000
SLOOPY VALUE: 1
TIME: 0.350336
SUM: 6900000
THREADS: 69
COUNT PER THREAD: 100000
SLOOPY VALUE: 1
TIME: 0.354946
SUM: 6900000
THREADS: 69
COUNT PER THREAD: 100000
SLOOPY VALUE: 1
TIME: 0.353716
SUM: 6900000
THREADS: 69
COUNT PER THREAD: 100000
SLOOPY VALUE: 1
TIME: 0.350524
SUM: 6900000
THREADS: 69
COUNT PER THREAD: 100000
SLOOPY VALUE: 1
TIME: 0.357107
SUM: 6900000
THREADS: 69
COUNT PER THREAD: 100000
SLOOPY VALUE: 1
TIME: 0.348337
SUM: 6900000
THREADS: 69
COUNT PER THREAD: 100000
SLOOPY VALUE: 1
TIME: 0.358230
SUM: 6900000
THREADS: 69
COUNT PER THREAD: 100000
SLOOPY VALUE: 1
TIME: 0.355175
SUM: 6900000
THREADS: 69
COUNT PER THREAD: 100000
SLOOPY VALUE: 1
TIME: 0.345683
SUM: 6900000
THREADS: 70
COUNT PER THREAD: 100000
SLOOPY VALUE: 1
TIME: 0.428936
SUM: 7000000
THREADS: 70
COUNT PER THREAD: 100000
SLOOPY VALUE: 1
TIME: 1.082462
SUM: 7000000
THREADS: 70
COUNT PER THREAD: 100000
SLOOPY VALUE: 1
TIME: 0.493347
SUM: 7000000
THREADS: 70
COUNT PER THREAD: 100000
SLOOPY VALUE: 1
TIME: 0.437720
SUM: 7000000
THREADS: 70
COUNT PER THREAD: 100000
SLOOPY VALUE: 1
TIME: 0.398147
SUM: 7000000
THREADS: 70
COUNT PER THREAD: 100000
SLOOPY VALUE: 1
TIME: 0.383279
SUM: 7000000
THREADS: 70
COUNT PER THREAD: 100000
SLOOPY VALUE: 1
TIME: 0.416804
SUM: 7000000
THREADS: 70
COUNT PER THREAD: 100000
SLOOPY VALUE: 1
TIME: 0.439303
SUM: 7000000
THREADS: 70
COUNT PER THREAD: 100000
SLOOPY VALUE: 1
TIME: 0.393229
SUM: 7000000
THREADS: 70
COUNT PER THREAD: 100000
SLOOPY VALUE: 1
TIME: 0.378295
SUM: 7000000
THREADS: 71
COUNT PER THREAD: 100000
SLOOPY VALUE: 1
TIME: 0.356750
SUM: 7100000
THREADS: 71
COUNT PER THREAD: 100000
SLOOPY VALUE: 1
TIME: 0.352528
SUM: 7100000
THREADS: 71
COUNT PER THREAD: 100000
SLOOPY VALUE: 1
TIME: 0.369286
SUM: 7100000
THREADS: 71
COUNT PER THREAD: 100000
SLOOPY VALUE: 1
TIME: 0.362698
SUM: 7100000
THREADS: 71
COUNT PER THREAD: 100000
SLOOPY VALUE: 1
TIME: 0.354741
SUM: 7100000
THREADS: 71
COUNT PER THREAD: 100000
SLOOPY VALUE: 1
TIME: 0.356371
SUM: 7100000
THREADS: 71
COUNT PER THREAD: 100000
SLOOPY VALUE: 1
TIME: 0.357062
SUM: 7100000
THREADS: 71
COUNT PER THREAD: 100000
SLOOPY VALUE: 1
TIME: 0.359474
SUM: 7100000
THREADS: 71
COUNT PER THREAD: 100000
SLOOPY VALUE: 1
TIME: 0.354715
SUM: 7100000
THREADS: 71
COUNT PER THREAD: 100000
SLOOPY VALUE: 1
TIME: 0.354378
SUM: 7100000
THREADS: 72
COUNT PER THREAD: 100000
SLOOPY VALUE: 1
TIME: 0.366602
SUM: 7200000
THREADS: 72
COUNT PER THREAD: 100000
SLOOPY VALUE: 1
TIME: 0.369830
SUM: 7200000
THREADS: 72
COUNT PER THREAD: 100000
SLOOPY VALUE: 1
TIME: 0.373815
SUM: 7200000
THREADS: 72
COUNT PER THREAD: 100000
SLOOPY VALUE: 1
TIME: 0.365481
SUM: 7200000
THREADS: 72
COUNT PER THREAD: 100000
SLOOPY VALUE: 1
TIME: 0.368478
SUM: 7200000
THREADS: 72
COUNT PER THREAD: 100000
SLOOPY VALUE: 1
TIME: 0.363940
SUM: 7200000
THREADS: 72
COUNT PER THREAD: 100000
SLOOPY VALUE: 1
TIME: 0.370210
SUM: 7200000
THREADS: 72
COUNT PER THREAD: 100000
SLOOPY VALUE: 1
TIME: 0.386569
SUM: 7200000
THREADS: 72
COUNT PER THREAD: 100000
SLOOPY VALUE: 1
TIME: 0.362567
SUM: 7200000
THREADS: 72
COUNT PER THREAD: 100000
SLOOPY VALUE: 1
TIME: 0.372278
SUM: 7200000
THREADS: 73
COUNT PER THREAD: 100000
SLOOPY VALUE: 1
TIME: 0.430162
SUM: 7300000
THREADS: 73
COUNT PER THREAD: 100000
SLOOPY VALUE: 1
TIME: 0.420924
SUM: 7300000
THREADS: 73
COUNT PER THREAD: 100000
SLOOPY VALUE: 1
TIME: 0.416432
SUM: 7300000
THREADS: 73
COUNT PER THREAD: 100000
SLOOPY VALUE: 1
TIME: 0.409130
SUM: 7300000
THREADS: 73
COUNT PER THREAD: 100000
SLOOPY VALUE: 1
TIME: 0.398116
SUM: 7300000
THREADS: 73
COUNT PER THREAD: 100000
SLOOPY VALUE: 1
TIME: 0.399592
SUM: 7300000
THREADS: 73
COUNT PER THREAD: 100000
SLOOPY VALUE: 1
TIME: 0.401596
SUM: 7300000
THREADS: 73
COUNT PER THREAD: 100000
SLOOPY VALUE: 1
TIME: 0.400287
SUM: 7300000
THREADS: 73
COUNT PER THREAD: 100000
SLOOPY VALUE: 1
TIME: 0.413640
SUM: 7300000
THREADS: 73
COUNT PER THREAD: 100000
SLOOPY VALUE: 1
TIME: 0.427765
SUM: 7300000
THREADS: 74
COUNT PER THREAD: 100000
SLOOPY VALUE: 1
TIME: 0.408641
SUM: 7400000
THREADS: 74
COUNT PER THREAD: 100000
SLOOPY VALUE: 1
TIME: 0.399477
SUM: 7400000
THREADS: 74
COUNT PER THREAD: 100000
SLOOPY VALUE: 1
TIME: 0.406677
SUM: 7400000
THREADS: 74
COUNT PER THREAD: 100000
SLOOPY VALUE: 1
TIME: 0.402048
SUM: 7400000
THREADS: 74
COUNT PER THREAD: 100000
SLOOPY VALUE: 1
TIME: 0.416780
SUM: 7400000
THREADS: 74
COUNT PER THREAD: 100000
SLOOPY VALUE: 1
TIME: 0.415444
SUM: 7400000
THREADS: 74
COUNT PER THREAD: 100000
SLOOPY VALUE: 1
TIME: 0.403903
SUM: 7400000
THREADS: 74
COUNT PER THREAD: 100000
SLOOPY VALUE: 1
TIME: 0.402553
SUM: 7400000
THREADS: 74
COUNT PER THREAD: 100000
SLOOPY VALUE: 1
TIME: 0.418432
SUM: 7400000
THREADS: 74
COUNT PER THREAD: 100000
SLOOPY VALUE: 1
TIME: 0.413911
SUM: 7400000
THREADS: 75
COUNT PER THREAD: 100000
SLOOPY VALUE: 1
TIME: 0.416695
SUM: 7500000
THREADS: 75
COUNT PER THREAD: 100000
SLOOPY VALUE: 1
TIME: 0.395390
SUM: 7500000
THREADS: 75
COUNT PER THREAD: 100000
SLOOPY VALUE: 1
TIME: 0.383377
SUM: 7500000
THREADS: 75
COUNT PER THREAD: 100000
SLOOPY VALUE: 1
TIME: 0.398796
SUM: 7500000
THREADS: 75
COUNT PER THREAD: 100000
SLOOPY VALUE: 1
TIME: 0.391706
SUM: 7500000
THREADS: 75
COUNT PER THREAD: 100000
SLOOPY VALUE: 1
TIME: 0.384082
SUM: 7500000
THREADS: 75
COUNT PER THREAD: 100000
SLOOPY VALUE: 1
TIME: 0.418882
SUM: 7500000
THREADS: 75
COUNT PER THREAD: 100000
SLOOPY VALUE: 1
TIME: 0.394775
SUM: 7500000
THREADS: 75
COUNT PER THREAD: 100000
SLOOPY VALUE: 1
TIME: 0.391521
SUM: 7500000
THREADS: 75
COUNT PER THREAD: 100000
SLOOPY VALUE: 1
TIME: 0.402514
SUM: 7500000
THREADS: 76
COUNT PER THREAD: 100000
SLOOPY VALUE: 1
TIME: 0.378765
SUM: 7600000
THREADS: 76
COUNT PER THREAD: 100000
SLOOPY VALUE: 1
TIME: 0.378918
SUM: 7600000
THREADS: 76
COUNT PER THREAD: 100000
SLOOPY VALUE: 1
TIME: 0.375732
SUM: 7600000
THREADS: 76
COUNT PER THREAD: 100000
SLOOPY VALUE: 1
TIME: 0.375040
SUM: 7600000
THREADS: 76
COUNT PER THREAD: 100000
SLOOPY VALUE: 1
TIME: 0.377320
SUM: 7600000
THREADS: 76
COUNT PER THREAD: 100000
SLOOPY VALUE: 1
TIME: 0.376183
SUM: 7600000
THREADS: 76
COUNT PER THREAD: 100000
SLOOPY VALUE: 1
TIME: 0.376814
SUM: 7600000
THREADS: 76
COUNT PER THREAD: 100000
SLOOPY VALUE: 1
TIME: 0.385013
SUM: 7600000
THREADS: 76
COUNT PER THREAD: 100000
SLOOPY VALUE: 1
TIME: 0.374796
SUM: 7600000
THREADS: 76
COUNT PER THREAD: 100000
SLOOPY VALUE: 1
TIME: 0.374443
SUM: 7600000
THREADS: 77
COUNT PER THREAD: 100000
SLOOPY VALUE: 1
TIME: 0.389802
SUM: 7700000
THREADS: 77
COUNT PER THREAD: 100000
SLOOPY VALUE: 1
TIME: 0.399987
SUM: 7700000
THREADS: 77
COUNT PER THREAD: 100000
SLOOPY VALUE: 1
TIME: 0.387174
SUM: 7700000
THREADS: 77
COUNT PER THREAD: 100000
SLOOPY VALUE: 1
TIME: 0.390679
SUM: 7700000
THREADS: 77
COUNT PER THREAD: 100000
SLOOPY VALUE: 1
TIME: 0.390936
SUM: 7700000
THREADS: 77
COUNT PER THREAD: 100000
SLOOPY VALUE: 1
TIME: 0.392391
SUM: 7700000
THREADS: 77
COUNT PER THREAD: 100000
SLOOPY VALUE: 1
TIME: 0.400507
SUM: 7700000
THREADS: 77
COUNT PER THREAD: 100000
SLOOPY VALUE: 1
TIME: 0.382761
SUM: 7700000
THREADS: 77
COUNT PER THREAD: 100000
SLOOPY VALUE: 1
TIME: 0.382199
SUM: 7700000
THREADS: 77
COUNT PER THREAD: 100000
SLOOPY VALUE: 1
TIME: 0.384095
SUM: 7700000
THREADS: 78
COUNT PER THREAD: 100000
SLOOPY VALUE: 1
TIME: 0.415396
SUM: 7800000
THREADS: 78
COUNT PER THREAD: 100000
SLOOPY VALUE: 1
TIME: 0.404808
SUM: 7800000
THREADS: 78
COUNT PER THREAD: 100000
SLOOPY VALUE: 1
TIME: 0.415207
SUM: 7800000
THREADS: 78
COUNT PER THREAD: 100000
SLOOPY VALUE: 1
TIME: 0.399924
SUM: 7800000
THREADS: 78
COUNT PER THREAD: 100000
SLOOPY VALUE: 1
TIME: 0.401825
SUM: 7800000
THREADS: 78
COUNT PER THREAD: 100000
SLOOPY VALUE: 1
TIME: 0.393847
SUM: 7800000
THREADS: 78
COUNT PER THREAD: 100000
SLOOPY VALUE: 1
TIME: 0.398716
SUM: 7800000
THREADS: 78
COUNT PER THREAD: 100000
SLOOPY VALUE: 1
TIME: 0.406470
SUM: 7800000
THREADS: 78
COUNT PER THREAD: 100000
SLOOPY VALUE: 1
TIME: 0.389507
SUM: 7800000
THREADS: 78
COUNT PER THREAD: 100000
SLOOPY VALUE: 1
TIME: 0.403662
SUM: 7800000
THREADS: 79
COUNT PER THREAD: 100000
SLOOPY VALUE: 1
TIME: 0.434202
SUM: 7900000
THREADS: 79
COUNT PER THREAD: 100000
SLOOPY VALUE: 1
TIME: 0.402253
SUM: 7900000
THREADS: 79
COUNT PER THREAD: 100000
SLOOPY VALUE: 1
TIME: 0.402862
SUM: 7900000
THREADS: 79
COUNT PER THREAD: 100000
SLOOPY VALUE: 1
TIME: 0.410237
SUM: 7900000
THREADS: 79
COUNT PER THREAD: 100000
SLOOPY VALUE: 1
TIME: 0.429645
SUM: 7900000
THREADS: 79
COUNT PER THREAD: 100000
SLOOPY VALUE: 1
TIME: 0.457145
SUM: 7900000
THREADS: 79
COUNT PER THREAD: 100000
SLOOPY VALUE: 1
TIME: 0.447723
SUM: 7900000
THREADS: 79
COUNT PER THREAD: 100000
SLOOPY VALUE: 1
TIME: 0.471076
SUM: 7900000
THREADS: 79
COUNT PER THREAD: 100000
SLOOPY VALUE: 1
TIME: 0.440430
SUM: 7900000
THREADS: 79
COUNT PER THREAD: 100000
SLOOPY VALUE: 1
TIME: 0.435480
SUM: 7900000
THREADS: 80
COUNT PER THREAD: 100000
SLOOPY VALUE: 1
TIME: 0.402125
SUM: 8000000
THREADS: 80
COUNT PER THREAD: 100000
SLOOPY VALUE: 1
TIME: 0.400208
SUM: 8000000
THREADS: 80
COUNT PER THREAD: 100000
SLOOPY VALUE: 1
TIME: 0.398704
SUM: 8000000
THREADS: 80
COUNT PER THREAD: 100000
SLOOPY VALUE: 1
TIME: 0.407598
SUM: 8000000
THREADS: 80
COUNT PER THREAD: 100000
SLOOPY VALUE: 1
TIME: 0.405256
SUM: 8000000
THREADS: 80
COUNT PER THREAD: 100000
SLOOPY VALUE: 1
TIME: 0.402993
SUM: 8000000
THREADS: 80
COUNT PER THREAD: 100000
SLOOPY VALUE: 1
TIME: 0.401189
SUM: 8000000
THREADS: 80
COUNT PER THREAD: 100000
SLOOPY VALUE: 1
TIME: 0.388734
SUM: 8000000
THREADS: 80
COUNT PER THREAD: 100000
SLOOPY VALUE: 1
TIME: 0.412337
SUM: 8000000
THREADS: 80
COUNT PER THREAD: 100000
SLOOPY VALUE: 1
TIME: 0.405930
SUM: 8000000
THREADS: 81
COUNT PER THREAD: 100000
SLOOPY VALUE: 1
TIME: 0.413539
SUM: 8100000
THREADS: 81
COUNT PER THREAD: 100000
SLOOPY VALUE: 1
TIME: 0.426300
SUM: 8100000
THREADS: 81
COUNT PER THREAD: 100000
SLOOPY VALUE: 1
TIME: 0.410410
SUM: 8100000
THREADS: 81
COUNT PER THREAD: 100000
SLOOPY VALUE: 1
TIME: 0.415552
SUM: 8100000
THREADS: 81
COUNT PER THREAD: 100000
SLOOPY VALUE: 1
TIME: 0.420221
SUM: 8100000
THREADS: 81
COUNT PER THREAD: 100000
SLOOPY VALUE: 1
TIME: 0.408010
SUM: 8100000
THREADS: 81
COUNT PER THREAD: 100000
SLOOPY VALUE: 1
TIME: 0.434516
SUM: 8100000
THREADS: 81
COUNT PER THREAD: 100000
SLOOPY VALUE: 1
TIME: 0.438831
SUM: 8100000
THREADS: 81
COUNT PER THREAD: 100000
SLOOPY VALUE: 1
TIME: 0.444963
SUM: 8100000
THREADS: 81
COUNT PER THREAD: 100000
SLOOPY VALUE: 1
TIME: 0.458160
SUM: 8100000
THREADS: 82
COUNT PER THREAD: 100000
SLOOPY VALUE: 1
TIME: 0.438935
SUM: 8200000
THREADS: 82
COUNT PER THREAD: 100000
SLOOPY VALUE: 1
TIME: 0.468892
SUM: 8200000
THREADS: 82
COUNT PER THREAD: 100000
SLOOPY VALUE: 1
TIME: 0.449447
SUM: 8200000
THREADS: 82
COUNT PER THREAD: 100000
SLOOPY VALUE: 1
TIME: 0.456257
SUM: 8200000
THREADS: 82
COUNT PER THREAD: 100000
SLOOPY VALUE: 1
TIME: 0.447019
SUM: 8200000
THREADS: 82
COUNT PER THREAD: 100000
SLOOPY VALUE: 1
TIME: 0.423521
SUM: 8200000
THREADS: 82
COUNT PER THREAD: 100000
SLOOPY VALUE: 1
TIME: 0.449087
SUM: 8200000
THREADS: 82
COUNT PER THREAD: 100000
SLOOPY VALUE: 1
TIME: 0.445759
SUM: 8200000
THREADS: 82
COUNT PER THREAD: 100000
SLOOPY VALUE: 1
TIME: 0.443514
SUM: 8200000
THREADS: 82
COUNT PER THREAD: 100000
SLOOPY VALUE: 1
TIME: 0.478308
SUM: 8200000
THREADS: 83
COUNT PER THREAD: 100000
SLOOPY VALUE: 1
TIME: 0.481644
SUM: 8300000
THREADS: 83
COUNT PER THREAD: 100000
SLOOPY VALUE: 1
TIME: 0.488408
SUM: 8300000
THREADS: 83
COUNT PER THREAD: 100000
SLOOPY VALUE: 1
TIME: 0.424939
SUM: 8300000
THREADS: 83
COUNT PER THREAD: 100000
SLOOPY VALUE: 1
TIME: 0.489699
SUM: 8300000
THREADS: 83
COUNT PER THREAD: 100000
SLOOPY VALUE: 1
TIME: 0.470451
SUM: 8300000
THREADS: 83
COUNT PER THREAD: 100000
SLOOPY VALUE: 1
TIME: 0.457207
SUM: 8300000
THREADS: 83
COUNT PER THREAD: 100000
SLOOPY VALUE: 1
TIME: 0.469686
SUM: 8300000
THREADS: 83
COUNT PER THREAD: 100000
SLOOPY VALUE: 1
TIME: 0.461156
SUM: 8300000
THREADS: 83
COUNT PER THREAD: 100000
SLOOPY VALUE: 1
TIME: 0.489682
SUM: 8300000
THREADS: 83
COUNT PER THREAD: 100000
SLOOPY VALUE: 1
TIME: 0.466685
SUM: 8300000
THREADS: 84
COUNT PER THREAD: 100000
SLOOPY VALUE: 1
TIME: 0.463582
SUM: 8400000
THREADS: 84
COUNT PER THREAD: 100000
SLOOPY VALUE: 1
TIME: 0.467727
SUM: 8400000
THREADS: 84
COUNT PER THREAD: 100000
SLOOPY VALUE: 1
TIME: 0.489332
SUM: 8400000
THREADS: 84
COUNT PER THREAD: 100000
SLOOPY VALUE: 1
TIME: 0.501458
SUM: 8400000
THREADS: 84
COUNT PER THREAD: 100000
SLOOPY VALUE: 1
TIME: 0.466729
SUM: 8400000
THREADS: 84
COUNT PER THREAD: 100000
SLOOPY VALUE: 1
TIME: 0.478541
SUM: 8400000
THREADS: 84
COUNT PER THREAD: 100000
SLOOPY VALUE: 1
TIME: 0.465390
SUM: 8400000
THREADS: 84
COUNT PER THREAD: 100000
SLOOPY VALUE: 1
TIME: 0.453872
SUM: 8400000
THREADS: 84
COUNT PER THREAD: 100000
SLOOPY VALUE: 1
TIME: 0.463466
SUM: 8400000
THREADS: 84
COUNT PER THREAD: 100000
SLOOPY VALUE: 1
TIME: 0.433418
SUM: 8400000
THREADS: 85
COUNT PER THREAD: 100000
SLOOPY VALUE: 1
TIME: 0.449929
SUM: 8500000
THREADS: 85
COUNT PER THREAD: 100000
SLOOPY VALUE: 1
TIME: 0.432792
SUM: 8500000
THREADS: 85
COUNT PER THREAD: 100000
SLOOPY VALUE: 1
TIME: 0.437099
SUM: 8500000
THREADS: 85
COUNT PER THREAD: 100000
SLOOPY VALUE: 1
TIME: 0.434660
SUM: 8500000
THREADS: 85
COUNT PER THREAD: 100000
SLOOPY VALUE: 1
TIME: 0.454854
SUM: 8500000
THREADS: 85
COUNT PER THREAD: 100000
SLOOPY VALUE: 1
TIME: 0.466305
SUM: 8500000
THREADS: 85
COUNT PER THREAD: 100000
SLOOPY VALUE: 1
TIME: 0.429743
SUM: 8500000
THREADS: 85
COUNT PER THREAD: 100000
SLOOPY VALUE: 1
TIME: 0.451354
SUM: 8500000
THREADS: 85
COUNT PER THREAD: 100000
SLOOPY VALUE: 1
TIME: 0.459602
SUM: 8500000
THREADS: 85
COUNT PER THREAD: 100000
SLOOPY VALUE: 1
TIME: 0.434290
SUM: 8500000
THREADS: 86
COUNT PER THREAD: 100000
SLOOPY VALUE: 1
TIME: 0.465508
SUM: 8600000
THREADS: 86
COUNT PER THREAD: 100000
SLOOPY VALUE: 1
TIME: 0.458225
SUM: 8600000
THREADS: 86
COUNT PER THREAD: 100000
SLOOPY VALUE: 1
TIME: 0.460338
SUM: 8600000
THREADS: 86
COUNT PER THREAD: 100000
SLOOPY VALUE: 1
TIME: 0.508539
SUM: 8600000
THREADS: 86
COUNT PER THREAD: 100000
SLOOPY VALUE: 1
TIME: 0.476685
SUM: 8600000
THREADS: 86
COUNT PER THREAD: 100000
SLOOPY VALUE: 1
TIME: 0.458633
SUM: 8600000
THREADS: 86
COUNT PER THREAD: 100000
SLOOPY VALUE: 1
TIME: 0.486385
SUM: 8600000
THREADS: 86
COUNT PER THREAD: 100000
SLOOPY VALUE: 1
TIME: 0.535977
SUM: 8600000
THREADS: 86
COUNT PER THREAD: 100000
SLOOPY VALUE: 1
TIME: 0.516153
SUM: 8600000
THREADS: 86
COUNT PER THREAD: 100000
SLOOPY VALUE: 1
TIME: 0.649080
SUM: 8600000
THREADS: 87
COUNT PER THREAD: 100000
SLOOPY VALUE: 1
TIME: 0.443955
SUM: 8700000
THREADS: 87
COUNT PER THREAD: 100000
SLOOPY VALUE: 1
TIME: 0.428774
SUM: 8700000
THREADS: 87
COUNT PER THREAD: 100000
SLOOPY VALUE: 1
TIME: 0.433322
SUM: 8700000
THREADS: 87
COUNT PER THREAD: 100000
SLOOPY VALUE: 1
TIME: 0.433076
SUM: 8700000
THREADS: 87
COUNT PER THREAD: 100000
SLOOPY VALUE: 1
TIME: 0.439754
SUM: 8700000
THREADS: 87
COUNT PER THREAD: 100000
SLOOPY VALUE: 1
TIME: 0.442932
SUM: 8700000
THREADS: 87
COUNT PER THREAD: 100000
SLOOPY VALUE: 1
TIME: 0.439823
SUM: 8700000
THREADS: 87
COUNT PER THREAD: 100000
SLOOPY VALUE: 1
TIME: 0.452526
SUM: 8700000
THREADS: 87
COUNT PER THREAD: 100000
SLOOPY VALUE: 1
TIME: 0.429819
SUM: 8700000
THREADS: 87
COUNT PER THREAD: 100000
SLOOPY VALUE: 1
TIME: 0.456915
SUM: 8700000
THREADS: 88
COUNT PER THREAD: 100000
SLOOPY VALUE: 1
TIME: 0.435964
SUM: 8800000
THREADS: 88
COUNT PER THREAD: 100000
SLOOPY VALUE: 1
TIME: 0.431134
SUM: 8800000
THREADS: 88
COUNT PER THREAD: 100000
SLOOPY VALUE: 1
TIME: 0.438216
SUM: 8800000
THREADS: 88
COUNT PER THREAD: 100000
SLOOPY VALUE: 1
TIME: 0.434028
SUM: 8800000
THREADS: 88
COUNT PER THREAD: 100000
SLOOPY VALUE: 1
TIME: 0.438883
SUM: 8800000
THREADS: 88
COUNT PER THREAD: 100000
SLOOPY VALUE: 1
TIME: 0.431654
SUM: 8800000
THREADS: 88
COUNT PER THREAD: 100000
SLOOPY VALUE: 1
TIME: 0.437767
SUM: 8800000
THREADS: 88
COUNT PER THREAD: 100000
SLOOPY VALUE: 1
TIME: 0.439041
SUM: 8800000
THREADS: 88
COUNT PER THREAD: 100000
SLOOPY VALUE: 1
TIME: 0.439751
SUM: 8800000
THREADS: 88
COUNT PER THREAD: 100000
SLOOPY VALUE: 1
TIME: 0.437933
SUM: 8800000
THREADS: 89
COUNT PER THREAD: 100000
SLOOPY VALUE: 1
TIME: 0.439325
SUM: 8900000
THREADS: 89
COUNT PER THREAD: 100000
SLOOPY VALUE: 1
TIME: 0.438142
SUM: 8900000
THREADS: 89
COUNT PER THREAD: 100000
SLOOPY VALUE: 1
TIME: 0.438390
SUM: 8900000
THREADS: 89
COUNT PER THREAD: 100000
SLOOPY VALUE: 1
TIME: 0.440024
SUM: 8900000
THREADS: 89
COUNT PER THREAD: 100000
SLOOPY VALUE: 1
TIME: 0.435821
SUM: 8900000
THREADS: 89
COUNT PER THREAD: 100000
SLOOPY VALUE: 1
TIME: 0.443041
SUM: 8900000
THREADS: 89
COUNT PER THREAD: 100000
SLOOPY VALUE: 1
TIME: 0.442837
SUM: 8900000
THREADS: 89
COUNT PER THREAD: 100000
SLOOPY VALUE: 1
TIME: 0.440492
SUM: 8900000
THREADS: 89
COUNT PER THREAD: 100000
SLOOPY VALUE: 1
TIME: 0.427882
SUM: 8900000
THREADS: 89
COUNT PER THREAD: 100000
SLOOPY VALUE: 1
TIME: 0.438507
SUM: 8900000
THREADS: 90
COUNT PER THREAD: 100000
SLOOPY VALUE: 1
TIME: 0.452173
SUM: 9000000
THREADS: 90
COUNT PER THREAD: 100000
SLOOPY VALUE: 1
TIME: 0.440928
SUM: 9000000
THREADS: 90
COUNT PER THREAD: 100000
SLOOPY VALUE: 1
TIME: 0.460242
SUM: 9000000
THREADS: 90
COUNT PER THREAD: 100000
SLOOPY VALUE: 1
TIME: 0.522156
SUM: 9000000
THREADS: 90
COUNT PER THREAD: 100000
SLOOPY VALUE: 1
TIME: 0.493983
SUM: 9000000
THREADS: 90
COUNT PER THREAD: 100000
SLOOPY VALUE: 1
TIME: 0.500954
SUM: 9000000
THREADS: 90
COUNT PER THREAD: 100000
SLOOPY VALUE: 1
TIME: 0.474729
SUM: 9000000
THREADS: 90
COUNT PER THREAD: 100000
SLOOPY VALUE: 1
TIME: 0.448974
SUM: 9000000
THREADS: 90
COUNT PER THREAD: 100000
SLOOPY VALUE: 1
TIME: 0.464058
SUM: 9000000
THREADS: 90
COUNT PER THREAD: 100000
SLOOPY VALUE: 1
TIME: 0.437903
SUM: 9000000
THREADS: 91
COUNT PER THREAD: 100000
SLOOPY VALUE: 1
TIME: 0.447464
SUM: 9100000
THREADS: 91
COUNT PER THREAD: 100000
SLOOPY VALUE: 1
TIME: 0.449469
SUM: 9100000
THREADS: 91
COUNT PER THREAD: 100000
SLOOPY VALUE: 1
TIME: 0.437673
SUM: 9100000
THREADS: 91
COUNT PER THREAD: 100000
SLOOPY VALUE: 1
TIME: 0.442835
SUM: 9100000
THREADS: 91
COUNT PER THREAD: 100000
SLOOPY VALUE: 1
TIME: 0.456444
SUM: 9100000
THREADS: 91
COUNT PER THREAD: 100000
SLOOPY VALUE: 1
TIME: 0.445788
SUM: 9100000
THREADS: 91
COUNT PER THREAD: 100000
SLOOPY VALUE: 1
TIME: 0.450155
SUM: 9100000
THREADS: 91
COUNT PER THREAD: 100000
SLOOPY VALUE: 1
TIME: 0.451194
SUM: 9100000
THREADS: 91
COUNT PER THREAD: 100000
SLOOPY VALUE: 1
TIME: 0.454132
SUM: 9100000
THREADS: 91
COUNT PER THREAD: 100000
SLOOPY VALUE: 1
TIME: 0.453878
SUM: 9100000
THREADS: 92
COUNT PER THREAD: 100000
SLOOPY VALUE: 1
TIME: 0.459583
SUM: 9200000
THREADS: 92
COUNT PER THREAD: 100000
SLOOPY VALUE: 1
TIME: 0.458029
SUM: 9200000
THREADS: 92
COUNT PER THREAD: 100000
SLOOPY VALUE: 1
TIME: 0.450407
SUM: 9200000
THREADS: 92
COUNT PER THREAD: 100000
SLOOPY VALUE: 1
TIME: 0.465725
SUM: 9200000
THREADS: 92
COUNT PER THREAD: 100000
SLOOPY VALUE: 1
TIME: 0.463206
SUM: 9200000
THREADS: 92
COUNT PER THREAD: 100000
SLOOPY VALUE: 1
TIME: 0.457401
SUM: 9200000
THREADS: 92
COUNT PER THREAD: 100000
SLOOPY VALUE: 1
TIME: 0.460724
SUM: 9200000
THREADS: 92
COUNT PER THREAD: 100000
SLOOPY VALUE: 1
TIME: 0.464966
SUM: 9200000
THREADS: 92
COUNT PER THREAD: 100000
SLOOPY VALUE: 1
TIME: 0.452949
SUM: 9200000
THREADS: 92
COUNT PER THREAD: 100000
SLOOPY VALUE: 1
TIME: 0.460962
SUM: 9200000
THREADS: 93
COUNT PER THREAD: 100000
SLOOPY VALUE: 1
TIME: 0.492117
SUM: 9300000
THREADS: 93
COUNT PER THREAD: 100000
SLOOPY VALUE: 1
TIME: 0.500650
SUM: 9300000
THREADS: 93
COUNT PER THREAD: 100000
SLOOPY VALUE: 1
TIME: 0.506334
SUM: 9300000
THREADS: 93
COUNT PER THREAD: 100000
SLOOPY VALUE: 1
TIME: 0.505409
SUM: 9300000
THREADS: 93
COUNT PER THREAD: 100000
SLOOPY VALUE: 1
TIME: 0.478274
SUM: 9300000
THREADS: 93
COUNT PER THREAD: 100000
SLOOPY VALUE: 1
TIME: 0.494579
SUM: 9300000
THREADS: 93
COUNT PER THREAD: 100000
SLOOPY VALUE: 1
TIME: 0.491271
SUM: 9300000
THREADS: 93
COUNT PER THREAD: 100000
SLOOPY VALUE: 1
TIME: 0.503118
SUM: 9300000
THREADS: 93
COUNT PER THREAD: 100000
SLOOPY VALUE: 1
TIME: 0.516687
SUM: 9300000
THREADS: 93
COUNT PER THREAD: 100000
SLOOPY VALUE: 1
TIME: 0.509022
SUM: 9300000
THREADS: 94
COUNT PER THREAD: 100000
SLOOPY VALUE: 1
TIME: 0.462592
SUM: 9400000
THREADS: 94
COUNT PER THREAD: 100000
SLOOPY VALUE: 1
TIME: 0.465102
SUM: 9400000
THREADS: 94
COUNT PER THREAD: 100000
SLOOPY VALUE: 1
TIME: 0.464465
SUM: 9400000
THREADS: 94
COUNT PER THREAD: 100000
SLOOPY VALUE: 1
TIME: 0.468771
SUM: 9400000
THREADS: 94
COUNT PER THREAD: 100000
SLOOPY VALUE: 1
TIME: 0.461142
SUM: 9400000
THREADS: 94
COUNT PER THREAD: 100000
SLOOPY VALUE: 1
TIME: 0.469836
SUM: 9400000
THREADS: 94
COUNT PER THREAD: 100000
SLOOPY VALUE: 1
TIME: 0.459968
SUM: 9400000
THREADS: 94
COUNT PER THREAD: 100000
SLOOPY VALUE: 1
TIME: 0.473466
SUM: 9400000
THREADS: 94
COUNT PER THREAD: 100000
SLOOPY VALUE: 1
TIME: 0.467922
SUM: 9400000
THREADS: 94
COUNT PER THREAD: 100000
SLOOPY VALUE: 1
TIME: 0.462818
SUM: 9400000
THREADS: 95
COUNT PER THREAD: 100000
SLOOPY VALUE: 1
TIME: 0.517939
SUM: 9500000
THREADS: 95
COUNT PER THREAD: 100000
SLOOPY VALUE: 1
TIME: 0.515090
SUM: 9500000
THREADS: 95
COUNT PER THREAD: 100000
SLOOPY VALUE: 1
TIME: 0.502375
SUM: 9500000
THREADS: 95
COUNT PER THREAD: 100000
SLOOPY VALUE: 1
TIME: 0.477742
SUM: 9500000
THREADS: 95
COUNT PER THREAD: 100000
SLOOPY VALUE: 1
TIME: 0.458960
SUM: 9500000
THREADS: 95
COUNT PER THREAD: 100000
SLOOPY VALUE: 1
TIME: 0.471711
SUM: 9500000
THREADS: 95
COUNT PER THREAD: 100000
SLOOPY VALUE: 1
TIME: 0.468133
SUM: 9500000
THREADS: 95
COUNT PER THREAD: 100000
SLOOPY VALUE: 1
TIME: 0.491414
SUM: 9500000
THREADS: 95
COUNT PER THREAD: 100000
SLOOPY VALUE: 1
TIME: 0.466619
SUM: 9500000
THREADS: 95
COUNT PER THREAD: 100000
SLOOPY VALUE: 1
TIME: 0.469992
SUM: 9500000
THREADS: 96
COUNT PER THREAD: 100000
SLOOPY VALUE: 1
TIME: 0.504181
SUM: 9600000
THREADS: 96
COUNT PER THREAD: 100000
SLOOPY VALUE: 1
TIME: 0.508390
SUM: 9600000
THREADS: 96
COUNT PER THREAD: 100000
SLOOPY VALUE: 1
TIME: 0.526567
SUM: 9600000
THREADS: 96
COUNT PER THREAD: 100000
SLOOPY VALUE: 1
TIME: 0.524861
SUM: 9600000
THREADS: 96
COUNT PER THREAD: 100000
SLOOPY VALUE: 1
TIME: 0.501818
SUM: 9600000
THREADS: 96
COUNT PER THREAD: 100000
SLOOPY VALUE: 1
TIME: 0.514895
SUM: 9600000
THREADS: 96
COUNT PER THREAD: 100000
SLOOPY VALUE: 1
TIME: 0.486804
SUM: 9600000
THREADS: 96
COUNT PER THREAD: 100000
SLOOPY VALUE: 1
TIME: 0.539051
SUM: 9600000
THREADS: 96
COUNT PER THREAD: 100000
SLOOPY VALUE: 1
TIME: 0.512624
SUM: 9600000
THREADS: 96
COUNT PER THREAD: 100000
SLOOPY VALUE: 1
TIME: 0.490374
SUM: 9600000
THREADS: 97
COUNT PER THREAD: 100000
SLOOPY VALUE: 1
TIME: 0.478646
SUM: 9700000
THREADS: 97
COUNT PER THREAD: 100000
SLOOPY VALUE: 1
TIME: 0.479129
SUM: 9700000
THREADS: 97
COUNT PER THREAD: 100000
SLOOPY VALUE: 1
TIME: 0.471997
SUM: 9700000
THREADS: 97
COUNT PER THREAD: 100000
SLOOPY VALUE: 1
TIME: 0.539227
SUM: 9700000
THREADS: 97
COUNT PER THREAD: 100000
SLOOPY VALUE: 1
TIME: 0.502574
SUM: 9700000
THREADS: 97
COUNT PER THREAD: 100000
SLOOPY VALUE: 1
TIME: 0.521276
SUM: 9700000
THREADS: 97
COUNT PER THREAD: 100000
SLOOPY VALUE: 1
TIME: 0.490147
SUM: 9700000
THREADS: 97
COUNT PER THREAD: 100000
SLOOPY VALUE: 1
TIME: 0.510704
SUM: 9700000
THREADS: 97
COUNT PER THREAD: 100000
SLOOPY VALUE: 1
TIME: 0.475680
SUM: 9700000
THREADS: 97
COUNT PER THREAD: 100000
SLOOPY VALUE: 1
TIME: 0.485129
SUM: 9700000
THREADS: 98
COUNT PER THREAD: 100000
SLOOPY VALUE: 1
TIME: 0.535180
SUM: 9800000
THREADS: 98
COUNT PER THREAD: 100000
SLOOPY VALUE: 1
TIME: 0.533786
SUM: 9800000
THREADS: 98
COUNT PER THREAD: 100000
SLOOPY VALUE: 1
TIME: 0.537312
SUM: 9800000
THREADS: 98
COUNT PER THREAD: 100000
SLOOPY VALUE: 1
TIME: 0.534137
SUM: 9800000
THREADS: 98
COUNT PER THREAD: 100000
SLOOPY VALUE: 1
TIME: 0.508240
SUM: 9800000
THREADS: 98
COUNT PER THREAD: 100000
SLOOPY VALUE: 1
TIME: 0.493944
SUM: 9800000
THREADS: 98
COUNT PER THREAD: 100000
SLOOPY VALUE: 1
TIME: 0.526620
SUM: 9800000
THREADS: 98
COUNT PER THREAD: 100000
SLOOPY VALUE: 1
TIME: 0.561488
SUM: 9800000
THREADS: 98
COUNT PER THREAD: 100000
SLOOPY VALUE: 1
TIME: 0.524277
SUM: 9800000
THREADS: 98
COUNT PER THREAD: 100000
SLOOPY VALUE: 1
TIME: 0.554251
SUM: 9800000
THREADS: 99
COUNT PER THREAD: 100000
SLOOPY VALUE: 1
TIME: 0.514743
SUM: 9900000
THREADS: 99
COUNT PER THREAD: 100000
SLOOPY VALUE: 1
TIME: 0.500425
SUM: 9900000
THREADS: 99
COUNT PER THREAD: 100000
SLOOPY VALUE: 1
TIME: 0.492784
SUM: 9900000
THREADS: 99
COUNT PER THREAD: 100000
SLOOPY VALUE: 1
TIME: 0.522619
SUM: 9900000
THREADS: 99
COUNT PER THREAD: 100000
SLOOPY VALUE: 1
TIME: 0.507899
SUM: 9900000
THREADS: 99
COUNT PER THREAD: 100000
SLOOPY VALUE: 1
TIME: 0.494259
SUM: 9900000
THREADS: 99
COUNT PER THREAD: 100000
SLOOPY VALUE: 1
TIME: 0.493232
SUM: 9900000
THREADS: 99
COUNT PER THREAD: 100000
SLOOPY VALUE: 1
TIME: 0.493164
SUM: 9900000
THREADS: 99
COUNT PER THREAD: 100000
SLOOPY VALUE: 1
TIME: 0.493083
SUM: 9900000
THREADS: 99
COUNT PER THREAD: 100000
SLOOPY VALUE: 1
TIME: 0.492538
SUM: 9900000
THREADS: 100
COUNT PER THREAD: 100000
SLOOPY VALUE: 1
TIME: 0.519693
SUM: 10000000
THREADS: 100
COUNT PER THREAD: 100000
SLOOPY VALUE: 1
TIME: 0.560483
SUM: 10000000
THREADS: 100
COUNT PER THREAD: 100000
SLOOPY VALUE: 1
TIME: 0.561700
SUM: 10000000
THREADS: 100
COUNT PER THREAD: 100000
SLOOPY VALUE: 1
TIME: 0.556791
SUM: 10000000
THREADS: 100
COUNT PER THREAD: 100000
SLOOPY VALUE: 1
TIME: 0.565618
SUM: 10000000
THREADS: 100
COUNT PER THREAD: 100000
SLOOPY VALUE: 1
TIME: 0.537842
SUM: 10000000
THREADS: 100
COUNT PER THREAD: 100000
SLOOPY VALUE: 1
TIME: 0.560335
SUM: 10000000
THREADS: 100
COUNT PER THREAD: 100000
SLOOPY VALUE: 1
TIME: 0.557269
SUM: 10000000
THREADS: 100
COUNT PER THREAD: 100000
SLOOPY VALUE: 1
TIME: 0.509387
SUM: 10000000
THREADS: 100
COUNT PER THREAD: 100000
SLOOPY VALUE: 1
TIME: 0.554228
SUM: 10000000
