THREADS: 1
COUNT PER THREAD: 100000
SLOOPY VALUE: 1024
TIME: 0.010742
SUM: 100000
THREADS: 1
COUNT PER THREAD: 100000
SLOOPY VALUE: 1024
TIME: 0.002346
SUM: 100000
THREADS: 1
COUNT PER THREAD: 100000
SLOOPY VALUE: 1024
TIME: 0.002354
SUM: 100000
THREADS: 1
COUNT PER THREAD: 100000
SLOOPY VALUE: 1024
TIME: 0.002344
SUM: 100000
THREADS: 1
COUNT PER THREAD: 100000
SLOOPY VALUE: 1024
TIME: 0.002345
SUM: 100000
THREADS: 1
COUNT PER THREAD: 100000
SLOOPY VALUE: 1024
TIME: 0.002352
SUM: 100000
THREADS: 1
COUNT PER THREAD: 100000
SLOOPY VALUE: 1024
TIME: 0.002615
SUM: 100000
THREADS: 1
COUNT PER THREAD: 100000
SLOOPY VALUE: 1024
TIME: 0.002679
SUM: 100000
THREADS: 1
COUNT PER THREAD: 100000
SLOOPY VALUE: 1024
TIME: 0.002614
SUM: 100000
THREADS: 1
COUNT PER THREAD: 100000
SLOOPY VALUE: 1024
TIME: 0.002845
SUM: 100000
THREADS: 2
COUNT PER THREAD: 100000
SLOOPY VALUE: 1024
TIME: 0.005161
SUM: 200000
THREADS: 2
COUNT PER THREAD: 100000
SLOOPY VALUE: 1024
TIME: 0.004947
SUM: 200000
THREADS: 2
COUNT PER THREAD: 100000
SLOOPY VALUE: 1024
TIME: 0.005081
SUM: 200000
THREADS: 2
COUNT PER THREAD: 100000
SLOOPY VALUE: 1024
TIME: 0.004900
SUM: 200000
THREADS: 2
COUNT PER THREAD: 100000
SLOOPY VALUE: 1024
TIME: 0.004868
SUM: 200000
THREADS: 2
COUNT PER THREAD: 100000
SLOOPY VALUE: 1024
TIME: 0.004927
SUM: 200000
THREADS: 2
COUNT PER THREAD: 100000
SLOOPY VALUE: 1024
TIME: 0.005116
SUM: 200000
THREADS: 2
COUNT PER THREAD: 100000
SLOOPY VALUE: 1024
TIME: 0.005044
SUM: 200000
THREADS: 2
COUNT PER THREAD: 100000
SLOOPY VALUE: 1024
TIME: 0.005465
SUM: 200000
THREADS: 2
COUNT PER THREAD: 100000
SLOOPY VALUE: 1024
TIME: 0.005193
SUM: 200000
THREADS: 3
COUNT PER THREAD: 100000
SLOOPY VALUE: 1024
TIME: 0.006962
SUM: 300000
THREADS: 3
COUNT PER THREAD: 100000
SLOOPY VALUE: 1024
TIME: 0.006919
SUM: 300000
THREADS: 3
COUNT PER THREAD: 100000
SLOOPY VALUE: 1024
TIME: 0.006939
SUM: 300000
THREADS: 3
COUNT PER THREAD: 100000
SLOOPY VALUE: 1024
TIME: 0.023087
SUM: 300000
THREADS: 3
COUNT PER THREAD: 100000
SLOOPY VALUE: 1024
TIME: 0.008496
SUM: 300000
THREADS: 3
COUNT PER THREAD: 100000
SLOOPY VALUE: 1024
TIME: 0.007067
SUM: 300000
THREADS: 3
COUNT PER THREAD: 100000
SLOOPY VALUE: 1024
TIME: 0.006929
SUM: 300000
THREADS: 3
COUNT PER THREAD: 100000
SLOOPY VALUE: 1024
TIME: 0.006975
SUM: 300000
THREADS: 3
COUNT PER THREAD: 100000
SLOOPY VALUE: 1024
TIME: 0.007827
SUM: 300000
THREADS: 3
COUNT PER THREAD: 100000
SLOOPY VALUE: 1024
TIME: 0.007026
SUM: 300000
THREADS: 4
COUNT PER THREAD: 100000
SLOOPY VALUE: 1024
TIME: 0.009230
SUM: 400000
THREADS: 4
COUNT PER THREAD: 100000
SLOOPY VALUE: 1024
TIME: 0.017591
SUM: 400000
THREADS: 4
COUNT PER THREAD: 100000
SLOOPY VALUE: 1024
TIME: 0.010941
SUM: 400000
THREADS: 4
COUNT PER THREAD: 100000
SLOOPY VALUE: 1024
TIME: 0.009209
SUM: 400000
THREADS: 4
COUNT PER THREAD: 100000
SLOOPY VALUE: 1024
TIME: 0.009255
SUM: 400000
THREADS: 4
COUNT PER THREAD: 100000
SLOOPY VALUE: 1024
TIME: 0.009264
SUM: 400000
THREADS: 4
COUNT PER THREAD: 100000
SLOOPY VALUE: 1024
TIME: 0.009235
SUM: 400000
THREADS: 4
COUNT PER THREAD: 100000
SLOOPY VALUE: 1024
TIME: 0.009265
SUM: 400000
THREADS: 4
COUNT PER THREAD: 100000
SLOOPY VALUE: 1024
TIME: 0.009319
SUM: 400000
THREADS: 4
COUNT PER THREAD: 100000
SLOOPY VALUE: 1024
TIME: 0.009251
SUM: 400000
THREADS: 5
COUNT PER THREAD: 100000
SLOOPY VALUE: 1024
TIME: 0.012488
SUM: 500000
THREADS: 5
COUNT PER THREAD: 100000
SLOOPY VALUE: 1024
TIME: 0.014119
SUM: 500000
THREADS: 5
COUNT PER THREAD: 100000
SLOOPY VALUE: 1024
TIME: 0.029923
SUM: 500000
THREADS: 5
COUNT PER THREAD: 100000
SLOOPY VALUE: 1024
TIME: 0.016392
SUM: 500000
THREADS: 5
COUNT PER THREAD: 100000
SLOOPY VALUE: 1024
TIME: 0.012424
SUM: 500000
THREADS: 5
COUNT PER THREAD: 100000
SLOOPY VALUE: 1024
TIME: 0.011625
SUM: 500000
THREADS: 5
COUNT PER THREAD: 100000
SLOOPY VALUE: 1024
TIME: 0.012016
SUM: 500000
THREADS: 5
COUNT PER THREAD: 100000
SLOOPY VALUE: 1024
TIME: 0.011784
SUM: 500000
THREADS: 5
COUNT PER THREAD: 100000
SLOOPY VALUE: 1024
TIME: 0.011585
SUM: 500000
THREADS: 5
COUNT PER THREAD: 100000
SLOOPY VALUE: 1024
TIME: 0.011968
SUM: 500000
THREADS: 6
COUNT PER THREAD: 100000
SLOOPY VALUE: 1024
TIME: 0.031390
SUM: 600000
THREADS: 6
COUNT PER THREAD: 100000
SLOOPY VALUE: 1024
TIME: 0.017304
SUM: 600000
THREADS: 6
COUNT PER THREAD: 100000
SLOOPY VALUE: 1024
TIME: 0.017740
SUM: 600000
THREADS: 6
COUNT PER THREAD: 100000
SLOOPY VALUE: 1024
TIME: 0.018602
SUM: 600000
THREADS: 6
COUNT PER THREAD: 100000
SLOOPY VALUE: 1024
TIME: 0.015627
SUM: 600000
THREADS: 6
COUNT PER THREAD: 100000
SLOOPY VALUE: 1024
TIME: 0.016771
SUM: 600000
THREADS: 6
COUNT PER THREAD: 100000
SLOOPY VALUE: 1024
TIME: 0.034311
SUM: 600000
THREADS: 6
COUNT PER THREAD: 100000
SLOOPY VALUE: 1024
TIME: 0.019377
SUM: 600000
THREADS: 6
COUNT PER THREAD: 100000
SLOOPY VALUE: 1024
TIME: 0.017856
SUM: 600000
THREADS: 6
COUNT PER THREAD: 100000
SLOOPY VALUE: 1024
TIME: 0.015688
SUM: 600000
THREADS: 7
COUNT PER THREAD: 100000
SLOOPY VALUE: 1024
TIME: 0.016161
SUM: 700000
THREADS: 7
COUNT PER THREAD: 100000
SLOOPY VALUE: 1024
TIME: 0.016236
SUM: 700000
THREADS: 7
COUNT PER THREAD: 100000
SLOOPY VALUE: 1024
TIME: 0.019922
SUM: 700000
THREADS: 7
COUNT PER THREAD: 100000
SLOOPY VALUE: 1024
TIME: 0.040384
SUM: 700000
THREADS: 7
COUNT PER THREAD: 100000
SLOOPY VALUE: 1024
TIME: 0.016245
SUM: 700000
THREADS: 7
COUNT PER THREAD: 100000
SLOOPY VALUE: 1024
TIME: 0.016292
SUM: 700000
THREADS: 7
COUNT PER THREAD: 100000
SLOOPY VALUE: 1024
TIME: 0.016134
SUM: 700000
THREADS: 7
COUNT PER THREAD: 100000
SLOOPY VALUE: 1024
TIME: 0.021174
SUM: 700000
THREADS: 7
COUNT PER THREAD: 100000
SLOOPY VALUE: 1024
TIME: 0.016569
SUM: 700000
THREADS: 7
COUNT PER THREAD: 100000
SLOOPY VALUE: 1024
TIME: 0.035895
SUM: 700000
THREADS: 8
COUNT PER THREAD: 100000
SLOOPY VALUE: 1024
TIME: 0.019650
SUM: 800000
THREADS: 8
COUNT PER THREAD: 100000
SLOOPY VALUE: 1024
TIME: 0.018487
SUM: 800000
THREADS: 8
COUNT PER THREAD: 100000
SLOOPY VALUE: 1024
TIME: 0.042313
SUM: 800000
THREADS: 8
COUNT PER THREAD: 100000
SLOOPY VALUE: 1024
TIME: 0.021256
SUM: 800000
THREADS: 8
COUNT PER THREAD: 100000
SLOOPY VALUE: 1024
TIME: 0.018741
SUM: 800000
THREADS: 8
COUNT PER THREAD: 100000
SLOOPY VALUE: 1024
TIME: 0.018496
SUM: 800000
THREADS: 8
COUNT PER THREAD: 100000
SLOOPY VALUE: 1024
TIME: 0.018826
SUM: 800000
THREADS: 8
COUNT PER THREAD: 100000
SLOOPY VALUE: 1024
TIME: 0.034693
SUM: 800000
THREADS: 8
COUNT PER THREAD: 100000
SLOOPY VALUE: 1024
TIME: 0.022053
SUM: 800000
THREADS: 8
COUNT PER THREAD: 100000
SLOOPY VALUE: 1024
TIME: 0.019045
SUM: 800000
THREADS: 9
COUNT PER THREAD: 100000
SLOOPY VALUE: 1024
TIME: 0.046461
SUM: 900000
THREADS: 9
COUNT PER THREAD: 100000
SLOOPY VALUE: 1024
TIME: 0.024757
SUM: 900000
THREADS: 9
COUNT PER THREAD: 100000
SLOOPY VALUE: 1024
TIME: 0.024722
SUM: 900000
THREADS: 9
COUNT PER THREAD: 100000
SLOOPY VALUE: 1024
TIME: 0.024554
SUM: 900000
THREADS: 9
COUNT PER THREAD: 100000
SLOOPY VALUE: 1024
TIME: 0.036161
SUM: 900000
THREADS: 9
COUNT PER THREAD: 100000
SLOOPY VALUE: 1024
TIME: 0.027866
SUM: 900000
THREADS: 9
COUNT PER THREAD: 100000
SLOOPY VALUE: 1024
TIME: 0.022893
SUM: 900000
THREADS: 9
COUNT PER THREAD: 100000
SLOOPY VALUE: 1024
TIME: 0.024815
SUM: 900000
THREADS: 9
COUNT PER THREAD: 100000
SLOOPY VALUE: 1024
TIME: 0.039845
SUM: 900000
THREADS: 9
COUNT PER THREAD: 100000
SLOOPY VALUE: 1024
TIME: 0.026907
SUM: 900000
THREADS: 10
COUNT PER THREAD: 100000
SLOOPY VALUE: 1024
TIME: 0.025750
SUM: 1000000
THREADS: 10
COUNT PER THREAD: 100000
SLOOPY VALUE: 1024
TIME: 0.046518
SUM: 1000000
THREADS: 10
COUNT PER THREAD: 100000
SLOOPY VALUE: 1024
TIME: 0.025743
SUM: 1000000
THREADS: 10
COUNT PER THREAD: 100000
SLOOPY VALUE: 1024
TIME: 0.032619
SUM: 1000000
THREADS: 10
COUNT PER THREAD: 100000
SLOOPY VALUE: 1024
TIME: 0.029280
SUM: 1000000
THREADS: 10
COUNT PER THREAD: 100000
SLOOPY VALUE: 1024
TIME: 0.045768
SUM: 1000000
THREADS: 10
COUNT PER THREAD: 100000
SLOOPY VALUE: 1024
TIME: 0.028951
SUM: 1000000
THREADS: 10
COUNT PER THREAD: 100000
SLOOPY VALUE: 1024
TIME: 0.025548
SUM: 1000000
THREADS: 10
COUNT PER THREAD: 100000
SLOOPY VALUE: 1024
TIME: 0.025339
SUM: 1000000
THREADS: 10
COUNT PER THREAD: 100000
SLOOPY VALUE: 1024
TIME: 0.046053
SUM: 1000000
THREADS: 11
COUNT PER THREAD: 100000
SLOOPY VALUE: 1024
TIME: 0.054624
SUM: 1100000
THREADS: 11
COUNT PER THREAD: 100000
SLOOPY VALUE: 1024
TIME: 0.029856
SUM: 1100000
THREADS: 11
COUNT PER THREAD: 100000
SLOOPY VALUE: 1024
TIME: 0.039841
SUM: 1100000
THREADS: 11
COUNT PER THREAD: 100000
SLOOPY VALUE: 1024
TIME: 0.049278
SUM: 1100000
THREADS: 11
COUNT PER THREAD: 100000
SLOOPY VALUE: 1024
TIME: 0.035482
SUM: 1100000
THREADS: 11
COUNT PER THREAD: 100000
SLOOPY VALUE: 1024
TIME: 0.041466
SUM: 1100000
THREADS: 11
COUNT PER THREAD: 100000
SLOOPY VALUE: 1024
TIME: 0.055173
SUM: 1100000
THREADS: 11
COUNT PER THREAD: 100000
SLOOPY VALUE: 1024
TIME: 0.031789
SUM: 1100000
THREADS: 11
COUNT PER THREAD: 100000
SLOOPY VALUE: 1024
TIME: 0.031368
SUM: 1100000
THREADS: 11
COUNT PER THREAD: 100000
SLOOPY VALUE: 1024
TIME: 0.032760
SUM: 1100000
THREADS: 12
COUNT PER THREAD: 100000
SLOOPY VALUE: 1024
TIME: 0.043211
SUM: 1200000
THREADS: 12
COUNT PER THREAD: 100000
SLOOPY VALUE: 1024
TIME: 0.053561
SUM: 1200000
THREADS: 12
COUNT PER THREAD: 100000
SLOOPY VALUE: 1024
TIME: 0.035480
SUM: 1200000
THREADS: 12
COUNT PER THREAD: 100000
SLOOPY VALUE: 1024
TIME: 0.034336
SUM: 1200000
THREADS: 12
COUNT PER THREAD: 100000
SLOOPY VALUE: 1024
TIME: 0.053694
SUM: 1200000
THREADS: 12
COUNT PER THREAD: 100000
SLOOPY VALUE: 1024
TIME: 0.035560
SUM: 1200000
THREADS: 12
COUNT PER THREAD: 100000
SLOOPY VALUE: 1024
TIME: 0.030499
SUM: 1200000
THREADS: 12
COUNT PER THREAD: 100000
SLOOPY VALUE: 1024
TIME: 0.050920
SUM: 1200000
THREADS: 12
COUNT PER THREAD: 100000
SLOOPY VALUE: 1024
TIME: 0.040488
SUM: 1200000
THREADS: 12
COUNT PER THREAD: 100000
SLOOPY VALUE: 1024
TIME: 0.039721
SUM: 1200000
THREADS: 13
COUNT PER THREAD: 100000
SLOOPY VALUE: 1024
TIME: 0.068210
SUM: 1300000
THREADS: 13
COUNT PER THREAD: 100000
SLOOPY VALUE: 1024
TIME: 0.040738
SUM: 1300000
THREADS: 13
COUNT PER THREAD: 100000
SLOOPY VALUE: 1024
TIME: 0.039925
SUM: 1300000
THREADS: 13
COUNT PER THREAD: 100000
SLOOPY VALUE: 1024
TIME: 0.059207
SUM: 1300000
THREADS: 13
COUNT PER THREAD: 100000
SLOOPY VALUE: 1024
TIME: 0.037577
SUM: 1300000
THREADS: 13
COUNT PER THREAD: 100000
SLOOPY VALUE: 1024
TIME: 0.037699
SUM: 1300000
THREADS: 13
COUNT PER THREAD: 100000
SLOOPY VALUE: 1024
TIME: 0.063196
SUM: 1300000
THREADS: 13
COUNT PER THREAD: 100000
SLOOPY VALUE: 1024
TIME: 0.035462
SUM: 1300000
THREADS: 13
COUNT PER THREAD: 100000
SLOOPY VALUE: 1024
TIME: 0.032169
SUM: 1300000
THREADS: 13
COUNT PER THREAD: 100000
SLOOPY VALUE: 1024
TIME: 0.052030
SUM: 1300000
THREADS: 14
COUNT PER THREAD: 100000
SLOOPY VALUE: 1024
TIME: 0.062832
SUM: 1400000
THREADS: 14
COUNT PER THREAD: 100000
SLOOPY VALUE: 1024
TIME: 0.040614
SUM: 1400000
THREADS: 14
COUNT PER THREAD: 100000
SLOOPY VALUE: 1024
TIME: 0.035319
SUM: 1400000
THREADS: 14
COUNT PER THREAD: 100000
SLOOPY VALUE: 1024
TIME: 0.059396
SUM: 1400000
THREADS: 14
COUNT PER THREAD: 100000
SLOOPY VALUE: 1024
TIME: 0.038353
SUM: 1400000
THREADS: 14
COUNT PER THREAD: 100000
SLOOPY VALUE: 1024
TIME: 0.039457
SUM: 1400000
THREADS: 14
COUNT PER THREAD: 100000
SLOOPY VALUE: 1024
TIME: 0.057104
SUM: 1400000
THREADS: 14
COUNT PER THREAD: 100000
SLOOPY VALUE: 1024
TIME: 0.034673
SUM: 1400000
THREADS: 14
COUNT PER THREAD: 100000
SLOOPY VALUE: 1024
TIME: 0.040188
SUM: 1400000
THREADS: 14
COUNT PER THREAD: 100000
SLOOPY VALUE: 1024
TIME: 0.059758
SUM: 1400000
THREADS: 15
COUNT PER THREAD: 100000
SLOOPY VALUE: 1024
TIME: 0.040717
SUM: 1500000
THREADS: 15
COUNT PER THREAD: 100000
SLOOPY VALUE: 1024
TIME: 0.066851
SUM: 1500000
THREADS: 15
COUNT PER THREAD: 100000
SLOOPY VALUE: 1024
TIME: 0.040538
SUM: 1500000
THREADS: 15
COUNT PER THREAD: 100000
SLOOPY VALUE: 1024
TIME: 0.045890
SUM: 1500000
THREADS: 15
COUNT PER THREAD: 100000
SLOOPY VALUE: 1024
TIME: 0.060990
SUM: 1500000
THREADS: 15
COUNT PER THREAD: 100000
SLOOPY VALUE: 1024
TIME: 0.041831
SUM: 1500000
THREADS: 15
COUNT PER THREAD: 100000
SLOOPY VALUE: 1024
TIME: 0.041886
SUM: 1500000
THREADS: 15
COUNT PER THREAD: 100000
SLOOPY VALUE: 1024
TIME: 0.058642
SUM: 1500000
THREADS: 15
COUNT PER THREAD: 100000
SLOOPY VALUE: 1024
TIME: 0.046896
SUM: 1500000
THREADS: 15
COUNT PER THREAD: 100000
SLOOPY VALUE: 1024
TIME: 0.042114
SUM: 1500000
THREADS: 16
COUNT PER THREAD: 100000
SLOOPY VALUE: 1024
TIME: 0.060631
SUM: 1600000
THREADS: 16
COUNT PER THREAD: 100000
SLOOPY VALUE: 1024
TIME: 0.039382
SUM: 1600000
THREADS: 16
COUNT PER THREAD: 100000
SLOOPY VALUE: 1024
TIME: 0.041160
SUM: 1600000
THREADS: 16
COUNT PER THREAD: 100000
SLOOPY VALUE: 1024
TIME: 0.066775
SUM: 1600000
THREADS: 16
COUNT PER THREAD: 100000
SLOOPY VALUE: 1024
TIME: 0.047301
SUM: 1600000
THREADS: 16
COUNT PER THREAD: 100000
SLOOPY VALUE: 1024
TIME: 0.048346
SUM: 1600000
THREADS: 16
COUNT PER THREAD: 100000
SLOOPY VALUE: 1024
TIME: 0.064505
SUM: 1600000
THREADS: 16
COUNT PER THREAD: 100000
SLOOPY VALUE: 1024
TIME: 0.043618
SUM: 1600000
THREADS: 16
COUNT PER THREAD: 100000
SLOOPY VALUE: 1024
TIME: 0.043622
SUM: 1600000
THREADS: 16
COUNT PER THREAD: 100000
SLOOPY VALUE: 1024
TIME: 0.064573
SUM: 1600000
THREADS: 17
COUNT PER THREAD: 100000
SLOOPY VALUE: 1024
TIME: 0.050877
SUM: 1700000
THREADS: 17
COUNT PER THREAD: 100000
SLOOPY VALUE: 1024
TIME: 0.067170
SUM: 1700000
THREADS: 17
COUNT PER THREAD: 100000
SLOOPY VALUE: 1024
TIME: 0.040519
SUM: 1700000
THREADS: 17
COUNT PER THREAD: 100000
SLOOPY VALUE: 1024
TIME: 0.039590
SUM: 1700000
THREADS: 17
COUNT PER THREAD: 100000
SLOOPY VALUE: 1024
TIME: 0.060468
SUM: 1700000
THREADS: 17
COUNT PER THREAD: 100000
SLOOPY VALUE: 1024
TIME: 0.041496
SUM: 1700000
THREADS: 17
COUNT PER THREAD: 100000
SLOOPY VALUE: 1024
TIME: 0.052194
SUM: 1700000
THREADS: 17
COUNT PER THREAD: 100000
SLOOPY VALUE: 1024
TIME: 0.067018
SUM: 1700000
THREADS: 17
COUNT PER THREAD: 100000
SLOOPY VALUE: 1024
TIME: 0.044763
SUM: 1700000
THREADS: 17
COUNT PER THREAD: 100000
SLOOPY VALUE: 1024
TIME: 0.046271
SUM: 1700000
THREADS: 18
COUNT PER THREAD: 100000
SLOOPY VALUE: 1024
TIME: 0.044143
SUM: 1800000
THREADS: 18
COUNT PER THREAD: 100000
SLOOPY VALUE: 1024
TIME: 0.073646
SUM: 1800000
THREADS: 18
COUNT PER THREAD: 100000
SLOOPY VALUE: 1024
TIME: 0.045010
SUM: 1800000
THREADS: 18
COUNT PER THREAD: 100000
SLOOPY VALUE: 1024
TIME: 0.049152
SUM: 1800000
THREADS: 18
COUNT PER THREAD: 100000
SLOOPY VALUE: 1024
TIME: 0.066438
SUM: 1800000
THREADS: 18
COUNT PER THREAD: 100000
SLOOPY VALUE: 1024
TIME: 0.050602
SUM: 1800000
THREADS: 18
COUNT PER THREAD: 100000
SLOOPY VALUE: 1024
TIME: 0.076781
SUM: 1800000
THREADS: 18
COUNT PER THREAD: 100000
SLOOPY VALUE: 1024
TIME: 0.050703
SUM: 1800000
THREADS: 18
COUNT PER THREAD: 100000
SLOOPY VALUE: 1024
TIME: 0.064430
SUM: 1800000
THREADS: 18
COUNT PER THREAD: 100000
SLOOPY VALUE: 1024
TIME: 0.056691
SUM: 1800000
THREADS: 19
COUNT PER THREAD: 100000
SLOOPY VALUE: 1024
TIME: 0.054189
SUM: 1900000
THREADS: 19
COUNT PER THREAD: 100000
SLOOPY VALUE: 1024
TIME: 0.077285
SUM: 1900000
THREADS: 19
COUNT PER THREAD: 100000
SLOOPY VALUE: 1024
TIME: 0.056051
SUM: 1900000
THREADS: 19
COUNT PER THREAD: 100000
SLOOPY VALUE: 1024
TIME: 0.080990
SUM: 1900000
THREADS: 19
COUNT PER THREAD: 100000
SLOOPY VALUE: 1024
TIME: 0.051662
SUM: 1900000
THREADS: 19
COUNT PER THREAD: 100000
SLOOPY VALUE: 1024
TIME: 0.085162
SUM: 1900000
THREADS: 19
COUNT PER THREAD: 100000
SLOOPY VALUE: 1024
TIME: 0.053204
SUM: 1900000
THREADS: 19
COUNT PER THREAD: 100000
SLOOPY VALUE: 1024
TIME: 0.082055
SUM: 1900000
THREADS: 19
COUNT PER THREAD: 100000
SLOOPY VALUE: 1024
TIME: 0.054728
SUM: 1900000
THREADS: 19
COUNT PER THREAD: 100000
SLOOPY VALUE: 1024
TIME: 0.078078
SUM: 1900000
THREADS: 20
COUNT PER THREAD: 100000
SLOOPY VALUE: 1024
TIME: 0.054314
SUM: 2000000
THREADS: 20
COUNT PER THREAD: 100000
SLOOPY VALUE: 1024
TIME: 0.078215
SUM: 2000000
THREADS: 20
COUNT PER THREAD: 100000
SLOOPY VALUE: 1024
TIME: 0.056965
SUM: 2000000
THREADS: 20
COUNT PER THREAD: 100000
SLOOPY VALUE: 1024
TIME: 0.075228
SUM: 2000000
THREADS: 20
COUNT PER THREAD: 100000
SLOOPY VALUE: 1024
TIME: 0.055574
SUM: 2000000
THREADS: 20
COUNT PER THREAD: 100000
SLOOPY VALUE: 1024
TIME: 0.076254
SUM: 2000000
THREADS: 20
COUNT PER THREAD: 100000
SLOOPY VALUE: 1024
TIME: 0.059500
SUM: 2000000
THREADS: 20
COUNT PER THREAD: 100000
SLOOPY VALUE: 1024
TIME: 0.081052
SUM: 2000000
THREADS: 20
COUNT PER THREAD: 100000
SLOOPY VALUE: 1024
TIME: 0.059330
SUM: 2000000
THREADS: 20
COUNT PER THREAD: 100000
SLOOPY VALUE: 1024
TIME: 0.069840
SUM: 2000000
THREADS: 21
COUNT PER THREAD: 100000
SLOOPY VALUE: 1024
TIME: 0.057205
SUM: 2100000
THREADS: 21
COUNT PER THREAD: 100000
SLOOPY VALUE: 1024
TIME: 0.085503
SUM: 2100000
THREADS: 21
COUNT PER THREAD: 100000
SLOOPY VALUE: 1024
TIME: 0.060094
SUM: 2100000
THREADS: 21
COUNT PER THREAD: 100000
SLOOPY VALUE: 1024
TIME: 0.082351
SUM: 2100000
THREADS: 21
COUNT PER THREAD: 100000
SLOOPY VALUE: 1024
TIME: 0.057894
SUM: 2100000
THREADS: 21
COUNT PER THREAD: 100000
SLOOPY VALUE: 1024
TIME: 0.072548
SUM: 2100000
THREADS: 21
COUNT PER THREAD: 100000
SLOOPY VALUE: 1024
TIME: 0.052457
SUM: 2100000
THREADS: 21
COUNT PER THREAD: 100000
SLOOPY VALUE: 1024
TIME: 0.078884
SUM: 2100000
THREADS: 21
COUNT PER THREAD: 100000
SLOOPY VALUE: 1024
TIME: 0.059168
SUM: 2100000
THREADS: 21
COUNT PER THREAD: 100000
SLOOPY VALUE: 1024
TIME: 0.083441
SUM: 2100000
THREADS: 22
COUNT PER THREAD: 100000
SLOOPY VALUE: 1024
TIME: 0.051752
SUM: 2200000
THREADS: 22
COUNT PER THREAD: 100000
SLOOPY VALUE: 1024
TIME: 0.066732
SUM: 2200000
THREADS: 22
COUNT PER THREAD: 100000
SLOOPY VALUE: 1024
TIME: 0.070753
SUM: 2200000
THREADS: 22
COUNT PER THREAD: 100000
SLOOPY VALUE: 1024
TIME: 0.071308
SUM: 2200000
THREADS: 22
COUNT PER THREAD: 100000
SLOOPY VALUE: 1024
TIME: 0.051717
SUM: 2200000
THREADS: 22
COUNT PER THREAD: 100000
SLOOPY VALUE: 1024
TIME: 0.070481
SUM: 2200000
THREADS: 22
COUNT PER THREAD: 100000
SLOOPY VALUE: 1024
TIME: 0.051123
SUM: 2200000
THREADS: 22
COUNT PER THREAD: 100000
SLOOPY VALUE: 1024
TIME: 0.069648
SUM: 2200000
THREADS: 22
COUNT PER THREAD: 100000
SLOOPY VALUE: 1024
TIME: 0.054735
SUM: 2200000
THREADS: 22
COUNT PER THREAD: 100000
SLOOPY VALUE: 1024
TIME: 0.069033
SUM: 2200000
THREADS: 23
COUNT PER THREAD: 100000
SLOOPY VALUE: 1024
TIME: 0.054820
SUM: 2300000
THREADS: 23
COUNT PER THREAD: 100000
SLOOPY VALUE: 1024
TIME: 0.074584
SUM: 2300000
THREADS: 23
COUNT PER THREAD: 100000
SLOOPY VALUE: 1024
TIME: 0.054547
SUM: 2300000
THREADS: 23
COUNT PER THREAD: 100000
SLOOPY VALUE: 1024
TIME: 0.076261
SUM: 2300000
THREADS: 23
COUNT PER THREAD: 100000
SLOOPY VALUE: 1024
TIME: 0.054227
SUM: 2300000
THREADS: 23
COUNT PER THREAD: 100000
SLOOPY VALUE: 1024
TIME: 0.077707
SUM: 2300000
THREADS: 23
COUNT PER THREAD: 100000
SLOOPY VALUE: 1024
TIME: 0.055565
SUM: 2300000
THREADS: 23
COUNT PER THREAD: 100000
SLOOPY VALUE: 1024
TIME: 0.077768
SUM: 2300000
THREADS: 23
COUNT PER THREAD: 100000
SLOOPY VALUE: 1024
TIME: 0.053745
SUM: 2300000
THREADS: 23
COUNT PER THREAD: 100000
SLOOPY VALUE: 1024
TIME: 0.087783
SUM: 2300000
THREADS: 24
COUNT PER THREAD: 100000
SLOOPY VALUE: 1024
TIME: 0.063202
SUM: 2400000
THREADS: 24
COUNT PER THREAD: 100000
SLOOPY VALUE: 1024
TIME: 0.084256
SUM: 2400000
THREADS: 24
COUNT PER THREAD: 100000
SLOOPY VALUE: 1024
TIME: 0.063068
SUM: 2400000
THREADS: 24
COUNT PER THREAD: 100000
SLOOPY VALUE: 1024
TIME: 0.080931
SUM: 2400000
THREADS: 24
COUNT PER THREAD: 100000
SLOOPY VALUE: 1024
TIME: 0.062649
SUM: 2400000
THREADS: 24
COUNT PER THREAD: 100000
SLOOPY VALUE: 1024
TIME: 0.080301
SUM: 2400000
THREADS: 24
COUNT PER THREAD: 100000
SLOOPY VALUE: 1024
TIME: 0.062475
SUM: 2400000
THREADS: 24
COUNT PER THREAD: 100000
SLOOPY VALUE: 1024
TIME: 0.081048
SUM: 2400000
THREADS: 24
COUNT PER THREAD: 100000
SLOOPY VALUE: 1024
TIME: 0.062323
SUM: 2400000
THREADS: 24
COUNT PER THREAD: 100000
SLOOPY VALUE: 1024
TIME: 0.080034
SUM: 2400000
THREADS: 25
COUNT PER THREAD: 100000
SLOOPY VALUE: 1024
TIME: 0.059517
SUM: 2500000
THREADS: 25
COUNT PER THREAD: 100000
SLOOPY VALUE: 1024
TIME: 0.088321
SUM: 2500000
THREADS: 25
COUNT PER THREAD: 100000
SLOOPY VALUE: 1024
TIME: 0.059818
SUM: 2500000
THREADS: 25
COUNT PER THREAD: 100000
SLOOPY VALUE: 1024
TIME: 0.080743
SUM: 2500000
THREADS: 25
COUNT PER THREAD: 100000
SLOOPY VALUE: 1024
TIME: 0.059992
SUM: 2500000
THREADS: 25
COUNT PER THREAD: 100000
SLOOPY VALUE: 1024
TIME: 0.087828
SUM: 2500000
THREADS: 25
COUNT PER THREAD: 100000
SLOOPY VALUE: 1024
TIME: 0.059204
SUM: 2500000
THREADS: 25
COUNT PER THREAD: 100000
SLOOPY VALUE: 1024
TIME: 0.079175
SUM: 2500000
THREADS: 25
COUNT PER THREAD: 100000
SLOOPY VALUE: 1024
TIME: 0.059374
SUM: 2500000
THREADS: 25
COUNT PER THREAD: 100000
SLOOPY VALUE: 1024
TIME: 0.086916
SUM: 2500000
THREADS: 26
COUNT PER THREAD: 100000
SLOOPY VALUE: 1024
TIME: 0.066311
SUM: 2600000
THREADS: 26
COUNT PER THREAD: 100000
SLOOPY VALUE: 1024
TIME: 0.084563
SUM: 2600000
THREADS: 26
COUNT PER THREAD: 100000
SLOOPY VALUE: 1024
TIME: 0.060966
SUM: 2600000
THREADS: 26
COUNT PER THREAD: 100000
SLOOPY VALUE: 1024
TIME: 0.081109
SUM: 2600000
THREADS: 26
COUNT PER THREAD: 100000
SLOOPY VALUE: 1024
TIME: 0.063498
SUM: 2600000
THREADS: 26
COUNT PER THREAD: 100000
SLOOPY VALUE: 1024
TIME: 0.077679
SUM: 2600000
THREADS: 26
COUNT PER THREAD: 100000
SLOOPY VALUE: 1024
TIME: 0.063683
SUM: 2600000
THREADS: 26
COUNT PER THREAD: 100000
SLOOPY VALUE: 1024
TIME: 0.080768
SUM: 2600000
THREADS: 26
COUNT PER THREAD: 100000
SLOOPY VALUE: 1024
TIME: 0.060951
SUM: 2600000
THREADS: 26
COUNT PER THREAD: 100000
SLOOPY VALUE: 1024
TIME: 0.081720
SUM: 2600000
THREADS: 27
COUNT PER THREAD: 100000
SLOOPY VALUE: 1024
TIME: 0.073679
SUM: 2700000
THREADS: 27
COUNT PER THREAD: 100000
SLOOPY VALUE: 1024
TIME: 0.099794
SUM: 2700000
THREADS: 27
COUNT PER THREAD: 100000
SLOOPY VALUE: 1024
TIME: 0.071716
SUM: 2700000
THREADS: 27
COUNT PER THREAD: 100000
SLOOPY VALUE: 1024
TIME: 0.091640
SUM: 2700000
THREADS: 27
COUNT PER THREAD: 100000
SLOOPY VALUE: 1024
TIME: 0.073082
SUM: 2700000
THREADS: 27
COUNT PER THREAD: 100000
SLOOPY VALUE: 1024
TIME: 0.093846
SUM: 2700000
THREADS: 27
COUNT PER THREAD: 100000
SLOOPY VALUE: 1024
TIME: 0.068263
SUM: 2700000
THREADS: 27
COUNT PER THREAD: 100000
SLOOPY VALUE: 1024
TIME: 0.088926
SUM: 2700000
THREADS: 27
COUNT PER THREAD: 100000
SLOOPY VALUE: 1024
TIME: 0.074221
SUM: 2700000
THREADS: 27
COUNT PER THREAD: 100000
SLOOPY VALUE: 1024
TIME: 0.104274
SUM: 2700000
THREADS: 28
COUNT PER THREAD: 100000
SLOOPY VALUE: 1024
TIME: 0.067934
SUM: 2800000
THREADS: 28
COUNT PER THREAD: 100000
SLOOPY VALUE: 1024
TIME: 0.097536
SUM: 2800000
THREADS: 28
COUNT PER THREAD: 100000
SLOOPY VALUE: 1024
TIME: 0.069136
SUM: 2800000
THREADS: 28
COUNT PER THREAD: 100000
SLOOPY VALUE: 1024
TIME: 0.095822
SUM: 2800000
THREADS: 28
COUNT PER THREAD: 100000
SLOOPY VALUE: 1024
TIME: 0.069189
SUM: 2800000
THREADS: 28
COUNT PER THREAD: 100000
SLOOPY VALUE: 1024
TIME: 0.085988
SUM: 2800000
THREADS: 28
COUNT PER THREAD: 100000
SLOOPY VALUE: 1024
TIME: 0.075516
SUM: 2800000
THREADS: 28
COUNT PER THREAD: 100000
SLOOPY VALUE: 1024
TIME: 0.086025
SUM: 2800000
THREADS: 28
COUNT PER THREAD: 100000
SLOOPY VALUE: 1024
TIME: 0.078264
SUM: 2800000
THREADS: 28
COUNT PER THREAD: 100000
SLOOPY VALUE: 1024
TIME: 0.090115
SUM: 2800000
THREADS: 29
COUNT PER THREAD: 100000
SLOOPY VALUE: 1024
TIME: 0.091452
SUM: 2900000
THREADS: 29
COUNT PER THREAD: 100000
SLOOPY VALUE: 1024
TIME: 0.110699
SUM: 2900000
THREADS: 29
COUNT PER THREAD: 100000
SLOOPY VALUE: 1024
TIME: 0.082120
SUM: 2900000
THREADS: 29
COUNT PER THREAD: 100000
SLOOPY VALUE: 1024
TIME: 0.106613
SUM: 2900000
THREADS: 29
COUNT PER THREAD: 100000
SLOOPY VALUE: 1024
TIME: 0.081828
SUM: 2900000
THREADS: 29
COUNT PER THREAD: 100000
SLOOPY VALUE: 1024
TIME: 0.117340
SUM: 2900000
THREADS: 29
COUNT PER THREAD: 100000
SLOOPY VALUE: 1024
TIME: 0.081109
SUM: 2900000
THREADS: 29
COUNT PER THREAD: 100000
SLOOPY VALUE: 1024
TIME: 0.102503
SUM: 2900000
THREADS: 29
COUNT PER THREAD: 100000
SLOOPY VALUE: 1024
TIME: 0.080582
SUM: 2900000
THREADS: 29
COUNT PER THREAD: 100000
SLOOPY VALUE: 1024
TIME: 0.100296
SUM: 2900000
THREADS: 30
COUNT PER THREAD: 100000
SLOOPY VALUE: 1024
TIME: 0.086307
SUM: 3000000
THREADS: 30
COUNT PER THREAD: 100000
SLOOPY VALUE: 1024
TIME: 0.117578
SUM: 3000000
THREADS: 30
COUNT PER THREAD: 100000
SLOOPY VALUE: 1024
TIME: 0.087458
SUM: 3000000
THREADS: 30
COUNT PER THREAD: 100000
SLOOPY VALUE: 1024
TIME: 0.114689
SUM: 3000000
THREADS: 30
COUNT PER THREAD: 100000
SLOOPY VALUE: 1024
TIME: 0.095619
SUM: 3000000
THREADS: 30
COUNT PER THREAD: 100000
SLOOPY VALUE: 1024
TIME: 0.118504
SUM: 3000000
THREADS: 30
COUNT PER THREAD: 100000
SLOOPY VALUE: 1024
TIME: 0.081594
SUM: 3000000
THREADS: 30
COUNT PER THREAD: 100000
SLOOPY VALUE: 1024
TIME: 0.117715
SUM: 3000000
THREADS: 30
COUNT PER THREAD: 100000
SLOOPY VALUE: 1024
TIME: 0.089429
SUM: 3000000
THREADS: 30
COUNT PER THREAD: 100000
SLOOPY VALUE: 1024
TIME: 0.123404
SUM: 3000000
THREADS: 31
COUNT PER THREAD: 100000
SLOOPY VALUE: 1024
TIME: 0.076398
SUM: 3100000
THREADS: 31
COUNT PER THREAD: 100000
SLOOPY VALUE: 1024
TIME: 0.103817
SUM: 3100000
THREADS: 31
COUNT PER THREAD: 100000
SLOOPY VALUE: 1024
TIME: 0.076071
SUM: 3100000
THREADS: 31
COUNT PER THREAD: 100000
SLOOPY VALUE: 1024
TIME: 0.105095
SUM: 3100000
THREADS: 31
COUNT PER THREAD: 100000
SLOOPY VALUE: 1024
TIME: 0.075760
SUM: 3100000
THREADS: 31
COUNT PER THREAD: 100000
SLOOPY VALUE: 1024
TIME: 0.095777
SUM: 3100000
THREADS: 31
COUNT PER THREAD: 100000
SLOOPY VALUE: 1024
TIME: 0.074732
SUM: 3100000
THREADS: 31
COUNT PER THREAD: 100000
SLOOPY VALUE: 1024
TIME: 0.095240
SUM: 3100000
THREADS: 31
COUNT PER THREAD: 100000
SLOOPY VALUE: 1024
TIME: 0.080339
SUM: 3100000
THREADS: 31
COUNT PER THREAD: 100000
SLOOPY VALUE: 1024
TIME: 0.102152
SUM: 3100000
THREADS: 32
COUNT PER THREAD: 100000
SLOOPY VALUE: 1024
TIME: 0.093667
SUM: 3200000
THREADS: 32
COUNT PER THREAD: 100000
SLOOPY VALUE: 1024
TIME: 0.116857
SUM: 3200000
THREADS: 32
COUNT PER THREAD: 100000
SLOOPY VALUE: 1024
TIME: 0.086752
SUM: 3200000
THREADS: 32
COUNT PER THREAD: 100000
SLOOPY VALUE: 1024
TIME: 0.102102
SUM: 3200000
THREADS: 32
COUNT PER THREAD: 100000
SLOOPY VALUE: 1024
TIME: 0.091895
SUM: 3200000
THREADS: 32
COUNT PER THREAD: 100000
SLOOPY VALUE: 1024
TIME: 0.107423
SUM: 3200000
THREADS: 32
COUNT PER THREAD: 100000
SLOOPY VALUE: 1024
TIME: 0.086610
SUM: 3200000
THREADS: 32
COUNT PER THREAD: 100000
SLOOPY VALUE: 1024
TIME: 0.110391
SUM: 3200000
THREADS: 32
COUNT PER THREAD: 100000
SLOOPY VALUE: 1024
TIME: 0.088522
SUM: 3200000
THREADS: 32
COUNT PER THREAD: 100000
SLOOPY VALUE: 1024
TIME: 0.104828
SUM: 3200000
THREADS: 33
COUNT PER THREAD: 100000
SLOOPY VALUE: 1024
TIME: 0.115282
SUM: 3300000
THREADS: 33
COUNT PER THREAD: 100000
SLOOPY VALUE: 1024
TIME: 0.087768
SUM: 3300000
THREADS: 33
COUNT PER THREAD: 100000
SLOOPY VALUE: 1024
TIME: 0.115586
SUM: 3300000
THREADS: 33
COUNT PER THREAD: 100000
SLOOPY VALUE: 1024
TIME: 0.096529
SUM: 3300000
THREADS: 33
COUNT PER THREAD: 100000
SLOOPY VALUE: 1024
TIME: 0.111049
SUM: 3300000
THREADS: 33
COUNT PER THREAD: 100000
SLOOPY VALUE: 1024
TIME: 0.096602
SUM: 3300000
THREADS: 33
COUNT PER THREAD: 100000
SLOOPY VALUE: 1024
TIME: 0.105729
SUM: 3300000
THREADS: 33
COUNT PER THREAD: 100000
SLOOPY VALUE: 1024
TIME: 0.087353
SUM: 3300000
THREADS: 33
COUNT PER THREAD: 100000
SLOOPY VALUE: 1024
TIME: 0.103581
SUM: 3300000
THREADS: 33
COUNT PER THREAD: 100000
SLOOPY VALUE: 1024
TIME: 0.086540
SUM: 3300000
THREADS: 34
COUNT PER THREAD: 100000
SLOOPY VALUE: 1024
TIME: 0.094828
SUM: 3400000
THREADS: 34
COUNT PER THREAD: 100000
SLOOPY VALUE: 1024
TIME: 0.134540
SUM: 3400000
THREADS: 34
COUNT PER THREAD: 100000
SLOOPY VALUE: 1024
TIME: 0.098181
SUM: 3400000
THREADS: 34
COUNT PER THREAD: 100000
SLOOPY VALUE: 1024
TIME: 0.105613
SUM: 3400000
THREADS: 34
COUNT PER THREAD: 100000
SLOOPY VALUE: 1024
TIME: 0.123207
SUM: 3400000
THREADS: 34
COUNT PER THREAD: 100000
SLOOPY VALUE: 1024
TIME: 0.110936
SUM: 3400000
THREADS: 34
COUNT PER THREAD: 100000
SLOOPY VALUE: 1024
TIME: 0.108808
SUM: 3400000
THREADS: 34
COUNT PER THREAD: 100000
SLOOPY VALUE: 1024
TIME: 0.130651
SUM: 3400000
THREADS: 34
COUNT PER THREAD: 100000
SLOOPY VALUE: 1024
TIME: 0.116178
SUM: 3400000
THREADS: 34
COUNT PER THREAD: 100000
SLOOPY VALUE: 1024
TIME: 0.163216
SUM: 3400000
THREADS: 35
COUNT PER THREAD: 100000
SLOOPY VALUE: 1024
TIME: 0.112098
SUM: 3500000
THREADS: 35
COUNT PER THREAD: 100000
SLOOPY VALUE: 1024
TIME: 0.086779
SUM: 3500000
THREADS: 35
COUNT PER THREAD: 100000
SLOOPY VALUE: 1024
TIME: 0.112311
SUM: 3500000
THREADS: 35
COUNT PER THREAD: 100000
SLOOPY VALUE: 1024
TIME: 0.091451
SUM: 3500000
THREADS: 35
COUNT PER THREAD: 100000
SLOOPY VALUE: 1024
TIME: 0.117548
SUM: 3500000
THREADS: 35
COUNT PER THREAD: 100000
SLOOPY VALUE: 1024
TIME: 0.091664
SUM: 3500000
THREADS: 35
COUNT PER THREAD: 100000
SLOOPY VALUE: 1024
TIME: 0.108438
SUM: 3500000
THREADS: 35
COUNT PER THREAD: 100000
SLOOPY VALUE: 1024
TIME: 0.087698
SUM: 3500000
THREADS: 35
COUNT PER THREAD: 100000
SLOOPY VALUE: 1024
TIME: 0.109974
SUM: 3500000
THREADS: 35
COUNT PER THREAD: 100000
SLOOPY VALUE: 1024
TIME: 0.089813
SUM: 3500000
THREADS: 36
COUNT PER THREAD: 100000
SLOOPY VALUE: 1024
TIME: 0.107920
SUM: 3600000
THREADS: 36
COUNT PER THREAD: 100000
SLOOPY VALUE: 1024
TIME: 0.092005
SUM: 3600000
THREADS: 36
COUNT PER THREAD: 100000
SLOOPY VALUE: 1024
TIME: 0.113787
SUM: 3600000
THREADS: 36
COUNT PER THREAD: 100000
SLOOPY VALUE: 1024
TIME: 0.108668
SUM: 3600000
THREADS: 36
COUNT PER THREAD: 100000
SLOOPY VALUE: 1024
TIME: 0.105649
SUM: 3600000
THREADS: 36
COUNT PER THREAD: 100000
SLOOPY VALUE: 1024
TIME: 0.114357
SUM: 3600000
THREADS: 36
COUNT PER THREAD: 100000
SLOOPY VALUE: 1024
TIME: 0.097152
SUM: 3600000
THREADS: 36
COUNT PER THREAD: 100000
SLOOPY VALUE: 1024
TIME: 0.123431
SUM: 3600000
THREADS: 36
COUNT PER THREAD: 100000
SLOOPY VALUE: 1024
TIME: 0.108608
SUM: 3600000
THREADS: 36
COUNT PER THREAD: 100000
SLOOPY VALUE: 1024
TIME: 0.108502
SUM: 3600000
THREADS: 37
COUNT PER THREAD: 100000
SLOOPY VALUE: 1024
TIME: 0.112444
SUM: 3700000
THREADS: 37
COUNT PER THREAD: 100000
SLOOPY VALUE: 1024
TIME: 0.107952
SUM: 3700000
THREADS: 37
COUNT PER THREAD: 100000
SLOOPY VALUE: 1024
TIME: 0.105297
SUM: 3700000
THREADS: 37
COUNT PER THREAD: 100000
SLOOPY VALUE: 1024
TIME: 0.114749
SUM: 3700000
THREADS: 37
COUNT PER THREAD: 100000
SLOOPY VALUE: 1024
TIME: 0.097738
SUM: 3700000
THREADS: 37
COUNT PER THREAD: 100000
SLOOPY VALUE: 1024
TIME: 0.116167
SUM: 3700000
THREADS: 37
COUNT PER THREAD: 100000
SLOOPY VALUE: 1024
TIME: 0.096713
SUM: 3700000
THREADS: 37
COUNT PER THREAD: 100000
SLOOPY VALUE: 1024
TIME: 0.120479
SUM: 3700000
THREADS: 37
COUNT PER THREAD: 100000
SLOOPY VALUE: 1024
TIME: 0.093291
SUM: 3700000
THREADS: 37
COUNT PER THREAD: 100000
SLOOPY VALUE: 1024
TIME: 0.110775
SUM: 3700000
THREADS: 38
COUNT PER THREAD: 100000
SLOOPY VALUE: 1024
TIME: 0.114623
SUM: 3800000
THREADS: 38
COUNT PER THREAD: 100000
SLOOPY VALUE: 1024
TIME: 0.107510
SUM: 3800000
THREADS: 38
COUNT PER THREAD: 100000
SLOOPY VALUE: 1024
TIME: 0.111614
SUM: 3800000
THREADS: 38
COUNT PER THREAD: 100000
SLOOPY VALUE: 1024
TIME: 0.138103
SUM: 3800000
THREADS: 38
COUNT PER THREAD: 100000
SLOOPY VALUE: 1024
TIME: 0.094876
SUM: 3800000
THREADS: 38
COUNT PER THREAD: 100000
SLOOPY VALUE: 1024
TIME: 0.116479
SUM: 3800000
THREADS: 38
COUNT PER THREAD: 100000
SLOOPY VALUE: 1024
TIME: 0.098861
SUM: 3800000
THREADS: 38
COUNT PER THREAD: 100000
SLOOPY VALUE: 1024
TIME: 0.104697
SUM: 3800000
THREADS: 38
COUNT PER THREAD: 100000
SLOOPY VALUE: 1024
TIME: 0.117714
SUM: 3800000
THREADS: 38
COUNT PER THREAD: 100000
SLOOPY VALUE: 1024
TIME: 0.095014
SUM: 3800000
THREADS: 39
COUNT PER THREAD: 100000
SLOOPY VALUE: 1024
TIME: 0.125538
SUM: 3900000
THREADS: 39
COUNT PER THREAD: 100000
SLOOPY VALUE: 1024
TIME: 0.107318
SUM: 3900000
THREADS: 39
COUNT PER THREAD: 100000
SLOOPY VALUE: 1024
TIME: 0.104417
SUM: 3900000
THREADS: 39
COUNT PER THREAD: 100000
SLOOPY VALUE: 1024
TIME: 0.115092
SUM: 3900000
THREADS: 39
COUNT PER THREAD: 100000
SLOOPY VALUE: 1024
TIME: 0.097340
SUM: 3900000
THREADS: 39
COUNT PER THREAD: 100000
SLOOPY VALUE: 1024
TIME: 0.110691
SUM: 3900000
THREADS: 39
COUNT PER THREAD: 100000
SLOOPY VALUE: 1024
TIME: 0.123274
SUM: 3900000
THREADS: 39
COUNT PER THREAD: 100000
SLOOPY VALUE: 1024
TIME: 0.111848
SUM: 3900000
THREADS: 39
COUNT PER THREAD: 100000
SLOOPY VALUE: 1024
TIME: 0.103656
SUM: 3900000
THREADS: 39
COUNT PER THREAD: 100000
SLOOPY VALUE: 1024
TIME: 0.121219
SUM: 3900000
THREADS: 40
COUNT PER THREAD: 100000
SLOOPY VALUE: 1024
TIME: 0.117240
SUM: 4000000
THREADS: 40
COUNT PER THREAD: 100000
SLOOPY VALUE: 1024
TIME: 0.150772
SUM: 4000000
THREADS: 40
COUNT PER THREAD: 100000
SLOOPY VALUE: 1024
TIME: 0.145526
SUM: 4000000
THREADS: 40
COUNT PER THREAD: 100000
SLOOPY VALUE: 1024
TIME: 0.144171
SUM: 4000000
THREADS: 40
COUNT PER THREAD: 100000
SLOOPY VALUE: 1024
TIME: 0.157430
SUM: 4000000
THREADS: 40
COUNT PER THREAD: 100000
SLOOPY VALUE: 1024
TIME: 0.132532
SUM: 4000000
THREADS: 40
COUNT PER THREAD: 100000
SLOOPY VALUE: 1024
TIME: 0.140650
SUM: 4000000
THREADS: 40
COUNT PER THREAD: 100000
SLOOPY VALUE: 1024
TIME: 0.148178
SUM: 4000000
THREADS: 40
COUNT PER THREAD: 100000
SLOOPY VALUE: 1024
TIME: 0.144334
SUM: 4000000
THREADS: 40
COUNT PER THREAD: 100000
SLOOPY VALUE: 1024
TIME: 0.140661
SUM: 4000000
THREADS: 41
COUNT PER THREAD: 100000
SLOOPY VALUE: 1024
TIME: 0.142812
SUM: 4100000
THREADS: 41
COUNT PER THREAD: 100000
SLOOPY VALUE: 1024
TIME: 0.133206
SUM: 4100000
THREADS: 41
COUNT PER THREAD: 100000
SLOOPY VALUE: 1024
TIME: 0.152698
SUM: 4100000
THREADS: 41
COUNT PER THREAD: 100000
SLOOPY VALUE: 1024
TIME: 0.151308
SUM: 4100000
THREADS: 41
COUNT PER THREAD: 100000
SLOOPY VALUE: 1024
TIME: 0.137539
SUM: 4100000
THREADS: 41
COUNT PER THREAD: 100000
SLOOPY VALUE: 1024
TIME: 0.137061
SUM: 4100000
THREADS: 41
COUNT PER THREAD: 100000
SLOOPY VALUE: 1024
TIME: 0.134450
SUM: 4100000
THREADS: 41
COUNT PER THREAD: 100000
SLOOPY VALUE: 1024
TIME: 0.138965
SUM: 4100000
THREADS: 41
COUNT PER THREAD: 100000
SLOOPY VALUE: 1024
TIME: 0.141238
SUM: 4100000
THREADS: 41
COUNT PER THREAD: 100000
SLOOPY VALUE: 1024
TIME: 0.157500
SUM: 4100000
THREADS: 42
COUNT PER THREAD: 100000
SLOOPY VALUE: 1024
TIME: 0.120382
SUM: 4200000
THREADS: 42
COUNT PER THREAD: 100000
SLOOPY VALUE: 1024
TIME: 0.114866
SUM: 4200000
THREADS: 42
COUNT PER THREAD: 100000
SLOOPY VALUE: 1024
TIME: 0.111856
SUM: 4200000
THREADS: 42
COUNT PER THREAD: 100000
SLOOPY VALUE: 1024
TIME: 0.119564
SUM: 4200000
THREADS: 42
COUNT PER THREAD: 100000
SLOOPY VALUE: 1024
TIME: 0.112418
SUM: 4200000
THREADS: 42
COUNT PER THREAD: 100000
SLOOPY VALUE: 1024
TIME: 0.117643
SUM: 4200000
THREADS: 42
COUNT PER THREAD: 100000
SLOOPY VALUE: 1024
TIME: 0.113424
SUM: 4200000
THREADS: 42
COUNT PER THREAD: 100000
SLOOPY VALUE: 1024
TIME: 0.121983
SUM: 4200000
THREADS: 42
COUNT PER THREAD: 100000
SLOOPY VALUE: 1024
TIME: 0.110794
SUM: 4200000
THREADS: 42
COUNT PER THREAD: 100000
SLOOPY VALUE: 1024
TIME: 0.116092
SUM: 4200000
THREADS: 43
COUNT PER THREAD: 100000
SLOOPY VALUE: 1024
TIME: 0.124140
SUM: 4300000
THREADS: 43
COUNT PER THREAD: 100000
SLOOPY VALUE: 1024
TIME: 0.129890
SUM: 4300000
THREADS: 43
COUNT PER THREAD: 100000
SLOOPY VALUE: 1024
TIME: 0.115550
SUM: 4300000
THREADS: 43
COUNT PER THREAD: 100000
SLOOPY VALUE: 1024
TIME: 0.120753
SUM: 4300000
THREADS: 43
COUNT PER THREAD: 100000
SLOOPY VALUE: 1024
TIME: 0.122823
SUM: 4300000
THREADS: 43
COUNT PER THREAD: 100000
SLOOPY VALUE: 1024
TIME: 0.118498
SUM: 4300000
THREADS: 43
COUNT PER THREAD: 100000
SLOOPY VALUE: 1024
TIME: 0.114219
SUM: 4300000
THREADS: 43
COUNT PER THREAD: 100000
SLOOPY VALUE: 1024
TIME: 0.116814
SUM: 4300000
THREADS: 43
COUNT PER THREAD: 100000
SLOOPY VALUE: 1024
TIME: 0.128743
SUM: 4300000
THREADS: 43
COUNT PER THREAD: 100000
SLOOPY VALUE: 1024
TIME: 0.123491
SUM: 4300000
THREADS: 44
COUNT PER THREAD: 100000
SLOOPY VALUE: 1024
TIME: 0.129432
SUM: 4400000
THREADS: 44
COUNT PER THREAD: 100000
SLOOPY VALUE: 1024
TIME: 0.120920
SUM: 4400000
THREADS: 44
COUNT PER THREAD: 100000
SLOOPY VALUE: 1024
TIME: 0.118903
SUM: 4400000
THREADS: 44
COUNT PER THREAD: 100000
SLOOPY VALUE: 1024
TIME: 0.127600
SUM: 4400000
THREADS: 44
COUNT PER THREAD: 100000
SLOOPY VALUE: 1024
TIME: 0.116373
SUM: 4400000
THREADS: 44
COUNT PER THREAD: 100000
SLOOPY VALUE: 1024
TIME: 0.112043
SUM: 4400000
THREADS: 44
COUNT PER THREAD: 100000
SLOOPY VALUE: 1024
TIME: 0.117533
SUM: 4400000
THREADS: 44
COUNT PER THREAD: 100000
SLOOPY VALUE: 1024
TIME: 0.110227
SUM: 4400000
THREADS: 44
COUNT PER THREAD: 100000
SLOOPY VALUE: 1024
TIME: 0.120963
SUM: 4400000
THREADS: 44
COUNT PER THREAD: 100000
SLOOPY VALUE: 1024
TIME: 0.122267
SUM: 4400000
THREADS: 45
COUNT PER THREAD: 100000
SLOOPY VALUE: 1024
TIME: 0.115623
SUM: 4500000
THREADS: 45
COUNT PER THREAD: 100000
SLOOPY VALUE: 1024
TIME: 0.112413
SUM: 4500000
THREADS: 45
COUNT PER THREAD: 100000
SLOOPY VALUE: 1024
TIME: 0.125047
SUM: 4500000
THREADS: 45
COUNT PER THREAD: 100000
SLOOPY VALUE: 1024
TIME: 0.116732
SUM: 4500000
THREADS: 45
COUNT PER THREAD: 100000
SLOOPY VALUE: 1024
TIME: 0.118606
SUM: 4500000
THREADS: 45
COUNT PER THREAD: 100000
SLOOPY VALUE: 1024
TIME: 0.106725
SUM: 4500000
THREADS: 45
COUNT PER THREAD: 100000
SLOOPY VALUE: 1024
TIME: 0.109167
SUM: 4500000
THREADS: 45
COUNT PER THREAD: 100000
SLOOPY VALUE: 1024
TIME: 0.107710
SUM: 4500000
THREADS: 45
COUNT PER THREAD: 100000
SLOOPY VALUE: 1024
TIME: 0.116990
SUM: 4500000
THREADS: 45
COUNT PER THREAD: 100000
SLOOPY VALUE: 1024
TIME: 0.119062
SUM: 4500000
THREADS: 46
COUNT PER THREAD: 100000
SLOOPY VALUE: 1024
TIME: 0.132127
SUM: 4600000
THREADS: 46
COUNT PER THREAD: 100000
SLOOPY VALUE: 1024
TIME: 0.122594
SUM: 4600000
THREADS: 46
COUNT PER THREAD: 100000
SLOOPY VALUE: 1024
TIME: 0.116726
SUM: 4600000
THREADS: 46
COUNT PER THREAD: 100000
SLOOPY VALUE: 1024
TIME: 0.113516
SUM: 4600000
THREADS: 46
COUNT PER THREAD: 100000
SLOOPY VALUE: 1024
TIME: 0.113294
SUM: 4600000
THREADS: 46
COUNT PER THREAD: 100000
SLOOPY VALUE: 1024
TIME: 0.126186
SUM: 4600000
THREADS: 46
COUNT PER THREAD: 100000
SLOOPY VALUE: 1024
TIME: 0.124458
SUM: 4600000
THREADS: 46
COUNT PER THREAD: 100000
SLOOPY VALUE: 1024
TIME: 0.115549
SUM: 4600000
THREADS: 46
COUNT PER THREAD: 100000
SLOOPY VALUE: 1024
TIME: 0.118462
SUM: 4600000
THREADS: 46
COUNT PER THREAD: 100000
SLOOPY VALUE: 1024
TIME: 0.122953
SUM: 4600000
THREADS: 47
COUNT PER THREAD: 100000
SLOOPY VALUE: 1024
TIME: 0.149703
SUM: 4700000
THREADS: 47
COUNT PER THREAD: 100000
SLOOPY VALUE: 1024
TIME: 0.143938
SUM: 4700000
THREADS: 47
COUNT PER THREAD: 100000
SLOOPY VALUE: 1024
TIME: 0.145177
SUM: 4700000
THREADS: 47
COUNT PER THREAD: 100000
SLOOPY VALUE: 1024
TIME: 0.154509
SUM: 4700000
THREADS: 47
COUNT PER THREAD: 100000
SLOOPY VALUE: 1024
TIME: 0.137601
SUM: 4700000
THREADS: 47
COUNT PER THREAD: 100000
SLOOPY VALUE: 1024
TIME: 0.150612
SUM: 4700000
THREADS: 47
COUNT PER THREAD: 100000
SLOOPY VALUE: 1024
TIME: 0.170475
SUM: 4700000
THREADS: 47
COUNT PER THREAD: 100000
SLOOPY VALUE: 1024
TIME: 0.163586
SUM: 4700000
THREADS: 47
COUNT PER THREAD: 100000
SLOOPY VALUE: 1024
TIME: 0.162711
SUM: 4700000
THREADS: 47
COUNT PER THREAD: 100000
SLOOPY VALUE: 1024
TIME: 0.169520
SUM: 4700000
THREADS: 48
COUNT PER THREAD: 100000
SLOOPY VALUE: 1024
TIME: 0.145185
SUM: 4800000
THREADS: 48
COUNT PER THREAD: 100000
SLOOPY VALUE: 1024
TIME: 0.137697
SUM: 4800000
THREADS: 48
COUNT PER THREAD: 100000
SLOOPY VALUE: 1024
TIME: 0.141363
SUM: 4800000
THREADS: 48
COUNT PER THREAD: 100000
SLOOPY VALUE: 1024
TIME: 0.150405
SUM: 4800000
THREADS: 48
COUNT PER THREAD: 100000
SLOOPY VALUE: 1024
TIME: 0.153142
SUM: 4800000
THREADS: 48
COUNT PER THREAD: 100000
SLOOPY VALUE: 1024
TIME: 0.151997
SUM: 4800000
THREADS: 48
COUNT PER THREAD: 100000
SLOOPY VALUE: 1024
TIME: 0.179976
SUM: 4800000
THREADS: 48
COUNT PER THREAD: 100000
SLOOPY VALUE: 1024
TIME: 0.153507
SUM: 4800000
THREADS: 48
COUNT PER THREAD: 100000
SLOOPY VALUE: 1024
TIME: 0.140810
SUM: 4800000
THREADS: 48
COUNT PER THREAD: 100000
SLOOPY VALUE: 1024
TIME: 0.149704
SUM: 4800000
THREADS: 49
COUNT PER THREAD: 100000
SLOOPY VALUE: 1024
TIME: 0.158034
SUM: 4900000
THREADS: 49
COUNT PER THREAD: 100000
SLOOPY VALUE: 1024
TIME: 0.163973
SUM: 4900000
THREADS: 49
COUNT PER THREAD: 100000
SLOOPY VALUE: 1024
TIME: 0.161950
SUM: 4900000
THREADS: 49
COUNT PER THREAD: 100000
SLOOPY VALUE: 1024
TIME: 0.158599
SUM: 4900000
THREADS: 49
COUNT PER THREAD: 100000
SLOOPY VALUE: 1024
TIME: 0.159102
SUM: 4900000
THREADS: 49
COUNT PER THREAD: 100000
SLOOPY VALUE: 1024
TIME: 0.176991
SUM: 4900000
THREADS: 49
COUNT PER THREAD: 100000
SLOOPY VALUE: 1024
TIME: 0.164359
SUM: 4900000
THREADS: 49
COUNT PER THREAD: 100000
SLOOPY VALUE: 1024
TIME: 0.166499
SUM: 4900000
THREADS: 49
COUNT PER THREAD: 100000
SLOOPY VALUE: 1024
TIME: 0.162198
SUM: 4900000
THREADS: 49
COUNT PER THREAD: 100000
SLOOPY VALUE: 1024
TIME: 0.158217
SUM: 4900000
THREADS: 50
COUNT PER THREAD: 100000
SLOOPY VALUE: 1024
TIME: 0.148202
SUM: 5000000
THREADS: 50
COUNT PER THREAD: 100000
SLOOPY VALUE: 1024
TIME: 0.144253
SUM: 5000000
THREADS: 50
COUNT PER THREAD: 100000
SLOOPY VALUE: 1024
TIME: 0.145779
SUM: 5000000
THREADS: 50
COUNT PER THREAD: 100000
SLOOPY VALUE: 1024
TIME: 0.142384
SUM: 5000000
THREADS: 50
COUNT PER THREAD: 100000
SLOOPY VALUE: 1024
TIME: 0.146557
SUM: 5000000
THREADS: 50
COUNT PER THREAD: 100000
SLOOPY VALUE: 1024
TIME: 0.142201
SUM: 5000000
THREADS: 50
COUNT PER THREAD: 100000
SLOOPY VALUE: 1024
TIME: 0.148184
SUM: 5000000
THREADS: 50
COUNT PER THREAD: 100000
SLOOPY VALUE: 1024
TIME: 0.143544
SUM: 5000000
THREADS: 50
COUNT PER THREAD: 100000
SLOOPY VALUE: 1024
TIME: 0.144388
SUM: 5000000
THREADS: 50
COUNT PER THREAD: 100000
SLOOPY VALUE: 1024
TIME: 0.144580
SUM: 5000000
THREADS: 51
COUNT PER THREAD: 100000
SLOOPY VALUE: 1024
TIME: 0.152411
SUM: 5100000
THREADS: 51
COUNT PER THREAD: 100000
SLOOPY VALUE: 1024
TIME: 0.160258
SUM: 5100000
THREADS: 51
COUNT PER THREAD: 100000
SLOOPY VALUE: 1024
TIME: 0.155376
SUM: 5100000
THREADS: 51
COUNT PER THREAD: 100000
SLOOPY VALUE: 1024
TIME: 0.143150
SUM: 5100000
THREADS: 51
COUNT PER THREAD: 100000
SLOOPY VALUE: 1024
TIME: 0.138098
SUM: 5100000
THREADS: 51
COUNT PER THREAD: 100000
SLOOPY VALUE: 1024
TIME: 0.149348
SUM: 5100000
THREADS: 51
COUNT PER THREAD: 100000
SLOOPY VALUE: 1024
TIME: 0.140788
SUM: 5100000
THREADS: 51
COUNT PER THREAD: 100000
SLOOPY VALUE: 1024
TIME: 0.149007
SUM: 5100000
THREADS: 51
COUNT PER THREAD: 100000
SLOOPY VALUE: 1024
TIME: 0.158478
SUM: 5100000
THREADS: 51
COUNT PER THREAD: 100000
SLOOPY VALUE: 1024
TIME: 0.154891
SUM: 5100000
THREADS: 52
COUNT PER THREAD: 100000
SLOOPY VALUE: 1024
TIME: 0.155326
SUM: 5200000
THREADS: 52
COUNT PER THREAD: 100000
SLOOPY VALUE: 1024
TIME: 0.171597
SUM: 5200000
THREADS: 52
COUNT PER THREAD: 100000
SLOOPY VALUE: 1024
TIME: 0.157161
SUM: 5200000
THREADS: 52
COUNT PER THREAD: 100000
SLOOPY VALUE: 1024
TIME: 0.159200
SUM: 5200000
THREADS: 52
COUNT PER THREAD: 100000
SLOOPY VALUE: 1024
TIME: 0.143649
SUM: 5200000
THREADS: 52
COUNT PER THREAD: 100000
SLOOPY VALUE: 1024
TIME: 0.147685
SUM: 5200000
THREADS: 52
COUNT PER THREAD: 100000
SLOOPY VALUE: 1024
TIME: 0.150164
SUM: 5200000
THREADS: 52
COUNT PER THREAD: 100000
SLOOPY VALUE: 1024
TIME: 0.154169
SUM: 5200000
THREADS: 52
COUNT PER THREAD: 100000
SLOOPY VALUE: 1024
TIME: 0.165468
SUM: 5200000
THREADS: 52
COUNT PER THREAD: 100000
SLOOPY VALUE: 1024
TIME: 0.157811
SUM: 5200000
THREADS: 53
COUNT PER THREAD: 100000
SLOOPY VALUE: 1024
TIME: 0.139623
SUM: 5300000
THREADS: 53
COUNT PER THREAD: 100000
SLOOPY VALUE: 1024
TIME: 0.151767
SUM: 5300000
THREADS: 53
COUNT PER THREAD: 100000
SLOOPY VALUE: 1024
TIME: 0.157403
SUM: 5300000
THREADS: 53
COUNT PER THREAD: 100000
SLOOPY VALUE: 1024
TIME: 0.150444
SUM: 5300000
THREADS: 53
COUNT PER THREAD: 100000
SLOOPY VALUE: 1024
TIME: 0.143250
SUM: 5300000
THREADS: 53
COUNT PER THREAD: 100000
SLOOPY VALUE: 1024
TIME: 0.149752
SUM: 5300000
THREADS: 53
COUNT PER THREAD: 100000
SLOOPY VALUE: 1024
TIME: 0.145978
SUM: 5300000
THREADS: 53
COUNT PER THREAD: 100000
SLOOPY VALUE: 1024
TIME: 0.150057
SUM: 5300000
THREADS: 53
COUNT PER THREAD: 100000
SLOOPY VALUE: 1024
TIME: 0.151149
SUM: 5300000
THREADS: 53
COUNT PER THREAD: 100000
SLOOPY VALUE: 1024
TIME: 0.158411
SUM: 5300000
THREADS: 54
COUNT PER THREAD: 100000
SLOOPY VALUE: 1024
TIME: 0.163893
SUM: 5400000
THREADS: 54
COUNT PER THREAD: 100000
SLOOPY VALUE: 1024
TIME: 0.162647
SUM: 5400000
THREADS: 54
COUNT PER THREAD: 100000
SLOOPY VALUE: 1024
TIME: 0.158989
SUM: 5400000
THREADS: 54
COUNT PER THREAD: 100000
SLOOPY VALUE: 1024
TIME: 0.155259
SUM: 5400000
THREADS: 54
COUNT PER THREAD: 100000
SLOOPY VALUE: 1024
TIME: 0.164078
SUM: 5400000
THREADS: 54
COUNT PER THREAD: 100000
SLOOPY VALUE: 1024
TIME: 0.161990
SUM: 5400000
THREADS: 54
COUNT PER THREAD: 100000
SLOOPY VALUE: 1024
TIME: 0.170192
SUM: 5400000
THREADS: 54
COUNT PER THREAD: 100000
SLOOPY VALUE: 1024
TIME: 0.170019
SUM: 5400000
THREADS: 54
COUNT PER THREAD: 100000
SLOOPY VALUE: 1024
TIME: 0.179902
SUM: 5400000
THREADS: 54
COUNT PER THREAD: 100000
SLOOPY VALUE: 1024
TIME: 0.166825
SUM: 5400000
THREADS: 55
COUNT PER THREAD: 100000
SLOOPY VALUE: 1024
TIME: 0.164735
SUM: 5500000
THREADS: 55
COUNT PER THREAD: 100000
SLOOPY VALUE: 1024
TIME: 0.165250
SUM: 5500000
THREADS: 55
COUNT PER THREAD: 100000
SLOOPY VALUE: 1024
TIME: 0.158978
SUM: 5500000
THREADS: 55
COUNT PER THREAD: 100000
SLOOPY VALUE: 1024
TIME: 0.168918
SUM: 5500000
THREADS: 55
COUNT PER THREAD: 100000
SLOOPY VALUE: 1024
TIME: 0.158976
SUM: 5500000
THREADS: 55
COUNT PER THREAD: 100000
SLOOPY VALUE: 1024
TIME: 0.161187
SUM: 5500000
THREADS: 55
COUNT PER THREAD: 100000
SLOOPY VALUE: 1024
TIME: 0.159786
SUM: 5500000
THREADS: 55
COUNT PER THREAD: 100000
SLOOPY VALUE: 1024
TIME: 0.160580
SUM: 5500000
THREADS: 55
COUNT PER THREAD: 100000
SLOOPY VALUE: 1024
TIME: 0.163195
SUM: 5500000
THREADS: 55
COUNT PER THREAD: 100000
SLOOPY VALUE: 1024
TIME: 0.163863
SUM: 5500000
THREADS: 56
COUNT PER THREAD: 100000
SLOOPY VALUE: 1024
TIME: 0.196300
SUM: 5600000
THREADS: 56
COUNT PER THREAD: 100000
SLOOPY VALUE: 1024
TIME: 0.189847
SUM: 5600000
THREADS: 56
COUNT PER THREAD: 100000
SLOOPY VALUE: 1024
TIME: 0.181444
SUM: 5600000
THREADS: 56
COUNT PER THREAD: 100000
SLOOPY VALUE: 1024
TIME: 0.185175
SUM: 5600000
THREADS: 56
COUNT PER THREAD: 100000
SLOOPY VALUE: 1024
TIME: 0.201229
SUM: 5600000
THREADS: 56
COUNT PER THREAD: 100000
SLOOPY VALUE: 1024
TIME: 0.247685
SUM: 5600000
THREADS: 56
COUNT PER THREAD: 100000
SLOOPY VALUE: 1024
TIME: 0.198816
SUM: 5600000
THREADS: 56
COUNT PER THREAD: 100000
SLOOPY VALUE: 1024
TIME: 0.222253
SUM: 5600000
THREADS: 56
COUNT PER THREAD: 100000
SLOOPY VALUE: 1024
TIME: 0.213199
SUM: 5600000
THREADS: 56
COUNT PER THREAD: 100000
SLOOPY VALUE: 1024
TIME: 0.187626
SUM: 5600000
THREADS: 57
COUNT PER THREAD: 100000
SLOOPY VALUE: 1024
TIME: 0.159943
SUM: 5700000
THREADS: 57
COUNT PER THREAD: 100000
SLOOPY VALUE: 1024
TIME: 0.167346
SUM: 5700000
THREADS: 57
COUNT PER THREAD: 100000
SLOOPY VALUE: 1024
TIME: 0.166174
SUM: 5700000
THREADS: 57
COUNT PER THREAD: 100000
SLOOPY VALUE: 1024
TIME: 0.167161
SUM: 5700000
THREADS: 57
COUNT PER THREAD: 100000
SLOOPY VALUE: 1024
TIME: 0.167407
SUM: 5700000
THREADS: 57
COUNT PER THREAD: 100000
SLOOPY VALUE: 1024
TIME: 0.165173
SUM: 5700000
THREADS: 57
COUNT PER THREAD: 100000
SLOOPY VALUE: 1024
TIME: 0.161771
SUM: 5700000
THREADS: 57
COUNT PER THREAD: 100000
SLOOPY VALUE: 1024
TIME: 0.178660
SUM: 5700000
THREADS: 57
COUNT PER THREAD: 100000
SLOOPY VALUE: 1024
TIME: 0.178320
SUM: 5700000
THREADS: 57
COUNT PER THREAD: 100000
SLOOPY VALUE: 1024
TIME: 0.178000
SUM: 5700000
THREADS: 58
COUNT PER THREAD: 100000
SLOOPY VALUE: 1024
TIME: 0.199787
SUM: 5800000
THREADS: 58
COUNT PER THREAD: 100000
SLOOPY VALUE: 1024
TIME: 0.186959
SUM: 5800000
THREADS: 58
COUNT PER THREAD: 100000
SLOOPY VALUE: 1024
TIME: 0.196420
SUM: 5800000
THREADS: 58
COUNT PER THREAD: 100000
SLOOPY VALUE: 1024
TIME: 0.176995
SUM: 5800000
THREADS: 58
COUNT PER THREAD: 100000
SLOOPY VALUE: 1024
TIME: 0.179871
SUM: 5800000
THREADS: 58
COUNT PER THREAD: 100000
SLOOPY VALUE: 1024
TIME: 0.197497
SUM: 5800000
THREADS: 58
COUNT PER THREAD: 100000
SLOOPY VALUE: 1024
TIME: 0.206252
SUM: 5800000
THREADS: 58
COUNT PER THREAD: 100000
SLOOPY VALUE: 1024
TIME: 0.199087
SUM: 5800000
THREADS: 58
COUNT PER THREAD: 100000
SLOOPY VALUE: 1024
TIME: 0.225548
SUM: 5800000
THREADS: 58
COUNT PER THREAD: 100000
SLOOPY VALUE: 1024
TIME: 0.175844
SUM: 5800000
THREADS: 59
COUNT PER THREAD: 100000
SLOOPY VALUE: 1024
TIME: 0.224224
SUM: 5900000
THREADS: 59
COUNT PER THREAD: 100000
SLOOPY VALUE: 1024
TIME: 0.206996
SUM: 5900000
THREADS: 59
COUNT PER THREAD: 100000
SLOOPY VALUE: 1024
TIME: 0.188230
SUM: 5900000
THREADS: 59
COUNT PER THREAD: 100000
SLOOPY VALUE: 1024
TIME: 0.212973
SUM: 5900000
THREADS: 59
COUNT PER THREAD: 100000
SLOOPY VALUE: 1024
TIME: 0.190126
SUM: 5900000
THREADS: 59
COUNT PER THREAD: 100000
SLOOPY VALUE: 1024
TIME: 0.190817
SUM: 5900000
THREADS: 59
COUNT PER THREAD: 100000
SLOOPY VALUE: 1024
TIME: 0.184023
SUM: 5900000
THREADS: 59
COUNT PER THREAD: 100000
SLOOPY VALUE: 1024
TIME: 0.177019
SUM: 5900000
THREADS: 59
COUNT PER THREAD: 100000
SLOOPY VALUE: 1024
TIME: 0.182763
SUM: 5900000
THREADS: 59
COUNT PER THREAD: 100000
SLOOPY VALUE: 1024
TIME: 0.185083
SUM: 5900000
THREADS: 60
COUNT PER THREAD: 100000
SLOOPY VALUE: 1024
TIME: 0.181779
SUM: 6000000
THREADS: 60
COUNT PER THREAD: 100000
SLOOPY VALUE: 1024
TIME: 0.190402
SUM: 6000000
THREADS: 60
COUNT PER THREAD: 100000
SLOOPY VALUE: 1024
TIME: 0.195294
SUM: 6000000
THREADS: 60
COUNT PER THREAD: 100000
SLOOPY VALUE: 1024
TIME: 0.194608
SUM: 6000000
THREADS: 60
COUNT PER THREAD: 100000
SLOOPY VALUE: 1024
TIME: 0.185946
SUM: 6000000
THREADS: 60
COUNT PER THREAD: 100000
SLOOPY VALUE: 1024
TIME: 0.190845
SUM: 6000000
THREADS: 60
COUNT PER THREAD: 100000
SLOOPY VALUE: 1024
TIME: 0.190740
SUM: 6000000
THREADS: 60
COUNT PER THREAD: 100000
SLOOPY VALUE: 1024
TIME: 0.181698
SUM: 6000000
THREADS: 60
COUNT PER THREAD: 100000
SLOOPY VALUE: 1024
TIME: 0.185529
SUM: 6000000
THREADS: 60
COUNT PER THREAD: 100000
SLOOPY VALUE: 1024
TIME: 0.187033
SUM: 6000000
THREADS: 61
COUNT PER THREAD: 100000
SLOOPY VALUE: 1024
TIME: 0.183548
SUM: 6100000
THREADS: 61
COUNT PER THREAD: 100000
SLOOPY VALUE: 1024
TIME: 0.181508
SUM: 6100000
THREADS: 61
COUNT PER THREAD: 100000
SLOOPY VALUE: 1024
TIME: 0.184964
SUM: 6100000
THREADS: 61
COUNT PER THREAD: 100000
SLOOPY VALUE: 1024
TIME: 0.186586
SUM: 6100000
THREADS: 61
COUNT PER THREAD: 100000
SLOOPY VALUE: 1024
TIME: 0.179652
SUM: 6100000
THREADS: 61
COUNT PER THREAD: 100000
SLOOPY VALUE: 1024
TIME: 0.184580
SUM: 6100000
THREADS: 61
COUNT PER THREAD: 100000
SLOOPY VALUE: 1024
TIME: 0.181885
SUM: 6100000
THREADS: 61
COUNT PER THREAD: 100000
SLOOPY VALUE: 1024
TIME: 0.179677
SUM: 6100000
THREADS: 61
COUNT PER THREAD: 100000
SLOOPY VALUE: 1024
TIME: 0.184074
SUM: 6100000
THREADS: 61
COUNT PER THREAD: 100000
SLOOPY VALUE: 1024
TIME: 0.198070
SUM: 6100000
THREADS: 62
COUNT PER THREAD: 100000
SLOOPY VALUE: 1024
TIME: 0.219667
SUM: 6200000
THREADS: 62
COUNT PER THREAD: 100000
SLOOPY VALUE: 1024
TIME: 0.206347
SUM: 6200000
THREADS: 62
COUNT PER THREAD: 100000
SLOOPY VALUE: 1024
TIME: 0.228563
SUM: 6200000
THREADS: 62
COUNT PER THREAD: 100000
SLOOPY VALUE: 1024
TIME: 0.190663
SUM: 6200000
THREADS: 62
COUNT PER THREAD: 100000
SLOOPY VALUE: 1024
TIME: 0.196802
SUM: 6200000
THREADS: 62
COUNT PER THREAD: 100000
SLOOPY VALUE: 1024
TIME: 0.203491
SUM: 6200000
THREADS: 62
COUNT PER THREAD: 100000
SLOOPY VALUE: 1024
TIME: 0.201441
SUM: 6200000
THREADS: 62
COUNT PER THREAD: 100000
SLOOPY VALUE: 1024
TIME: 0.195267
SUM: 6200000
THREADS: 62
COUNT PER THREAD: 100000
SLOOPY VALUE: 1024
TIME: 0.197720
SUM: 6200000
THREADS: 62
COUNT PER THREAD: 100000
SLOOPY VALUE: 1024
TIME: 0.201740
SUM: 6200000
THREADS: 63
COUNT PER THREAD: 100000
SLOOPY VALUE: 1024
TIME: 0.185402
SUM: 6300000
THREADS: 63
COUNT PER THREAD: 100000
SLOOPY VALUE: 1024
TIME: 0.186272
SUM: 6300000
THREADS: 63
COUNT PER THREAD: 100000
SLOOPY VALUE: 1024
TIME: 0.189001
SUM: 6300000
THREADS: 63
COUNT PER THREAD: 100000
SLOOPY VALUE: 1024
TIME: 0.184591
SUM: 6300000
THREADS: 63
COUNT PER THREAD: 100000
SLOOPY VALUE: 1024
TIME: 0.182825
SUM: 6300000
THREADS: 63
COUNT PER THREAD: 100000
SLOOPY VALUE: 1024
TIME: 0.185577
SUM: 6300000
THREADS: 63
COUNT PER THREAD: 100000
SLOOPY VALUE: 1024
TIME: 0.187224
SUM: 6300000
THREADS: 63
COUNT PER THREAD: 100000
SLOOPY VALUE: 1024
TIME: 0.182002
SUM: 6300000
THREADS: 63
COUNT PER THREAD: 100000
SLOOPY VALUE: 1024
TIME: 0.184224
SUM: 6300000
THREADS: 63
COUNT PER THREAD: 100000
SLOOPY VALUE: 1024
TIME: 0.179659
SUM: 6300000
THREADS: 64
COUNT PER THREAD: 100000
SLOOPY VALUE: 1024
TIME: 0.193013
SUM: 6400000
THREADS: 64
COUNT PER THREAD: 100000
SLOOPY VALUE: 1024
TIME: 0.170561
SUM: 6400000
THREADS: 64
COUNT PER THREAD: 100000
SLOOPY VALUE: 1024
TIME: 0.177570
SUM: 6400000
THREADS: 64
COUNT PER THREAD: 100000
SLOOPY VALUE: 1024
TIME: 0.177284
SUM: 6400000
THREADS: 64
COUNT PER THREAD: 100000
SLOOPY VALUE: 1024
TIME: 0.203998
SUM: 6400000
THREADS: 64
COUNT PER THREAD: 100000
SLOOPY VALUE: 1024
TIME: 0.199037
SUM: 6400000
THREADS: 64
COUNT PER THREAD: 100000
SLOOPY VALUE: 1024
TIME: 0.195643
SUM: 6400000
THREADS: 64
COUNT PER THREAD: 100000
SLOOPY VALUE: 1024
TIME: 0.211631
SUM: 6400000
THREADS: 64
COUNT PER THREAD: 100000
SLOOPY VALUE: 1024
TIME: 0.208814
SUM: 6400000
THREADS: 64
COUNT PER THREAD: 100000
SLOOPY VALUE: 1024
TIME: 0.208788
SUM: 6400000
THREADS: 65
COUNT PER THREAD: 100000
SLOOPY VALUE: 1024
TIME: 0.198847
SUM: 6500000
THREADS: 65
COUNT PER THREAD: 100000
SLOOPY VALUE: 1024
TIME: 0.195003
SUM: 6500000
THREADS: 65
COUNT PER THREAD: 100000
SLOOPY VALUE: 1024
TIME: 0.198986
SUM: 6500000
THREADS: 65
COUNT PER THREAD: 100000
SLOOPY VALUE: 1024
TIME: 0.187870
SUM: 6500000
THREADS: 65
COUNT PER THREAD: 100000
SLOOPY VALUE: 1024
TIME: 0.199502
SUM: 6500000
THREADS: 65
COUNT PER THREAD: 100000
SLOOPY VALUE: 1024
TIME: 0.188995
SUM: 6500000
THREADS: 65
COUNT PER THREAD: 100000
SLOOPY VALUE: 1024
TIME: 0.194731
SUM: 6500000
THREADS: 65
COUNT PER THREAD: 100000
SLOOPY VALUE: 1024
TIME: 0.194370
SUM: 6500000
THREADS: 65
COUNT PER THREAD: 100000
SLOOPY VALUE: 1024
TIME: 0.197662
SUM: 6500000
THREADS: 65
COUNT PER THREAD: 100000
SLOOPY VALUE: 1024
TIME: 0.200789
SUM: 6500000
THREADS: 66
COUNT PER THREAD: 100000
SLOOPY VALUE: 1024
TIME: 0.188919
SUM: 6600000
THREADS: 66
COUNT PER THREAD: 100000
SLOOPY VALUE: 1024
TIME: 0.200448
SUM: 6600000
THREADS: 66
COUNT PER THREAD: 100000
SLOOPY VALUE: 1024
TIME: 0.196487
SUM: 6600000
THREADS: 66
COUNT PER THREAD: 100000
SLOOPY VALUE: 1024
TIME: 0.194558
SUM: 6600000
THREADS: 66
COUNT PER THREAD: 100000
SLOOPY VALUE: 1024
TIME: 0.195071
SUM: 6600000
THREADS: 66
COUNT PER THREAD: 100000
SLOOPY VALUE: 1024
TIME: 0.207692
SUM: 6600000
THREADS: 66
COUNT PER THREAD: 100000
SLOOPY VALUE: 1024
TIME: 0.209645
SUM: 6600000
THREADS: 66
COUNT PER THREAD: 100000
SLOOPY VALUE: 1024
TIME: 0.201825
SUM: 6600000
THREADS: 66
COUNT PER THREAD: 100000
SLOOPY VALUE: 1024
TIME: 0.200765
SUM: 6600000
THREADS: 66
COUNT PER THREAD: 100000
SLOOPY VALUE: 1024
TIME: 0.204249
SUM: 6600000
THREADS: 67
COUNT PER THREAD: 100000
SLOOPY VALUE: 1024
TIME: 0.234856
SUM: 6700000
THREADS: 67
COUNT PER THREAD: 100000
SLOOPY VALUE: 1024
TIME: 0.232495
SUM: 6700000
THREADS: 67
COUNT PER THREAD: 100000
SLOOPY VALUE: 1024
TIME: 0.237003
SUM: 6700000
THREADS: 67
COUNT PER THREAD: 100000
SLOOPY VALUE: 1024
TIME: 0.230256
SUM: 6700000
THREADS: 67
COUNT PER THREAD: 100000
SLOOPY VALUE: 1024
TIME: 0.240964
SUM: 6700000
THREADS: 67
COUNT PER THREAD: 100000
SLOOPY VALUE: 1024
TIME: 0.245734
SUM: 6700000
THREADS: 67
COUNT PER THREAD: 100000
SLOOPY VALUE: 1024
TIME: 0.238938
SUM: 6700000
THREADS: 67
COUNT PER THREAD: 100000
SLOOPY VALUE: 1024
TIME: 0.245804
SUM: 6700000
THREADS: 67
COUNT PER THREAD: 100000
SLOOPY VALUE: 1024
TIME: 0.239963
SUM: 6700000
THREADS: 67
COUNT PER THREAD: 100000
SLOOPY VALUE: 1024
TIME: 0.246036
SUM: 6700000
THREADS: 68
COUNT PER THREAD: 100000
SLOOPY VALUE: 1024
TIME: 0.204383
SUM: 6800000
THREADS: 68
COUNT PER THREAD: 100000
SLOOPY VALUE: 1024
TIME: 0.252873
SUM: 6800000
THREADS: 68
COUNT PER THREAD: 100000
SLOOPY VALUE: 1024
TIME: 0.223923
SUM: 6800000
THREADS: 68
COUNT PER THREAD: 100000
SLOOPY VALUE: 1024
TIME: 0.197378
SUM: 6800000
THREADS: 68
COUNT PER THREAD: 100000
SLOOPY VALUE: 1024
TIME: 0.229055
SUM: 6800000
THREADS: 68
COUNT PER THREAD: 100000
SLOOPY VALUE: 1024
TIME: 0.209665
SUM: 6800000
THREADS: 68
COUNT PER THREAD: 100000
SLOOPY VALUE: 1024
TIME: 0.209666
SUM: 6800000
THREADS: 68
COUNT PER THREAD: 100000
SLOOPY VALUE: 1024
TIME: 0.183168
SUM: 6800000
THREADS: 68
COUNT PER THREAD: 100000
SLOOPY VALUE: 1024
TIME: 0.205968
SUM: 6800000
THREADS: 68
COUNT PER THREAD: 100000
SLOOPY VALUE: 1024
TIME: 0.264914
SUM: 6800000
THREADS: 69
COUNT PER THREAD: 100000
SLOOPY VALUE: 1024
TIME: 0.188598
SUM: 6900000
THREADS: 69
COUNT PER THREAD: 100000
SLOOPY VALUE: 1024
TIME: 0.182477
SUM: 6900000
THREADS: 69
COUNT PER THREAD: 100000
SLOOPY VALUE: 1024
TIME: 0.190802
SUM: 6900000
THREADS: 69
COUNT PER THREAD: 100000
SLOOPY VALUE: 1024
TIME: 0.204528
SUM: 6900000
THREADS: 69
COUNT PER THREAD: 100000
SLOOPY VALUE: 1024
TIME: 0.195784
SUM: 6900000
THREADS: 69
COUNT PER THREAD: 100000
SLOOPY VALUE: 1024
TIME: 0.189091
SUM: 6900000
THREADS: 69
COUNT PER THREAD: 100000
SLOOPY VALUE: 1024
TIME: 0.190816
SUM: 6900000
THREADS: 69
COUNT PER THREAD: 100000
SLOOPY VALUE: 1024
TIME: 0.191890
SUM: 6900000
THREADS: 69
COUNT PER THREAD: 100000
SLOOPY VALUE: 1024
TIME: 0.180540
SUM: 6900000
THREADS: 69
COUNT PER THREAD: 100000
SLOOPY VALUE: 1024
TIME: 0.187725
SUM: 6900000
THREADS: 70
COUNT PER THREAD: 100000
SLOOPY VALUE: 1024
TIME: 0.206849
SUM: 7000000
THREADS: 70
COUNT PER THREAD: 100000
SLOOPY VALUE: 1024
TIME: 0.199029
SUM: 7000000
THREADS: 70
COUNT PER THREAD: 100000
SLOOPY VALUE: 1024
TIME: 0.204324
SUM: 7000000
THREADS: 70
COUNT PER THREAD: 100000
SLOOPY VALUE: 1024
TIME: 0.367665
SUM: 7000000
THREADS: 70
COUNT PER THREAD: 100000
SLOOPY VALUE: 1024
TIME: 0.191617
SUM: 7000000
THREADS: 70
COUNT PER THREAD: 100000
SLOOPY VALUE: 1024
TIME: 0.193837
SUM: 7000000
THREADS: 70
COUNT PER THREAD: 100000
SLOOPY VALUE: 1024
TIME: 0.211803
SUM: 7000000
THREADS: 70
COUNT PER THREAD: 100000
SLOOPY VALUE: 1024
TIME: 0.204094
SUM: 7000000
THREADS: 70
COUNT PER THREAD: 100000
SLOOPY VALUE: 1024
TIME: 0.211941
SUM: 7000000
THREADS: 70
COUNT PER THREAD: 100000
SLOOPY VALUE: 1024
TIME: 0.210889
SUM: 7000000
THREADS: 71
COUNT PER THREAD: 100000
SLOOPY VALUE: 1024
TIME: 0.186658
SUM: 7100000
THREADS: 71
COUNT PER THREAD: 100000
SLOOPY VALUE: 1024
TIME: 0.185655
SUM: 7100000
THREADS: 71
COUNT PER THREAD: 100000
SLOOPY VALUE: 1024
TIME: 0.198771
SUM: 7100000
THREADS: 71
COUNT PER THREAD: 100000
SLOOPY VALUE: 1024
TIME: 0.188337
SUM: 7100000
THREADS: 71
COUNT PER THREAD: 100000
SLOOPY VALUE: 1024
TIME: 0.186749
SUM: 7100000
THREADS: 71
COUNT PER THREAD: 100000
SLOOPY VALUE: 1024
TIME: 0.185164
SUM: 7100000
THREADS: 71
COUNT PER THREAD: 100000
SLOOPY VALUE: 1024
TIME: 0.185792
SUM: 7100000
THREADS: 71
COUNT PER THREAD: 100000
SLOOPY VALUE: 1024
TIME: 0.185960
SUM: 7100000
THREADS: 71
COUNT PER THREAD: 100000
SLOOPY VALUE: 1024
TIME: 0.186502
SUM: 7100000
THREADS: 71
COUNT PER THREAD: 100000
SLOOPY VALUE: 1024
TIME: 0.186465
SUM: 7100000
THREADS: 72
COUNT PER THREAD: 100000
SLOOPY VALUE: 1024
TIME: 0.187869
SUM: 7200000
THREADS: 72
COUNT PER THREAD: 100000
SLOOPY VALUE: 1024
TIME: 0.193570
SUM: 7200000
THREADS: 72
COUNT PER THREAD: 100000
SLOOPY VALUE: 1024
TIME: 0.190657
SUM: 7200000
THREADS: 72
COUNT PER THREAD: 100000
SLOOPY VALUE: 1024
TIME: 0.192049
SUM: 7200000
THREADS: 72
COUNT PER THREAD: 100000
SLOOPY VALUE: 1024
TIME: 0.194775
SUM: 7200000
THREADS: 72
COUNT PER THREAD: 100000
SLOOPY VALUE: 1024
TIME: 0.188285
SUM: 7200000
THREADS: 72
COUNT PER THREAD: 100000
SLOOPY VALUE: 1024
TIME: 0.202302
SUM: 7200000
THREADS: 72
COUNT PER THREAD: 100000
SLOOPY VALUE: 1024
TIME: 0.192575
SUM: 7200000
THREADS: 72
COUNT PER THREAD: 100000
SLOOPY VALUE: 1024
TIME: 0.190636
SUM: 7200000
THREADS: 72
COUNT PER THREAD: 100000
SLOOPY VALUE: 1024
TIME: 0.227898
SUM: 7200000
THREADS: 73
COUNT PER THREAD: 100000
SLOOPY VALUE: 1024
TIME: 0.210611
SUM: 7300000
THREADS: 73
COUNT PER THREAD: 100000
SLOOPY VALUE: 1024
TIME: 0.219344
SUM: 7300000
THREADS: 73
COUNT PER THREAD: 100000
SLOOPY VALUE: 1024
TIME: 0.215019
SUM: 7300000
THREADS: 73
COUNT PER THREAD: 100000
SLOOPY VALUE: 1024
TIME: 0.221638
SUM: 7300000
THREADS: 73
COUNT PER THREAD: 100000
SLOOPY VALUE: 1024
TIME: 0.248795
SUM: 7300000
THREADS: 73
COUNT PER THREAD: 100000
SLOOPY VALUE: 1024
TIME: 0.275016
SUM: 7300000
THREADS: 73
COUNT PER THREAD: 100000
SLOOPY VALUE: 1024
TIME: 0.283872
SUM: 7300000
THREADS: 73
COUNT PER THREAD: 100000
SLOOPY VALUE: 1024
TIME: 0.284537
SUM: 7300000
THREADS: 73
COUNT PER THREAD: 100000
SLOOPY VALUE: 1024
TIME: 0.276297
SUM: 7300000
THREADS: 73
COUNT PER THREAD: 100000
SLOOPY VALUE: 1024
TIME: 0.284219
SUM: 7300000
THREADS: 74
COUNT PER THREAD: 100000
SLOOPY VALUE: 1024
TIME: 0.230831
SUM: 7400000
THREADS: 74
COUNT PER THREAD: 100000
SLOOPY VALUE: 1024
TIME: 0.224705
SUM: 7400000
THREADS: 74
COUNT PER THREAD: 100000
SLOOPY VALUE: 1024
TIME: 0.233509
SUM: 7400000
THREADS: 74
COUNT PER THREAD: 100000
SLOOPY VALUE: 1024
TIME: 0.220546
SUM: 7400000
THREADS: 74
COUNT PER THREAD: 100000
SLOOPY VALUE: 1024
TIME: 0.226960
SUM: 7400000
THREADS: 74
COUNT PER THREAD: 100000
SLOOPY VALUE: 1024
TIME: 0.216251
SUM: 7400000
THREADS: 74
COUNT PER THREAD: 100000
SLOOPY VALUE: 1024
TIME: 0.224165
SUM: 7400000
THREADS: 74
COUNT PER THREAD: 100000
SLOOPY VALUE: 1024
TIME: 0.226427
SUM: 7400000
THREADS: 74
COUNT PER THREAD: 100000
SLOOPY VALUE: 1024
TIME: 0.230269
SUM: 7400000
THREADS: 74
COUNT PER THREAD: 100000
SLOOPY VALUE: 1024
TIME: 0.224166
SUM: 7400000
THREADS: 75
COUNT PER THREAD: 100000
SLOOPY VALUE: 1024
TIME: 0.205280
SUM: 7500000
THREADS: 75
COUNT PER THREAD: 100000
SLOOPY VALUE: 1024
TIME: 0.202055
SUM: 7500000
THREADS: 75
COUNT PER THREAD: 100000
SLOOPY VALUE: 1024
TIME: 0.209476
SUM: 7500000
THREADS: 75
COUNT PER THREAD: 100000
SLOOPY VALUE: 1024
TIME: 0.201629
SUM: 7500000
THREADS: 75
COUNT PER THREAD: 100000
SLOOPY VALUE: 1024
TIME: 0.194632
SUM: 7500000
THREADS: 75
COUNT PER THREAD: 100000
SLOOPY VALUE: 1024
TIME: 0.210960
SUM: 7500000
THREADS: 75
COUNT PER THREAD: 100000
SLOOPY VALUE: 1024
TIME: 0.204641
SUM: 7500000
THREADS: 75
COUNT PER THREAD: 100000
SLOOPY VALUE: 1024
TIME: 0.224221
SUM: 7500000
THREADS: 75
COUNT PER THREAD: 100000
SLOOPY VALUE: 1024
TIME: 0.244541
SUM: 7500000
THREADS: 75
COUNT PER THREAD: 100000
SLOOPY VALUE: 1024
TIME: 0.213965
SUM: 7500000
THREADS: 76
COUNT PER THREAD: 100000
SLOOPY VALUE: 1024
TIME: 0.197744
SUM: 7600000
THREADS: 76
COUNT PER THREAD: 100000
SLOOPY VALUE: 1024
TIME: 0.194844
SUM: 7600000
THREADS: 76
COUNT PER THREAD: 100000
SLOOPY VALUE: 1024
TIME: 0.211084
SUM: 7600000
THREADS: 76
COUNT PER THREAD: 100000
SLOOPY VALUE: 1024
TIME: 0.195999
SUM: 7600000
THREADS: 76
COUNT PER THREAD: 100000
SLOOPY VALUE: 1024
TIME: 0.198262
SUM: 7600000
THREADS: 76
COUNT PER THREAD: 100000
SLOOPY VALUE: 1024
TIME: 0.199966
SUM: 7600000
THREADS: 76
COUNT PER THREAD: 100000
SLOOPY VALUE: 1024
TIME: 0.199173
SUM: 7600000
THREADS: 76
COUNT PER THREAD: 100000
SLOOPY VALUE: 1024
TIME: 0.196263
SUM: 7600000
THREADS: 76
COUNT PER THREAD: 100000
SLOOPY VALUE: 1024
TIME: 0.195760
SUM: 7600000
THREADS: 76
COUNT PER THREAD: 100000
SLOOPY VALUE: 1024
TIME: 0.201320
SUM: 7600000
THREADS: 77
COUNT PER THREAD: 100000
SLOOPY VALUE: 1024
TIME: 0.203187
SUM: 7700000
THREADS: 77
COUNT PER THREAD: 100000
SLOOPY VALUE: 1024
TIME: 0.209823
SUM: 7700000
THREADS: 77
COUNT PER THREAD: 100000
SLOOPY VALUE: 1024
TIME: 0.200122
SUM: 7700000
THREADS: 77
COUNT PER THREAD: 100000
SLOOPY VALUE: 1024
TIME: 0.205131
SUM: 7700000
THREADS: 77
COUNT PER THREAD: 100000
SLOOPY VALUE: 1024
TIME: 0.242900
SUM: 7700000
THREADS: 77
COUNT PER THREAD: 100000
SLOOPY VALUE: 1024
TIME: 0.197892
SUM: 7700000
THREADS: 77
COUNT PER THREAD: 100000
SLOOPY VALUE: 1024
TIME: 0.198919
SUM: 7700000
THREADS: 77
COUNT PER THREAD: 100000
SLOOPY VALUE: 1024
TIME: 0.207009
SUM: 7700000
THREADS: 77
COUNT PER THREAD: 100000
SLOOPY VALUE: 1024
TIME: 0.205946
SUM: 7700000
THREADS: 77
COUNT PER THREAD: 100000
SLOOPY VALUE: 1024
TIME: 0.198446
SUM: 7700000
THREADS: 78
COUNT PER THREAD: 100000
SLOOPY VALUE: 1024
TIME: 0.202325
SUM: 7800000
THREADS: 78
COUNT PER THREAD: 100000
SLOOPY VALUE: 1024
TIME: 0.213975
SUM: 7800000
THREADS: 78
COUNT PER THREAD: 100000
SLOOPY VALUE: 1024
TIME: 0.212729
SUM: 7800000
THREADS: 78
COUNT PER THREAD: 100000
SLOOPY VALUE: 1024
TIME: 0.206371
SUM: 7800000
THREADS: 78
COUNT PER THREAD: 100000
SLOOPY VALUE: 1024
TIME: 0.211185
SUM: 7800000
THREADS: 78
COUNT PER THREAD: 100000
SLOOPY VALUE: 1024
TIME: 0.217531
SUM: 7800000
THREADS: 78
COUNT PER THREAD: 100000
SLOOPY VALUE: 1024
TIME: 0.211288
SUM: 7800000
THREADS: 78
COUNT PER THREAD: 100000
SLOOPY VALUE: 1024
TIME: 0.212525
SUM: 7800000
THREADS: 78
COUNT PER THREAD: 100000
SLOOPY VALUE: 1024
TIME: 0.210124
SUM: 7800000
THREADS: 78
COUNT PER THREAD: 100000
SLOOPY VALUE: 1024
TIME: 0.222918
SUM: 7800000
THREADS: 79
COUNT PER THREAD: 100000
SLOOPY VALUE: 1024
TIME: 0.232242
SUM: 7900000
THREADS: 79
COUNT PER THREAD: 100000
SLOOPY VALUE: 1024
TIME: 0.230624
SUM: 7900000
THREADS: 79
COUNT PER THREAD: 100000
SLOOPY VALUE: 1024
TIME: 0.225086
SUM: 7900000
THREADS: 79
COUNT PER THREAD: 100000
SLOOPY VALUE: 1024
TIME: 0.217932
SUM: 7900000
THREADS: 79
COUNT PER THREAD: 100000
SLOOPY VALUE: 1024
TIME: 0.237119
SUM: 7900000
THREADS: 79
COUNT PER THREAD: 100000
SLOOPY VALUE: 1024
TIME: 0.217900
SUM: 7900000
THREADS: 79
COUNT PER THREAD: 100000
SLOOPY VALUE: 1024
TIME: 0.231048
SUM: 7900000
THREADS: 79
COUNT PER THREAD: 100000
SLOOPY VALUE: 1024
TIME: 0.243417
SUM: 7900000
THREADS: 79
COUNT PER THREAD: 100000
SLOOPY VALUE: 1024
TIME: 0.214870
SUM: 7900000
THREADS: 79
COUNT PER THREAD: 100000
SLOOPY VALUE: 1024
TIME: 0.208185
SUM: 7900000
THREADS: 80
COUNT PER THREAD: 100000
SLOOPY VALUE: 1024
TIME: 0.204780
SUM: 8000000
THREADS: 80
COUNT PER THREAD: 100000
SLOOPY VALUE: 1024
TIME: 0.220871
SUM: 8000000
THREADS: 80
COUNT PER THREAD: 100000
SLOOPY VALUE: 1024
TIME: 0.246392
SUM: 8000000
THREADS: 80
COUNT PER THREAD: 100000
SLOOPY VALUE: 1024
TIME: 0.213265
SUM: 8000000
THREADS: 80
COUNT PER THREAD: 100000
SLOOPY VALUE: 1024
TIME: 0.221549
SUM: 8000000
THREADS: 80
COUNT PER THREAD: 100000
SLOOPY VALUE: 1024
TIME: 0.213467
SUM: 8000000
THREADS: 80
COUNT PER THREAD: 100000
SLOOPY VALUE: 1024
TIME: 0.220081
SUM: 8000000
THREADS: 80
COUNT PER THREAD: 100000
SLOOPY VALUE: 1024
TIME: 0.220698
SUM: 8000000
THREADS: 80
COUNT PER THREAD: 100000
SLOOPY VALUE: 1024
TIME: 0.211430
SUM: 8000000
THREADS: 80
COUNT PER THREAD: 100000
SLOOPY VALUE: 1024
TIME: 0.217423
SUM: 8000000
THREADS: 81
COUNT PER THREAD: 100000
SLOOPY VALUE: 1024
TIME: 0.251935
SUM: 8100000
THREADS: 81
COUNT PER THREAD: 100000
SLOOPY VALUE: 1024
TIME: 0.246001
SUM: 8100000
THREADS: 81
COUNT PER THREAD: 100000
SLOOPY VALUE: 1024
TIME: 0.229975
SUM: 8100000
THREADS: 81
COUNT PER THREAD: 100000
SLOOPY VALUE: 1024
TIME: 0.237606
SUM: 8100000
THREADS: 81
COUNT PER THREAD: 100000
SLOOPY VALUE: 1024
TIME: 0.244735
SUM: 8100000
THREADS: 81
COUNT PER THREAD: 100000
SLOOPY VALUE: 1024
TIME: 0.218639
SUM: 8100000
THREADS: 81
COUNT PER THREAD: 100000
SLOOPY VALUE: 1024
TIME: 0.222267
SUM: 8100000
THREADS: 81
COUNT PER THREAD: 100000
SLOOPY VALUE: 1024
TIME: 0.220129
SUM: 8100000
THREADS: 81
COUNT PER THREAD: 100000
SLOOPY VALUE: 1024
TIME: 0.212850
SUM: 8100000
THREADS: 81
COUNT PER THREAD: 100000
SLOOPY VALUE: 1024
TIME: 0.216490
SUM: 8100000
THREADS: 82
COUNT PER THREAD: 100000
SLOOPY VALUE: 1024
TIME: 0.232714
SUM: 8200000
THREADS: 82
COUNT PER THREAD: 100000
SLOOPY VALUE: 1024
TIME: 0.224602
SUM: 8200000
THREADS: 82
COUNT PER THREAD: 100000
SLOOPY VALUE: 1024
TIME: 0.222481
SUM: 8200000
THREADS: 82
COUNT PER THREAD: 100000
SLOOPY VALUE: 1024
TIME: 0.227763
SUM: 8200000
THREADS: 82
COUNT PER THREAD: 100000
SLOOPY VALUE: 1024
TIME: 0.231232
SUM: 8200000
THREADS: 82
COUNT PER THREAD: 100000
SLOOPY VALUE: 1024
TIME: 0.238714
SUM: 8200000
THREADS: 82
COUNT PER THREAD: 100000
SLOOPY VALUE: 1024
TIME: 0.213518
SUM: 8200000
THREADS: 82
COUNT PER THREAD: 100000
SLOOPY VALUE: 1024
TIME: 0.214518
SUM: 8200000
THREADS: 82
COUNT PER THREAD: 100000
SLOOPY VALUE: 1024
TIME: 0.240988
SUM: 8200000
THREADS: 82
COUNT PER THREAD: 100000
SLOOPY VALUE: 1024
TIME: 0.225512
SUM: 8200000
THREADS: 83
COUNT PER THREAD: 100000
SLOOPY VALUE: 1024
TIME: 0.231435
SUM: 8300000
THREADS: 83
COUNT PER THREAD: 100000
SLOOPY VALUE: 1024
TIME: 0.242950
SUM: 8300000
THREADS: 83
COUNT PER THREAD: 100000
SLOOPY VALUE: 1024
TIME: 0.251432
SUM: 8300000
THREADS: 83
COUNT PER THREAD: 100000
SLOOPY VALUE: 1024
TIME: 0.244992
SUM: 8300000
THREADS: 83
COUNT PER THREAD: 100000
SLOOPY VALUE: 1024
TIME: 0.243852
SUM: 8300000
THREADS: 83
COUNT PER THREAD: 100000
SLOOPY VALUE: 1024
TIME: 0.248054
SUM: 8300000
THREADS: 83
COUNT PER THREAD: 100000
SLOOPY VALUE: 1024
TIME: 0.259927
SUM: 8300000
THREADS: 83
COUNT PER THREAD: 100000
SLOOPY VALUE: 1024
TIME: 0.241164
SUM: 8300000
THREADS: 83
COUNT PER THREAD: 100000
SLOOPY VALUE: 1024
TIME: 0.264534
SUM: 8300000
THREADS: 83
COUNT PER THREAD: 100000
SLOOPY VALUE: 1024
TIME: 0.246062
SUM: 8300000
THREADS: 84
COUNT PER THREAD: 100000
SLOOPY VALUE: 1024
TIME: 0.240296
SUM: 8400000
THREADS: 84
COUNT PER THREAD: 100000
SLOOPY VALUE: 1024
TIME: 0.258608
SUM: 8400000
THREADS: 84
COUNT PER THREAD: 100000
SLOOPY VALUE: 1024
TIME: 0.259439
SUM: 8400000
THREADS: 84
COUNT PER THREAD: 100000
SLOOPY VALUE: 1024
TIME: 0.237116
SUM: 8400000
THREADS: 84
COUNT PER THREAD: 100000
SLOOPY VALUE: 1024
TIME: 0.216588
SUM: 8400000
THREADS: 84
COUNT PER THREAD: 100000
SLOOPY VALUE: 1024
TIME: 0.222872
SUM: 8400000
THREADS: 84
COUNT PER THREAD: 100000
SLOOPY VALUE: 1024
TIME: 0.259835
SUM: 8400000
THREADS: 84
COUNT PER THREAD: 100000
SLOOPY VALUE: 1024
TIME: 0.225286
SUM: 8400000
THREADS: 84
COUNT PER THREAD: 100000
SLOOPY VALUE: 1024
TIME: 0.244636
SUM: 8400000
THREADS: 84
COUNT PER THREAD: 100000
SLOOPY VALUE: 1024
TIME: 0.217466
SUM: 8400000
THREADS: 85
COUNT PER THREAD: 100000
SLOOPY VALUE: 1024
TIME: 0.239467
SUM: 8500000
THREADS: 85
COUNT PER THREAD: 100000
SLOOPY VALUE: 1024
TIME: 0.226418
SUM: 8500000
THREADS: 85
COUNT PER THREAD: 100000
SLOOPY VALUE: 1024
TIME: 0.240723
SUM: 8500000
THREADS: 85
COUNT PER THREAD: 100000
SLOOPY VALUE: 1024
TIME: 0.230433
SUM: 8500000
THREADS: 85
COUNT PER THREAD: 100000
SLOOPY VALUE: 1024
TIME: 0.225145
SUM: 8500000
THREADS: 85
COUNT PER THREAD: 100000
SLOOPY VALUE: 1024
TIME: 0.231512
SUM: 8500000
THREADS: 85
COUNT PER THREAD: 100000
SLOOPY VALUE: 1024
TIME: 0.235489
SUM: 8500000
THREADS: 85
COUNT PER THREAD: 100000
SLOOPY VALUE: 1024
TIME: 0.232819
SUM: 8500000
THREADS: 85
COUNT PER THREAD: 100000
SLOOPY VALUE: 1024
TIME: 0.234680
SUM: 8500000
THREADS: 85
COUNT PER THREAD: 100000
SLOOPY VALUE: 1024
TIME: 0.236989
SUM: 8500000
THREADS: 86
COUNT PER THREAD: 100000
SLOOPY VALUE: 1024
TIME: 0.227409
SUM: 8600000
THREADS: 86
COUNT PER THREAD: 100000
SLOOPY VALUE: 1024
TIME: 0.373650
SUM: 8600000
THREADS: 86
COUNT PER THREAD: 100000
SLOOPY VALUE: 1024
TIME: 0.319738
SUM: 8600000
THREADS: 86
COUNT PER THREAD: 100000
SLOOPY VALUE: 1024
TIME: 0.269964
SUM: 8600000
THREADS: 86
COUNT PER THREAD: 100000
SLOOPY VALUE: 1024
TIME: 0.235574
SUM: 8600000
THREADS: 86
COUNT PER THREAD: 100000
SLOOPY VALUE: 1024
TIME: 0.250180
SUM: 8600000
THREADS: 86
COUNT PER THREAD: 100000
SLOOPY VALUE: 1024
TIME: 0.253874
SUM: 8600000
THREADS: 86
COUNT PER THREAD: 100000
SLOOPY VALUE: 1024
TIME: 0.241491
SUM: 8600000
THREADS: 86
COUNT PER THREAD: 100000
SLOOPY VALUE: 1024
TIME: 0.248653
SUM: 8600000
THREADS: 86
COUNT PER THREAD: 100000
SLOOPY VALUE: 1024
TIME: 0.245756
SUM: 8600000
THREADS: 87
COUNT PER THREAD: 100000
SLOOPY VALUE: 1024
TIME: 0.226777
SUM: 8700000
THREADS: 87
COUNT PER THREAD: 100000
SLOOPY VALUE: 1024
TIME: 0.232772
SUM: 8700000
THREADS: 87
COUNT PER THREAD: 100000
SLOOPY VALUE: 1024
TIME: 0.224813
SUM: 8700000
THREADS: 87
COUNT PER THREAD: 100000
SLOOPY VALUE: 1024
TIME: 0.220710
SUM: 8700000
THREADS: 87
COUNT PER THREAD: 100000
SLOOPY VALUE: 1024
TIME: 0.222445
SUM: 8700000
THREADS: 87
COUNT PER THREAD: 100000
SLOOPY VALUE: 1024
TIME: 0.224210
SUM: 8700000
THREADS: 87
COUNT PER THREAD: 100000
SLOOPY VALUE: 1024
TIME: 0.229336
SUM: 8700000
THREADS: 87
COUNT PER THREAD: 100000
SLOOPY VALUE: 1024
TIME: 0.222171
SUM: 8700000
THREADS: 87
COUNT PER THREAD: 100000
SLOOPY VALUE: 1024
TIME: 0.219240
SUM: 8700000
THREADS: 87
COUNT PER THREAD: 100000
SLOOPY VALUE: 1024
TIME: 0.233791
SUM: 8700000
THREADS: 88
COUNT PER THREAD: 100000
SLOOPY VALUE: 1024
TIME: 0.234701
SUM: 8800000
THREADS: 88
COUNT PER THREAD: 100000
SLOOPY VALUE: 1024
TIME: 0.227507
SUM: 8800000
THREADS: 88
COUNT PER THREAD: 100000
SLOOPY VALUE: 1024
TIME: 0.231387
SUM: 8800000
THREADS: 88
COUNT PER THREAD: 100000
SLOOPY VALUE: 1024
TIME: 0.224102
SUM: 8800000
THREADS: 88
COUNT PER THREAD: 100000
SLOOPY VALUE: 1024
TIME: 0.224578
SUM: 8800000
THREADS: 88
COUNT PER THREAD: 100000
SLOOPY VALUE: 1024
TIME: 0.225402
SUM: 8800000
THREADS: 88
COUNT PER THREAD: 100000
SLOOPY VALUE: 1024
TIME: 0.224048
SUM: 8800000
THREADS: 88
COUNT PER THREAD: 100000
SLOOPY VALUE: 1024
TIME: 0.224124
SUM: 8800000
THREADS: 88
COUNT PER THREAD: 100000
SLOOPY VALUE: 1024
TIME: 0.227937
SUM: 8800000
THREADS: 88
COUNT PER THREAD: 100000
SLOOPY VALUE: 1024
TIME: 0.224999
SUM: 8800000
THREADS: 89
COUNT PER THREAD: 100000
SLOOPY VALUE: 1024
TIME: 0.241580
SUM: 8900000
THREADS: 89
COUNT PER THREAD: 100000
SLOOPY VALUE: 1024
TIME: 0.232838
SUM: 8900000
THREADS: 89
COUNT PER THREAD: 100000
SLOOPY VALUE: 1024
TIME: 0.229031
SUM: 8900000
THREADS: 89
COUNT PER THREAD: 100000
SLOOPY VALUE: 1024
TIME: 0.227035
SUM: 8900000
THREADS: 89
COUNT PER THREAD: 100000
SLOOPY VALUE: 1024
TIME: 0.229324
SUM: 8900000
THREADS: 89
COUNT PER THREAD: 100000
SLOOPY VALUE: 1024
TIME: 0.236353
SUM: 8900000
THREADS: 89
COUNT PER THREAD: 100000
SLOOPY VALUE: 1024
TIME: 0.229748
SUM: 8900000
THREADS: 89
COUNT PER THREAD: 100000
SLOOPY VALUE: 1024
TIME: 0.227727
SUM: 8900000
THREADS: 89
COUNT PER THREAD: 100000
SLOOPY VALUE: 1024
TIME: 0.237691
SUM: 8900000
THREADS: 89
COUNT PER THREAD: 100000
SLOOPY VALUE: 1024
TIME: 0.233092
SUM: 8900000
THREADS: 90
COUNT PER THREAD: 100000
SLOOPY VALUE: 1024
TIME: 0.236103
SUM: 9000000
THREADS: 90
COUNT PER THREAD: 100000
SLOOPY VALUE: 1024
TIME: 0.229116
SUM: 9000000
THREADS: 90
COUNT PER THREAD: 100000
SLOOPY VALUE: 1024
TIME: 0.231671
SUM: 9000000
THREADS: 90
COUNT PER THREAD: 100000
SLOOPY VALUE: 1024
TIME: 0.245599
SUM: 9000000
THREADS: 90
COUNT PER THREAD: 100000
SLOOPY VALUE: 1024
TIME: 0.233435
SUM: 9000000
THREADS: 90
COUNT PER THREAD: 100000
SLOOPY VALUE: 1024
TIME: 0.232487
SUM: 9000000
THREADS: 90
COUNT PER THREAD: 100000
SLOOPY VALUE: 1024
TIME: 0.230992
SUM: 9000000
THREADS: 90
COUNT PER THREAD: 100000
SLOOPY VALUE: 1024
TIME: 0.234341
SUM: 9000000
THREADS: 90
COUNT PER THREAD: 100000
SLOOPY VALUE: 1024
TIME: 0.230843
SUM: 9000000
THREADS: 90
COUNT PER THREAD: 100000
SLOOPY VALUE: 1024
TIME: 0.230603
SUM: 9000000
THREADS: 91
COUNT PER THREAD: 100000
SLOOPY VALUE: 1024
TIME: 0.235575
SUM: 9100000
THREADS: 91
COUNT PER THREAD: 100000
SLOOPY VALUE: 1024
TIME: 0.236540
SUM: 9100000
THREADS: 91
COUNT PER THREAD: 100000
SLOOPY VALUE: 1024
TIME: 0.233167
SUM: 9100000
THREADS: 91
COUNT PER THREAD: 100000
SLOOPY VALUE: 1024
TIME: 0.231678
SUM: 9100000
THREADS: 91
COUNT PER THREAD: 100000
SLOOPY VALUE: 1024
TIME: 0.229892
SUM: 9100000
THREADS: 91
COUNT PER THREAD: 100000
SLOOPY VALUE: 1024
TIME: 0.238697
SUM: 9100000
THREADS: 91
COUNT PER THREAD: 100000
SLOOPY VALUE: 1024
TIME: 0.241730
SUM: 9100000
THREADS: 91
COUNT PER THREAD: 100000
SLOOPY VALUE: 1024
TIME: 0.234324
SUM: 9100000
THREADS: 91
COUNT PER THREAD: 100000
SLOOPY VALUE: 1024
TIME: 0.230167
SUM: 9100000
THREADS: 91
COUNT PER THREAD: 100000
SLOOPY VALUE: 1024
TIME: 0.229474
SUM: 9100000
THREADS: 92
COUNT PER THREAD: 100000
SLOOPY VALUE: 1024
TIME: 0.239070
SUM: 9200000
THREADS: 92
COUNT PER THREAD: 100000
SLOOPY VALUE: 1024
TIME: 0.237703
SUM: 9200000
THREADS: 92
COUNT PER THREAD: 100000
SLOOPY VALUE: 1024
TIME: 0.239480
SUM: 9200000
THREADS: 92
COUNT PER THREAD: 100000
SLOOPY VALUE: 1024
TIME: 0.234166
SUM: 9200000
THREADS: 92
COUNT PER THREAD: 100000
SLOOPY VALUE: 1024
TIME: 0.245027
SUM: 9200000
THREADS: 92
COUNT PER THREAD: 100000
SLOOPY VALUE: 1024
TIME: 0.233181
SUM: 9200000
THREADS: 92
COUNT PER THREAD: 100000
SLOOPY VALUE: 1024
TIME: 0.242150
SUM: 9200000
THREADS: 92
COUNT PER THREAD: 100000
SLOOPY VALUE: 1024
TIME: 0.240206
SUM: 9200000
THREADS: 92
COUNT PER THREAD: 100000
SLOOPY VALUE: 1024
TIME: 0.233067
SUM: 9200000
THREADS: 92
COUNT PER THREAD: 100000
SLOOPY VALUE: 1024
TIME: 0.243166
SUM: 9200000
THREADS: 93
COUNT PER THREAD: 100000
SLOOPY VALUE: 1024
TIME: 0.244857
SUM: 9300000
THREADS: 93
COUNT PER THREAD: 100000
SLOOPY VALUE: 1024
TIME: 0.292268
SUM: 9300000
THREADS: 93
COUNT PER THREAD: 100000
SLOOPY VALUE: 1024
TIME: 0.258160
SUM: 9300000
THREADS: 93
COUNT PER THREAD: 100000
SLOOPY VALUE: 1024
TIME: 0.263213
SUM: 9300000
THREADS: 93
COUNT PER THREAD: 100000
SLOOPY VALUE: 1024
TIME: 0.252275
SUM: 9300000
THREADS: 93
COUNT PER THREAD: 100000
SLOOPY VALUE: 1024
TIME: 0.248103
SUM: 9300000
THREADS: 93
COUNT PER THREAD: 100000
SLOOPY VALUE: 1024
TIME: 0.247884
SUM: 9300000
THREADS: 93
COUNT PER THREAD: 100000
SLOOPY VALUE: 1024
TIME: 0.246940
SUM: 9300000
THREADS: 93
COUNT PER THREAD: 100000
SLOOPY VALUE: 1024
TIME: 0.236952
SUM: 9300000
THREADS: 93
COUNT PER THREAD: 100000
SLOOPY VALUE: 1024
TIME: 0.244488
SUM: 9300000
THREADS: 94
COUNT PER THREAD: 100000
SLOOPY VALUE: 1024
TIME: 0.249772
SUM: 9400000
THREADS: 94
COUNT PER THREAD: 100000
SLOOPY VALUE: 1024
TIME: 0.241462
SUM: 9400000
THREADS: 94
COUNT PER THREAD: 100000
SLOOPY VALUE: 1024
TIME: 0.239653
SUM: 9400000
THREADS: 94
COUNT PER THREAD: 100000
SLOOPY VALUE: 1024
TIME: 0.244568
SUM: 9400000
THREADS: 94
COUNT PER THREAD: 100000
SLOOPY VALUE: 1024
TIME: 0.249755
SUM: 9400000
THREADS: 94
COUNT PER THREAD: 100000
SLOOPY VALUE: 1024
TIME: 0.242997
SUM: 9400000
THREADS: 94
COUNT PER THREAD: 100000
SLOOPY VALUE: 1024
TIME: 0.241588
SUM: 9400000
THREADS: 94
COUNT PER THREAD: 100000
SLOOPY VALUE: 1024
TIME: 0.243662
SUM: 9400000
THREADS: 94
COUNT PER THREAD: 100000
SLOOPY VALUE: 1024
TIME: 0.243174
SUM: 9400000
THREADS: 94
COUNT PER THREAD: 100000
SLOOPY VALUE: 1024
TIME: 0.244101
SUM: 9400000
THREADS: 95
COUNT PER THREAD: 100000
SLOOPY VALUE: 1024
TIME: 0.268380
SUM: 9500000
THREADS: 95
COUNT PER THREAD: 100000
SLOOPY VALUE: 1024
TIME: 0.253347
SUM: 9500000
THREADS: 95
COUNT PER THREAD: 100000
SLOOPY VALUE: 1024
TIME: 0.287968
SUM: 9500000
THREADS: 95
COUNT PER THREAD: 100000
SLOOPY VALUE: 1024
TIME: 0.346829
SUM: 9500000
THREADS: 95
COUNT PER THREAD: 100000
SLOOPY VALUE: 1024
TIME: 0.277010
SUM: 9500000
THREADS: 95
COUNT PER THREAD: 100000
SLOOPY VALUE: 1024
TIME: 0.298117
SUM: 9500000
THREADS: 95
COUNT PER THREAD: 100000
SLOOPY VALUE: 1024
TIME: 0.289434
SUM: 9500000
THREADS: 95
COUNT PER THREAD: 100000
SLOOPY VALUE: 1024
TIME: 0.283859
SUM: 9500000
THREADS: 95
COUNT PER THREAD: 100000
SLOOPY VALUE: 1024
TIME: 0.274710
SUM: 9500000
THREADS: 95
COUNT PER THREAD: 100000
SLOOPY VALUE: 1024
TIME: 0.281705
SUM: 9500000
THREADS: 96
COUNT PER THREAD: 100000
SLOOPY VALUE: 1024
TIME: 0.280202
SUM: 9600000
THREADS: 96
COUNT PER THREAD: 100000
SLOOPY VALUE: 1024
TIME: 0.265034
SUM: 9600000
THREADS: 96
COUNT PER THREAD: 100000
SLOOPY VALUE: 1024
TIME: 0.278847
SUM: 9600000
THREADS: 96
COUNT PER THREAD: 100000
SLOOPY VALUE: 1024
TIME: 0.280856
SUM: 9600000
THREADS: 96
COUNT PER THREAD: 100000
SLOOPY VALUE: 1024
TIME: 0.272311
SUM: 9600000
THREADS: 96
COUNT PER THREAD: 100000
SLOOPY VALUE: 1024
TIME: 0.273897
SUM: 9600000
THREADS: 96
COUNT PER THREAD: 100000
SLOOPY VALUE: 1024
TIME: 0.287076
SUM: 9600000
THREADS: 96
COUNT PER THREAD: 100000
SLOOPY VALUE: 1024
TIME: 0.276824
SUM: 9600000
THREADS: 96
COUNT PER THREAD: 100000
SLOOPY VALUE: 1024
TIME: 0.271953
SUM: 9600000
THREADS: 96
COUNT PER THREAD: 100000
SLOOPY VALUE: 1024
TIME: 0.261680
SUM: 9600000
THREADS: 97
COUNT PER THREAD: 100000
SLOOPY VALUE: 1024
TIME: 0.261861
SUM: 9700000
THREADS: 97
COUNT PER THREAD: 100000
SLOOPY VALUE: 1024
TIME: 0.261854
SUM: 9700000
THREADS: 97
COUNT PER THREAD: 100000
SLOOPY VALUE: 1024
TIME: 0.275044
SUM: 9700000
THREADS: 97
COUNT PER THREAD: 100000
SLOOPY VALUE: 1024
TIME: 0.249236
SUM: 9700000
THREADS: 97
COUNT PER THREAD: 100000
SLOOPY VALUE: 1024
TIME: 0.267135
SUM: 9700000
THREADS: 97
COUNT PER THREAD: 100000
SLOOPY VALUE: 1024
TIME: 0.274865
SUM: 9700000
THREADS: 97
COUNT PER THREAD: 100000
SLOOPY VALUE: 1024
TIME: 0.261443
SUM: 9700000
THREADS: 97
COUNT PER THREAD: 100000
SLOOPY VALUE: 1024
TIME: 0.268332
SUM: 9700000
THREADS: 97
COUNT PER THREAD: 100000
SLOOPY VALUE: 1024
TIME: 0.276278
SUM: 9700000
THREADS: 97
COUNT PER THREAD: 100000
SLOOPY VALUE: 1024
TIME: 0.255087
SUM: 9700000
THREADS: 98
COUNT PER THREAD: 100000
SLOOPY VALUE: 1024
TIME: 0.288711
SUM: 9800000
THREADS: 98
COUNT PER THREAD: 100000
SLOOPY VALUE: 1024
TIME: 0.305736
SUM: 9800000
THREADS: 98
COUNT PER THREAD: 100000
SLOOPY VALUE: 1024
TIME: 0.276534
SUM: 9800000
THREADS: 98
COUNT PER THREAD: 100000
SLOOPY VALUE: 1024
TIME: 0.302765
SUM: 9800000
THREADS: 98
COUNT PER THREAD: 100000
SLOOPY VALUE: 1024
TIME: 0.264668
SUM: 9800000
THREADS: 98
COUNT PER THREAD: 100000
SLOOPY VALUE: 1024
TIME: 0.301397
SUM: 9800000
THREADS: 98
COUNT PER THREAD: 100000
SLOOPY VALUE: 1024
TIME: 0.288153
SUM: 9800000
THREADS: 98
COUNT PER THREAD: 100000
SLOOPY VALUE: 1024
TIME: 0.301619
SUM: 9800000
THREADS: 98
COUNT PER THREAD: 100000
SLOOPY VALUE: 1024
TIME: 0.303089
SUM: 9800000
THREADS: 98
COUNT PER THREAD: 100000
SLOOPY VALUE: 1024
TIME: 0.280312
SUM: 9800000
THREADS: 99
COUNT PER THREAD: 100000
SLOOPY VALUE: 1024
TIME: 0.267682
SUM: 9900000
THREADS: 99
COUNT PER THREAD: 100000
SLOOPY VALUE: 1024
TIME: 0.267246
SUM: 9900000
THREADS: 99
COUNT PER THREAD: 100000
SLOOPY VALUE: 1024
TIME: 0.297015
SUM: 9900000
THREADS: 99
COUNT PER THREAD: 100000
SLOOPY VALUE: 1024
TIME: 0.303424
SUM: 9900000
THREADS: 99
COUNT PER THREAD: 100000
SLOOPY VALUE: 1024
TIME: 0.277803
SUM: 9900000
THREADS: 99
COUNT PER THREAD: 100000
SLOOPY VALUE: 1024
TIME: 0.265392
SUM: 9900000
THREADS: 99
COUNT PER THREAD: 100000
SLOOPY VALUE: 1024
TIME: 0.259491
SUM: 9900000
THREADS: 99
COUNT PER THREAD: 100000
SLOOPY VALUE: 1024
TIME: 0.272064
SUM: 9900000
THREADS: 99
COUNT PER THREAD: 100000
SLOOPY VALUE: 1024
TIME: 0.256156
SUM: 9900000
THREADS: 99
COUNT PER THREAD: 100000
SLOOPY VALUE: 1024
TIME: 0.265879
SUM: 9900000
THREADS: 100
COUNT PER THREAD: 100000
SLOOPY VALUE: 1024
TIME: 0.299002
SUM: 10000000
THREADS: 100
COUNT PER THREAD: 100000
SLOOPY VALUE: 1024
TIME: 0.304157
SUM: 10000000
THREADS: 100
COUNT PER THREAD: 100000
SLOOPY VALUE: 1024
TIME: 0.279596
SUM: 10000000
THREADS: 100
COUNT PER THREAD: 100000
SLOOPY VALUE: 1024
TIME: 0.263135
SUM: 10000000
THREADS: 100
COUNT PER THREAD: 100000
SLOOPY VALUE: 1024
TIME: 0.274739
SUM: 10000000
THREADS: 100
COUNT PER THREAD: 100000
SLOOPY VALUE: 1024
TIME: 0.293607
SUM: 10000000
THREADS: 100
COUNT PER THREAD: 100000
SLOOPY VALUE: 1024
TIME: 0.271813
SUM: 10000000
THREADS: 100
COUNT PER THREAD: 100000
SLOOPY VALUE: 1024
TIME: 0.300136
SUM: 10000000
THREADS: 100
COUNT PER THREAD: 100000
SLOOPY VALUE: 1024
TIME: 0.300746
SUM: 10000000
THREADS: 100
COUNT PER THREAD: 100000
SLOOPY VALUE: 1024
TIME: 0.308927
SUM: 10000000
