THREADS: 1
COUNT PER THREAD: 100000
SLOOPY VALUE: 256
TIME: 0.002613
SUM: 100000
THREADS: 1
COUNT PER THREAD: 100000
SLOOPY VALUE: 256
TIME: 0.002316
SUM: 100000
THREADS: 1
COUNT PER THREAD: 100000
SLOOPY VALUE: 256
TIME: 0.002473
SUM: 100000
THREADS: 1
COUNT PER THREAD: 100000
SLOOPY VALUE: 256
TIME: 0.002335
SUM: 100000
THREADS: 1
COUNT PER THREAD: 100000
SLOOPY VALUE: 256
TIME: 0.002330
SUM: 100000
THREADS: 1
COUNT PER THREAD: 100000
SLOOPY VALUE: 256
TIME: 0.002328
SUM: 100000
THREADS: 1
COUNT PER THREAD: 100000
SLOOPY VALUE: 256
TIME: 0.002314
SUM: 100000
THREADS: 1
COUNT PER THREAD: 100000
SLOOPY VALUE: 256
TIME: 0.002634
SUM: 100000
THREADS: 1
COUNT PER THREAD: 100000
SLOOPY VALUE: 256
TIME: 0.002684
SUM: 100000
THREADS: 1
COUNT PER THREAD: 100000
SLOOPY VALUE: 256
TIME: 0.002915
SUM: 100000
THREADS: 2
COUNT PER THREAD: 100000
SLOOPY VALUE: 256
TIME: 0.004834
SUM: 200000
THREADS: 2
COUNT PER THREAD: 100000
SLOOPY VALUE: 256
TIME: 0.019452
SUM: 200000
THREADS: 2
COUNT PER THREAD: 100000
SLOOPY VALUE: 256
TIME: 0.007908
SUM: 200000
THREADS: 2
COUNT PER THREAD: 100000
SLOOPY VALUE: 256
TIME: 0.006060
SUM: 200000
THREADS: 2
COUNT PER THREAD: 100000
SLOOPY VALUE: 256
TIME: 0.005142
SUM: 200000
THREADS: 2
COUNT PER THREAD: 100000
SLOOPY VALUE: 256
TIME: 0.005054
SUM: 200000
THREADS: 2
COUNT PER THREAD: 100000
SLOOPY VALUE: 256
TIME: 0.005023
SUM: 200000
THREADS: 2
COUNT PER THREAD: 100000
SLOOPY VALUE: 256
TIME: 0.004869
SUM: 200000
THREADS: 2
COUNT PER THREAD: 100000
SLOOPY VALUE: 256
TIME: 0.004763
SUM: 200000
THREADS: 2
COUNT PER THREAD: 100000
SLOOPY VALUE: 256
TIME: 0.004959
SUM: 200000
THREADS: 3
COUNT PER THREAD: 100000
SLOOPY VALUE: 256
TIME: 0.006994
SUM: 300000
THREADS: 3
COUNT PER THREAD: 100000
SLOOPY VALUE: 256
TIME: 0.006959
SUM: 300000
THREADS: 3
COUNT PER THREAD: 100000
SLOOPY VALUE: 256
TIME: 0.006979
SUM: 300000
THREADS: 3
COUNT PER THREAD: 100000
SLOOPY VALUE: 256
TIME: 0.007001
SUM: 300000
THREADS: 3
COUNT PER THREAD: 100000
SLOOPY VALUE: 256
TIME: 0.006924
SUM: 300000
THREADS: 3
COUNT PER THREAD: 100000
SLOOPY VALUE: 256
TIME: 0.006953
SUM: 300000
THREADS: 3
COUNT PER THREAD: 100000
SLOOPY VALUE: 256
TIME: 0.006975
SUM: 300000
THREADS: 3
COUNT PER THREAD: 100000
SLOOPY VALUE: 256
TIME: 0.007115
SUM: 300000
THREADS: 3
COUNT PER THREAD: 100000
SLOOPY VALUE: 256
TIME: 0.006921
SUM: 300000
THREADS: 3
COUNT PER THREAD: 100000
SLOOPY VALUE: 256
TIME: 0.007026
SUM: 300000
THREADS: 4
COUNT PER THREAD: 100000
SLOOPY VALUE: 256
TIME: 0.009241
SUM: 400000
THREADS: 4
COUNT PER THREAD: 100000
SLOOPY VALUE: 256
TIME: 0.019534
SUM: 400000
THREADS: 4
COUNT PER THREAD: 100000
SLOOPY VALUE: 256
TIME: 0.013853
SUM: 400000
THREADS: 4
COUNT PER THREAD: 100000
SLOOPY VALUE: 256
TIME: 0.009243
SUM: 400000
THREADS: 4
COUNT PER THREAD: 100000
SLOOPY VALUE: 256
TIME: 0.009352
SUM: 400000
THREADS: 4
COUNT PER THREAD: 100000
SLOOPY VALUE: 256
TIME: 0.009206
SUM: 400000
THREADS: 4
COUNT PER THREAD: 100000
SLOOPY VALUE: 256
TIME: 0.009232
SUM: 400000
THREADS: 4
COUNT PER THREAD: 100000
SLOOPY VALUE: 256
TIME: 0.009427
SUM: 400000
THREADS: 4
COUNT PER THREAD: 100000
SLOOPY VALUE: 256
TIME: 0.009265
SUM: 400000
THREADS: 4
COUNT PER THREAD: 100000
SLOOPY VALUE: 256
TIME: 0.009212
SUM: 400000
THREADS: 5
COUNT PER THREAD: 100000
SLOOPY VALUE: 256
TIME: 0.027550
SUM: 500000
THREADS: 5
COUNT PER THREAD: 100000
SLOOPY VALUE: 256
TIME: 0.021470
SUM: 500000
THREADS: 5
COUNT PER THREAD: 100000
SLOOPY VALUE: 256
TIME: 0.015494
SUM: 500000
THREADS: 5
COUNT PER THREAD: 100000
SLOOPY VALUE: 256
TIME: 0.012460
SUM: 500000
THREADS: 5
COUNT PER THREAD: 100000
SLOOPY VALUE: 256
TIME: 0.012166
SUM: 500000
THREADS: 5
COUNT PER THREAD: 100000
SLOOPY VALUE: 256
TIME: 0.012116
SUM: 500000
THREADS: 5
COUNT PER THREAD: 100000
SLOOPY VALUE: 256
TIME: 0.012197
SUM: 500000
THREADS: 5
COUNT PER THREAD: 100000
SLOOPY VALUE: 256
TIME: 0.022642
SUM: 500000
THREADS: 5
COUNT PER THREAD: 100000
SLOOPY VALUE: 256
TIME: 0.018645
SUM: 500000
THREADS: 5
COUNT PER THREAD: 100000
SLOOPY VALUE: 256
TIME: 0.015849
SUM: 500000
THREADS: 6
COUNT PER THREAD: 100000
SLOOPY VALUE: 256
TIME: 0.014047
SUM: 600000
THREADS: 6
COUNT PER THREAD: 100000
SLOOPY VALUE: 256
TIME: 0.013947
SUM: 600000
THREADS: 6
COUNT PER THREAD: 100000
SLOOPY VALUE: 256
TIME: 0.032161
SUM: 600000
THREADS: 6
COUNT PER THREAD: 100000
SLOOPY VALUE: 256
TIME: 0.022150
SUM: 600000
THREADS: 6
COUNT PER THREAD: 100000
SLOOPY VALUE: 256
TIME: 0.016361
SUM: 600000
THREADS: 6
COUNT PER THREAD: 100000
SLOOPY VALUE: 256
TIME: 0.016697
SUM: 600000
THREADS: 6
COUNT PER THREAD: 100000
SLOOPY VALUE: 256
TIME: 0.016347
SUM: 600000
THREADS: 6
COUNT PER THREAD: 100000
SLOOPY VALUE: 256
TIME: 0.016522
SUM: 600000
THREADS: 6
COUNT PER THREAD: 100000
SLOOPY VALUE: 256
TIME: 0.035788
SUM: 600000
THREADS: 6
COUNT PER THREAD: 100000
SLOOPY VALUE: 256
TIME: 0.016544
SUM: 600000
THREADS: 7
COUNT PER THREAD: 100000
SLOOPY VALUE: 256
TIME: 0.021604
SUM: 700000
THREADS: 7
COUNT PER THREAD: 100000
SLOOPY VALUE: 256
TIME: 0.016633
SUM: 700000
THREADS: 7
COUNT PER THREAD: 100000
SLOOPY VALUE: 256
TIME: 0.016255
SUM: 700000
THREADS: 7
COUNT PER THREAD: 100000
SLOOPY VALUE: 256
TIME: 0.016180
SUM: 700000
THREADS: 7
COUNT PER THREAD: 100000
SLOOPY VALUE: 256
TIME: 0.016263
SUM: 700000
THREADS: 7
COUNT PER THREAD: 100000
SLOOPY VALUE: 256
TIME: 0.038178
SUM: 700000
THREADS: 7
COUNT PER THREAD: 100000
SLOOPY VALUE: 256
TIME: 0.016604
SUM: 700000
THREADS: 7
COUNT PER THREAD: 100000
SLOOPY VALUE: 256
TIME: 0.016245
SUM: 700000
THREADS: 7
COUNT PER THREAD: 100000
SLOOPY VALUE: 256
TIME: 0.016248
SUM: 700000
THREADS: 7
COUNT PER THREAD: 100000
SLOOPY VALUE: 256
TIME: 0.016155
SUM: 700000
THREADS: 8
COUNT PER THREAD: 100000
SLOOPY VALUE: 256
TIME: 0.018691
SUM: 800000
THREADS: 8
COUNT PER THREAD: 100000
SLOOPY VALUE: 256
TIME: 0.047759
SUM: 800000
THREADS: 8
COUNT PER THREAD: 100000
SLOOPY VALUE: 256
TIME: 0.018868
SUM: 800000
THREADS: 8
COUNT PER THREAD: 100000
SLOOPY VALUE: 256
TIME: 0.018744
SUM: 800000
THREADS: 8
COUNT PER THREAD: 100000
SLOOPY VALUE: 256
TIME: 0.018506
SUM: 800000
THREADS: 8
COUNT PER THREAD: 100000
SLOOPY VALUE: 256
TIME: 0.018604
SUM: 800000
THREADS: 8
COUNT PER THREAD: 100000
SLOOPY VALUE: 256
TIME: 0.018856
SUM: 800000
THREADS: 8
COUNT PER THREAD: 100000
SLOOPY VALUE: 256
TIME: 0.040517
SUM: 800000
THREADS: 8
COUNT PER THREAD: 100000
SLOOPY VALUE: 256
TIME: 0.018591
SUM: 800000
THREADS: 8
COUNT PER THREAD: 100000
SLOOPY VALUE: 256
TIME: 0.018493
SUM: 800000
THREADS: 9
COUNT PER THREAD: 100000
SLOOPY VALUE: 256
TIME: 0.021487
SUM: 900000
THREADS: 9
COUNT PER THREAD: 100000
SLOOPY VALUE: 256
TIME: 0.024294
SUM: 900000
THREADS: 9
COUNT PER THREAD: 100000
SLOOPY VALUE: 256
TIME: 0.024620
SUM: 900000
THREADS: 9
COUNT PER THREAD: 100000
SLOOPY VALUE: 256
TIME: 0.022265
SUM: 900000
THREADS: 9
COUNT PER THREAD: 100000
SLOOPY VALUE: 256
TIME: 0.047910
SUM: 900000
THREADS: 9
COUNT PER THREAD: 100000
SLOOPY VALUE: 256
TIME: 0.021420
SUM: 900000
THREADS: 9
COUNT PER THREAD: 100000
SLOOPY VALUE: 256
TIME: 0.021363
SUM: 900000
THREADS: 9
COUNT PER THREAD: 100000
SLOOPY VALUE: 256
TIME: 0.025280
SUM: 900000
THREADS: 9
COUNT PER THREAD: 100000
SLOOPY VALUE: 256
TIME: 0.026681
SUM: 900000
THREADS: 9
COUNT PER THREAD: 100000
SLOOPY VALUE: 256
TIME: 0.029098
SUM: 900000
THREADS: 10
COUNT PER THREAD: 100000
SLOOPY VALUE: 256
TIME: 0.025749
SUM: 1000000
THREADS: 10
COUNT PER THREAD: 100000
SLOOPY VALUE: 256
TIME: 0.049860
SUM: 1000000
THREADS: 10
COUNT PER THREAD: 100000
SLOOPY VALUE: 256
TIME: 0.028783
SUM: 1000000
THREADS: 10
COUNT PER THREAD: 100000
SLOOPY VALUE: 256
TIME: 0.027258
SUM: 1000000
THREADS: 10
COUNT PER THREAD: 100000
SLOOPY VALUE: 256
TIME: 0.028010
SUM: 1000000
THREADS: 10
COUNT PER THREAD: 100000
SLOOPY VALUE: 256
TIME: 0.047627
SUM: 1000000
THREADS: 10
COUNT PER THREAD: 100000
SLOOPY VALUE: 256
TIME: 0.025055
SUM: 1000000
THREADS: 10
COUNT PER THREAD: 100000
SLOOPY VALUE: 256
TIME: 0.026000
SUM: 1000000
THREADS: 10
COUNT PER THREAD: 100000
SLOOPY VALUE: 256
TIME: 0.025185
SUM: 1000000
THREADS: 10
COUNT PER THREAD: 100000
SLOOPY VALUE: 256
TIME: 0.046292
SUM: 1000000
THREADS: 11
COUNT PER THREAD: 100000
SLOOPY VALUE: 256
TIME: 0.057682
SUM: 1100000
THREADS: 11
COUNT PER THREAD: 100000
SLOOPY VALUE: 256
TIME: 0.052287
SUM: 1100000
THREADS: 11
COUNT PER THREAD: 100000
SLOOPY VALUE: 256
TIME: 0.070092
SUM: 1100000
THREADS: 11
COUNT PER THREAD: 100000
SLOOPY VALUE: 256
TIME: 0.040610
SUM: 1100000
THREADS: 11
COUNT PER THREAD: 100000
SLOOPY VALUE: 256
TIME: 0.042269
SUM: 1100000
THREADS: 11
COUNT PER THREAD: 100000
SLOOPY VALUE: 256
TIME: 0.070019
SUM: 1100000
THREADS: 11
COUNT PER THREAD: 100000
SLOOPY VALUE: 256
TIME: 0.036345
SUM: 1100000
THREADS: 11
COUNT PER THREAD: 100000
SLOOPY VALUE: 256
TIME: 0.034755
SUM: 1100000
THREADS: 11
COUNT PER THREAD: 100000
SLOOPY VALUE: 256
TIME: 0.068840
SUM: 1100000
THREADS: 11
COUNT PER THREAD: 100000
SLOOPY VALUE: 256
TIME: 0.033381
SUM: 1100000
THREADS: 12
COUNT PER THREAD: 100000
SLOOPY VALUE: 256
TIME: 0.047666
SUM: 1200000
THREADS: 12
COUNT PER THREAD: 100000
SLOOPY VALUE: 256
TIME: 0.037018
SUM: 1200000
THREADS: 12
COUNT PER THREAD: 100000
SLOOPY VALUE: 256
TIME: 0.072913
SUM: 1200000
THREADS: 12
COUNT PER THREAD: 100000
SLOOPY VALUE: 256
TIME: 0.032645
SUM: 1200000
THREADS: 12
COUNT PER THREAD: 100000
SLOOPY VALUE: 256
TIME: 0.033512
SUM: 1200000
THREADS: 12
COUNT PER THREAD: 100000
SLOOPY VALUE: 256
TIME: 0.061729
SUM: 1200000
THREADS: 12
COUNT PER THREAD: 100000
SLOOPY VALUE: 256
TIME: 0.030162
SUM: 1200000
THREADS: 12
COUNT PER THREAD: 100000
SLOOPY VALUE: 256
TIME: 0.034600
SUM: 1200000
THREADS: 12
COUNT PER THREAD: 100000
SLOOPY VALUE: 256
TIME: 0.047038
SUM: 1200000
THREADS: 12
COUNT PER THREAD: 100000
SLOOPY VALUE: 256
TIME: 0.043249
SUM: 1200000
THREADS: 13
COUNT PER THREAD: 100000
SLOOPY VALUE: 256
TIME: 0.037650
SUM: 1300000
THREADS: 13
COUNT PER THREAD: 100000
SLOOPY VALUE: 256
TIME: 0.034462
SUM: 1300000
THREADS: 13
COUNT PER THREAD: 100000
SLOOPY VALUE: 256
TIME: 0.056661
SUM: 1300000
THREADS: 13
COUNT PER THREAD: 100000
SLOOPY VALUE: 256
TIME: 0.042716
SUM: 1300000
THREADS: 13
COUNT PER THREAD: 100000
SLOOPY VALUE: 256
TIME: 0.038496
SUM: 1300000
THREADS: 13
COUNT PER THREAD: 100000
SLOOPY VALUE: 256
TIME: 0.061787
SUM: 1300000
THREADS: 13
COUNT PER THREAD: 100000
SLOOPY VALUE: 256
TIME: 0.036655
SUM: 1300000
THREADS: 13
COUNT PER THREAD: 100000
SLOOPY VALUE: 256
TIME: 0.036229
SUM: 1300000
THREADS: 13
COUNT PER THREAD: 100000
SLOOPY VALUE: 256
TIME: 0.054234
SUM: 1300000
THREADS: 13
COUNT PER THREAD: 100000
SLOOPY VALUE: 256
TIME: 0.039753
SUM: 1300000
THREADS: 14
COUNT PER THREAD: 100000
SLOOPY VALUE: 256
TIME: 0.036256
SUM: 1400000
THREADS: 14
COUNT PER THREAD: 100000
SLOOPY VALUE: 256
TIME: 0.036094
SUM: 1400000
THREADS: 14
COUNT PER THREAD: 100000
SLOOPY VALUE: 256
TIME: 0.058155
SUM: 1400000
THREADS: 14
COUNT PER THREAD: 100000
SLOOPY VALUE: 256
TIME: 0.038979
SUM: 1400000
THREADS: 14
COUNT PER THREAD: 100000
SLOOPY VALUE: 256
TIME: 0.034328
SUM: 1400000
THREADS: 14
COUNT PER THREAD: 100000
SLOOPY VALUE: 256
TIME: 0.054046
SUM: 1400000
THREADS: 14
COUNT PER THREAD: 100000
SLOOPY VALUE: 256
TIME: 0.039607
SUM: 1400000
THREADS: 14
COUNT PER THREAD: 100000
SLOOPY VALUE: 256
TIME: 0.033781
SUM: 1400000
THREADS: 14
COUNT PER THREAD: 100000
SLOOPY VALUE: 256
TIME: 0.052212
SUM: 1400000
THREADS: 14
COUNT PER THREAD: 100000
SLOOPY VALUE: 256
TIME: 0.034950
SUM: 1400000
THREADS: 15
COUNT PER THREAD: 100000
SLOOPY VALUE: 256
TIME: 0.065424
SUM: 1500000
THREADS: 15
COUNT PER THREAD: 100000
SLOOPY VALUE: 256
TIME: 0.038344
SUM: 1500000
THREADS: 15
COUNT PER THREAD: 100000
SLOOPY VALUE: 256
TIME: 0.036580
SUM: 1500000
THREADS: 15
COUNT PER THREAD: 100000
SLOOPY VALUE: 256
TIME: 0.055883
SUM: 1500000
THREADS: 15
COUNT PER THREAD: 100000
SLOOPY VALUE: 256
TIME: 0.042245
SUM: 1500000
THREADS: 15
COUNT PER THREAD: 100000
SLOOPY VALUE: 256
TIME: 0.038989
SUM: 1500000
THREADS: 15
COUNT PER THREAD: 100000
SLOOPY VALUE: 256
TIME: 0.064957
SUM: 1500000
THREADS: 15
COUNT PER THREAD: 100000
SLOOPY VALUE: 256
TIME: 0.040076
SUM: 1500000
THREADS: 15
COUNT PER THREAD: 100000
SLOOPY VALUE: 256
TIME: 0.038633
SUM: 1500000
THREADS: 15
COUNT PER THREAD: 100000
SLOOPY VALUE: 256
TIME: 0.069375
SUM: 1500000
THREADS: 16
COUNT PER THREAD: 100000
SLOOPY VALUE: 256
TIME: 0.065493
SUM: 1600000
THREADS: 16
COUNT PER THREAD: 100000
SLOOPY VALUE: 256
TIME: 0.041983
SUM: 1600000
THREADS: 16
COUNT PER THREAD: 100000
SLOOPY VALUE: 256
TIME: 0.043845
SUM: 1600000
THREADS: 16
COUNT PER THREAD: 100000
SLOOPY VALUE: 256
TIME: 0.065652
SUM: 1600000
THREADS: 16
COUNT PER THREAD: 100000
SLOOPY VALUE: 256
TIME: 0.042787
SUM: 1600000
THREADS: 16
COUNT PER THREAD: 100000
SLOOPY VALUE: 256
TIME: 0.046736
SUM: 1600000
THREADS: 16
COUNT PER THREAD: 100000
SLOOPY VALUE: 256
TIME: 0.068511
SUM: 1600000
THREADS: 16
COUNT PER THREAD: 100000
SLOOPY VALUE: 256
TIME: 0.045327
SUM: 1600000
THREADS: 16
COUNT PER THREAD: 100000
SLOOPY VALUE: 256
TIME: 0.048010
SUM: 1600000
THREADS: 16
COUNT PER THREAD: 100000
SLOOPY VALUE: 256
TIME: 0.067286
SUM: 1600000
THREADS: 17
COUNT PER THREAD: 100000
SLOOPY VALUE: 256
TIME: 0.060568
SUM: 1700000
THREADS: 17
COUNT PER THREAD: 100000
SLOOPY VALUE: 256
TIME: 0.048519
SUM: 1700000
THREADS: 17
COUNT PER THREAD: 100000
SLOOPY VALUE: 256
TIME: 0.042046
SUM: 1700000
THREADS: 17
COUNT PER THREAD: 100000
SLOOPY VALUE: 256
TIME: 0.064953
SUM: 1700000
THREADS: 17
COUNT PER THREAD: 100000
SLOOPY VALUE: 256
TIME: 0.042705
SUM: 1700000
THREADS: 17
COUNT PER THREAD: 100000
SLOOPY VALUE: 256
TIME: 0.043557
SUM: 1700000
THREADS: 17
COUNT PER THREAD: 100000
SLOOPY VALUE: 256
TIME: 0.064163
SUM: 1700000
THREADS: 17
COUNT PER THREAD: 100000
SLOOPY VALUE: 256
TIME: 0.041818
SUM: 1700000
THREADS: 17
COUNT PER THREAD: 100000
SLOOPY VALUE: 256
TIME: 0.046240
SUM: 1700000
THREADS: 17
COUNT PER THREAD: 100000
SLOOPY VALUE: 256
TIME: 0.067534
SUM: 1700000
THREADS: 18
COUNT PER THREAD: 100000
SLOOPY VALUE: 256
TIME: 0.071189
SUM: 1800000
THREADS: 18
COUNT PER THREAD: 100000
SLOOPY VALUE: 256
TIME: 0.047764
SUM: 1800000
THREADS: 18
COUNT PER THREAD: 100000
SLOOPY VALUE: 256
TIME: 0.046641
SUM: 1800000
THREADS: 18
COUNT PER THREAD: 100000
SLOOPY VALUE: 256
TIME: 0.062032
SUM: 1800000
THREADS: 18
COUNT PER THREAD: 100000
SLOOPY VALUE: 256
TIME: 0.043466
SUM: 1800000
THREADS: 18
COUNT PER THREAD: 100000
SLOOPY VALUE: 256
TIME: 0.046254
SUM: 1800000
THREADS: 18
COUNT PER THREAD: 100000
SLOOPY VALUE: 256
TIME: 0.061905
SUM: 1800000
THREADS: 18
COUNT PER THREAD: 100000
SLOOPY VALUE: 256
TIME: 0.050115
SUM: 1800000
THREADS: 18
COUNT PER THREAD: 100000
SLOOPY VALUE: 256
TIME: 0.059502
SUM: 1800000
THREADS: 18
COUNT PER THREAD: 100000
SLOOPY VALUE: 256
TIME: 0.061643
SUM: 1800000
THREADS: 19
COUNT PER THREAD: 100000
SLOOPY VALUE: 256
TIME: 0.060546
SUM: 1900000
THREADS: 19
COUNT PER THREAD: 100000
SLOOPY VALUE: 256
TIME: 0.083021
SUM: 1900000
THREADS: 19
COUNT PER THREAD: 100000
SLOOPY VALUE: 256
TIME: 0.056733
SUM: 1900000
THREADS: 19
COUNT PER THREAD: 100000
SLOOPY VALUE: 256
TIME: 0.082133
SUM: 1900000
THREADS: 19
COUNT PER THREAD: 100000
SLOOPY VALUE: 256
TIME: 0.055077
SUM: 1900000
THREADS: 19
COUNT PER THREAD: 100000
SLOOPY VALUE: 256
TIME: 0.078476
SUM: 1900000
THREADS: 19
COUNT PER THREAD: 100000
SLOOPY VALUE: 256
TIME: 0.057175
SUM: 1900000
THREADS: 19
COUNT PER THREAD: 100000
SLOOPY VALUE: 256
TIME: 0.078524
SUM: 1900000
THREADS: 19
COUNT PER THREAD: 100000
SLOOPY VALUE: 256
TIME: 0.057972
SUM: 1900000
THREADS: 19
COUNT PER THREAD: 100000
SLOOPY VALUE: 256
TIME: 0.078051
SUM: 1900000
THREADS: 20
COUNT PER THREAD: 100000
SLOOPY VALUE: 256
TIME: 0.057105
SUM: 2000000
THREADS: 20
COUNT PER THREAD: 100000
SLOOPY VALUE: 256
TIME: 0.081351
SUM: 2000000
THREADS: 20
COUNT PER THREAD: 100000
SLOOPY VALUE: 256
TIME: 0.054654
SUM: 2000000
THREADS: 20
COUNT PER THREAD: 100000
SLOOPY VALUE: 256
TIME: 0.077158
SUM: 2000000
THREADS: 20
COUNT PER THREAD: 100000
SLOOPY VALUE: 256
TIME: 0.062978
SUM: 2000000
THREADS: 20
COUNT PER THREAD: 100000
SLOOPY VALUE: 256
TIME: 0.074492
SUM: 2000000
THREADS: 20
COUNT PER THREAD: 100000
SLOOPY VALUE: 256
TIME: 0.051610
SUM: 2000000
THREADS: 20
COUNT PER THREAD: 100000
SLOOPY VALUE: 256
TIME: 0.079556
SUM: 2000000
THREADS: 20
COUNT PER THREAD: 100000
SLOOPY VALUE: 256
TIME: 0.052968
SUM: 2000000
THREADS: 20
COUNT PER THREAD: 100000
SLOOPY VALUE: 256
TIME: 0.076772
SUM: 2000000
THREADS: 21
COUNT PER THREAD: 100000
SLOOPY VALUE: 256
TIME: 0.056398
SUM: 2100000
THREADS: 21
COUNT PER THREAD: 100000
SLOOPY VALUE: 256
TIME: 0.086370
SUM: 2100000
THREADS: 21
COUNT PER THREAD: 100000
SLOOPY VALUE: 256
TIME: 0.054575
SUM: 2100000
THREADS: 21
COUNT PER THREAD: 100000
SLOOPY VALUE: 256
TIME: 0.080603
SUM: 2100000
THREADS: 21
COUNT PER THREAD: 100000
SLOOPY VALUE: 256
TIME: 0.057992
SUM: 2100000
THREADS: 21
COUNT PER THREAD: 100000
SLOOPY VALUE: 256
TIME: 0.081251
SUM: 2100000
THREADS: 21
COUNT PER THREAD: 100000
SLOOPY VALUE: 256
TIME: 0.052931
SUM: 2100000
THREADS: 21
COUNT PER THREAD: 100000
SLOOPY VALUE: 256
TIME: 0.082770
SUM: 2100000
THREADS: 21
COUNT PER THREAD: 100000
SLOOPY VALUE: 256
TIME: 0.056895
SUM: 2100000
THREADS: 21
COUNT PER THREAD: 100000
SLOOPY VALUE: 256
TIME: 0.079114
SUM: 2100000
THREADS: 22
COUNT PER THREAD: 100000
SLOOPY VALUE: 256
TIME: 0.055518
SUM: 2200000
THREADS: 22
COUNT PER THREAD: 100000
SLOOPY VALUE: 256
TIME: 0.076174
SUM: 2200000
THREADS: 22
COUNT PER THREAD: 100000
SLOOPY VALUE: 256
TIME: 0.056460
SUM: 2200000
THREADS: 22
COUNT PER THREAD: 100000
SLOOPY VALUE: 256
TIME: 0.072528
SUM: 2200000
THREADS: 22
COUNT PER THREAD: 100000
SLOOPY VALUE: 256
TIME: 0.055922
SUM: 2200000
THREADS: 22
COUNT PER THREAD: 100000
SLOOPY VALUE: 256
TIME: 0.069741
SUM: 2200000
THREADS: 22
COUNT PER THREAD: 100000
SLOOPY VALUE: 256
TIME: 0.051277
SUM: 2200000
THREADS: 22
COUNT PER THREAD: 100000
SLOOPY VALUE: 256
TIME: 0.075111
SUM: 2200000
THREADS: 22
COUNT PER THREAD: 100000
SLOOPY VALUE: 256
TIME: 0.051835
SUM: 2200000
THREADS: 22
COUNT PER THREAD: 100000
SLOOPY VALUE: 256
TIME: 0.073989
SUM: 2200000
THREADS: 23
COUNT PER THREAD: 100000
SLOOPY VALUE: 256
TIME: 0.053975
SUM: 2300000
THREADS: 23
COUNT PER THREAD: 100000
SLOOPY VALUE: 256
TIME: 0.074785
SUM: 2300000
THREADS: 23
COUNT PER THREAD: 100000
SLOOPY VALUE: 256
TIME: 0.053891
SUM: 2300000
THREADS: 23
COUNT PER THREAD: 100000
SLOOPY VALUE: 256
TIME: 0.071615
SUM: 2300000
THREADS: 23
COUNT PER THREAD: 100000
SLOOPY VALUE: 256
TIME: 0.054757
SUM: 2300000
THREADS: 23
COUNT PER THREAD: 100000
SLOOPY VALUE: 256
TIME: 0.072483
SUM: 2300000
THREADS: 23
COUNT PER THREAD: 100000
SLOOPY VALUE: 256
TIME: 0.054449
SUM: 2300000
THREADS: 23
COUNT PER THREAD: 100000
SLOOPY VALUE: 256
TIME: 0.072317
SUM: 2300000
THREADS: 23
COUNT PER THREAD: 100000
SLOOPY VALUE: 256
TIME: 0.054552
SUM: 2300000
THREADS: 23
COUNT PER THREAD: 100000
SLOOPY VALUE: 256
TIME: 0.077128
SUM: 2300000
THREADS: 24
COUNT PER THREAD: 100000
SLOOPY VALUE: 256
TIME: 0.063423
SUM: 2400000
THREADS: 24
COUNT PER THREAD: 100000
SLOOPY VALUE: 256
TIME: 0.086587
SUM: 2400000
THREADS: 24
COUNT PER THREAD: 100000
SLOOPY VALUE: 256
TIME: 0.063089
SUM: 2400000
THREADS: 24
COUNT PER THREAD: 100000
SLOOPY VALUE: 256
TIME: 0.082580
SUM: 2400000
THREADS: 24
COUNT PER THREAD: 100000
SLOOPY VALUE: 256
TIME: 0.067097
SUM: 2400000
THREADS: 24
COUNT PER THREAD: 100000
SLOOPY VALUE: 256
TIME: 0.082027
SUM: 2400000
THREADS: 24
COUNT PER THREAD: 100000
SLOOPY VALUE: 256
TIME: 0.063661
SUM: 2400000
THREADS: 24
COUNT PER THREAD: 100000
SLOOPY VALUE: 256
TIME: 0.082942
SUM: 2400000
THREADS: 24
COUNT PER THREAD: 100000
SLOOPY VALUE: 256
TIME: 0.068325
SUM: 2400000
THREADS: 24
COUNT PER THREAD: 100000
SLOOPY VALUE: 256
TIME: 0.082937
SUM: 2400000
THREADS: 25
COUNT PER THREAD: 100000
SLOOPY VALUE: 256
TIME: 0.058204
SUM: 2500000
THREADS: 25
COUNT PER THREAD: 100000
SLOOPY VALUE: 256
TIME: 0.077488
SUM: 2500000
THREADS: 25
COUNT PER THREAD: 100000
SLOOPY VALUE: 256
TIME: 0.058091
SUM: 2500000
THREADS: 25
COUNT PER THREAD: 100000
SLOOPY VALUE: 256
TIME: 0.074106
SUM: 2500000
THREADS: 25
COUNT PER THREAD: 100000
SLOOPY VALUE: 256
TIME: 0.058372
SUM: 2500000
THREADS: 25
COUNT PER THREAD: 100000
SLOOPY VALUE: 256
TIME: 0.074464
SUM: 2500000
THREADS: 25
COUNT PER THREAD: 100000
SLOOPY VALUE: 256
TIME: 0.058062
SUM: 2500000
THREADS: 25
COUNT PER THREAD: 100000
SLOOPY VALUE: 256
TIME: 0.074570
SUM: 2500000
THREADS: 25
COUNT PER THREAD: 100000
SLOOPY VALUE: 256
TIME: 0.061033
SUM: 2500000
THREADS: 25
COUNT PER THREAD: 100000
SLOOPY VALUE: 256
TIME: 0.074989
SUM: 2500000
THREADS: 26
COUNT PER THREAD: 100000
SLOOPY VALUE: 256
TIME: 0.064835
SUM: 2600000
THREADS: 26
COUNT PER THREAD: 100000
SLOOPY VALUE: 256
TIME: 0.084541
SUM: 2600000
THREADS: 26
COUNT PER THREAD: 100000
SLOOPY VALUE: 256
TIME: 0.065901
SUM: 2600000
THREADS: 26
COUNT PER THREAD: 100000
SLOOPY VALUE: 256
TIME: 0.078176
SUM: 2600000
THREADS: 26
COUNT PER THREAD: 100000
SLOOPY VALUE: 256
TIME: 0.065647
SUM: 2600000
THREADS: 26
COUNT PER THREAD: 100000
SLOOPY VALUE: 256
TIME: 0.081875
SUM: 2600000
THREADS: 26
COUNT PER THREAD: 100000
SLOOPY VALUE: 256
TIME: 0.061078
SUM: 2600000
THREADS: 26
COUNT PER THREAD: 100000
SLOOPY VALUE: 256
TIME: 0.086326
SUM: 2600000
THREADS: 26
COUNT PER THREAD: 100000
SLOOPY VALUE: 256
TIME: 0.063313
SUM: 2600000
THREADS: 26
COUNT PER THREAD: 100000
SLOOPY VALUE: 256
TIME: 0.080200
SUM: 2600000
THREADS: 27
COUNT PER THREAD: 100000
SLOOPY VALUE: 256
TIME: 0.075031
SUM: 2700000
THREADS: 27
COUNT PER THREAD: 100000
SLOOPY VALUE: 256
TIME: 0.094680
SUM: 2700000
THREADS: 27
COUNT PER THREAD: 100000
SLOOPY VALUE: 256
TIME: 0.081026
SUM: 2700000
THREADS: 27
COUNT PER THREAD: 100000
SLOOPY VALUE: 256
TIME: 0.097092
SUM: 2700000
THREADS: 27
COUNT PER THREAD: 100000
SLOOPY VALUE: 256
TIME: 0.075152
SUM: 2700000
THREADS: 27
COUNT PER THREAD: 100000
SLOOPY VALUE: 256
TIME: 0.095501
SUM: 2700000
THREADS: 27
COUNT PER THREAD: 100000
SLOOPY VALUE: 256
TIME: 0.082783
SUM: 2700000
THREADS: 27
COUNT PER THREAD: 100000
SLOOPY VALUE: 256
TIME: 0.099674
SUM: 2700000
THREADS: 27
COUNT PER THREAD: 100000
SLOOPY VALUE: 256
TIME: 0.076918
SUM: 2700000
THREADS: 27
COUNT PER THREAD: 100000
SLOOPY VALUE: 256
TIME: 0.096515
SUM: 2700000
THREADS: 28
COUNT PER THREAD: 100000
SLOOPY VALUE: 256
TIME: 0.071722
SUM: 2800000
THREADS: 28
COUNT PER THREAD: 100000
SLOOPY VALUE: 256
TIME: 0.093376
SUM: 2800000
THREADS: 28
COUNT PER THREAD: 100000
SLOOPY VALUE: 256
TIME: 0.072228
SUM: 2800000
THREADS: 28
COUNT PER THREAD: 100000
SLOOPY VALUE: 256
TIME: 0.085957
SUM: 2800000
THREADS: 28
COUNT PER THREAD: 100000
SLOOPY VALUE: 256
TIME: 0.068915
SUM: 2800000
THREADS: 28
COUNT PER THREAD: 100000
SLOOPY VALUE: 256
TIME: 0.092302
SUM: 2800000
THREADS: 28
COUNT PER THREAD: 100000
SLOOPY VALUE: 256
TIME: 0.072653
SUM: 2800000
THREADS: 28
COUNT PER THREAD: 100000
SLOOPY VALUE: 256
TIME: 0.085986
SUM: 2800000
THREADS: 28
COUNT PER THREAD: 100000
SLOOPY VALUE: 256
TIME: 0.074043
SUM: 2800000
THREADS: 28
COUNT PER THREAD: 100000
SLOOPY VALUE: 256
TIME: 0.101975
SUM: 2800000
THREADS: 29
COUNT PER THREAD: 100000
SLOOPY VALUE: 256
TIME: 0.073467
SUM: 2900000
THREADS: 29
COUNT PER THREAD: 100000
SLOOPY VALUE: 256
TIME: 0.105325
SUM: 2900000
THREADS: 29
COUNT PER THREAD: 100000
SLOOPY VALUE: 256
TIME: 0.077483
SUM: 2900000
THREADS: 29
COUNT PER THREAD: 100000
SLOOPY VALUE: 256
TIME: 0.102811
SUM: 2900000
THREADS: 29
COUNT PER THREAD: 100000
SLOOPY VALUE: 256
TIME: 0.085206
SUM: 2900000
THREADS: 29
COUNT PER THREAD: 100000
SLOOPY VALUE: 256
TIME: 0.110326
SUM: 2900000
THREADS: 29
COUNT PER THREAD: 100000
SLOOPY VALUE: 256
TIME: 0.083924
SUM: 2900000
THREADS: 29
COUNT PER THREAD: 100000
SLOOPY VALUE: 256
TIME: 0.104233
SUM: 2900000
THREADS: 29
COUNT PER THREAD: 100000
SLOOPY VALUE: 256
TIME: 0.090282
SUM: 2900000
THREADS: 29
COUNT PER THREAD: 100000
SLOOPY VALUE: 256
TIME: 0.111097
SUM: 2900000
THREADS: 30
COUNT PER THREAD: 100000
SLOOPY VALUE: 256
TIME: 0.088000
SUM: 3000000
THREADS: 30
COUNT PER THREAD: 100000
SLOOPY VALUE: 256
TIME: 0.113245
SUM: 3000000
THREADS: 30
COUNT PER THREAD: 100000
SLOOPY VALUE: 256
TIME: 0.086561
SUM: 3000000
THREADS: 30
COUNT PER THREAD: 100000
SLOOPY VALUE: 256
TIME: 0.107759
SUM: 3000000
THREADS: 30
COUNT PER THREAD: 100000
SLOOPY VALUE: 256
TIME: 0.089194
SUM: 3000000
THREADS: 30
COUNT PER THREAD: 100000
SLOOPY VALUE: 256
TIME: 0.105927
SUM: 3000000
THREADS: 30
COUNT PER THREAD: 100000
SLOOPY VALUE: 256
TIME: 0.085462
SUM: 3000000
THREADS: 30
COUNT PER THREAD: 100000
SLOOPY VALUE: 256
TIME: 0.103235
SUM: 3000000
THREADS: 30
COUNT PER THREAD: 100000
SLOOPY VALUE: 256
TIME: 0.081418
SUM: 3000000
THREADS: 30
COUNT PER THREAD: 100000
SLOOPY VALUE: 256
TIME: 0.107726
SUM: 3000000
THREADS: 31
COUNT PER THREAD: 100000
SLOOPY VALUE: 256
TIME: 0.095126
SUM: 3100000
THREADS: 31
COUNT PER THREAD: 100000
SLOOPY VALUE: 256
TIME: 0.124432
SUM: 3100000
THREADS: 31
COUNT PER THREAD: 100000
SLOOPY VALUE: 256
TIME: 0.091986
SUM: 3100000
THREADS: 31
COUNT PER THREAD: 100000
SLOOPY VALUE: 256
TIME: 0.111422
SUM: 3100000
THREADS: 31
COUNT PER THREAD: 100000
SLOOPY VALUE: 256
TIME: 0.085059
SUM: 3100000
THREADS: 31
COUNT PER THREAD: 100000
SLOOPY VALUE: 256
TIME: 0.118995
SUM: 3100000
THREADS: 31
COUNT PER THREAD: 100000
SLOOPY VALUE: 256
TIME: 0.086009
SUM: 3100000
THREADS: 31
COUNT PER THREAD: 100000
SLOOPY VALUE: 256
TIME: 0.105435
SUM: 3100000
THREADS: 31
COUNT PER THREAD: 100000
SLOOPY VALUE: 256
TIME: 0.088967
SUM: 3100000
THREADS: 31
COUNT PER THREAD: 100000
SLOOPY VALUE: 256
TIME: 0.111058
SUM: 3100000
THREADS: 32
COUNT PER THREAD: 100000
SLOOPY VALUE: 256
TIME: 0.096181
SUM: 3200000
THREADS: 32
COUNT PER THREAD: 100000
SLOOPY VALUE: 256
TIME: 0.109327
SUM: 3200000
THREADS: 32
COUNT PER THREAD: 100000
SLOOPY VALUE: 256
TIME: 0.084934
SUM: 3200000
THREADS: 32
COUNT PER THREAD: 100000
SLOOPY VALUE: 256
TIME: 0.120633
SUM: 3200000
THREADS: 32
COUNT PER THREAD: 100000
SLOOPY VALUE: 256
TIME: 0.090140
SUM: 3200000
THREADS: 32
COUNT PER THREAD: 100000
SLOOPY VALUE: 256
TIME: 0.114809
SUM: 3200000
THREADS: 32
COUNT PER THREAD: 100000
SLOOPY VALUE: 256
TIME: 0.083853
SUM: 3200000
THREADS: 32
COUNT PER THREAD: 100000
SLOOPY VALUE: 256
TIME: 0.113720
SUM: 3200000
THREADS: 32
COUNT PER THREAD: 100000
SLOOPY VALUE: 256
TIME: 0.088288
SUM: 3200000
THREADS: 32
COUNT PER THREAD: 100000
SLOOPY VALUE: 256
TIME: 0.109218
SUM: 3200000
THREADS: 33
COUNT PER THREAD: 100000
SLOOPY VALUE: 256
TIME: 0.087191
SUM: 3300000
THREADS: 33
COUNT PER THREAD: 100000
SLOOPY VALUE: 256
TIME: 0.106806
SUM: 3300000
THREADS: 33
COUNT PER THREAD: 100000
SLOOPY VALUE: 256
TIME: 0.082300
SUM: 3300000
THREADS: 33
COUNT PER THREAD: 100000
SLOOPY VALUE: 256
TIME: 0.111042
SUM: 3300000
THREADS: 33
COUNT PER THREAD: 100000
SLOOPY VALUE: 256
TIME: 0.092038
SUM: 3300000
THREADS: 33
COUNT PER THREAD: 100000
SLOOPY VALUE: 256
TIME: 0.105347
SUM: 3300000
THREADS: 33
COUNT PER THREAD: 100000
SLOOPY VALUE: 256
TIME: 0.090354
SUM: 3300000
THREADS: 33
COUNT PER THREAD: 100000
SLOOPY VALUE: 256
TIME: 0.105605
SUM: 3300000
THREADS: 33
COUNT PER THREAD: 100000
SLOOPY VALUE: 256
TIME: 0.089705
SUM: 3300000
THREADS: 33
COUNT PER THREAD: 100000
SLOOPY VALUE: 256
TIME: 0.113490
SUM: 3300000
THREADS: 34
COUNT PER THREAD: 100000
SLOOPY VALUE: 256
TIME: 0.094539
SUM: 3400000
THREADS: 34
COUNT PER THREAD: 100000
SLOOPY VALUE: 256
TIME: 0.125383
SUM: 3400000
THREADS: 34
COUNT PER THREAD: 100000
SLOOPY VALUE: 256
TIME: 0.093986
SUM: 3400000
THREADS: 34
COUNT PER THREAD: 100000
SLOOPY VALUE: 256
TIME: 0.115102
SUM: 3400000
THREADS: 34
COUNT PER THREAD: 100000
SLOOPY VALUE: 256
TIME: 0.110031
SUM: 3400000
THREADS: 34
COUNT PER THREAD: 100000
SLOOPY VALUE: 256
TIME: 0.101514
SUM: 3400000
THREADS: 34
COUNT PER THREAD: 100000
SLOOPY VALUE: 256
TIME: 0.120445
SUM: 3400000
THREADS: 34
COUNT PER THREAD: 100000
SLOOPY VALUE: 256
TIME: 0.096659
SUM: 3400000
THREADS: 34
COUNT PER THREAD: 100000
SLOOPY VALUE: 256
TIME: 0.118340
SUM: 3400000
THREADS: 34
COUNT PER THREAD: 100000
SLOOPY VALUE: 256
TIME: 0.099204
SUM: 3400000
THREADS: 35
COUNT PER THREAD: 100000
SLOOPY VALUE: 256
TIME: 0.095954
SUM: 3500000
THREADS: 35
COUNT PER THREAD: 100000
SLOOPY VALUE: 256
TIME: 0.118142
SUM: 3500000
THREADS: 35
COUNT PER THREAD: 100000
SLOOPY VALUE: 256
TIME: 0.094097
SUM: 3500000
THREADS: 35
COUNT PER THREAD: 100000
SLOOPY VALUE: 256
TIME: 0.118674
SUM: 3500000
THREADS: 35
COUNT PER THREAD: 100000
SLOOPY VALUE: 256
TIME: 0.091372
SUM: 3500000
THREADS: 35
COUNT PER THREAD: 100000
SLOOPY VALUE: 256
TIME: 0.114294
SUM: 3500000
THREADS: 35
COUNT PER THREAD: 100000
SLOOPY VALUE: 256
TIME: 0.118311
SUM: 3500000
THREADS: 35
COUNT PER THREAD: 100000
SLOOPY VALUE: 256
TIME: 0.104329
SUM: 3500000
THREADS: 35
COUNT PER THREAD: 100000
SLOOPY VALUE: 256
TIME: 0.119592
SUM: 3500000
THREADS: 35
COUNT PER THREAD: 100000
SLOOPY VALUE: 256
TIME: 0.095021
SUM: 3500000
THREADS: 36
COUNT PER THREAD: 100000
SLOOPY VALUE: 256
TIME: 0.089775
SUM: 3600000
THREADS: 36
COUNT PER THREAD: 100000
SLOOPY VALUE: 256
TIME: 0.117179
SUM: 3600000
THREADS: 36
COUNT PER THREAD: 100000
SLOOPY VALUE: 256
TIME: 0.089355
SUM: 3600000
THREADS: 36
COUNT PER THREAD: 100000
SLOOPY VALUE: 256
TIME: 0.107516
SUM: 3600000
THREADS: 36
COUNT PER THREAD: 100000
SLOOPY VALUE: 256
TIME: 0.096577
SUM: 3600000
THREADS: 36
COUNT PER THREAD: 100000
SLOOPY VALUE: 256
TIME: 0.122718
SUM: 3600000
THREADS: 36
COUNT PER THREAD: 100000
SLOOPY VALUE: 256
TIME: 0.095145
SUM: 3600000
THREADS: 36
COUNT PER THREAD: 100000
SLOOPY VALUE: 256
TIME: 0.112955
SUM: 3600000
THREADS: 36
COUNT PER THREAD: 100000
SLOOPY VALUE: 256
TIME: 0.089797
SUM: 3600000
THREADS: 36
COUNT PER THREAD: 100000
SLOOPY VALUE: 256
TIME: 0.110198
SUM: 3600000
THREADS: 37
COUNT PER THREAD: 100000
SLOOPY VALUE: 256
TIME: 0.091904
SUM: 3700000
THREADS: 37
COUNT PER THREAD: 100000
SLOOPY VALUE: 256
TIME: 0.117463
SUM: 3700000
THREADS: 37
COUNT PER THREAD: 100000
SLOOPY VALUE: 256
TIME: 0.094722
SUM: 3700000
THREADS: 37
COUNT PER THREAD: 100000
SLOOPY VALUE: 256
TIME: 0.112044
SUM: 3700000
THREADS: 37
COUNT PER THREAD: 100000
SLOOPY VALUE: 256
TIME: 0.117803
SUM: 3700000
THREADS: 37
COUNT PER THREAD: 100000
SLOOPY VALUE: 256
TIME: 0.104873
SUM: 3700000
THREADS: 37
COUNT PER THREAD: 100000
SLOOPY VALUE: 256
TIME: 0.110410
SUM: 3700000
THREADS: 37
COUNT PER THREAD: 100000
SLOOPY VALUE: 256
TIME: 0.092618
SUM: 3700000
THREADS: 37
COUNT PER THREAD: 100000
SLOOPY VALUE: 256
TIME: 0.115594
SUM: 3700000
THREADS: 37
COUNT PER THREAD: 100000
SLOOPY VALUE: 256
TIME: 0.096582
SUM: 3700000
THREADS: 38
COUNT PER THREAD: 100000
SLOOPY VALUE: 256
TIME: 0.098095
SUM: 3800000
THREADS: 38
COUNT PER THREAD: 100000
SLOOPY VALUE: 256
TIME: 0.122239
SUM: 3800000
THREADS: 38
COUNT PER THREAD: 100000
SLOOPY VALUE: 256
TIME: 0.097696
SUM: 3800000
THREADS: 38
COUNT PER THREAD: 100000
SLOOPY VALUE: 256
TIME: 0.118569
SUM: 3800000
THREADS: 38
COUNT PER THREAD: 100000
SLOOPY VALUE: 256
TIME: 0.118444
SUM: 3800000
THREADS: 38
COUNT PER THREAD: 100000
SLOOPY VALUE: 256
TIME: 0.094494
SUM: 3800000
THREADS: 38
COUNT PER THREAD: 100000
SLOOPY VALUE: 256
TIME: 0.113065
SUM: 3800000
THREADS: 38
COUNT PER THREAD: 100000
SLOOPY VALUE: 256
TIME: 0.121518
SUM: 3800000
THREADS: 38
COUNT PER THREAD: 100000
SLOOPY VALUE: 256
TIME: 0.097943
SUM: 3800000
THREADS: 38
COUNT PER THREAD: 100000
SLOOPY VALUE: 256
TIME: 0.113782
SUM: 3800000
THREADS: 39
COUNT PER THREAD: 100000
SLOOPY VALUE: 256
TIME: 0.106947
SUM: 3900000
THREADS: 39
COUNT PER THREAD: 100000
SLOOPY VALUE: 256
TIME: 0.109186
SUM: 3900000
THREADS: 39
COUNT PER THREAD: 100000
SLOOPY VALUE: 256
TIME: 0.122621
SUM: 3900000
THREADS: 39
COUNT PER THREAD: 100000
SLOOPY VALUE: 256
TIME: 0.121930
SUM: 3900000
THREADS: 39
COUNT PER THREAD: 100000
SLOOPY VALUE: 256
TIME: 0.109583
SUM: 3900000
THREADS: 39
COUNT PER THREAD: 100000
SLOOPY VALUE: 256
TIME: 0.125959
SUM: 3900000
THREADS: 39
COUNT PER THREAD: 100000
SLOOPY VALUE: 256
TIME: 0.123679
SUM: 3900000
THREADS: 39
COUNT PER THREAD: 100000
SLOOPY VALUE: 256
TIME: 0.105327
SUM: 3900000
THREADS: 39
COUNT PER THREAD: 100000
SLOOPY VALUE: 256
TIME: 0.120816
SUM: 3900000
THREADS: 39
COUNT PER THREAD: 100000
SLOOPY VALUE: 256
TIME: 0.110097
SUM: 3900000
THREADS: 40
COUNT PER THREAD: 100000
SLOOPY VALUE: 256
TIME: 0.140311
SUM: 4000000
THREADS: 40
COUNT PER THREAD: 100000
SLOOPY VALUE: 256
TIME: 0.141437
SUM: 4000000
THREADS: 40
COUNT PER THREAD: 100000
SLOOPY VALUE: 256
TIME: 0.140701
SUM: 4000000
THREADS: 40
COUNT PER THREAD: 100000
SLOOPY VALUE: 256
TIME: 0.140565
SUM: 4000000
THREADS: 40
COUNT PER THREAD: 100000
SLOOPY VALUE: 256
TIME: 0.131699
SUM: 4000000
THREADS: 40
COUNT PER THREAD: 100000
SLOOPY VALUE: 256
TIME: 0.143665
SUM: 4000000
THREADS: 40
COUNT PER THREAD: 100000
SLOOPY VALUE: 256
TIME: 0.127078
SUM: 4000000
THREADS: 40
COUNT PER THREAD: 100000
SLOOPY VALUE: 256
TIME: 0.127865
SUM: 4000000
THREADS: 40
COUNT PER THREAD: 100000
SLOOPY VALUE: 256
TIME: 0.121654
SUM: 4000000
THREADS: 40
COUNT PER THREAD: 100000
SLOOPY VALUE: 256
TIME: 0.121476
SUM: 4000000
THREADS: 41
COUNT PER THREAD: 100000
SLOOPY VALUE: 256
TIME: 0.145554
SUM: 4100000
THREADS: 41
COUNT PER THREAD: 100000
SLOOPY VALUE: 256
TIME: 0.143569
SUM: 4100000
THREADS: 41
COUNT PER THREAD: 100000
SLOOPY VALUE: 256
TIME: 0.141636
SUM: 4100000
THREADS: 41
COUNT PER THREAD: 100000
SLOOPY VALUE: 256
TIME: 0.136028
SUM: 4100000
THREADS: 41
COUNT PER THREAD: 100000
SLOOPY VALUE: 256
TIME: 0.144426
SUM: 4100000
THREADS: 41
COUNT PER THREAD: 100000
SLOOPY VALUE: 256
TIME: 0.145249
SUM: 4100000
THREADS: 41
COUNT PER THREAD: 100000
SLOOPY VALUE: 256
TIME: 0.153454
SUM: 4100000
THREADS: 41
COUNT PER THREAD: 100000
SLOOPY VALUE: 256
TIME: 0.150047
SUM: 4100000
THREADS: 41
COUNT PER THREAD: 100000
SLOOPY VALUE: 256
TIME: 0.137567
SUM: 4100000
THREADS: 41
COUNT PER THREAD: 100000
SLOOPY VALUE: 256
TIME: 0.148892
SUM: 4100000
THREADS: 42
COUNT PER THREAD: 100000
SLOOPY VALUE: 256
TIME: 0.118575
SUM: 4200000
THREADS: 42
COUNT PER THREAD: 100000
SLOOPY VALUE: 256
TIME: 0.119111
SUM: 4200000
THREADS: 42
COUNT PER THREAD: 100000
SLOOPY VALUE: 256
TIME: 0.117815
SUM: 4200000
THREADS: 42
COUNT PER THREAD: 100000
SLOOPY VALUE: 256
TIME: 0.119118
SUM: 4200000
THREADS: 42
COUNT PER THREAD: 100000
SLOOPY VALUE: 256
TIME: 0.115161
SUM: 4200000
THREADS: 42
COUNT PER THREAD: 100000
SLOOPY VALUE: 256
TIME: 0.117442
SUM: 4200000
THREADS: 42
COUNT PER THREAD: 100000
SLOOPY VALUE: 256
TIME: 0.113988
SUM: 4200000
THREADS: 42
COUNT PER THREAD: 100000
SLOOPY VALUE: 256
TIME: 0.113034
SUM: 4200000
THREADS: 42
COUNT PER THREAD: 100000
SLOOPY VALUE: 256
TIME: 0.113529
SUM: 4200000
THREADS: 42
COUNT PER THREAD: 100000
SLOOPY VALUE: 256
TIME: 0.109060
SUM: 4200000
THREADS: 43
COUNT PER THREAD: 100000
SLOOPY VALUE: 256
TIME: 0.121907
SUM: 4300000
THREADS: 43
COUNT PER THREAD: 100000
SLOOPY VALUE: 256
TIME: 0.122085
SUM: 4300000
THREADS: 43
COUNT PER THREAD: 100000
SLOOPY VALUE: 256
TIME: 0.125744
SUM: 4300000
THREADS: 43
COUNT PER THREAD: 100000
SLOOPY VALUE: 256
TIME: 0.116075
SUM: 4300000
THREADS: 43
COUNT PER THREAD: 100000
SLOOPY VALUE: 256
TIME: 0.121342
SUM: 4300000
THREADS: 43
COUNT PER THREAD: 100000
SLOOPY VALUE: 256
TIME: 0.108108
SUM: 4300000
THREADS: 43
COUNT PER THREAD: 100000
SLOOPY VALUE: 256
TIME: 0.119273
SUM: 4300000
THREADS: 43
COUNT PER THREAD: 100000
SLOOPY VALUE: 256
TIME: 0.119806
SUM: 4300000
THREADS: 43
COUNT PER THREAD: 100000
SLOOPY VALUE: 256
TIME: 0.117223
SUM: 4300000
THREADS: 43
COUNT PER THREAD: 100000
SLOOPY VALUE: 256
TIME: 0.117918
SUM: 4300000
THREADS: 44
COUNT PER THREAD: 100000
SLOOPY VALUE: 256
TIME: 0.125170
SUM: 4400000
THREADS: 44
COUNT PER THREAD: 100000
SLOOPY VALUE: 256
TIME: 0.133184
SUM: 4400000
THREADS: 44
COUNT PER THREAD: 100000
SLOOPY VALUE: 256
TIME: 0.115234
SUM: 4400000
THREADS: 44
COUNT PER THREAD: 100000
SLOOPY VALUE: 256
TIME: 0.117225
SUM: 4400000
THREADS: 44
COUNT PER THREAD: 100000
SLOOPY VALUE: 256
TIME: 0.134029
SUM: 4400000
THREADS: 44
COUNT PER THREAD: 100000
SLOOPY VALUE: 256
TIME: 0.132139
SUM: 4400000
THREADS: 44
COUNT PER THREAD: 100000
SLOOPY VALUE: 256
TIME: 0.130149
SUM: 4400000
THREADS: 44
COUNT PER THREAD: 100000
SLOOPY VALUE: 256
TIME: 0.124647
SUM: 4400000
THREADS: 44
COUNT PER THREAD: 100000
SLOOPY VALUE: 256
TIME: 0.125269
SUM: 4400000
THREADS: 44
COUNT PER THREAD: 100000
SLOOPY VALUE: 256
TIME: 0.121381
SUM: 4400000
THREADS: 45
COUNT PER THREAD: 100000
SLOOPY VALUE: 256
TIME: 0.115318
SUM: 4500000
THREADS: 45
COUNT PER THREAD: 100000
SLOOPY VALUE: 256
TIME: 0.114615
SUM: 4500000
THREADS: 45
COUNT PER THREAD: 100000
SLOOPY VALUE: 256
TIME: 0.126651
SUM: 4500000
THREADS: 45
COUNT PER THREAD: 100000
SLOOPY VALUE: 256
TIME: 0.126666
SUM: 4500000
THREADS: 45
COUNT PER THREAD: 100000
SLOOPY VALUE: 256
TIME: 0.122590
SUM: 4500000
THREADS: 45
COUNT PER THREAD: 100000
SLOOPY VALUE: 256
TIME: 0.112227
SUM: 4500000
THREADS: 45
COUNT PER THREAD: 100000
SLOOPY VALUE: 256
TIME: 0.118338
SUM: 4500000
THREADS: 45
COUNT PER THREAD: 100000
SLOOPY VALUE: 256
TIME: 0.136955
SUM: 4500000
THREADS: 45
COUNT PER THREAD: 100000
SLOOPY VALUE: 256
TIME: 0.129959
SUM: 4500000
THREADS: 45
COUNT PER THREAD: 100000
SLOOPY VALUE: 256
TIME: 0.121364
SUM: 4500000
THREADS: 46
COUNT PER THREAD: 100000
SLOOPY VALUE: 256
TIME: 0.125993
SUM: 4600000
THREADS: 46
COUNT PER THREAD: 100000
SLOOPY VALUE: 256
TIME: 0.126982
SUM: 4600000
THREADS: 46
COUNT PER THREAD: 100000
SLOOPY VALUE: 256
TIME: 0.118632
SUM: 4600000
THREADS: 46
COUNT PER THREAD: 100000
SLOOPY VALUE: 256
TIME: 0.117381
SUM: 4600000
THREADS: 46
COUNT PER THREAD: 100000
SLOOPY VALUE: 256
TIME: 0.114926
SUM: 4600000
THREADS: 46
COUNT PER THREAD: 100000
SLOOPY VALUE: 256
TIME: 0.118525
SUM: 4600000
THREADS: 46
COUNT PER THREAD: 100000
SLOOPY VALUE: 256
TIME: 0.123470
SUM: 4600000
THREADS: 46
COUNT PER THREAD: 100000
SLOOPY VALUE: 256
TIME: 0.127763
SUM: 4600000
THREADS: 46
COUNT PER THREAD: 100000
SLOOPY VALUE: 256
TIME: 0.128279
SUM: 4600000
THREADS: 46
COUNT PER THREAD: 100000
SLOOPY VALUE: 256
TIME: 0.118904
SUM: 4600000
THREADS: 47
COUNT PER THREAD: 100000
SLOOPY VALUE: 256
TIME: 0.150385
SUM: 4700000
THREADS: 47
COUNT PER THREAD: 100000
SLOOPY VALUE: 256
TIME: 0.149298
SUM: 4700000
THREADS: 47
COUNT PER THREAD: 100000
SLOOPY VALUE: 256
TIME: 0.143381
SUM: 4700000
THREADS: 47
COUNT PER THREAD: 100000
SLOOPY VALUE: 256
TIME: 0.147171
SUM: 4700000
THREADS: 47
COUNT PER THREAD: 100000
SLOOPY VALUE: 256
TIME: 0.148492
SUM: 4700000
THREADS: 47
COUNT PER THREAD: 100000
SLOOPY VALUE: 256
TIME: 0.147705
SUM: 4700000
THREADS: 47
COUNT PER THREAD: 100000
SLOOPY VALUE: 256
TIME: 0.143486
SUM: 4700000
THREADS: 47
COUNT PER THREAD: 100000
SLOOPY VALUE: 256
TIME: 0.143534
SUM: 4700000
THREADS: 47
COUNT PER THREAD: 100000
SLOOPY VALUE: 256
TIME: 0.149303
SUM: 4700000
THREADS: 47
COUNT PER THREAD: 100000
SLOOPY VALUE: 256
TIME: 0.150567
SUM: 4700000
THREADS: 48
COUNT PER THREAD: 100000
SLOOPY VALUE: 256
TIME: 0.142122
SUM: 4800000
THREADS: 48
COUNT PER THREAD: 100000
SLOOPY VALUE: 256
TIME: 0.152569
SUM: 4800000
THREADS: 48
COUNT PER THREAD: 100000
SLOOPY VALUE: 256
TIME: 0.138346
SUM: 4800000
THREADS: 48
COUNT PER THREAD: 100000
SLOOPY VALUE: 256
TIME: 0.138103
SUM: 4800000
THREADS: 48
COUNT PER THREAD: 100000
SLOOPY VALUE: 256
TIME: 0.149382
SUM: 4800000
THREADS: 48
COUNT PER THREAD: 100000
SLOOPY VALUE: 256
TIME: 0.171506
SUM: 4800000
THREADS: 48
COUNT PER THREAD: 100000
SLOOPY VALUE: 256
TIME: 0.155409
SUM: 4800000
THREADS: 48
COUNT PER THREAD: 100000
SLOOPY VALUE: 256
TIME: 0.164467
SUM: 4800000
THREADS: 48
COUNT PER THREAD: 100000
SLOOPY VALUE: 256
TIME: 0.159560
SUM: 4800000
THREADS: 48
COUNT PER THREAD: 100000
SLOOPY VALUE: 256
TIME: 0.150915
SUM: 4800000
THREADS: 49
COUNT PER THREAD: 100000
SLOOPY VALUE: 256
TIME: 0.170363
SUM: 4900000
THREADS: 49
COUNT PER THREAD: 100000
SLOOPY VALUE: 256
TIME: 0.174479
SUM: 4900000
THREADS: 49
COUNT PER THREAD: 100000
SLOOPY VALUE: 256
TIME: 0.157115
SUM: 4900000
THREADS: 49
COUNT PER THREAD: 100000
SLOOPY VALUE: 256
TIME: 0.160882
SUM: 4900000
THREADS: 49
COUNT PER THREAD: 100000
SLOOPY VALUE: 256
TIME: 0.161112
SUM: 4900000
THREADS: 49
COUNT PER THREAD: 100000
SLOOPY VALUE: 256
TIME: 0.151572
SUM: 4900000
THREADS: 49
COUNT PER THREAD: 100000
SLOOPY VALUE: 256
TIME: 0.157804
SUM: 4900000
THREADS: 49
COUNT PER THREAD: 100000
SLOOPY VALUE: 256
TIME: 0.157575
SUM: 4900000
THREADS: 49
COUNT PER THREAD: 100000
SLOOPY VALUE: 256
TIME: 0.167491
SUM: 4900000
THREADS: 49
COUNT PER THREAD: 100000
SLOOPY VALUE: 256
TIME: 0.157137
SUM: 4900000
THREADS: 50
COUNT PER THREAD: 100000
SLOOPY VALUE: 256
TIME: 0.149062
SUM: 5000000
THREADS: 50
COUNT PER THREAD: 100000
SLOOPY VALUE: 256
TIME: 0.144635
SUM: 5000000
THREADS: 50
COUNT PER THREAD: 100000
SLOOPY VALUE: 256
TIME: 0.144260
SUM: 5000000
THREADS: 50
COUNT PER THREAD: 100000
SLOOPY VALUE: 256
TIME: 0.153190
SUM: 5000000
THREADS: 50
COUNT PER THREAD: 100000
SLOOPY VALUE: 256
TIME: 0.145902
SUM: 5000000
THREADS: 50
COUNT PER THREAD: 100000
SLOOPY VALUE: 256
TIME: 0.146337
SUM: 5000000
THREADS: 50
COUNT PER THREAD: 100000
SLOOPY VALUE: 256
TIME: 0.146268
SUM: 5000000
THREADS: 50
COUNT PER THREAD: 100000
SLOOPY VALUE: 256
TIME: 0.146892
SUM: 5000000
THREADS: 50
COUNT PER THREAD: 100000
SLOOPY VALUE: 256
TIME: 0.156425
SUM: 5000000
THREADS: 50
COUNT PER THREAD: 100000
SLOOPY VALUE: 256
TIME: 0.149162
SUM: 5000000
THREADS: 51
COUNT PER THREAD: 100000
SLOOPY VALUE: 256
TIME: 0.145754
SUM: 5100000
THREADS: 51
COUNT PER THREAD: 100000
SLOOPY VALUE: 256
TIME: 0.155555
SUM: 5100000
THREADS: 51
COUNT PER THREAD: 100000
SLOOPY VALUE: 256
TIME: 0.140644
SUM: 5100000
THREADS: 51
COUNT PER THREAD: 100000
SLOOPY VALUE: 256
TIME: 0.143027
SUM: 5100000
THREADS: 51
COUNT PER THREAD: 100000
SLOOPY VALUE: 256
TIME: 0.148993
SUM: 5100000
THREADS: 51
COUNT PER THREAD: 100000
SLOOPY VALUE: 256
TIME: 0.146409
SUM: 5100000
THREADS: 51
COUNT PER THREAD: 100000
SLOOPY VALUE: 256
TIME: 0.142356
SUM: 5100000
THREADS: 51
COUNT PER THREAD: 100000
SLOOPY VALUE: 256
TIME: 0.141649
SUM: 5100000
THREADS: 51
COUNT PER THREAD: 100000
SLOOPY VALUE: 256
TIME: 0.148358
SUM: 5100000
THREADS: 51
COUNT PER THREAD: 100000
SLOOPY VALUE: 256
TIME: 0.159727
SUM: 5100000
THREADS: 52
COUNT PER THREAD: 100000
SLOOPY VALUE: 256
TIME: 0.157839
SUM: 5200000
THREADS: 52
COUNT PER THREAD: 100000
SLOOPY VALUE: 256
TIME: 0.141734
SUM: 5200000
THREADS: 52
COUNT PER THREAD: 100000
SLOOPY VALUE: 256
TIME: 0.149448
SUM: 5200000
THREADS: 52
COUNT PER THREAD: 100000
SLOOPY VALUE: 256
TIME: 0.153672
SUM: 5200000
THREADS: 52
COUNT PER THREAD: 100000
SLOOPY VALUE: 256
TIME: 0.142618
SUM: 5200000
THREADS: 52
COUNT PER THREAD: 100000
SLOOPY VALUE: 256
TIME: 0.147636
SUM: 5200000
THREADS: 52
COUNT PER THREAD: 100000
SLOOPY VALUE: 256
TIME: 0.148514
SUM: 5200000
THREADS: 52
COUNT PER THREAD: 100000
SLOOPY VALUE: 256
TIME: 0.146722
SUM: 5200000
THREADS: 52
COUNT PER THREAD: 100000
SLOOPY VALUE: 256
TIME: 0.146580
SUM: 5200000
THREADS: 52
COUNT PER THREAD: 100000
SLOOPY VALUE: 256
TIME: 0.155360
SUM: 5200000
THREADS: 53
COUNT PER THREAD: 100000
SLOOPY VALUE: 256
TIME: 0.143186
SUM: 5300000
THREADS: 53
COUNT PER THREAD: 100000
SLOOPY VALUE: 256
TIME: 0.151773
SUM: 5300000
THREADS: 53
COUNT PER THREAD: 100000
SLOOPY VALUE: 256
TIME: 0.145868
SUM: 5300000
THREADS: 53
COUNT PER THREAD: 100000
SLOOPY VALUE: 256
TIME: 0.150821
SUM: 5300000
THREADS: 53
COUNT PER THREAD: 100000
SLOOPY VALUE: 256
TIME: 0.154917
SUM: 5300000
THREADS: 53
COUNT PER THREAD: 100000
SLOOPY VALUE: 256
TIME: 0.155011
SUM: 5300000
THREADS: 53
COUNT PER THREAD: 100000
SLOOPY VALUE: 256
TIME: 0.159444
SUM: 5300000
THREADS: 53
COUNT PER THREAD: 100000
SLOOPY VALUE: 256
TIME: 0.160795
SUM: 5300000
THREADS: 53
COUNT PER THREAD: 100000
SLOOPY VALUE: 256
TIME: 0.141572
SUM: 5300000
THREADS: 53
COUNT PER THREAD: 100000
SLOOPY VALUE: 256
TIME: 0.154480
SUM: 5300000
THREADS: 54
COUNT PER THREAD: 100000
SLOOPY VALUE: 256
TIME: 0.167840
SUM: 5400000
THREADS: 54
COUNT PER THREAD: 100000
SLOOPY VALUE: 256
TIME: 0.175586
SUM: 5400000
THREADS: 54
COUNT PER THREAD: 100000
SLOOPY VALUE: 256
TIME: 0.169776
SUM: 5400000
THREADS: 54
COUNT PER THREAD: 100000
SLOOPY VALUE: 256
TIME: 0.174646
SUM: 5400000
THREADS: 54
COUNT PER THREAD: 100000
SLOOPY VALUE: 256
TIME: 0.176961
SUM: 5400000
THREADS: 54
COUNT PER THREAD: 100000
SLOOPY VALUE: 256
TIME: 0.173754
SUM: 5400000
THREADS: 54
COUNT PER THREAD: 100000
SLOOPY VALUE: 256
TIME: 0.181533
SUM: 5400000
THREADS: 54
COUNT PER THREAD: 100000
SLOOPY VALUE: 256
TIME: 0.167628
SUM: 5400000
THREADS: 54
COUNT PER THREAD: 100000
SLOOPY VALUE: 256
TIME: 0.176561
SUM: 5400000
THREADS: 54
COUNT PER THREAD: 100000
SLOOPY VALUE: 256
TIME: 0.176678
SUM: 5400000
THREADS: 55
COUNT PER THREAD: 100000
SLOOPY VALUE: 256
TIME: 0.155688
SUM: 5500000
THREADS: 55
COUNT PER THREAD: 100000
SLOOPY VALUE: 256
TIME: 0.163988
SUM: 5500000
THREADS: 55
COUNT PER THREAD: 100000
SLOOPY VALUE: 256
TIME: 0.161239
SUM: 5500000
THREADS: 55
COUNT PER THREAD: 100000
SLOOPY VALUE: 256
TIME: 0.156548
SUM: 5500000
THREADS: 55
COUNT PER THREAD: 100000
SLOOPY VALUE: 256
TIME: 0.160253
SUM: 5500000
THREADS: 55
COUNT PER THREAD: 100000
SLOOPY VALUE: 256
TIME: 0.162404
SUM: 5500000
THREADS: 55
COUNT PER THREAD: 100000
SLOOPY VALUE: 256
TIME: 0.157845
SUM: 5500000
THREADS: 55
COUNT PER THREAD: 100000
SLOOPY VALUE: 256
TIME: 0.158629
SUM: 5500000
THREADS: 55
COUNT PER THREAD: 100000
SLOOPY VALUE: 256
TIME: 0.157498
SUM: 5500000
THREADS: 55
COUNT PER THREAD: 100000
SLOOPY VALUE: 256
TIME: 0.157610
SUM: 5500000
THREADS: 56
COUNT PER THREAD: 100000
SLOOPY VALUE: 256
TIME: 0.221809
SUM: 5600000
THREADS: 56
COUNT PER THREAD: 100000
SLOOPY VALUE: 256
TIME: 0.222898
SUM: 5600000
THREADS: 56
COUNT PER THREAD: 100000
SLOOPY VALUE: 256
TIME: 0.218234
SUM: 5600000
THREADS: 56
COUNT PER THREAD: 100000
SLOOPY VALUE: 256
TIME: 0.205253
SUM: 5600000
THREADS: 56
COUNT PER THREAD: 100000
SLOOPY VALUE: 256
TIME: 0.209524
SUM: 5600000
THREADS: 56
COUNT PER THREAD: 100000
SLOOPY VALUE: 256
TIME: 0.199346
SUM: 5600000
THREADS: 56
COUNT PER THREAD: 100000
SLOOPY VALUE: 256
TIME: 0.187481
SUM: 5600000
THREADS: 56
COUNT PER THREAD: 100000
SLOOPY VALUE: 256
TIME: 0.187402
SUM: 5600000
THREADS: 56
COUNT PER THREAD: 100000
SLOOPY VALUE: 256
TIME: 0.198349
SUM: 5600000
THREADS: 56
COUNT PER THREAD: 100000
SLOOPY VALUE: 256
TIME: 0.205964
SUM: 5600000
THREADS: 57
COUNT PER THREAD: 100000
SLOOPY VALUE: 256
TIME: 0.176879
SUM: 5700000
THREADS: 57
COUNT PER THREAD: 100000
SLOOPY VALUE: 256
TIME: 0.174394
SUM: 5700000
THREADS: 57
COUNT PER THREAD: 100000
SLOOPY VALUE: 256
TIME: 0.166045
SUM: 5700000
THREADS: 57
COUNT PER THREAD: 100000
SLOOPY VALUE: 256
TIME: 0.161812
SUM: 5700000
THREADS: 57
COUNT PER THREAD: 100000
SLOOPY VALUE: 256
TIME: 0.165912
SUM: 5700000
THREADS: 57
COUNT PER THREAD: 100000
SLOOPY VALUE: 256
TIME: 0.168993
SUM: 5700000
THREADS: 57
COUNT PER THREAD: 100000
SLOOPY VALUE: 256
TIME: 0.175364
SUM: 5700000
THREADS: 57
COUNT PER THREAD: 100000
SLOOPY VALUE: 256
TIME: 0.164779
SUM: 5700000
THREADS: 57
COUNT PER THREAD: 100000
SLOOPY VALUE: 256
TIME: 0.164807
SUM: 5700000
THREADS: 57
COUNT PER THREAD: 100000
SLOOPY VALUE: 256
TIME: 0.166688
SUM: 5700000
THREADS: 58
COUNT PER THREAD: 100000
SLOOPY VALUE: 256
TIME: 0.170773
SUM: 5800000
THREADS: 58
COUNT PER THREAD: 100000
SLOOPY VALUE: 256
TIME: 0.180356
SUM: 5800000
THREADS: 58
COUNT PER THREAD: 100000
SLOOPY VALUE: 256
TIME: 0.171818
SUM: 5800000
THREADS: 58
COUNT PER THREAD: 100000
SLOOPY VALUE: 256
TIME: 0.169203
SUM: 5800000
THREADS: 58
COUNT PER THREAD: 100000
SLOOPY VALUE: 256
TIME: 0.169474
SUM: 5800000
THREADS: 58
COUNT PER THREAD: 100000
SLOOPY VALUE: 256
TIME: 0.171212
SUM: 5800000
THREADS: 58
COUNT PER THREAD: 100000
SLOOPY VALUE: 256
TIME: 0.166218
SUM: 5800000
THREADS: 58
COUNT PER THREAD: 100000
SLOOPY VALUE: 256
TIME: 0.176158
SUM: 5800000
THREADS: 58
COUNT PER THREAD: 100000
SLOOPY VALUE: 256
TIME: 0.167316
SUM: 5800000
THREADS: 58
COUNT PER THREAD: 100000
SLOOPY VALUE: 256
TIME: 0.169802
SUM: 5800000
THREADS: 59
COUNT PER THREAD: 100000
SLOOPY VALUE: 256
TIME: 0.191322
SUM: 5900000
THREADS: 59
COUNT PER THREAD: 100000
SLOOPY VALUE: 256
TIME: 0.185772
SUM: 5900000
THREADS: 59
COUNT PER THREAD: 100000
SLOOPY VALUE: 256
TIME: 0.194943
SUM: 5900000
THREADS: 59
COUNT PER THREAD: 100000
SLOOPY VALUE: 256
TIME: 0.183879
SUM: 5900000
THREADS: 59
COUNT PER THREAD: 100000
SLOOPY VALUE: 256
TIME: 0.184894
SUM: 5900000
THREADS: 59
COUNT PER THREAD: 100000
SLOOPY VALUE: 256
TIME: 0.187422
SUM: 5900000
THREADS: 59
COUNT PER THREAD: 100000
SLOOPY VALUE: 256
TIME: 0.192840
SUM: 5900000
THREADS: 59
COUNT PER THREAD: 100000
SLOOPY VALUE: 256
TIME: 0.187209
SUM: 5900000
THREADS: 59
COUNT PER THREAD: 100000
SLOOPY VALUE: 256
TIME: 0.190049
SUM: 5900000
THREADS: 59
COUNT PER THREAD: 100000
SLOOPY VALUE: 256
TIME: 0.188388
SUM: 5900000
THREADS: 60
COUNT PER THREAD: 100000
SLOOPY VALUE: 256
TIME: 0.189193
SUM: 6000000
THREADS: 60
COUNT PER THREAD: 100000
SLOOPY VALUE: 256
TIME: 0.194093
SUM: 6000000
THREADS: 60
COUNT PER THREAD: 100000
SLOOPY VALUE: 256
TIME: 0.196796
SUM: 6000000
THREADS: 60
COUNT PER THREAD: 100000
SLOOPY VALUE: 256
TIME: 0.188449
SUM: 6000000
THREADS: 60
COUNT PER THREAD: 100000
SLOOPY VALUE: 256
TIME: 0.201395
SUM: 6000000
THREADS: 60
COUNT PER THREAD: 100000
SLOOPY VALUE: 256
TIME: 0.192874
SUM: 6000000
THREADS: 60
COUNT PER THREAD: 100000
SLOOPY VALUE: 256
TIME: 0.201762
SUM: 6000000
THREADS: 60
COUNT PER THREAD: 100000
SLOOPY VALUE: 256
TIME: 0.183665
SUM: 6000000
THREADS: 60
COUNT PER THREAD: 100000
SLOOPY VALUE: 256
TIME: 0.188489
SUM: 6000000
THREADS: 60
COUNT PER THREAD: 100000
SLOOPY VALUE: 256
TIME: 0.194103
SUM: 6000000
THREADS: 61
COUNT PER THREAD: 100000
SLOOPY VALUE: 256
TIME: 0.236879
SUM: 6100000
THREADS: 61
COUNT PER THREAD: 100000
SLOOPY VALUE: 256
TIME: 0.512087
SUM: 6100000
THREADS: 61
COUNT PER THREAD: 100000
SLOOPY VALUE: 256
TIME: 0.431447
SUM: 6100000
THREADS: 61
COUNT PER THREAD: 100000
SLOOPY VALUE: 256
TIME: 0.378673
SUM: 6100000
THREADS: 61
COUNT PER THREAD: 100000
SLOOPY VALUE: 256
TIME: 0.193064
SUM: 6100000
THREADS: 61
COUNT PER THREAD: 100000
SLOOPY VALUE: 256
TIME: 0.181831
SUM: 6100000
THREADS: 61
COUNT PER THREAD: 100000
SLOOPY VALUE: 256
TIME: 0.194054
SUM: 6100000
THREADS: 61
COUNT PER THREAD: 100000
SLOOPY VALUE: 256
TIME: 0.189443
SUM: 6100000
THREADS: 61
COUNT PER THREAD: 100000
SLOOPY VALUE: 256
TIME: 0.191948
SUM: 6100000
THREADS: 61
COUNT PER THREAD: 100000
SLOOPY VALUE: 256
TIME: 0.184752
SUM: 6100000
THREADS: 62
COUNT PER THREAD: 100000
SLOOPY VALUE: 256
TIME: 0.210905
SUM: 6200000
THREADS: 62
COUNT PER THREAD: 100000
SLOOPY VALUE: 256
TIME: 0.217180
SUM: 6200000
THREADS: 62
COUNT PER THREAD: 100000
SLOOPY VALUE: 256
TIME: 0.209736
SUM: 6200000
THREADS: 62
COUNT PER THREAD: 100000
SLOOPY VALUE: 256
TIME: 0.217519
SUM: 6200000
THREADS: 62
COUNT PER THREAD: 100000
SLOOPY VALUE: 256
TIME: 0.223920
SUM: 6200000
THREADS: 62
COUNT PER THREAD: 100000
SLOOPY VALUE: 256
TIME: 0.216483
SUM: 6200000
THREADS: 62
COUNT PER THREAD: 100000
SLOOPY VALUE: 256
TIME: 0.215193
SUM: 6200000
THREADS: 62
COUNT PER THREAD: 100000
SLOOPY VALUE: 256
TIME: 0.202514
SUM: 6200000
THREADS: 62
COUNT PER THREAD: 100000
SLOOPY VALUE: 256
TIME: 0.206074
SUM: 6200000
THREADS: 62
COUNT PER THREAD: 100000
SLOOPY VALUE: 256
TIME: 0.201922
SUM: 6200000
THREADS: 63
COUNT PER THREAD: 100000
SLOOPY VALUE: 256
TIME: 0.177552
SUM: 6300000
THREADS: 63
COUNT PER THREAD: 100000
SLOOPY VALUE: 256
TIME: 0.178060
SUM: 6300000
THREADS: 63
COUNT PER THREAD: 100000
SLOOPY VALUE: 256
TIME: 0.186248
SUM: 6300000
THREADS: 63
COUNT PER THREAD: 100000
SLOOPY VALUE: 256
TIME: 0.185830
SUM: 6300000
THREADS: 63
COUNT PER THREAD: 100000
SLOOPY VALUE: 256
TIME: 0.182288
SUM: 6300000
THREADS: 63
COUNT PER THREAD: 100000
SLOOPY VALUE: 256
TIME: 0.181904
SUM: 6300000
THREADS: 63
COUNT PER THREAD: 100000
SLOOPY VALUE: 256
TIME: 0.180054
SUM: 6300000
THREADS: 63
COUNT PER THREAD: 100000
SLOOPY VALUE: 256
TIME: 0.178894
SUM: 6300000
THREADS: 63
COUNT PER THREAD: 100000
SLOOPY VALUE: 256
TIME: 0.183362
SUM: 6300000
THREADS: 63
COUNT PER THREAD: 100000
SLOOPY VALUE: 256
TIME: 0.182862
SUM: 6300000
THREADS: 64
COUNT PER THREAD: 100000
SLOOPY VALUE: 256
TIME: 0.201570
SUM: 6400000
THREADS: 64
COUNT PER THREAD: 100000
SLOOPY VALUE: 256
TIME: 0.200945
SUM: 6400000
THREADS: 64
COUNT PER THREAD: 100000
SLOOPY VALUE: 256
TIME: 0.200190
SUM: 6400000
THREADS: 64
COUNT PER THREAD: 100000
SLOOPY VALUE: 256
TIME: 0.190125
SUM: 6400000
THREADS: 64
COUNT PER THREAD: 100000
SLOOPY VALUE: 256
TIME: 0.204114
SUM: 6400000
THREADS: 64
COUNT PER THREAD: 100000
SLOOPY VALUE: 256
TIME: 0.204325
SUM: 6400000
THREADS: 64
COUNT PER THREAD: 100000
SLOOPY VALUE: 256
TIME: 0.220913
SUM: 6400000
THREADS: 64
COUNT PER THREAD: 100000
SLOOPY VALUE: 256
TIME: 0.222029
SUM: 6400000
THREADS: 64
COUNT PER THREAD: 100000
SLOOPY VALUE: 256
TIME: 0.211697
SUM: 6400000
THREADS: 64
COUNT PER THREAD: 100000
SLOOPY VALUE: 256
TIME: 0.211933
SUM: 6400000
THREADS: 65
COUNT PER THREAD: 100000
SLOOPY VALUE: 256
TIME: 0.207877
SUM: 6500000
THREADS: 65
COUNT PER THREAD: 100000
SLOOPY VALUE: 256
TIME: 0.204943
SUM: 6500000
THREADS: 65
COUNT PER THREAD: 100000
SLOOPY VALUE: 256
TIME: 0.198904
SUM: 6500000
THREADS: 65
COUNT PER THREAD: 100000
SLOOPY VALUE: 256
TIME: 0.188390
SUM: 6500000
THREADS: 65
COUNT PER THREAD: 100000
SLOOPY VALUE: 256
TIME: 0.200766
SUM: 6500000
THREADS: 65
COUNT PER THREAD: 100000
SLOOPY VALUE: 256
TIME: 0.184395
SUM: 6500000
THREADS: 65
COUNT PER THREAD: 100000
SLOOPY VALUE: 256
TIME: 0.191903
SUM: 6500000
THREADS: 65
COUNT PER THREAD: 100000
SLOOPY VALUE: 256
TIME: 0.194068
SUM: 6500000
THREADS: 65
COUNT PER THREAD: 100000
SLOOPY VALUE: 256
TIME: 0.214623
SUM: 6500000
THREADS: 65
COUNT PER THREAD: 100000
SLOOPY VALUE: 256
TIME: 0.201331
SUM: 6500000
THREADS: 66
COUNT PER THREAD: 100000
SLOOPY VALUE: 256
TIME: 0.201344
SUM: 6600000
THREADS: 66
COUNT PER THREAD: 100000
SLOOPY VALUE: 256
TIME: 0.208425
SUM: 6600000
THREADS: 66
COUNT PER THREAD: 100000
SLOOPY VALUE: 256
TIME: 0.202452
SUM: 6600000
THREADS: 66
COUNT PER THREAD: 100000
SLOOPY VALUE: 256
TIME: 0.202484
SUM: 6600000
THREADS: 66
COUNT PER THREAD: 100000
SLOOPY VALUE: 256
TIME: 0.188517
SUM: 6600000
THREADS: 66
COUNT PER THREAD: 100000
SLOOPY VALUE: 256
TIME: 0.199571
SUM: 6600000
THREADS: 66
COUNT PER THREAD: 100000
SLOOPY VALUE: 256
TIME: 0.193475
SUM: 6600000
THREADS: 66
COUNT PER THREAD: 100000
SLOOPY VALUE: 256
TIME: 0.202010
SUM: 6600000
THREADS: 66
COUNT PER THREAD: 100000
SLOOPY VALUE: 256
TIME: 0.202799
SUM: 6600000
THREADS: 66
COUNT PER THREAD: 100000
SLOOPY VALUE: 256
TIME: 0.209803
SUM: 6600000
THREADS: 67
COUNT PER THREAD: 100000
SLOOPY VALUE: 256
TIME: 0.264332
SUM: 6700000
THREADS: 67
COUNT PER THREAD: 100000
SLOOPY VALUE: 256
TIME: 0.278914
SUM: 6700000
THREADS: 67
COUNT PER THREAD: 100000
SLOOPY VALUE: 256
TIME: 0.255268
SUM: 6700000
THREADS: 67
COUNT PER THREAD: 100000
SLOOPY VALUE: 256
TIME: 0.251268
SUM: 6700000
THREADS: 67
COUNT PER THREAD: 100000
SLOOPY VALUE: 256
TIME: 0.246819
SUM: 6700000
THREADS: 67
COUNT PER THREAD: 100000
SLOOPY VALUE: 256
TIME: 0.249344
SUM: 6700000
THREADS: 67
COUNT PER THREAD: 100000
SLOOPY VALUE: 256
TIME: 0.235767
SUM: 6700000
THREADS: 67
COUNT PER THREAD: 100000
SLOOPY VALUE: 256
TIME: 0.246954
SUM: 6700000
THREADS: 67
COUNT PER THREAD: 100000
SLOOPY VALUE: 256
TIME: 0.260455
SUM: 6700000
THREADS: 67
COUNT PER THREAD: 100000
SLOOPY VALUE: 256
TIME: 0.253476
SUM: 6700000
THREADS: 68
COUNT PER THREAD: 100000
SLOOPY VALUE: 256
TIME: 0.181900
SUM: 6800000
THREADS: 68
COUNT PER THREAD: 100000
SLOOPY VALUE: 256
TIME: 0.181632
SUM: 6800000
THREADS: 68
COUNT PER THREAD: 100000
SLOOPY VALUE: 256
TIME: 0.182418
SUM: 6800000
THREADS: 68
COUNT PER THREAD: 100000
SLOOPY VALUE: 256
TIME: 0.181577
SUM: 6800000
THREADS: 68
COUNT PER THREAD: 100000
SLOOPY VALUE: 256
TIME: 0.187343
SUM: 6800000
THREADS: 68
COUNT PER THREAD: 100000
SLOOPY VALUE: 256
TIME: 0.189269
SUM: 6800000
THREADS: 68
COUNT PER THREAD: 100000
SLOOPY VALUE: 256
TIME: 0.184584
SUM: 6800000
THREADS: 68
COUNT PER THREAD: 100000
SLOOPY VALUE: 256
TIME: 0.181796
SUM: 6800000
THREADS: 68
COUNT PER THREAD: 100000
SLOOPY VALUE: 256
TIME: 0.181367
SUM: 6800000
THREADS: 68
COUNT PER THREAD: 100000
SLOOPY VALUE: 256
TIME: 0.179225
SUM: 6800000
THREADS: 69
COUNT PER THREAD: 100000
SLOOPY VALUE: 256
TIME: 0.184200
SUM: 6900000
THREADS: 69
COUNT PER THREAD: 100000
SLOOPY VALUE: 256
TIME: 0.189698
SUM: 6900000
THREADS: 69
COUNT PER THREAD: 100000
SLOOPY VALUE: 256
TIME: 0.185035
SUM: 6900000
THREADS: 69
COUNT PER THREAD: 100000
SLOOPY VALUE: 256
TIME: 0.185828
SUM: 6900000
THREADS: 69
COUNT PER THREAD: 100000
SLOOPY VALUE: 256
TIME: 0.180369
SUM: 6900000
THREADS: 69
COUNT PER THREAD: 100000
SLOOPY VALUE: 256
TIME: 0.182597
SUM: 6900000
THREADS: 69
COUNT PER THREAD: 100000
SLOOPY VALUE: 256
TIME: 0.181469
SUM: 6900000
THREADS: 69
COUNT PER THREAD: 100000
SLOOPY VALUE: 256
TIME: 0.182304
SUM: 6900000
THREADS: 69
COUNT PER THREAD: 100000
SLOOPY VALUE: 256
TIME: 0.182089
SUM: 6900000
THREADS: 69
COUNT PER THREAD: 100000
SLOOPY VALUE: 256
TIME: 0.186273
SUM: 6900000
THREADS: 70
COUNT PER THREAD: 100000
SLOOPY VALUE: 256
TIME: 0.272520
SUM: 7000000
THREADS: 70
COUNT PER THREAD: 100000
SLOOPY VALUE: 256
TIME: 0.237039
SUM: 7000000
THREADS: 70
COUNT PER THREAD: 100000
SLOOPY VALUE: 256
TIME: 0.218986
SUM: 7000000
THREADS: 70
COUNT PER THREAD: 100000
SLOOPY VALUE: 256
TIME: 0.205588
SUM: 7000000
THREADS: 70
COUNT PER THREAD: 100000
SLOOPY VALUE: 256
TIME: 0.201827
SUM: 7000000
THREADS: 70
COUNT PER THREAD: 100000
SLOOPY VALUE: 256
TIME: 0.205888
SUM: 7000000
THREADS: 70
COUNT PER THREAD: 100000
SLOOPY VALUE: 256
TIME: 0.201770
SUM: 7000000
THREADS: 70
COUNT PER THREAD: 100000
SLOOPY VALUE: 256
TIME: 0.200628
SUM: 7000000
THREADS: 70
COUNT PER THREAD: 100000
SLOOPY VALUE: 256
TIME: 0.204440
SUM: 7000000
THREADS: 70
COUNT PER THREAD: 100000
SLOOPY VALUE: 256
TIME: 0.193073
SUM: 7000000
THREADS: 71
COUNT PER THREAD: 100000
SLOOPY VALUE: 256
TIME: 0.185585
SUM: 7100000
THREADS: 71
COUNT PER THREAD: 100000
SLOOPY VALUE: 256
TIME: 0.186970
SUM: 7100000
THREADS: 71
COUNT PER THREAD: 100000
SLOOPY VALUE: 256
TIME: 0.185462
SUM: 7100000
THREADS: 71
COUNT PER THREAD: 100000
SLOOPY VALUE: 256
TIME: 0.186573
SUM: 7100000
THREADS: 71
COUNT PER THREAD: 100000
SLOOPY VALUE: 256
TIME: 0.185609
SUM: 7100000
THREADS: 71
COUNT PER THREAD: 100000
SLOOPY VALUE: 256
TIME: 0.185377
SUM: 7100000
THREADS: 71
COUNT PER THREAD: 100000
SLOOPY VALUE: 256
TIME: 0.187440
SUM: 7100000
THREADS: 71
COUNT PER THREAD: 100000
SLOOPY VALUE: 256
TIME: 0.186109
SUM: 7100000
THREADS: 71
COUNT PER THREAD: 100000
SLOOPY VALUE: 256
TIME: 0.186056
SUM: 7100000
THREADS: 71
COUNT PER THREAD: 100000
SLOOPY VALUE: 256
TIME: 0.189514
SUM: 7100000
THREADS: 72
COUNT PER THREAD: 100000
SLOOPY VALUE: 256
TIME: 0.189013
SUM: 7200000
THREADS: 72
COUNT PER THREAD: 100000
SLOOPY VALUE: 256
TIME: 0.191442
SUM: 7200000
THREADS: 72
COUNT PER THREAD: 100000
SLOOPY VALUE: 256
TIME: 0.188434
SUM: 7200000
THREADS: 72
COUNT PER THREAD: 100000
SLOOPY VALUE: 256
TIME: 0.189035
SUM: 7200000
THREADS: 72
COUNT PER THREAD: 100000
SLOOPY VALUE: 256
TIME: 0.193129
SUM: 7200000
THREADS: 72
COUNT PER THREAD: 100000
SLOOPY VALUE: 256
TIME: 0.192810
SUM: 7200000
THREADS: 72
COUNT PER THREAD: 100000
SLOOPY VALUE: 256
TIME: 0.189494
SUM: 7200000
THREADS: 72
COUNT PER THREAD: 100000
SLOOPY VALUE: 256
TIME: 0.188873
SUM: 7200000
THREADS: 72
COUNT PER THREAD: 100000
SLOOPY VALUE: 256
TIME: 0.188359
SUM: 7200000
THREADS: 72
COUNT PER THREAD: 100000
SLOOPY VALUE: 256
TIME: 0.192568
SUM: 7200000
THREADS: 73
COUNT PER THREAD: 100000
SLOOPY VALUE: 256
TIME: 0.222859
SUM: 7300000
THREADS: 73
COUNT PER THREAD: 100000
SLOOPY VALUE: 256
TIME: 0.223700
SUM: 7300000
THREADS: 73
COUNT PER THREAD: 100000
SLOOPY VALUE: 256
TIME: 0.222828
SUM: 7300000
THREADS: 73
COUNT PER THREAD: 100000
SLOOPY VALUE: 256
TIME: 0.218461
SUM: 7300000
THREADS: 73
COUNT PER THREAD: 100000
SLOOPY VALUE: 256
TIME: 0.219013
SUM: 7300000
THREADS: 73
COUNT PER THREAD: 100000
SLOOPY VALUE: 256
TIME: 0.224210
SUM: 7300000
THREADS: 73
COUNT PER THREAD: 100000
SLOOPY VALUE: 256
TIME: 0.233373
SUM: 7300000
THREADS: 73
COUNT PER THREAD: 100000
SLOOPY VALUE: 256
TIME: 0.226150
SUM: 7300000
THREADS: 73
COUNT PER THREAD: 100000
SLOOPY VALUE: 256
TIME: 0.221460
SUM: 7300000
THREADS: 73
COUNT PER THREAD: 100000
SLOOPY VALUE: 256
TIME: 0.221070
SUM: 7300000
THREADS: 74
COUNT PER THREAD: 100000
SLOOPY VALUE: 256
TIME: 0.227950
SUM: 7400000
THREADS: 74
COUNT PER THREAD: 100000
SLOOPY VALUE: 256
TIME: 0.225851
SUM: 7400000
THREADS: 74
COUNT PER THREAD: 100000
SLOOPY VALUE: 256
TIME: 0.223924
SUM: 7400000
THREADS: 74
COUNT PER THREAD: 100000
SLOOPY VALUE: 256
TIME: 0.219285
SUM: 7400000
THREADS: 74
COUNT PER THREAD: 100000
SLOOPY VALUE: 256
TIME: 0.213465
SUM: 7400000
THREADS: 74
COUNT PER THREAD: 100000
SLOOPY VALUE: 256
TIME: 0.219603
SUM: 7400000
THREADS: 74
COUNT PER THREAD: 100000
SLOOPY VALUE: 256
TIME: 0.226550
SUM: 7400000
THREADS: 74
COUNT PER THREAD: 100000
SLOOPY VALUE: 256
TIME: 0.214129
SUM: 7400000
THREADS: 74
COUNT PER THREAD: 100000
SLOOPY VALUE: 256
TIME: 0.211586
SUM: 7400000
THREADS: 74
COUNT PER THREAD: 100000
SLOOPY VALUE: 256
TIME: 0.221590
SUM: 7400000
THREADS: 75
COUNT PER THREAD: 100000
SLOOPY VALUE: 256
TIME: 0.207356
SUM: 7500000
THREADS: 75
COUNT PER THREAD: 100000
SLOOPY VALUE: 256
TIME: 0.231073
SUM: 7500000
THREADS: 75
COUNT PER THREAD: 100000
SLOOPY VALUE: 256
TIME: 0.220344
SUM: 7500000
THREADS: 75
COUNT PER THREAD: 100000
SLOOPY VALUE: 256
TIME: 0.216299
SUM: 7500000
THREADS: 75
COUNT PER THREAD: 100000
SLOOPY VALUE: 256
TIME: 0.222713
SUM: 7500000
THREADS: 75
COUNT PER THREAD: 100000
SLOOPY VALUE: 256
TIME: 0.209748
SUM: 7500000
THREADS: 75
COUNT PER THREAD: 100000
SLOOPY VALUE: 256
TIME: 0.211038
SUM: 7500000
THREADS: 75
COUNT PER THREAD: 100000
SLOOPY VALUE: 256
TIME: 0.239122
SUM: 7500000
THREADS: 75
COUNT PER THREAD: 100000
SLOOPY VALUE: 256
TIME: 0.216693
SUM: 7500000
THREADS: 75
COUNT PER THREAD: 100000
SLOOPY VALUE: 256
TIME: 0.204088
SUM: 7500000
THREADS: 76
COUNT PER THREAD: 100000
SLOOPY VALUE: 256
TIME: 0.198807
SUM: 7600000
THREADS: 76
COUNT PER THREAD: 100000
SLOOPY VALUE: 256
TIME: 0.200403
SUM: 7600000
THREADS: 76
COUNT PER THREAD: 100000
SLOOPY VALUE: 256
TIME: 0.200029
SUM: 7600000
THREADS: 76
COUNT PER THREAD: 100000
SLOOPY VALUE: 256
TIME: 0.200117
SUM: 7600000
THREADS: 76
COUNT PER THREAD: 100000
SLOOPY VALUE: 256
TIME: 0.200778
SUM: 7600000
THREADS: 76
COUNT PER THREAD: 100000
SLOOPY VALUE: 256
TIME: 0.197633
SUM: 7600000
THREADS: 76
COUNT PER THREAD: 100000
SLOOPY VALUE: 256
TIME: 0.199564
SUM: 7600000
THREADS: 76
COUNT PER THREAD: 100000
SLOOPY VALUE: 256
TIME: 0.199099
SUM: 7600000
THREADS: 76
COUNT PER THREAD: 100000
SLOOPY VALUE: 256
TIME: 0.196793
SUM: 7600000
THREADS: 76
COUNT PER THREAD: 100000
SLOOPY VALUE: 256
TIME: 0.212505
SUM: 7600000
THREADS: 77
COUNT PER THREAD: 100000
SLOOPY VALUE: 256
TIME: 0.203120
SUM: 7700000
THREADS: 77
COUNT PER THREAD: 100000
SLOOPY VALUE: 256
TIME: 0.205294
SUM: 7700000
THREADS: 77
COUNT PER THREAD: 100000
SLOOPY VALUE: 256
TIME: 0.210006
SUM: 7700000
THREADS: 77
COUNT PER THREAD: 100000
SLOOPY VALUE: 256
TIME: 0.202769
SUM: 7700000
THREADS: 77
COUNT PER THREAD: 100000
SLOOPY VALUE: 256
TIME: 0.205462
SUM: 7700000
THREADS: 77
COUNT PER THREAD: 100000
SLOOPY VALUE: 256
TIME: 0.198648
SUM: 7700000
THREADS: 77
COUNT PER THREAD: 100000
SLOOPY VALUE: 256
TIME: 0.208472
SUM: 7700000
THREADS: 77
COUNT PER THREAD: 100000
SLOOPY VALUE: 256
TIME: 0.212340
SUM: 7700000
THREADS: 77
COUNT PER THREAD: 100000
SLOOPY VALUE: 256
TIME: 0.204739
SUM: 7700000
THREADS: 77
COUNT PER THREAD: 100000
SLOOPY VALUE: 256
TIME: 0.213989
SUM: 7700000
THREADS: 78
COUNT PER THREAD: 100000
SLOOPY VALUE: 256
TIME: 0.208938
SUM: 7800000
THREADS: 78
COUNT PER THREAD: 100000
SLOOPY VALUE: 256
TIME: 0.209680
SUM: 7800000
THREADS: 78
COUNT PER THREAD: 100000
SLOOPY VALUE: 256
TIME: 0.205628
SUM: 7800000
THREADS: 78
COUNT PER THREAD: 100000
SLOOPY VALUE: 256
TIME: 0.208091
SUM: 7800000
THREADS: 78
COUNT PER THREAD: 100000
SLOOPY VALUE: 256
TIME: 0.223260
SUM: 7800000
THREADS: 78
COUNT PER THREAD: 100000
SLOOPY VALUE: 256
TIME: 0.206537
SUM: 7800000
THREADS: 78
COUNT PER THREAD: 100000
SLOOPY VALUE: 256
TIME: 0.206936
SUM: 7800000
THREADS: 78
COUNT PER THREAD: 100000
SLOOPY VALUE: 256
TIME: 0.211747
SUM: 7800000
THREADS: 78
COUNT PER THREAD: 100000
SLOOPY VALUE: 256
TIME: 0.213934
SUM: 7800000
THREADS: 78
COUNT PER THREAD: 100000
SLOOPY VALUE: 256
TIME: 0.221876
SUM: 7800000
THREADS: 79
COUNT PER THREAD: 100000
SLOOPY VALUE: 256
TIME: 0.236316
SUM: 7900000
THREADS: 79
COUNT PER THREAD: 100000
SLOOPY VALUE: 256
TIME: 0.226660
SUM: 7900000
THREADS: 79
COUNT PER THREAD: 100000
SLOOPY VALUE: 256
TIME: 0.247531
SUM: 7900000
THREADS: 79
COUNT PER THREAD: 100000
SLOOPY VALUE: 256
TIME: 0.243630
SUM: 7900000
THREADS: 79
COUNT PER THREAD: 100000
SLOOPY VALUE: 256
TIME: 0.244222
SUM: 7900000
THREADS: 79
COUNT PER THREAD: 100000
SLOOPY VALUE: 256
TIME: 0.235872
SUM: 7900000
THREADS: 79
COUNT PER THREAD: 100000
SLOOPY VALUE: 256
TIME: 0.247368
SUM: 7900000
THREADS: 79
COUNT PER THREAD: 100000
SLOOPY VALUE: 256
TIME: 0.221090
SUM: 7900000
THREADS: 79
COUNT PER THREAD: 100000
SLOOPY VALUE: 256
TIME: 0.234642
SUM: 7900000
THREADS: 79
COUNT PER THREAD: 100000
SLOOPY VALUE: 256
TIME: 0.233767
SUM: 7900000
THREADS: 80
COUNT PER THREAD: 100000
SLOOPY VALUE: 256
TIME: 0.208420
SUM: 8000000
THREADS: 80
COUNT PER THREAD: 100000
SLOOPY VALUE: 256
TIME: 0.210905
SUM: 8000000
THREADS: 80
COUNT PER THREAD: 100000
SLOOPY VALUE: 256
TIME: 0.220482
SUM: 8000000
THREADS: 80
COUNT PER THREAD: 100000
SLOOPY VALUE: 256
TIME: 0.209086
SUM: 8000000
THREADS: 80
COUNT PER THREAD: 100000
SLOOPY VALUE: 256
TIME: 0.204528
SUM: 8000000
THREADS: 80
COUNT PER THREAD: 100000
SLOOPY VALUE: 256
TIME: 0.205438
SUM: 8000000
THREADS: 80
COUNT PER THREAD: 100000
SLOOPY VALUE: 256
TIME: 0.211848
SUM: 8000000
THREADS: 80
COUNT PER THREAD: 100000
SLOOPY VALUE: 256
TIME: 0.204835
SUM: 8000000
THREADS: 80
COUNT PER THREAD: 100000
SLOOPY VALUE: 256
TIME: 0.208370
SUM: 8000000
THREADS: 80
COUNT PER THREAD: 100000
SLOOPY VALUE: 256
TIME: 0.212453
SUM: 8000000
THREADS: 81
COUNT PER THREAD: 100000
SLOOPY VALUE: 256
TIME: 0.229545
SUM: 8100000
THREADS: 81
COUNT PER THREAD: 100000
SLOOPY VALUE: 256
TIME: 0.228133
SUM: 8100000
THREADS: 81
COUNT PER THREAD: 100000
SLOOPY VALUE: 256
TIME: 0.212558
SUM: 8100000
THREADS: 81
COUNT PER THREAD: 100000
SLOOPY VALUE: 256
TIME: 0.224333
SUM: 8100000
THREADS: 81
COUNT PER THREAD: 100000
SLOOPY VALUE: 256
TIME: 0.223836
SUM: 8100000
THREADS: 81
COUNT PER THREAD: 100000
SLOOPY VALUE: 256
TIME: 0.233144
SUM: 8100000
THREADS: 81
COUNT PER THREAD: 100000
SLOOPY VALUE: 256
TIME: 0.214457
SUM: 8100000
THREADS: 81
COUNT PER THREAD: 100000
SLOOPY VALUE: 256
TIME: 0.209844
SUM: 8100000
THREADS: 81
COUNT PER THREAD: 100000
SLOOPY VALUE: 256
TIME: 0.219205
SUM: 8100000
THREADS: 81
COUNT PER THREAD: 100000
SLOOPY VALUE: 256
TIME: 0.220705
SUM: 8100000
THREADS: 82
COUNT PER THREAD: 100000
SLOOPY VALUE: 256
TIME: 0.242508
SUM: 8200000
THREADS: 82
COUNT PER THREAD: 100000
SLOOPY VALUE: 256
TIME: 0.259556
SUM: 8200000
THREADS: 82
COUNT PER THREAD: 100000
SLOOPY VALUE: 256
TIME: 0.243254
SUM: 8200000
THREADS: 82
COUNT PER THREAD: 100000
SLOOPY VALUE: 256
TIME: 0.223013
SUM: 8200000
THREADS: 82
COUNT PER THREAD: 100000
SLOOPY VALUE: 256
TIME: 0.249291
SUM: 8200000
THREADS: 82
COUNT PER THREAD: 100000
SLOOPY VALUE: 256
TIME: 0.245660
SUM: 8200000
THREADS: 82
COUNT PER THREAD: 100000
SLOOPY VALUE: 256
TIME: 0.252633
SUM: 8200000
THREADS: 82
COUNT PER THREAD: 100000
SLOOPY VALUE: 256
TIME: 0.254499
SUM: 8200000
THREADS: 82
COUNT PER THREAD: 100000
SLOOPY VALUE: 256
TIME: 0.258478
SUM: 8200000
THREADS: 82
COUNT PER THREAD: 100000
SLOOPY VALUE: 256
TIME: 0.232951
SUM: 8200000
THREADS: 83
COUNT PER THREAD: 100000
SLOOPY VALUE: 256
TIME: 0.229995
SUM: 8300000
THREADS: 83
COUNT PER THREAD: 100000
SLOOPY VALUE: 256
TIME: 0.233312
SUM: 8300000
THREADS: 83
COUNT PER THREAD: 100000
SLOOPY VALUE: 256
TIME: 0.228733
SUM: 8300000
THREADS: 83
COUNT PER THREAD: 100000
SLOOPY VALUE: 256
TIME: 0.226455
SUM: 8300000
THREADS: 83
COUNT PER THREAD: 100000
SLOOPY VALUE: 256
TIME: 0.230571
SUM: 8300000
THREADS: 83
COUNT PER THREAD: 100000
SLOOPY VALUE: 256
TIME: 0.222717
SUM: 8300000
THREADS: 83
COUNT PER THREAD: 100000
SLOOPY VALUE: 256
TIME: 0.225516
SUM: 8300000
THREADS: 83
COUNT PER THREAD: 100000
SLOOPY VALUE: 256
TIME: 0.243048
SUM: 8300000
THREADS: 83
COUNT PER THREAD: 100000
SLOOPY VALUE: 256
TIME: 0.229139
SUM: 8300000
THREADS: 83
COUNT PER THREAD: 100000
SLOOPY VALUE: 256
TIME: 0.231115
SUM: 8300000
THREADS: 84
COUNT PER THREAD: 100000
SLOOPY VALUE: 256
TIME: 0.230373
SUM: 8400000
THREADS: 84
COUNT PER THREAD: 100000
SLOOPY VALUE: 256
TIME: 0.226826
SUM: 8400000
THREADS: 84
COUNT PER THREAD: 100000
SLOOPY VALUE: 256
TIME: 0.230977
SUM: 8400000
THREADS: 84
COUNT PER THREAD: 100000
SLOOPY VALUE: 256
TIME: 0.249659
SUM: 8400000
THREADS: 84
COUNT PER THREAD: 100000
SLOOPY VALUE: 256
TIME: 0.222847
SUM: 8400000
THREADS: 84
COUNT PER THREAD: 100000
SLOOPY VALUE: 256
TIME: 0.225937
SUM: 8400000
THREADS: 84
COUNT PER THREAD: 100000
SLOOPY VALUE: 256
TIME: 0.242979
SUM: 8400000
THREADS: 84
COUNT PER THREAD: 100000
SLOOPY VALUE: 256
TIME: 0.228684
SUM: 8400000
THREADS: 84
COUNT PER THREAD: 100000
SLOOPY VALUE: 256
TIME: 0.243365
SUM: 8400000
THREADS: 84
COUNT PER THREAD: 100000
SLOOPY VALUE: 256
TIME: 0.228746
SUM: 8400000
THREADS: 85
COUNT PER THREAD: 100000
SLOOPY VALUE: 256
TIME: 0.240489
SUM: 8500000
THREADS: 85
COUNT PER THREAD: 100000
SLOOPY VALUE: 256
TIME: 0.237642
SUM: 8500000
THREADS: 85
COUNT PER THREAD: 100000
SLOOPY VALUE: 256
TIME: 0.231500
SUM: 8500000
THREADS: 85
COUNT PER THREAD: 100000
SLOOPY VALUE: 256
TIME: 0.233603
SUM: 8500000
THREADS: 85
COUNT PER THREAD: 100000
SLOOPY VALUE: 256
TIME: 0.233998
SUM: 8500000
THREADS: 85
COUNT PER THREAD: 100000
SLOOPY VALUE: 256
TIME: 0.242223
SUM: 8500000
THREADS: 85
COUNT PER THREAD: 100000
SLOOPY VALUE: 256
TIME: 0.233221
SUM: 8500000
THREADS: 85
COUNT PER THREAD: 100000
SLOOPY VALUE: 256
TIME: 0.235091
SUM: 8500000
THREADS: 85
COUNT PER THREAD: 100000
SLOOPY VALUE: 256
TIME: 0.218775
SUM: 8500000
THREADS: 85
COUNT PER THREAD: 100000
SLOOPY VALUE: 256
TIME: 0.226726
SUM: 8500000
THREADS: 86
COUNT PER THREAD: 100000
SLOOPY VALUE: 256
TIME: 0.280495
SUM: 8600000
THREADS: 86
COUNT PER THREAD: 100000
SLOOPY VALUE: 256
TIME: 0.241587
SUM: 8600000
THREADS: 86
COUNT PER THREAD: 100000
SLOOPY VALUE: 256
TIME: 0.257429
SUM: 8600000
THREADS: 86
COUNT PER THREAD: 100000
SLOOPY VALUE: 256
TIME: 0.233476
SUM: 8600000
THREADS: 86
COUNT PER THREAD: 100000
SLOOPY VALUE: 256
TIME: 0.231579
SUM: 8600000
THREADS: 86
COUNT PER THREAD: 100000
SLOOPY VALUE: 256
TIME: 0.295560
SUM: 8600000
THREADS: 86
COUNT PER THREAD: 100000
SLOOPY VALUE: 256
TIME: 0.284617
SUM: 8600000
THREADS: 86
COUNT PER THREAD: 100000
SLOOPY VALUE: 256
TIME: 0.487669
SUM: 8600000
THREADS: 86
COUNT PER THREAD: 100000
SLOOPY VALUE: 256
TIME: 0.750398
SUM: 8600000
THREADS: 86
COUNT PER THREAD: 100000
SLOOPY VALUE: 256
TIME: 0.337997
SUM: 8600000
THREADS: 87
COUNT PER THREAD: 100000
SLOOPY VALUE: 256
TIME: 0.227689
SUM: 8700000
THREADS: 87
COUNT PER THREAD: 100000
SLOOPY VALUE: 256
TIME: 0.230262
SUM: 8700000
THREADS: 87
COUNT PER THREAD: 100000
SLOOPY VALUE: 256
TIME: 0.233609
SUM: 8700000
THREADS: 87
COUNT PER THREAD: 100000
SLOOPY VALUE: 256
TIME: 0.229907
SUM: 8700000
THREADS: 87
COUNT PER THREAD: 100000
SLOOPY VALUE: 256
TIME: 0.237392
SUM: 8700000
THREADS: 87
COUNT PER THREAD: 100000
SLOOPY VALUE: 256
TIME: 0.234418
SUM: 8700000
THREADS: 87
COUNT PER THREAD: 100000
SLOOPY VALUE: 256
TIME: 0.227926
SUM: 8700000
THREADS: 87
COUNT PER THREAD: 100000
SLOOPY VALUE: 256
TIME: 0.236572
SUM: 8700000
THREADS: 87
COUNT PER THREAD: 100000
SLOOPY VALUE: 256
TIME: 0.233013
SUM: 8700000
THREADS: 87
COUNT PER THREAD: 100000
SLOOPY VALUE: 256
TIME: 0.229430
SUM: 8700000
THREADS: 88
COUNT PER THREAD: 100000
SLOOPY VALUE: 256
TIME: 0.231575
SUM: 8800000
THREADS: 88
COUNT PER THREAD: 100000
SLOOPY VALUE: 256
TIME: 0.226524
SUM: 8800000
THREADS: 88
COUNT PER THREAD: 100000
SLOOPY VALUE: 256
TIME: 0.234981
SUM: 8800000
THREADS: 88
COUNT PER THREAD: 100000
SLOOPY VALUE: 256
TIME: 0.232657
SUM: 8800000
THREADS: 88
COUNT PER THREAD: 100000
SLOOPY VALUE: 256
TIME: 0.236045
SUM: 8800000
THREADS: 88
COUNT PER THREAD: 100000
SLOOPY VALUE: 256
TIME: 0.225502
SUM: 8800000
THREADS: 88
COUNT PER THREAD: 100000
SLOOPY VALUE: 256
TIME: 0.224459
SUM: 8800000
THREADS: 88
COUNT PER THREAD: 100000
SLOOPY VALUE: 256
TIME: 0.223266
SUM: 8800000
THREADS: 88
COUNT PER THREAD: 100000
SLOOPY VALUE: 256
TIME: 0.224282
SUM: 8800000
THREADS: 88
COUNT PER THREAD: 100000
SLOOPY VALUE: 256
TIME: 0.224112
SUM: 8800000
THREADS: 89
COUNT PER THREAD: 100000
SLOOPY VALUE: 256
TIME: 0.233591
SUM: 8900000
THREADS: 89
COUNT PER THREAD: 100000
SLOOPY VALUE: 256
TIME: 0.233284
SUM: 8900000
THREADS: 89
COUNT PER THREAD: 100000
SLOOPY VALUE: 256
TIME: 0.239634
SUM: 8900000
THREADS: 89
COUNT PER THREAD: 100000
SLOOPY VALUE: 256
TIME: 0.227106
SUM: 8900000
THREADS: 89
COUNT PER THREAD: 100000
SLOOPY VALUE: 256
TIME: 0.233391
SUM: 8900000
THREADS: 89
COUNT PER THREAD: 100000
SLOOPY VALUE: 256
TIME: 0.255279
SUM: 8900000
THREADS: 89
COUNT PER THREAD: 100000
SLOOPY VALUE: 256
TIME: 0.229167
SUM: 8900000
THREADS: 89
COUNT PER THREAD: 100000
SLOOPY VALUE: 256
TIME: 0.227752
SUM: 8900000
THREADS: 89
COUNT PER THREAD: 100000
SLOOPY VALUE: 256
TIME: 0.232586
SUM: 8900000
THREADS: 89
COUNT PER THREAD: 100000
SLOOPY VALUE: 256
TIME: 0.235359
SUM: 8900000
THREADS: 90
COUNT PER THREAD: 100000
SLOOPY VALUE: 256
TIME: 0.232089
SUM: 9000000
THREADS: 90
COUNT PER THREAD: 100000
SLOOPY VALUE: 256
TIME: 0.235178
SUM: 9000000
THREADS: 90
COUNT PER THREAD: 100000
SLOOPY VALUE: 256
TIME: 0.231088
SUM: 9000000
THREADS: 90
COUNT PER THREAD: 100000
SLOOPY VALUE: 256
TIME: 0.232579
SUM: 9000000
THREADS: 90
COUNT PER THREAD: 100000
SLOOPY VALUE: 256
TIME: 0.237379
SUM: 9000000
THREADS: 90
COUNT PER THREAD: 100000
SLOOPY VALUE: 256
TIME: 0.235327
SUM: 9000000
THREADS: 90
COUNT PER THREAD: 100000
SLOOPY VALUE: 256
TIME: 0.227794
SUM: 9000000
THREADS: 90
COUNT PER THREAD: 100000
SLOOPY VALUE: 256
TIME: 0.232631
SUM: 9000000
THREADS: 90
COUNT PER THREAD: 100000
SLOOPY VALUE: 256
TIME: 0.229474
SUM: 9000000
THREADS: 90
COUNT PER THREAD: 100000
SLOOPY VALUE: 256
TIME: 0.240570
SUM: 9000000
THREADS: 91
COUNT PER THREAD: 100000
SLOOPY VALUE: 256
TIME: 0.235983
SUM: 9100000
THREADS: 91
COUNT PER THREAD: 100000
SLOOPY VALUE: 256
TIME: 0.237766
SUM: 9100000
THREADS: 91
COUNT PER THREAD: 100000
SLOOPY VALUE: 256
TIME: 0.230509
SUM: 9100000
THREADS: 91
COUNT PER THREAD: 100000
SLOOPY VALUE: 256
TIME: 0.229218
SUM: 9100000
THREADS: 91
COUNT PER THREAD: 100000
SLOOPY VALUE: 256
TIME: 0.237197
SUM: 9100000
THREADS: 91
COUNT PER THREAD: 100000
SLOOPY VALUE: 256
TIME: 0.232256
SUM: 9100000
THREADS: 91
COUNT PER THREAD: 100000
SLOOPY VALUE: 256
TIME: 0.235267
SUM: 9100000
THREADS: 91
COUNT PER THREAD: 100000
SLOOPY VALUE: 256
TIME: 0.230652
SUM: 9100000
THREADS: 91
COUNT PER THREAD: 100000
SLOOPY VALUE: 256
TIME: 0.229864
SUM: 9100000
THREADS: 91
COUNT PER THREAD: 100000
SLOOPY VALUE: 256
TIME: 0.232727
SUM: 9100000
THREADS: 92
COUNT PER THREAD: 100000
SLOOPY VALUE: 256
TIME: 0.234908
SUM: 9200000
THREADS: 92
COUNT PER THREAD: 100000
SLOOPY VALUE: 256
TIME: 0.233857
SUM: 9200000
THREADS: 92
COUNT PER THREAD: 100000
SLOOPY VALUE: 256
TIME: 0.239466
SUM: 9200000
THREADS: 92
COUNT PER THREAD: 100000
SLOOPY VALUE: 256
TIME: 0.239766
SUM: 9200000
THREADS: 92
COUNT PER THREAD: 100000
SLOOPY VALUE: 256
TIME: 0.237235
SUM: 9200000
THREADS: 92
COUNT PER THREAD: 100000
SLOOPY VALUE: 256
TIME: 0.236859
SUM: 9200000
THREADS: 92
COUNT PER THREAD: 100000
SLOOPY VALUE: 256
TIME: 0.238662
SUM: 9200000
THREADS: 92
COUNT PER THREAD: 100000
SLOOPY VALUE: 256
TIME: 0.239731
SUM: 9200000
THREADS: 92
COUNT PER THREAD: 100000
SLOOPY VALUE: 256
TIME: 0.237185
SUM: 9200000
THREADS: 92
COUNT PER THREAD: 100000
SLOOPY VALUE: 256
TIME: 0.240025
SUM: 9200000
THREADS: 93
COUNT PER THREAD: 100000
SLOOPY VALUE: 256
TIME: 0.256734
SUM: 9300000
THREADS: 93
COUNT PER THREAD: 100000
SLOOPY VALUE: 256
TIME: 0.251158
SUM: 9300000
THREADS: 93
COUNT PER THREAD: 100000
SLOOPY VALUE: 256
TIME: 0.252477
SUM: 9300000
THREADS: 93
COUNT PER THREAD: 100000
SLOOPY VALUE: 256
TIME: 0.241337
SUM: 9300000
THREADS: 93
COUNT PER THREAD: 100000
SLOOPY VALUE: 256
TIME: 0.237584
SUM: 9300000
THREADS: 93
COUNT PER THREAD: 100000
SLOOPY VALUE: 256
TIME: 0.244649
SUM: 9300000
THREADS: 93
COUNT PER THREAD: 100000
SLOOPY VALUE: 256
TIME: 0.255283
SUM: 9300000
THREADS: 93
COUNT PER THREAD: 100000
SLOOPY VALUE: 256
TIME: 0.253714
SUM: 9300000
THREADS: 93
COUNT PER THREAD: 100000
SLOOPY VALUE: 256
TIME: 0.253585
SUM: 9300000
THREADS: 93
COUNT PER THREAD: 100000
SLOOPY VALUE: 256
TIME: 0.240276
SUM: 9300000
THREADS: 94
COUNT PER THREAD: 100000
SLOOPY VALUE: 256
TIME: 0.244453
SUM: 9400000
THREADS: 94
COUNT PER THREAD: 100000
SLOOPY VALUE: 256
TIME: 0.241670
SUM: 9400000
THREADS: 94
COUNT PER THREAD: 100000
SLOOPY VALUE: 256
TIME: 0.241851
SUM: 9400000
THREADS: 94
COUNT PER THREAD: 100000
SLOOPY VALUE: 256
TIME: 0.240760
SUM: 9400000
THREADS: 94
COUNT PER THREAD: 100000
SLOOPY VALUE: 256
TIME: 0.238715
SUM: 9400000
THREADS: 94
COUNT PER THREAD: 100000
SLOOPY VALUE: 256
TIME: 0.240299
SUM: 9400000
THREADS: 94
COUNT PER THREAD: 100000
SLOOPY VALUE: 256
TIME: 0.239580
SUM: 9400000
THREADS: 94
COUNT PER THREAD: 100000
SLOOPY VALUE: 256
TIME: 0.239396
SUM: 9400000
THREADS: 94
COUNT PER THREAD: 100000
SLOOPY VALUE: 256
TIME: 0.253372
SUM: 9400000
THREADS: 94
COUNT PER THREAD: 100000
SLOOPY VALUE: 256
TIME: 0.244701
SUM: 9400000
THREADS: 95
COUNT PER THREAD: 100000
SLOOPY VALUE: 256
TIME: 0.248851
SUM: 9500000
THREADS: 95
COUNT PER THREAD: 100000
SLOOPY VALUE: 256
TIME: 0.249962
SUM: 9500000
THREADS: 95
COUNT PER THREAD: 100000
SLOOPY VALUE: 256
TIME: 0.253861
SUM: 9500000
THREADS: 95
COUNT PER THREAD: 100000
SLOOPY VALUE: 256
TIME: 0.256304
SUM: 9500000
THREADS: 95
COUNT PER THREAD: 100000
SLOOPY VALUE: 256
TIME: 0.285234
SUM: 9500000
THREADS: 95
COUNT PER THREAD: 100000
SLOOPY VALUE: 256
TIME: 0.268140
SUM: 9500000
THREADS: 95
COUNT PER THREAD: 100000
SLOOPY VALUE: 256
TIME: 0.275979
SUM: 9500000
THREADS: 95
COUNT PER THREAD: 100000
SLOOPY VALUE: 256
TIME: 0.309786
SUM: 9500000
THREADS: 95
COUNT PER THREAD: 100000
SLOOPY VALUE: 256
TIME: 0.342775
SUM: 9500000
THREADS: 95
COUNT PER THREAD: 100000
SLOOPY VALUE: 256
TIME: 0.310179
SUM: 9500000
THREADS: 96
COUNT PER THREAD: 100000
SLOOPY VALUE: 256
TIME: 0.266936
SUM: 9600000
THREADS: 96
COUNT PER THREAD: 100000
SLOOPY VALUE: 256
TIME: 0.269284
SUM: 9600000
THREADS: 96
COUNT PER THREAD: 100000
SLOOPY VALUE: 256
TIME: 0.275274
SUM: 9600000
THREADS: 96
COUNT PER THREAD: 100000
SLOOPY VALUE: 256
TIME: 0.275244
SUM: 9600000
THREADS: 96
COUNT PER THREAD: 100000
SLOOPY VALUE: 256
TIME: 0.259771
SUM: 9600000
THREADS: 96
COUNT PER THREAD: 100000
SLOOPY VALUE: 256
TIME: 0.260096
SUM: 9600000
THREADS: 96
COUNT PER THREAD: 100000
SLOOPY VALUE: 256
TIME: 0.253173
SUM: 9600000
THREADS: 96
COUNT PER THREAD: 100000
SLOOPY VALUE: 256
TIME: 0.285068
SUM: 9600000
THREADS: 96
COUNT PER THREAD: 100000
SLOOPY VALUE: 256
TIME: 0.253864
SUM: 9600000
THREADS: 96
COUNT PER THREAD: 100000
SLOOPY VALUE: 256
TIME: 0.249211
SUM: 9600000
THREADS: 97
COUNT PER THREAD: 100000
SLOOPY VALUE: 256
TIME: 0.248186
SUM: 9700000
THREADS: 97
COUNT PER THREAD: 100000
SLOOPY VALUE: 256
TIME: 0.246524
SUM: 9700000
THREADS: 97
COUNT PER THREAD: 100000
SLOOPY VALUE: 256
TIME: 0.253898
SUM: 9700000
THREADS: 97
COUNT PER THREAD: 100000
SLOOPY VALUE: 256
TIME: 0.250687
SUM: 9700000
THREADS: 97
COUNT PER THREAD: 100000
SLOOPY VALUE: 256
TIME: 0.250759
SUM: 9700000
THREADS: 97
COUNT PER THREAD: 100000
SLOOPY VALUE: 256
TIME: 0.246950
SUM: 9700000
THREADS: 97
COUNT PER THREAD: 100000
SLOOPY VALUE: 256
TIME: 0.252927
SUM: 9700000
THREADS: 97
COUNT PER THREAD: 100000
SLOOPY VALUE: 256
TIME: 0.255077
SUM: 9700000
THREADS: 97
COUNT PER THREAD: 100000
SLOOPY VALUE: 256
TIME: 0.252369
SUM: 9700000
THREADS: 97
COUNT PER THREAD: 100000
SLOOPY VALUE: 256
TIME: 0.258828
SUM: 9700000
THREADS: 98
COUNT PER THREAD: 100000
SLOOPY VALUE: 256
TIME: 0.307579
SUM: 9800000
THREADS: 98
COUNT PER THREAD: 100000
SLOOPY VALUE: 256
TIME: 0.284658
SUM: 9800000
THREADS: 98
COUNT PER THREAD: 100000
SLOOPY VALUE: 256
TIME: 0.294463
SUM: 9800000
THREADS: 98
COUNT PER THREAD: 100000
SLOOPY VALUE: 256
TIME: 0.287673
SUM: 9800000
THREADS: 98
COUNT PER THREAD: 100000
SLOOPY VALUE: 256
TIME: 0.267455
SUM: 9800000
THREADS: 98
COUNT PER THREAD: 100000
SLOOPY VALUE: 256
TIME: 0.292559
SUM: 9800000
THREADS: 98
COUNT PER THREAD: 100000
SLOOPY VALUE: 256
TIME: 0.272365
SUM: 9800000
THREADS: 98
COUNT PER THREAD: 100000
SLOOPY VALUE: 256
TIME: 0.265992
SUM: 9800000
THREADS: 98
COUNT PER THREAD: 100000
SLOOPY VALUE: 256
TIME: 0.279263
SUM: 9800000
THREADS: 98
COUNT PER THREAD: 100000
SLOOPY VALUE: 256
TIME: 0.300227
SUM: 9800000
THREADS: 99
COUNT PER THREAD: 100000
SLOOPY VALUE: 256
TIME: 0.252222
SUM: 9900000
THREADS: 99
COUNT PER THREAD: 100000
SLOOPY VALUE: 256
TIME: 0.257642
SUM: 9900000
THREADS: 99
COUNT PER THREAD: 100000
SLOOPY VALUE: 256
TIME: 0.255149
SUM: 9900000
THREADS: 99
COUNT PER THREAD: 100000
SLOOPY VALUE: 256
TIME: 0.253307
SUM: 9900000
THREADS: 99
COUNT PER THREAD: 100000
SLOOPY VALUE: 256
TIME: 0.262161
SUM: 9900000
THREADS: 99
COUNT PER THREAD: 100000
SLOOPY VALUE: 256
TIME: 0.264662
SUM: 9900000
THREADS: 99
COUNT PER THREAD: 100000
SLOOPY VALUE: 256
TIME: 0.299111
SUM: 9900000
THREADS: 99
COUNT PER THREAD: 100000
SLOOPY VALUE: 256
TIME: 0.319888
SUM: 9900000
THREADS: 99
COUNT PER THREAD: 100000
SLOOPY VALUE: 256
TIME: 0.309073
SUM: 9900000
THREADS: 99
COUNT PER THREAD: 100000
SLOOPY VALUE: 256
TIME: 0.271649
SUM: 9900000
THREADS: 100
COUNT PER THREAD: 100000
SLOOPY VALUE: 256
TIME: 0.289427
SUM: 10000000
THREADS: 100
COUNT PER THREAD: 100000
SLOOPY VALUE: 256
TIME: 0.306616
SUM: 10000000
THREADS: 100
COUNT PER THREAD: 100000
SLOOPY VALUE: 256
TIME: 0.292225
SUM: 10000000
THREADS: 100
COUNT PER THREAD: 100000
SLOOPY VALUE: 256
TIME: 0.261913
SUM: 10000000
THREADS: 100
COUNT PER THREAD: 100000
SLOOPY VALUE: 256
TIME: 0.253822
SUM: 10000000
THREADS: 100
COUNT PER THREAD: 100000
SLOOPY VALUE: 256
TIME: 0.256153
SUM: 10000000
THREADS: 100
COUNT PER THREAD: 100000
SLOOPY VALUE: 256
TIME: 0.308060
SUM: 10000000
THREADS: 100
COUNT PER THREAD: 100000
SLOOPY VALUE: 256
TIME: 0.286887
SUM: 10000000
THREADS: 100
COUNT PER THREAD: 100000
SLOOPY VALUE: 256
TIME: 0.285954
SUM: 10000000
THREADS: 100
COUNT PER THREAD: 100000
SLOOPY VALUE: 256
TIME: 0.281787
SUM: 10000000
